[0.070s] Invoking command in '/home/jetson/ros-workspace/build/ouster_ros': AMENT_PREFIX_PATH=/home/jetson/ros-workspace/install/ouster_srvs:/home/jetson/ros-workspace/install/ouster_msgs:${AMENT_PREFIX_PATH} CMAKE_PREFIX_PATH=/home/jetson/ros-workspace/install/ouster_srvs:/home/jetson/ros-workspace/install/ouster_msgs:.local/lib/python3.8/site-packages/:/opt/ros/foxy LD_LIBRARY_PATH=/home/jetson/ros-workspace/install/ouster_srvs/lib:/home/jetson/ros-workspace/install/ouster_msgs/lib:/opt/ros/foxy/opt/yaml_cpp_vendor/lib:/opt/ros/foxy/opt/rviz_ogre_vendor/lib:/opt/ros/foxy/lib/aarch64-linux-gnu:/opt/ros/foxy/lib:/usr/local/cuda-11.4/lib64 PYTHONPATH=/home/jetson/ros-workspace/install/ouster_srvs/lib/python3.8/site-packages:/home/jetson/ros-workspace/install/ouster_msgs/lib/python3.8/site-packages:${PYTHONPATH} /usr/bin/cmake /home/jetson/ros-workspace/src/ouster-ros/ouster-ros -DCMAKE_BUILD_TYPE=Release -DAMENT_CMAKE_SYMLINK_INSTALL=1 -DCMAKE_INSTALL_PREFIX=/home/jetson/ros-workspace/install/ouster_ros
[0.100s] CMake Error at CMakeLists.txt:4 (include):
[0.101s]   include could not find load file:
[0.101s] 
[0.101s]     DefaultBuildType
[0.102s] 
[0.102s] 
[0.123s] -- Found ament_cmake: 0.9.11 (/opt/ros/foxy/share/ament_cmake/cmake)
[0.212s] -- Using PYTHON_EXECUTABLE: /usr/bin/python3
[0.866s] -- Override CMake install command with custom implementation using symlinks instead of copying resources
[0.896s] -- Found rclcpp: 2.4.2 (/opt/ros/foxy/share/rclcpp/cmake)
[1.022s] -- Using all available rosidl_typesupport_c: rosidl_typesupport_fastrtps_c;rosidl_typesupport_introspection_c
[1.036s] -- Found rosidl_adapter: 1.3.0 (/opt/ros/foxy/share/rosidl_adapter/cmake)
[1.485s] -- Using all available rosidl_typesupport_cpp: rosidl_typesupport_fastrtps_cpp;rosidl_typesupport_introspection_cpp
[1.679s] -- Found rmw_implementation_cmake: 1.0.4 (/opt/ros/foxy/share/rmw_implementation_cmake/cmake)
[1.684s] -- Using RMW implementation 'rmw_fastrtps_cpp' as default
[2.198s] -- Found rclcpp_components: 2.4.2 (/opt/ros/foxy/share/rclcpp_components/cmake)
[2.391s] -- Found rclcpp_lifecycle: 2.4.2 (/opt/ros/foxy/share/rclcpp_lifecycle/cmake)
[2.500s] -- Found sensor_msgs: 2.0.5 (/opt/ros/foxy/share/sensor_msgs/cmake)
[2.884s] -- Found ouster_msgs: 0.1.0 (/home/jetson/ros-workspace/install/ouster_msgs/share/ouster_msgs/cmake)
[2.915s] -- Found ouster_srvs: 0.1.0 (/home/jetson/ros-workspace/install/ouster_srvs/share/ouster_srvs/cmake)
[2.946s] -- Found std_srvs: 2.0.5 (/opt/ros/foxy/share/std_srvs/cmake)
[2.980s] -- Found rosidl_default_generators: 1.0.1 (/opt/ros/foxy/share/rosidl_default_generators/cmake)
[3.062s] -- Eigen found (include: /usr/include/eigen3, version: 3.3.7)
[3.102s] -- looking for PCL_COMMON
[3.106s] -- Found pcl_conversions: 2.2.1 (/opt/ros/foxy/share/pcl_conversions/cmake)
[3.628s] -- Found tf2_eigen: 0.13.14 (/opt/ros/foxy/share/tf2_eigen/cmake)
[4.555s] CMake Error at CMakeLists.txt:49 (find_package):
[4.556s]   By not providing "FindOusterSDK.cmake" in CMAKE_MODULE_PATH this project
[4.556s]   has asked CMake to find a package configuration file provided by
[4.556s]   "OusterSDK", but CMake did not find one.
[4.557s] 
[4.557s]   Could not find a package configuration file provided by "OusterSDK" with
[4.557s]   any of the following names:
[4.557s] 
[4.558s]     OusterSDKConfig.cmake
[4.558s]     oustersdk-config.cmake
[4.558s] 
[4.558s]   Add the installation prefix of "OusterSDK" to CMAKE_PREFIX_PATH or set
[4.559s]   "OusterSDK_DIR" to a directory containing one of the above files.  If
[4.559s]   "OusterSDK" provides a separate development package or SDK, be sure it has
[4.559s]   been installed.
[4.559s] 
[4.560s] 
[4.572s] -- Configuring incomplete, errors occurred!
[4.572s] See also "/home/jetson/ros-workspace/build/ouster_ros/CMakeFiles/CMakeOutput.log".
[4.573s] See also "/home/jetson/ros-workspace/build/ouster_ros/CMakeFiles/CMakeError.log".
[4.602s] Invoked command in '/home/jetson/ros-workspace/build/ouster_ros' returned '1': AMENT_PREFIX_PATH=/home/jetson/ros-workspace/install/ouster_srvs:/home/jetson/ros-workspace/install/ouster_msgs:${AMENT_PREFIX_PATH} CMAKE_PREFIX_PATH=/home/jetson/ros-workspace/install/ouster_srvs:/home/jetson/ros-workspace/install/ouster_msgs:.local/lib/python3.8/site-packages/:/opt/ros/foxy LD_LIBRARY_PATH=/home/jetson/ros-workspace/install/ouster_srvs/lib:/home/jetson/ros-workspace/install/ouster_msgs/lib:/opt/ros/foxy/opt/yaml_cpp_vendor/lib:/opt/ros/foxy/opt/rviz_ogre_vendor/lib:/opt/ros/foxy/lib/aarch64-linux-gnu:/opt/ros/foxy/lib:/usr/local/cuda-11.4/lib64 PYTHONPATH=/home/jetson/ros-workspace/install/ouster_srvs/lib/python3.8/site-packages:/home/jetson/ros-workspace/install/ouster_msgs/lib/python3.8/site-packages:${PYTHONPATH} /usr/bin/cmake /home/jetson/ros-workspace/src/ouster-ros/ouster-ros -DCMAKE_BUILD_TYPE=Release -DAMENT_CMAKE_SYMLINK_INSTALL=1 -DCMAKE_INSTALL_PREFIX=/home/jetson/ros-workspace/install/ouster_ros
