[0.044s] Invoking command in '/home/uocav/ros-workspace/build/lio_sam': CMAKE_PREFIX_PATH=${CMAKE_PREFIX_PATH}:/home/uocav/ros-workspace/install/urdf_tutorial_r2d2:/opt/ros/foxy /usr/bin/cmake /home/uocav/ros-workspace/src/LIO-SAM -DCMAKE_BUILD_TYPE=Release -DAMENT_CMAKE_SYMLINK_INSTALL=1 -DCMAKE_INSTALL_PREFIX=/home/uocav/ros-workspace/install/lio_sam
[0.063s] -- Found ament_cmake: 0.9.12 (/opt/ros/foxy/share/ament_cmake/cmake)
[0.085s] -- Found PythonInterp: /usr/bin/python3 (found suitable version "3.8.10", minimum required is "3") 
[0.085s] -- Using PYTHON_EXECUTABLE: /usr/bin/python3
[0.260s] -- Override CMake install command with custom implementation using symlinks instead of copying resources
[0.265s] -- Found rosidl_default_generators: 1.0.1 (/opt/ros/foxy/share/rosidl_default_generators/cmake)
[0.267s] -- Using all available rosidl_typesupport_c: rosidl_typesupport_fastrtps_c;rosidl_typesupport_introspection_c
[0.270s] -- Found rosidl_adapter: 1.3.1 (/opt/ros/foxy/share/rosidl_adapter/cmake)
[0.417s] -- Using all available rosidl_typesupport_cpp: rosidl_typesupport_fastrtps_cpp;rosidl_typesupport_introspection_cpp
[0.439s] -- Found rclcpp: 2.4.3 (/opt/ros/foxy/share/rclcpp/cmake)
[0.486s] -- Found rmw_implementation_cmake: 1.0.4 (/opt/ros/foxy/share/rmw_implementation_cmake/cmake)
[0.487s] -- Using RMW implementation 'rmw_fastrtps_cpp' as default
[0.614s] -- Found rclpy: 1.0.13 (/opt/ros/foxy/share/rclpy/cmake)
[0.614s] -- Found cv_bridge: 3.0.7 (/opt/ros/foxy/share/cv_bridge/cmake)
[0.746s] -- Found nav_msgs: 2.0.5 (/opt/ros/foxy/share/nav_msgs/cmake)
[0.811s] -- Found visualization_msgs: 2.0.5 (/opt/ros/foxy/share/visualization_msgs/cmake)
[0.877s] -- Found pcl_msgs: 1.0.0 (/opt/ros/foxy/share/pcl_msgs/cmake)
[0.982s] -- Found tf2: 0.13.14 (/opt/ros/foxy/share/tf2/cmake)
[0.990s] -- Found tf2_geometry_msgs: 0.13.14 (/opt/ros/foxy/share/tf2_geometry_msgs/cmake)
[0.996s] -- Found eigen3_cmake_module: 0.1.1 (/opt/ros/foxy/share/eigen3_cmake_module/cmake)
[1.335s] -- Found tf2_sensor_msgs: 0.13.14 (/opt/ros/foxy/share/tf2_sensor_msgs/cmake)
[1.348s] -- Found tf2_eigen: 0.13.14 (/opt/ros/foxy/share/tf2_eigen/cmake)
[1.373s] -- Found Eigen: /usr/include/eigen3 (Required is at least version "3.1") 
[1.373s] -- Eigen found (include: /usr/include/eigen3, version: 3.3.7)
[1.384s] -- Found Boost: /usr/include (found suitable version "1.71.0", minimum required is "1.55.0") found components: system filesystem date_time iostreams regex 
[1.465s] -- The imported target "vtkParseOGLExt" references the file
[1.465s]    "/usr/bin/vtkParseOGLExt-7.1"
[1.465s] but this file does not exist.  Possible reasons include:
[1.466s] * The file was deleted, renamed, or moved to another location.
[1.466s] * An install or uninstall procedure did not complete successfully.
[1.466s] * The installation package was faulty and contained
[1.466s]    "/usr/lib/cmake/vtk-7.1/VTKTargets.cmake"
[1.466s] but not all the files it references.
[1.466s] 
[1.466s] -- The imported target "vtkRenderingPythonTkWidgets" references the file
[1.467s]    "/usr/lib/x86_64-linux-gnu/libvtkRenderingPythonTkWidgets.so"
[1.467s] but this file does not exist.  Possible reasons include:
[1.467s] * The file was deleted, renamed, or moved to another location.
[1.467s] * An install or uninstall procedure did not complete successfully.
[1.467s] * The installation package was faulty and contained
[1.467s]    "/usr/lib/cmake/vtk-7.1/VTKTargets.cmake"
[1.467s] but not all the files it references.
[1.467s] 
[1.467s] -- The imported target "vtk" references the file
[1.468s]    "/usr/bin/vtk"
[1.468s] but this file does not exist.  Possible reasons include:
[1.468s] * The file was deleted, renamed, or moved to another location.
[1.468s] * An install or uninstall procedure did not complete successfully.
[1.468s] * The installation package was faulty and contained
[1.468s]    "/usr/lib/cmake/vtk-7.1/VTKTargets.cmake"
[1.468s] but not all the files it references.
[1.468s] 
[1.468s] -- The imported target "pvtk" references the file
[1.469s]    "/usr/bin/pvtk"
[1.469s] but this file does not exist.  Possible reasons include:
[1.469s] * The file was deleted, renamed, or moved to another location.
[1.469s] * An install or uninstall procedure did not complete successfully.
[1.469s] * The installation package was faulty and contained
[1.469s]    "/usr/lib/cmake/vtk-7.1/VTKTargets.cmake"
[1.469s] but not all the files it references.
[1.469s] 
[1.493s] -- OpenNI found (include: /usr/include/ni, lib: /usr/lib/libOpenNI.so)
[1.505s] -- OpenNI2 found (include: /usr/include/openni2, lib: /usr/lib/libOpenNI2.so)
[1.506s] ** WARNING ** io features related to pcap will be disabled
[1.506s] ** WARNING ** io features related to png will be disabled
[1.524s] ** WARNING ** io features related to libusb-1.0 will be disabled
[1.535s] -- OpenNI found (include: /usr/include/ni, lib: /usr/lib/libOpenNI.so)
[1.548s] -- OpenNI2 found (include: /usr/include/openni2, lib: /usr/lib/libOpenNI2.so)
[1.561s] -- QHULL found (include: /usr/include, lib: optimized;/usr/lib/x86_64-linux-gnu/libqhull.so;debug;/usr/lib/x86_64-linux-gnu/libqhull.so)
[1.573s] -- OpenNI found (include: /usr/include/ni, lib: /usr/lib/libOpenNI.so)
[1.585s] -- looking for PCL_COMMON
[1.585s] -- looking for PCL_KDTREE
[1.586s] -- looking for PCL_OCTREE
[1.586s] -- looking for PCL_SEARCH
[1.586s] -- looking for PCL_SAMPLE_CONSENSUS
[1.587s] -- looking for PCL_FILTERS
[1.587s] -- looking for PCL_2D
[1.588s] -- looking for PCL_GEOMETRY
[1.588s] -- looking for PCL_IO
[1.588s] -- looking for PCL_FEATURES
[1.589s] -- looking for PCL_ML
[1.589s] -- looking for PCL_SEGMENTATION
[1.590s] -- looking for PCL_VISUALIZATION
[1.591s] -- looking for PCL_SURFACE
[1.591s] -- looking for PCL_REGISTRATION
[1.592s] -- looking for PCL_KEYPOINTS
[1.592s] -- looking for PCL_TRACKING
[1.593s] -- looking for PCL_RECOGNITION
[1.593s] -- looking for PCL_STEREO
[1.594s] -- looking for PCL_APPS
[1.595s] -- looking for PCL_IN_HAND_SCANNER
[1.595s] -- looking for PCL_POINT_CLOUD_EDITOR
[1.595s] -- looking for PCL_OUTOFCORE
[1.596s] -- looking for PCL_PEOPLE
[1.613s] -- Found Boost: /usr/include (found suitable version "1.71.0", minimum required is "1.65") found components: serialization system filesystem thread program_options date_time timer chrono regex atomic 
[1.615s] -- GTSAM include directory:  /usr/lib/cmake/GTSAM/../../../include
[1.625s] -- Found Eigen: /usr/include/eigen3  
[1.625s] -- Eigen found (include: /usr/include/eigen3, version: 3.3.7)
[1.629s] -- Found OpenMP_C: -fopenmp  
[1.630s] -- Found OpenMP_CXX: -fopenmp  
[1.631s] -- Found OpenMP: TRUE   
[1.659s] -- Found PythonInterp: /usr/bin/python3 (found version "3.8.10") 
[1.864s] -- Found ament_cmake_ros: 0.9.2 (/opt/ros/foxy/share/ament_cmake_ros/cmake)
[2.171s] -- Using all available rosidl_typesupport_c: rosidl_typesupport_fastrtps_c;rosidl_typesupport_introspection_c
[2.310s] -- Using all available rosidl_typesupport_cpp: rosidl_typesupport_fastrtps_cpp;rosidl_typesupport_introspection_cpp
[2.343s] -- Found PythonInterp: /usr/bin/python3 (found suitable version "3.8.10", minimum required is "3.5") 
[2.344s] -- Found python_cmake_module: 0.8.1 (/opt/ros/foxy/share/python_cmake_module/cmake)
[2.380s] -- Using PYTHON_EXECUTABLE: /usr/bin/python3
[2.380s] -- Using PYTHON_INCLUDE_DIRS: /usr/include/python3.8
[2.381s] -- Using PYTHON_LIBRARIES: /usr/lib/x86_64-linux-gnu/libpython3.8.so
[2.487s] CMake Error at CMakeLists.txt:43 (rosidl_get_typesupport_target):
[2.487s]   Unknown CMake command "rosidl_get_typesupport_target".
[2.487s] 
[2.487s] 
[2.490s] -- Configuring incomplete, errors occurred!
[2.490s] See also "/home/uocav/ros-workspace/build/lio_sam/CMakeFiles/CMakeOutput.log".
[2.490s] See also "/home/uocav/ros-workspace/build/lio_sam/CMakeFiles/CMakeError.log".
[2.503s] Invoked command in '/home/uocav/ros-workspace/build/lio_sam' returned '1': CMAKE_PREFIX_PATH=${CMAKE_PREFIX_PATH}:/home/uocav/ros-workspace/install/urdf_tutorial_r2d2:/opt/ros/foxy /usr/bin/cmake /home/uocav/ros-workspace/src/LIO-SAM -DCMAKE_BUILD_TYPE=Release -DAMENT_CMAKE_SYMLINK_INSTALL=1 -DCMAKE_INSTALL_PREFIX=/home/uocav/ros-workspace/install/lio_sam
