[0.301s] Invoking command in '/home/jetson/ros-workspace/build/navigation': CMAKE_PREFIX_PATH=${CMAKE_PREFIX_PATH}:/home/jetson/ros-workspace/install/urdf_tutorial_r2d2:/opt/ros/foxy /usr/bin/cmake --build /home/jetson/ros-workspace/build/navigation -- -j6 -l6
[1.340s] [100%] Built target occupancy_pub
[1.497s] Invoked command in '/home/jetson/ros-workspace/build/navigation' returned '0': CMAKE_PREFIX_PATH=${CMAKE_PREFIX_PATH}:/home/jetson/ros-workspace/install/urdf_tutorial_r2d2:/opt/ros/foxy /usr/bin/cmake --build /home/jetson/ros-workspace/build/navigation -- -j6 -l6
[1.893s] Invoking command in '/home/jetson/ros-workspace/build/navigation': CMAKE_PREFIX_PATH=${CMAKE_PREFIX_PATH}:/home/jetson/ros-workspace/install/urdf_tutorial_r2d2:/opt/ros/foxy /usr/bin/cmake --install /home/jetson/ros-workspace/build/navigation
[1.987s] -- Install configuration: "Release"
[1.994s] -- Execute custom install script
[1.999s] -- Up-to-date symlink: /home/jetson/ros-workspace/install/navigation/lib/navigation/occupancy_pub
[2.005s] -- Up-to-date symlink: /home/jetson/ros-workspace/install/navigation/share/ament_index/resource_index/package_run_dependencies/navigation
[2.008s] -- Up-to-date symlink: /home/jetson/ros-workspace/install/navigation/share/ament_index/resource_index/parent_prefix_path/navigation
[2.013s] -- Up-to-date symlink: /home/jetson/ros-workspace/install/navigation/share/navigation/environment/ament_prefix_path.sh
[2.016s] -- Up-to-date symlink: /home/jetson/ros-workspace/install/navigation/share/navigation/environment/ament_prefix_path.dsv
[2.022s] -- Up-to-date symlink: /home/jetson/ros-workspace/install/navigation/share/navigation/environment/path.sh
[2.024s] -- Up-to-date symlink: /home/jetson/ros-workspace/install/navigation/share/navigation/environment/path.dsv
[2.032s] -- Up-to-date symlink: /home/jetson/ros-workspace/install/navigation/share/navigation/local_setup.bash
[2.035s] -- Up-to-date symlink: /home/jetson/ros-workspace/install/navigation/share/navigation/local_setup.sh
[2.045s] -- Up-to-date symlink: /home/jetson/ros-workspace/install/navigation/share/navigation/local_setup.zsh
[2.051s] -- Up-to-date symlink: /home/jetson/ros-workspace/install/navigation/share/navigation/local_setup.dsv
[2.052s] -- Symlinking: /home/jetson/ros-workspace/install/navigation/share/navigation/package.dsv
[2.115s] -- Up-to-date symlink: /home/jetson/ros-workspace/install/navigation/share/ament_index/resource_index/packages/navigation
[2.120s] -- Up-to-date symlink: /home/jetson/ros-workspace/install/navigation/share/navigation/cmake/navigationConfig.cmake
[2.126s] -- Up-to-date symlink: /home/jetson/ros-workspace/install/navigation/share/navigation/cmake/navigationConfig-version.cmake
[2.143s] -- Up-to-date symlink: /home/jetson/ros-workspace/install/navigation/share/navigation/package.xml
[2.299s] Invoked command in '/home/jetson/ros-workspace/build/navigation' returned '0': CMAKE_PREFIX_PATH=${CMAKE_PREFIX_PATH}:/home/jetson/ros-workspace/install/urdf_tutorial_r2d2:/opt/ros/foxy /usr/bin/cmake --install /home/jetson/ros-workspace/build/navigation
