[0.062s] Invoking command in '/home/uocav/ros-workspace/build/navigation': CMAKE_PREFIX_PATH=${CMAKE_PREFIX_PATH}:/home/uocav/ros-workspace/install/urdf_tutorial_r2d2:/opt/ros/foxy /usr/bin/cmake --build /home/uocav/ros-workspace/build/navigation -- -j6 -l6
[0.244s] [100%] Built target occupancy_pub
[0.312s] Invoked command in '/home/uocav/ros-workspace/build/navigation' returned '0': CMAKE_PREFIX_PATH=${CMAKE_PREFIX_PATH}:/home/uocav/ros-workspace/install/urdf_tutorial_r2d2:/opt/ros/foxy /usr/bin/cmake --build /home/uocav/ros-workspace/build/navigation -- -j6 -l6
[0.392s] Invoking command in '/home/uocav/ros-workspace/build/navigation': CMAKE_PREFIX_PATH=${CMAKE_PREFIX_PATH}:/home/uocav/ros-workspace/install/urdf_tutorial_r2d2:/opt/ros/foxy /usr/bin/cmake --install /home/uocav/ros-workspace/build/navigation
[0.423s] -- Install configuration: "Release"
[0.423s] -- Execute custom install script
[0.423s] -- Up-to-date symlink: /home/uocav/ros-workspace/install/navigation/lib/navigation/occupancy_pub
[0.423s] -- Up-to-date symlink: /home/uocav/ros-workspace/install/navigation/share/ament_index/resource_index/package_run_dependencies/navigation
[0.423s] -- Up-to-date symlink: /home/uocav/ros-workspace/install/navigation/share/ament_index/resource_index/parent_prefix_path/navigation
[0.423s] -- Up-to-date symlink: /home/uocav/ros-workspace/install/navigation/share/navigation/environment/ament_prefix_path.sh
[0.424s] -- Up-to-date symlink: /home/uocav/ros-workspace/install/navigation/share/navigation/environment/ament_prefix_path.dsv
[0.424s] -- Up-to-date symlink: /home/uocav/ros-workspace/install/navigation/share/navigation/environment/path.sh
[0.424s] -- Up-to-date symlink: /home/uocav/ros-workspace/install/navigation/share/navigation/environment/path.dsv
[0.424s] -- Up-to-date symlink: /home/uocav/ros-workspace/install/navigation/share/navigation/local_setup.bash
[0.424s] -- Up-to-date symlink: /home/uocav/ros-workspace/install/navigation/share/navigation/local_setup.sh
[0.424s] -- Up-to-date symlink: /home/uocav/ros-workspace/install/navigation/share/navigation/local_setup.zsh
[0.424s] -- Up-to-date symlink: /home/uocav/ros-workspace/install/navigation/share/navigation/local_setup.dsv
[0.425s] -- Symlinking: /home/uocav/ros-workspace/install/navigation/share/navigation/package.dsv
[0.433s] -- Up-to-date symlink: /home/uocav/ros-workspace/install/navigation/share/ament_index/resource_index/packages/navigation
[0.433s] -- Up-to-date symlink: /home/uocav/ros-workspace/install/navigation/share/navigation/cmake/navigationConfig.cmake
[0.433s] -- Up-to-date symlink: /home/uocav/ros-workspace/install/navigation/share/navigation/cmake/navigationConfig-version.cmake
[0.434s] -- Up-to-date symlink: /home/uocav/ros-workspace/install/navigation/share/navigation/package.xml
[0.441s] Invoked command in '/home/uocav/ros-workspace/build/navigation' returned '0': CMAKE_PREFIX_PATH=${CMAKE_PREFIX_PATH}:/home/uocav/ros-workspace/install/urdf_tutorial_r2d2:/opt/ros/foxy /usr/bin/cmake --install /home/uocav/ros-workspace/build/navigation
