[0.218s] Invoking command in '/home/uocav/ros-workspace/build/pointcloud_to_laserscan': CMAKE_PREFIX_PATH=${CMAKE_PREFIX_PATH}:/opt/ros/humble:/home/uocav/ros-workspace/install/urdf_tutorial_r2d2:/opt/ros/foxy /usr/bin/cmake /home/uocav/ros-workspace/src/pointcloud_to_laser -DCMAKE_INSTALL_PREFIX=/home/uocav/ros-workspace/install/pointcloud_to_laserscan
[0.272s] -- The C compiler identification is GNU 11.4.0
[0.322s] -- The CXX compiler identification is GNU 11.4.0
[0.328s] -- Detecting C compiler ABI info
[0.383s] -- Detecting C compiler ABI info - done
[0.390s] -- Check for working C compiler: /usr/bin/cc - skipped
[0.390s] -- Detecting C compile features
[0.391s] -- Detecting C compile features - done
[0.392s] -- Detecting CXX compiler ABI info
[0.461s] -- Detecting CXX compiler ABI info - done
[0.468s] -- Check for working CXX compiler: /usr/bin/c++ - skipped
[0.469s] -- Detecting CXX compile features
[0.469s] -- Detecting CXX compile features - done
[0.470s] -- Found ament_cmake: 1.3.5 (/opt/ros/humble/share/ament_cmake/cmake)
[0.618s] -- Found Python3: /usr/bin/python3.10 (found version "3.10.12") found components: Interpreter 
[0.697s] -- Found laser_geometry: 2.4.0 (/opt/ros/humble/share/laser_geometry/cmake)
[0.745s] -- Found rosidl_generator_c: 3.1.5 (/opt/ros/humble/share/rosidl_generator_c/cmake)
[0.748s] -- Found rosidl_adapter: 3.1.5 (/opt/ros/humble/share/rosidl_adapter/cmake)
[0.754s] -- Found rosidl_generator_cpp: 3.1.5 (/opt/ros/humble/share/rosidl_generator_cpp/cmake)
[0.766s] -- Using all available rosidl_typesupport_c: rosidl_typesupport_fastrtps_c;rosidl_typesupport_introspection_c
[0.783s] -- Using all available rosidl_typesupport_cpp: rosidl_typesupport_fastrtps_cpp;rosidl_typesupport_introspection_cpp
[0.841s] -- Found rmw_implementation_cmake: 6.1.1 (/opt/ros/humble/share/rmw_implementation_cmake/cmake)
[0.843s] -- Found rmw_fastrtps_cpp: 6.2.4 (/opt/ros/humble/share/rmw_fastrtps_cpp/cmake)
[0.931s] -- Found OpenSSL: /usr/lib/x86_64-linux-gnu/libcrypto.so (found version "3.0.2")  
[0.958s] -- Found FastRTPS: /opt/ros/humble/include  
[1.006s] -- Using RMW implementation 'rmw_fastrtps_cpp' as default
[1.014s] -- Looking for pthread.h
[1.074s] -- Looking for pthread.h - found
[1.074s] -- Performing Test CMAKE_HAVE_LIBC_PTHREAD
[1.134s] -- Performing Test CMAKE_HAVE_LIBC_PTHREAD - Success
[1.134s] -- Found Threads: TRUE  
[1.412s] -- Found message_filters: 4.3.3 (/opt/ros/humble/share/message_filters/cmake)
[1.418s] -- Found rclcpp_components: 16.0.6 (/opt/ros/humble/share/rclcpp_components/cmake)
[1.471s] -- Found tf2_ros: 0.25.4 (/opt/ros/humble/share/tf2_ros/cmake)
[1.704s] -- Found tf2_sensor_msgs: 0.25.4 (/opt/ros/humble/share/tf2_sensor_msgs/cmake)
[1.773s] -- Found ament_lint_auto: 0.12.8 (/opt/ros/humble/share/ament_lint_auto/cmake)
[1.869s] -- Added test 'cppcheck' to perform static code analysis on C / C++ code
[1.869s] -- Configured cppcheck include dirs: /home/uocav/ros-workspace/src/pointcloud_to_laser/include
[1.870s] -- Configured cppcheck exclude dirs and/or files: 
[1.870s] -- Added test 'cpplint' to check C / C++ code against the Google style
[1.870s] -- Configured cpplint exclude dirs and/or files: 
[1.871s] -- Added test 'flake8' to check Python code syntax and style conventions
[1.871s] -- Added test 'lint_cmake' to check CMake code style
[1.871s] -- Added test 'pep257' to check Python code against some of the docstring style conventions in PEP 257
[1.872s] -- Added test 'uncrustify' to check C / C++ code style
[1.872s] -- Configured uncrustify additional arguments: 
[1.873s] -- Added test 'xmllint' to check XML markup files
[1.874s] -- Configuring done
[1.896s] -- Generating done
[1.898s] -- Build files have been written to: /home/uocav/ros-workspace/build/pointcloud_to_laserscan
[1.909s] Invoked command in '/home/uocav/ros-workspace/build/pointcloud_to_laserscan' returned '0': CMAKE_PREFIX_PATH=${CMAKE_PREFIX_PATH}:/opt/ros/humble:/home/uocav/ros-workspace/install/urdf_tutorial_r2d2:/opt/ros/foxy /usr/bin/cmake /home/uocav/ros-workspace/src/pointcloud_to_laser -DCMAKE_INSTALL_PREFIX=/home/uocav/ros-workspace/install/pointcloud_to_laserscan
[1.911s] Invoking command in '/home/uocav/ros-workspace/build/pointcloud_to_laserscan': CMAKE_PREFIX_PATH=${CMAKE_PREFIX_PATH}:/opt/ros/humble:/home/uocav/ros-workspace/install/urdf_tutorial_r2d2:/opt/ros/foxy /usr/bin/cmake --build /home/uocav/ros-workspace/build/pointcloud_to_laserscan -- -j6 -l6
[1.960s] [ 10%] [32mBuilding CXX object CMakeFiles/laserscan_to_pointcloud.dir/src/laserscan_to_pointcloud_node.cpp.o[0m
[1.960s] [ 30%] [32mBuilding CXX object CMakeFiles/laserscan_to_pointcloud_node.dir/rclcpp_components/node_main_laserscan_to_pointcloud_node.cpp.o[0m
[1.960s] [ 30%] [32mBuilding CXX object CMakeFiles/pointcloud_to_laserscan.dir/src/pointcloud_to_laserscan_node.cpp.o[0m
[1.966s] [ 50%] [32mBuilding CXX object CMakeFiles/pointcloud_to_laserscan_node.dir/rclcpp_components/node_main_pointcloud_to_laserscan_node.cpp.o[0m
[1.966s] [ 50%] [32mBuilding CXX object CMakeFiles/dummy_pointcloud_publisher.dir/src/dummy_pointcloud_publisher.cpp.o[0m
[2.177s] In file included from [01m[K/home/uocav/ros-workspace/src/pointcloud_to_laser/src/pointcloud_to_laserscan_node.cpp:52[m[K:
[2.177s] [01m[K/opt/ros/humble/include/tf2_sensor_msgs/tf2_sensor_msgs.h:32:2:[m[K [01;35m[Kwarning: [m[K#warning This header is obsolete, please include tf2_sensor_msgs/tf2_sensor_msgs.hpp instead [[01;35m[K]8;;https://gcc.gnu.org/onlinedocs/gcc/Warning-Options.html#index-Wcpp-Wcpp]8;;[m[K]
[2.177s]    32 | #[01;35m[Kwarning[m[K This header is obsolete, please include tf2_sensor_msgs/tf2_sensor_msgs.hpp instead
[2.177s]       |  [01;35m[K^~~~~~~[m[K
[2.246s] In file included from [01m[K/home/uocav/ros-workspace/src/pointcloud_to_laser/src/laserscan_to_pointcloud_node.cpp:52[m[K:
[2.246s] [01m[K/opt/ros/humble/include/tf2_sensor_msgs/tf2_sensor_msgs.h:32:2:[m[K [01;35m[Kwarning: [m[K#warning This header is obsolete, please include tf2_sensor_msgs/tf2_sensor_msgs.hpp instead [[01;35m[K]8;;https://gcc.gnu.org/onlinedocs/gcc/Warning-Options.html#index-Wcpp-Wcpp]8;;[m[K]
[2.246s]    32 | #[01;35m[Kwarning[m[K This header is obsolete, please include tf2_sensor_msgs/tf2_sensor_msgs.hpp instead
[2.246s]       |  [01;35m[K^~~~~~~[m[K
[4.994s] [ 60%] [32m[1mLinking CXX executable laserscan_to_pointcloud_node[0m
[5.053s] [ 70%] [32m[1mLinking CXX executable pointcloud_to_laserscan_node[0m
[5.169s] [ 70%] Built target laserscan_to_pointcloud_node
[5.215s] [ 70%] Built target pointcloud_to_laserscan_node
[6.256s] [ 80%] [32m[1mLinking CXX executable dummy_pointcloud_publisher[0m
[6.450s] [ 80%] Built target dummy_pointcloud_publisher
[11.824s] [ 90%] [32m[1mLinking CXX shared library libpointcloud_to_laserscan.so[0m
[11.833s] [100%] [32m[1mLinking CXX shared library liblaserscan_to_pointcloud.so[0m
[12.647s] [100%] Built target pointcloud_to_laserscan
[12.656s] [100%] Built target laserscan_to_pointcloud
