[0.049s] Invoking command in '/home/uocav/ros-workspace/build/lio_sam': CMAKE_PREFIX_PATH=${CMAKE_PREFIX_PATH}:/home/uocav/ros-workspace/install/urdf_tutorial_r2d2:/opt/ros/foxy /usr/bin/cmake /home/uocav/ros-workspace/src/LIO-SAM -DCMAKE_INSTALL_PREFIX=/home/uocav/ros-workspace/install/lio_sam
[0.076s] -- Found ament_cmake: 0.9.12 (/opt/ros/foxy/share/ament_cmake/cmake)
[0.093s] -- Found PythonInterp: /usr/bin/python3 (found suitable version "3.8.10", minimum required is "3") 
[0.093s] -- Using PYTHON_EXECUTABLE: /usr/bin/python3
[0.269s] -- Override CMake install command with custom implementation using symlinks instead of copying resources
[0.276s] -- Found rosidl_default_generators: 1.0.1 (/opt/ros/foxy/share/rosidl_default_generators/cmake)
[0.279s] -- Using all available rosidl_typesupport_c: rosidl_typesupport_fastrtps_c;rosidl_typesupport_introspection_c
[0.283s] -- Found rosidl_adapter: 1.3.1 (/opt/ros/foxy/share/rosidl_adapter/cmake)
[0.418s] -- Using all available rosidl_typesupport_cpp: rosidl_typesupport_fastrtps_cpp;rosidl_typesupport_introspection_cpp
[0.440s] -- Found rclcpp: 2.4.3 (/opt/ros/foxy/share/rclcpp/cmake)
[0.486s] -- Found rmw_implementation_cmake: 1.0.4 (/opt/ros/foxy/share/rmw_implementation_cmake/cmake)
[0.487s] -- Using RMW implementation 'rmw_fastrtps_cpp' as default
[0.629s] -- Found rclpy: 1.0.13 (/opt/ros/foxy/share/rclpy/cmake)
[0.629s] -- Found cv_bridge: 3.0.7 (/opt/ros/foxy/share/cv_bridge/cmake)
[0.771s] -- Found nav_msgs: 2.0.5 (/opt/ros/foxy/share/nav_msgs/cmake)
[0.844s] -- Found visualization_msgs: 2.0.5 (/opt/ros/foxy/share/visualization_msgs/cmake)
[0.913s] -- Found pcl_msgs: 1.0.0 (/opt/ros/foxy/share/pcl_msgs/cmake)
[1.023s] -- Found tf2: 0.13.14 (/opt/ros/foxy/share/tf2/cmake)
[1.032s] -- Found tf2_geometry_msgs: 0.13.14 (/opt/ros/foxy/share/tf2_geometry_msgs/cmake)
[1.038s] -- Found eigen3_cmake_module: 0.1.1 (/opt/ros/foxy/share/eigen3_cmake_module/cmake)
[1.390s] -- Found tf2_sensor_msgs: 0.13.14 (/opt/ros/foxy/share/tf2_sensor_msgs/cmake)
[1.404s] -- Found tf2_eigen: 0.13.14 (/opt/ros/foxy/share/tf2_eigen/cmake)
[1.429s] -- Found Eigen: /usr/include/eigen3 (Required is at least version "3.1") 
[1.430s] -- Eigen found (include: /usr/include/eigen3, version: 3.3.7)
[1.444s] -- Found Boost: /usr/include (found suitable version "1.71.0", minimum required is "1.55.0") found components: system filesystem date_time iostreams regex 
[1.517s] -- The imported target "vtkParseOGLExt" references the file
[1.518s]    "/usr/bin/vtkParseOGLExt-7.1"
[1.518s] but this file does not exist.  Possible reasons include:
[1.518s] * The file was deleted, renamed, or moved to another location.
[1.518s] * An install or uninstall procedure did not complete successfully.
[1.518s] * The installation package was faulty and contained
[1.518s]    "/usr/lib/cmake/vtk-7.1/VTKTargets.cmake"
[1.518s] but not all the files it references.
[1.518s] 
[1.519s] -- The imported target "vtkRenderingPythonTkWidgets" references the file
[1.519s]    "/usr/lib/x86_64-linux-gnu/libvtkRenderingPythonTkWidgets.so"
[1.519s] but this file does not exist.  Possible reasons include:
[1.519s] * The file was deleted, renamed, or moved to another location.
[1.519s] * An install or uninstall procedure did not complete successfully.
[1.519s] * The installation package was faulty and contained
[1.519s]    "/usr/lib/cmake/vtk-7.1/VTKTargets.cmake"
[1.519s] but not all the files it references.
[1.519s] 
[1.519s] -- The imported target "vtk" references the file
[1.519s]    "/usr/bin/vtk"
[1.519s] but this file does not exist.  Possible reasons include:
[1.519s] * The file was deleted, renamed, or moved to another location.
[1.520s] * An install or uninstall procedure did not complete successfully.
[1.520s] * The installation package was faulty and contained
[1.520s]    "/usr/lib/cmake/vtk-7.1/VTKTargets.cmake"
[1.520s] but not all the files it references.
[1.520s] 
[1.520s] -- The imported target "pvtk" references the file
[1.520s]    "/usr/bin/pvtk"
[1.520s] but this file does not exist.  Possible reasons include:
[1.520s] * The file was deleted, renamed, or moved to another location.
[1.520s] * An install or uninstall procedure did not complete successfully.
[1.520s] * The installation package was faulty and contained
[1.520s]    "/usr/lib/cmake/vtk-7.1/VTKTargets.cmake"
[1.520s] but not all the files it references.
[1.520s] 
[1.539s] -- OpenNI found (include: /usr/include/ni, lib: /usr/lib/libOpenNI.so)
[1.547s] ** WARNING ** io features related to pcap will be disabled
[1.547s] ** WARNING ** io features related to png will be disabled
[1.547s] -- OpenNI2 found (include: /usr/include/openni2, lib: /usr/lib/libOpenNI2.so)
[1.558s] ** WARNING ** io features related to libusb-1.0 will be disabled
[1.568s] -- OpenNI found (include: /usr/include/ni, lib: /usr/lib/libOpenNI.so)
[1.580s] -- OpenNI2 found (include: /usr/include/openni2, lib: /usr/lib/libOpenNI2.so)
[1.596s] -- QHULL found (include: /usr/include, lib: optimized;/usr/lib/x86_64-linux-gnu/libqhull.so;debug;/usr/lib/x86_64-linux-gnu/libqhull.so)
[1.608s] -- OpenNI found (include: /usr/include/ni, lib: /usr/lib/libOpenNI.so)
[1.618s] -- looking for PCL_COMMON
[1.618s] -- looking for PCL_KDTREE
[1.619s] -- looking for PCL_OCTREE
[1.619s] -- looking for PCL_SEARCH
[1.621s] -- looking for PCL_SAMPLE_CONSENSUS
[1.622s] -- looking for PCL_FILTERS
[1.622s] -- looking for PCL_2D
[1.622s] -- looking for PCL_GEOMETRY
[1.622s] -- looking for PCL_IO
[1.622s] -- looking for PCL_FEATURES
[1.623s] -- looking for PCL_ML
[1.623s] -- looking for PCL_SEGMENTATION
[1.624s] -- looking for PCL_VISUALIZATION
[1.624s] -- looking for PCL_SURFACE
[1.625s] -- looking for PCL_REGISTRATION
[1.626s] -- looking for PCL_KEYPOINTS
[1.627s] -- looking for PCL_TRACKING
[1.628s] -- looking for PCL_RECOGNITION
[1.629s] -- looking for PCL_STEREO
[1.630s] -- looking for PCL_APPS
[1.631s] -- looking for PCL_IN_HAND_SCANNER
[1.632s] -- looking for PCL_POINT_CLOUD_EDITOR
[1.632s] -- looking for PCL_OUTOFCORE
[1.634s] -- looking for PCL_PEOPLE
[1.652s] -- Found Boost: /usr/include (found suitable version "1.71.0", minimum required is "1.65") found components: serialization system filesystem thread program_options date_time timer chrono regex atomic 
[1.655s] -- GTSAM include directory:  /usr/lib/cmake/GTSAM/../../../include
[1.659s] -- Found Eigen: /usr/include/eigen3  
[1.660s] -- Eigen found (include: /usr/include/eigen3, version: 3.3.7)
[1.696s] -- Found PythonInterp: /usr/bin/python3 (found version "3.8.10") 
[1.894s] -- Found ament_cmake_ros: 0.9.2 (/opt/ros/foxy/share/ament_cmake_ros/cmake)
[2.209s] -- Using all available rosidl_typesupport_c: rosidl_typesupport_fastrtps_c;rosidl_typesupport_introspection_c
[2.348s] -- Using all available rosidl_typesupport_cpp: rosidl_typesupport_fastrtps_cpp;rosidl_typesupport_introspection_cpp
[2.378s] -- Found PythonInterp: /usr/bin/python3 (found suitable version "3.8.10", minimum required is "3.5") 
[2.379s] -- Found python_cmake_module: 0.8.1 (/opt/ros/foxy/share/python_cmake_module/cmake)
[2.415s] -- Using PYTHON_EXECUTABLE: /usr/bin/python3
[2.415s] -- Using PYTHON_INCLUDE_DIRS: /usr/include/python3.8
[2.415s] -- Using PYTHON_LIBRARIES: /usr/lib/x86_64-linux-gnu/libpython3.8.so
[2.520s] CMake Error at CMakeLists.txt:43 (rosidl_get_typesupport_target):
[2.521s]   Unknown CMake command "rosidl_get_typesupport_target".
[2.521s] 
[2.521s] 
[2.523s] -- Configuring incomplete, errors occurred!
[2.523s] See also "/home/uocav/ros-workspace/build/lio_sam/CMakeFiles/CMakeOutput.log".
[2.523s] See also "/home/uocav/ros-workspace/build/lio_sam/CMakeFiles/CMakeError.log".
[2.536s] Invoked command in '/home/uocav/ros-workspace/build/lio_sam' returned '1': CMAKE_PREFIX_PATH=${CMAKE_PREFIX_PATH}:/home/uocav/ros-workspace/install/urdf_tutorial_r2d2:/opt/ros/foxy /usr/bin/cmake /home/uocav/ros-workspace/src/LIO-SAM -DCMAKE_INSTALL_PREFIX=/home/uocav/ros-workspace/install/lio_sam
