[0.049s] Invoking command in '/home/uocav/ros-workspace/build/lio_sam': CMAKE_PREFIX_PATH=${CMAKE_PREFIX_PATH}:/home/uocav/ros-workspace/install/urdf_tutorial_r2d2:/opt/ros/foxy /usr/bin/cmake /home/uocav/ros-workspace/src/LIO-SAM -DCMAKE_INSTALL_PREFIX=/home/uocav/ros-workspace/install/lio_sam
[0.072s] -- Found ament_cmake: 0.9.12 (/opt/ros/foxy/share/ament_cmake/cmake)
[0.098s] -- Found PythonInterp: /usr/bin/python3 (found suitable version "3.8.10", minimum required is "3") 
[0.098s] -- Using PYTHON_EXECUTABLE: /usr/bin/python3
[0.276s] -- Override CMake install command with custom implementation using symlinks instead of copying resources
[0.277s] -- Found rosidl_default_generators: 1.0.1 (/opt/ros/foxy/share/rosidl_default_generators/cmake)
[0.284s] -- Using all available rosidl_typesupport_c: rosidl_typesupport_fastrtps_c;rosidl_typesupport_introspection_c
[0.286s] -- Found rosidl_adapter: 1.3.1 (/opt/ros/foxy/share/rosidl_adapter/cmake)
[0.462s] -- Using all available rosidl_typesupport_cpp: rosidl_typesupport_fastrtps_cpp;rosidl_typesupport_introspection_cpp
[0.486s] -- Found rclcpp: 2.4.3 (/opt/ros/foxy/share/rclcpp/cmake)
[0.540s] -- Found rmw_implementation_cmake: 1.0.4 (/opt/ros/foxy/share/rmw_implementation_cmake/cmake)
[0.541s] -- Using RMW implementation 'rmw_fastrtps_cpp' as default
[0.675s] -- Found rclpy: 1.0.13 (/opt/ros/foxy/share/rclpy/cmake)
[0.676s] -- Found cv_bridge: 3.0.7 (/opt/ros/foxy/share/cv_bridge/cmake)
[0.812s] -- Found nav_msgs: 2.0.5 (/opt/ros/foxy/share/nav_msgs/cmake)
[0.881s] -- Found visualization_msgs: 2.0.5 (/opt/ros/foxy/share/visualization_msgs/cmake)
[0.947s] -- Found pcl_msgs: 1.0.0 (/opt/ros/foxy/share/pcl_msgs/cmake)
[1.056s] -- Found tf2: 0.13.14 (/opt/ros/foxy/share/tf2/cmake)
[1.065s] -- Found tf2_geometry_msgs: 0.13.14 (/opt/ros/foxy/share/tf2_geometry_msgs/cmake)
[1.071s] -- Found eigen3_cmake_module: 0.1.1 (/opt/ros/foxy/share/eigen3_cmake_module/cmake)
[1.418s] -- Found tf2_sensor_msgs: 0.13.14 (/opt/ros/foxy/share/tf2_sensor_msgs/cmake)
[1.433s] -- Found tf2_eigen: 0.13.14 (/opt/ros/foxy/share/tf2_eigen/cmake)
[1.459s] -- Found Eigen: /usr/include/eigen3 (Required is at least version "3.1") 
[1.459s] -- Eigen found (include: /usr/include/eigen3, version: 3.3.7)
[1.474s] -- Found Boost: /usr/include (found suitable version "1.71.0", minimum required is "1.55.0") found components: system filesystem date_time iostreams regex 
[1.560s] -- The imported target "vtkParseOGLExt" references the file
[1.560s]    "/usr/bin/vtkParseOGLExt-7.1"
[1.560s] but this file does not exist.  Possible reasons include:
[1.560s] * The file was deleted, renamed, or moved to another location.
[1.561s] * An install or uninstall procedure did not complete successfully.
[1.561s] * The installation package was faulty and contained
[1.561s]    "/usr/lib/cmake/vtk-7.1/VTKTargets.cmake"
[1.561s] but not all the files it references.
[1.561s] 
[1.562s] -- The imported target "vtkRenderingPythonTkWidgets" references the file
[1.562s]    "/usr/lib/x86_64-linux-gnu/libvtkRenderingPythonTkWidgets.so"
[1.562s] but this file does not exist.  Possible reasons include:
[1.562s] * The file was deleted, renamed, or moved to another location.
[1.562s] * An install or uninstall procedure did not complete successfully.
[1.562s] * The installation package was faulty and contained
[1.562s]    "/usr/lib/cmake/vtk-7.1/VTKTargets.cmake"
[1.563s] but not all the files it references.
[1.563s] 
[1.563s] -- The imported target "vtk" references the file
[1.563s]    "/usr/bin/vtk"
[1.563s] but this file does not exist.  Possible reasons include:
[1.563s] * The file was deleted, renamed, or moved to another location.
[1.563s] * An install or uninstall procedure did not complete successfully.
[1.563s] * The installation package was faulty and contained
[1.564s]    "/usr/lib/cmake/vtk-7.1/VTKTargets.cmake"
[1.564s] but not all the files it references.
[1.564s] 
[1.564s] -- The imported target "pvtk" references the file
[1.564s]    "/usr/bin/pvtk"
[1.564s] but this file does not exist.  Possible reasons include:
[1.564s] * The file was deleted, renamed, or moved to another location.
[1.564s] * An install or uninstall procedure did not complete successfully.
[1.565s] * The installation package was faulty and contained
[1.565s]    "/usr/lib/cmake/vtk-7.1/VTKTargets.cmake"
[1.565s] but not all the files it references.
[1.565s] 
[1.584s] -- OpenNI found (include: /usr/include/ni, lib: /usr/lib/libOpenNI.so)
[1.588s] -- OpenNI2 found (include: /usr/include/openni2, lib: /usr/lib/libOpenNI2.so)
[1.588s] ** WARNING ** io features related to pcap will be disabled
[1.588s] ** WARNING ** io features related to png will be disabled
[1.601s] ** WARNING ** io features related to libusb-1.0 will be disabled
[1.611s] -- OpenNI found (include: /usr/include/ni, lib: /usr/lib/libOpenNI.so)
[1.617s] -- OpenNI2 found (include: /usr/include/openni2, lib: /usr/lib/libOpenNI2.so)
[1.630s] -- QHULL found (include: /usr/include, lib: optimized;/usr/lib/x86_64-linux-gnu/libqhull.so;debug;/usr/lib/x86_64-linux-gnu/libqhull.so)
[1.648s] -- OpenNI found (include: /usr/include/ni, lib: /usr/lib/libOpenNI.so)
[1.660s] -- looking for PCL_COMMON
[1.660s] -- looking for PCL_KDTREE
[1.661s] -- looking for PCL_OCTREE
[1.662s] -- looking for PCL_SEARCH
[1.662s] -- looking for PCL_SAMPLE_CONSENSUS
[1.663s] -- looking for PCL_FILTERS
[1.664s] -- looking for PCL_2D
[1.664s] -- looking for PCL_GEOMETRY
[1.664s] -- looking for PCL_IO
[1.665s] -- looking for PCL_FEATURES
[1.666s] -- looking for PCL_ML
[1.666s] -- looking for PCL_SEGMENTATION
[1.667s] -- looking for PCL_VISUALIZATION
[1.668s] -- looking for PCL_SURFACE
[1.668s] -- looking for PCL_REGISTRATION
[1.669s] -- looking for PCL_KEYPOINTS
[1.669s] -- looking for PCL_TRACKING
[1.670s] -- looking for PCL_RECOGNITION
[1.670s] -- looking for PCL_STEREO
[1.671s] -- looking for PCL_APPS
[1.672s] -- looking for PCL_IN_HAND_SCANNER
[1.672s] -- looking for PCL_POINT_CLOUD_EDITOR
[1.673s] -- looking for PCL_OUTOFCORE
[1.674s] -- looking for PCL_PEOPLE
[1.691s] -- Found Boost: /usr/include (found suitable version "1.71.0", minimum required is "1.65") found components: serialization system filesystem thread program_options date_time timer chrono regex atomic 
[1.695s] -- GTSAM include directory:  /usr/lib/cmake/GTSAM/../../../include
[1.701s] -- Found Eigen: /usr/include/eigen3  
[1.701s] -- Eigen found (include: /usr/include/eigen3, version: 3.3.7)
[1.736s] -- Found PythonInterp: /usr/bin/python3 (found version "3.8.10") 
[1.972s] -- Found ament_cmake_ros: 0.9.2 (/opt/ros/foxy/share/ament_cmake_ros/cmake)
[2.283s] -- Using all available rosidl_typesupport_c: rosidl_typesupport_fastrtps_c;rosidl_typesupport_introspection_c
[2.434s] -- Using all available rosidl_typesupport_cpp: rosidl_typesupport_fastrtps_cpp;rosidl_typesupport_introspection_cpp
[2.475s] -- Found PythonInterp: /usr/bin/python3 (found suitable version "3.8.10", minimum required is "3.5") 
[2.476s] -- Found python_cmake_module: 0.8.1 (/opt/ros/foxy/share/python_cmake_module/cmake)
[2.510s] -- Using PYTHON_EXECUTABLE: /usr/bin/python3
[2.510s] -- Using PYTHON_INCLUDE_DIRS: /usr/include/python3.8
[2.510s] -- Using PYTHON_LIBRARIES: /usr/lib/x86_64-linux-gnu/libpython3.8.so
[2.624s] CMake Error at CMakeLists.txt:43 (rosidl_get_typesupport_target):
[2.624s]   Unknown CMake command "rosidl_get_typesupport_target".
[2.625s] 
[2.625s] 
[2.627s] -- Configuring incomplete, errors occurred!
[2.627s] See also "/home/uocav/ros-workspace/build/lio_sam/CMakeFiles/CMakeOutput.log".
[2.628s] See also "/home/uocav/ros-workspace/build/lio_sam/CMakeFiles/CMakeError.log".
[2.644s] Invoked command in '/home/uocav/ros-workspace/build/lio_sam' returned '1': CMAKE_PREFIX_PATH=${CMAKE_PREFIX_PATH}:/home/uocav/ros-workspace/install/urdf_tutorial_r2d2:/opt/ros/foxy /usr/bin/cmake /home/uocav/ros-workspace/src/LIO-SAM -DCMAKE_INSTALL_PREFIX=/home/uocav/ros-workspace/install/lio_sam
