[0.344s] Invoking command in '/home/uocav/ros-workspace/build/lio_sam': CMAKE_PREFIX_PATH=${CMAKE_PREFIX_PATH}:/opt/ros/humble:/home/uocav/ros-workspace/install/urdf_tutorial_r2d2:/opt/ros/foxy /usr/bin/cmake --build /home/uocav/ros-workspace/build/lio_sam -- -j6 -l6
[0.427s] [  2%] Built target lio_sam__cpp
[0.429s] [ 10%] Built target lio_sam__rosidl_generator_c
[0.448s] [ 10%] Built target ament_cmake_python_symlink_lio_sam
[0.508s] [ 19%] Built target lio_sam__rosidl_typesupport_fastrtps_cpp
[0.536s] [ 27%] Built target lio_sam__rosidl_typesupport_cpp
[0.536s] [ 36%] Built target lio_sam__rosidl_typesupport_introspection_c
[0.536s] [ 44%] Built target lio_sam__rosidl_typesupport_introspection_cpp
[0.537s] [ 53%] Built target lio_sam__rosidl_typesupport_c
[0.537s] [ 61%] Built target lio_sam__rosidl_typesupport_fastrtps_c
[0.609s] [ 61%] Built target lio_sam
[0.654s] [ 65%] Built target lio_sam_featureExtraction
[0.682s] [ 70%] Built target lio_sam_imageProjection
[0.694s] [ 74%] Built target lio_sam_imuPreintegration
[0.702s] [ 76%] Built target lio_sam__py
[0.716s] [ 80%] Built target lio_sam_mapOptimization
[0.766s] [ 87%] Built target lio_sam__rosidl_generator_py
[0.807s] running egg_info
[0.808s] writing lio_sam.egg-info/PKG-INFO
[0.808s] writing dependency_links to lio_sam.egg-info/dependency_links.txt
[0.808s] writing top-level names to lio_sam.egg-info/top_level.txt
[0.814s] reading manifest file 'lio_sam.egg-info/SOURCES.txt'
[0.814s] writing manifest file 'lio_sam.egg-info/SOURCES.txt'
[0.818s] [ 93%] Built target lio_sam__rosidl_typesupport_fastrtps_c__pyext
[0.819s] [ 97%] Built target lio_sam__rosidl_typesupport_c__pyext
[0.820s] [100%] Built target lio_sam__rosidl_typesupport_introspection_c__pyext
[0.859s] [100%] Built target ament_cmake_python_build_lio_sam_egg
[0.895s] Invoked command in '/home/uocav/ros-workspace/build/lio_sam' returned '0': CMAKE_PREFIX_PATH=${CMAKE_PREFIX_PATH}:/opt/ros/humble:/home/uocav/ros-workspace/install/urdf_tutorial_r2d2:/opt/ros/foxy /usr/bin/cmake --build /home/uocav/ros-workspace/build/lio_sam -- -j6 -l6
[1.028s] Invoking command in '/home/uocav/ros-workspace/build/lio_sam': CMAKE_PREFIX_PATH=${CMAKE_PREFIX_PATH}:/opt/ros/humble:/home/uocav/ros-workspace/install/urdf_tutorial_r2d2:/opt/ros/foxy /usr/bin/cmake --install /home/uocav/ros-workspace/build/lio_sam
[1.032s] -- Install configuration: "Release"
[1.033s] -- Execute custom install script
[1.033s] -- Up-to-date symlink: /home/uocav/ros-workspace/install/lio_sam/share/ament_index/resource_index/rosidl_interfaces/lio_sam
[1.034s] -- Up-to-date symlink: /home/uocav/ros-workspace/install/lio_sam/include/lio_sam/lio_sam/msg/cloud_info.h
[1.034s] -- Up-to-date symlink: /home/uocav/ros-workspace/install/lio_sam/include/lio_sam/lio_sam/msg/detail/cloud_info__functions.h
[1.034s] -- Up-to-date symlink: /home/uocav/ros-workspace/install/lio_sam/include/lio_sam/lio_sam/msg/detail/cloud_info__struct.h
[1.034s] -- Up-to-date symlink: /home/uocav/ros-workspace/install/lio_sam/include/lio_sam/lio_sam/msg/detail/cloud_info__type_support.h
[1.034s] -- Up-to-date symlink: /home/uocav/ros-workspace/install/lio_sam/include/lio_sam/lio_sam/msg/rosidl_generator_c__visibility_control.h
[1.034s] -- Up-to-date symlink: /home/uocav/ros-workspace/install/lio_sam/include/lio_sam/lio_sam/srv/detail/save_map__functions.h
[1.034s] -- Up-to-date symlink: /home/uocav/ros-workspace/install/lio_sam/include/lio_sam/lio_sam/srv/detail/save_map__struct.h
[1.034s] -- Up-to-date symlink: /home/uocav/ros-workspace/install/lio_sam/include/lio_sam/lio_sam/srv/detail/save_map__type_support.h
[1.034s] -- Up-to-date symlink: /home/uocav/ros-workspace/install/lio_sam/include/lio_sam/lio_sam/srv/save_map.h
[1.035s] -- Up-to-date symlink: /home/uocav/ros-workspace/install/lio_sam/share/lio_sam/environment/library_path.sh
[1.035s] -- Up-to-date symlink: /home/uocav/ros-workspace/install/lio_sam/share/lio_sam/environment/library_path.dsv
[1.035s] -- Up-to-date symlink: /home/uocav/ros-workspace/install/lio_sam/include/lio_sam/lio_sam/msg/detail/cloud_info__rosidl_typesupport_fastrtps_c.h
[1.035s] -- Up-to-date symlink: /home/uocav/ros-workspace/install/lio_sam/include/lio_sam/lio_sam/msg/rosidl_typesupport_fastrtps_c__visibility_control.h
[1.035s] -- Up-to-date symlink: /home/uocav/ros-workspace/install/lio_sam/include/lio_sam/lio_sam/srv/detail/save_map__rosidl_typesupport_fastrtps_c.h
[1.035s] -- Up-to-date symlink: /home/uocav/ros-workspace/install/lio_sam/include/lio_sam/lio_sam/msg/detail/cloud_info__rosidl_typesupport_introspection_c.h
[1.035s] -- Up-to-date symlink: /home/uocav/ros-workspace/install/lio_sam/include/lio_sam/lio_sam/msg/rosidl_typesupport_introspection_c__visibility_control.h
[1.035s] -- Up-to-date symlink: /home/uocav/ros-workspace/install/lio_sam/include/lio_sam/lio_sam/srv/detail/save_map__rosidl_typesupport_introspection_c.h
[1.035s] -- Up-to-date symlink: /home/uocav/ros-workspace/install/lio_sam/include/lio_sam/lio_sam/msg/cloud_info.hpp
[1.035s] -- Up-to-date symlink: /home/uocav/ros-workspace/install/lio_sam/include/lio_sam/lio_sam/msg/detail/cloud_info__builder.hpp
[1.035s] -- Up-to-date symlink: /home/uocav/ros-workspace/install/lio_sam/include/lio_sam/lio_sam/msg/detail/cloud_info__struct.hpp
[1.035s] -- Up-to-date symlink: /home/uocav/ros-workspace/install/lio_sam/include/lio_sam/lio_sam/msg/detail/cloud_info__traits.hpp
[1.035s] -- Up-to-date symlink: /home/uocav/ros-workspace/install/lio_sam/include/lio_sam/lio_sam/srv/detail/save_map__builder.hpp
[1.036s] -- Up-to-date symlink: /home/uocav/ros-workspace/install/lio_sam/include/lio_sam/lio_sam/srv/detail/save_map__struct.hpp
[1.036s] -- Up-to-date symlink: /home/uocav/ros-workspace/install/lio_sam/include/lio_sam/lio_sam/srv/detail/save_map__traits.hpp
[1.036s] -- Up-to-date symlink: /home/uocav/ros-workspace/install/lio_sam/include/lio_sam/lio_sam/srv/save_map.hpp
[1.036s] -- Up-to-date symlink: /home/uocav/ros-workspace/install/lio_sam/include/lio_sam/lio_sam/msg/detail/cloud_info__rosidl_typesupport_fastrtps_cpp.hpp
[1.036s] -- Up-to-date symlink: /home/uocav/ros-workspace/install/lio_sam/include/lio_sam/lio_sam/msg/rosidl_typesupport_fastrtps_cpp__visibility_control.h
[1.036s] -- Up-to-date symlink: /home/uocav/ros-workspace/install/lio_sam/include/lio_sam/lio_sam/srv/detail/save_map__rosidl_typesupport_fastrtps_cpp.hpp
[1.037s] -- Up-to-date symlink: /home/uocav/ros-workspace/install/lio_sam/include/lio_sam/lio_sam/msg/detail/cloud_info__rosidl_typesupport_introspection_cpp.hpp
[1.037s] -- Up-to-date symlink: /home/uocav/ros-workspace/install/lio_sam/include/lio_sam/lio_sam/srv/detail/save_map__rosidl_typesupport_introspection_cpp.hpp
[1.037s] -- Up-to-date symlink: /home/uocav/ros-workspace/install/lio_sam/share/lio_sam/environment/pythonpath.sh
[1.037s] -- Up-to-date symlink: /home/uocav/ros-workspace/install/lio_sam/share/lio_sam/environment/pythonpath.dsv
[1.037s] -- Up-to-date symlink: /home/uocav/ros-workspace/install/lio_sam/local/lib/python3.10/dist-packages/lio_sam-1.0.0-py3.10.egg-info/PKG-INFO
[1.037s] -- Up-to-date symlink: /home/uocav/ros-workspace/install/lio_sam/local/lib/python3.10/dist-packages/lio_sam-1.0.0-py3.10.egg-info/SOURCES.txt
[1.038s] -- Up-to-date symlink: /home/uocav/ros-workspace/install/lio_sam/local/lib/python3.10/dist-packages/lio_sam-1.0.0-py3.10.egg-info/dependency_links.txt
[1.038s] -- Up-to-date symlink: /home/uocav/ros-workspace/install/lio_sam/local/lib/python3.10/dist-packages/lio_sam-1.0.0-py3.10.egg-info/top_level.txt
[1.038s] -- Up-to-date symlink: /home/uocav/ros-workspace/install/lio_sam/local/lib/python3.10/dist-packages/lio_sam/__init__.py
[1.038s] -- Up-to-date symlink: /home/uocav/ros-workspace/install/lio_sam/local/lib/python3.10/dist-packages/lio_sam/_lio_sam_s.ep.rosidl_typesupport_c.c
[1.038s] -- Up-to-date symlink: /home/uocav/ros-workspace/install/lio_sam/local/lib/python3.10/dist-packages/lio_sam/_lio_sam_s.ep.rosidl_typesupport_fastrtps_c.c
[1.038s] -- Up-to-date symlink: /home/uocav/ros-workspace/install/lio_sam/local/lib/python3.10/dist-packages/lio_sam/_lio_sam_s.ep.rosidl_typesupport_introspection_c.c
[1.039s] -- Up-to-date symlink: /home/uocav/ros-workspace/install/lio_sam/local/lib/python3.10/dist-packages/lio_sam/liblio_sam__rosidl_generator_py.so
[1.039s] -- Up-to-date symlink: /home/uocav/ros-workspace/install/lio_sam/local/lib/python3.10/dist-packages/lio_sam/lio_sam_s__rosidl_typesupport_c.cpython-310-x86_64-linux-gnu.so
[1.039s] -- Up-to-date symlink: /home/uocav/ros-workspace/install/lio_sam/local/lib/python3.10/dist-packages/lio_sam/lio_sam_s__rosidl_typesupport_fastrtps_c.cpython-310-x86_64-linux-gnu.so
[1.039s] -- Up-to-date symlink: /home/uocav/ros-workspace/install/lio_sam/local/lib/python3.10/dist-packages/lio_sam/lio_sam_s__rosidl_typesupport_introspection_c.cpython-310-x86_64-linux-gnu.so
[1.039s] -- Up-to-date symlink: /home/uocav/ros-workspace/install/lio_sam/local/lib/python3.10/dist-packages/lio_sam/msg/__init__.py
[1.039s] -- Up-to-date symlink: /home/uocav/ros-workspace/install/lio_sam/local/lib/python3.10/dist-packages/lio_sam/msg/_cloud_info.py
[1.039s] -- Up-to-date symlink: /home/uocav/ros-workspace/install/lio_sam/local/lib/python3.10/dist-packages/lio_sam/msg/_cloud_info_s.c
[1.039s] -- Up-to-date symlink: /home/uocav/ros-workspace/install/lio_sam/local/lib/python3.10/dist-packages/lio_sam/srv/__init__.py
[1.040s] -- Up-to-date symlink: /home/uocav/ros-workspace/install/lio_sam/local/lib/python3.10/dist-packages/lio_sam/srv/_save_map.py
[1.040s] -- Up-to-date symlink: /home/uocav/ros-workspace/install/lio_sam/local/lib/python3.10/dist-packages/lio_sam/srv/_save_map_s.c
[1.040s] -- Up-to-date symlink: /home/uocav/ros-workspace/install/lio_sam/local/lib/python3.10/dist-packages/lio_sam/lio_sam_s__rosidl_typesupport_fastrtps_c.cpython-310-x86_64-linux-gnu.so
[1.040s] -- Up-to-date symlink: /home/uocav/ros-workspace/install/lio_sam/local/lib/python3.10/dist-packages/lio_sam/lio_sam_s__rosidl_typesupport_introspection_c.cpython-310-x86_64-linux-gnu.so
[1.040s] -- Up-to-date symlink: /home/uocav/ros-workspace/install/lio_sam/local/lib/python3.10/dist-packages/lio_sam/lio_sam_s__rosidl_typesupport_c.cpython-310-x86_64-linux-gnu.so
[1.040s] -- Up-to-date symlink: /home/uocav/ros-workspace/install/lio_sam/share/lio_sam/msg/CloudInfo.idl
[1.040s] -- Up-to-date symlink: /home/uocav/ros-workspace/install/lio_sam/share/lio_sam/srv/SaveMap.idl
[1.041s] -- Up-to-date symlink: /home/uocav/ros-workspace/install/lio_sam/share/lio_sam/msg/CloudInfo.msg
[1.041s] -- Up-to-date symlink: /home/uocav/ros-workspace/install/lio_sam/share/lio_sam/srv/SaveMap.srv
[1.041s] -- Up-to-date symlink: /home/uocav/ros-workspace/install/lio_sam/share/lio_sam/srv/SaveMap_Request.msg
[1.041s] -- Up-to-date symlink: /home/uocav/ros-workspace/install/lio_sam/share/lio_sam/srv/SaveMap_Response.msg
[1.041s] -- Up-to-date symlink: /home/uocav/ros-workspace/install/lio_sam/share/lio_sam//launch/run.launch.py
[1.042s] -- Up-to-date symlink: /home/uocav/ros-workspace/install/lio_sam/share/lio_sam//config/doc/demo.gif
[1.042s] -- Up-to-date symlink: /home/uocav/ros-workspace/install/lio_sam/share/lio_sam//config/doc/device-boat.png
[1.042s] -- Up-to-date symlink: /home/uocav/ros-workspace/install/lio_sam/share/lio_sam//config/doc/device-hand-2.png
[1.042s] -- Up-to-date symlink: /home/uocav/ros-workspace/install/lio_sam/share/lio_sam//config/doc/device-hand.png
[1.042s] -- Up-to-date symlink: /home/uocav/ros-workspace/install/lio_sam/share/lio_sam//config/doc/device-jackal.png
[1.042s] -- Up-to-date symlink: /home/uocav/ros-workspace/install/lio_sam/share/lio_sam//config/doc/gps-demo.gif
[1.043s] -- Up-to-date symlink: /home/uocav/ros-workspace/install/lio_sam/share/lio_sam//config/doc/imu-debug.gif
[1.043s] -- Up-to-date symlink: /home/uocav/ros-workspace/install/lio_sam/share/lio_sam//config/doc/imu-transform.png
[1.043s] -- Up-to-date symlink: /home/uocav/ros-workspace/install/lio_sam/share/lio_sam//config/doc/kitti-demo.gif
[1.043s] -- Up-to-date symlink: /home/uocav/ros-workspace/install/lio_sam/share/lio_sam//config/doc/kitti-map.png
[1.043s] -- Up-to-date symlink: /home/uocav/ros-workspace/install/lio_sam/share/lio_sam//config/doc/kitti2bag/README.md
[1.043s] -- Up-to-date symlink: /home/uocav/ros-workspace/install/lio_sam/share/lio_sam//config/doc/kitti2bag/kitti2bag.py
[1.044s] -- Up-to-date symlink: /home/uocav/ros-workspace/install/lio_sam/share/lio_sam//config/doc/loop-closure-2.gif
[1.044s] -- Up-to-date symlink: /home/uocav/ros-workspace/install/lio_sam/share/lio_sam//config/doc/loop-closure.gif
[1.044s] -- Up-to-date symlink: /home/uocav/ros-workspace/install/lio_sam/share/lio_sam//config/doc/ouster-demo.gif
[1.044s] -- Up-to-date symlink: /home/uocav/ros-workspace/install/lio_sam/share/lio_sam//config/doc/ouster-device.jpg
[1.044s] -- Up-to-date symlink: /home/uocav/ros-workspace/install/lio_sam/share/lio_sam//config/doc/paper.pdf
[1.044s] -- Up-to-date symlink: /home/uocav/ros-workspace/install/lio_sam/share/lio_sam//config/doc/system.png
[1.044s] -- Up-to-date symlink: /home/uocav/ros-workspace/install/lio_sam/share/lio_sam//config/params.yaml
[1.044s] -- Up-to-date symlink: /home/uocav/ros-workspace/install/lio_sam/share/lio_sam//config/robot.urdf.xacro
[1.044s] -- Up-to-date symlink: /home/uocav/ros-workspace/install/lio_sam/share/lio_sam//config/rviz2.rviz
[1.044s] -- Up-to-date symlink: /home/uocav/ros-workspace/install/lio_sam/lib/lio_sam/lio_sam_imageProjection
[1.045s] -- Up-to-date symlink: /home/uocav/ros-workspace/install/lio_sam/lib/lio_sam/lio_sam_imuPreintegration
[1.045s] -- Up-to-date symlink: /home/uocav/ros-workspace/install/lio_sam/lib/lio_sam/lio_sam_featureExtraction
[1.045s] -- Up-to-date symlink: /home/uocav/ros-workspace/install/lio_sam/lib/lio_sam/lio_sam_mapOptimization
[1.045s] -- Up-to-date symlink: /home/uocav/ros-workspace/install/lio_sam/include/lio_sam/utility.hpp
[1.045s] -- Up-to-date symlink: /home/uocav/ros-workspace/install/lio_sam/share/ament_index/resource_index/package_run_dependencies/lio_sam
[1.045s] -- Up-to-date symlink: /home/uocav/ros-workspace/install/lio_sam/share/ament_index/resource_index/parent_prefix_path/lio_sam
[1.045s] -- Up-to-date symlink: /home/uocav/ros-workspace/install/lio_sam/share/lio_sam/environment/ament_prefix_path.sh
[1.046s] -- Up-to-date symlink: /home/uocav/ros-workspace/install/lio_sam/share/lio_sam/environment/ament_prefix_path.dsv
[1.046s] -- Up-to-date symlink: /home/uocav/ros-workspace/install/lio_sam/share/lio_sam/environment/path.sh
[1.046s] -- Up-to-date symlink: /home/uocav/ros-workspace/install/lio_sam/share/lio_sam/environment/path.dsv
[1.046s] -- Up-to-date symlink: /home/uocav/ros-workspace/install/lio_sam/share/lio_sam/local_setup.bash
[1.046s] -- Up-to-date symlink: /home/uocav/ros-workspace/install/lio_sam/share/lio_sam/local_setup.sh
[1.046s] -- Up-to-date symlink: /home/uocav/ros-workspace/install/lio_sam/share/lio_sam/local_setup.zsh
[1.046s] -- Up-to-date symlink: /home/uocav/ros-workspace/install/lio_sam/share/lio_sam/local_setup.dsv
[1.046s] -- Symlinking: /home/uocav/ros-workspace/install/lio_sam/share/lio_sam/package.dsv
[1.051s] -- Up-to-date symlink: /home/uocav/ros-workspace/install/lio_sam/share/ament_index/resource_index/packages/lio_sam
[1.051s] -- Up-to-date symlink: /home/uocav/ros-workspace/install/lio_sam/share/lio_sam/cmake/rosidl_cmake-extras.cmake
[1.051s] -- Up-to-date symlink: /home/uocav/ros-workspace/install/lio_sam/share/lio_sam/cmake/ament_cmake_export_dependencies-extras.cmake
[1.051s] -- Up-to-date symlink: /home/uocav/ros-workspace/install/lio_sam/share/lio_sam/cmake/ament_cmake_export_include_directories-extras.cmake
[1.051s] -- Up-to-date symlink: /home/uocav/ros-workspace/install/lio_sam/share/lio_sam/cmake/ament_cmake_export_libraries-extras.cmake
[1.051s] -- Up-to-date symlink: /home/uocav/ros-workspace/install/lio_sam/share/lio_sam/cmake/ament_cmake_export_targets-extras.cmake
[1.051s] -- Up-to-date symlink: /home/uocav/ros-workspace/install/lio_sam/share/lio_sam/cmake/rosidl_cmake_export_typesupport_targets-extras.cmake
[1.052s] -- Up-to-date symlink: /home/uocav/ros-workspace/install/lio_sam/share/lio_sam/cmake/rosidl_cmake_export_typesupport_libraries-extras.cmake
[1.052s] -- Up-to-date symlink: /home/uocav/ros-workspace/install/lio_sam/share/lio_sam/cmake/lio_samConfig.cmake
[1.052s] -- Up-to-date symlink: /home/uocav/ros-workspace/install/lio_sam/share/lio_sam/cmake/lio_samConfig-version.cmake
[1.052s] -- Up-to-date symlink: /home/uocav/ros-workspace/install/lio_sam/share/lio_sam/package.xml
[1.052s] -- Up-to-date: /home/uocav/ros-workspace/install/lio_sam/lib/liblio_sam__rosidl_generator_c.so
[1.053s] -- Up-to-date: /home/uocav/ros-workspace/install/lio_sam/lib/liblio_sam__rosidl_typesupport_fastrtps_c.so
[1.053s] -- Up-to-date: /home/uocav/ros-workspace/install/lio_sam/lib/liblio_sam__rosidl_typesupport_introspection_c.so
[1.053s] -- Up-to-date: /home/uocav/ros-workspace/install/lio_sam/lib/liblio_sam__rosidl_typesupport_c.so
[1.053s] -- Up-to-date: /home/uocav/ros-workspace/install/lio_sam/lib/liblio_sam__rosidl_typesupport_fastrtps_cpp.so
[1.053s] -- Up-to-date: /home/uocav/ros-workspace/install/lio_sam/lib/liblio_sam__rosidl_typesupport_introspection_cpp.so
[1.053s] -- Up-to-date: /home/uocav/ros-workspace/install/lio_sam/lib/liblio_sam__rosidl_typesupport_cpp.so
[1.077s] Listing '/home/uocav/ros-workspace/install/lio_sam/local/lib/python3.10/dist-packages/lio_sam'...
[1.077s] Listing '/home/uocav/ros-workspace/install/lio_sam/local/lib/python3.10/dist-packages/lio_sam/msg'...
[1.077s] Listing '/home/uocav/ros-workspace/install/lio_sam/local/lib/python3.10/dist-packages/lio_sam/srv'...
[1.087s] -- Up-to-date: /home/uocav/ros-workspace/install/lio_sam/lib/liblio_sam__rosidl_generator_py.so
[1.088s] -- Up-to-date: /home/uocav/ros-workspace/install/lio_sam/share/lio_sam/cmake/export_lio_sam__rosidl_generator_cExport.cmake
[1.088s] -- Up-to-date: /home/uocav/ros-workspace/install/lio_sam/share/lio_sam/cmake/export_lio_sam__rosidl_generator_cExport-release.cmake
[1.088s] -- Up-to-date: /home/uocav/ros-workspace/install/lio_sam/share/lio_sam/cmake/export_lio_sam__rosidl_typesupport_fastrtps_cExport.cmake
[1.088s] -- Up-to-date: /home/uocav/ros-workspace/install/lio_sam/share/lio_sam/cmake/export_lio_sam__rosidl_typesupport_fastrtps_cExport-release.cmake
[1.088s] -- Up-to-date: /home/uocav/ros-workspace/install/lio_sam/share/lio_sam/cmake/lio_sam__rosidl_typesupport_introspection_cExport.cmake
[1.088s] -- Up-to-date: /home/uocav/ros-workspace/install/lio_sam/share/lio_sam/cmake/lio_sam__rosidl_typesupport_introspection_cExport-release.cmake
[1.088s] -- Up-to-date: /home/uocav/ros-workspace/install/lio_sam/share/lio_sam/cmake/lio_sam__rosidl_typesupport_cExport.cmake
[1.088s] -- Up-to-date: /home/uocav/ros-workspace/install/lio_sam/share/lio_sam/cmake/lio_sam__rosidl_typesupport_cExport-release.cmake
[1.088s] -- Up-to-date: /home/uocav/ros-workspace/install/lio_sam/share/lio_sam/cmake/export_lio_sam__rosidl_generator_cppExport.cmake
[1.088s] -- Up-to-date: /home/uocav/ros-workspace/install/lio_sam/share/lio_sam/cmake/export_lio_sam__rosidl_typesupport_fastrtps_cppExport.cmake
[1.088s] -- Up-to-date: /home/uocav/ros-workspace/install/lio_sam/share/lio_sam/cmake/export_lio_sam__rosidl_typesupport_fastrtps_cppExport-release.cmake
[1.088s] -- Up-to-date: /home/uocav/ros-workspace/install/lio_sam/share/lio_sam/cmake/lio_sam__rosidl_typesupport_introspection_cppExport.cmake
[1.088s] -- Up-to-date: /home/uocav/ros-workspace/install/lio_sam/share/lio_sam/cmake/lio_sam__rosidl_typesupport_introspection_cppExport-release.cmake
[1.088s] -- Up-to-date: /home/uocav/ros-workspace/install/lio_sam/share/lio_sam/cmake/lio_sam__rosidl_typesupport_cppExport.cmake
[1.088s] -- Up-to-date: /home/uocav/ros-workspace/install/lio_sam/share/lio_sam/cmake/lio_sam__rosidl_typesupport_cppExport-release.cmake
[1.089s] -- Up-to-date: /home/uocav/ros-workspace/install/lio_sam/share/lio_sam/cmake/export_lio_sam__rosidl_generator_pyExport.cmake
[1.089s] -- Up-to-date: /home/uocav/ros-workspace/install/lio_sam/share/lio_sam/cmake/export_lio_sam__rosidl_generator_pyExport-release.cmake
[1.145s] Invoked command in '/home/uocav/ros-workspace/build/lio_sam' returned '0': CMAKE_PREFIX_PATH=${CMAKE_PREFIX_PATH}:/opt/ros/humble:/home/uocav/ros-workspace/install/urdf_tutorial_r2d2:/opt/ros/foxy /usr/bin/cmake --install /home/uocav/ros-workspace/build/lio_sam
