-- Found ament_cmake: 0.9.12 (/opt/ros/foxy/share/ament_cmake/cmake)
-- Using PYTHON_EXECUTABLE: /usr/bin/python3
-- Override CMake install command with custom implementation using symlinks instead of copying resources
-- Found ament_lint_auto: 0.9.8 (/opt/ros/foxy/share/ament_lint_auto/cmake)
-- Added test 'copyright' to check source files copyright and LICENSE
-- Added test 'flake8' to check Python code syntax and style conventions
-- Added test 'lint_cmake' to check CMake code style
-- Added test 'pep257' to check Python code against some of the style conventions in PEP 257
-- Added test 'xmllint' to check XML markup files
-- Configuring done
-- Generating done
-- Build files have been written to: /home/uocav/ros-workspace/build/mini_bot_description
-- Install configuration: "RelWithDebInfo"
-- Execute custom install script
-- Up-to-date symlink: /home/uocav/ros-workspace/install/mini_bot_description/share/mini_bot_description/src/description/prototype.urdf
-- Up-to-date symlink: /home/uocav/ros-workspace/install/mini_bot_description/share/mini_bot_description/launch/display.launch.py
-- Up-to-date symlink: /home/uocav/ros-workspace/install/mini_bot_description/share/mini_bot_description/launch/robot_state.launch.py
-- Up-to-date symlink: /home/uocav/ros-workspace/install/mini_bot_description/share/mini_bot_description/rviz/urdf_config.rviz
-- Up-to-date symlink: /home/uocav/ros-workspace/install/mini_bot_description/share/ament_index/resource_index/package_run_dependencies/mini_bot_description
-- Up-to-date symlink: /home/uocav/ros-workspace/install/mini_bot_description/share/ament_index/resource_index/parent_prefix_path/mini_bot_description
-- Up-to-date symlink: /home/uocav/ros-workspace/install/mini_bot_description/share/mini_bot_description/environment/ament_prefix_path.sh
-- Up-to-date symlink: /home/uocav/ros-workspace/install/mini_bot_description/share/mini_bot_description/environment/ament_prefix_path.dsv
-- Up-to-date symlink: /home/uocav/ros-workspace/install/mini_bot_description/share/mini_bot_description/environment/path.sh
-- Up-to-date symlink: /home/uocav/ros-workspace/install/mini_bot_description/share/mini_bot_description/environment/path.dsv
-- Up-to-date symlink: /home/uocav/ros-workspace/install/mini_bot_description/share/mini_bot_description/local_setup.bash
-- Up-to-date symlink: /home/uocav/ros-workspace/install/mini_bot_description/share/mini_bot_description/local_setup.sh
-- Up-to-date symlink: /home/uocav/ros-workspace/install/mini_bot_description/share/mini_bot_description/local_setup.zsh
-- Up-to-date symlink: /home/uocav/ros-workspace/install/mini_bot_description/share/mini_bot_description/local_setup.dsv
-- Symlinking: /home/uocav/ros-workspace/install/mini_bot_description/share/mini_bot_description/package.dsv
-- Up-to-date symlink: /home/uocav/ros-workspace/install/mini_bot_description/share/ament_index/resource_index/packages/mini_bot_description
-- Up-to-date symlink: /home/uocav/ros-workspace/install/mini_bot_description/share/mini_bot_description/cmake/mini_bot_descriptionConfig.cmake
-- Up-to-date symlink: /home/uocav/ros-workspace/install/mini_bot_description/share/mini_bot_description/cmake/mini_bot_descriptionConfig-version.cmake
-- Up-to-date symlink: /home/uocav/ros-workspace/install/mini_bot_description/share/mini_bot_description/package.xml
