[0.403s] Invoking command in '/home/uocav/ros-workspace/build/ouster_msgs': CMAKE_PREFIX_PATH=${CMAKE_PREFIX_PATH}:/opt/ros/humble:/home/uocav/ros-workspace/install/urdf_tutorial_r2d2:/opt/ros/foxy /usr/bin/cmake --build /home/uocav/ros-workspace/build/ouster_msgs -- -j6 -l6
[0.472s] [  1%] Built target ouster_msgs__cpp
[0.503s] [ 12%] Built target ouster_msgs__rosidl_generator_c
[0.503s] [ 12%] Built target ament_cmake_python_symlink_ouster_msgs
[0.514s] [ 23%] Built target ouster_msgs__rosidl_typesupport_cpp
[0.516s] [ 34%] Built target ouster_msgs__rosidl_typesupport_introspection_cpp
[0.552s] [ 45%] Built target ouster_msgs__rosidl_typesupport_fastrtps_cpp
[0.573s] [ 56%] Built target ouster_msgs__rosidl_typesupport_introspection_c
[0.573s] [ 67%] Built target ouster_msgs__rosidl_typesupport_c
[0.575s] [ 78%] Built target ouster_msgs__rosidl_typesupport_fastrtps_c
[0.640s] [ 78%] Built target ouster_msgs
[0.678s] [ 80%] Built target ouster_msgs__py
[0.689s] [ 89%] Built target ouster_msgs__rosidl_generator_py
[0.752s] [ 92%] Built target ouster_msgs__rosidl_typesupport_fastrtps_c__pyext
[0.761s] [ 96%] Built target ouster_msgs__rosidl_typesupport_introspection_c__pyext
[0.762s] [100%] Built target ouster_msgs__rosidl_typesupport_c__pyext
[0.864s] running egg_info
[0.865s] writing ouster_msgs.egg-info/PKG-INFO
[0.866s] writing dependency_links to ouster_msgs.egg-info/dependency_links.txt
[0.866s] writing top-level names to ouster_msgs.egg-info/top_level.txt
[0.870s] reading manifest file 'ouster_msgs.egg-info/SOURCES.txt'
[0.871s] writing manifest file 'ouster_msgs.egg-info/SOURCES.txt'
[0.912s] [100%] Built target ament_cmake_python_build_ouster_msgs_egg
[1.071s] Invoked command in '/home/uocav/ros-workspace/build/ouster_msgs' returned '0': CMAKE_PREFIX_PATH=${CMAKE_PREFIX_PATH}:/opt/ros/humble:/home/uocav/ros-workspace/install/urdf_tutorial_r2d2:/opt/ros/foxy /usr/bin/cmake --build /home/uocav/ros-workspace/build/ouster_msgs -- -j6 -l6
[1.171s] Invoking command in '/home/uocav/ros-workspace/build/ouster_msgs': CMAKE_PREFIX_PATH=${CMAKE_PREFIX_PATH}:/opt/ros/humble:/home/uocav/ros-workspace/install/urdf_tutorial_r2d2:/opt/ros/foxy /usr/bin/cmake --install /home/uocav/ros-workspace/build/ouster_msgs
[1.176s] -- Install configuration: "Release"
[1.176s] -- Execute custom install script
[1.176s] -- Up-to-date symlink: /home/uocav/ros-workspace/install/ouster_msgs/share/ament_index/resource_index/rosidl_interfaces/ouster_msgs
[1.177s] -- Up-to-date symlink: /home/uocav/ros-workspace/install/ouster_msgs/include/ouster_msgs/ouster_msgs/msg/detail/packet_msg__functions.h
[1.177s] -- Up-to-date symlink: /home/uocav/ros-workspace/install/ouster_msgs/include/ouster_msgs/ouster_msgs/msg/detail/packet_msg__struct.h
[1.177s] -- Up-to-date symlink: /home/uocav/ros-workspace/install/ouster_msgs/include/ouster_msgs/ouster_msgs/msg/detail/packet_msg__type_support.h
[1.177s] -- Up-to-date symlink: /home/uocav/ros-workspace/install/ouster_msgs/include/ouster_msgs/ouster_msgs/msg/packet_msg.h
[1.177s] -- Up-to-date symlink: /home/uocav/ros-workspace/install/ouster_msgs/include/ouster_msgs/ouster_msgs/msg/rosidl_generator_c__visibility_control.h
[1.178s] -- Up-to-date symlink: /home/uocav/ros-workspace/install/ouster_msgs/include/ouster_msgs/ouster_msgs/srv/detail/get_config__functions.h
[1.178s] -- Up-to-date symlink: /home/uocav/ros-workspace/install/ouster_msgs/include/ouster_msgs/ouster_msgs/srv/detail/get_config__struct.h
[1.178s] -- Up-to-date symlink: /home/uocav/ros-workspace/install/ouster_msgs/include/ouster_msgs/ouster_msgs/srv/detail/get_config__type_support.h
[1.178s] -- Up-to-date symlink: /home/uocav/ros-workspace/install/ouster_msgs/include/ouster_msgs/ouster_msgs/srv/detail/get_metadata__functions.h
[1.178s] -- Up-to-date symlink: /home/uocav/ros-workspace/install/ouster_msgs/include/ouster_msgs/ouster_msgs/srv/detail/get_metadata__struct.h
[1.178s] -- Up-to-date symlink: /home/uocav/ros-workspace/install/ouster_msgs/include/ouster_msgs/ouster_msgs/srv/detail/get_metadata__type_support.h
[1.178s] -- Up-to-date symlink: /home/uocav/ros-workspace/install/ouster_msgs/include/ouster_msgs/ouster_msgs/srv/detail/set_config__functions.h
[1.178s] -- Up-to-date symlink: /home/uocav/ros-workspace/install/ouster_msgs/include/ouster_msgs/ouster_msgs/srv/detail/set_config__struct.h
[1.178s] -- Up-to-date symlink: /home/uocav/ros-workspace/install/ouster_msgs/include/ouster_msgs/ouster_msgs/srv/detail/set_config__type_support.h
[1.178s] -- Up-to-date symlink: /home/uocav/ros-workspace/install/ouster_msgs/include/ouster_msgs/ouster_msgs/srv/get_config.h
[1.179s] -- Up-to-date symlink: /home/uocav/ros-workspace/install/ouster_msgs/include/ouster_msgs/ouster_msgs/srv/get_metadata.h
[1.179s] -- Up-to-date symlink: /home/uocav/ros-workspace/install/ouster_msgs/include/ouster_msgs/ouster_msgs/srv/set_config.h
[1.179s] -- Up-to-date symlink: /home/uocav/ros-workspace/install/ouster_msgs/share/ouster_msgs/environment/library_path.sh
[1.179s] -- Up-to-date symlink: /home/uocav/ros-workspace/install/ouster_msgs/share/ouster_msgs/environment/library_path.dsv
[1.179s] -- Up-to-date symlink: /home/uocav/ros-workspace/install/ouster_msgs/include/ouster_msgs/ouster_msgs/msg/detail/packet_msg__rosidl_typesupport_fastrtps_c.h
[1.179s] -- Up-to-date symlink: /home/uocav/ros-workspace/install/ouster_msgs/include/ouster_msgs/ouster_msgs/msg/rosidl_typesupport_fastrtps_c__visibility_control.h
[1.179s] -- Up-to-date symlink: /home/uocav/ros-workspace/install/ouster_msgs/include/ouster_msgs/ouster_msgs/srv/detail/get_config__rosidl_typesupport_fastrtps_c.h
[1.179s] -- Up-to-date symlink: /home/uocav/ros-workspace/install/ouster_msgs/include/ouster_msgs/ouster_msgs/srv/detail/get_metadata__rosidl_typesupport_fastrtps_c.h
[1.180s] -- Up-to-date symlink: /home/uocav/ros-workspace/install/ouster_msgs/include/ouster_msgs/ouster_msgs/srv/detail/set_config__rosidl_typesupport_fastrtps_c.h
[1.180s] -- Up-to-date symlink: /home/uocav/ros-workspace/install/ouster_msgs/include/ouster_msgs/ouster_msgs/msg/detail/packet_msg__builder.hpp
[1.180s] -- Up-to-date symlink: /home/uocav/ros-workspace/install/ouster_msgs/include/ouster_msgs/ouster_msgs/msg/detail/packet_msg__struct.hpp
[1.180s] -- Up-to-date symlink: /home/uocav/ros-workspace/install/ouster_msgs/include/ouster_msgs/ouster_msgs/msg/detail/packet_msg__traits.hpp
[1.180s] -- Up-to-date symlink: /home/uocav/ros-workspace/install/ouster_msgs/include/ouster_msgs/ouster_msgs/msg/packet_msg.hpp
[1.180s] -- Up-to-date symlink: /home/uocav/ros-workspace/install/ouster_msgs/include/ouster_msgs/ouster_msgs/srv/detail/get_config__builder.hpp
[1.180s] -- Up-to-date symlink: /home/uocav/ros-workspace/install/ouster_msgs/include/ouster_msgs/ouster_msgs/srv/detail/get_config__struct.hpp
[1.180s] -- Up-to-date symlink: /home/uocav/ros-workspace/install/ouster_msgs/include/ouster_msgs/ouster_msgs/srv/detail/get_config__traits.hpp
[1.180s] -- Up-to-date symlink: /home/uocav/ros-workspace/install/ouster_msgs/include/ouster_msgs/ouster_msgs/srv/detail/get_metadata__builder.hpp
[1.180s] -- Up-to-date symlink: /home/uocav/ros-workspace/install/ouster_msgs/include/ouster_msgs/ouster_msgs/srv/detail/get_metadata__struct.hpp
[1.180s] -- Up-to-date symlink: /home/uocav/ros-workspace/install/ouster_msgs/include/ouster_msgs/ouster_msgs/srv/detail/get_metadata__traits.hpp
[1.180s] -- Up-to-date symlink: /home/uocav/ros-workspace/install/ouster_msgs/include/ouster_msgs/ouster_msgs/srv/detail/set_config__builder.hpp
[1.180s] -- Up-to-date symlink: /home/uocav/ros-workspace/install/ouster_msgs/include/ouster_msgs/ouster_msgs/srv/detail/set_config__struct.hpp
[1.180s] -- Up-to-date symlink: /home/uocav/ros-workspace/install/ouster_msgs/include/ouster_msgs/ouster_msgs/srv/detail/set_config__traits.hpp
[1.180s] -- Up-to-date symlink: /home/uocav/ros-workspace/install/ouster_msgs/include/ouster_msgs/ouster_msgs/srv/get_config.hpp
[1.180s] -- Up-to-date symlink: /home/uocav/ros-workspace/install/ouster_msgs/include/ouster_msgs/ouster_msgs/srv/get_metadata.hpp
[1.181s] -- Up-to-date symlink: /home/uocav/ros-workspace/install/ouster_msgs/include/ouster_msgs/ouster_msgs/srv/set_config.hpp
[1.181s] -- Up-to-date symlink: /home/uocav/ros-workspace/install/ouster_msgs/include/ouster_msgs/ouster_msgs/msg/detail/packet_msg__rosidl_typesupport_fastrtps_cpp.hpp
[1.181s] -- Up-to-date symlink: /home/uocav/ros-workspace/install/ouster_msgs/include/ouster_msgs/ouster_msgs/msg/rosidl_typesupport_fastrtps_cpp__visibility_control.h
[1.181s] -- Up-to-date symlink: /home/uocav/ros-workspace/install/ouster_msgs/include/ouster_msgs/ouster_msgs/srv/detail/get_config__rosidl_typesupport_fastrtps_cpp.hpp
[1.181s] -- Up-to-date symlink: /home/uocav/ros-workspace/install/ouster_msgs/include/ouster_msgs/ouster_msgs/srv/detail/get_metadata__rosidl_typesupport_fastrtps_cpp.hpp
[1.181s] -- Up-to-date symlink: /home/uocav/ros-workspace/install/ouster_msgs/include/ouster_msgs/ouster_msgs/srv/detail/set_config__rosidl_typesupport_fastrtps_cpp.hpp
[1.181s] -- Up-to-date symlink: /home/uocav/ros-workspace/install/ouster_msgs/include/ouster_msgs/ouster_msgs/msg/detail/packet_msg__rosidl_typesupport_introspection_c.h
[1.181s] -- Up-to-date symlink: /home/uocav/ros-workspace/install/ouster_msgs/include/ouster_msgs/ouster_msgs/msg/rosidl_typesupport_introspection_c__visibility_control.h
[1.181s] -- Up-to-date symlink: /home/uocav/ros-workspace/install/ouster_msgs/include/ouster_msgs/ouster_msgs/srv/detail/get_config__rosidl_typesupport_introspection_c.h
[1.181s] -- Up-to-date symlink: /home/uocav/ros-workspace/install/ouster_msgs/include/ouster_msgs/ouster_msgs/srv/detail/get_metadata__rosidl_typesupport_introspection_c.h
[1.181s] -- Up-to-date symlink: /home/uocav/ros-workspace/install/ouster_msgs/include/ouster_msgs/ouster_msgs/srv/detail/set_config__rosidl_typesupport_introspection_c.h
[1.182s] -- Up-to-date symlink: /home/uocav/ros-workspace/install/ouster_msgs/include/ouster_msgs/ouster_msgs/msg/detail/packet_msg__rosidl_typesupport_introspection_cpp.hpp
[1.183s] -- Up-to-date symlink: /home/uocav/ros-workspace/install/ouster_msgs/include/ouster_msgs/ouster_msgs/srv/detail/get_config__rosidl_typesupport_introspection_cpp.hpp
[1.183s] -- Up-to-date symlink: /home/uocav/ros-workspace/install/ouster_msgs/include/ouster_msgs/ouster_msgs/srv/detail/get_metadata__rosidl_typesupport_introspection_cpp.hpp
[1.183s] -- Up-to-date symlink: /home/uocav/ros-workspace/install/ouster_msgs/include/ouster_msgs/ouster_msgs/srv/detail/set_config__rosidl_typesupport_introspection_cpp.hpp
[1.183s] -- Up-to-date symlink: /home/uocav/ros-workspace/install/ouster_msgs/share/ouster_msgs/environment/pythonpath.sh
[1.183s] -- Up-to-date symlink: /home/uocav/ros-workspace/install/ouster_msgs/share/ouster_msgs/environment/pythonpath.dsv
[1.183s] -- Up-to-date symlink: /home/uocav/ros-workspace/install/ouster_msgs/local/lib/python3.10/dist-packages/ouster_msgs-0.2.0-py3.10.egg-info/PKG-INFO
[1.183s] -- Up-to-date symlink: /home/uocav/ros-workspace/install/ouster_msgs/local/lib/python3.10/dist-packages/ouster_msgs-0.2.0-py3.10.egg-info/SOURCES.txt
[1.183s] -- Up-to-date symlink: /home/uocav/ros-workspace/install/ouster_msgs/local/lib/python3.10/dist-packages/ouster_msgs-0.2.0-py3.10.egg-info/dependency_links.txt
[1.183s] -- Up-to-date symlink: /home/uocav/ros-workspace/install/ouster_msgs/local/lib/python3.10/dist-packages/ouster_msgs-0.2.0-py3.10.egg-info/top_level.txt
[1.184s] -- Up-to-date symlink: /home/uocav/ros-workspace/install/ouster_msgs/local/lib/python3.10/dist-packages/ouster_msgs/__init__.py
[1.184s] -- Up-to-date symlink: /home/uocav/ros-workspace/install/ouster_msgs/local/lib/python3.10/dist-packages/ouster_msgs/_ouster_msgs_s.ep.rosidl_typesupport_c.c
[1.184s] -- Up-to-date symlink: /home/uocav/ros-workspace/install/ouster_msgs/local/lib/python3.10/dist-packages/ouster_msgs/_ouster_msgs_s.ep.rosidl_typesupport_fastrtps_c.c
[1.184s] -- Up-to-date symlink: /home/uocav/ros-workspace/install/ouster_msgs/local/lib/python3.10/dist-packages/ouster_msgs/_ouster_msgs_s.ep.rosidl_typesupport_introspection_c.c
[1.184s] -- Up-to-date symlink: /home/uocav/ros-workspace/install/ouster_msgs/local/lib/python3.10/dist-packages/ouster_msgs/libouster_msgs__rosidl_generator_py.so
[1.184s] -- Up-to-date symlink: /home/uocav/ros-workspace/install/ouster_msgs/local/lib/python3.10/dist-packages/ouster_msgs/msg/__init__.py
[1.184s] -- Up-to-date symlink: /home/uocav/ros-workspace/install/ouster_msgs/local/lib/python3.10/dist-packages/ouster_msgs/msg/_packet_msg.py
[1.184s] -- Up-to-date symlink: /home/uocav/ros-workspace/install/ouster_msgs/local/lib/python3.10/dist-packages/ouster_msgs/msg/_packet_msg_s.c
[1.184s] -- Up-to-date symlink: /home/uocav/ros-workspace/install/ouster_msgs/local/lib/python3.10/dist-packages/ouster_msgs/ouster_msgs_s__rosidl_typesupport_c.cpython-310-x86_64-linux-gnu.so
[1.185s] -- Up-to-date symlink: /home/uocav/ros-workspace/install/ouster_msgs/local/lib/python3.10/dist-packages/ouster_msgs/ouster_msgs_s__rosidl_typesupport_fastrtps_c.cpython-310-x86_64-linux-gnu.so
[1.185s] -- Up-to-date symlink: /home/uocav/ros-workspace/install/ouster_msgs/local/lib/python3.10/dist-packages/ouster_msgs/ouster_msgs_s__rosidl_typesupport_introspection_c.cpython-310-x86_64-linux-gnu.so
[1.185s] -- Up-to-date symlink: /home/uocav/ros-workspace/install/ouster_msgs/local/lib/python3.10/dist-packages/ouster_msgs/srv/__init__.py
[1.185s] -- Up-to-date symlink: /home/uocav/ros-workspace/install/ouster_msgs/local/lib/python3.10/dist-packages/ouster_msgs/srv/_get_config.py
[1.185s] -- Up-to-date symlink: /home/uocav/ros-workspace/install/ouster_msgs/local/lib/python3.10/dist-packages/ouster_msgs/srv/_get_config_s.c
[1.185s] -- Up-to-date symlink: /home/uocav/ros-workspace/install/ouster_msgs/local/lib/python3.10/dist-packages/ouster_msgs/srv/_get_metadata.py
[1.185s] -- Up-to-date symlink: /home/uocav/ros-workspace/install/ouster_msgs/local/lib/python3.10/dist-packages/ouster_msgs/srv/_get_metadata_s.c
[1.185s] -- Up-to-date symlink: /home/uocav/ros-workspace/install/ouster_msgs/local/lib/python3.10/dist-packages/ouster_msgs/srv/_set_config.py
[1.185s] -- Up-to-date symlink: /home/uocav/ros-workspace/install/ouster_msgs/local/lib/python3.10/dist-packages/ouster_msgs/srv/_set_config_s.c
[1.185s] -- Up-to-date symlink: /home/uocav/ros-workspace/install/ouster_msgs/local/lib/python3.10/dist-packages/ouster_msgs/ouster_msgs_s__rosidl_typesupport_fastrtps_c.cpython-310-x86_64-linux-gnu.so
[1.185s] -- Up-to-date symlink: /home/uocav/ros-workspace/install/ouster_msgs/local/lib/python3.10/dist-packages/ouster_msgs/ouster_msgs_s__rosidl_typesupport_introspection_c.cpython-310-x86_64-linux-gnu.so
[1.185s] -- Up-to-date symlink: /home/uocav/ros-workspace/install/ouster_msgs/local/lib/python3.10/dist-packages/ouster_msgs/ouster_msgs_s__rosidl_typesupport_c.cpython-310-x86_64-linux-gnu.so
[1.186s] -- Up-to-date symlink: /home/uocav/ros-workspace/install/ouster_msgs/share/ouster_msgs/msg/PacketMsg.idl
[1.186s] -- Up-to-date symlink: /home/uocav/ros-workspace/install/ouster_msgs/share/ouster_msgs/srv/GetConfig.idl
[1.186s] -- Up-to-date symlink: /home/uocav/ros-workspace/install/ouster_msgs/share/ouster_msgs/srv/SetConfig.idl
[1.186s] -- Up-to-date symlink: /home/uocav/ros-workspace/install/ouster_msgs/share/ouster_msgs/srv/GetMetadata.idl
[1.186s] -- Up-to-date symlink: /home/uocav/ros-workspace/install/ouster_msgs/share/ouster_msgs/msg/PacketMsg.msg
[1.186s] -- Up-to-date symlink: /home/uocav/ros-workspace/install/ouster_msgs/share/ouster_msgs/srv/GetConfig.srv
[1.186s] -- Up-to-date symlink: /home/uocav/ros-workspace/install/ouster_msgs/share/ouster_msgs/srv/GetConfig_Request.msg
[1.186s] -- Up-to-date symlink: /home/uocav/ros-workspace/install/ouster_msgs/share/ouster_msgs/srv/GetConfig_Response.msg
[1.186s] -- Up-to-date symlink: /home/uocav/ros-workspace/install/ouster_msgs/share/ouster_msgs/srv/SetConfig.srv
[1.187s] -- Up-to-date symlink: /home/uocav/ros-workspace/install/ouster_msgs/share/ouster_msgs/srv/SetConfig_Request.msg
[1.187s] -- Up-to-date symlink: /home/uocav/ros-workspace/install/ouster_msgs/share/ouster_msgs/srv/SetConfig_Response.msg
[1.187s] -- Up-to-date symlink: /home/uocav/ros-workspace/install/ouster_msgs/share/ouster_msgs/srv/GetMetadata.srv
[1.187s] -- Up-to-date symlink: /home/uocav/ros-workspace/install/ouster_msgs/share/ouster_msgs/srv/GetMetadata_Request.msg
[1.187s] -- Up-to-date symlink: /home/uocav/ros-workspace/install/ouster_msgs/share/ouster_msgs/srv/GetMetadata_Response.msg
[1.187s] -- Up-to-date symlink: /home/uocav/ros-workspace/install/ouster_msgs/share/ament_index/resource_index/package_run_dependencies/ouster_msgs
[1.187s] -- Up-to-date symlink: /home/uocav/ros-workspace/install/ouster_msgs/share/ament_index/resource_index/parent_prefix_path/ouster_msgs
[1.187s] -- Up-to-date symlink: /home/uocav/ros-workspace/install/ouster_msgs/share/ouster_msgs/environment/ament_prefix_path.sh
[1.187s] -- Up-to-date symlink: /home/uocav/ros-workspace/install/ouster_msgs/share/ouster_msgs/environment/ament_prefix_path.dsv
[1.187s] -- Up-to-date symlink: /home/uocav/ros-workspace/install/ouster_msgs/share/ouster_msgs/environment/path.sh
[1.188s] -- Up-to-date symlink: /home/uocav/ros-workspace/install/ouster_msgs/share/ouster_msgs/environment/path.dsv
[1.188s] -- Up-to-date symlink: /home/uocav/ros-workspace/install/ouster_msgs/share/ouster_msgs/local_setup.bash
[1.188s] -- Up-to-date symlink: /home/uocav/ros-workspace/install/ouster_msgs/share/ouster_msgs/local_setup.sh
[1.188s] -- Up-to-date symlink: /home/uocav/ros-workspace/install/ouster_msgs/share/ouster_msgs/local_setup.zsh
[1.188s] -- Up-to-date symlink: /home/uocav/ros-workspace/install/ouster_msgs/share/ouster_msgs/local_setup.dsv
[1.188s] -- Symlinking: /home/uocav/ros-workspace/install/ouster_msgs/share/ouster_msgs/package.dsv
[1.195s] -- Up-to-date symlink: /home/uocav/ros-workspace/install/ouster_msgs/share/ament_index/resource_index/packages/ouster_msgs
[1.195s] -- Up-to-date symlink: /home/uocav/ros-workspace/install/ouster_msgs/share/ouster_msgs/cmake/rosidl_cmake-extras.cmake
[1.196s] -- Up-to-date symlink: /home/uocav/ros-workspace/install/ouster_msgs/share/ouster_msgs/cmake/ament_cmake_export_dependencies-extras.cmake
[1.196s] -- Up-to-date symlink: /home/uocav/ros-workspace/install/ouster_msgs/share/ouster_msgs/cmake/ament_cmake_export_include_directories-extras.cmake
[1.196s] -- Up-to-date symlink: /home/uocav/ros-workspace/install/ouster_msgs/share/ouster_msgs/cmake/ament_cmake_export_libraries-extras.cmake
[1.196s] -- Up-to-date symlink: /home/uocav/ros-workspace/install/ouster_msgs/share/ouster_msgs/cmake/ament_cmake_export_targets-extras.cmake
[1.196s] -- Up-to-date symlink: /home/uocav/ros-workspace/install/ouster_msgs/share/ouster_msgs/cmake/rosidl_cmake_export_typesupport_targets-extras.cmake
[1.196s] -- Up-to-date symlink: /home/uocav/ros-workspace/install/ouster_msgs/share/ouster_msgs/cmake/rosidl_cmake_export_typesupport_libraries-extras.cmake
[1.196s] -- Up-to-date symlink: /home/uocav/ros-workspace/install/ouster_msgs/share/ouster_msgs/cmake/ouster_msgsConfig.cmake
[1.196s] -- Up-to-date symlink: /home/uocav/ros-workspace/install/ouster_msgs/share/ouster_msgs/cmake/ouster_msgsConfig-version.cmake
[1.197s] -- Up-to-date symlink: /home/uocav/ros-workspace/install/ouster_msgs/share/ouster_msgs/package.xml
[1.197s] -- Up-to-date: /home/uocav/ros-workspace/install/ouster_msgs/lib/libouster_msgs__rosidl_generator_c.so
[1.197s] -- Up-to-date: /home/uocav/ros-workspace/install/ouster_msgs/lib/libouster_msgs__rosidl_typesupport_fastrtps_c.so
[1.197s] -- Up-to-date: /home/uocav/ros-workspace/install/ouster_msgs/lib/libouster_msgs__rosidl_typesupport_fastrtps_cpp.so
[1.197s] -- Up-to-date: /home/uocav/ros-workspace/install/ouster_msgs/lib/libouster_msgs__rosidl_typesupport_introspection_c.so
[1.197s] -- Up-to-date: /home/uocav/ros-workspace/install/ouster_msgs/lib/libouster_msgs__rosidl_typesupport_c.so
[1.197s] -- Up-to-date: /home/uocav/ros-workspace/install/ouster_msgs/lib/libouster_msgs__rosidl_typesupport_introspection_cpp.so
[1.198s] -- Up-to-date: /home/uocav/ros-workspace/install/ouster_msgs/lib/libouster_msgs__rosidl_typesupport_cpp.so
[1.224s] Listing '/home/uocav/ros-workspace/install/ouster_msgs/local/lib/python3.10/dist-packages/ouster_msgs'...
[1.224s] Listing '/home/uocav/ros-workspace/install/ouster_msgs/local/lib/python3.10/dist-packages/ouster_msgs/msg'...
[1.224s] Listing '/home/uocav/ros-workspace/install/ouster_msgs/local/lib/python3.10/dist-packages/ouster_msgs/srv'...
[1.228s] -- Up-to-date: /home/uocav/ros-workspace/install/ouster_msgs/lib/libouster_msgs__rosidl_generator_py.so
[1.228s] -- Up-to-date: /home/uocav/ros-workspace/install/ouster_msgs/share/ouster_msgs/cmake/export_ouster_msgs__rosidl_generator_cExport.cmake
[1.228s] -- Up-to-date: /home/uocav/ros-workspace/install/ouster_msgs/share/ouster_msgs/cmake/export_ouster_msgs__rosidl_generator_cExport-release.cmake
[1.228s] -- Up-to-date: /home/uocav/ros-workspace/install/ouster_msgs/share/ouster_msgs/cmake/export_ouster_msgs__rosidl_typesupport_fastrtps_cExport.cmake
[1.228s] -- Up-to-date: /home/uocav/ros-workspace/install/ouster_msgs/share/ouster_msgs/cmake/export_ouster_msgs__rosidl_typesupport_fastrtps_cExport-release.cmake
[1.228s] -- Up-to-date: /home/uocav/ros-workspace/install/ouster_msgs/share/ouster_msgs/cmake/export_ouster_msgs__rosidl_generator_cppExport.cmake
[1.228s] -- Up-to-date: /home/uocav/ros-workspace/install/ouster_msgs/share/ouster_msgs/cmake/export_ouster_msgs__rosidl_typesupport_fastrtps_cppExport.cmake
[1.228s] -- Up-to-date: /home/uocav/ros-workspace/install/ouster_msgs/share/ouster_msgs/cmake/export_ouster_msgs__rosidl_typesupport_fastrtps_cppExport-release.cmake
[1.228s] -- Up-to-date: /home/uocav/ros-workspace/install/ouster_msgs/share/ouster_msgs/cmake/ouster_msgs__rosidl_typesupport_introspection_cExport.cmake
[1.228s] -- Up-to-date: /home/uocav/ros-workspace/install/ouster_msgs/share/ouster_msgs/cmake/ouster_msgs__rosidl_typesupport_introspection_cExport-release.cmake
[1.229s] -- Up-to-date: /home/uocav/ros-workspace/install/ouster_msgs/share/ouster_msgs/cmake/ouster_msgs__rosidl_typesupport_cExport.cmake
[1.229s] -- Up-to-date: /home/uocav/ros-workspace/install/ouster_msgs/share/ouster_msgs/cmake/ouster_msgs__rosidl_typesupport_cExport-release.cmake
[1.229s] -- Up-to-date: /home/uocav/ros-workspace/install/ouster_msgs/share/ouster_msgs/cmake/ouster_msgs__rosidl_typesupport_introspection_cppExport.cmake
[1.229s] -- Up-to-date: /home/uocav/ros-workspace/install/ouster_msgs/share/ouster_msgs/cmake/ouster_msgs__rosidl_typesupport_introspection_cppExport-release.cmake
[1.229s] -- Up-to-date: /home/uocav/ros-workspace/install/ouster_msgs/share/ouster_msgs/cmake/ouster_msgs__rosidl_typesupport_cppExport.cmake
[1.229s] -- Up-to-date: /home/uocav/ros-workspace/install/ouster_msgs/share/ouster_msgs/cmake/ouster_msgs__rosidl_typesupport_cppExport-release.cmake
[1.229s] -- Up-to-date: /home/uocav/ros-workspace/install/ouster_msgs/share/ouster_msgs/cmake/export_ouster_msgs__rosidl_generator_pyExport.cmake
[1.229s] -- Up-to-date: /home/uocav/ros-workspace/install/ouster_msgs/share/ouster_msgs/cmake/export_ouster_msgs__rosidl_generator_pyExport-release.cmake
[1.272s] Invoked command in '/home/uocav/ros-workspace/build/ouster_msgs' returned '0': CMAKE_PREFIX_PATH=${CMAKE_PREFIX_PATH}:/opt/ros/humble:/home/uocav/ros-workspace/install/urdf_tutorial_r2d2:/opt/ros/foxy /usr/bin/cmake --install /home/uocav/ros-workspace/build/ouster_msgs
