[0.098s] Invoking command in '/home/uocav/ros-workspace/build/ouster_msgs': CMAKE_PREFIX_PATH=${CMAKE_PREFIX_PATH}:/home/uocav/ros-workspace/install/urdf_tutorial_r2d2:/opt/ros/foxy /usr/bin/cmake /home/uocav/ros-workspace/src/ouster-ros/ouster-msgs -DCMAKE_BUILD_TYPE=Release -DAMENT_CMAKE_SYMLINK_INSTALL=1 -DCMAKE_INSTALL_PREFIX=/home/uocav/ros-workspace/install/ouster_msgs
[0.218s] -- The C compiler identification is GNU 9.4.0
[0.313s] -- The CXX compiler identification is GNU 9.4.0
[0.331s] -- Check for working C compiler: /usr/bin/cc
[0.461s] -- Check for working C compiler: /usr/bin/cc -- works
[0.462s] -- Detecting C compiler ABI info
[0.603s] -- Detecting C compiler ABI info - done
[0.617s] -- Detecting C compile features
[0.618s] -- Detecting C compile features - done
[0.623s] -- Check for working CXX compiler: /usr/bin/c++
[0.782s] -- Check for working CXX compiler: /usr/bin/c++ -- works
[0.784s] -- Detecting CXX compiler ABI info
[0.934s] -- Detecting CXX compiler ABI info - done
[0.952s] -- Detecting CXX compile features
[0.952s] -- Detecting CXX compile features - done
[0.957s] -- Found ament_cmake: 0.9.12 (/opt/ros/foxy/share/ament_cmake/cmake)
[1.004s] -- Found PythonInterp: /usr/bin/python3 (found suitable version "3.8.10", minimum required is "3") 
[1.005s] -- Using PYTHON_EXECUTABLE: /usr/bin/python3
[1.272s] -- Override CMake install command with custom implementation using symlinks instead of copying resources
[1.331s] -- Found rosidl_default_generators: 1.0.1 (/opt/ros/foxy/share/rosidl_default_generators/cmake)
[1.338s] -- Using all available rosidl_typesupport_c: rosidl_typesupport_fastrtps_c;rosidl_typesupport_introspection_c
[1.358s] -- Found rosidl_adapter: 1.3.1 (/opt/ros/foxy/share/rosidl_adapter/cmake)
[1.546s] -- Found OpenSSL: /usr/lib/x86_64-linux-gnu/libcrypto.so (found version "1.1.1f")  
[1.595s] -- Found FastRTPS: /opt/ros/foxy/include  
[1.725s] -- Using all available rosidl_typesupport_cpp: rosidl_typesupport_fastrtps_cpp;rosidl_typesupport_introspection_cpp
[1.811s] -- Found PythonInterp: /usr/bin/python3 (found version "3.8.10") 
[1.987s] -- Found ament_cmake_ros: 0.9.2 (/opt/ros/foxy/share/ament_cmake_ros/cmake)
[2.150s] -- Using all available rosidl_typesupport_c: rosidl_typesupport_fastrtps_c;rosidl_typesupport_introspection_c
[2.172s] -- Using all available rosidl_typesupport_cpp: rosidl_typesupport_fastrtps_cpp;rosidl_typesupport_introspection_cpp
[2.223s] -- Found PythonInterp: /usr/bin/python3 (found suitable version "3.8.10", minimum required is "3.5") 
[2.223s] -- Found python_cmake_module: 0.8.1 (/opt/ros/foxy/share/python_cmake_module/cmake)
[2.272s] -- Found PythonLibs: /usr/lib/x86_64-linux-gnu/libpython3.8.so (found suitable version "3.8.10", minimum required is "3.5") 
[2.272s] -- Using PYTHON_EXECUTABLE: /usr/bin/python3
[2.272s] -- Using PYTHON_INCLUDE_DIRS: /usr/include/python3.8
[2.272s] -- Using PYTHON_LIBRARIES: /usr/lib/x86_64-linux-gnu/libpython3.8.so
[2.308s] -- Found PythonExtra: .so  
[2.420s] -- Configuring done
[2.464s] -- Generating done
[2.467s] -- Build files have been written to: /home/uocav/ros-workspace/build/ouster_msgs
[2.534s] Invoked command in '/home/uocav/ros-workspace/build/ouster_msgs' returned '0': CMAKE_PREFIX_PATH=${CMAKE_PREFIX_PATH}:/home/uocav/ros-workspace/install/urdf_tutorial_r2d2:/opt/ros/foxy /usr/bin/cmake /home/uocav/ros-workspace/src/ouster-ros/ouster-msgs -DCMAKE_BUILD_TYPE=Release -DAMENT_CMAKE_SYMLINK_INSTALL=1 -DCMAKE_INSTALL_PREFIX=/home/uocav/ros-workspace/install/ouster_msgs
[2.538s] Invoking command in '/home/uocav/ros-workspace/build/ouster_msgs': CMAKE_PREFIX_PATH=${CMAKE_PREFIX_PATH}:/home/uocav/ros-workspace/install/urdf_tutorial_r2d2:/opt/ros/foxy /usr/bin/cmake --build /home/uocav/ros-workspace/build/ouster_msgs -- -j6 -l6
[2.641s] [  3%] [34m[1mGenerating C code for ROS interfaces[0m
[2.641s] [35m[1mScanning dependencies of target ouster_msgs__cpp[0m
[2.676s] [  6%] [34m[1mGenerating C++ code for ROS interfaces[0m
[3.057s] [  6%] Built target ouster_msgs__cpp
[3.065s] [35m[1mScanning dependencies of target ouster_msgs__rosidl_generator_c[0m
[3.071s] [  9%] [34m[1mGenerating C++ type support for eProsima Fast-RTPS[0m
[3.100s] [ 12%] [34m[1mGenerating C++ introspection for ROS interfaces[0m
[3.105s] [ 16%] [34m[1mGenerating C++ type support dispatch for ROS interfaces[0m
[3.163s] [ 19%] [32mBuilding C object CMakeFiles/ouster_msgs__rosidl_generator_c.dir/rosidl_generator_c/ouster_msgs/msg/detail/packet_msg__functions.c.o[0m
[3.406s] [ 22%] [32m[1mLinking C shared library libouster_msgs__rosidl_generator_c.so[0m
[3.513s] [ 22%] Built target ouster_msgs__rosidl_generator_c
[3.553s] [35m[1mScanning dependencies of target ouster_msgs__rosidl_typesupport_fastrtps_cpp[0m
[3.573s] [ 25%] [34m[1mGenerating C type support dispatch for ROS interfaces[0m
[3.576s] [ 29%] [32mBuilding CXX object CMakeFiles/ouster_msgs__rosidl_typesupport_fastrtps_cpp.dir/rosidl_typesupport_fastrtps_cpp/ouster_msgs/msg/detail/dds_fastrtps/packet_msg__type_support.cpp.o[0m
[3.593s] [ 32%] [34m[1mGenerating C introspection for ROS interfaces[0m
[3.600s] [35m[1mScanning dependencies of target ouster_msgs__rosidl_typesupport_cpp[0m
[3.637s] [ 35%] [32mBuilding CXX object CMakeFiles/ouster_msgs__rosidl_typesupport_cpp.dir/rosidl_typesupport_cpp/ouster_msgs/msg/packet_msg__type_support.cpp.o[0m
[3.697s] [35m[1mScanning dependencies of target ouster_msgs__rosidl_typesupport_introspection_cpp[0m
[3.769s] [ 38%] [32mBuilding CXX object CMakeFiles/ouster_msgs__rosidl_typesupport_introspection_cpp.dir/rosidl_typesupport_introspection_cpp/ouster_msgs/msg/detail/packet_msg__type_support.cpp.o[0m
[3.975s] [35m[1mScanning dependencies of target ouster_msgs__rosidl_typesupport_c[0m
[4.054s] [ 41%] [32mBuilding CXX object CMakeFiles/ouster_msgs__rosidl_typesupport_c.dir/rosidl_typesupport_c/ouster_msgs/msg/packet_msg__type_support.cpp.o[0m
[4.209s] [ 45%] [32m[1mLinking CXX shared library libouster_msgs__rosidl_typesupport_c.so[0m
[4.304s] [35m[1mScanning dependencies of target ouster_msgs__rosidl_typesupport_introspection_c[0m
[4.393s] [ 48%] [32mBuilding C object CMakeFiles/ouster_msgs__rosidl_typesupport_introspection_c.dir/rosidl_typesupport_introspection_c/ouster_msgs/msg/detail/packet_msg__type_support.c.o[0m
[4.407s] [ 48%] Built target ouster_msgs__rosidl_typesupport_c
[4.520s] [ 51%] [32m[1mLinking C shared library libouster_msgs__rosidl_typesupport_introspection_c.so[0m
[4.528s] [ 54%] [32m[1mLinking CXX shared library libouster_msgs__rosidl_typesupport_introspection_cpp.so[0m
[4.617s] [ 58%] [32m[1mLinking CXX shared library libouster_msgs__rosidl_typesupport_cpp.so[0m
[4.631s] [ 58%] Built target ouster_msgs__rosidl_typesupport_introspection_c
[4.811s] [ 58%] Built target ouster_msgs__rosidl_typesupport_cpp
[4.839s] [ 58%] Built target ouster_msgs__rosidl_typesupport_introspection_cpp
[5.140s] [ 61%] [32m[1mLinking CXX shared library libouster_msgs__rosidl_typesupport_fastrtps_cpp.so[0m
[5.633s] [ 61%] Built target ouster_msgs__rosidl_typesupport_fastrtps_cpp
[5.716s] [ 64%] [34m[1mGenerating C type support for eProsima Fast-RTPS[0m
[6.955s] [35m[1mScanning dependencies of target ouster_msgs__rosidl_typesupport_fastrtps_c[0m
[7.049s] [ 67%] [32mBuilding CXX object CMakeFiles/ouster_msgs__rosidl_typesupport_fastrtps_c.dir/rosidl_typesupport_fastrtps_c/ouster_msgs/msg/detail/packet_msg__type_support_c.cpp.o[0m
[7.951s] [ 70%] [32m[1mLinking CXX shared library libouster_msgs__rosidl_typesupport_fastrtps_c.so[0m
[8.297s] [ 70%] Built target ouster_msgs__rosidl_typesupport_fastrtps_c
[8.352s] [35m[1mScanning dependencies of target ouster_msgs[0m
[8.404s] [ 70%] Built target ouster_msgs
[8.470s] [35m[1mScanning dependencies of target ouster_msgs__py[0m
[8.520s] [ 74%] [34m[1mGenerating Python code for ROS interfaces[0m
[9.682s] [ 74%] Built target ouster_msgs__py
[9.727s] [35m[1mScanning dependencies of target ouster_msgs__python[0m
[9.827s] [ 77%] [32mBuilding C object CMakeFiles/ouster_msgs__python.dir/rosidl_generator_py/ouster_msgs/msg/_packet_msg_s.c.o[0m
[10.179s] [ 80%] [32m[1mLinking C shared library rosidl_generator_py/ouster_msgs/libouster_msgs__python.so[0m
[10.312s] [ 80%] Built target ouster_msgs__python
[10.362s] [35m[1mScanning dependencies of target ouster_msgs__rosidl_typesupport_introspection_c__pyext[0m
[10.371s] [35m[1mScanning dependencies of target ouster_msgs__rosidl_typesupport_c__pyext[0m
[10.383s] [35m[1mScanning dependencies of target ouster_msgs__rosidl_typesupport_fastrtps_c__pyext[0m
[10.430s] [ 83%] [32mBuilding C object CMakeFiles/ouster_msgs__rosidl_typesupport_c__pyext.dir/rosidl_generator_py/ouster_msgs/_ouster_msgs_s.ep.rosidl_typesupport_c.c.o[0m
[10.458s] [ 87%] [32mBuilding C object CMakeFiles/ouster_msgs__rosidl_typesupport_introspection_c__pyext.dir/rosidl_generator_py/ouster_msgs/_ouster_msgs_s.ep.rosidl_typesupport_introspection_c.c.o[0m
[10.461s] [ 90%] [32mBuilding C object CMakeFiles/ouster_msgs__rosidl_typesupport_fastrtps_c__pyext.dir/rosidl_generator_py/ouster_msgs/_ouster_msgs_s.ep.rosidl_typesupport_fastrtps_c.c.o[0m
[10.662s] [ 93%] [32m[1mLinking C shared library rosidl_generator_py/ouster_msgs/ouster_msgs_s__rosidl_typesupport_c.cpython-38-x86_64-linux-gnu.so[0m
[10.724s] [ 96%] [32m[1mLinking CXX shared library rosidl_generator_py/ouster_msgs/ouster_msgs_s__rosidl_typesupport_fastrtps_c.cpython-38-x86_64-linux-gnu.so[0m
[10.751s] [100%] [32m[1mLinking C shared library rosidl_generator_py/ouster_msgs/ouster_msgs_s__rosidl_typesupport_introspection_c.cpython-38-x86_64-linux-gnu.so[0m
[10.817s] [100%] Built target ouster_msgs__rosidl_typesupport_c__pyext
[10.863s] [100%] Built target ouster_msgs__rosidl_typesupport_introspection_c__pyext
[10.919s] [100%] Built target ouster_msgs__rosidl_typesupport_fastrtps_c__pyext
[10.949s] Invoked command in '/home/uocav/ros-workspace/build/ouster_msgs' returned '0': CMAKE_PREFIX_PATH=${CMAKE_PREFIX_PATH}:/home/uocav/ros-workspace/install/urdf_tutorial_r2d2:/opt/ros/foxy /usr/bin/cmake --build /home/uocav/ros-workspace/build/ouster_msgs -- -j6 -l6
[11.558s] Invoking command in '/home/uocav/ros-workspace/build/ouster_msgs': CMAKE_PREFIX_PATH=${CMAKE_PREFIX_PATH}:/home/uocav/ros-workspace/install/urdf_tutorial_r2d2:/opt/ros/foxy /usr/bin/cmake --install /home/uocav/ros-workspace/build/ouster_msgs
[11.586s] -- Install configuration: "Release"
[11.587s] -- Execute custom install script
[11.588s] -- Symlinking: /home/uocav/ros-workspace/install/ouster_msgs/share/ament_index/resource_index/rosidl_interfaces/ouster_msgs
[11.625s] -- Symlinking: /home/uocav/ros-workspace/install/ouster_msgs/include/ouster_msgs/msg/detail/packet_msg__functions.h
[11.642s] -- Symlinking: /home/uocav/ros-workspace/install/ouster_msgs/include/ouster_msgs/msg/detail/packet_msg__struct.h
[11.675s] -- Symlinking: /home/uocav/ros-workspace/install/ouster_msgs/include/ouster_msgs/msg/detail/packet_msg__type_support.h
[11.707s] -- Symlinking: /home/uocav/ros-workspace/install/ouster_msgs/include/ouster_msgs/msg/packet_msg.h
[11.735s] -- Symlinking: /home/uocav/ros-workspace/install/ouster_msgs/include/ouster_msgs/msg/rosidl_generator_c__visibility_control.h
[11.763s] -- Symlinking: /home/uocav/ros-workspace/install/ouster_msgs/share/ouster_msgs/environment/library_path.sh
[11.789s] -- Symlinking: /home/uocav/ros-workspace/install/ouster_msgs/share/ouster_msgs/environment/library_path.dsv
[11.812s] -- Symlinking: /home/uocav/ros-workspace/install/ouster_msgs/include/ouster_msgs/msg/detail/packet_msg__rosidl_typesupport_fastrtps_c.h
[11.844s] -- Symlinking: /home/uocav/ros-workspace/install/ouster_msgs/include/ouster_msgs/msg/rosidl_typesupport_fastrtps_c__visibility_control.h
[11.876s] -- Symlinking: /home/uocav/ros-workspace/install/ouster_msgs/lib/libouster_msgs__rosidl_typesupport_fastrtps_c.so
[11.912s] -- Symlinking: /home/uocav/ros-workspace/install/ouster_msgs/include/ouster_msgs/msg/detail/packet_msg__rosidl_typesupport_fastrtps_cpp.hpp
[11.943s] -- Symlinking: /home/uocav/ros-workspace/install/ouster_msgs/include/ouster_msgs/msg/rosidl_typesupport_fastrtps_cpp__visibility_control.h
[11.972s] -- Symlinking: /home/uocav/ros-workspace/install/ouster_msgs/lib/libouster_msgs__rosidl_typesupport_fastrtps_cpp.so
[12.013s] -- Symlinking: /home/uocav/ros-workspace/install/ouster_msgs/include/ouster_msgs/msg/detail/packet_msg__rosidl_typesupport_introspection_c.h
[12.042s] -- Symlinking: /home/uocav/ros-workspace/install/ouster_msgs/include/ouster_msgs/msg/rosidl_typesupport_introspection_c__visibility_control.h
[12.070s] -- Symlinking: /home/uocav/ros-workspace/install/ouster_msgs/include/ouster_msgs/msg/detail/packet_msg__builder.hpp
[12.098s] -- Symlinking: /home/uocav/ros-workspace/install/ouster_msgs/include/ouster_msgs/msg/detail/packet_msg__struct.hpp
[12.135s] -- Symlinking: /home/uocav/ros-workspace/install/ouster_msgs/include/ouster_msgs/msg/detail/packet_msg__traits.hpp
[12.160s] -- Symlinking: /home/uocav/ros-workspace/install/ouster_msgs/include/ouster_msgs/msg/detail/packet_msg__type_support.hpp
[12.196s] -- Symlinking: /home/uocav/ros-workspace/install/ouster_msgs/include/ouster_msgs/msg/packet_msg.hpp
[12.227s] -- Symlinking: /home/uocav/ros-workspace/install/ouster_msgs/include/ouster_msgs/msg/rosidl_generator_cpp__visibility_control.hpp
[12.260s] -- Symlinking: /home/uocav/ros-workspace/install/ouster_msgs/include/ouster_msgs/msg/detail/packet_msg__rosidl_typesupport_introspection_cpp.hpp
[12.290s] -- Symlinking: /home/uocav/ros-workspace/install/ouster_msgs/share/ouster_msgs/environment/pythonpath.sh
[12.316s] -- Symlinking: /home/uocav/ros-workspace/install/ouster_msgs/share/ouster_msgs/environment/pythonpath.dsv
[12.341s] -- Symlinking: /home/uocav/ros-workspace/install/ouster_msgs/lib/python3.8/site-packages/ouster_msgs/__init__.py
[12.380s] -- Symlinking: /home/uocav/ros-workspace/install/ouster_msgs/lib/python3.8/site-packages/ouster_msgs/msg/__init__.py
[12.408s] -- Symlinking: /home/uocav/ros-workspace/install/ouster_msgs/lib/python3.8/site-packages/ouster_msgs/msg/_packet_msg.py
[12.436s] -- Symlinking: /home/uocav/ros-workspace/install/ouster_msgs/lib/python3.8/site-packages/ouster_msgs/ouster_msgs_s__rosidl_typesupport_fastrtps_c.cpython-38-x86_64-linux-gnu.so
[12.455s] -- Symlinking: /home/uocav/ros-workspace/install/ouster_msgs/lib/python3.8/site-packages/ouster_msgs/ouster_msgs_s__rosidl_typesupport_introspection_c.cpython-38-x86_64-linux-gnu.so
[12.470s] -- Symlinking: /home/uocav/ros-workspace/install/ouster_msgs/lib/python3.8/site-packages/ouster_msgs/ouster_msgs_s__rosidl_typesupport_c.cpython-38-x86_64-linux-gnu.so
[12.481s] -- Symlinking: /home/uocav/ros-workspace/install/ouster_msgs/lib/libouster_msgs__python.so
[12.512s] -- Symlinking: /home/uocav/ros-workspace/install/ouster_msgs/share/ouster_msgs/msg/PacketMsg.idl
[12.539s] -- Symlinking: /home/uocav/ros-workspace/install/ouster_msgs/share/ouster_msgs/msg/PacketMsg.msg
[12.562s] -- Symlinking: /home/uocav/ros-workspace/install/ouster_msgs/share/ament_index/resource_index/package_run_dependencies/ouster_msgs
[12.572s] -- Symlinking: /home/uocav/ros-workspace/install/ouster_msgs/share/ament_index/resource_index/parent_prefix_path/ouster_msgs
[12.589s] -- Symlinking: /home/uocav/ros-workspace/install/ouster_msgs/share/ouster_msgs/environment/ament_prefix_path.sh
[12.617s] -- Symlinking: /home/uocav/ros-workspace/install/ouster_msgs/share/ouster_msgs/environment/ament_prefix_path.dsv
[12.646s] -- Symlinking: /home/uocav/ros-workspace/install/ouster_msgs/share/ouster_msgs/environment/path.sh
[12.667s] -- Symlinking: /home/uocav/ros-workspace/install/ouster_msgs/share/ouster_msgs/environment/path.dsv
[12.687s] -- Symlinking: /home/uocav/ros-workspace/install/ouster_msgs/share/ouster_msgs/local_setup.bash
[12.715s] -- Symlinking: /home/uocav/ros-workspace/install/ouster_msgs/share/ouster_msgs/local_setup.sh
[12.734s] -- Symlinking: /home/uocav/ros-workspace/install/ouster_msgs/share/ouster_msgs/local_setup.zsh
[12.742s] -- Symlinking: /home/uocav/ros-workspace/install/ouster_msgs/share/ouster_msgs/local_setup.dsv
[12.770s] -- Symlinking: /home/uocav/ros-workspace/install/ouster_msgs/share/ouster_msgs/package.dsv
[12.791s] -- Symlinking: /home/uocav/ros-workspace/install/ouster_msgs/share/ament_index/resource_index/packages/ouster_msgs
[12.819s] -- Symlinking: /home/uocav/ros-workspace/install/ouster_msgs/share/ouster_msgs/cmake/rosidl_cmake-extras.cmake
[12.850s] -- Symlinking: /home/uocav/ros-workspace/install/ouster_msgs/share/ouster_msgs/cmake/ament_cmake_export_dependencies-extras.cmake
[12.871s] -- Symlinking: /home/uocav/ros-workspace/install/ouster_msgs/share/ouster_msgs/cmake/ament_cmake_export_libraries-extras.cmake
[12.900s] -- Symlinking: /home/uocav/ros-workspace/install/ouster_msgs/share/ouster_msgs/cmake/ament_cmake_export_targets-extras.cmake
[12.935s] -- Symlinking: /home/uocav/ros-workspace/install/ouster_msgs/share/ouster_msgs/cmake/ament_cmake_export_include_directories-extras.cmake
[12.961s] -- Symlinking: /home/uocav/ros-workspace/install/ouster_msgs/share/ouster_msgs/cmake/rosidl_cmake_export_typesupport_libraries-extras.cmake
[12.996s] -- Symlinking: /home/uocav/ros-workspace/install/ouster_msgs/share/ouster_msgs/cmake/rosidl_cmake_export_typesupport_targets-extras.cmake
[13.009s] -- Symlinking: /home/uocav/ros-workspace/install/ouster_msgs/share/ouster_msgs/cmake/ouster_msgsConfig.cmake
[13.019s] -- Symlinking: /home/uocav/ros-workspace/install/ouster_msgs/share/ouster_msgs/cmake/ouster_msgsConfig-version.cmake
[13.029s] -- Symlinking: /home/uocav/ros-workspace/install/ouster_msgs/share/ouster_msgs/package.xml
[13.041s] -- Installing: /home/uocav/ros-workspace/install/ouster_msgs/lib/libouster_msgs__rosidl_generator_c.so
[13.041s] -- Set runtime path of "/home/uocav/ros-workspace/install/ouster_msgs/lib/libouster_msgs__rosidl_generator_c.so" to ""
[13.042s] -- Installing: /home/uocav/ros-workspace/install/ouster_msgs/lib/libouster_msgs__rosidl_typesupport_introspection_c.so
[13.042s] -- Set runtime path of "/home/uocav/ros-workspace/install/ouster_msgs/lib/libouster_msgs__rosidl_typesupport_introspection_c.so" to ""
[13.042s] -- Installing: /home/uocav/ros-workspace/install/ouster_msgs/lib/libouster_msgs__rosidl_typesupport_c.so
[13.042s] -- Set runtime path of "/home/uocav/ros-workspace/install/ouster_msgs/lib/libouster_msgs__rosidl_typesupport_c.so" to ""
[13.042s] -- Installing: /home/uocav/ros-workspace/install/ouster_msgs/lib/libouster_msgs__rosidl_typesupport_introspection_cpp.so
[13.042s] -- Set runtime path of "/home/uocav/ros-workspace/install/ouster_msgs/lib/libouster_msgs__rosidl_typesupport_introspection_cpp.so" to ""
[13.043s] -- Installing: /home/uocav/ros-workspace/install/ouster_msgs/lib/libouster_msgs__rosidl_typesupport_cpp.so
[13.043s] -- Set runtime path of "/home/uocav/ros-workspace/install/ouster_msgs/lib/libouster_msgs__rosidl_typesupport_cpp.so" to ""
[13.084s] Compiling '/home/uocav/ros-workspace/install/ouster_msgs/lib/python3.8/site-packages/ouster_msgs/__init__.py'...
[13.090s] -- Installing: /home/uocav/ros-workspace/install/ouster_msgs/share/ouster_msgs/cmake/ouster_msgs__rosidl_generator_cExport.cmake
[13.090s] -- Installing: /home/uocav/ros-workspace/install/ouster_msgs/share/ouster_msgs/cmake/ouster_msgs__rosidl_generator_cExport-release.cmake
[13.090s] -- Installing: /home/uocav/ros-workspace/install/ouster_msgs/share/ouster_msgs/cmake/ouster_msgs__rosidl_typesupport_introspection_cExport.cmake
[13.090s] -- Installing: /home/uocav/ros-workspace/install/ouster_msgs/share/ouster_msgs/cmake/ouster_msgs__rosidl_typesupport_introspection_cExport-release.cmake
[13.090s] -- Installing: /home/uocav/ros-workspace/install/ouster_msgs/share/ouster_msgs/cmake/ouster_msgs__rosidl_typesupport_cExport.cmake
[13.091s] -- Installing: /home/uocav/ros-workspace/install/ouster_msgs/share/ouster_msgs/cmake/ouster_msgs__rosidl_typesupport_cExport-release.cmake
[13.091s] -- Installing: /home/uocav/ros-workspace/install/ouster_msgs/share/ouster_msgs/cmake/ouster_msgs__rosidl_generator_cppExport.cmake
[13.091s] -- Installing: /home/uocav/ros-workspace/install/ouster_msgs/share/ouster_msgs/cmake/ouster_msgs__rosidl_typesupport_introspection_cppExport.cmake
[13.092s] -- Installing: /home/uocav/ros-workspace/install/ouster_msgs/share/ouster_msgs/cmake/ouster_msgs__rosidl_typesupport_introspection_cppExport-release.cmake
[13.092s] -- Installing: /home/uocav/ros-workspace/install/ouster_msgs/share/ouster_msgs/cmake/ouster_msgs__rosidl_typesupport_cppExport.cmake
[13.093s] -- Installing: /home/uocav/ros-workspace/install/ouster_msgs/share/ouster_msgs/cmake/ouster_msgs__rosidl_typesupport_cppExport-release.cmake
[13.100s] Invoked command in '/home/uocav/ros-workspace/build/ouster_msgs' returned '0': CMAKE_PREFIX_PATH=${CMAKE_PREFIX_PATH}:/home/uocav/ros-workspace/install/urdf_tutorial_r2d2:/opt/ros/foxy /usr/bin/cmake --install /home/uocav/ros-workspace/build/ouster_msgs
