[0.022s] Invoking command in '/home/uocav/ros-workspace/build/ros2_esp32': CMAKE_PREFIX_PATH=${CMAKE_PREFIX_PATH}:/home/uocav/ros-workspace/install/urdf_tutorial_r2d2:/opt/ros/foxy /usr/bin/cmake --build /home/uocav/ros-workspace/build/ros2_esp32 -- -j6 -l6
[0.105s] -- Found ament_cmake: 0.9.12 (/opt/ros/foxy/share/ament_cmake/cmake)
[0.181s] -- Using PYTHON_EXECUTABLE: /usr/bin/python3
[0.452s] -- Override CMake install command with custom implementation using symlinks instead of copying resources
[0.456s] -- Found rclcpp: 2.4.3 (/opt/ros/foxy/share/rclcpp/cmake)
[0.500s] -- Using all available rosidl_typesupport_c: rosidl_typesupport_fastrtps_c;rosidl_typesupport_introspection_c
[0.507s] -- Found rosidl_adapter: 1.3.1 (/opt/ros/foxy/share/rosidl_adapter/cmake)
[0.688s] -- Using all available rosidl_typesupport_cpp: rosidl_typesupport_fastrtps_cpp;rosidl_typesupport_introspection_cpp
[0.755s] -- Found rmw_implementation_cmake: 1.0.4 (/opt/ros/foxy/share/rmw_implementation_cmake/cmake)
[0.757s] -- Using RMW implementation 'rmw_fastrtps_cpp' as default
[1.017s] -- Configuring done
[1.033s] -- Generating done
[1.034s] -- Build files have been written to: /home/uocav/ros-workspace/build/ros2_esp32
[1.065s] [35m[1mScanning dependencies of target string_publisher[0m
[1.101s] [ 25%] [32mBuilding CXX object CMakeFiles/string_publisher.dir/src/string_publisher.cpp.o[0m
[7.294s] [ 50%] [32m[1mLinking CXX executable string_publisher[0m
[7.491s] [ 50%] Built target string_publisher
[7.507s] [35m[1mScanning dependencies of target integer_publisher[0m
[7.542s] [ 75%] [32mBuilding CXX object CMakeFiles/integer_publisher.dir/src/integer_publisher.cpp.o[0m
[13.994s] [100%] [32m[1mLinking CXX executable integer_publisher[0m
[14.192s] [100%] Built target integer_publisher
