[0.037s] Invoking command in '/home/uocav/ros-workspace/build/sbg_driver': CMAKE_PREFIX_PATH=${CMAKE_PREFIX_PATH}:/home/uocav/ros-workspace/install/urdf_tutorial_r2d2:/opt/ros/foxy /usr/bin/cmake /home/uocav/ros-workspace/src/sbg_ros2_driver -DCMAKE_INSTALL_PREFIX=/home/uocav/ros-workspace/install/sbg_driver
[0.160s] -- Found ament_cmake: 0.9.12 (/opt/ros/foxy/share/ament_cmake/cmake)
[0.182s] -- Found PythonInterp: /usr/bin/python3 (found suitable version "3.8.10", minimum required is "3") 
[0.182s] -- Using PYTHON_EXECUTABLE: /usr/bin/python3
[0.543s] -- Found rclcpp: 2.4.3 (/opt/ros/foxy/share/rclcpp/cmake)
[0.571s] -- Using all available rosidl_typesupport_c: rosidl_typesupport_fastrtps_c;rosidl_typesupport_introspection_c
[0.574s] -- Found rosidl_adapter: 1.3.1 (/opt/ros/foxy/share/rosidl_adapter/cmake)
[0.895s] -- Using all available rosidl_typesupport_cpp: rosidl_typesupport_fastrtps_cpp;rosidl_typesupport_introspection_cpp
[1.004s] -- Found rmw_implementation_cmake: 1.0.4 (/opt/ros/foxy/share/rmw_implementation_cmake/cmake)
[1.004s] -- Using RMW implementation 'rmw_fastrtps_cpp' as default
[1.435s] -- Found sensor_msgs: 2.0.5 (/opt/ros/foxy/share/sensor_msgs/cmake)
[1.729s] -- Found std_srvs: 2.0.5 (/opt/ros/foxy/share/std_srvs/cmake)
[1.736s] -- Found rosidl_default_generators: 1.0.1 (/opt/ros/foxy/share/rosidl_default_generators/cmake)
[1.745s] -- Found nav_msgs: 2.0.5 (/opt/ros/foxy/share/nav_msgs/cmake)
[1.907s] -- Found rtcm_msgs: 1.1.6 (/opt/ros/foxy/share/rtcm_msgs/cmake)
[1.941s] -- Found tf2_ros: 0.13.14 (/opt/ros/foxy/share/tf2_ros/cmake)
[2.689s] -- Found tf2_geometry_msgs: 0.13.14 (/opt/ros/foxy/share/tf2_geometry_msgs/cmake)
[2.694s] -- Found eigen3_cmake_module: 0.1.1 (/opt/ros/foxy/share/eigen3_cmake_module/cmake)
[2.719s] -- Found nmea_msgs: 2.0.0 (/opt/ros/foxy/share/nmea_msgs/cmake)
[2.874s] -- Found PythonInterp: /usr/bin/python3 (found version "3.8.10") 
[3.271s] -- Found ament_cmake_ros: 0.9.2 (/opt/ros/foxy/share/ament_cmake_ros/cmake)
[3.603s] -- Using all available rosidl_typesupport_c: rosidl_typesupport_fastrtps_c;rosidl_typesupport_introspection_c
[3.797s] -- Using all available rosidl_typesupport_cpp: rosidl_typesupport_fastrtps_cpp;rosidl_typesupport_introspection_cpp
[3.829s] -- Found PythonInterp: /usr/bin/python3 (found suitable version "3.8.10", minimum required is "3.5") 
[3.830s] -- Found python_cmake_module: 0.8.1 (/opt/ros/foxy/share/python_cmake_module/cmake)
[3.861s] -- Using PYTHON_EXECUTABLE: /usr/bin/python3
[3.861s] -- Using PYTHON_INCLUDE_DIRS: /usr/include/python3.8
[3.862s] -- Using PYTHON_LIBRARIES: /usr/lib/x86_64-linux-gnu/libpython3.8.so
[3.935s] -- Configuring done
[4.138s] -- Generating done
[4.142s] -- Build files have been written to: /home/uocav/ros-workspace/build/sbg_driver
[4.155s] Invoked command in '/home/uocav/ros-workspace/build/sbg_driver' returned '0': CMAKE_PREFIX_PATH=${CMAKE_PREFIX_PATH}:/home/uocav/ros-workspace/install/urdf_tutorial_r2d2:/opt/ros/foxy /usr/bin/cmake /home/uocav/ros-workspace/src/sbg_ros2_driver -DCMAKE_INSTALL_PREFIX=/home/uocav/ros-workspace/install/sbg_driver
[4.160s] Invoking command in '/home/uocav/ros-workspace/build/sbg_driver': CMAKE_PREFIX_PATH=${CMAKE_PREFIX_PATH}:/home/uocav/ros-workspace/install/urdf_tutorial_r2d2:/opt/ros/foxy /usr/bin/cmake --build /home/uocav/ros-workspace/build/sbg_driver -- -j6 -l6
[4.232s] [  0%] [34m[1mGenerating C code for ROS interfaces[0m
[4.232s] [35m[1mScanning dependencies of target sbg_driver__cpp[0m
[4.233s] [35m[1mScanning dependencies of target sbgECom[0m
[4.248s] [  0%] [34m[1mGenerating C++ code for ROS interfaces[0m
[4.267s] [  1%] [32mBuilding C object external/sbgECom/CMakeFiles/sbgECom.dir/src/binaryLogs/sbgEComBinaryLogDiag.c.o[0m
[4.271s] [  1%] [32mBuilding C object external/sbgECom/CMakeFiles/sbgECom.dir/src/binaryLogs/sbgEComBinaryLogDebug.c.o[0m
[4.271s] [  1%] [32mBuilding C object external/sbgECom/CMakeFiles/sbgECom.dir/src/binaryLogs/sbgEComBinaryLogAirData.c.o[0m
[4.271s] [  1%] [32mBuilding C object external/sbgECom/CMakeFiles/sbgECom.dir/src/binaryLogs/sbgEComBinaryLogDepth.c.o[0m
[4.536s] [  1%] [32mBuilding C object external/sbgECom/CMakeFiles/sbgECom.dir/src/binaryLogs/sbgEComBinaryLogDvl.c.o[0m
[4.539s] [  1%] [32mBuilding C object external/sbgECom/CMakeFiles/sbgECom.dir/src/binaryLogs/sbgEComBinaryLogEkf.c.o[0m
[4.544s] [  2%] [32mBuilding C object external/sbgECom/CMakeFiles/sbgECom.dir/src/binaryLogs/sbgEComBinaryLogEvent.c.o[0m
[4.547s] [  2%] [32mBuilding C object external/sbgECom/CMakeFiles/sbgECom.dir/src/binaryLogs/sbgEComBinaryLogGps.c.o[0m
[4.792s] [  2%] [32mBuilding C object external/sbgECom/CMakeFiles/sbgECom.dir/src/binaryLogs/sbgEComBinaryLogImu.c.o[0m
[4.798s] [  3%] [32mBuilding C object external/sbgECom/CMakeFiles/sbgECom.dir/src/binaryLogs/sbgEComBinaryLogImuRaw.c.o[0m
[4.832s] [  3%] [32mBuilding C object external/sbgECom/CMakeFiles/sbgECom.dir/src/binaryLogs/sbgEComBinaryLogMag.c.o[0m
[4.835s] [  3%] [32mBuilding C object external/sbgECom/CMakeFiles/sbgECom.dir/src/binaryLogs/sbgEComBinaryLogOdometer.c.o[0m
[5.071s] [  4%] [32mBuilding C object external/sbgECom/CMakeFiles/sbgECom.dir/src/binaryLogs/sbgEComBinaryLogShipMotion.c.o[0m
[5.089s] [  4%] [32mBuilding C object external/sbgECom/CMakeFiles/sbgECom.dir/src/binaryLogs/sbgEComBinaryLogStatus.c.o[0m
[5.096s] [  5%] [32mBuilding C object external/sbgECom/CMakeFiles/sbgECom.dir/src/binaryLogs/sbgEComBinaryLogUsbl.c.o[0m
[5.096s] [  5%] [32mBuilding C object external/sbgECom/CMakeFiles/sbgECom.dir/src/binaryLogs/sbgEComBinaryLogUtc.c.o[0m
[5.295s] [  5%] [32mBuilding C object external/sbgECom/CMakeFiles/sbgECom.dir/src/binaryLogs/sbgEComBinaryLogs.c.o[0m
[5.361s] [  5%] [32mBuilding C object external/sbgECom/CMakeFiles/sbgECom.dir/src/commands/sbgEComCmd.c.o[0m
[5.366s] [  6%] [32mBuilding C object external/sbgECom/CMakeFiles/sbgECom.dir/src/commands/sbgEComCmdAdvanced.c.o[0m
[5.371s] [  6%] [32mBuilding C object external/sbgECom/CMakeFiles/sbgECom.dir/src/commands/sbgEComCmdAirData.c.o[0m
[5.499s] [  6%] [32mBuilding C object external/sbgECom/CMakeFiles/sbgECom.dir/src/commands/sbgEComCmdCommon.c.o[0m
[5.632s] [  6%] [32mBuilding C object external/sbgECom/CMakeFiles/sbgECom.dir/src/commands/sbgEComCmdDvl.c.o[0m
[5.648s] [  7%] [32mBuilding C object external/sbgECom/CMakeFiles/sbgECom.dir/src/commands/sbgEComCmdEthernet.c.o[0m
[5.671s] [  7%] [32mBuilding C object external/sbgECom/CMakeFiles/sbgECom.dir/src/commands/sbgEComCmdEvent.c.o[0m
[5.879s] [  7%] [32mBuilding C object external/sbgECom/CMakeFiles/sbgECom.dir/src/commands/sbgEComCmdFeatures.c.o[0m
[5.890s] [  8%] [32mBuilding C object external/sbgECom/CMakeFiles/sbgECom.dir/src/commands/sbgEComCmdGnss.c.o[0m
[5.911s] [  8%] [32mBuilding C object external/sbgECom/CMakeFiles/sbgECom.dir/src/commands/sbgEComCmdInfo.c.o[0m
[6.139s] [  8%] [32mBuilding C object external/sbgECom/CMakeFiles/sbgECom.dir/src/commands/sbgEComCmdInterface.c.o[0m
[6.161s] [  9%] [32mBuilding C object external/sbgECom/CMakeFiles/sbgECom.dir/src/commands/sbgEComCmdLicense.c.o[0m
[6.164s] [  9%] [32mBuilding C object external/sbgECom/CMakeFiles/sbgECom.dir/src/commands/sbgEComCmdMag.c.o[0m
[6.179s] [  9%] [32mBuilding C object external/sbgECom/CMakeFiles/sbgECom.dir/src/commands/sbgEComCmdOdo.c.o[0m
[6.415s] [ 10%] [32mBuilding C object external/sbgECom/CMakeFiles/sbgECom.dir/src/commands/sbgEComCmdOutput.c.o[0m
[6.432s] [ 10%] [32mBuilding C object external/sbgECom/CMakeFiles/sbgECom.dir/src/commands/sbgEComCmdSensor.c.o[0m
[6.471s] [ 10%] [32mBuilding C object external/sbgECom/CMakeFiles/sbgECom.dir/src/commands/sbgEComCmdSettings.c.o[0m
[6.519s] [ 11%] [32mBuilding C object external/sbgECom/CMakeFiles/sbgECom.dir/src/commands/transfer/sbgEComTransfer.c.o[0m
[6.702s] [ 11%] [32mBuilding C object external/sbgECom/CMakeFiles/sbgECom.dir/src/protocol/sbgEComProtocol.c.o[0m
[6.713s] [ 11%] [32mBuilding C object external/sbgECom/CMakeFiles/sbgECom.dir/src/sbgECom.c.o[0m
[6.723s] [ 12%] [32mBuilding C object external/sbgECom/CMakeFiles/sbgECom.dir/src/sbgEComGetVersion.c.o[0m
[6.944s] [ 12%] [32mBuilding C object external/sbgECom/CMakeFiles/sbgECom.dir/common/crc/sbgCrc.c.o[0m
[6.968s] [ 12%] [32mBuilding C object external/sbgECom/CMakeFiles/sbgECom.dir/common/interfaces/sbgInterface.c.o[0m
[6.978s] [ 13%] [32mBuilding C object external/sbgECom/CMakeFiles/sbgECom.dir/common/interfaces/sbgInterfaceFile.c.o[0m
[6.980s] [ 13%] [32mBuilding C object external/sbgECom/CMakeFiles/sbgECom.dir/common/interfaces/sbgInterfaceSerialUnix.c.o[0m
[7.065s] [ 13%] [32mBuilding C object external/sbgECom/CMakeFiles/sbgECom.dir/common/interfaces/sbgInterfaceUdp.c.o[0m
[7.197s] [ 13%] [32mBuilding C object external/sbgECom/CMakeFiles/sbgECom.dir/common/network/sbgNetwork.c.o[0m
[7.209s] [ 14%] [32mBuilding C object external/sbgECom/CMakeFiles/sbgECom.dir/common/platform/sbgPlatform.c.o[0m
[7.231s] [ 14%] [32mBuilding C object external/sbgECom/CMakeFiles/sbgECom.dir/common/splitBuffer/sbgSplitBuffer.c.o[0m
[7.239s] [ 14%] [32mBuilding C object external/sbgECom/CMakeFiles/sbgECom.dir/common/streamBuffer/sbgStreamBuffer.c.o[0m
[7.253s] [ 15%] [32mBuilding C object external/sbgECom/CMakeFiles/sbgECom.dir/common/swap/sbgSwap.c.o[0m
[7.264s] [ 15%] [32mBuilding C object external/sbgECom/CMakeFiles/sbgECom.dir/common/version/sbgVersion.c.o[0m
[7.515s] [ 15%] [32m[1mLinking C static library /home/uocav/ros-workspace/src/sbg_ros2_driver/external/sbgECom/bin/libsbgECom.a[0m
[7.666s] [ 15%] Built target sbgECom
[14.732s] [ 15%] Built target sbg_driver__cpp
[14.900s] [ 15%] [34m[1mGenerating C++ introspection for ROS interfaces[0m
[14.984s] [ 16%] [34m[1mGenerating C++ type support for eProsima Fast-RTPS[0m
[15.038s] [ 16%] [34m[1mGenerating C++ type support dispatch for ROS interfaces[0m
[16.210s] [35m[1mScanning dependencies of target sbg_driver__rosidl_generator_c[0m
[16.321s] [ 16%] [32mBuilding C object CMakeFiles/sbg_driver__rosidl_generator_c.dir/rosidl_generator_c/sbg_driver/msg/detail/sbg_gps_pos_status__functions.c.o[0m
[16.344s] [ 17%] [32mBuilding C object CMakeFiles/sbg_driver__rosidl_generator_c.dir/rosidl_generator_c/sbg_driver/msg/detail/sbg_gps_vel_status__functions.c.o[0m
[16.355s] [ 17%] [32mBuilding C object CMakeFiles/sbg_driver__rosidl_generator_c.dir/rosidl_generator_c/sbg_driver/msg/detail/sbg_mag_status__functions.c.o[0m
[16.594s] [ 18%] [32mBuilding C object CMakeFiles/sbg_driver__rosidl_generator_c.dir/rosidl_generator_c/sbg_driver/msg/detail/sbg_ship_motion_status__functions.c.o[0m
[16.644s] [ 18%] [32mBuilding C object CMakeFiles/sbg_driver__rosidl_generator_c.dir/rosidl_generator_c/sbg_driver/msg/detail/sbg_air_data__functions.c.o[0m
[16.721s] [ 18%] [32mBuilding C object CMakeFiles/sbg_driver__rosidl_generator_c.dir/rosidl_generator_c/sbg_driver/msg/detail/sbg_utc_time_status__functions.c.o[0m
[16.941s] [ 19%] [32mBuilding C object CMakeFiles/sbg_driver__rosidl_generator_c.dir/rosidl_generator_c/sbg_driver/msg/detail/sbg_ekf_euler__functions.c.o[0m
[17.004s] [ 19%] [32mBuilding C object CMakeFiles/sbg_driver__rosidl_generator_c.dir/rosidl_generator_c/sbg_driver/msg/detail/sbg_air_data_status__functions.c.o[0m
[17.079s] [ 19%] [32mBuilding C object CMakeFiles/sbg_driver__rosidl_generator_c.dir/rosidl_generator_c/sbg_driver/msg/detail/sbg_gps_pos__functions.c.o[0m
[17.289s] [ 19%] [32mBuilding C object CMakeFiles/sbg_driver__rosidl_generator_c.dir/rosidl_generator_c/sbg_driver/msg/detail/sbg_mag__functions.c.o[0m
[17.311s] [ 20%] [32mBuilding C object CMakeFiles/sbg_driver__rosidl_generator_c.dir/rosidl_generator_c/sbg_driver/msg/detail/sbg_status_com__functions.c.o[0m
[17.475s] [ 20%] [32mBuilding C object CMakeFiles/sbg_driver__rosidl_generator_c.dir/rosidl_generator_c/sbg_driver/msg/detail/sbg_ekf_nav__functions.c.o[0m
[17.545s] [ 20%] [32mBuilding C object CMakeFiles/sbg_driver__rosidl_generator_c.dir/rosidl_generator_c/sbg_driver/msg/detail/sbg_gps_raw__functions.c.o[0m
[17.718s] [ 21%] [32mBuilding C object CMakeFiles/sbg_driver__rosidl_generator_c.dir/rosidl_generator_c/sbg_driver/msg/detail/sbg_odo_vel__functions.c.o[0m
[17.781s] [ 21%] [32mBuilding C object CMakeFiles/sbg_driver__rosidl_generator_c.dir/rosidl_generator_c/sbg_driver/msg/detail/sbg_status_general__functions.c.o[0m
[17.813s] [ 21%] [32mBuilding C object CMakeFiles/sbg_driver__rosidl_generator_c.dir/rosidl_generator_c/sbg_driver/msg/detail/sbg_ekf_quat__functions.c.o[0m
[17.999s] [ 22%] [32mBuilding C object CMakeFiles/sbg_driver__rosidl_generator_c.dir/rosidl_generator_c/sbg_driver/msg/detail/sbg_gps_vel__functions.c.o[0m
[18.083s] [ 22%] [32mBuilding C object CMakeFiles/sbg_driver__rosidl_generator_c.dir/rosidl_generator_c/sbg_driver/msg/detail/sbg_status__functions.c.o[0m
[18.111s] [ 22%] [32mBuilding C object CMakeFiles/sbg_driver__rosidl_generator_c.dir/rosidl_generator_c/sbg_driver/msg/detail/sbg_event__functions.c.o[0m
[18.356s] [ 23%] [32mBuilding C object CMakeFiles/sbg_driver__rosidl_generator_c.dir/rosidl_generator_c/sbg_driver/msg/detail/sbg_imu_status__functions.c.o[0m
[18.384s] [ 23%] [32mBuilding C object CMakeFiles/sbg_driver__rosidl_generator_c.dir/rosidl_generator_c/sbg_driver/msg/detail/sbg_imu_data__functions.c.o[0m
[18.392s] [ 23%] [32mBuilding C object CMakeFiles/sbg_driver__rosidl_generator_c.dir/rosidl_generator_c/sbg_driver/msg/detail/sbg_imu_short__functions.c.o[0m
[18.642s] [ 24%] [32mBuilding C object CMakeFiles/sbg_driver__rosidl_generator_c.dir/rosidl_generator_c/sbg_driver/msg/detail/sbg_ship_motion__functions.c.o[0m
[18.654s] [ 24%] [32mBuilding C object CMakeFiles/sbg_driver__rosidl_generator_c.dir/rosidl_generator_c/sbg_driver/msg/detail/sbg_utc_time__functions.c.o[0m
[18.677s] [ 24%] [32mBuilding C object CMakeFiles/sbg_driver__rosidl_generator_c.dir/rosidl_generator_c/sbg_driver/msg/detail/sbg_gps_hdt__functions.c.o[0m
[18.911s] [ 25%] [32mBuilding C object CMakeFiles/sbg_driver__rosidl_generator_c.dir/rosidl_generator_c/sbg_driver/msg/detail/sbg_mag_calib__functions.c.o[0m
[18.938s] [ 25%] [32mBuilding C object CMakeFiles/sbg_driver__rosidl_generator_c.dir/rosidl_generator_c/sbg_driver/msg/detail/sbg_ekf_status__functions.c.o[0m
[18.944s] [ 25%] [32mBuilding C object CMakeFiles/sbg_driver__rosidl_generator_c.dir/rosidl_generator_c/sbg_driver/msg/detail/sbg_status_aiding__functions.c.o[0m
[19.211s] [ 25%] [32m[1mLinking C shared library libsbg_driver__rosidl_generator_c.so[0m
[19.479s] [ 25%] Built target sbg_driver__rosidl_generator_c
[19.514s] [ 26%] [34m[1mGenerating C type support dispatch for ROS interfaces[0m
[19.548s] [ 26%] [34m[1mGenerating C introspection for ROS interfaces[0m
[29.726s] [35m[1mScanning dependencies of target sbg_driver__rosidl_typesupport_cpp[0m
[29.753s] [ 27%] [32mBuilding CXX object CMakeFiles/sbg_driver__rosidl_typesupport_cpp.dir/rosidl_typesupport_cpp/sbg_driver/msg/sbg_gps_pos_status__type_support.cpp.o[0m
[29.755s] [ 27%] [32mBuilding CXX object CMakeFiles/sbg_driver__rosidl_typesupport_cpp.dir/rosidl_typesupport_cpp/sbg_driver/msg/sbg_gps_vel_status__type_support.cpp.o[0m
[30.797s] [35m[1mScanning dependencies of target sbg_driver__rosidl_typesupport_introspection_cpp[0m
[30.835s] [ 28%] [32mBuilding CXX object CMakeFiles/sbg_driver__rosidl_typesupport_introspection_cpp.dir/rosidl_typesupport_introspection_cpp/sbg_driver/msg/detail/sbg_gps_vel_status__type_support.cpp.o[0m
[30.839s] [ 28%] [32mBuilding CXX object CMakeFiles/sbg_driver__rosidl_typesupport_introspection_cpp.dir/rosidl_typesupport_introspection_cpp/sbg_driver/msg/detail/sbg_gps_pos_status__type_support.cpp.o[0m
[30.841s] [ 28%] [32mBuilding CXX object CMakeFiles/sbg_driver__rosidl_typesupport_cpp.dir/rosidl_typesupport_cpp/sbg_driver/msg/sbg_mag_status__type_support.cpp.o[0m
[31.891s] [ 28%] [32mBuilding CXX object CMakeFiles/sbg_driver__rosidl_typesupport_introspection_cpp.dir/rosidl_typesupport_introspection_cpp/sbg_driver/msg/detail/sbg_mag_status__type_support.cpp.o[0m
[31.985s] [ 29%] [32mBuilding CXX object CMakeFiles/sbg_driver__rosidl_typesupport_introspection_cpp.dir/rosidl_typesupport_introspection_cpp/sbg_driver/msg/detail/sbg_ship_motion_status__type_support.cpp.o[0m
[32.074s] [ 29%] [32mBuilding CXX object CMakeFiles/sbg_driver__rosidl_typesupport_cpp.dir/rosidl_typesupport_cpp/sbg_driver/msg/sbg_ship_motion_status__type_support.cpp.o[0m
[32.397s] [35m[1mScanning dependencies of target sbg_driver__rosidl_typesupport_fastrtps_cpp[0m
[32.432s] [ 29%] [32mBuilding CXX object CMakeFiles/sbg_driver__rosidl_typesupport_fastrtps_cpp.dir/rosidl_typesupport_fastrtps_cpp/sbg_driver/msg/detail/dds_fastrtps/sbg_gps_vel_status__type_support.cpp.o[0m
[32.927s] [ 29%] [32mBuilding CXX object CMakeFiles/sbg_driver__rosidl_typesupport_fastrtps_cpp.dir/rosidl_typesupport_fastrtps_cpp/sbg_driver/msg/detail/dds_fastrtps/sbg_gps_pos_status__type_support.cpp.o[0m
[32.964s] [ 29%] [32mBuilding CXX object CMakeFiles/sbg_driver__rosidl_typesupport_introspection_cpp.dir/rosidl_typesupport_introspection_cpp/sbg_driver/msg/detail/sbg_utc_time_status__type_support.cpp.o[0m
[33.024s] [ 30%] [32mBuilding CXX object CMakeFiles/sbg_driver__rosidl_typesupport_cpp.dir/rosidl_typesupport_cpp/sbg_driver/msg/sbg_utc_time_status__type_support.cpp.o[0m
[33.271s] [35m[1mScanning dependencies of target sbg_driver__rosidl_typesupport_c[0m
[33.454s] [ 30%] [32mBuilding CXX object CMakeFiles/sbg_driver__rosidl_typesupport_c.dir/rosidl_typesupport_c/sbg_driver/msg/sbg_gps_vel_status__type_support.cpp.o[0m
[33.486s] [ 30%] [32mBuilding CXX object CMakeFiles/sbg_driver__rosidl_typesupport_c.dir/rosidl_typesupport_c/sbg_driver/msg/sbg_gps_pos_status__type_support.cpp.o[0m
[33.626s] [ 31%] [32mBuilding CXX object CMakeFiles/sbg_driver__rosidl_typesupport_c.dir/rosidl_typesupport_c/sbg_driver/msg/sbg_mag_status__type_support.cpp.o[0m
[33.742s] [ 31%] [32mBuilding CXX object CMakeFiles/sbg_driver__rosidl_typesupport_c.dir/rosidl_typesupport_c/sbg_driver/msg/sbg_ship_motion_status__type_support.cpp.o[0m
[33.777s] [ 31%] [32mBuilding CXX object CMakeFiles/sbg_driver__rosidl_typesupport_c.dir/rosidl_typesupport_c/sbg_driver/msg/sbg_utc_time_status__type_support.cpp.o[0m
[33.980s] [ 31%] [32mBuilding CXX object CMakeFiles/sbg_driver__rosidl_typesupport_introspection_cpp.dir/rosidl_typesupport_introspection_cpp/sbg_driver/msg/detail/sbg_air_data__type_support.cpp.o[0m
[33.984s] [ 32%] [32mBuilding CXX object CMakeFiles/sbg_driver__rosidl_typesupport_c.dir/rosidl_typesupport_c/sbg_driver/msg/sbg_air_data__type_support.cpp.o[0m
[33.987s] [ 33%] [32mBuilding CXX object CMakeFiles/sbg_driver__rosidl_typesupport_introspection_cpp.dir/rosidl_typesupport_introspection_cpp/sbg_driver/msg/detail/sbg_air_data_status__type_support.cpp.o[0m
[33.989s] [ 33%] [32mBuilding CXX object CMakeFiles/sbg_driver__rosidl_typesupport_cpp.dir/rosidl_typesupport_cpp/sbg_driver/msg/sbg_air_data__type_support.cpp.o[0m
[34.017s] [ 33%] [32mBuilding CXX object CMakeFiles/sbg_driver__rosidl_typesupport_c.dir/rosidl_typesupport_c/sbg_driver/msg/sbg_air_data_status__type_support.cpp.o[0m
[34.171s] [ 33%] [32mBuilding CXX object CMakeFiles/sbg_driver__rosidl_typesupport_c.dir/rosidl_typesupport_c/sbg_driver/msg/sbg_ekf_euler__type_support.cpp.o[0m
[34.281s] [ 34%] [32mBuilding CXX object CMakeFiles/sbg_driver__rosidl_typesupport_c.dir/rosidl_typesupport_c/sbg_driver/msg/sbg_gps_pos__type_support.cpp.o[0m
[34.297s] [ 35%] [32mBuilding CXX object CMakeFiles/sbg_driver__rosidl_typesupport_fastrtps_cpp.dir/rosidl_typesupport_fastrtps_cpp/sbg_driver/msg/detail/dds_fastrtps/sbg_mag_status__type_support.cpp.o[0m
[34.317s] [ 35%] [32mBuilding CXX object CMakeFiles/sbg_driver__rosidl_typesupport_c.dir/rosidl_typesupport_c/sbg_driver/msg/sbg_mag__type_support.cpp.o[0m
[34.533s] [35m[1mScanning dependencies of target sbg_driver__rosidl_typesupport_introspection_c[0m
[34.540s] [ 35%] [32mBuilding CXX object CMakeFiles/sbg_driver__rosidl_typesupport_c.dir/rosidl_typesupport_c/sbg_driver/msg/sbg_status_com__type_support.cpp.o[0m
[34.562s] [ 35%] [32mBuilding C object CMakeFiles/sbg_driver__rosidl_typesupport_introspection_c.dir/rosidl_typesupport_introspection_c/sbg_driver/msg/detail/sbg_gps_vel_status__type_support.c.o[0m
[34.572s] [ 36%] [32mBuilding CXX object CMakeFiles/sbg_driver__rosidl_typesupport_c.dir/rosidl_typesupport_c/sbg_driver/msg/sbg_ekf_nav__type_support.cpp.o[0m
[34.717s] [ 37%] [32mBuilding C object CMakeFiles/sbg_driver__rosidl_typesupport_introspection_c.dir/rosidl_typesupport_introspection_c/sbg_driver/msg/detail/sbg_gps_pos_status__type_support.c.o[0m
[34.806s] [ 37%] [32mBuilding CXX object CMakeFiles/sbg_driver__rosidl_typesupport_c.dir/rosidl_typesupport_c/sbg_driver/msg/sbg_gps_raw__type_support.cpp.o[0m
[34.825s] [ 37%] [32mBuilding C object CMakeFiles/sbg_driver__rosidl_typesupport_introspection_c.dir/rosidl_typesupport_introspection_c/sbg_driver/msg/detail/sbg_mag_status__type_support.c.o[0m
[34.843s] [ 38%] [32mBuilding CXX object CMakeFiles/sbg_driver__rosidl_typesupport_c.dir/rosidl_typesupport_c/sbg_driver/msg/sbg_status_general__type_support.cpp.o[0m
[34.843s] [ 38%] [32mBuilding CXX object CMakeFiles/sbg_driver__rosidl_typesupport_c.dir/rosidl_typesupport_c/sbg_driver/msg/sbg_odo_vel__type_support.cpp.o[0m
[34.860s] [ 38%] [32mBuilding CXX object CMakeFiles/sbg_driver__rosidl_typesupport_cpp.dir/rosidl_typesupport_cpp/sbg_driver/msg/sbg_air_data_status__type_support.cpp.o[0m
[34.928s] [ 38%] [32mBuilding C object CMakeFiles/sbg_driver__rosidl_typesupport_introspection_c.dir/rosidl_typesupport_introspection_c/sbg_driver/msg/detail/sbg_ship_motion_status__type_support.c.o[0m
[34.969s] [ 38%] [32mBuilding CXX object CMakeFiles/sbg_driver__rosidl_typesupport_c.dir/rosidl_typesupport_c/sbg_driver/msg/sbg_ekf_quat__type_support.cpp.o[0m
[34.980s] [ 38%] [32mBuilding CXX object CMakeFiles/sbg_driver__rosidl_typesupport_cpp.dir/rosidl_typesupport_cpp/sbg_driver/msg/sbg_ekf_euler__type_support.cpp.o[0m
[35.055s] [ 38%] [32mBuilding CXX object CMakeFiles/sbg_driver__rosidl_typesupport_introspection_cpp.dir/rosidl_typesupport_introspection_cpp/sbg_driver/msg/detail/sbg_ekf_euler__type_support.cpp.o[0m
[35.078s] [ 39%] [32mBuilding C object CMakeFiles/sbg_driver__rosidl_typesupport_introspection_c.dir/rosidl_typesupport_introspection_c/sbg_driver/msg/detail/sbg_utc_time_status__type_support.c.o[0m
[35.082s] [ 39%] [32mBuilding CXX object CMakeFiles/sbg_driver__rosidl_typesupport_c.dir/rosidl_typesupport_c/sbg_driver/msg/sbg_gps_vel__type_support.cpp.o[0m
[35.168s] [ 39%] [32mBuilding C object CMakeFiles/sbg_driver__rosidl_typesupport_introspection_c.dir/rosidl_typesupport_introspection_c/sbg_driver/msg/detail/sbg_air_data__type_support.c.o[0m
[35.188s] [ 39%] [32mBuilding CXX object CMakeFiles/sbg_driver__rosidl_typesupport_c.dir/rosidl_typesupport_c/sbg_driver/msg/sbg_status__type_support.cpp.o[0m
[35.330s] [ 40%] [32mBuilding CXX object CMakeFiles/sbg_driver__rosidl_typesupport_c.dir/rosidl_typesupport_c/sbg_driver/msg/sbg_event__type_support.cpp.o[0m
[35.340s] [ 40%] [32mBuilding C object CMakeFiles/sbg_driver__rosidl_typesupport_introspection_c.dir/rosidl_typesupport_introspection_c/sbg_driver/msg/detail/sbg_air_data_status__type_support.c.o[0m
[35.378s] [ 40%] [32mBuilding CXX object CMakeFiles/sbg_driver__rosidl_typesupport_c.dir/rosidl_typesupport_c/sbg_driver/msg/sbg_imu_status__type_support.cpp.o[0m
[35.579s] [ 41%] [32mBuilding C object CMakeFiles/sbg_driver__rosidl_typesupport_introspection_c.dir/rosidl_typesupport_introspection_c/sbg_driver/msg/detail/sbg_ekf_euler__type_support.c.o[0m
[35.586s] [ 41%] [32mBuilding CXX object CMakeFiles/sbg_driver__rosidl_typesupport_c.dir/rosidl_typesupport_c/sbg_driver/msg/sbg_imu_data__type_support.cpp.o[0m
[35.622s] [ 42%] [32mBuilding CXX object CMakeFiles/sbg_driver__rosidl_typesupport_c.dir/rosidl_typesupport_c/sbg_driver/msg/sbg_imu_short__type_support.cpp.o[0m
[35.625s] [ 42%] [32mBuilding C object CMakeFiles/sbg_driver__rosidl_typesupport_introspection_c.dir/rosidl_typesupport_introspection_c/sbg_driver/msg/detail/sbg_gps_pos__type_support.c.o[0m
[35.786s] [ 42%] [32mBuilding CXX object CMakeFiles/sbg_driver__rosidl_typesupport_c.dir/rosidl_typesupport_c/sbg_driver/msg/sbg_ship_motion__type_support.cpp.o[0m
[35.852s] [ 42%] [32mBuilding C object CMakeFiles/sbg_driver__rosidl_typesupport_introspection_c.dir/rosidl_typesupport_introspection_c/sbg_driver/msg/detail/sbg_mag__type_support.c.o[0m
[35.869s] [ 42%] [32mBuilding CXX object CMakeFiles/sbg_driver__rosidl_typesupport_fastrtps_cpp.dir/rosidl_typesupport_fastrtps_cpp/sbg_driver/msg/detail/dds_fastrtps/sbg_ship_motion_status__type_support.cpp.o[0m
[35.883s] [ 42%] [32mBuilding CXX object CMakeFiles/sbg_driver__rosidl_typesupport_c.dir/rosidl_typesupport_c/sbg_driver/msg/sbg_utc_time__type_support.cpp.o[0m
[35.897s] [ 43%] [32mBuilding C object CMakeFiles/sbg_driver__rosidl_typesupport_introspection_c.dir/rosidl_typesupport_introspection_c/sbg_driver/msg/detail/sbg_status_com__type_support.c.o[0m
[35.902s] [ 43%] [32mBuilding C object CMakeFiles/sbg_driver__rosidl_typesupport_introspection_c.dir/rosidl_typesupport_introspection_c/sbg_driver/msg/detail/sbg_ekf_nav__type_support.c.o[0m
[35.915s] [ 44%] [32mBuilding CXX object CMakeFiles/sbg_driver__rosidl_typesupport_c.dir/rosidl_typesupport_c/sbg_driver/msg/sbg_gps_hdt__type_support.cpp.o[0m
[35.988s] [ 45%] [32mBuilding CXX object CMakeFiles/sbg_driver__rosidl_typesupport_cpp.dir/rosidl_typesupport_cpp/sbg_driver/msg/sbg_gps_pos__type_support.cpp.o[0m
[36.063s] [ 45%] [32mBuilding CXX object CMakeFiles/sbg_driver__rosidl_typesupport_introspection_cpp.dir/rosidl_typesupport_introspection_cpp/sbg_driver/msg/detail/sbg_gps_pos__type_support.cpp.o[0m
[36.082s] [ 45%] [32mBuilding CXX object CMakeFiles/sbg_driver__rosidl_typesupport_introspection_cpp.dir/rosidl_typesupport_introspection_cpp/sbg_driver/msg/detail/sbg_mag__type_support.cpp.o[0m
[36.121s] [ 45%] [32mBuilding C object CMakeFiles/sbg_driver__rosidl_typesupport_introspection_c.dir/rosidl_typesupport_introspection_c/sbg_driver/msg/detail/sbg_gps_raw__type_support.c.o[0m
[36.131s] [ 45%] [32mBuilding CXX object CMakeFiles/sbg_driver__rosidl_typesupport_c.dir/rosidl_typesupport_c/sbg_driver/msg/sbg_mag_calib__type_support.cpp.o[0m
[36.160s] [ 46%] [32mBuilding C object CMakeFiles/sbg_driver__rosidl_typesupport_introspection_c.dir/rosidl_typesupport_introspection_c/sbg_driver/msg/detail/sbg_odo_vel__type_support.c.o[0m
[36.170s] [ 46%] [32mBuilding CXX object CMakeFiles/sbg_driver__rosidl_typesupport_c.dir/rosidl_typesupport_c/sbg_driver/msg/sbg_status_aiding__type_support.cpp.o[0m
[36.389s] [ 47%] [32mBuilding CXX object CMakeFiles/sbg_driver__rosidl_typesupport_c.dir/rosidl_typesupport_c/sbg_driver/msg/sbg_ekf_status__type_support.cpp.o[0m
[36.403s] [ 47%] [32mBuilding C object CMakeFiles/sbg_driver__rosidl_typesupport_introspection_c.dir/rosidl_typesupport_introspection_c/sbg_driver/msg/detail/sbg_status_general__type_support.c.o[0m
[36.438s] [ 47%] [32mBuilding C object CMakeFiles/sbg_driver__rosidl_typesupport_introspection_c.dir/rosidl_typesupport_introspection_c/sbg_driver/msg/detail/sbg_ekf_quat__type_support.c.o[0m
[36.442s] [ 47%] [32m[1mLinking CXX shared library libsbg_driver__rosidl_typesupport_c.so[0m
[36.652s] [ 48%] [32mBuilding C object CMakeFiles/sbg_driver__rosidl_typesupport_introspection_c.dir/rosidl_typesupport_introspection_c/sbg_driver/msg/detail/sbg_gps_vel__type_support.c.o[0m
[36.687s] [ 48%] Built target sbg_driver__rosidl_typesupport_c
[36.698s] [ 48%] [32mBuilding CXX object CMakeFiles/sbg_driver__rosidl_typesupport_fastrtps_cpp.dir/rosidl_typesupport_fastrtps_cpp/sbg_driver/msg/detail/dds_fastrtps/sbg_utc_time_status__type_support.cpp.o[0m
[36.707s] [ 48%] [32mBuilding C object CMakeFiles/sbg_driver__rosidl_typesupport_introspection_c.dir/rosidl_typesupport_introspection_c/sbg_driver/msg/detail/sbg_status__type_support.c.o[0m
[36.918s] [ 48%] [32mBuilding C object CMakeFiles/sbg_driver__rosidl_typesupport_introspection_c.dir/rosidl_typesupport_introspection_c/sbg_driver/msg/detail/sbg_event__type_support.c.o[0m
[36.954s] [ 48%] [32mBuilding CXX object CMakeFiles/sbg_driver__rosidl_typesupport_cpp.dir/rosidl_typesupport_cpp/sbg_driver/msg/sbg_mag__type_support.cpp.o[0m
[36.975s] [ 48%] [32mBuilding C object CMakeFiles/sbg_driver__rosidl_typesupport_introspection_c.dir/rosidl_typesupport_introspection_c/sbg_driver/msg/detail/sbg_imu_status__type_support.c.o[0m
[36.991s] [ 49%] [32mBuilding CXX object CMakeFiles/sbg_driver__rosidl_typesupport_introspection_cpp.dir/rosidl_typesupport_introspection_cpp/sbg_driver/msg/detail/sbg_status_com__type_support.cpp.o[0m
[37.004s] [ 49%] [32mBuilding CXX object CMakeFiles/sbg_driver__rosidl_typesupport_introspection_cpp.dir/rosidl_typesupport_introspection_cpp/sbg_driver/msg/detail/sbg_ekf_nav__type_support.cpp.o[0m
[37.075s] [ 50%] [32mBuilding C object CMakeFiles/sbg_driver__rosidl_typesupport_introspection_c.dir/rosidl_typesupport_introspection_c/sbg_driver/msg/detail/sbg_imu_data__type_support.c.o[0m
[37.238s] [ 50%] [32mBuilding C object CMakeFiles/sbg_driver__rosidl_typesupport_introspection_c.dir/rosidl_typesupport_introspection_c/sbg_driver/msg/detail/sbg_imu_short__type_support.c.o[0m
[37.257s] [ 51%] [32mBuilding CXX object CMakeFiles/sbg_driver__rosidl_typesupport_fastrtps_cpp.dir/rosidl_typesupport_fastrtps_cpp/sbg_driver/msg/detail/dds_fastrtps/sbg_air_data__type_support.cpp.o[0m
[37.274s] [ 51%] [32mBuilding C object CMakeFiles/sbg_driver__rosidl_typesupport_introspection_c.dir/rosidl_typesupport_introspection_c/sbg_driver/msg/detail/sbg_ship_motion__type_support.c.o[0m
[37.499s] [ 52%] [32mBuilding C object CMakeFiles/sbg_driver__rosidl_typesupport_introspection_c.dir/rosidl_typesupport_introspection_c/sbg_driver/msg/detail/sbg_utc_time__type_support.c.o[0m
[37.625s] [ 52%] [32mBuilding C object CMakeFiles/sbg_driver__rosidl_typesupport_introspection_c.dir/rosidl_typesupport_introspection_c/sbg_driver/msg/detail/sbg_gps_hdt__type_support.c.o[0m
[37.811s] [ 52%] [32mBuilding C object CMakeFiles/sbg_driver__rosidl_typesupport_introspection_c.dir/rosidl_typesupport_introspection_c/sbg_driver/msg/detail/sbg_mag_calib__type_support.c.o[0m
[37.926s] [ 52%] [32mBuilding CXX object CMakeFiles/sbg_driver__rosidl_typesupport_cpp.dir/rosidl_typesupport_cpp/sbg_driver/msg/sbg_status_com__type_support.cpp.o[0m
[38.023s] [ 52%] [32mBuilding CXX object CMakeFiles/sbg_driver__rosidl_typesupport_introspection_cpp.dir/rosidl_typesupport_introspection_cpp/sbg_driver/msg/detail/sbg_gps_raw__type_support.cpp.o[0m
[38.034s] [ 53%] [32mBuilding CXX object CMakeFiles/sbg_driver__rosidl_typesupport_introspection_cpp.dir/rosidl_typesupport_introspection_cpp/sbg_driver/msg/detail/sbg_odo_vel__type_support.cpp.o[0m
[38.036s] [ 54%] [32mBuilding C object CMakeFiles/sbg_driver__rosidl_typesupport_introspection_c.dir/rosidl_typesupport_introspection_c/sbg_driver/msg/detail/sbg_status_aiding__type_support.c.o[0m
[38.132s] [ 54%] [32mBuilding C object CMakeFiles/sbg_driver__rosidl_typesupport_introspection_c.dir/rosidl_typesupport_introspection_c/sbg_driver/msg/detail/sbg_ekf_status__type_support.c.o[0m
[38.289s] [ 54%] [32mBuilding CXX object CMakeFiles/sbg_driver__rosidl_typesupport_fastrtps_cpp.dir/rosidl_typesupport_fastrtps_cpp/sbg_driver/msg/detail/dds_fastrtps/sbg_air_data_status__type_support.cpp.o[0m
[38.291s] [ 54%] [32m[1mLinking C shared library libsbg_driver__rosidl_typesupport_introspection_c.so[0m
[38.455s] [ 54%] Built target sbg_driver__rosidl_typesupport_introspection_c
[38.545s] [ 54%] [32mBuilding CXX object CMakeFiles/sbg_driver__rosidl_typesupport_introspection_cpp.dir/rosidl_typesupport_introspection_cpp/sbg_driver/msg/detail/sbg_status_general__type_support.cpp.o[0m
[38.831s] [ 54%] [32mBuilding CXX object CMakeFiles/sbg_driver__rosidl_typesupport_fastrtps_cpp.dir/rosidl_typesupport_fastrtps_cpp/sbg_driver/msg/detail/dds_fastrtps/sbg_ekf_euler__type_support.cpp.o[0m
[38.879s] [ 55%] [32mBuilding CXX object CMakeFiles/sbg_driver__rosidl_typesupport_cpp.dir/rosidl_typesupport_cpp/sbg_driver/msg/sbg_ekf_nav__type_support.cpp.o[0m
[39.110s] [ 55%] [32mBuilding CXX object CMakeFiles/sbg_driver__rosidl_typesupport_introspection_cpp.dir/rosidl_typesupport_introspection_cpp/sbg_driver/msg/detail/sbg_ekf_quat__type_support.cpp.o[0m
[39.112s] [ 56%] [32mBuilding CXX object CMakeFiles/sbg_driver__rosidl_typesupport_introspection_cpp.dir/rosidl_typesupport_introspection_cpp/sbg_driver/msg/detail/sbg_gps_vel__type_support.cpp.o[0m
[39.476s] [ 56%] [32mBuilding CXX object CMakeFiles/sbg_driver__rosidl_typesupport_introspection_cpp.dir/rosidl_typesupport_introspection_cpp/sbg_driver/msg/detail/sbg_status__type_support.cpp.o[0m
[39.801s] [ 56%] [32mBuilding CXX object CMakeFiles/sbg_driver__rosidl_typesupport_fastrtps_cpp.dir/rosidl_typesupport_fastrtps_cpp/sbg_driver/msg/detail/dds_fastrtps/sbg_gps_pos__type_support.cpp.o[0m
[39.927s] [ 56%] [32mBuilding CXX object CMakeFiles/sbg_driver__rosidl_typesupport_cpp.dir/rosidl_typesupport_cpp/sbg_driver/msg/sbg_gps_raw__type_support.cpp.o[0m
[40.169s] [ 56%] [32mBuilding CXX object CMakeFiles/sbg_driver__rosidl_typesupport_cpp.dir/rosidl_typesupport_cpp/sbg_driver/msg/sbg_odo_vel__type_support.cpp.o[0m
[40.197s] [ 57%] [32mBuilding CXX object CMakeFiles/sbg_driver__rosidl_typesupport_cpp.dir/rosidl_typesupport_cpp/sbg_driver/msg/sbg_status_general__type_support.cpp.o[0m
[40.210s] [ 58%] [32mBuilding CXX object CMakeFiles/sbg_driver__rosidl_typesupport_fastrtps_cpp.dir/rosidl_typesupport_fastrtps_cpp/sbg_driver/msg/detail/dds_fastrtps/sbg_mag__type_support.cpp.o[0m
[40.504s] [ 58%] [32mBuilding CXX object CMakeFiles/sbg_driver__rosidl_typesupport_introspection_cpp.dir/rosidl_typesupport_introspection_cpp/sbg_driver/msg/detail/sbg_event__type_support.cpp.o[0m
[40.983s] [ 59%] [32mBuilding CXX object CMakeFiles/sbg_driver__rosidl_typesupport_introspection_cpp.dir/rosidl_typesupport_introspection_cpp/sbg_driver/msg/detail/sbg_imu_status__type_support.cpp.o[0m
[41.018s] [ 59%] [32mBuilding CXX object CMakeFiles/sbg_driver__rosidl_typesupport_cpp.dir/rosidl_typesupport_cpp/sbg_driver/msg/sbg_ekf_quat__type_support.cpp.o[0m
[41.081s] [ 59%] [32mBuilding CXX object CMakeFiles/sbg_driver__rosidl_typesupport_cpp.dir/rosidl_typesupport_cpp/sbg_driver/msg/sbg_gps_vel__type_support.cpp.o[0m
[41.213s] [ 59%] [32mBuilding CXX object CMakeFiles/sbg_driver__rosidl_typesupport_fastrtps_cpp.dir/rosidl_typesupport_fastrtps_cpp/sbg_driver/msg/detail/dds_fastrtps/sbg_status_com__type_support.cpp.o[0m
[41.574s] [ 59%] [32mBuilding CXX object CMakeFiles/sbg_driver__rosidl_typesupport_fastrtps_cpp.dir/rosidl_typesupport_fastrtps_cpp/sbg_driver/msg/detail/dds_fastrtps/sbg_ekf_nav__type_support.cpp.o[0m
[41.574s] [ 59%] [32mBuilding CXX object CMakeFiles/sbg_driver__rosidl_typesupport_introspection_cpp.dir/rosidl_typesupport_introspection_cpp/sbg_driver/msg/detail/sbg_imu_data__type_support.cpp.o[0m
[41.840s] [ 59%] [32mBuilding CXX object CMakeFiles/sbg_driver__rosidl_typesupport_introspection_cpp.dir/rosidl_typesupport_introspection_cpp/sbg_driver/msg/detail/sbg_imu_short__type_support.cpp.o[0m
[42.101s] [ 60%] [32mBuilding CXX object CMakeFiles/sbg_driver__rosidl_typesupport_cpp.dir/rosidl_typesupport_cpp/sbg_driver/msg/sbg_status__type_support.cpp.o[0m
[42.209s] [ 60%] [32mBuilding CXX object CMakeFiles/sbg_driver__rosidl_typesupport_cpp.dir/rosidl_typesupport_cpp/sbg_driver/msg/sbg_event__type_support.cpp.o[0m
[42.629s] [ 61%] [32mBuilding CXX object CMakeFiles/sbg_driver__rosidl_typesupport_fastrtps_cpp.dir/rosidl_typesupport_fastrtps_cpp/sbg_driver/msg/detail/dds_fastrtps/sbg_gps_raw__type_support.cpp.o[0m
[42.649s] [ 62%] [32mBuilding CXX object CMakeFiles/sbg_driver__rosidl_typesupport_introspection_cpp.dir/rosidl_typesupport_introspection_cpp/sbg_driver/msg/detail/sbg_ship_motion__type_support.cpp.o[0m
[42.816s] [ 62%] [32mBuilding CXX object CMakeFiles/sbg_driver__rosidl_typesupport_introspection_cpp.dir/rosidl_typesupport_introspection_cpp/sbg_driver/msg/detail/sbg_utc_time__type_support.cpp.o[0m
[43.124s] [ 62%] [32mBuilding CXX object CMakeFiles/sbg_driver__rosidl_typesupport_cpp.dir/rosidl_typesupport_cpp/sbg_driver/msg/sbg_imu_status__type_support.cpp.o[0m
[43.176s] [ 62%] [32mBuilding CXX object CMakeFiles/sbg_driver__rosidl_typesupport_fastrtps_cpp.dir/rosidl_typesupport_fastrtps_cpp/sbg_driver/msg/detail/dds_fastrtps/sbg_odo_vel__type_support.cpp.o[0m
[43.391s] [ 63%] [32mBuilding CXX object CMakeFiles/sbg_driver__rosidl_typesupport_cpp.dir/rosidl_typesupport_cpp/sbg_driver/msg/sbg_imu_data__type_support.cpp.o[0m
[43.730s] [ 63%] [32mBuilding CXX object CMakeFiles/sbg_driver__rosidl_typesupport_introspection_cpp.dir/rosidl_typesupport_introspection_cpp/sbg_driver/msg/detail/sbg_gps_hdt__type_support.cpp.o[0m
[43.949s] [ 64%] [32mBuilding CXX object CMakeFiles/sbg_driver__rosidl_typesupport_introspection_cpp.dir/rosidl_typesupport_introspection_cpp/sbg_driver/msg/detail/sbg_mag_calib__type_support.cpp.o[0m
[44.024s] [ 64%] [32mBuilding CXX object CMakeFiles/sbg_driver__rosidl_typesupport_cpp.dir/rosidl_typesupport_cpp/sbg_driver/msg/sbg_imu_short__type_support.cpp.o[0m
[44.298s] [ 64%] [32mBuilding CXX object CMakeFiles/sbg_driver__rosidl_typesupport_fastrtps_cpp.dir/rosidl_typesupport_fastrtps_cpp/sbg_driver/msg/detail/dds_fastrtps/sbg_status_general__type_support.cpp.o[0m
[44.578s] [ 64%] [32mBuilding CXX object CMakeFiles/sbg_driver__rosidl_typesupport_cpp.dir/rosidl_typesupport_cpp/sbg_driver/msg/sbg_ship_motion__type_support.cpp.o[0m
[44.607s] [ 65%] [32mBuilding CXX object CMakeFiles/sbg_driver__rosidl_typesupport_fastrtps_cpp.dir/rosidl_typesupport_fastrtps_cpp/sbg_driver/msg/detail/dds_fastrtps/sbg_ekf_quat__type_support.cpp.o[0m
[44.614s] [ 65%] [32mBuilding CXX object CMakeFiles/sbg_driver__rosidl_typesupport_introspection_cpp.dir/rosidl_typesupport_introspection_cpp/sbg_driver/msg/detail/sbg_status_aiding__type_support.cpp.o[0m
[44.873s] [ 65%] [32mBuilding CXX object CMakeFiles/sbg_driver__rosidl_typesupport_fastrtps_cpp.dir/rosidl_typesupport_fastrtps_cpp/sbg_driver/msg/detail/dds_fastrtps/sbg_gps_vel__type_support.cpp.o[0m
[45.141s] [ 65%] [32mBuilding CXX object CMakeFiles/sbg_driver__rosidl_typesupport_fastrtps_cpp.dir/rosidl_typesupport_fastrtps_cpp/sbg_driver/msg/detail/dds_fastrtps/sbg_status__type_support.cpp.o[0m
[45.586s] [ 66%] [32mBuilding CXX object CMakeFiles/sbg_driver__rosidl_typesupport_cpp.dir/rosidl_typesupport_cpp/sbg_driver/msg/sbg_utc_time__type_support.cpp.o[0m
[45.598s] [ 66%] [32mBuilding CXX object CMakeFiles/sbg_driver__rosidl_typesupport_introspection_cpp.dir/rosidl_typesupport_introspection_cpp/sbg_driver/msg/detail/sbg_ekf_status__type_support.cpp.o[0m
[45.680s] [ 67%] [32mBuilding CXX object CMakeFiles/sbg_driver__rosidl_typesupport_fastrtps_cpp.dir/rosidl_typesupport_fastrtps_cpp/sbg_driver/msg/detail/dds_fastrtps/sbg_event__type_support.cpp.o[0m
[45.969s] [ 67%] [32mBuilding CXX object CMakeFiles/sbg_driver__rosidl_typesupport_fastrtps_cpp.dir/rosidl_typesupport_fastrtps_cpp/sbg_driver/msg/detail/dds_fastrtps/sbg_imu_status__type_support.cpp.o[0m
[46.256s] [ 67%] [32mBuilding CXX object CMakeFiles/sbg_driver__rosidl_typesupport_fastrtps_cpp.dir/rosidl_typesupport_fastrtps_cpp/sbg_driver/msg/detail/dds_fastrtps/sbg_imu_data__type_support.cpp.o[0m
[46.499s] [ 68%] [32m[1mLinking CXX shared library libsbg_driver__rosidl_typesupport_introspection_cpp.so[0m
[46.518s] [ 68%] [32mBuilding CXX object CMakeFiles/sbg_driver__rosidl_typesupport_cpp.dir/rosidl_typesupport_cpp/sbg_driver/msg/sbg_gps_hdt__type_support.cpp.o[0m
[46.588s] [ 69%] [32mBuilding CXX object CMakeFiles/sbg_driver__rosidl_typesupport_fastrtps_cpp.dir/rosidl_typesupport_fastrtps_cpp/sbg_driver/msg/detail/dds_fastrtps/sbg_imu_short__type_support.cpp.o[0m
[46.785s] [ 69%] Built target sbg_driver__rosidl_typesupport_introspection_cpp
[46.835s] [ 69%] [32mBuilding CXX object CMakeFiles/sbg_driver__rosidl_typesupport_fastrtps_cpp.dir/rosidl_typesupport_fastrtps_cpp/sbg_driver/msg/detail/dds_fastrtps/sbg_ship_motion__type_support.cpp.o[0m
[47.028s] [ 69%] [32mBuilding CXX object CMakeFiles/sbg_driver__rosidl_typesupport_fastrtps_cpp.dir/rosidl_typesupport_fastrtps_cpp/sbg_driver/msg/detail/dds_fastrtps/sbg_utc_time__type_support.cpp.o[0m
[47.538s] [ 70%] [32mBuilding CXX object CMakeFiles/sbg_driver__rosidl_typesupport_fastrtps_cpp.dir/rosidl_typesupport_fastrtps_cpp/sbg_driver/msg/detail/dds_fastrtps/sbg_gps_hdt__type_support.cpp.o[0m
[47.548s] [ 70%] [32mBuilding CXX object CMakeFiles/sbg_driver__rosidl_typesupport_cpp.dir/rosidl_typesupport_cpp/sbg_driver/msg/sbg_mag_calib__type_support.cpp.o[0m
[47.572s] [ 70%] [32mBuilding CXX object CMakeFiles/sbg_driver__rosidl_typesupport_fastrtps_cpp.dir/rosidl_typesupport_fastrtps_cpp/sbg_driver/msg/detail/dds_fastrtps/sbg_mag_calib__type_support.cpp.o[0m
[47.864s] [ 70%] [32mBuilding CXX object CMakeFiles/sbg_driver__rosidl_typesupport_fastrtps_cpp.dir/rosidl_typesupport_fastrtps_cpp/sbg_driver/msg/detail/dds_fastrtps/sbg_status_aiding__type_support.cpp.o[0m
[48.254s] [ 71%] [32mBuilding CXX object CMakeFiles/sbg_driver__rosidl_typesupport_fastrtps_cpp.dir/rosidl_typesupport_fastrtps_cpp/sbg_driver/msg/detail/dds_fastrtps/sbg_ekf_status__type_support.cpp.o[0m
[48.377s] [ 72%] [32mBuilding CXX object CMakeFiles/sbg_driver__rosidl_typesupport_cpp.dir/rosidl_typesupport_cpp/sbg_driver/msg/sbg_status_aiding__type_support.cpp.o[0m
[48.435s] [ 72%] [32mBuilding CXX object CMakeFiles/sbg_driver__rosidl_typesupport_cpp.dir/rosidl_typesupport_cpp/sbg_driver/msg/sbg_ekf_status__type_support.cpp.o[0m
[49.277s] [ 72%] [32m[1mLinking CXX shared library libsbg_driver__rosidl_typesupport_cpp.so[0m
[49.350s] [ 72%] Built target sbg_driver__rosidl_typesupport_cpp
[49.385s] [ 72%] [32m[1mLinking CXX shared library libsbg_driver__rosidl_typesupport_fastrtps_cpp.so[0m
[49.510s] [ 72%] Built target sbg_driver__rosidl_typesupport_fastrtps_cpp
[49.527s] [ 72%] [34m[1mGenerating C type support for eProsima Fast-RTPS[0m
[53.031s] [35m[1mScanning dependencies of target sbg_driver__rosidl_typesupport_fastrtps_c[0m
[53.078s] [ 73%] [32mBuilding CXX object CMakeFiles/sbg_driver__rosidl_typesupport_fastrtps_c.dir/rosidl_typesupport_fastrtps_c/sbg_driver/msg/detail/sbg_ship_motion_status__type_support_c.cpp.o[0m
[53.080s] [ 73%] [32mBuilding CXX object CMakeFiles/sbg_driver__rosidl_typesupport_fastrtps_c.dir/rosidl_typesupport_fastrtps_c/sbg_driver/msg/detail/sbg_air_data__type_support_c.cpp.o[0m
[53.082s] [ 73%] [32mBuilding CXX object CMakeFiles/sbg_driver__rosidl_typesupport_fastrtps_c.dir/rosidl_typesupport_fastrtps_c/sbg_driver/msg/detail/sbg_utc_time_status__type_support_c.cpp.o[0m
[53.084s] [ 74%] [32mBuilding CXX object CMakeFiles/sbg_driver__rosidl_typesupport_fastrtps_c.dir/rosidl_typesupport_fastrtps_c/sbg_driver/msg/detail/sbg_gps_vel_status__type_support_c.cpp.o[0m
[53.085s] [ 74%] [32mBuilding CXX object CMakeFiles/sbg_driver__rosidl_typesupport_fastrtps_c.dir/rosidl_typesupport_fastrtps_c/sbg_driver/msg/detail/sbg_gps_pos_status__type_support_c.cpp.o[0m
[53.085s] [ 74%] [32mBuilding CXX object CMakeFiles/sbg_driver__rosidl_typesupport_fastrtps_c.dir/rosidl_typesupport_fastrtps_c/sbg_driver/msg/detail/sbg_mag_status__type_support_c.cpp.o[0m
[54.190s] [ 75%] [32mBuilding CXX object CMakeFiles/sbg_driver__rosidl_typesupport_fastrtps_c.dir/rosidl_typesupport_fastrtps_c/sbg_driver/msg/detail/sbg_air_data_status__type_support_c.cpp.o[0m
[54.191s] [ 75%] [32mBuilding CXX object CMakeFiles/sbg_driver__rosidl_typesupport_fastrtps_c.dir/rosidl_typesupport_fastrtps_c/sbg_driver/msg/detail/sbg_ekf_euler__type_support_c.cpp.o[0m
[54.209s] [ 75%] [32mBuilding CXX object CMakeFiles/sbg_driver__rosidl_typesupport_fastrtps_c.dir/rosidl_typesupport_fastrtps_c/sbg_driver/msg/detail/sbg_gps_pos__type_support_c.cpp.o[0m
[54.210s] [ 76%] [32mBuilding CXX object CMakeFiles/sbg_driver__rosidl_typesupport_fastrtps_c.dir/rosidl_typesupport_fastrtps_c/sbg_driver/msg/detail/sbg_mag__type_support_c.cpp.o[0m
[54.318s] [ 76%] [32mBuilding CXX object CMakeFiles/sbg_driver__rosidl_typesupport_fastrtps_c.dir/rosidl_typesupport_fastrtps_c/sbg_driver/msg/detail/sbg_status_com__type_support_c.cpp.o[0m
[54.323s] [ 76%] [32mBuilding CXX object CMakeFiles/sbg_driver__rosidl_typesupport_fastrtps_c.dir/rosidl_typesupport_fastrtps_c/sbg_driver/msg/detail/sbg_ekf_nav__type_support_c.cpp.o[0m
[55.276s] [ 77%] [32mBuilding CXX object CMakeFiles/sbg_driver__rosidl_typesupport_fastrtps_c.dir/rosidl_typesupport_fastrtps_c/sbg_driver/msg/detail/sbg_gps_raw__type_support_c.cpp.o[0m
[55.280s] [ 77%] [32mBuilding CXX object CMakeFiles/sbg_driver__rosidl_typesupport_fastrtps_c.dir/rosidl_typesupport_fastrtps_c/sbg_driver/msg/detail/sbg_odo_vel__type_support_c.cpp.o[0m
[55.483s] [ 77%] [32mBuilding CXX object CMakeFiles/sbg_driver__rosidl_typesupport_fastrtps_c.dir/rosidl_typesupport_fastrtps_c/sbg_driver/msg/detail/sbg_status_general__type_support_c.cpp.o[0m
[55.509s] [ 78%] [32mBuilding CXX object CMakeFiles/sbg_driver__rosidl_typesupport_fastrtps_c.dir/rosidl_typesupport_fastrtps_c/sbg_driver/msg/detail/sbg_ekf_quat__type_support_c.cpp.o[0m
[55.519s] [ 78%] [32mBuilding CXX object CMakeFiles/sbg_driver__rosidl_typesupport_fastrtps_c.dir/rosidl_typesupport_fastrtps_c/sbg_driver/msg/detail/sbg_gps_vel__type_support_c.cpp.o[0m
[55.521s] [ 78%] [32mBuilding CXX object CMakeFiles/sbg_driver__rosidl_typesupport_fastrtps_c.dir/rosidl_typesupport_fastrtps_c/sbg_driver/msg/detail/sbg_status__type_support_c.cpp.o[0m
[56.551s] [ 78%] [32mBuilding CXX object CMakeFiles/sbg_driver__rosidl_typesupport_fastrtps_c.dir/rosidl_typesupport_fastrtps_c/sbg_driver/msg/detail/sbg_event__type_support_c.cpp.o[0m
[56.571s] [ 79%] [32mBuilding CXX object CMakeFiles/sbg_driver__rosidl_typesupport_fastrtps_c.dir/rosidl_typesupport_fastrtps_c/sbg_driver/msg/detail/sbg_imu_status__type_support_c.cpp.o[0m
[56.579s] [ 79%] [32mBuilding CXX object CMakeFiles/sbg_driver__rosidl_typesupport_fastrtps_c.dir/rosidl_typesupport_fastrtps_c/sbg_driver/msg/detail/sbg_imu_data__type_support_c.cpp.o[0m
[56.601s] [ 79%] [32mBuilding CXX object CMakeFiles/sbg_driver__rosidl_typesupport_fastrtps_c.dir/rosidl_typesupport_fastrtps_c/sbg_driver/msg/detail/sbg_imu_short__type_support_c.cpp.o[0m
[56.655s] [ 80%] [32mBuilding CXX object CMakeFiles/sbg_driver__rosidl_typesupport_fastrtps_c.dir/rosidl_typesupport_fastrtps_c/sbg_driver/msg/detail/sbg_ship_motion__type_support_c.cpp.o[0m
[56.839s] [ 80%] [32mBuilding CXX object CMakeFiles/sbg_driver__rosidl_typesupport_fastrtps_c.dir/rosidl_typesupport_fastrtps_c/sbg_driver/msg/detail/sbg_utc_time__type_support_c.cpp.o[0m
[57.647s] [ 80%] [32mBuilding CXX object CMakeFiles/sbg_driver__rosidl_typesupport_fastrtps_c.dir/rosidl_typesupport_fastrtps_c/sbg_driver/msg/detail/sbg_gps_hdt__type_support_c.cpp.o[0m
[57.820s] [ 81%] [32mBuilding CXX object CMakeFiles/sbg_driver__rosidl_typesupport_fastrtps_c.dir/rosidl_typesupport_fastrtps_c/sbg_driver/msg/detail/sbg_mag_calib__type_support_c.cpp.o[0m
[57.859s] [ 81%] [32mBuilding CXX object CMakeFiles/sbg_driver__rosidl_typesupport_fastrtps_c.dir/rosidl_typesupport_fastrtps_c/sbg_driver/msg/detail/sbg_status_aiding__type_support_c.cpp.o[0m
[57.874s] [ 81%] [32mBuilding CXX object CMakeFiles/sbg_driver__rosidl_typesupport_fastrtps_c.dir/rosidl_typesupport_fastrtps_c/sbg_driver/msg/detail/sbg_ekf_status__type_support_c.cpp.o[0m
[58.731s] [ 82%] [32m[1mLinking CXX shared library libsbg_driver__rosidl_typesupport_fastrtps_c.so[0m
[58.860s] [ 82%] Built target sbg_driver__rosidl_typesupport_fastrtps_c
[58.874s] [35m[1mScanning dependencies of target sbg_driver[0m
[58.891s] [ 82%] Built target sbg_driver
[58.906s] [35m[1mScanning dependencies of target sbg_device_mag[0m
[58.906s] [35m[1mScanning dependencies of target sbg_device[0m
[58.908s] [35m[1mScanning dependencies of target sbg_driver__py[0m
[58.925s] [ 83%] [34m[1mGenerating Python code for ROS interfaces[0m
[58.988s] [ 84%] [32mBuilding CXX object CMakeFiles/sbg_device_mag.dir/src/config_applier.cpp.o[0m
[58.995s] [ 84%] [32mBuilding CXX object CMakeFiles/sbg_device_mag.dir/src/message_wrapper.cpp.o[0m
[58.996s] [ 85%] [32mBuilding CXX object CMakeFiles/sbg_device_mag.dir/src/config_store.cpp.o[0m
[58.998s] [ 86%] [32mBuilding CXX object CMakeFiles/sbg_device.dir/src/config_applier.cpp.o[0m
[58.999s] [ 86%] [32mBuilding CXX object CMakeFiles/sbg_device_mag.dir/src/message_publisher.cpp.o[0m
[59.368s] [01m[K/home/uocav/ros-workspace/src/sbg_ros2_driver/src/message_wrapper.cpp:6:10:[m[K [01;31m[Kfatal error: [m[Ktf2_geometry_msgs/tf2_geometry_msgs.hpp: No such file or directory
[59.369s]     6 | #include [01;31m[K<tf2_geometry_msgs/tf2_geometry_msgs.hpp>[m[K
[59.369s]       |          [01;31m[K^~~~~~~~~~~~~~~~~~~~~~~~~~~~~~~~~~~~~~~~~[m[K
[59.370s] compilation terminated.
[59.395s] make[2]: *** [CMakeFiles/sbg_device_mag.dir/build.make:89: CMakeFiles/sbg_device_mag.dir/src/message_wrapper.cpp.o] Error 1
[59.397s] make[2]: *** Waiting for unfinished jobs....
[59.536s] [ 86%] [32mBuilding CXX object CMakeFiles/sbg_device.dir/src/message_publisher.cpp.o[0m
[64.860s] [ 86%] [32mBuilding CXX object CMakeFiles/sbg_device.dir/src/message_wrapper.cpp.o[0m
[65.133s] [ 87%] [32mBuilding CXX object CMakeFiles/sbg_device.dir/src/config_store.cpp.o[0m
[65.201s] [01m[K/home/uocav/ros-workspace/src/sbg_ros2_driver/src/message_wrapper.cpp:6:10:[m[K [01;31m[Kfatal error: [m[Ktf2_geometry_msgs/tf2_geometry_msgs.hpp: No such file or directory
[65.202s]     6 | #include [01;31m[K<tf2_geometry_msgs/tf2_geometry_msgs.hpp>[m[K
[65.202s]       |          [01;31m[K^~~~~~~~~~~~~~~~~~~~~~~~~~~~~~~~~~~~~~~~~[m[K
[65.203s] compilation terminated.
[65.226s] make[2]: *** [CMakeFiles/sbg_device.dir/build.make:89: CMakeFiles/sbg_device.dir/src/message_wrapper.cpp.o] Error 1
[65.226s] make[2]: *** Waiting for unfinished jobs....
[77.622s] [ 87%] Built target sbg_driver__py
[77.635s] [35m[1mScanning dependencies of target sbg_driver__python[0m
[77.813s] [ 87%] [32mBuilding C object CMakeFiles/sbg_driver__python.dir/rosidl_generator_py/sbg_driver/msg/_sbg_ship_motion_status_s.c.o[0m
[77.817s] [ 88%] [32mBuilding C object CMakeFiles/sbg_driver__python.dir/rosidl_generator_py/sbg_driver/msg/_sbg_gps_vel_status_s.c.o[0m
[77.817s] [ 88%] [32mBuilding C object CMakeFiles/sbg_driver__python.dir/rosidl_generator_py/sbg_driver/msg/_sbg_mag_status_s.c.o[0m
[77.818s] [ 88%] [32mBuilding C object CMakeFiles/sbg_driver__python.dir/rosidl_generator_py/sbg_driver/msg/_sbg_gps_pos_status_s.c.o[0m
[78.098s] [ 89%] [32mBuilding C object CMakeFiles/sbg_driver__python.dir/rosidl_generator_py/sbg_driver/msg/_sbg_air_data_s.c.o[0m
[78.099s] [ 89%] [32mBuilding C object CMakeFiles/sbg_driver__python.dir/rosidl_generator_py/sbg_driver/msg/_sbg_utc_time_status_s.c.o[0m
[78.105s] [ 89%] [32mBuilding C object CMakeFiles/sbg_driver__python.dir/rosidl_generator_py/sbg_driver/msg/_sbg_air_data_status_s.c.o[0m
[78.217s] [ 89%] [32mBuilding C object CMakeFiles/sbg_driver__python.dir/rosidl_generator_py/sbg_driver/msg/_sbg_ekf_euler_s.c.o[0m
[78.375s] [ 89%] [32mBuilding C object CMakeFiles/sbg_driver__python.dir/rosidl_generator_py/sbg_driver/msg/_sbg_mag_s.c.o[0m
[78.378s] [ 90%] [32mBuilding C object CMakeFiles/sbg_driver__python.dir/rosidl_generator_py/sbg_driver/msg/_sbg_gps_pos_s.c.o[0m
[78.476s] [ 90%] [32mBuilding C object CMakeFiles/sbg_driver__python.dir/rosidl_generator_py/sbg_driver/msg/_sbg_status_com_s.c.o[0m
[78.603s] [ 91%] [32mBuilding C object CMakeFiles/sbg_driver__python.dir/rosidl_generator_py/sbg_driver/msg/_sbg_ekf_nav_s.c.o[0m
[78.826s] [ 91%] [32mBuilding C object CMakeFiles/sbg_driver__python.dir/rosidl_generator_py/sbg_driver/msg/_sbg_gps_raw_s.c.o[0m
[78.843s] [ 91%] [32mBuilding C object CMakeFiles/sbg_driver__python.dir/rosidl_generator_py/sbg_driver/msg/_sbg_odo_vel_s.c.o[0m
[78.852s] [ 91%] [32mBuilding C object CMakeFiles/sbg_driver__python.dir/rosidl_generator_py/sbg_driver/msg/_sbg_status_general_s.c.o[0m
[79.045s] [ 92%] [32mBuilding C object CMakeFiles/sbg_driver__python.dir/rosidl_generator_py/sbg_driver/msg/_sbg_ekf_quat_s.c.o[0m
[79.130s] [ 92%] [32mBuilding C object CMakeFiles/sbg_driver__python.dir/rosidl_generator_py/sbg_driver/msg/_sbg_status_s.c.o[0m
[79.130s] [ 92%] [32mBuilding C object CMakeFiles/sbg_driver__python.dir/rosidl_generator_py/sbg_driver/msg/_sbg_gps_vel_s.c.o[0m
[79.143s] [ 93%] [32mBuilding C object CMakeFiles/sbg_driver__python.dir/rosidl_generator_py/sbg_driver/msg/_sbg_event_s.c.o[0m
[79.375s] [ 93%] [32mBuilding C object CMakeFiles/sbg_driver__python.dir/rosidl_generator_py/sbg_driver/msg/_sbg_imu_status_s.c.o[0m
[79.423s] [ 93%] [32mBuilding C object CMakeFiles/sbg_driver__python.dir/rosidl_generator_py/sbg_driver/msg/_sbg_imu_data_s.c.o[0m
[79.444s] [ 94%] [32mBuilding C object CMakeFiles/sbg_driver__python.dir/rosidl_generator_py/sbg_driver/msg/_sbg_imu_short_s.c.o[0m
[79.600s] [ 94%] [32mBuilding C object CMakeFiles/sbg_driver__python.dir/rosidl_generator_py/sbg_driver/msg/_sbg_ship_motion_s.c.o[0m
[79.669s] [ 94%] [32mBuilding C object CMakeFiles/sbg_driver__python.dir/rosidl_generator_py/sbg_driver/msg/_sbg_utc_time_s.c.o[0m
[79.781s] [ 95%] [32mBuilding C object CMakeFiles/sbg_driver__python.dir/rosidl_generator_py/sbg_driver/msg/_sbg_gps_hdt_s.c.o[0m
[79.836s] [ 95%] [32mBuilding C object CMakeFiles/sbg_driver__python.dir/rosidl_generator_py/sbg_driver/msg/_sbg_mag_calib_s.c.o[0m
[79.957s] [ 95%] [32mBuilding C object CMakeFiles/sbg_driver__python.dir/rosidl_generator_py/sbg_driver/msg/_sbg_status_aiding_s.c.o[0m
[79.965s] [ 96%] [32mBuilding C object CMakeFiles/sbg_driver__python.dir/rosidl_generator_py/sbg_driver/msg/_sbg_ekf_status_s.c.o[0m
[80.242s] [ 96%] [32m[1mLinking C shared library rosidl_generator_py/sbg_driver/libsbg_driver__python.so[0m
[80.367s] [ 96%] Built target sbg_driver__python
[80.378s] [35m[1mScanning dependencies of target sbg_driver__rosidl_typesupport_c__pyext[0m
[80.382s] [35m[1mScanning dependencies of target sbg_driver__rosidl_typesupport_fastrtps_c__pyext[0m
[80.410s] [ 96%] [32mBuilding C object CMakeFiles/sbg_driver__rosidl_typesupport_c__pyext.dir/rosidl_generator_py/sbg_driver/_sbg_driver_s.ep.rosidl_typesupport_c.c.o[0m
[80.414s] [ 96%] [32mBuilding C object CMakeFiles/sbg_driver__rosidl_typesupport_fastrtps_c__pyext.dir/rosidl_generator_py/sbg_driver/_sbg_driver_s.ep.rosidl_typesupport_fastrtps_c.c.o[0m
[80.752s] [ 97%] [32m[1mLinking C shared library rosidl_generator_py/sbg_driver/sbg_driver_s__rosidl_typesupport_c.cpython-38-x86_64-linux-gnu.so[0m
[80.755s] [ 97%] [32m[1mLinking CXX shared library rosidl_generator_py/sbg_driver/sbg_driver_s__rosidl_typesupport_fastrtps_c.cpython-38-x86_64-linux-gnu.so[0m
[80.891s] [ 97%] Built target sbg_driver__rosidl_typesupport_c__pyext
[80.906s] [35m[1mScanning dependencies of target sbg_driver__rosidl_typesupport_introspection_c__pyext[0m
[80.926s] [ 97%] Built target sbg_driver__rosidl_typesupport_fastrtps_c__pyext
[80.935s] [ 98%] [32mBuilding C object CMakeFiles/sbg_driver__rosidl_typesupport_introspection_c__pyext.dir/rosidl_generator_py/sbg_driver/_sbg_driver_s.ep.rosidl_typesupport_introspection_c.c.o[0m
[81.403s] [ 98%] [32m[1mLinking C shared library rosidl_generator_py/sbg_driver/sbg_driver_s__rosidl_typesupport_introspection_c.cpython-38-x86_64-linux-gnu.so[0m
[81.458s] [ 98%] Built target sbg_driver__rosidl_typesupport_introspection_c__pyext
[87.668s] make[1]: *** [CMakeFiles/Makefile2:389: CMakeFiles/sbg_device_mag.dir/all] Error 2
[87.668s] make[1]: *** Waiting for unfinished jobs....
[87.746s] make[1]: *** [CMakeFiles/Makefile2:555: CMakeFiles/sbg_device.dir/all] Error 2
[87.746s] make: *** [Makefile:141: all] Error 2
[87.750s] Invoked command in '/home/uocav/ros-workspace/build/sbg_driver' returned '2': CMAKE_PREFIX_PATH=${CMAKE_PREFIX_PATH}:/home/uocav/ros-workspace/install/urdf_tutorial_r2d2:/opt/ros/foxy /usr/bin/cmake --build /home/uocav/ros-workspace/build/sbg_driver -- -j6 -l6
