[0.053s] Invoking command in '/home/uocav/ros-workspace/build/ouster_srvs': CMAKE_PREFIX_PATH=${CMAKE_PREFIX_PATH}:/home/uocav/ros-workspace/install/urdf_tutorial_r2d2:/opt/ros/foxy /usr/bin/cmake /home/uocav/ros-workspace/src/ouster-ros/ouster-srvs -DCMAKE_BUILD_TYPE=RelWithDebInfo -DCMAKE_INSTALL_PREFIX=/home/uocav/ros-workspace/install/ouster_srvs
[0.092s] -- Found ament_cmake: 0.9.12 (/opt/ros/foxy/share/ament_cmake/cmake)
[0.098s] -- Found PythonInterp: /usr/bin/python3 (found suitable version "3.8.10", minimum required is "3") 
[0.098s] -- Using PYTHON_EXECUTABLE: /usr/bin/python3
[0.269s] -- Override CMake install command with custom implementation using symlinks instead of copying resources
[0.272s] -- Found rosidl_default_generators: 1.0.1 (/opt/ros/foxy/share/rosidl_default_generators/cmake)
[0.275s] -- Using all available rosidl_typesupport_c: rosidl_typesupport_fastrtps_c;rosidl_typesupport_introspection_c
[0.278s] -- Found rosidl_adapter: 1.3.1 (/opt/ros/foxy/share/rosidl_adapter/cmake)
[0.417s] -- Using all available rosidl_typesupport_cpp: rosidl_typesupport_fastrtps_cpp;rosidl_typesupport_introspection_cpp
[0.466s] -- Found PythonInterp: /usr/bin/python3 (found version "3.8.10") 
[0.604s] -- Found ament_cmake_ros: 0.9.2 (/opt/ros/foxy/share/ament_cmake_ros/cmake)
[0.712s] -- Using all available rosidl_typesupport_c: rosidl_typesupport_fastrtps_c;rosidl_typesupport_introspection_c
[0.720s] -- Using all available rosidl_typesupport_cpp: rosidl_typesupport_fastrtps_cpp;rosidl_typesupport_introspection_cpp
[0.747s] -- Found PythonInterp: /usr/bin/python3 (found suitable version "3.8.10", minimum required is "3.5") 
[0.748s] -- Found python_cmake_module: 0.8.1 (/opt/ros/foxy/share/python_cmake_module/cmake)
[0.774s] -- Using PYTHON_EXECUTABLE: /usr/bin/python3
[0.776s] -- Using PYTHON_INCLUDE_DIRS: /usr/include/python3.8
[0.777s] -- Using PYTHON_LIBRARIES: /usr/lib/x86_64-linux-gnu/libpython3.8.so
[0.804s] -- Configuring done
[0.838s] -- Generating done
[0.842s] -- Build files have been written to: /home/uocav/ros-workspace/build/ouster_srvs
[0.857s] Invoked command in '/home/uocav/ros-workspace/build/ouster_srvs' returned '0': CMAKE_PREFIX_PATH=${CMAKE_PREFIX_PATH}:/home/uocav/ros-workspace/install/urdf_tutorial_r2d2:/opt/ros/foxy /usr/bin/cmake /home/uocav/ros-workspace/src/ouster-ros/ouster-srvs -DCMAKE_BUILD_TYPE=RelWithDebInfo -DCMAKE_INSTALL_PREFIX=/home/uocav/ros-workspace/install/ouster_srvs
[0.858s] Invoking command in '/home/uocav/ros-workspace/build/ouster_srvs': CMAKE_PREFIX_PATH=${CMAKE_PREFIX_PATH}:/home/uocav/ros-workspace/install/urdf_tutorial_r2d2:/opt/ros/foxy /usr/bin/cmake --build /home/uocav/ros-workspace/build/ouster_srvs -- -j6 -l6
[0.932s] [  2%] [32mBuilding C object CMakeFiles/ouster_srvs__rosidl_generator_c.dir/rosidl_generator_c/ouster_srvs/srv/detail/set_config__functions.c.o[0m
[0.948s] [  4%] [32mBuilding C object CMakeFiles/ouster_srvs__rosidl_generator_c.dir/rosidl_generator_c/ouster_srvs/srv/detail/get_metadata__functions.c.o[0m
[0.951s] [  8%] [32mBuilding C object CMakeFiles/ouster_srvs__rosidl_generator_c.dir/rosidl_generator_c/ouster_srvs/srv/detail/get_config__functions.c.o[0m
[0.957s] [  6%] Built target ouster_srvs__cpp
[1.003s] [ 10%] [32mBuilding CXX object CMakeFiles/ouster_srvs__rosidl_typesupport_cpp.dir/rosidl_typesupport_cpp/ouster_srvs/srv/get_config__type_support.cpp.o[0m
[1.025s] [ 12%] [32mBuilding CXX object CMakeFiles/ouster_srvs__rosidl_typesupport_fastrtps_cpp.dir/rosidl_typesupport_fastrtps_cpp/ouster_srvs/srv/detail/dds_fastrtps/get_config__type_support.cpp.o[0m
[1.037s] [ 14%] [32mBuilding CXX object CMakeFiles/ouster_srvs__rosidl_typesupport_introspection_cpp.dir/rosidl_typesupport_introspection_cpp/ouster_srvs/srv/detail/get_config__type_support.cpp.o[0m
[1.197s] [ 17%] [32mBuilding CXX object CMakeFiles/ouster_srvs__rosidl_typesupport_fastrtps_cpp.dir/rosidl_typesupport_fastrtps_cpp/ouster_srvs/srv/detail/dds_fastrtps/set_config__type_support.cpp.o[0m
[1.290s] [ 19%] [32mBuilding CXX object CMakeFiles/ouster_srvs__rosidl_typesupport_fastrtps_cpp.dir/rosidl_typesupport_fastrtps_cpp/ouster_srvs/srv/detail/dds_fastrtps/get_metadata__type_support.cpp.o[0m
[1.417s] [ 21%] [32m[1mLinking C shared library libouster_srvs__rosidl_generator_c.so[0m
[1.566s] [ 23%] Built target ouster_srvs__rosidl_generator_c
[1.609s] [ 25%] [32mBuilding CXX object CMakeFiles/ouster_srvs__rosidl_typesupport_introspection_cpp.dir/rosidl_typesupport_introspection_cpp/ouster_srvs/srv/detail/set_config__type_support.cpp.o[0m
[1.753s] [ 27%] [32mBuilding CXX object CMakeFiles/ouster_srvs__rosidl_typesupport_cpp.dir/rosidl_typesupport_cpp/ouster_srvs/srv/set_config__type_support.cpp.o[0m
[1.821s] [ 29%] [32mBuilding C object CMakeFiles/ouster_srvs__rosidl_typesupport_introspection_c.dir/rosidl_typesupport_introspection_c/ouster_srvs/srv/detail/get_config__type_support.c.o[0m
[1.952s] [ 31%] [32mBuilding C object CMakeFiles/ouster_srvs__rosidl_typesupport_introspection_c.dir/rosidl_typesupport_introspection_c/ouster_srvs/srv/detail/set_config__type_support.c.o[0m
[2.072s] [ 34%] [32mBuilding CXX object CMakeFiles/ouster_srvs__rosidl_typesupport_introspection_cpp.dir/rosidl_typesupport_introspection_cpp/ouster_srvs/srv/detail/get_metadata__type_support.cpp.o[0m
[2.095s] [ 36%] [32mBuilding C object CMakeFiles/ouster_srvs__rosidl_typesupport_introspection_c.dir/rosidl_typesupport_introspection_c/ouster_srvs/srv/detail/get_metadata__type_support.c.o[0m
[2.245s] [ 38%] [32m[1mLinking C shared library libouster_srvs__rosidl_typesupport_introspection_c.so[0m
[2.250s] [ 40%] [32mBuilding CXX object CMakeFiles/ouster_srvs__rosidl_typesupport_c.dir/rosidl_typesupport_c/ouster_srvs/srv/get_config__type_support.cpp.o[0m
[2.323s] [ 42%] Built target ouster_srvs__rosidl_typesupport_introspection_c
[2.332s] [ 44%] [32mBuilding CXX object CMakeFiles/ouster_srvs__rosidl_typesupport_cpp.dir/rosidl_typesupport_cpp/ouster_srvs/srv/get_metadata__type_support.cpp.o[0m
[2.350s] [ 46%] [32mBuilding CXX object CMakeFiles/ouster_srvs__rosidl_typesupport_c.dir/rosidl_typesupport_c/ouster_srvs/srv/set_config__type_support.cpp.o[0m
[2.360s] [ 48%] [32mBuilding CXX object CMakeFiles/ouster_srvs__rosidl_typesupport_c.dir/rosidl_typesupport_c/ouster_srvs/srv/get_metadata__type_support.cpp.o[0m
[2.391s] [ 51%] [32m[1mLinking CXX shared library libouster_srvs__rosidl_typesupport_fastrtps_cpp.so[0m
[2.446s] [ 53%] [32m[1mLinking CXX shared library libouster_srvs__rosidl_typesupport_c.so[0m
[2.545s] [ 55%] Built target ouster_srvs__rosidl_typesupport_fastrtps_cpp
[2.581s] [ 57%] Built target ouster_srvs__rosidl_typesupport_c
[2.639s] [ 59%] [32mBuilding CXX object CMakeFiles/ouster_srvs__rosidl_typesupport_fastrtps_c.dir/rosidl_typesupport_fastrtps_c/ouster_srvs/srv/detail/get_config__type_support_c.cpp.o[0m
[2.648s] [ 61%] [32mBuilding CXX object CMakeFiles/ouster_srvs__rosidl_typesupport_fastrtps_c.dir/rosidl_typesupport_fastrtps_c/ouster_srvs/srv/detail/get_metadata__type_support_c.cpp.o[0m
[2.650s] [ 63%] [32mBuilding CXX object CMakeFiles/ouster_srvs__rosidl_typesupport_fastrtps_c.dir/rosidl_typesupport_fastrtps_c/ouster_srvs/srv/detail/set_config__type_support_c.cpp.o[0m
[2.709s] [ 65%] [32m[1mLinking CXX shared library libouster_srvs__rosidl_typesupport_introspection_cpp.so[0m
[2.873s] [ 68%] Built target ouster_srvs__rosidl_typesupport_introspection_cpp
[2.879s] [ 70%] [32m[1mLinking CXX shared library libouster_srvs__rosidl_typesupport_cpp.so[0m
[3.010s] [ 72%] Built target ouster_srvs__rosidl_typesupport_cpp
[3.656s] [ 74%] [32m[1mLinking CXX shared library libouster_srvs__rosidl_typesupport_fastrtps_c.so[0m
[3.859s] [ 76%] Built target ouster_srvs__rosidl_typesupport_fastrtps_c
[3.969s] [ 76%] Built target ouster_srvs
[4.091s] [ 78%] Built target ouster_srvs__py
[4.236s] [ 80%] [32mBuilding C object CMakeFiles/ouster_srvs__python.dir/rosidl_generator_py/ouster_srvs/srv/_get_config_s.c.o[0m
[4.241s] [ 82%] [32mBuilding C object CMakeFiles/ouster_srvs__python.dir/rosidl_generator_py/ouster_srvs/srv/_set_config_s.c.o[0m
[4.258s] [ 85%] [32mBuilding C object CMakeFiles/ouster_srvs__python.dir/rosidl_generator_py/ouster_srvs/srv/_get_metadata_s.c.o[0m
[4.589s] [ 87%] [32m[1mLinking C shared library rosidl_generator_py/ouster_srvs/libouster_srvs__python.so[0m
[4.717s] [ 87%] Built target ouster_srvs__python
[4.828s] [ 89%] [32mBuilding C object CMakeFiles/ouster_srvs__rosidl_typesupport_c__pyext.dir/rosidl_generator_py/ouster_srvs/_ouster_srvs_s.ep.rosidl_typesupport_c.c.o[0m
[4.846s] [ 93%] [32mBuilding C object CMakeFiles/ouster_srvs__rosidl_typesupport_introspection_c__pyext.dir/rosidl_generator_py/ouster_srvs/_ouster_srvs_s.ep.rosidl_typesupport_introspection_c.c.o[0m
[4.846s] [ 93%] [32mBuilding C object CMakeFiles/ouster_srvs__rosidl_typesupport_fastrtps_c__pyext.dir/rosidl_generator_py/ouster_srvs/_ouster_srvs_s.ep.rosidl_typesupport_fastrtps_c.c.o[0m
[5.268s] [ 95%] [32m[1mLinking CXX shared library rosidl_generator_py/ouster_srvs/ouster_srvs_s__rosidl_typesupport_fastrtps_c.cpython-38-x86_64-linux-gnu.so[0m
[5.313s] [ 97%] [32m[1mLinking C shared library rosidl_generator_py/ouster_srvs/ouster_srvs_s__rosidl_typesupport_c.cpython-38-x86_64-linux-gnu.so[0m
[5.320s] [100%] [32m[1mLinking C shared library rosidl_generator_py/ouster_srvs/ouster_srvs_s__rosidl_typesupport_introspection_c.cpython-38-x86_64-linux-gnu.so[0m
[5.451s] [100%] Built target ouster_srvs__rosidl_typesupport_introspection_c__pyext
[5.456s] [100%] Built target ouster_srvs__rosidl_typesupport_fastrtps_c__pyext
[5.472s] [100%] Built target ouster_srvs__rosidl_typesupport_c__pyext
