[0.044s] Invoking command in '/home/uocav/ros-workspace/build/micro_ros_setup': CMAKE_PREFIX_PATH=${CMAKE_PREFIX_PATH}:/home/uocav/ros-workspace/install/urdf_tutorial_r2d2:/opt/ros/foxy /usr/bin/cmake /home/uocav/ros-workspace/src/micro_ros_setup -DCMAKE_INSTALL_PREFIX=/home/uocav/ros-workspace/install/micro_ros_setup
[0.065s] -- Found ament_cmake: 0.9.12 (/opt/ros/foxy/share/ament_cmake/cmake)
[0.090s] -- Using PYTHON_EXECUTABLE: /usr/bin/python3
[0.276s] -- Override CMake install command with custom implementation using symlinks instead of copying resources
[0.285s] -- Found ament_lint_auto: 0.9.8 (/opt/ros/foxy/share/ament_lint_auto/cmake)
[0.357s] -- Added test 'copyright' to check source files copyright and LICENSE
[0.367s] -- Added test 'flake8' to check Python code syntax and style conventions
[0.368s] -- Added test 'lint_cmake' to check CMake code style
[0.369s] -- Added test 'pep257' to check Python code against some of the style conventions in PEP 257
[0.373s] -- Added test 'xmllint' to check XML markup files
[0.375s] -- Configuring done
[0.377s] -- Generating done
[0.378s] -- Build files have been written to: /home/uocav/ros-workspace/build/micro_ros_setup
[0.384s] Invoked command in '/home/uocav/ros-workspace/build/micro_ros_setup' returned '0': CMAKE_PREFIX_PATH=${CMAKE_PREFIX_PATH}:/home/uocav/ros-workspace/install/urdf_tutorial_r2d2:/opt/ros/foxy /usr/bin/cmake /home/uocav/ros-workspace/src/micro_ros_setup -DCMAKE_INSTALL_PREFIX=/home/uocav/ros-workspace/install/micro_ros_setup
[0.385s] Invoking command in '/home/uocav/ros-workspace/build/micro_ros_setup': CMAKE_PREFIX_PATH=${CMAKE_PREFIX_PATH}:/home/uocav/ros-workspace/install/urdf_tutorial_r2d2:/opt/ros/foxy /usr/bin/cmake --build /home/uocav/ros-workspace/build/micro_ros_setup -- -j6 -l6
[0.452s] Invoked command in '/home/uocav/ros-workspace/build/micro_ros_setup' returned '0': CMAKE_PREFIX_PATH=${CMAKE_PREFIX_PATH}:/home/uocav/ros-workspace/install/urdf_tutorial_r2d2:/opt/ros/foxy /usr/bin/cmake --build /home/uocav/ros-workspace/build/micro_ros_setup -- -j6 -l6
[0.489s] Invoking command in '/home/uocav/ros-workspace/build/micro_ros_setup': CMAKE_PREFIX_PATH=${CMAKE_PREFIX_PATH}:/home/uocav/ros-workspace/install/urdf_tutorial_r2d2:/opt/ros/foxy /usr/bin/cmake --install /home/uocav/ros-workspace/build/micro_ros_setup
[0.498s] -- Install configuration: "RelWithDebInfo"
[0.498s] -- Execute custom install script
[0.498s] -- Up-to-date symlink: /home/uocav/ros-workspace/install/micro_ros_setup/share/ament_index/resource_index/package_run_dependencies/micro_ros_setup
[0.498s] -- Up-to-date symlink: /home/uocav/ros-workspace/install/micro_ros_setup/share/ament_index/resource_index/parent_prefix_path/micro_ros_setup
[0.499s] -- Up-to-date symlink: /home/uocav/ros-workspace/install/micro_ros_setup/share/micro_ros_setup/environment/ament_prefix_path.sh
[0.499s] -- Up-to-date symlink: /home/uocav/ros-workspace/install/micro_ros_setup/share/micro_ros_setup/environment/ament_prefix_path.dsv
[0.499s] -- Up-to-date symlink: /home/uocav/ros-workspace/install/micro_ros_setup/share/micro_ros_setup/environment/path.sh
[0.499s] -- Up-to-date symlink: /home/uocav/ros-workspace/install/micro_ros_setup/share/micro_ros_setup/environment/path.dsv
[0.499s] -- Up-to-date symlink: /home/uocav/ros-workspace/install/micro_ros_setup/share/micro_ros_setup/local_setup.bash
[0.500s] -- Up-to-date symlink: /home/uocav/ros-workspace/install/micro_ros_setup/share/micro_ros_setup/local_setup.sh
[0.500s] -- Up-to-date symlink: /home/uocav/ros-workspace/install/micro_ros_setup/share/micro_ros_setup/local_setup.zsh
[0.500s] -- Up-to-date symlink: /home/uocav/ros-workspace/install/micro_ros_setup/share/micro_ros_setup/local_setup.dsv
[0.500s] -- Symlinking: /home/uocav/ros-workspace/install/micro_ros_setup/share/micro_ros_setup/package.dsv
[0.511s] -- Up-to-date symlink: /home/uocav/ros-workspace/install/micro_ros_setup/share/ament_index/resource_index/packages/micro_ros_setup
[0.512s] -- Up-to-date symlink: /home/uocav/ros-workspace/install/micro_ros_setup/share/micro_ros_setup/cmake/micro_ros_setupConfig.cmake
[0.512s] -- Up-to-date symlink: /home/uocav/ros-workspace/install/micro_ros_setup/share/micro_ros_setup/cmake/micro_ros_setupConfig-version.cmake
[0.512s] -- Up-to-date symlink: /home/uocav/ros-workspace/install/micro_ros_setup/share/micro_ros_setup/package.xml
[0.512s] -- Up-to-date symlink: /home/uocav/ros-workspace/install/micro_ros_setup/lib/micro_ros_setup/create_ws.sh
[0.512s] -- Up-to-date symlink: /home/uocav/ros-workspace/install/micro_ros_setup/lib/micro_ros_setup/create_agent_ws.sh
[0.512s] -- Up-to-date symlink: /home/uocav/ros-workspace/install/micro_ros_setup/lib/micro_ros_setup/create_firmware_ws.sh
[0.512s] -- Up-to-date symlink: /home/uocav/ros-workspace/install/micro_ros_setup/lib/micro_ros_setup/configure_firmware.sh
[0.512s] -- Up-to-date symlink: /home/uocav/ros-workspace/install/micro_ros_setup/lib/micro_ros_setup/flash_firmware.sh
[0.513s] -- Up-to-date symlink: /home/uocav/ros-workspace/install/micro_ros_setup/lib/micro_ros_setup/reset_firmware.sh
[0.513s] -- Up-to-date symlink: /home/uocav/ros-workspace/install/micro_ros_setup/lib/micro_ros_setup/build_firmware.sh
[0.513s] -- Up-to-date symlink: /home/uocav/ros-workspace/install/micro_ros_setup/lib/micro_ros_setup/build_agent.sh
[0.513s] -- Up-to-date symlink: /home/uocav/ros-workspace/install/micro_ros_setup/lib/micro_ros_setup/yaml_filter.py
[0.513s] -- Up-to-date symlink: /home/uocav/ros-workspace/install/micro_ros_setup/lib/micro_ros_setup/clean_env.sh
[0.513s] -- Up-to-date: /home/uocav/ros-workspace/install/micro_ros_setup/./config
[0.514s] -- Up-to-date: /home/uocav/ros-workspace/install/micro_ros_setup/./config/raspbian
[0.514s] -- Up-to-date: /home/uocav/ros-workspace/install/micro_ros_setup/./config/raspbian/generic
[0.514s] -- Up-to-date: /home/uocav/ros-workspace/install/micro_ros_setup/./config/raspbian/generic/flash.sh
[0.514s] -- Up-to-date: /home/uocav/ros-workspace/install/micro_ros_setup/./config/raspbian/generic/configure.sh
[0.515s] -- Up-to-date: /home/uocav/ros-workspace/install/micro_ros_setup/./config/raspbian/generic/client_uros_packages.repos
[0.515s] -- Up-to-date: /home/uocav/ros-workspace/install/micro_ros_setup/./config/raspbian/generic/build.sh
[0.515s] -- Up-to-date: /home/uocav/ros-workspace/install/micro_ros_setup/./config/raspbian/generic/supported_platforms
[0.515s] -- Up-to-date: /home/uocav/ros-workspace/install/micro_ros_setup/./config/raspbian/generic/create.sh
[0.515s] -- Up-to-date: /home/uocav/ros-workspace/install/micro_ros_setup/./config/raspbian/generic/client-colcon.meta
[0.515s] -- Up-to-date: /home/uocav/ros-workspace/install/micro_ros_setup/./config/raspbian/dev_ros2_packages.txt
[0.515s] -- Up-to-date: /home/uocav/ros-workspace/install/micro_ros_setup/./config/raspbian/dev_uros_packages.repos
[0.515s] -- Up-to-date: /home/uocav/ros-workspace/install/micro_ros_setup/./config/agent_ros2_packages.txt
[0.515s] -- Up-to-date: /home/uocav/ros-workspace/install/micro_ros_setup/./config/client_uros_packages.repos
[0.516s] -- Up-to-date: /home/uocav/ros-workspace/install/micro_ros_setup/./config/generate_lib
[0.516s] -- Up-to-date: /home/uocav/ros-workspace/install/micro_ros_setup/./config/generate_lib/generic
[0.516s] -- Up-to-date: /home/uocav/ros-workspace/install/micro_ros_setup/./config/generate_lib/generic/flash.sh
[0.516s] -- Up-to-date: /home/uocav/ros-workspace/install/micro_ros_setup/./config/generate_lib/generic/package.xml
[0.516s] -- Up-to-date: /home/uocav/ros-workspace/install/micro_ros_setup/./config/generate_lib/generic/client_uros_packages.repos
[0.516s] -- Up-to-date: /home/uocav/ros-workspace/install/micro_ros_setup/./config/generate_lib/generic/build.sh
[0.516s] -- Up-to-date: /home/uocav/ros-workspace/install/micro_ros_setup/./config/generate_lib/generic/demo_toolchain.cmake
[0.516s] -- Up-to-date: /home/uocav/ros-workspace/install/micro_ros_setup/./config/generate_lib/generic/create.sh
[0.516s] -- Up-to-date: /home/uocav/ros-workspace/install/micro_ros_setup/./config/generate_lib/generic/client-colcon.meta
[0.517s] -- Up-to-date: /home/uocav/ros-workspace/install/micro_ros_setup/./config/generate_lib/dev_ros2_packages.txt
[0.517s] -- Up-to-date: /home/uocav/ros-workspace/install/micro_ros_setup/./config/generate_lib/dev_uros_packages.repos
[0.521s] -- Up-to-date: /home/uocav/ros-workspace/install/micro_ros_setup/./config/utils.sh
[0.521s] -- Up-to-date: /home/uocav/ros-workspace/install/micro_ros_setup/./config/freertos
[0.522s] -- Up-to-date: /home/uocav/ros-workspace/install/micro_ros_setup/./config/freertos/crazyflie21
[0.522s] -- Up-to-date: /home/uocav/ros-workspace/install/micro_ros_setup/./config/freertos/crazyflie21/flash.sh
[0.522s] -- Up-to-date: /home/uocav/ros-workspace/install/micro_ros_setup/./config/freertos/crazyflie21/package.xml
[0.522s] -- Up-to-date: /home/uocav/ros-workspace/install/micro_ros_setup/./config/freertos/crazyflie21/configure.sh
[0.522s] -- Up-to-date: /home/uocav/ros-workspace/install/micro_ros_setup/./config/freertos/crazyflie21/client_uros_packages.repos
[0.522s] -- Up-to-date: /home/uocav/ros-workspace/install/micro_ros_setup/./config/freertos/crazyflie21/build.sh
[0.522s] -- Up-to-date: /home/uocav/ros-workspace/install/micro_ros_setup/./config/freertos/crazyflie21/board.repos
[0.522s] -- Up-to-date: /home/uocav/ros-workspace/install/micro_ros_setup/./config/freertos/crazyflie21/create.sh
[0.522s] -- Up-to-date: /home/uocav/ros-workspace/install/micro_ros_setup/./config/freertos/crazyflie21/client-colcon.meta
[0.522s] -- Up-to-date: /home/uocav/ros-workspace/install/micro_ros_setup/./config/freertos/olimex-stm32-e407
[0.522s] -- Up-to-date: /home/uocav/ros-workspace/install/micro_ros_setup/./config/freertos/olimex-stm32-e407/flash.sh
[0.522s] -- Up-to-date: /home/uocav/ros-workspace/install/micro_ros_setup/./config/freertos/olimex-stm32-e407/package.xml
[0.523s] -- Up-to-date: /home/uocav/ros-workspace/install/micro_ros_setup/./config/freertos/olimex-stm32-e407/configure.sh
[0.523s] -- Up-to-date: /home/uocav/ros-workspace/install/micro_ros_setup/./config/freertos/olimex-stm32-e407/client_uros_packages.repos
[0.523s] -- Up-to-date: /home/uocav/ros-workspace/install/micro_ros_setup/./config/freertos/olimex-stm32-e407/build.sh
[0.523s] -- Up-to-date: /home/uocav/ros-workspace/install/micro_ros_setup/./config/freertos/olimex-stm32-e407/board.repos
[0.523s] -- Up-to-date: /home/uocav/ros-workspace/install/micro_ros_setup/./config/freertos/olimex-stm32-e407/reset.sh
[0.524s] -- Up-to-date: /home/uocav/ros-workspace/install/micro_ros_setup/./config/freertos/olimex-stm32-e407/create.sh
[0.524s] -- Up-to-date: /home/uocav/ros-workspace/install/micro_ros_setup/./config/freertos/olimex-stm32-e407/client-colcon.meta
[0.524s] -- Up-to-date: /home/uocav/ros-workspace/install/micro_ros_setup/./config/freertos/nucleo_f446re
[0.524s] -- Up-to-date: /home/uocav/ros-workspace/install/micro_ros_setup/./config/freertos/nucleo_f446re/flash.sh
[0.524s] -- Up-to-date: /home/uocav/ros-workspace/install/micro_ros_setup/./config/freertos/nucleo_f446re/package.xml
[0.524s] -- Up-to-date: /home/uocav/ros-workspace/install/micro_ros_setup/./config/freertos/nucleo_f446re/configure.sh
[0.524s] -- Up-to-date: /home/uocav/ros-workspace/install/micro_ros_setup/./config/freertos/nucleo_f446re/client_uros_packages.repos
[0.524s] -- Up-to-date: /home/uocav/ros-workspace/install/micro_ros_setup/./config/freertos/nucleo_f446re/build.sh
[0.524s] -- Up-to-date: /home/uocav/ros-workspace/install/micro_ros_setup/./config/freertos/nucleo_f446re/board.repos
[0.524s] -- Up-to-date: /home/uocav/ros-workspace/install/micro_ros_setup/./config/freertos/nucleo_f446re/reset.sh
[0.524s] -- Up-to-date: /home/uocav/ros-workspace/install/micro_ros_setup/./config/freertos/nucleo_f446re/create.sh
[0.524s] -- Up-to-date: /home/uocav/ros-workspace/install/micro_ros_setup/./config/freertos/nucleo_f446re/client-colcon.meta
[0.525s] -- Up-to-date: /home/uocav/ros-workspace/install/micro_ros_setup/./config/freertos/nucleo_f767zi
[0.525s] -- Up-to-date: /home/uocav/ros-workspace/install/micro_ros_setup/./config/freertos/nucleo_f767zi/flash.sh
[0.525s] -- Up-to-date: /home/uocav/ros-workspace/install/micro_ros_setup/./config/freertos/nucleo_f767zi/package.xml
[0.525s] -- Up-to-date: /home/uocav/ros-workspace/install/micro_ros_setup/./config/freertos/nucleo_f767zi/configure.sh
[0.525s] -- Up-to-date: /home/uocav/ros-workspace/install/micro_ros_setup/./config/freertos/nucleo_f767zi/client_uros_packages.repos
[0.525s] -- Up-to-date: /home/uocav/ros-workspace/install/micro_ros_setup/./config/freertos/nucleo_f767zi/build.sh
[0.525s] -- Up-to-date: /home/uocav/ros-workspace/install/micro_ros_setup/./config/freertos/nucleo_f767zi/board.repos
[0.525s] -- Up-to-date: /home/uocav/ros-workspace/install/micro_ros_setup/./config/freertos/nucleo_f767zi/reset.sh
[0.525s] -- Up-to-date: /home/uocav/ros-workspace/install/micro_ros_setup/./config/freertos/nucleo_f767zi/create.sh
[0.525s] -- Up-to-date: /home/uocav/ros-workspace/install/micro_ros_setup/./config/freertos/nucleo_f767zi/client-colcon.meta
[0.525s] -- Up-to-date: /home/uocav/ros-workspace/install/micro_ros_setup/./config/freertos/list_apps.sh
[0.526s] -- Up-to-date: /home/uocav/ros-workspace/install/micro_ros_setup/./config/freertos/nucleo_f746zg
[0.526s] -- Up-to-date: /home/uocav/ros-workspace/install/micro_ros_setup/./config/freertos/nucleo_f746zg/flash.sh
[0.526s] -- Up-to-date: /home/uocav/ros-workspace/install/micro_ros_setup/./config/freertos/nucleo_f746zg/package.xml
[0.526s] -- Up-to-date: /home/uocav/ros-workspace/install/micro_ros_setup/./config/freertos/nucleo_f746zg/configure.sh
[0.526s] -- Up-to-date: /home/uocav/ros-workspace/install/micro_ros_setup/./config/freertos/nucleo_f746zg/client_uros_packages.repos
[0.526s] -- Up-to-date: /home/uocav/ros-workspace/install/micro_ros_setup/./config/freertos/nucleo_f746zg/build.sh
[0.526s] -- Up-to-date: /home/uocav/ros-workspace/install/micro_ros_setup/./config/freertos/nucleo_f746zg/board.repos
[0.526s] -- Up-to-date: /home/uocav/ros-workspace/install/micro_ros_setup/./config/freertos/nucleo_f746zg/reset.sh
[0.526s] -- Up-to-date: /home/uocav/ros-workspace/install/micro_ros_setup/./config/freertos/nucleo_f746zg/create.sh
[0.526s] -- Up-to-date: /home/uocav/ros-workspace/install/micro_ros_setup/./config/freertos/nucleo_f746zg/client-colcon.meta
[0.526s] -- Up-to-date: /home/uocav/ros-workspace/install/micro_ros_setup/./config/freertos/nucleo_f446ze
[0.526s] -- Up-to-date: /home/uocav/ros-workspace/install/micro_ros_setup/./config/freertos/nucleo_f446ze/flash.sh
[0.526s] -- Up-to-date: /home/uocav/ros-workspace/install/micro_ros_setup/./config/freertos/nucleo_f446ze/package.xml
[0.526s] -- Up-to-date: /home/uocav/ros-workspace/install/micro_ros_setup/./config/freertos/nucleo_f446ze/configure.sh
[0.527s] -- Up-to-date: /home/uocav/ros-workspace/install/micro_ros_setup/./config/freertos/nucleo_f446ze/client_uros_packages.repos
[0.527s] -- Up-to-date: /home/uocav/ros-workspace/install/micro_ros_setup/./config/freertos/nucleo_f446ze/build.sh
[0.527s] -- Up-to-date: /home/uocav/ros-workspace/install/micro_ros_setup/./config/freertos/nucleo_f446ze/board.repos
[0.527s] -- Up-to-date: /home/uocav/ros-workspace/install/micro_ros_setup/./config/freertos/nucleo_f446ze/reset.sh
[0.527s] -- Up-to-date: /home/uocav/ros-workspace/install/micro_ros_setup/./config/freertos/nucleo_f446ze/create.sh
[0.527s] -- Up-to-date: /home/uocav/ros-workspace/install/micro_ros_setup/./config/freertos/nucleo_f446ze/client-colcon.meta
[0.527s] -- Up-to-date: /home/uocav/ros-workspace/install/micro_ros_setup/./config/freertos/esp32
[0.527s] -- Up-to-date: /home/uocav/ros-workspace/install/micro_ros_setup/./config/freertos/esp32/flash.sh
[0.527s] -- Up-to-date: /home/uocav/ros-workspace/install/micro_ros_setup/./config/freertos/esp32/package.xml
[0.527s] -- Up-to-date: /home/uocav/ros-workspace/install/micro_ros_setup/./config/freertos/esp32/configure.sh
[0.527s] -- Up-to-date: /home/uocav/ros-workspace/install/micro_ros_setup/./config/freertos/esp32/client_uros_packages.repos
[0.527s] -- Up-to-date: /home/uocav/ros-workspace/install/micro_ros_setup/./config/freertos/esp32/build.sh
[0.527s] -- Up-to-date: /home/uocav/ros-workspace/install/micro_ros_setup/./config/freertos/esp32/board.repos
[0.527s] -- Up-to-date: /home/uocav/ros-workspace/install/micro_ros_setup/./config/freertos/esp32/create.sh
[0.528s] -- Up-to-date: /home/uocav/ros-workspace/install/micro_ros_setup/./config/freertos/esp32/client-colcon.meta
[0.528s] -- Up-to-date: /home/uocav/ros-workspace/install/micro_ros_setup/./config/freertos/esp32/README.md
[0.528s] -- Up-to-date: /home/uocav/ros-workspace/install/micro_ros_setup/./config/freertos/dev_ros2_packages.txt
[0.528s] -- Up-to-date: /home/uocav/ros-workspace/install/micro_ros_setup/./config/freertos/dev_uros_packages.repos
[0.528s] -- Up-to-date: /home/uocav/ros-workspace/install/micro_ros_setup/./config/nuttx
[0.528s] -- Up-to-date: /home/uocav/ros-workspace/install/micro_ros_setup/./config/nuttx/generic
[0.528s] -- Up-to-date: /home/uocav/ros-workspace/install/micro_ros_setup/./config/nuttx/generic/flash.sh
[0.528s] -- Up-to-date: /home/uocav/ros-workspace/install/micro_ros_setup/./config/nuttx/generic/package.xml
[0.528s] -- Up-to-date: /home/uocav/ros-workspace/install/micro_ros_setup/./config/nuttx/generic/configure.sh
[0.528s] -- Up-to-date: /home/uocav/ros-workspace/install/micro_ros_setup/./config/nuttx/generic/client_uros_packages.repos
[0.528s] -- Up-to-date: /home/uocav/ros-workspace/install/micro_ros_setup/./config/nuttx/generic/uros_packages.repos
[0.528s] -- Up-to-date: /home/uocav/ros-workspace/install/micro_ros_setup/./config/nuttx/generic/build.sh
[0.528s] -- Up-to-date: /home/uocav/ros-workspace/install/micro_ros_setup/./config/nuttx/generic/supported_platforms
[0.528s] -- Up-to-date: /home/uocav/ros-workspace/install/micro_ros_setup/./config/nuttx/generic/reset.sh
[0.528s] -- Up-to-date: /home/uocav/ros-workspace/install/micro_ros_setup/./config/nuttx/generic/create.sh
[0.528s] -- Up-to-date: /home/uocav/ros-workspace/install/micro_ros_setup/./config/nuttx/generic/client-colcon.meta
[0.529s] -- Up-to-date: /home/uocav/ros-workspace/install/micro_ros_setup/./config/nuttx/dev_ros2_packages.txt
[0.529s] -- Up-to-date: /home/uocav/ros-workspace/install/micro_ros_setup/./config/nuttx/dev_uros_packages.repos
[0.529s] -- Up-to-date: /home/uocav/ros-workspace/install/micro_ros_setup/./config/client_ros2_packages.txt
[0.529s] -- Up-to-date: /home/uocav/ros-workspace/install/micro_ros_setup/./config/host
[0.529s] -- Up-to-date: /home/uocav/ros-workspace/install/micro_ros_setup/./config/host/client_ros2_packages.txt
[0.529s] -- Up-to-date: /home/uocav/ros-workspace/install/micro_ros_setup/./config/host/generic
[0.529s] -- Up-to-date: /home/uocav/ros-workspace/install/micro_ros_setup/./config/host/generic/flash.sh
[0.529s] -- Up-to-date: /home/uocav/ros-workspace/install/micro_ros_setup/./config/host/generic/package.xml
[0.529s] -- Up-to-date: /home/uocav/ros-workspace/install/micro_ros_setup/./config/host/generic/build.sh
[0.529s] -- Up-to-date: /home/uocav/ros-workspace/install/micro_ros_setup/./config/host/generic/client-host-colcon.meta
[0.529s] -- Up-to-date: /home/uocav/ros-workspace/install/micro_ros_setup/./config/host/generic/reset.sh
[0.529s] -- Up-to-date: /home/uocav/ros-workspace/install/micro_ros_setup/./config/host/generic/client_host_packages.repos
[0.529s] -- Up-to-date: /home/uocav/ros-workspace/install/micro_ros_setup/./config/host/generic/create.sh
[0.529s] -- Up-to-date: /home/uocav/ros-workspace/install/micro_ros_setup/./config/host/dev_ros2_packages.txt
[0.529s] -- Up-to-date: /home/uocav/ros-workspace/install/micro_ros_setup/./config/host/dev_uros_packages.repos
[0.530s] -- Up-to-date: /home/uocav/ros-workspace/install/micro_ros_setup/./config/renesas_ra
[0.530s] -- Up-to-date: /home/uocav/ros-workspace/install/micro_ros_setup/./config/renesas_ra/ra6m5
[0.530s] -- Up-to-date: /home/uocav/ros-workspace/install/micro_ros_setup/./config/renesas_ra/ra6m5/flash.sh
[0.530s] -- Up-to-date: /home/uocav/ros-workspace/install/micro_ros_setup/./config/renesas_ra/ra6m5/configure.sh
[0.530s] -- Up-to-date: /home/uocav/ros-workspace/install/micro_ros_setup/./config/renesas_ra/ra6m5/client_uros_packages.repos
[0.530s] -- Up-to-date: /home/uocav/ros-workspace/install/micro_ros_setup/./config/renesas_ra/ra6m5/build.sh
[0.530s] -- Up-to-date: /home/uocav/ros-workspace/install/micro_ros_setup/./config/renesas_ra/ra6m5/board.repos
[0.530s] -- Up-to-date: /home/uocav/ros-workspace/install/micro_ros_setup/./config/renesas_ra/ra6m5/create.sh
[0.530s] -- Up-to-date: /home/uocav/ros-workspace/install/micro_ros_setup/./config/renesas_ra/ra6m5/client-colcon.meta
[0.530s] -- Up-to-date: /home/uocav/ros-workspace/install/micro_ros_setup/./config/renesas_ra/list_apps.sh
[0.530s] -- Up-to-date: /home/uocav/ros-workspace/install/micro_ros_setup/./config/renesas_ra/dev_ros2_packages.txt
[0.530s] -- Up-to-date: /home/uocav/ros-workspace/install/micro_ros_setup/./config/renesas_ra/dev_uros_packages.repos
[0.530s] -- Up-to-date: /home/uocav/ros-workspace/install/micro_ros_setup/./config/zephyr
[0.530s] -- Up-to-date: /home/uocav/ros-workspace/install/micro_ros_setup/./config/zephyr/list_apps.sh
[0.531s] -- Up-to-date: /home/uocav/ros-workspace/install/micro_ros_setup/./config/zephyr/generic
[0.531s] -- Up-to-date: /home/uocav/ros-workspace/install/micro_ros_setup/./config/zephyr/generic/flash.sh
[0.531s] -- Up-to-date: /home/uocav/ros-workspace/install/micro_ros_setup/./config/zephyr/generic/package.xml
[0.531s] -- Up-to-date: /home/uocav/ros-workspace/install/micro_ros_setup/./config/zephyr/generic/configure.sh
[0.532s] -- Up-to-date: /home/uocav/ros-workspace/install/micro_ros_setup/./config/zephyr/generic/client_uros_packages.repos
[0.532s] -- Up-to-date: /home/uocav/ros-workspace/install/micro_ros_setup/./config/zephyr/generic/build.sh
[0.532s] -- Up-to-date: /home/uocav/ros-workspace/install/micro_ros_setup/./config/zephyr/generic/supported_platforms
[0.532s] -- Up-to-date: /home/uocav/ros-workspace/install/micro_ros_setup/./config/zephyr/generic/board.repos
[0.532s] -- Up-to-date: /home/uocav/ros-workspace/install/micro_ros_setup/./config/zephyr/generic/reset.sh
[0.532s] -- Up-to-date: /home/uocav/ros-workspace/install/micro_ros_setup/./config/zephyr/generic/create.sh
[0.532s] -- Up-to-date: /home/uocav/ros-workspace/install/micro_ros_setup/./config/zephyr/generic/client-colcon.meta
[0.532s] -- Up-to-date: /home/uocav/ros-workspace/install/micro_ros_setup/./config/zephyr/dev_ros2_packages.txt
[0.532s] -- Up-to-date: /home/uocav/ros-workspace/install/micro_ros_setup/./config/zephyr/dev_uros_packages.repos
[0.532s] -- Up-to-date: /home/uocav/ros-workspace/install/micro_ros_setup/./config/agent_uros_packages.repos
[0.532s] Invoked command in '/home/uocav/ros-workspace/build/micro_ros_setup' returned '0': CMAKE_PREFIX_PATH=${CMAKE_PREFIX_PATH}:/home/uocav/ros-workspace/install/urdf_tutorial_r2d2:/opt/ros/foxy /usr/bin/cmake --install /home/uocav/ros-workspace/build/micro_ros_setup
