[0.198s] Invoking command in '/home/jetson/ros-workspace/build/ouster_srvs': CMAKE_PREFIX_PATH=/opt/ros/foxy /usr/bin/cmake /home/jetson/ros-workspace/src/ouster-ros/ouster-srvs -DCMAKE_INSTALL_PREFIX=/home/jetson/ros-workspace/install/ouster_srvs
[0.648s] -- The C compiler identification is GNU 9.4.0
[1.054s] -- The CXX compiler identification is GNU 9.4.0
[1.077s] -- Check for working C compiler: /usr/bin/cc
[1.477s] -- Check for working C compiler: /usr/bin/cc -- works
[1.483s] -- Detecting C compiler ABI info
[1.885s] -- Detecting C compiler ABI info - done
[1.956s] -- Detecting C compile features
[1.957s] -- Detecting C compile features - done
[1.972s] -- Check for working CXX compiler: /usr/bin/c++
[2.415s] -- Check for working CXX compiler: /usr/bin/c++ -- works
[2.427s] -- Detecting CXX compiler ABI info
[2.881s] -- Detecting CXX compiler ABI info - done
[2.940s] -- Detecting CXX compile features
[2.943s] -- Detecting CXX compile features - done
[2.951s] -- Found ament_cmake: 0.9.11 (/opt/ros/foxy/share/ament_cmake/cmake)
[3.069s] -- Found PythonInterp: /usr/bin/python3 (found suitable version "3.8.10", minimum required is "3") 
[3.071s] -- Using PYTHON_EXECUTABLE: /usr/bin/python3
[3.972s] -- Found rosidl_default_generators: 1.0.1 (/opt/ros/foxy/share/rosidl_default_generators/cmake)
[3.983s] -- Using all available rosidl_typesupport_c: rosidl_typesupport_fastrtps_c;rosidl_typesupport_introspection_c
[4.012s] -- Found rosidl_adapter: 1.3.0 (/opt/ros/foxy/share/rosidl_adapter/cmake)
[4.509s] -- Found OpenSSL: /usr/lib/aarch64-linux-gnu/libcrypto.so (found version "1.1.1f")  
[4.671s] -- Found FastRTPS: /opt/ros/foxy/include  
[5.097s] -- Using all available rosidl_typesupport_cpp: rosidl_typesupport_fastrtps_cpp;rosidl_typesupport_introspection_cpp
[5.362s] -- Found PythonInterp: /usr/bin/python3 (found version "3.8.10") 
[5.966s] -- Found ament_cmake_ros: 0.9.2 (/opt/ros/foxy/share/ament_cmake_ros/cmake)
[6.428s] -- Using all available rosidl_typesupport_c: rosidl_typesupport_fastrtps_c;rosidl_typesupport_introspection_c
[6.470s] -- Using all available rosidl_typesupport_cpp: rosidl_typesupport_fastrtps_cpp;rosidl_typesupport_introspection_cpp
[6.588s] -- Found PythonInterp: /usr/bin/python3 (found suitable version "3.8.10", minimum required is "3.5") 
[6.593s] -- Found python_cmake_module: 0.8.1 (/opt/ros/foxy/share/python_cmake_module/cmake)
[6.724s] -- Found PythonLibs: /usr/lib/aarch64-linux-gnu/libpython3.8.so (found suitable version "3.8.10", minimum required is "3.5") 
[6.725s] -- Using PYTHON_EXECUTABLE: /usr/bin/python3
[6.725s] -- Using PYTHON_INCLUDE_DIRS: /usr/include/python3.8
[6.727s] -- Using PYTHON_LIBRARIES: /usr/lib/aarch64-linux-gnu/libpython3.8.so
[6.822s] -- Found PythonExtra: .so  
[7.080s] -- Configuring done
[7.308s] -- Generating done
[7.313s] -- Build files have been written to: /home/jetson/ros-workspace/build/ouster_srvs
[7.346s] Invoked command in '/home/jetson/ros-workspace/build/ouster_srvs' returned '0': CMAKE_PREFIX_PATH=/opt/ros/foxy /usr/bin/cmake /home/jetson/ros-workspace/src/ouster-ros/ouster-srvs -DCMAKE_INSTALL_PREFIX=/home/jetson/ros-workspace/install/ouster_srvs
[7.358s] Invoking command in '/home/jetson/ros-workspace/build/ouster_srvs': CMAKE_PREFIX_PATH=/opt/ros/foxy /usr/bin/cmake --build /home/jetson/ros-workspace/build/ouster_srvs -- -j4 -l4
[7.581s] [  2%] [34m[1mGenerating C code for ROS interfaces[0m
[7.586s] [35m[1mScanning dependencies of target ouster_srvs__cpp[0m
[7.746s] [  4%] [34m[1mGenerating C++ code for ROS interfaces[0m
[10.003s] [  4%] Built target ouster_srvs__cpp
[10.005s] [35m[1mScanning dependencies of target ouster_srvs__rosidl_generator_c[0m
[10.077s] [  6%] [34m[1mGenerating C++ introspection for ROS interfaces[0m
[10.108s] [  8%] [32mBuilding C object CMakeFiles/ouster_srvs__rosidl_generator_c.dir/rosidl_generator_c/ouster_srvs/srv/detail/get_config__functions.c.o[0m
[10.548s] [ 10%] [32mBuilding C object CMakeFiles/ouster_srvs__rosidl_generator_c.dir/rosidl_generator_c/ouster_srvs/srv/detail/set_config__functions.c.o[0m
[10.939s] [ 12%] [32mBuilding C object CMakeFiles/ouster_srvs__rosidl_generator_c.dir/rosidl_generator_c/ouster_srvs/srv/detail/get_metadata__functions.c.o[0m
[11.358s] [ 14%] [32m[1mLinking C shared library libouster_srvs__rosidl_generator_c.so[0m
[11.584s] [ 14%] Built target ouster_srvs__rosidl_generator_c
[11.695s] [ 17%] [34m[1mGenerating C++ type support dispatch for ROS interfaces[0m
[11.885s] [35m[1mScanning dependencies of target ouster_srvs__rosidl_typesupport_introspection_cpp[0m
[11.959s] [ 19%] [32mBuilding CXX object CMakeFiles/ouster_srvs__rosidl_typesupport_introspection_cpp.dir/rosidl_typesupport_introspection_cpp/ouster_srvs/srv/detail/get_config__type_support.cpp.o[0m
[13.396s] [35m[1mScanning dependencies of target ouster_srvs__rosidl_typesupport_cpp[0m
[13.462s] [ 21%] [32mBuilding CXX object CMakeFiles/ouster_srvs__rosidl_typesupport_cpp.dir/rosidl_typesupport_cpp/ouster_srvs/srv/get_config__type_support.cpp.o[0m
[13.665s] [ 23%] [32mBuilding CXX object CMakeFiles/ouster_srvs__rosidl_typesupport_introspection_cpp.dir/rosidl_typesupport_introspection_cpp/ouster_srvs/srv/detail/set_config__type_support.cpp.o[0m
[14.966s] [ 25%] [32mBuilding CXX object CMakeFiles/ouster_srvs__rosidl_typesupport_cpp.dir/rosidl_typesupport_cpp/ouster_srvs/srv/set_config__type_support.cpp.o[0m
[15.244s] [ 27%] [32mBuilding CXX object CMakeFiles/ouster_srvs__rosidl_typesupport_introspection_cpp.dir/rosidl_typesupport_introspection_cpp/ouster_srvs/srv/detail/get_metadata__type_support.cpp.o[0m
[16.508s] [ 29%] [32mBuilding CXX object CMakeFiles/ouster_srvs__rosidl_typesupport_cpp.dir/rosidl_typesupport_cpp/ouster_srvs/srv/get_metadata__type_support.cpp.o[0m
[16.739s] [ 31%] [32m[1mLinking CXX shared library libouster_srvs__rosidl_typesupport_introspection_cpp.so[0m
[17.155s] [ 31%] Built target ouster_srvs__rosidl_typesupport_introspection_cpp
[18.003s] [ 34%] [32m[1mLinking CXX shared library libouster_srvs__rosidl_typesupport_cpp.so[0m
[18.218s] [ 34%] Built target ouster_srvs__rosidl_typesupport_cpp
[18.277s] [ 36%] [34m[1mGenerating C type support dispatch for ROS interfaces[0m
[19.496s] [35m[1mScanning dependencies of target ouster_srvs__rosidl_typesupport_c[0m
[19.566s] [ 38%] [32mBuilding CXX object CMakeFiles/ouster_srvs__rosidl_typesupport_c.dir/rosidl_typesupport_c/ouster_srvs/srv/get_config__type_support.cpp.o[0m
[19.768s] [ 40%] [32mBuilding CXX object CMakeFiles/ouster_srvs__rosidl_typesupport_c.dir/rosidl_typesupport_c/ouster_srvs/srv/set_config__type_support.cpp.o[0m
[19.977s] [ 42%] [32mBuilding CXX object CMakeFiles/ouster_srvs__rosidl_typesupport_c.dir/rosidl_typesupport_c/ouster_srvs/srv/get_metadata__type_support.cpp.o[0m
[20.173s] [ 44%] [32m[1mLinking CXX shared library libouster_srvs__rosidl_typesupport_c.so[0m
[20.382s] [ 44%] Built target ouster_srvs__rosidl_typesupport_c
[20.437s] [ 46%] [34m[1mGenerating C introspection for ROS interfaces[0m
[21.857s] [35m[1mScanning dependencies of target ouster_srvs__rosidl_typesupport_introspection_c[0m
[21.926s] [ 48%] [32mBuilding C object CMakeFiles/ouster_srvs__rosidl_typesupport_introspection_c.dir/rosidl_typesupport_introspection_c/ouster_srvs/srv/detail/get_config__type_support.c.o[0m
[22.131s] [ 51%] [32mBuilding C object CMakeFiles/ouster_srvs__rosidl_typesupport_introspection_c.dir/rosidl_typesupport_introspection_c/ouster_srvs/srv/detail/get_metadata__type_support.c.o[0m
[22.333s] [ 53%] [32mBuilding C object CMakeFiles/ouster_srvs__rosidl_typesupport_introspection_c.dir/rosidl_typesupport_introspection_c/ouster_srvs/srv/detail/set_config__type_support.c.o[0m
[22.532s] [ 55%] [32m[1mLinking C shared library libouster_srvs__rosidl_typesupport_introspection_c.so[0m
[22.688s] [ 55%] Built target ouster_srvs__rosidl_typesupport_introspection_c
[22.737s] [ 57%] [34m[1mGenerating C++ type support for eProsima Fast-RTPS[0m
[24.277s] [35m[1mScanning dependencies of target ouster_srvs__rosidl_typesupport_fastrtps_cpp[0m
[24.382s] [ 59%] [32mBuilding CXX object CMakeFiles/ouster_srvs__rosidl_typesupport_fastrtps_cpp.dir/rosidl_typesupport_fastrtps_cpp/ouster_srvs/srv/detail/dds_fastrtps/get_config__type_support.cpp.o[0m
[26.553s] [ 61%] [32mBuilding CXX object CMakeFiles/ouster_srvs__rosidl_typesupport_fastrtps_cpp.dir/rosidl_typesupport_fastrtps_cpp/ouster_srvs/srv/detail/dds_fastrtps/get_metadata__type_support.cpp.o[0m
[28.728s] [ 63%] [32mBuilding CXX object CMakeFiles/ouster_srvs__rosidl_typesupport_fastrtps_cpp.dir/rosidl_typesupport_fastrtps_cpp/ouster_srvs/srv/detail/dds_fastrtps/set_config__type_support.cpp.o[0m
[31.580s] [ 65%] [32m[1mLinking CXX shared library libouster_srvs__rosidl_typesupport_fastrtps_cpp.so[0m
[32.511s] [ 65%] Built target ouster_srvs__rosidl_typesupport_fastrtps_cpp
[32.587s] [ 68%] [34m[1mGenerating C type support for eProsima Fast-RTPS[0m
[34.889s] [35m[1mScanning dependencies of target ouster_srvs__rosidl_typesupport_fastrtps_c[0m
[35.118s] [ 70%] [32mBuilding CXX object CMakeFiles/ouster_srvs__rosidl_typesupport_fastrtps_c.dir/rosidl_typesupport_fastrtps_c/ouster_srvs/srv/detail/get_config__type_support_c.cpp.o[0m
[38.103s] [ 72%] [32mBuilding CXX object CMakeFiles/ouster_srvs__rosidl_typesupport_fastrtps_c.dir/rosidl_typesupport_fastrtps_c/ouster_srvs/srv/detail/get_metadata__type_support_c.cpp.o[0m
[40.856s] [ 74%] [32mBuilding CXX object CMakeFiles/ouster_srvs__rosidl_typesupport_fastrtps_c.dir/rosidl_typesupport_fastrtps_c/ouster_srvs/srv/detail/set_config__type_support_c.cpp.o[0m
[45.099s] [ 76%] [32m[1mLinking CXX shared library libouster_srvs__rosidl_typesupport_fastrtps_c.so[0m
[46.235s] [ 76%] Built target ouster_srvs__rosidl_typesupport_fastrtps_c
[46.306s] [35m[1mScanning dependencies of target ouster_srvs[0m
[46.366s] [ 76%] Built target ouster_srvs
[46.421s] [35m[1mScanning dependencies of target ouster_srvs__py[0m
[46.481s] [ 78%] [34m[1mGenerating Python code for ROS interfaces[0m
[50.539s] [ 78%] Built target ouster_srvs__py
[50.650s] [35m[1mScanning dependencies of target ouster_srvs__python[0m
[50.983s] [ 80%] [32mBuilding C object CMakeFiles/ouster_srvs__python.dir/rosidl_generator_py/ouster_srvs/srv/_get_config_s.c.o[0m
[51.590s] [ 82%] [32mBuilding C object CMakeFiles/ouster_srvs__python.dir/rosidl_generator_py/ouster_srvs/srv/_get_metadata_s.c.o[0m
[52.301s] [ 85%] [32mBuilding C object CMakeFiles/ouster_srvs__python.dir/rosidl_generator_py/ouster_srvs/srv/_set_config_s.c.o[0m
[53.531s] [ 87%] [32m[1mLinking C shared library rosidl_generator_py/ouster_srvs/libouster_srvs__python.so[0m
[53.982s] [ 87%] Built target ouster_srvs__python
[54.142s] [35m[1mScanning dependencies of target ouster_srvs__rosidl_typesupport_c__pyext[0m
[54.392s] [ 89%] [32mBuilding C object CMakeFiles/ouster_srvs__rosidl_typesupport_c__pyext.dir/rosidl_generator_py/ouster_srvs/_ouster_srvs_s.ep.rosidl_typesupport_c.c.o[0m
[55.266s] [ 91%] [32m[1mLinking C shared library rosidl_generator_py/ouster_srvs/ouster_srvs_s__rosidl_typesupport_c.cpython-38-aarch64-linux-gnu.so[0m
[55.658s] [ 91%] Built target ouster_srvs__rosidl_typesupport_c__pyext
[55.776s] [35m[1mScanning dependencies of target ouster_srvs__rosidl_typesupport_introspection_c__pyext[0m
[55.898s] [ 93%] [32mBuilding C object CMakeFiles/ouster_srvs__rosidl_typesupport_introspection_c__pyext.dir/rosidl_generator_py/ouster_srvs/_ouster_srvs_s.ep.rosidl_typesupport_introspection_c.c.o[0m
[56.470s] [ 95%] [32m[1mLinking C shared library rosidl_generator_py/ouster_srvs/ouster_srvs_s__rosidl_typesupport_introspection_c.cpython-38-aarch64-linux-gnu.so[0m
[56.669s] [ 95%] Built target ouster_srvs__rosidl_typesupport_introspection_c__pyext
[56.729s] [35m[1mScanning dependencies of target ouster_srvs__rosidl_typesupport_fastrtps_c__pyext[0m
[56.841s] [ 97%] [32mBuilding C object CMakeFiles/ouster_srvs__rosidl_typesupport_fastrtps_c__pyext.dir/rosidl_generator_py/ouster_srvs/_ouster_srvs_s.ep.rosidl_typesupport_fastrtps_c.c.o[0m
[57.496s] [100%] [32m[1mLinking CXX shared library rosidl_generator_py/ouster_srvs/ouster_srvs_s__rosidl_typesupport_fastrtps_c.cpython-38-aarch64-linux-gnu.so[0m
[58.104s] [100%] Built target ouster_srvs__rosidl_typesupport_fastrtps_c__pyext
[58.176s] Invoked command in '/home/jetson/ros-workspace/build/ouster_srvs' returned '0': CMAKE_PREFIX_PATH=/opt/ros/foxy /usr/bin/cmake --build /home/jetson/ros-workspace/build/ouster_srvs -- -j4 -l4
[58.913s] Invoking command in '/home/jetson/ros-workspace/build/ouster_srvs': CMAKE_PREFIX_PATH=/opt/ros/foxy /usr/bin/cmake --install /home/jetson/ros-workspace/build/ouster_srvs
[58.983s] -- Install configuration: ""
[58.986s] -- Installing: /home/jetson/ros-workspace/install/ouster_srvs/share/ament_index/resource_index/rosidl_interfaces/ouster_srvs
[58.988s] -- Installing: /home/jetson/ros-workspace/install/ouster_srvs/include/ouster_srvs
[58.990s] -- Installing: /home/jetson/ros-workspace/install/ouster_srvs/include/ouster_srvs/srv
[58.991s] -- Installing: /home/jetson/ros-workspace/install/ouster_srvs/include/ouster_srvs/srv/detail
[58.993s] -- Installing: /home/jetson/ros-workspace/install/ouster_srvs/include/ouster_srvs/srv/detail/get_config__type_support.h
[58.995s] -- Installing: /home/jetson/ros-workspace/install/ouster_srvs/include/ouster_srvs/srv/detail/set_config__type_support.h
[58.997s] -- Installing: /home/jetson/ros-workspace/install/ouster_srvs/include/ouster_srvs/srv/detail/set_config__functions.c
[58.999s] -- Installing: /home/jetson/ros-workspace/install/ouster_srvs/include/ouster_srvs/srv/detail/get_metadata__functions.c
[59.000s] -- Installing: /home/jetson/ros-workspace/install/ouster_srvs/include/ouster_srvs/srv/detail/get_metadata__functions.h
[59.004s] -- Installing: /home/jetson/ros-workspace/install/ouster_srvs/include/ouster_srvs/srv/detail/get_config__functions.h
[59.005s] -- Installing: /home/jetson/ros-workspace/install/ouster_srvs/include/ouster_srvs/srv/detail/get_metadata__type_support.h
[59.008s] -- Installing: /home/jetson/ros-workspace/install/ouster_srvs/include/ouster_srvs/srv/detail/set_config__functions.h
[59.010s] -- Installing: /home/jetson/ros-workspace/install/ouster_srvs/include/ouster_srvs/srv/detail/get_config__functions.c
[59.012s] -- Installing: /home/jetson/ros-workspace/install/ouster_srvs/include/ouster_srvs/srv/detail/get_config__struct.h
[59.013s] -- Installing: /home/jetson/ros-workspace/install/ouster_srvs/include/ouster_srvs/srv/detail/set_config__struct.h
[59.015s] -- Installing: /home/jetson/ros-workspace/install/ouster_srvs/include/ouster_srvs/srv/detail/get_metadata__struct.h
[59.016s] -- Installing: /home/jetson/ros-workspace/install/ouster_srvs/include/ouster_srvs/srv/set_config.h
[59.018s] -- Installing: /home/jetson/ros-workspace/install/ouster_srvs/include/ouster_srvs/srv/get_config.h
[59.019s] -- Installing: /home/jetson/ros-workspace/install/ouster_srvs/include/ouster_srvs/srv/get_metadata.h
[59.021s] -- Installing: /home/jetson/ros-workspace/install/ouster_srvs/include/ouster_srvs/msg
[59.022s] -- Installing: /home/jetson/ros-workspace/install/ouster_srvs/include/ouster_srvs/msg/rosidl_generator_c__visibility_control.h
[59.024s] -- Installing: /home/jetson/ros-workspace/install/ouster_srvs/share/ouster_srvs/environment/library_path.sh
[59.027s] -- Installing: /home/jetson/ros-workspace/install/ouster_srvs/share/ouster_srvs/environment/library_path.dsv
[59.029s] -- Installing: /home/jetson/ros-workspace/install/ouster_srvs/lib/libouster_srvs__rosidl_generator_c.so
[59.034s] -- Set runtime path of "/home/jetson/ros-workspace/install/ouster_srvs/lib/libouster_srvs__rosidl_generator_c.so" to ""
[59.037s] -- Up-to-date: /home/jetson/ros-workspace/install/ouster_srvs/include/ouster_srvs
[59.038s] -- Up-to-date: /home/jetson/ros-workspace/install/ouster_srvs/include/ouster_srvs/srv
[59.039s] -- Up-to-date: /home/jetson/ros-workspace/install/ouster_srvs/include/ouster_srvs/srv/detail
[59.040s] -- Installing: /home/jetson/ros-workspace/install/ouster_srvs/include/ouster_srvs/srv/detail/get_config__rosidl_typesupport_fastrtps_c.h
[59.042s] -- Installing: /home/jetson/ros-workspace/install/ouster_srvs/include/ouster_srvs/srv/detail/get_metadata__rosidl_typesupport_fastrtps_c.h
[59.044s] -- Installing: /home/jetson/ros-workspace/install/ouster_srvs/include/ouster_srvs/srv/detail/set_config__rosidl_typesupport_fastrtps_c.h
[59.046s] -- Up-to-date: /home/jetson/ros-workspace/install/ouster_srvs/include/ouster_srvs/msg
[59.047s] -- Installing: /home/jetson/ros-workspace/install/ouster_srvs/include/ouster_srvs/msg/rosidl_typesupport_fastrtps_c__visibility_control.h
[59.049s] -- Installing: /home/jetson/ros-workspace/install/ouster_srvs/lib/libouster_srvs__rosidl_typesupport_fastrtps_c.so
[59.053s] -- Set runtime path of "/home/jetson/ros-workspace/install/ouster_srvs/lib/libouster_srvs__rosidl_typesupport_fastrtps_c.so" to ""
[59.054s] -- Up-to-date: /home/jetson/ros-workspace/install/ouster_srvs/include/ouster_srvs
[59.055s] -- Up-to-date: /home/jetson/ros-workspace/install/ouster_srvs/include/ouster_srvs/srv
[59.056s] -- Up-to-date: /home/jetson/ros-workspace/install/ouster_srvs/include/ouster_srvs/srv/detail
[59.059s] -- Installing: /home/jetson/ros-workspace/install/ouster_srvs/include/ouster_srvs/srv/detail/dds_fastrtps
[59.060s] -- Installing: /home/jetson/ros-workspace/install/ouster_srvs/include/ouster_srvs/srv/detail/set_config__rosidl_typesupport_fastrtps_cpp.hpp
[59.062s] -- Installing: /home/jetson/ros-workspace/install/ouster_srvs/include/ouster_srvs/srv/detail/get_metadata__rosidl_typesupport_fastrtps_cpp.hpp
[59.063s] -- Installing: /home/jetson/ros-workspace/install/ouster_srvs/include/ouster_srvs/srv/detail/get_config__rosidl_typesupport_fastrtps_cpp.hpp
[59.065s] -- Up-to-date: /home/jetson/ros-workspace/install/ouster_srvs/include/ouster_srvs/msg
[59.067s] -- Installing: /home/jetson/ros-workspace/install/ouster_srvs/include/ouster_srvs/msg/rosidl_typesupport_fastrtps_cpp__visibility_control.h
[59.069s] -- Installing: /home/jetson/ros-workspace/install/ouster_srvs/lib/libouster_srvs__rosidl_typesupport_fastrtps_cpp.so
[59.073s] -- Set runtime path of "/home/jetson/ros-workspace/install/ouster_srvs/lib/libouster_srvs__rosidl_typesupport_fastrtps_cpp.so" to ""
[59.074s] -- Up-to-date: /home/jetson/ros-workspace/install/ouster_srvs/include/ouster_srvs
[59.076s] -- Up-to-date: /home/jetson/ros-workspace/install/ouster_srvs/include/ouster_srvs/srv
[59.076s] -- Up-to-date: /home/jetson/ros-workspace/install/ouster_srvs/include/ouster_srvs/srv/detail
[59.077s] -- Installing: /home/jetson/ros-workspace/install/ouster_srvs/include/ouster_srvs/srv/detail/get_config__rosidl_typesupport_introspection_c.h
[59.079s] -- Installing: /home/jetson/ros-workspace/install/ouster_srvs/include/ouster_srvs/srv/detail/get_metadata__type_support.c
[59.081s] -- Installing: /home/jetson/ros-workspace/install/ouster_srvs/include/ouster_srvs/srv/detail/set_config__rosidl_typesupport_introspection_c.h
[59.084s] -- Installing: /home/jetson/ros-workspace/install/ouster_srvs/include/ouster_srvs/srv/detail/get_metadata__rosidl_typesupport_introspection_c.h
[59.086s] -- Installing: /home/jetson/ros-workspace/install/ouster_srvs/include/ouster_srvs/srv/detail/set_config__type_support.c
[59.088s] -- Installing: /home/jetson/ros-workspace/install/ouster_srvs/include/ouster_srvs/srv/detail/get_config__type_support.c
[59.089s] -- Up-to-date: /home/jetson/ros-workspace/install/ouster_srvs/include/ouster_srvs/msg
[59.090s] -- Installing: /home/jetson/ros-workspace/install/ouster_srvs/include/ouster_srvs/msg/rosidl_typesupport_introspection_c__visibility_control.h
[59.093s] -- Installing: /home/jetson/ros-workspace/install/ouster_srvs/lib/libouster_srvs__rosidl_typesupport_introspection_c.so
[59.096s] -- Set runtime path of "/home/jetson/ros-workspace/install/ouster_srvs/lib/libouster_srvs__rosidl_typesupport_introspection_c.so" to ""
[59.098s] -- Installing: /home/jetson/ros-workspace/install/ouster_srvs/lib/libouster_srvs__rosidl_typesupport_c.so
[59.101s] -- Set runtime path of "/home/jetson/ros-workspace/install/ouster_srvs/lib/libouster_srvs__rosidl_typesupport_c.so" to ""
[59.103s] -- Up-to-date: /home/jetson/ros-workspace/install/ouster_srvs/include/ouster_srvs
[59.104s] -- Up-to-date: /home/jetson/ros-workspace/install/ouster_srvs/include/ouster_srvs/srv
[59.105s] -- Up-to-date: /home/jetson/ros-workspace/install/ouster_srvs/include/ouster_srvs/srv/detail
[59.105s] -- Installing: /home/jetson/ros-workspace/install/ouster_srvs/include/ouster_srvs/srv/detail/get_config__struct.hpp
[59.108s] -- Installing: /home/jetson/ros-workspace/install/ouster_srvs/include/ouster_srvs/srv/detail/get_config__traits.hpp
[59.109s] -- Installing: /home/jetson/ros-workspace/install/ouster_srvs/include/ouster_srvs/srv/detail/set_config__struct.hpp
[59.111s] -- Installing: /home/jetson/ros-workspace/install/ouster_srvs/include/ouster_srvs/srv/detail/get_metadata__struct.hpp
[59.112s] -- Installing: /home/jetson/ros-workspace/install/ouster_srvs/include/ouster_srvs/srv/detail/get_metadata__traits.hpp
[59.114s] -- Installing: /home/jetson/ros-workspace/install/ouster_srvs/include/ouster_srvs/srv/detail/get_metadata__builder.hpp
[59.115s] -- Installing: /home/jetson/ros-workspace/install/ouster_srvs/include/ouster_srvs/srv/detail/set_config__traits.hpp
[59.117s] -- Installing: /home/jetson/ros-workspace/install/ouster_srvs/include/ouster_srvs/srv/detail/set_config__builder.hpp
[59.118s] -- Installing: /home/jetson/ros-workspace/install/ouster_srvs/include/ouster_srvs/srv/detail/get_config__builder.hpp
[59.119s] -- Installing: /home/jetson/ros-workspace/install/ouster_srvs/include/ouster_srvs/srv/get_config.hpp
[59.121s] -- Installing: /home/jetson/ros-workspace/install/ouster_srvs/include/ouster_srvs/srv/get_metadata.hpp
[59.124s] -- Installing: /home/jetson/ros-workspace/install/ouster_srvs/include/ouster_srvs/srv/set_config.hpp
[59.126s] -- Up-to-date: /home/jetson/ros-workspace/install/ouster_srvs/include/ouster_srvs
[59.126s] -- Up-to-date: /home/jetson/ros-workspace/install/ouster_srvs/include/ouster_srvs/srv
[59.127s] -- Up-to-date: /home/jetson/ros-workspace/install/ouster_srvs/include/ouster_srvs/srv/detail
[59.128s] -- Installing: /home/jetson/ros-workspace/install/ouster_srvs/include/ouster_srvs/srv/detail/get_metadata__type_support.cpp
[59.129s] -- Installing: /home/jetson/ros-workspace/install/ouster_srvs/include/ouster_srvs/srv/detail/get_config__type_support.cpp
[59.130s] -- Installing: /home/jetson/ros-workspace/install/ouster_srvs/include/ouster_srvs/srv/detail/get_metadata__rosidl_typesupport_introspection_cpp.hpp
[59.130s] -- Installing: /home/jetson/ros-workspace/install/ouster_srvs/include/ouster_srvs/srv/detail/set_config__rosidl_typesupport_introspection_cpp.hpp
[59.131s] -- Installing: /home/jetson/ros-workspace/install/ouster_srvs/include/ouster_srvs/srv/detail/get_config__rosidl_typesupport_introspection_cpp.hpp
[59.132s] -- Installing: /home/jetson/ros-workspace/install/ouster_srvs/include/ouster_srvs/srv/detail/set_config__type_support.cpp
[59.136s] -- Installing: /home/jetson/ros-workspace/install/ouster_srvs/lib/libouster_srvs__rosidl_typesupport_introspection_cpp.so
[59.137s] -- Set runtime path of "/home/jetson/ros-workspace/install/ouster_srvs/lib/libouster_srvs__rosidl_typesupport_introspection_cpp.so" to ""
[59.138s] -- Installing: /home/jetson/ros-workspace/install/ouster_srvs/lib/libouster_srvs__rosidl_typesupport_cpp.so
[59.141s] -- Set runtime path of "/home/jetson/ros-workspace/install/ouster_srvs/lib/libouster_srvs__rosidl_typesupport_cpp.so" to ""
[59.142s] -- Installing: /home/jetson/ros-workspace/install/ouster_srvs/share/ouster_srvs/environment/pythonpath.sh
[59.142s] -- Installing: /home/jetson/ros-workspace/install/ouster_srvs/share/ouster_srvs/environment/pythonpath.dsv
[59.144s] -- Installing: /home/jetson/ros-workspace/install/ouster_srvs/lib/python3.8/site-packages/ouster_srvs/__init__.py
[59.302s] Compiling '/home/jetson/ros-workspace/install/ouster_srvs/lib/python3.8/site-packages/ouster_srvs/__init__.py'...
[59.321s] -- Installing: /home/jetson/ros-workspace/install/ouster_srvs/lib/python3.8/site-packages/ouster_srvs/srv
[59.322s] -- Installing: /home/jetson/ros-workspace/install/ouster_srvs/lib/python3.8/site-packages/ouster_srvs/srv/_get_metadata_s.c
[59.323s] -- Installing: /home/jetson/ros-workspace/install/ouster_srvs/lib/python3.8/site-packages/ouster_srvs/srv/_set_config_s.c
[59.324s] -- Installing: /home/jetson/ros-workspace/install/ouster_srvs/lib/python3.8/site-packages/ouster_srvs/srv/_set_config.py
[59.325s] -- Installing: /home/jetson/ros-workspace/install/ouster_srvs/lib/python3.8/site-packages/ouster_srvs/srv/_get_metadata.py
[59.326s] -- Installing: /home/jetson/ros-workspace/install/ouster_srvs/lib/python3.8/site-packages/ouster_srvs/srv/__init__.py
[59.326s] -- Installing: /home/jetson/ros-workspace/install/ouster_srvs/lib/python3.8/site-packages/ouster_srvs/srv/_get_config.py
[59.327s] -- Installing: /home/jetson/ros-workspace/install/ouster_srvs/lib/python3.8/site-packages/ouster_srvs/srv/_get_config_s.c
[59.329s] -- Installing: /home/jetson/ros-workspace/install/ouster_srvs/lib/python3.8/site-packages/ouster_srvs/ouster_srvs_s__rosidl_typesupport_fastrtps_c.cpython-38-aarch64-linux-gnu.so
[59.332s] -- Set runtime path of "/home/jetson/ros-workspace/install/ouster_srvs/lib/python3.8/site-packages/ouster_srvs/ouster_srvs_s__rosidl_typesupport_fastrtps_c.cpython-38-aarch64-linux-gnu.so" to ""
[59.338s] -- Installing: /home/jetson/ros-workspace/install/ouster_srvs/lib/python3.8/site-packages/ouster_srvs/ouster_srvs_s__rosidl_typesupport_introspection_c.cpython-38-aarch64-linux-gnu.so
[59.338s] -- Set runtime path of "/home/jetson/ros-workspace/install/ouster_srvs/lib/python3.8/site-packages/ouster_srvs/ouster_srvs_s__rosidl_typesupport_introspection_c.cpython-38-aarch64-linux-gnu.so" to ""
[59.339s] -- Installing: /home/jetson/ros-workspace/install/ouster_srvs/lib/python3.8/site-packages/ouster_srvs/ouster_srvs_s__rosidl_typesupport_c.cpython-38-aarch64-linux-gnu.so
[59.341s] -- Set runtime path of "/home/jetson/ros-workspace/install/ouster_srvs/lib/python3.8/site-packages/ouster_srvs/ouster_srvs_s__rosidl_typesupport_c.cpython-38-aarch64-linux-gnu.so" to ""
[59.343s] -- Installing: /home/jetson/ros-workspace/install/ouster_srvs/lib/libouster_srvs__python.so
[59.346s] -- Set runtime path of "/home/jetson/ros-workspace/install/ouster_srvs/lib/libouster_srvs__python.so" to ""
[59.347s] -- Installing: /home/jetson/ros-workspace/install/ouster_srvs/share/ouster_srvs/srv/GetConfig.idl
[59.348s] -- Installing: /home/jetson/ros-workspace/install/ouster_srvs/share/ouster_srvs/srv/SetConfig.idl
[59.349s] -- Installing: /home/jetson/ros-workspace/install/ouster_srvs/share/ouster_srvs/srv/GetMetadata.idl
[59.350s] -- Installing: /home/jetson/ros-workspace/install/ouster_srvs/share/ouster_srvs/srv/GetConfig.srv
[59.350s] -- Installing: /home/jetson/ros-workspace/install/ouster_srvs/share/ouster_srvs/srv/GetConfig_Request.msg
[59.351s] -- Installing: /home/jetson/ros-workspace/install/ouster_srvs/share/ouster_srvs/srv/GetConfig_Response.msg
[59.352s] -- Installing: /home/jetson/ros-workspace/install/ouster_srvs/share/ouster_srvs/srv/SetConfig.srv
[59.353s] -- Installing: /home/jetson/ros-workspace/install/ouster_srvs/share/ouster_srvs/srv/SetConfig_Request.msg
[59.354s] -- Installing: /home/jetson/ros-workspace/install/ouster_srvs/share/ouster_srvs/srv/SetConfig_Response.msg
[59.355s] -- Installing: /home/jetson/ros-workspace/install/ouster_srvs/share/ouster_srvs/srv/GetMetadata.srv
[59.356s] -- Installing: /home/jetson/ros-workspace/install/ouster_srvs/share/ouster_srvs/srv/GetMetadata_Request.msg
[59.357s] -- Installing: /home/jetson/ros-workspace/install/ouster_srvs/share/ouster_srvs/srv/GetMetadata_Response.msg
[59.358s] -- Installing: /home/jetson/ros-workspace/install/ouster_srvs/share/ament_index/resource_index/package_run_dependencies/ouster_srvs
[59.359s] -- Installing: /home/jetson/ros-workspace/install/ouster_srvs/share/ament_index/resource_index/parent_prefix_path/ouster_srvs
[59.360s] -- Installing: /home/jetson/ros-workspace/install/ouster_srvs/share/ouster_srvs/environment/ament_prefix_path.sh
[59.361s] -- Installing: /home/jetson/ros-workspace/install/ouster_srvs/share/ouster_srvs/environment/ament_prefix_path.dsv
[59.362s] -- Installing: /home/jetson/ros-workspace/install/ouster_srvs/share/ouster_srvs/environment/path.sh
[59.362s] -- Installing: /home/jetson/ros-workspace/install/ouster_srvs/share/ouster_srvs/environment/path.dsv
[59.363s] -- Installing: /home/jetson/ros-workspace/install/ouster_srvs/share/ouster_srvs/local_setup.bash
[59.364s] -- Installing: /home/jetson/ros-workspace/install/ouster_srvs/share/ouster_srvs/local_setup.sh
[59.366s] -- Installing: /home/jetson/ros-workspace/install/ouster_srvs/share/ouster_srvs/local_setup.zsh
[59.367s] -- Installing: /home/jetson/ros-workspace/install/ouster_srvs/share/ouster_srvs/local_setup.dsv
[59.368s] -- Installing: /home/jetson/ros-workspace/install/ouster_srvs/share/ouster_srvs/package.dsv
[59.369s] -- Installing: /home/jetson/ros-workspace/install/ouster_srvs/share/ament_index/resource_index/packages/ouster_srvs
[59.371s] -- Installing: /home/jetson/ros-workspace/install/ouster_srvs/share/ouster_srvs/cmake/ouster_srvs__rosidl_generator_cExport.cmake
[59.372s] -- Installing: /home/jetson/ros-workspace/install/ouster_srvs/share/ouster_srvs/cmake/ouster_srvs__rosidl_generator_cExport-noconfig.cmake
[59.373s] -- Installing: /home/jetson/ros-workspace/install/ouster_srvs/share/ouster_srvs/cmake/ouster_srvs__rosidl_typesupport_introspection_cExport.cmake
[59.374s] -- Installing: /home/jetson/ros-workspace/install/ouster_srvs/share/ouster_srvs/cmake/ouster_srvs__rosidl_typesupport_introspection_cExport-noconfig.cmake
[59.375s] -- Installing: /home/jetson/ros-workspace/install/ouster_srvs/share/ouster_srvs/cmake/ouster_srvs__rosidl_typesupport_cExport.cmake
[59.376s] -- Installing: /home/jetson/ros-workspace/install/ouster_srvs/share/ouster_srvs/cmake/ouster_srvs__rosidl_typesupport_cExport-noconfig.cmake
[59.377s] -- Installing: /home/jetson/ros-workspace/install/ouster_srvs/share/ouster_srvs/cmake/ouster_srvs__rosidl_generator_cppExport.cmake
[59.378s] -- Installing: /home/jetson/ros-workspace/install/ouster_srvs/share/ouster_srvs/cmake/ouster_srvs__rosidl_typesupport_introspection_cppExport.cmake
[59.379s] -- Installing: /home/jetson/ros-workspace/install/ouster_srvs/share/ouster_srvs/cmake/ouster_srvs__rosidl_typesupport_introspection_cppExport-noconfig.cmake
[59.380s] -- Installing: /home/jetson/ros-workspace/install/ouster_srvs/share/ouster_srvs/cmake/ouster_srvs__rosidl_typesupport_cppExport.cmake
[59.381s] -- Installing: /home/jetson/ros-workspace/install/ouster_srvs/share/ouster_srvs/cmake/ouster_srvs__rosidl_typesupport_cppExport-noconfig.cmake
[59.382s] -- Installing: /home/jetson/ros-workspace/install/ouster_srvs/share/ouster_srvs/cmake/rosidl_cmake-extras.cmake
[59.382s] -- Installing: /home/jetson/ros-workspace/install/ouster_srvs/share/ouster_srvs/cmake/ament_cmake_export_dependencies-extras.cmake
[59.383s] -- Installing: /home/jetson/ros-workspace/install/ouster_srvs/share/ouster_srvs/cmake/ament_cmake_export_libraries-extras.cmake
[59.384s] -- Installing: /home/jetson/ros-workspace/install/ouster_srvs/share/ouster_srvs/cmake/ament_cmake_export_targets-extras.cmake
[59.385s] -- Installing: /home/jetson/ros-workspace/install/ouster_srvs/share/ouster_srvs/cmake/ament_cmake_export_include_directories-extras.cmake
[59.386s] -- Installing: /home/jetson/ros-workspace/install/ouster_srvs/share/ouster_srvs/cmake/rosidl_cmake_export_typesupport_libraries-extras.cmake
[59.388s] -- Installing: /home/jetson/ros-workspace/install/ouster_srvs/share/ouster_srvs/cmake/rosidl_cmake_export_typesupport_targets-extras.cmake
[59.389s] -- Installing: /home/jetson/ros-workspace/install/ouster_srvs/share/ouster_srvs/cmake/ouster_srvsConfig.cmake
[59.390s] -- Installing: /home/jetson/ros-workspace/install/ouster_srvs/share/ouster_srvs/cmake/ouster_srvsConfig-version.cmake
[59.391s] -- Installing: /home/jetson/ros-workspace/install/ouster_srvs/share/ouster_srvs/package.xml
[59.454s] Invoked command in '/home/jetson/ros-workspace/build/ouster_srvs' returned '0': CMAKE_PREFIX_PATH=/opt/ros/foxy /usr/bin/cmake --install /home/jetson/ros-workspace/build/ouster_srvs
