[1.735s] DEBUG:colcon:Command line arguments: ['/usr/bin/colcon', 'build']
[1.735s] DEBUG:colcon:Parsed command line arguments: Namespace(allow_overriding=[], ament_cmake_args=None, base_paths=['.'], build_base='build', catkin_cmake_args=None, catkin_skip_building_tests=False, cmake_args=None, cmake_clean_cache=False, cmake_clean_first=False, cmake_force_configure=False, cmake_target=None, cmake_target_skip_unavailable=False, continue_on_error=False, event_handlers=None, executor='parallel', ignore_user_meta=False, install_base='install', log_base=None, log_level=None, main=<bound method BuildVerb.main of <colcon_core.verb.build.BuildVerb object at 0xffffa5d018e0>>, merge_install=False, metas=['./colcon.meta'], packages_above=None, packages_above_and_dependencies=None, packages_above_depth=None, packages_end=None, packages_ignore=None, packages_ignore_regex=None, packages_select=None, packages_select_build_failed=False, packages_select_by_dep=None, packages_select_regex=None, packages_select_test_failures=False, packages_skip=None, packages_skip_build_finished=False, packages_skip_by_dep=None, packages_skip_regex=None, packages_skip_test_passed=False, packages_skip_up_to=None, packages_start=None, packages_up_to=None, packages_up_to_regex=None, parallel_workers=6, paths=None, symlink_install=False, test_result_base=None, verb_extension=<colcon_core.verb.build.BuildVerb object at 0xffffa5d018e0>, verb_name='build', verb_parser=<colcon_defaults.argument_parser.defaults.DefaultArgumentsDecorator object at 0xffffa5d01e50>)
[1.897s] Level 1:colcon.colcon_core.package_discovery:discover_packages(colcon_meta) check parameters
[1.898s] Level 1:colcon.colcon_core.package_discovery:discover_packages(recursive) check parameters
[1.898s] Level 1:colcon.colcon_core.package_discovery:discover_packages(ignore) check parameters
[1.898s] Level 1:colcon.colcon_core.package_discovery:discover_packages(path) check parameters
[1.898s] Level 1:colcon.colcon_core.package_discovery:discover_packages(colcon_meta) discover
[1.899s] Level 1:colcon.colcon_core.package_discovery:discover_packages(recursive) discover
[1.899s] INFO:colcon.colcon_core.package_discovery:Crawling recursively for packages in '/home/jetson/ros-workspace'
[1.900s] Level 1:colcon.colcon_core.package_identification:_identify(.) by extensions ['ignore', 'ignore_ament_install']
[1.900s] Level 1:colcon.colcon_core.package_identification:_identify(.) by extension 'ignore'
[1.901s] Level 1:colcon.colcon_core.package_identification:_identify(.) by extension 'ignore_ament_install'
[1.901s] Level 1:colcon.colcon_core.package_identification:_identify(.) by extensions ['colcon_pkg']
[1.901s] Level 1:colcon.colcon_core.package_identification:_identify(.) by extension 'colcon_pkg'
[1.901s] Level 1:colcon.colcon_core.package_identification:_identify(.) by extensions ['colcon_meta']
[1.901s] Level 1:colcon.colcon_core.package_identification:_identify(.) by extension 'colcon_meta'
[1.902s] Level 1:colcon.colcon_core.package_identification:_identify(.) by extensions ['ros']
[1.902s] Level 1:colcon.colcon_core.package_identification:_identify(.) by extension 'ros'
[1.992s] Level 1:colcon.colcon_core.package_identification:_identify(.) by extensions ['cmake', 'python']
[1.992s] Level 1:colcon.colcon_core.package_identification:_identify(.) by extension 'cmake'
[1.993s] Level 1:colcon.colcon_core.package_identification:_identify(.) by extension 'python'
[1.993s] Level 1:colcon.colcon_core.package_identification:_identify(.) by extensions ['python_setup_py']
[1.993s] Level 1:colcon.colcon_core.package_identification:_identify(.) by extension 'python_setup_py'
[1.994s] Level 1:colcon.colcon_core.package_identification:_identify(build) by extensions ['ignore', 'ignore_ament_install']
[1.995s] Level 1:colcon.colcon_core.package_identification:_identify(build) by extension 'ignore'
[1.995s] Level 1:colcon.colcon_core.package_identification:_identify(build) ignored
[1.996s] Level 1:colcon.colcon_core.package_identification:_identify(install) by extensions ['ignore', 'ignore_ament_install']
[1.996s] Level 1:colcon.colcon_core.package_identification:_identify(install) by extension 'ignore'
[1.996s] Level 1:colcon.colcon_core.package_identification:_identify(install) ignored
[1.997s] Level 1:colcon.colcon_core.package_identification:_identify(launch) by extensions ['ignore', 'ignore_ament_install']
[1.997s] Level 1:colcon.colcon_core.package_identification:_identify(launch) by extension 'ignore'
[1.997s] Level 1:colcon.colcon_core.package_identification:_identify(launch) by extension 'ignore_ament_install'
[1.998s] Level 1:colcon.colcon_core.package_identification:_identify(launch) by extensions ['colcon_pkg']
[1.998s] Level 1:colcon.colcon_core.package_identification:_identify(launch) by extension 'colcon_pkg'
[1.998s] Level 1:colcon.colcon_core.package_identification:_identify(launch) by extensions ['colcon_meta']
[1.998s] Level 1:colcon.colcon_core.package_identification:_identify(launch) by extension 'colcon_meta'
[1.998s] Level 1:colcon.colcon_core.package_identification:_identify(launch) by extensions ['ros']
[1.999s] Level 1:colcon.colcon_core.package_identification:_identify(launch) by extension 'ros'
[1.999s] Level 1:colcon.colcon_core.package_identification:_identify(launch) by extensions ['cmake', 'python']
[1.999s] Level 1:colcon.colcon_core.package_identification:_identify(launch) by extension 'cmake'
[2.000s] Level 1:colcon.colcon_core.package_identification:_identify(launch) by extension 'python'
[2.000s] Level 1:colcon.colcon_core.package_identification:_identify(launch) by extensions ['python_setup_py']
[2.000s] Level 1:colcon.colcon_core.package_identification:_identify(launch) by extension 'python_setup_py'
[2.001s] Level 1:colcon.colcon_core.package_identification:_identify(log) by extensions ['ignore', 'ignore_ament_install']
[2.001s] Level 1:colcon.colcon_core.package_identification:_identify(log) by extension 'ignore'
[2.001s] Level 1:colcon.colcon_core.package_identification:_identify(log) ignored
[2.002s] Level 1:colcon.colcon_core.package_identification:_identify(rosbag2_2023_09_10-11_58_39) by extensions ['ignore', 'ignore_ament_install']
[2.002s] Level 1:colcon.colcon_core.package_identification:_identify(rosbag2_2023_09_10-11_58_39) by extension 'ignore'
[2.002s] Level 1:colcon.colcon_core.package_identification:_identify(rosbag2_2023_09_10-11_58_39) by extension 'ignore_ament_install'
[2.003s] Level 1:colcon.colcon_core.package_identification:_identify(rosbag2_2023_09_10-11_58_39) by extensions ['colcon_pkg']
[2.003s] Level 1:colcon.colcon_core.package_identification:_identify(rosbag2_2023_09_10-11_58_39) by extension 'colcon_pkg'
[2.003s] Level 1:colcon.colcon_core.package_identification:_identify(rosbag2_2023_09_10-11_58_39) by extensions ['colcon_meta']
[2.003s] Level 1:colcon.colcon_core.package_identification:_identify(rosbag2_2023_09_10-11_58_39) by extension 'colcon_meta'
[2.004s] Level 1:colcon.colcon_core.package_identification:_identify(rosbag2_2023_09_10-11_58_39) by extensions ['ros']
[2.004s] Level 1:colcon.colcon_core.package_identification:_identify(rosbag2_2023_09_10-11_58_39) by extension 'ros'
[2.004s] Level 1:colcon.colcon_core.package_identification:_identify(rosbag2_2023_09_10-11_58_39) by extensions ['cmake', 'python']
[2.005s] Level 1:colcon.colcon_core.package_identification:_identify(rosbag2_2023_09_10-11_58_39) by extension 'cmake'
[2.005s] Level 1:colcon.colcon_core.package_identification:_identify(rosbag2_2023_09_10-11_58_39) by extension 'python'
[2.005s] Level 1:colcon.colcon_core.package_identification:_identify(rosbag2_2023_09_10-11_58_39) by extensions ['python_setup_py']
[2.005s] Level 1:colcon.colcon_core.package_identification:_identify(rosbag2_2023_09_10-11_58_39) by extension 'python_setup_py'
[2.006s] Level 1:colcon.colcon_core.package_identification:_identify(src) by extensions ['ignore', 'ignore_ament_install']
[2.006s] Level 1:colcon.colcon_core.package_identification:_identify(src) by extension 'ignore'
[2.006s] Level 1:colcon.colcon_core.package_identification:_identify(src) by extension 'ignore_ament_install'
[2.007s] Level 1:colcon.colcon_core.package_identification:_identify(src) by extensions ['colcon_pkg']
[2.007s] Level 1:colcon.colcon_core.package_identification:_identify(src) by extension 'colcon_pkg'
[2.007s] Level 1:colcon.colcon_core.package_identification:_identify(src) by extensions ['colcon_meta']
[2.007s] Level 1:colcon.colcon_core.package_identification:_identify(src) by extension 'colcon_meta'
[2.008s] Level 1:colcon.colcon_core.package_identification:_identify(src) by extensions ['ros']
[2.008s] Level 1:colcon.colcon_core.package_identification:_identify(src) by extension 'ros'
[2.008s] Level 1:colcon.colcon_core.package_identification:_identify(src) by extensions ['cmake', 'python']
[2.008s] Level 1:colcon.colcon_core.package_identification:_identify(src) by extension 'cmake'
[2.009s] Level 1:colcon.colcon_core.package_identification:_identify(src) by extension 'python'
[2.009s] Level 1:colcon.colcon_core.package_identification:_identify(src) by extensions ['python_setup_py']
[2.009s] Level 1:colcon.colcon_core.package_identification:_identify(src) by extension 'python_setup_py'
[2.010s] Level 1:colcon.colcon_core.package_identification:_identify(src/micro_ros_setup) by extensions ['ignore', 'ignore_ament_install']
[2.010s] Level 1:colcon.colcon_core.package_identification:_identify(src/micro_ros_setup) by extension 'ignore'
[2.010s] Level 1:colcon.colcon_core.package_identification:_identify(src/micro_ros_setup) by extension 'ignore_ament_install'
[2.011s] Level 1:colcon.colcon_core.package_identification:_identify(src/micro_ros_setup) by extensions ['colcon_pkg']
[2.011s] Level 1:colcon.colcon_core.package_identification:_identify(src/micro_ros_setup) by extension 'colcon_pkg'
[2.011s] Level 1:colcon.colcon_core.package_identification:_identify(src/micro_ros_setup) by extensions ['colcon_meta']
[2.011s] Level 1:colcon.colcon_core.package_identification:_identify(src/micro_ros_setup) by extension 'colcon_meta'
[2.012s] Level 1:colcon.colcon_core.package_identification:_identify(src/micro_ros_setup) by extensions ['ros']
[2.012s] Level 1:colcon.colcon_core.package_identification:_identify(src/micro_ros_setup) by extension 'ros'
[2.025s] DEBUG:colcon.colcon_core.package_identification:Package 'src/micro_ros_setup' with type 'ros.ament_cmake' and name 'micro_ros_setup'
[2.026s] Level 1:colcon.colcon_core.package_identification:_identify(src/navigation) by extensions ['ignore', 'ignore_ament_install']
[2.026s] Level 1:colcon.colcon_core.package_identification:_identify(src/navigation) by extension 'ignore'
[2.027s] Level 1:colcon.colcon_core.package_identification:_identify(src/navigation) by extension 'ignore_ament_install'
[2.027s] Level 1:colcon.colcon_core.package_identification:_identify(src/navigation) by extensions ['colcon_pkg']
[2.027s] Level 1:colcon.colcon_core.package_identification:_identify(src/navigation) by extension 'colcon_pkg'
[2.028s] Level 1:colcon.colcon_core.package_identification:_identify(src/navigation) by extensions ['colcon_meta']
[2.028s] Level 1:colcon.colcon_core.package_identification:_identify(src/navigation) by extension 'colcon_meta'
[2.028s] Level 1:colcon.colcon_core.package_identification:_identify(src/navigation) by extensions ['ros']
[2.028s] Level 1:colcon.colcon_core.package_identification:_identify(src/navigation) by extension 'ros'
[2.031s] DEBUG:colcon.colcon_core.package_identification:Package 'src/navigation' with type 'ros.ament_cmake' and name 'navigation'
[2.031s] Level 1:colcon.colcon_core.package_identification:_identify(src/ouster-ros) by extensions ['ignore', 'ignore_ament_install']
[2.032s] Level 1:colcon.colcon_core.package_identification:_identify(src/ouster-ros) by extension 'ignore'
[2.032s] Level 1:colcon.colcon_core.package_identification:_identify(src/ouster-ros) by extension 'ignore_ament_install'
[2.033s] Level 1:colcon.colcon_core.package_identification:_identify(src/ouster-ros) by extensions ['colcon_pkg']
[2.033s] Level 1:colcon.colcon_core.package_identification:_identify(src/ouster-ros) by extension 'colcon_pkg'
[2.033s] Level 1:colcon.colcon_core.package_identification:_identify(src/ouster-ros) by extensions ['colcon_meta']
[2.033s] Level 1:colcon.colcon_core.package_identification:_identify(src/ouster-ros) by extension 'colcon_meta'
[2.034s] Level 1:colcon.colcon_core.package_identification:_identify(src/ouster-ros) by extensions ['ros']
[2.034s] Level 1:colcon.colcon_core.package_identification:_identify(src/ouster-ros) by extension 'ros'
[2.034s] Level 1:colcon.colcon_core.package_identification:_identify(src/ouster-ros) by extensions ['cmake', 'python']
[2.035s] Level 1:colcon.colcon_core.package_identification:_identify(src/ouster-ros) by extension 'cmake'
[2.035s] Level 1:colcon.colcon_core.package_identification:_identify(src/ouster-ros) by extension 'python'
[2.035s] Level 1:colcon.colcon_core.package_identification:_identify(src/ouster-ros) by extensions ['python_setup_py']
[2.035s] Level 1:colcon.colcon_core.package_identification:_identify(src/ouster-ros) by extension 'python_setup_py'
[2.036s] Level 1:colcon.colcon_core.package_identification:_identify(src/ouster-ros/docs) by extensions ['ignore', 'ignore_ament_install']
[2.036s] Level 1:colcon.colcon_core.package_identification:_identify(src/ouster-ros/docs) by extension 'ignore'
[2.037s] Level 1:colcon.colcon_core.package_identification:_identify(src/ouster-ros/docs) by extension 'ignore_ament_install'
[2.037s] Level 1:colcon.colcon_core.package_identification:_identify(src/ouster-ros/docs) by extensions ['colcon_pkg']
[2.037s] Level 1:colcon.colcon_core.package_identification:_identify(src/ouster-ros/docs) by extension 'colcon_pkg'
[2.037s] Level 1:colcon.colcon_core.package_identification:_identify(src/ouster-ros/docs) by extensions ['colcon_meta']
[2.037s] Level 1:colcon.colcon_core.package_identification:_identify(src/ouster-ros/docs) by extension 'colcon_meta'
[2.038s] Level 1:colcon.colcon_core.package_identification:_identify(src/ouster-ros/docs) by extensions ['ros']
[2.038s] Level 1:colcon.colcon_core.package_identification:_identify(src/ouster-ros/docs) by extension 'ros'
[2.039s] Level 1:colcon.colcon_core.package_identification:_identify(src/ouster-ros/docs) by extensions ['cmake', 'python']
[2.039s] Level 1:colcon.colcon_core.package_identification:_identify(src/ouster-ros/docs) by extension 'cmake'
[2.039s] Level 1:colcon.colcon_core.package_identification:_identify(src/ouster-ros/docs) by extension 'python'
[2.039s] Level 1:colcon.colcon_core.package_identification:_identify(src/ouster-ros/docs) by extensions ['python_setup_py']
[2.039s] Level 1:colcon.colcon_core.package_identification:_identify(src/ouster-ros/docs) by extension 'python_setup_py'
[2.040s] Level 1:colcon.colcon_core.package_identification:_identify(src/ouster-ros/docs/images) by extensions ['ignore', 'ignore_ament_install']
[2.040s] Level 1:colcon.colcon_core.package_identification:_identify(src/ouster-ros/docs/images) by extension 'ignore'
[2.041s] Level 1:colcon.colcon_core.package_identification:_identify(src/ouster-ros/docs/images) by extension 'ignore_ament_install'
[2.041s] Level 1:colcon.colcon_core.package_identification:_identify(src/ouster-ros/docs/images) by extensions ['colcon_pkg']
[2.041s] Level 1:colcon.colcon_core.package_identification:_identify(src/ouster-ros/docs/images) by extension 'colcon_pkg'
[2.041s] Level 1:colcon.colcon_core.package_identification:_identify(src/ouster-ros/docs/images) by extensions ['colcon_meta']
[2.042s] Level 1:colcon.colcon_core.package_identification:_identify(src/ouster-ros/docs/images) by extension 'colcon_meta'
[2.042s] Level 1:colcon.colcon_core.package_identification:_identify(src/ouster-ros/docs/images) by extensions ['ros']
[2.042s] Level 1:colcon.colcon_core.package_identification:_identify(src/ouster-ros/docs/images) by extension 'ros'
[2.043s] Level 1:colcon.colcon_core.package_identification:_identify(src/ouster-ros/docs/images) by extensions ['cmake', 'python']
[2.043s] Level 1:colcon.colcon_core.package_identification:_identify(src/ouster-ros/docs/images) by extension 'cmake'
[2.043s] Level 1:colcon.colcon_core.package_identification:_identify(src/ouster-ros/docs/images) by extension 'python'
[2.043s] Level 1:colcon.colcon_core.package_identification:_identify(src/ouster-ros/docs/images) by extensions ['python_setup_py']
[2.043s] Level 1:colcon.colcon_core.package_identification:_identify(src/ouster-ros/docs/images) by extension 'python_setup_py'
[2.044s] Level 1:colcon.colcon_core.package_identification:_identify(src/ouster-ros/ouster-msgs) by extensions ['ignore', 'ignore_ament_install']
[2.045s] Level 1:colcon.colcon_core.package_identification:_identify(src/ouster-ros/ouster-msgs) by extension 'ignore'
[2.045s] Level 1:colcon.colcon_core.package_identification:_identify(src/ouster-ros/ouster-msgs) by extension 'ignore_ament_install'
[2.045s] Level 1:colcon.colcon_core.package_identification:_identify(src/ouster-ros/ouster-msgs) by extensions ['colcon_pkg']
[2.045s] Level 1:colcon.colcon_core.package_identification:_identify(src/ouster-ros/ouster-msgs) by extension 'colcon_pkg'
[2.045s] Level 1:colcon.colcon_core.package_identification:_identify(src/ouster-ros/ouster-msgs) by extensions ['colcon_meta']
[2.046s] Level 1:colcon.colcon_core.package_identification:_identify(src/ouster-ros/ouster-msgs) by extension 'colcon_meta'
[2.046s] Level 1:colcon.colcon_core.package_identification:_identify(src/ouster-ros/ouster-msgs) by extensions ['ros']
[2.046s] Level 1:colcon.colcon_core.package_identification:_identify(src/ouster-ros/ouster-msgs) by extension 'ros'
[2.049s] DEBUG:colcon.colcon_core.package_identification:Package 'src/ouster-ros/ouster-msgs' with type 'ros.ament_cmake' and name 'ouster_msgs'
[2.049s] Level 1:colcon.colcon_core.package_identification:_identify(src/ouster-ros/ouster-ros) by extensions ['ignore', 'ignore_ament_install']
[2.050s] Level 1:colcon.colcon_core.package_identification:_identify(src/ouster-ros/ouster-ros) by extension 'ignore'
[2.050s] Level 1:colcon.colcon_core.package_identification:_identify(src/ouster-ros/ouster-ros) by extension 'ignore_ament_install'
[2.050s] Level 1:colcon.colcon_core.package_identification:_identify(src/ouster-ros/ouster-ros) by extensions ['colcon_pkg']
[2.050s] Level 1:colcon.colcon_core.package_identification:_identify(src/ouster-ros/ouster-ros) by extension 'colcon_pkg'
[2.051s] Level 1:colcon.colcon_core.package_identification:_identify(src/ouster-ros/ouster-ros) by extensions ['colcon_meta']
[2.051s] Level 1:colcon.colcon_core.package_identification:_identify(src/ouster-ros/ouster-ros) by extension 'colcon_meta'
[2.051s] Level 1:colcon.colcon_core.package_identification:_identify(src/ouster-ros/ouster-ros) by extensions ['ros']
[2.051s] Level 1:colcon.colcon_core.package_identification:_identify(src/ouster-ros/ouster-ros) by extension 'ros'
[2.060s] DEBUG:colcon.colcon_core.package_identification:Package 'src/ouster-ros/ouster-ros' with type 'ros.ament_cmake' and name 'ouster_ros'
[2.060s] Level 1:colcon.colcon_core.package_identification:_identify(src/ouster-ros/ouster-srvs) by extensions ['ignore', 'ignore_ament_install']
[2.061s] Level 1:colcon.colcon_core.package_identification:_identify(src/ouster-ros/ouster-srvs) by extension 'ignore'
[2.061s] Level 1:colcon.colcon_core.package_identification:_identify(src/ouster-ros/ouster-srvs) by extension 'ignore_ament_install'
[2.061s] Level 1:colcon.colcon_core.package_identification:_identify(src/ouster-ros/ouster-srvs) by extensions ['colcon_pkg']
[2.061s] Level 1:colcon.colcon_core.package_identification:_identify(src/ouster-ros/ouster-srvs) by extension 'colcon_pkg'
[2.062s] Level 1:colcon.colcon_core.package_identification:_identify(src/ouster-ros/ouster-srvs) by extensions ['colcon_meta']
[2.062s] Level 1:colcon.colcon_core.package_identification:_identify(src/ouster-ros/ouster-srvs) by extension 'colcon_meta'
[2.062s] Level 1:colcon.colcon_core.package_identification:_identify(src/ouster-ros/ouster-srvs) by extensions ['ros']
[2.062s] Level 1:colcon.colcon_core.package_identification:_identify(src/ouster-ros/ouster-srvs) by extension 'ros'
[2.065s] DEBUG:colcon.colcon_core.package_identification:Package 'src/ouster-ros/ouster-srvs' with type 'ros.ament_cmake' and name 'ouster_srvs'
[2.065s] Level 1:colcon.colcon_core.package_identification:_identify(src/pointcloud_to_laser) by extensions ['ignore', 'ignore_ament_install']
[2.066s] Level 1:colcon.colcon_core.package_identification:_identify(src/pointcloud_to_laser) by extension 'ignore'
[2.066s] Level 1:colcon.colcon_core.package_identification:_identify(src/pointcloud_to_laser) by extension 'ignore_ament_install'
[2.066s] Level 1:colcon.colcon_core.package_identification:_identify(src/pointcloud_to_laser) by extensions ['colcon_pkg']
[2.066s] Level 1:colcon.colcon_core.package_identification:_identify(src/pointcloud_to_laser) by extension 'colcon_pkg'
[2.067s] Level 1:colcon.colcon_core.package_identification:_identify(src/pointcloud_to_laser) by extensions ['colcon_meta']
[2.067s] Level 1:colcon.colcon_core.package_identification:_identify(src/pointcloud_to_laser) by extension 'colcon_meta'
[2.067s] Level 1:colcon.colcon_core.package_identification:_identify(src/pointcloud_to_laser) by extensions ['ros']
[2.067s] Level 1:colcon.colcon_core.package_identification:_identify(src/pointcloud_to_laser) by extension 'ros'
[2.074s] DEBUG:colcon.colcon_core.package_identification:Package 'src/pointcloud_to_laser' with type 'ros.ament_cmake' and name 'pointcloud_to_laserscan'
[2.075s] Level 1:colcon.colcon_core.package_identification:_identify(src/ros2_esp32) by extensions ['ignore', 'ignore_ament_install']
[2.075s] Level 1:colcon.colcon_core.package_identification:_identify(src/ros2_esp32) by extension 'ignore'
[2.075s] Level 1:colcon.colcon_core.package_identification:_identify(src/ros2_esp32) by extension 'ignore_ament_install'
[2.076s] Level 1:colcon.colcon_core.package_identification:_identify(src/ros2_esp32) by extensions ['colcon_pkg']
[2.076s] Level 1:colcon.colcon_core.package_identification:_identify(src/ros2_esp32) by extension 'colcon_pkg'
[2.076s] Level 1:colcon.colcon_core.package_identification:_identify(src/ros2_esp32) by extensions ['colcon_meta']
[2.076s] Level 1:colcon.colcon_core.package_identification:_identify(src/ros2_esp32) by extension 'colcon_meta'
[2.076s] Level 1:colcon.colcon_core.package_identification:_identify(src/ros2_esp32) by extensions ['ros']
[2.077s] Level 1:colcon.colcon_core.package_identification:_identify(src/ros2_esp32) by extension 'ros'
[2.080s] DEBUG:colcon.colcon_core.package_identification:Package 'src/ros2_esp32' with type 'ros.ament_cmake' and name 'ros2_esp32'
[2.080s] Level 1:colcon.colcon_core.package_identification:_identify(src/sbg_ros2_driver) by extensions ['ignore', 'ignore_ament_install']
[2.081s] Level 1:colcon.colcon_core.package_identification:_identify(src/sbg_ros2_driver) by extension 'ignore'
[2.081s] Level 1:colcon.colcon_core.package_identification:_identify(src/sbg_ros2_driver) by extension 'ignore_ament_install'
[2.081s] Level 1:colcon.colcon_core.package_identification:_identify(src/sbg_ros2_driver) by extensions ['colcon_pkg']
[2.081s] Level 1:colcon.colcon_core.package_identification:_identify(src/sbg_ros2_driver) by extension 'colcon_pkg'
[2.082s] Level 1:colcon.colcon_core.package_identification:_identify(src/sbg_ros2_driver) by extensions ['colcon_meta']
[2.082s] Level 1:colcon.colcon_core.package_identification:_identify(src/sbg_ros2_driver) by extension 'colcon_meta'
[2.082s] Level 1:colcon.colcon_core.package_identification:_identify(src/sbg_ros2_driver) by extensions ['ros']
[2.082s] Level 1:colcon.colcon_core.package_identification:_identify(src/sbg_ros2_driver) by extension 'ros'
[2.088s] DEBUG:colcon.colcon_core.package_identification:Package 'src/sbg_ros2_driver' with type 'ros.ament_cmake' and name 'sbg_driver'
[2.089s] Level 1:colcon.colcon_core.package_discovery:discover_packages(recursive) using defaults
[2.089s] Level 1:colcon.colcon_core.package_discovery:discover_packages(ignore) discover
[2.089s] Level 1:colcon.colcon_core.package_discovery:discover_packages(ignore) using defaults
[2.089s] Level 1:colcon.colcon_core.package_discovery:discover_packages(path) discover
[2.089s] Level 1:colcon.colcon_core.package_discovery:discover_packages(path) using defaults
[2.198s] Level 1:colcon.colcon_core.package_discovery:discover_packages(prefix_path) check parameters
[2.199s] Level 1:colcon.colcon_core.package_discovery:discover_packages(prefix_path) discover
[2.218s] DEBUG:colcon.colcon_installed_package_information.package_discovery:Found 7 installed packages in /home/jetson/ros-workspace/install
[2.231s] DEBUG:colcon.colcon_installed_package_information.package_discovery:Found 293 installed packages in /opt/ros/foxy
[2.242s] Level 1:colcon.colcon_core.package_discovery:discover_packages(prefix_path) using defaults
[2.654s] Level 5:colcon.colcon_core.verb:set package 'micro_ros_setup' build argument 'cmake_args' from command line to 'None'
[2.654s] Level 5:colcon.colcon_core.verb:set package 'micro_ros_setup' build argument 'cmake_target' from command line to 'None'
[2.655s] Level 5:colcon.colcon_core.verb:set package 'micro_ros_setup' build argument 'cmake_target_skip_unavailable' from command line to 'False'
[2.655s] Level 5:colcon.colcon_core.verb:set package 'micro_ros_setup' build argument 'cmake_clean_cache' from command line to 'False'
[2.655s] Level 5:colcon.colcon_core.verb:set package 'micro_ros_setup' build argument 'cmake_clean_first' from command line to 'False'
[2.655s] Level 5:colcon.colcon_core.verb:set package 'micro_ros_setup' build argument 'cmake_force_configure' from command line to 'False'
[2.655s] Level 5:colcon.colcon_core.verb:set package 'micro_ros_setup' build argument 'ament_cmake_args' from command line to 'None'
[2.655s] Level 5:colcon.colcon_core.verb:set package 'micro_ros_setup' build argument 'catkin_cmake_args' from command line to 'None'
[2.656s] Level 5:colcon.colcon_core.verb:set package 'micro_ros_setup' build argument 'catkin_skip_building_tests' from command line to 'False'
[2.656s] DEBUG:colcon.colcon_core.verb:Building package 'micro_ros_setup' with the following arguments: {'ament_cmake_args': None, 'build_base': '/home/jetson/ros-workspace/build/micro_ros_setup', 'catkin_cmake_args': None, 'catkin_skip_building_tests': False, 'cmake_args': None, 'cmake_clean_cache': False, 'cmake_clean_first': False, 'cmake_force_configure': False, 'cmake_target': None, 'cmake_target_skip_unavailable': False, 'install_base': '/home/jetson/ros-workspace/install/micro_ros_setup', 'merge_install': False, 'path': '/home/jetson/ros-workspace/src/micro_ros_setup', 'symlink_install': False, 'test_result_base': None}
[2.661s] Level 5:colcon.colcon_core.verb:set package 'navigation' build argument 'cmake_args' from command line to 'None'
[2.661s] Level 5:colcon.colcon_core.verb:set package 'navigation' build argument 'cmake_target' from command line to 'None'
[2.661s] Level 5:colcon.colcon_core.verb:set package 'navigation' build argument 'cmake_target_skip_unavailable' from command line to 'False'
[2.662s] Level 5:colcon.colcon_core.verb:set package 'navigation' build argument 'cmake_clean_cache' from command line to 'False'
[2.662s] Level 5:colcon.colcon_core.verb:set package 'navigation' build argument 'cmake_clean_first' from command line to 'False'
[2.662s] Level 5:colcon.colcon_core.verb:set package 'navigation' build argument 'cmake_force_configure' from command line to 'False'
[2.662s] Level 5:colcon.colcon_core.verb:set package 'navigation' build argument 'ament_cmake_args' from command line to 'None'
[2.662s] Level 5:colcon.colcon_core.verb:set package 'navigation' build argument 'catkin_cmake_args' from command line to 'None'
[2.663s] Level 5:colcon.colcon_core.verb:set package 'navigation' build argument 'catkin_skip_building_tests' from command line to 'False'
[2.663s] DEBUG:colcon.colcon_core.verb:Building package 'navigation' with the following arguments: {'ament_cmake_args': None, 'build_base': '/home/jetson/ros-workspace/build/navigation', 'catkin_cmake_args': None, 'catkin_skip_building_tests': False, 'cmake_args': None, 'cmake_clean_cache': False, 'cmake_clean_first': False, 'cmake_force_configure': False, 'cmake_target': None, 'cmake_target_skip_unavailable': False, 'install_base': '/home/jetson/ros-workspace/install/navigation', 'merge_install': False, 'path': '/home/jetson/ros-workspace/src/navigation', 'symlink_install': False, 'test_result_base': None}
[2.668s] Level 5:colcon.colcon_core.verb:set package 'ouster_msgs' build argument 'cmake_args' from command line to 'None'
[2.668s] Level 5:colcon.colcon_core.verb:set package 'ouster_msgs' build argument 'cmake_target' from command line to 'None'
[2.668s] Level 5:colcon.colcon_core.verb:set package 'ouster_msgs' build argument 'cmake_target_skip_unavailable' from command line to 'False'
[2.668s] Level 5:colcon.colcon_core.verb:set package 'ouster_msgs' build argument 'cmake_clean_cache' from command line to 'False'
[2.668s] Level 5:colcon.colcon_core.verb:set package 'ouster_msgs' build argument 'cmake_clean_first' from command line to 'False'
[2.669s] Level 5:colcon.colcon_core.verb:set package 'ouster_msgs' build argument 'cmake_force_configure' from command line to 'False'
[2.669s] Level 5:colcon.colcon_core.verb:set package 'ouster_msgs' build argument 'ament_cmake_args' from command line to 'None'
[2.669s] Level 5:colcon.colcon_core.verb:set package 'ouster_msgs' build argument 'catkin_cmake_args' from command line to 'None'
[2.669s] Level 5:colcon.colcon_core.verb:set package 'ouster_msgs' build argument 'catkin_skip_building_tests' from command line to 'False'
[2.669s] DEBUG:colcon.colcon_core.verb:Building package 'ouster_msgs' with the following arguments: {'ament_cmake_args': None, 'build_base': '/home/jetson/ros-workspace/build/ouster_msgs', 'catkin_cmake_args': None, 'catkin_skip_building_tests': False, 'cmake_args': None, 'cmake_clean_cache': False, 'cmake_clean_first': False, 'cmake_force_configure': False, 'cmake_target': None, 'cmake_target_skip_unavailable': False, 'install_base': '/home/jetson/ros-workspace/install/ouster_msgs', 'merge_install': False, 'path': '/home/jetson/ros-workspace/src/ouster-ros/ouster-msgs', 'symlink_install': False, 'test_result_base': None}
[2.674s] Level 5:colcon.colcon_core.verb:set package 'ouster_srvs' build argument 'cmake_args' from command line to 'None'
[2.674s] Level 5:colcon.colcon_core.verb:set package 'ouster_srvs' build argument 'cmake_target' from command line to 'None'
[2.674s] Level 5:colcon.colcon_core.verb:set package 'ouster_srvs' build argument 'cmake_target_skip_unavailable' from command line to 'False'
[2.675s] Level 5:colcon.colcon_core.verb:set package 'ouster_srvs' build argument 'cmake_clean_cache' from command line to 'False'
[2.675s] Level 5:colcon.colcon_core.verb:set package 'ouster_srvs' build argument 'cmake_clean_first' from command line to 'False'
[2.675s] Level 5:colcon.colcon_core.verb:set package 'ouster_srvs' build argument 'cmake_force_configure' from command line to 'False'
[2.675s] Level 5:colcon.colcon_core.verb:set package 'ouster_srvs' build argument 'ament_cmake_args' from command line to 'None'
[2.675s] Level 5:colcon.colcon_core.verb:set package 'ouster_srvs' build argument 'catkin_cmake_args' from command line to 'None'
[2.675s] Level 5:colcon.colcon_core.verb:set package 'ouster_srvs' build argument 'catkin_skip_building_tests' from command line to 'False'
[2.675s] DEBUG:colcon.colcon_core.verb:Building package 'ouster_srvs' with the following arguments: {'ament_cmake_args': None, 'build_base': '/home/jetson/ros-workspace/build/ouster_srvs', 'catkin_cmake_args': None, 'catkin_skip_building_tests': False, 'cmake_args': None, 'cmake_clean_cache': False, 'cmake_clean_first': False, 'cmake_force_configure': False, 'cmake_target': None, 'cmake_target_skip_unavailable': False, 'install_base': '/home/jetson/ros-workspace/install/ouster_srvs', 'merge_install': False, 'path': '/home/jetson/ros-workspace/src/ouster-ros/ouster-srvs', 'symlink_install': False, 'test_result_base': None}
[2.680s] Level 5:colcon.colcon_core.verb:set package 'pointcloud_to_laserscan' build argument 'cmake_args' from command line to 'None'
[2.680s] Level 5:colcon.colcon_core.verb:set package 'pointcloud_to_laserscan' build argument 'cmake_target' from command line to 'None'
[2.681s] Level 5:colcon.colcon_core.verb:set package 'pointcloud_to_laserscan' build argument 'cmake_target_skip_unavailable' from command line to 'False'
[2.681s] Level 5:colcon.colcon_core.verb:set package 'pointcloud_to_laserscan' build argument 'cmake_clean_cache' from command line to 'False'
[2.681s] Level 5:colcon.colcon_core.verb:set package 'pointcloud_to_laserscan' build argument 'cmake_clean_first' from command line to 'False'
[2.681s] Level 5:colcon.colcon_core.verb:set package 'pointcloud_to_laserscan' build argument 'cmake_force_configure' from command line to 'False'
[2.681s] Level 5:colcon.colcon_core.verb:set package 'pointcloud_to_laserscan' build argument 'ament_cmake_args' from command line to 'None'
[2.681s] Level 5:colcon.colcon_core.verb:set package 'pointcloud_to_laserscan' build argument 'catkin_cmake_args' from command line to 'None'
[2.682s] Level 5:colcon.colcon_core.verb:set package 'pointcloud_to_laserscan' build argument 'catkin_skip_building_tests' from command line to 'False'
[2.682s] DEBUG:colcon.colcon_core.verb:Building package 'pointcloud_to_laserscan' with the following arguments: {'ament_cmake_args': None, 'build_base': '/home/jetson/ros-workspace/build/pointcloud_to_laserscan', 'catkin_cmake_args': None, 'catkin_skip_building_tests': False, 'cmake_args': None, 'cmake_clean_cache': False, 'cmake_clean_first': False, 'cmake_force_configure': False, 'cmake_target': None, 'cmake_target_skip_unavailable': False, 'install_base': '/home/jetson/ros-workspace/install/pointcloud_to_laserscan', 'merge_install': False, 'path': '/home/jetson/ros-workspace/src/pointcloud_to_laser', 'symlink_install': False, 'test_result_base': None}
[2.687s] Level 5:colcon.colcon_core.verb:set package 'ros2_esp32' build argument 'cmake_args' from command line to 'None'
[2.687s] Level 5:colcon.colcon_core.verb:set package 'ros2_esp32' build argument 'cmake_target' from command line to 'None'
[2.687s] Level 5:colcon.colcon_core.verb:set package 'ros2_esp32' build argument 'cmake_target_skip_unavailable' from command line to 'False'
[2.687s] Level 5:colcon.colcon_core.verb:set package 'ros2_esp32' build argument 'cmake_clean_cache' from command line to 'False'
[2.687s] Level 5:colcon.colcon_core.verb:set package 'ros2_esp32' build argument 'cmake_clean_first' from command line to 'False'
[2.688s] Level 5:colcon.colcon_core.verb:set package 'ros2_esp32' build argument 'cmake_force_configure' from command line to 'False'
[2.688s] Level 5:colcon.colcon_core.verb:set package 'ros2_esp32' build argument 'ament_cmake_args' from command line to 'None'
[2.688s] Level 5:colcon.colcon_core.verb:set package 'ros2_esp32' build argument 'catkin_cmake_args' from command line to 'None'
[2.688s] Level 5:colcon.colcon_core.verb:set package 'ros2_esp32' build argument 'catkin_skip_building_tests' from command line to 'False'
[2.688s] DEBUG:colcon.colcon_core.verb:Building package 'ros2_esp32' with the following arguments: {'ament_cmake_args': None, 'build_base': '/home/jetson/ros-workspace/build/ros2_esp32', 'catkin_cmake_args': None, 'catkin_skip_building_tests': False, 'cmake_args': None, 'cmake_clean_cache': False, 'cmake_clean_first': False, 'cmake_force_configure': False, 'cmake_target': None, 'cmake_target_skip_unavailable': False, 'install_base': '/home/jetson/ros-workspace/install/ros2_esp32', 'merge_install': False, 'path': '/home/jetson/ros-workspace/src/ros2_esp32', 'symlink_install': False, 'test_result_base': None}
[2.693s] Level 5:colcon.colcon_core.verb:set package 'sbg_driver' build argument 'cmake_args' from command line to 'None'
[2.693s] Level 5:colcon.colcon_core.verb:set package 'sbg_driver' build argument 'cmake_target' from command line to 'None'
[2.693s] Level 5:colcon.colcon_core.verb:set package 'sbg_driver' build argument 'cmake_target_skip_unavailable' from command line to 'False'
[2.693s] Level 5:colcon.colcon_core.verb:set package 'sbg_driver' build argument 'cmake_clean_cache' from command line to 'False'
[2.694s] Level 5:colcon.colcon_core.verb:set package 'sbg_driver' build argument 'cmake_clean_first' from command line to 'False'
[2.694s] Level 5:colcon.colcon_core.verb:set package 'sbg_driver' build argument 'cmake_force_configure' from command line to 'False'
[2.694s] Level 5:colcon.colcon_core.verb:set package 'sbg_driver' build argument 'ament_cmake_args' from command line to 'None'
[2.694s] Level 5:colcon.colcon_core.verb:set package 'sbg_driver' build argument 'catkin_cmake_args' from command line to 'None'
[2.694s] Level 5:colcon.colcon_core.verb:set package 'sbg_driver' build argument 'catkin_skip_building_tests' from command line to 'False'
[2.695s] DEBUG:colcon.colcon_core.verb:Building package 'sbg_driver' with the following arguments: {'ament_cmake_args': None, 'build_base': '/home/jetson/ros-workspace/build/sbg_driver', 'catkin_cmake_args': None, 'catkin_skip_building_tests': False, 'cmake_args': None, 'cmake_clean_cache': False, 'cmake_clean_first': False, 'cmake_force_configure': False, 'cmake_target': None, 'cmake_target_skip_unavailable': False, 'install_base': '/home/jetson/ros-workspace/install/sbg_driver', 'merge_install': False, 'path': '/home/jetson/ros-workspace/src/sbg_ros2_driver', 'symlink_install': False, 'test_result_base': None}
[2.699s] Level 5:colcon.colcon_core.verb:set package 'ouster_ros' build argument 'cmake_args' from command line to 'None'
[2.699s] Level 5:colcon.colcon_core.verb:set package 'ouster_ros' build argument 'cmake_target' from command line to 'None'
[2.700s] Level 5:colcon.colcon_core.verb:set package 'ouster_ros' build argument 'cmake_target_skip_unavailable' from command line to 'False'
[2.700s] Level 5:colcon.colcon_core.verb:set package 'ouster_ros' build argument 'cmake_clean_cache' from command line to 'False'
[2.700s] Level 5:colcon.colcon_core.verb:set package 'ouster_ros' build argument 'cmake_clean_first' from command line to 'False'
[2.700s] Level 5:colcon.colcon_core.verb:set package 'ouster_ros' build argument 'cmake_force_configure' from command line to 'False'
[2.700s] Level 5:colcon.colcon_core.verb:set package 'ouster_ros' build argument 'ament_cmake_args' from command line to 'None'
[2.700s] Level 5:colcon.colcon_core.verb:set package 'ouster_ros' build argument 'catkin_cmake_args' from command line to 'None'
[2.700s] Level 5:colcon.colcon_core.verb:set package 'ouster_ros' build argument 'catkin_skip_building_tests' from command line to 'False'
[2.701s] DEBUG:colcon.colcon_core.verb:Building package 'ouster_ros' with the following arguments: {'ament_cmake_args': None, 'build_base': '/home/jetson/ros-workspace/build/ouster_ros', 'catkin_cmake_args': None, 'catkin_skip_building_tests': False, 'cmake_args': None, 'cmake_clean_cache': False, 'cmake_clean_first': False, 'cmake_force_configure': False, 'cmake_target': None, 'cmake_target_skip_unavailable': False, 'install_base': '/home/jetson/ros-workspace/install/ouster_ros', 'merge_install': False, 'path': '/home/jetson/ros-workspace/src/ouster-ros/ouster-ros', 'symlink_install': False, 'test_result_base': None}
[2.704s] INFO:colcon.colcon_core.executor:Executing jobs using 'parallel' executor
[2.722s] DEBUG:colcon.colcon_parallel_executor.executor.parallel:run_until_complete
[2.724s] INFO:colcon.colcon_ros.task.ament_cmake.build:Building ROS package in '/home/jetson/ros-workspace/src/ouster-ros/ouster-msgs' with build type 'ament_cmake'
[2.725s] INFO:colcon.colcon_cmake.task.cmake.build:Building CMake package in '/home/jetson/ros-workspace/src/ouster-ros/ouster-msgs'
[2.756s] INFO:colcon.colcon_core.plugin_system:Skipping extension 'colcon_core.shell.bat': Not used on non-Windows systems
[2.757s] INFO:colcon.colcon_core.shell:Skip shell extension 'powershell' for command environment: Not usable outside of PowerShell
[2.757s] DEBUG:colcon.colcon_core.shell:Skip shell extension 'dsv' for command environment
[2.796s] INFO:colcon.colcon_ros.task.ament_cmake.build:Building ROS package in '/home/jetson/ros-workspace/src/ouster-ros/ouster-srvs' with build type 'ament_cmake'
[2.800s] INFO:colcon.colcon_cmake.task.cmake.build:Building CMake package in '/home/jetson/ros-workspace/src/ouster-ros/ouster-srvs'
[2.815s] INFO:colcon.colcon_core.shell:Skip shell extension 'powershell' for command environment: Not usable outside of PowerShell
[2.816s] DEBUG:colcon.colcon_core.shell:Skip shell extension 'dsv' for command environment
[2.861s] INFO:colcon.colcon_ros.task.ament_cmake.build:Building ROS package in '/home/jetson/ros-workspace/src/micro_ros_setup' with build type 'ament_cmake'
[2.864s] INFO:colcon.colcon_cmake.task.cmake.build:Building CMake package in '/home/jetson/ros-workspace/src/micro_ros_setup'
[2.877s] INFO:colcon.colcon_core.shell:Skip shell extension 'powershell' for command environment: Not usable outside of PowerShell
[2.879s] DEBUG:colcon.colcon_core.shell:Skip shell extension 'dsv' for command environment
[2.921s] INFO:colcon.colcon_ros.task.ament_cmake.build:Building ROS package in '/home/jetson/ros-workspace/src/navigation' with build type 'ament_cmake'
[2.925s] INFO:colcon.colcon_cmake.task.cmake.build:Building CMake package in '/home/jetson/ros-workspace/src/navigation'
[2.940s] INFO:colcon.colcon_core.shell:Skip shell extension 'powershell' for command environment: Not usable outside of PowerShell
[2.941s] DEBUG:colcon.colcon_core.shell:Skip shell extension 'dsv' for command environment
[2.984s] INFO:colcon.colcon_ros.task.ament_cmake.build:Building ROS package in '/home/jetson/ros-workspace/src/pointcloud_to_laser' with build type 'ament_cmake'
[2.989s] INFO:colcon.colcon_cmake.task.cmake.build:Building CMake package in '/home/jetson/ros-workspace/src/pointcloud_to_laser'
[3.004s] INFO:colcon.colcon_core.shell:Skip shell extension 'powershell' for command environment: Not usable outside of PowerShell
[3.004s] DEBUG:colcon.colcon_core.shell:Skip shell extension 'dsv' for command environment
[3.046s] INFO:colcon.colcon_ros.task.ament_cmake.build:Building ROS package in '/home/jetson/ros-workspace/src/ros2_esp32' with build type 'ament_cmake'
[3.049s] INFO:colcon.colcon_cmake.task.cmake.build:Building CMake package in '/home/jetson/ros-workspace/src/ros2_esp32'
[3.065s] INFO:colcon.colcon_core.shell:Skip shell extension 'powershell' for command environment: Not usable outside of PowerShell
[3.066s] DEBUG:colcon.colcon_core.shell:Skip shell extension 'dsv' for command environment
[3.148s] DEBUG:colcon.colcon_core.event_handler.log_command:Invoking command in '/home/jetson/ros-workspace/build/ouster_msgs': CMAKE_PREFIX_PATH=${CMAKE_PREFIX_PATH}:/opt/ros/foxy /usr/bin/cmake --build /home/jetson/ros-workspace/build/ouster_msgs -- -j6 -l6
[3.207s] DEBUG:colcon.colcon_core.event_handler.log_command:Invoking command in '/home/jetson/ros-workspace/build/ouster_srvs': CMAKE_PREFIX_PATH=${CMAKE_PREFIX_PATH}:/opt/ros/foxy /usr/bin/cmake --build /home/jetson/ros-workspace/build/ouster_srvs -- -j6 -l6
[3.245s] DEBUG:colcon.colcon_core.event_handler.log_command:Invoking command in '/home/jetson/ros-workspace/build/micro_ros_setup': CMAKE_PREFIX_PATH=${CMAKE_PREFIX_PATH}:/opt/ros/foxy /usr/bin/cmake --build /home/jetson/ros-workspace/build/micro_ros_setup -- -j6 -l6
[3.276s] DEBUG:colcon.colcon_core.event_handler.log_command:Invoking command in '/home/jetson/ros-workspace/build/navigation': CMAKE_PREFIX_PATH=${CMAKE_PREFIX_PATH}:/opt/ros/foxy /usr/bin/cmake --build /home/jetson/ros-workspace/build/navigation -- -j6 -l6
[3.318s] DEBUG:colcon.colcon_core.event_handler.log_command:Invoking command in '/home/jetson/ros-workspace/build/pointcloud_to_laserscan': CMAKE_PREFIX_PATH=${CMAKE_PREFIX_PATH}:/opt/ros/foxy /usr/bin/cmake --build /home/jetson/ros-workspace/build/pointcloud_to_laserscan -- -j6 -l6
[3.336s] DEBUG:colcon.colcon_core.event_handler.log_command:Invoking command in '/home/jetson/ros-workspace/build/ros2_esp32': CMAKE_PREFIX_PATH=${CMAKE_PREFIX_PATH}:/opt/ros/foxy /usr/bin/cmake --build /home/jetson/ros-workspace/build/ros2_esp32 -- -j6 -l6
[3.581s] DEBUG:colcon.colcon_core.event_handler.log_command:Invoked command in '/home/jetson/ros-workspace/build/micro_ros_setup' returned '0': CMAKE_PREFIX_PATH=${CMAKE_PREFIX_PATH}:/opt/ros/foxy /usr/bin/cmake --build /home/jetson/ros-workspace/build/micro_ros_setup -- -j6 -l6
[4.128s] DEBUG:colcon.colcon_core.event_handler.log_command:Invoking command in '/home/jetson/ros-workspace/build/micro_ros_setup': CMAKE_PREFIX_PATH=${CMAKE_PREFIX_PATH}:/opt/ros/foxy /usr/bin/cmake --install /home/jetson/ros-workspace/build/micro_ros_setup
[4.310s] DEBUG:colcon.colcon_core.event_handler.log_command:Invoked command in '/home/jetson/ros-workspace/build/navigation' returned '0': CMAKE_PREFIX_PATH=${CMAKE_PREFIX_PATH}:/opt/ros/foxy /usr/bin/cmake --build /home/jetson/ros-workspace/build/navigation -- -j6 -l6
[4.392s] DEBUG:colcon.colcon_core.event_handler.log_command:Invoked command in '/home/jetson/ros-workspace/build/ros2_esp32' returned '0': CMAKE_PREFIX_PATH=${CMAKE_PREFIX_PATH}:/opt/ros/foxy /usr/bin/cmake --build /home/jetson/ros-workspace/build/ros2_esp32 -- -j6 -l6
[4.459s] DEBUG:colcon.colcon_core.event_handler.log_command:Invoked command in '/home/jetson/ros-workspace/build/pointcloud_to_laserscan' returned '0': CMAKE_PREFIX_PATH=${CMAKE_PREFIX_PATH}:/opt/ros/foxy /usr/bin/cmake --build /home/jetson/ros-workspace/build/pointcloud_to_laserscan -- -j6 -l6
[4.506s] DEBUG:colcon.colcon_core.event_handler.log_command:Invoked command in '/home/jetson/ros-workspace/build/ouster_msgs' returned '2': CMAKE_PREFIX_PATH=${CMAKE_PREFIX_PATH}:/opt/ros/foxy /usr/bin/cmake --build /home/jetson/ros-workspace/build/ouster_msgs -- -j6 -l6
[4.648s] Level 1:colcon.colcon_core.environment:create_environment_scripts_only(micro_ros_setup)
[4.758s] Level 1:colcon.colcon_core.environment:checking '/home/jetson/ros-workspace/install/micro_ros_setup' for CMake module files
[4.765s] DEBUG:colcon.colcon_core.event_handler.log_command:Invoking command in '/home/jetson/ros-workspace/build/navigation': CMAKE_PREFIX_PATH=${CMAKE_PREFIX_PATH}:/opt/ros/foxy /usr/bin/cmake --install /home/jetson/ros-workspace/build/navigation
[4.779s] Level 1:colcon.colcon_core.environment:checking '/home/jetson/ros-workspace/install/micro_ros_setup' for CMake config files
[4.806s] DEBUG:colcon.colcon_core.event_handler.log_command:Invoked command in '/home/jetson/ros-workspace/build/ouster_srvs' returned '2': CMAKE_PREFIX_PATH=${CMAKE_PREFIX_PATH}:/opt/ros/foxy /usr/bin/cmake --build /home/jetson/ros-workspace/build/ouster_srvs -- -j6 -l6
[4.808s] DEBUG:colcon.colcon_core.event_handler.log_command:Invoked command in '/home/jetson/ros-workspace/build/micro_ros_setup' returned '0': CMAKE_PREFIX_PATH=${CMAKE_PREFIX_PATH}:/opt/ros/foxy /usr/bin/cmake --install /home/jetson/ros-workspace/build/micro_ros_setup
[4.821s] Level 1:colcon.colcon_core.shell:create_environment_hook('micro_ros_setup', 'cmake_prefix_path')
[4.829s] INFO:colcon.colcon_core.shell:Creating environment hook '/home/jetson/ros-workspace/install/micro_ros_setup/share/micro_ros_setup/hook/cmake_prefix_path.ps1'
[4.834s] INFO:colcon.colcon_core.shell:Creating environment descriptor '/home/jetson/ros-workspace/install/micro_ros_setup/share/micro_ros_setup/hook/cmake_prefix_path.dsv'
[4.838s] INFO:colcon.colcon_core.shell:Creating environment hook '/home/jetson/ros-workspace/install/micro_ros_setup/share/micro_ros_setup/hook/cmake_prefix_path.sh'
[4.844s] Level 1:colcon.colcon_core.environment:checking '/home/jetson/ros-workspace/install/micro_ros_setup/lib'
[4.845s] Level 1:colcon.colcon_core.environment:checking '/home/jetson/ros-workspace/install/micro_ros_setup/bin'
[4.845s] Level 1:colcon.colcon_core.environment:checking '/home/jetson/ros-workspace/install/micro_ros_setup/lib/pkgconfig/micro_ros_setup.pc'
[4.847s] Level 1:colcon.colcon_core.environment:checking '/home/jetson/ros-workspace/install/micro_ros_setup/lib/python3.8/site-packages'
[4.848s] Level 1:colcon.colcon_core.environment:checking '/home/jetson/ros-workspace/install/micro_ros_setup/bin'
[4.855s] INFO:colcon.colcon_core.shell:Creating package script '/home/jetson/ros-workspace/install/micro_ros_setup/share/micro_ros_setup/package.ps1'
[4.860s] INFO:colcon.colcon_core.shell:Creating package descriptor '/home/jetson/ros-workspace/install/micro_ros_setup/share/micro_ros_setup/package.dsv'
[4.863s] INFO:colcon.colcon_core.shell:Creating package script '/home/jetson/ros-workspace/install/micro_ros_setup/share/micro_ros_setup/package.sh'
[4.867s] INFO:colcon.colcon_core.shell:Creating package script '/home/jetson/ros-workspace/install/micro_ros_setup/share/micro_ros_setup/package.bash'
[4.873s] INFO:colcon.colcon_core.shell:Creating package script '/home/jetson/ros-workspace/install/micro_ros_setup/share/micro_ros_setup/package.zsh'
[4.879s] Level 1:colcon.colcon_core.environment:create_file_with_runtime_dependencies(/home/jetson/ros-workspace/install/micro_ros_setup/share/colcon-core/packages/micro_ros_setup)
[4.915s] Level 1:colcon.colcon_core.environment:create_environment_scripts_only(navigation)
[4.930s] DEBUG:colcon.colcon_core.event_handler.log_command:Invoked command in '/home/jetson/ros-workspace/build/navigation' returned '0': CMAKE_PREFIX_PATH=${CMAKE_PREFIX_PATH}:/opt/ros/foxy /usr/bin/cmake --install /home/jetson/ros-workspace/build/navigation
[4.940s] Level 1:colcon.colcon_core.environment:checking '/home/jetson/ros-workspace/install/navigation' for CMake module files
[4.946s] Level 1:colcon.colcon_core.environment:checking '/home/jetson/ros-workspace/install/navigation' for CMake config files
[4.948s] Level 1:colcon.colcon_core.shell:create_environment_hook('navigation', 'cmake_prefix_path')
[4.957s] INFO:colcon.colcon_core.shell:Creating environment hook '/home/jetson/ros-workspace/install/navigation/share/navigation/hook/cmake_prefix_path.ps1'
[4.961s] INFO:colcon.colcon_core.shell:Creating environment descriptor '/home/jetson/ros-workspace/install/navigation/share/navigation/hook/cmake_prefix_path.dsv'
[4.963s] INFO:colcon.colcon_core.shell:Creating environment hook '/home/jetson/ros-workspace/install/navigation/share/navigation/hook/cmake_prefix_path.sh'
[4.967s] Level 1:colcon.colcon_core.environment:checking '/home/jetson/ros-workspace/install/navigation/lib'
[4.968s] Level 1:colcon.colcon_core.environment:checking '/home/jetson/ros-workspace/install/navigation/bin'
[4.968s] Level 1:colcon.colcon_core.environment:checking '/home/jetson/ros-workspace/install/navigation/lib/pkgconfig/navigation.pc'
[4.970s] Level 1:colcon.colcon_core.environment:checking '/home/jetson/ros-workspace/install/navigation/lib/python3.8/site-packages'
[4.971s] Level 1:colcon.colcon_core.environment:checking '/home/jetson/ros-workspace/install/navigation/bin'
[4.979s] INFO:colcon.colcon_core.shell:Creating package script '/home/jetson/ros-workspace/install/navigation/share/navigation/package.ps1'
[4.982s] INFO:colcon.colcon_core.shell:Creating package descriptor '/home/jetson/ros-workspace/install/navigation/share/navigation/package.dsv'
[4.985s] INFO:colcon.colcon_core.shell:Creating package script '/home/jetson/ros-workspace/install/navigation/share/navigation/package.sh'
[4.987s] INFO:colcon.colcon_core.shell:Creating package script '/home/jetson/ros-workspace/install/navigation/share/navigation/package.bash'
[4.989s] INFO:colcon.colcon_core.shell:Creating package script '/home/jetson/ros-workspace/install/navigation/share/navigation/package.zsh'
[4.991s] Level 1:colcon.colcon_core.environment:create_file_with_runtime_dependencies(/home/jetson/ros-workspace/install/navigation/share/colcon-core/packages/navigation)
[5.048s] DEBUG:colcon.colcon_core.event_handler.log_command:Invoking command in '/home/jetson/ros-workspace/build/ros2_esp32': CMAKE_PREFIX_PATH=${CMAKE_PREFIX_PATH}:/opt/ros/foxy /usr/bin/cmake --install /home/jetson/ros-workspace/build/ros2_esp32
[5.062s] DEBUG:colcon.colcon_core.event_handler.log_command:Invoking command in '/home/jetson/ros-workspace/build/pointcloud_to_laserscan': CMAKE_PREFIX_PATH=${CMAKE_PREFIX_PATH}:/opt/ros/foxy /usr/bin/cmake --install /home/jetson/ros-workspace/build/pointcloud_to_laserscan
[5.113s] Level 1:colcon.colcon_core.environment:create_environment_scripts_only(ouster_msgs)
[5.139s] Level 1:colcon.colcon_core.environment:checking '/home/jetson/ros-workspace/install/ouster_msgs' for CMake module files
[5.168s] Level 1:colcon.colcon_core.environment:checking '/home/jetson/ros-workspace/install/ouster_msgs' for CMake config files
[5.202s] Level 1:colcon.colcon_core.shell:create_environment_hook('ouster_msgs', 'cmake_prefix_path')
[5.213s] INFO:colcon.colcon_core.shell:Creating environment hook '/home/jetson/ros-workspace/install/ouster_msgs/share/ouster_msgs/hook/cmake_prefix_path.ps1'
[5.218s] INFO:colcon.colcon_core.shell:Creating environment descriptor '/home/jetson/ros-workspace/install/ouster_msgs/share/ouster_msgs/hook/cmake_prefix_path.dsv'
[5.221s] INFO:colcon.colcon_core.shell:Creating environment hook '/home/jetson/ros-workspace/install/ouster_msgs/share/ouster_msgs/hook/cmake_prefix_path.sh'
[5.225s] Level 1:colcon.colcon_core.environment:checking '/home/jetson/ros-workspace/install/ouster_msgs/lib'
[5.225s] Level 1:colcon.colcon_core.shell:create_environment_hook('ouster_msgs', 'ld_library_path_lib')
[5.233s] INFO:colcon.colcon_core.shell:Creating environment hook '/home/jetson/ros-workspace/install/ouster_msgs/share/ouster_msgs/hook/ld_library_path_lib.ps1'
[5.235s] INFO:colcon.colcon_core.shell:Creating environment descriptor '/home/jetson/ros-workspace/install/ouster_msgs/share/ouster_msgs/hook/ld_library_path_lib.dsv'
[5.237s] INFO:colcon.colcon_core.shell:Creating environment hook '/home/jetson/ros-workspace/install/ouster_msgs/share/ouster_msgs/hook/ld_library_path_lib.sh'
[5.241s] Level 1:colcon.colcon_core.environment:checking '/home/jetson/ros-workspace/install/ouster_msgs/bin'
[5.241s] Level 1:colcon.colcon_core.environment:checking '/home/jetson/ros-workspace/install/ouster_msgs/lib/pkgconfig/ouster_msgs.pc'
[5.243s] Level 1:colcon.colcon_core.environment:checking '/home/jetson/ros-workspace/install/ouster_msgs/lib/python3.8/site-packages'
[5.243s] Level 1:colcon.colcon_core.shell:create_environment_hook('ouster_msgs', 'pythonpath')
[5.251s] INFO:colcon.colcon_core.shell:Creating environment hook '/home/jetson/ros-workspace/install/ouster_msgs/share/ouster_msgs/hook/pythonpath.ps1'
[5.253s] INFO:colcon.colcon_core.shell:Creating environment descriptor '/home/jetson/ros-workspace/install/ouster_msgs/share/ouster_msgs/hook/pythonpath.dsv'
[5.255s] INFO:colcon.colcon_core.shell:Creating environment hook '/home/jetson/ros-workspace/install/ouster_msgs/share/ouster_msgs/hook/pythonpath.sh'
[5.258s] Level 1:colcon.colcon_core.environment:checking '/home/jetson/ros-workspace/install/ouster_msgs/bin'
[5.267s] INFO:colcon.colcon_core.shell:Creating package script '/home/jetson/ros-workspace/install/ouster_msgs/share/ouster_msgs/package.ps1'
[5.272s] INFO:colcon.colcon_core.shell:Creating package descriptor '/home/jetson/ros-workspace/install/ouster_msgs/share/ouster_msgs/package.dsv'
[5.279s] INFO:colcon.colcon_core.shell:Creating package script '/home/jetson/ros-workspace/install/ouster_msgs/share/ouster_msgs/package.sh'
[5.283s] INFO:colcon.colcon_core.shell:Creating package script '/home/jetson/ros-workspace/install/ouster_msgs/share/ouster_msgs/package.bash'
[5.286s] INFO:colcon.colcon_core.shell:Creating package script '/home/jetson/ros-workspace/install/ouster_msgs/share/ouster_msgs/package.zsh'
[5.288s] Level 1:colcon.colcon_core.environment:create_file_with_runtime_dependencies(/home/jetson/ros-workspace/install/ouster_msgs/share/colcon-core/packages/ouster_msgs)
[5.322s] DEBUG:colcon.colcon_parallel_executor.executor.parallel:closing loop
[5.324s] DEBUG:colcon.colcon_parallel_executor.executor.parallel:loop closed
[5.325s] DEBUG:colcon.colcon_parallel_executor.executor.parallel:run_until_complete finished with '2'
[5.326s] DEBUG:colcon.colcon_core.event_reactor:joining thread
[5.363s] INFO:colcon.colcon_core.plugin_system:Skipping extension 'colcon_notification.desktop_notification.terminal_notifier': Not used on non-Darwin systems
[5.364s] INFO:colcon.colcon_core.plugin_system:Skipping extension 'colcon_notification.desktop_notification.win32': Not used on non-Windows systems
[5.364s] INFO:colcon.colcon_notification.desktop_notification:Sending desktop notification using 'notify2'
[5.468s] DEBUG:colcon.colcon_core.event_reactor:joined thread
[5.481s] INFO:colcon.colcon_core.shell:Creating prefix script '/home/jetson/ros-workspace/install/local_setup.ps1'
[5.487s] INFO:colcon.colcon_core.shell:Creating prefix util module '/home/jetson/ros-workspace/install/_local_setup_util_ps1.py'
[5.493s] INFO:colcon.colcon_core.shell:Creating prefix chain script '/home/jetson/ros-workspace/install/setup.ps1'
[5.503s] INFO:colcon.colcon_core.shell:Creating prefix script '/home/jetson/ros-workspace/install/local_setup.sh'
[5.506s] INFO:colcon.colcon_core.shell:Creating prefix util module '/home/jetson/ros-workspace/install/_local_setup_util_sh.py'
[5.509s] INFO:colcon.colcon_core.shell:Creating prefix chain script '/home/jetson/ros-workspace/install/setup.sh'
[5.518s] INFO:colcon.colcon_core.shell:Creating prefix script '/home/jetson/ros-workspace/install/local_setup.bash'
[5.522s] INFO:colcon.colcon_core.shell:Creating prefix chain script '/home/jetson/ros-workspace/install/setup.bash'
[5.530s] INFO:colcon.colcon_core.shell:Creating prefix script '/home/jetson/ros-workspace/install/local_setup.zsh'
[5.533s] INFO:colcon.colcon_core.shell:Creating prefix chain script '/home/jetson/ros-workspace/install/setup.zsh'
