[0.142s] Invoking command in '/home/jetson/ros-workspace/build/ouster_ros': CMAKE_PREFIX_PATH=/home/jetson/ros-workspace/install/ouster_srvs:/home/jetson/ros-workspace/install/ouster_msgs:/home/jetson/ros-workspace/install/ros2_esp32:/home/jetson/ros-workspace/install/pointcloud_to_laserscan:/home/jetson/ros-workspace/install/ouster_ros:/home/jetson/ros-workspace/install/navigation:/home/jetson/ros-workspace/install/micro_ros_setup:/home/jetson/ros-workspace/install/urdf_tutorial_r2d2:/opt/ros/foxy LD_LIBRARY_PATH=/home/jetson/ros-workspace/install/ouster_srvs/lib:/home/jetson/ros-workspace/install/ouster_msgs/lib:/home/jetson/ros-workspace/install/pointcloud_to_laserscan/lib:/home/jetson/ros-workspace/install/ouster_ros/lib:/opt/ros/foxy/opt/yaml_cpp_vendor/lib:/opt/ros/foxy/opt/rviz_ogre_vendor/lib:/opt/ros/foxy/lib/aarch64-linux-gnu:/opt/ros/foxy/lib:/usr/local/cuda-11.4/lib64 PYTHONPATH=/home/jetson/ros-workspace/install/ouster_srvs/lib/python3.8/site-packages:/home/jetson/ros-workspace/install/ouster_msgs/lib/python3.8/site-packages:/home/jetson/ros-workspace/build/urdf_tutorial_r2d2:/home/jetson/ros-workspace/install/urdf_tutorial_r2d2/lib/python3.8/site-packages:/opt/ros/foxy/lib/python3.8/site-packages /usr/bin/cmake --build /home/jetson/ros-workspace/build/ouster_ros -- -j6 -l6
[0.499s] [34m[1mGenerating build info header[0m
[0.585s] [  5%] Built target os_sensor
[0.590s] [ 11%] Built target os_cloud
[0.612s] [ 17%] Built target os_image
[0.624s] [ 23%] Built target os_replay
[0.670s] [ 23%] Built target ouster_generate_header
[0.878s] [ 58%] Built target ouster_client
[1.120s] [ 64%] Built target ouster_ros_library
[1.395s] [ 73%] Built target os_replay_component
[1.415s] [ 82%] Built target os_cloud_component
[1.417s] [ 91%] Built target os_sensor_component
[1.426s] [100%] Built target os_image_component
[1.506s] Invoked command in '/home/jetson/ros-workspace/build/ouster_ros' returned '0': CMAKE_PREFIX_PATH=/home/jetson/ros-workspace/install/ouster_srvs:/home/jetson/ros-workspace/install/ouster_msgs:/home/jetson/ros-workspace/install/ros2_esp32:/home/jetson/ros-workspace/install/pointcloud_to_laserscan:/home/jetson/ros-workspace/install/ouster_ros:/home/jetson/ros-workspace/install/navigation:/home/jetson/ros-workspace/install/micro_ros_setup:/home/jetson/ros-workspace/install/urdf_tutorial_r2d2:/opt/ros/foxy LD_LIBRARY_PATH=/home/jetson/ros-workspace/install/ouster_srvs/lib:/home/jetson/ros-workspace/install/ouster_msgs/lib:/home/jetson/ros-workspace/install/pointcloud_to_laserscan/lib:/home/jetson/ros-workspace/install/ouster_ros/lib:/opt/ros/foxy/opt/yaml_cpp_vendor/lib:/opt/ros/foxy/opt/rviz_ogre_vendor/lib:/opt/ros/foxy/lib/aarch64-linux-gnu:/opt/ros/foxy/lib:/usr/local/cuda-11.4/lib64 PYTHONPATH=/home/jetson/ros-workspace/install/ouster_srvs/lib/python3.8/site-packages:/home/jetson/ros-workspace/install/ouster_msgs/lib/python3.8/site-packages:/home/jetson/ros-workspace/build/urdf_tutorial_r2d2:/home/jetson/ros-workspace/install/urdf_tutorial_r2d2/lib/python3.8/site-packages:/opt/ros/foxy/lib/python3.8/site-packages /usr/bin/cmake --build /home/jetson/ros-workspace/build/ouster_ros -- -j6 -l6
[1.915s] Invoking command in '/home/jetson/ros-workspace/build/ouster_ros': CMAKE_PREFIX_PATH=/home/jetson/ros-workspace/install/ouster_srvs:/home/jetson/ros-workspace/install/ouster_msgs:/home/jetson/ros-workspace/install/ros2_esp32:/home/jetson/ros-workspace/install/pointcloud_to_laserscan:/home/jetson/ros-workspace/install/ouster_ros:/home/jetson/ros-workspace/install/navigation:/home/jetson/ros-workspace/install/micro_ros_setup:/home/jetson/ros-workspace/install/urdf_tutorial_r2d2:/opt/ros/foxy LD_LIBRARY_PATH=/home/jetson/ros-workspace/install/ouster_srvs/lib:/home/jetson/ros-workspace/install/ouster_msgs/lib:/home/jetson/ros-workspace/install/pointcloud_to_laserscan/lib:/home/jetson/ros-workspace/install/ouster_ros/lib:/opt/ros/foxy/opt/yaml_cpp_vendor/lib:/opt/ros/foxy/opt/rviz_ogre_vendor/lib:/opt/ros/foxy/lib/aarch64-linux-gnu:/opt/ros/foxy/lib:/usr/local/cuda-11.4/lib64 PYTHONPATH=/home/jetson/ros-workspace/install/ouster_srvs/lib/python3.8/site-packages:/home/jetson/ros-workspace/install/ouster_msgs/lib/python3.8/site-packages:/home/jetson/ros-workspace/build/urdf_tutorial_r2d2:/home/jetson/ros-workspace/install/urdf_tutorial_r2d2/lib/python3.8/site-packages:/opt/ros/foxy/lib/python3.8/site-packages /usr/bin/cmake --install /home/jetson/ros-workspace/build/ouster_ros
[1.969s] -- Install configuration: "Release"
[1.973s] -- Execute custom install script
[1.978s] -- Up-to-date symlink: /home/jetson/ros-workspace/install/ouster_ros/include/ouster/impl/build.h
[1.983s] -- Up-to-date symlink: /home/jetson/ros-workspace/install/ouster_ros/include/ouster/buffered_udp_source.h
[1.985s] -- Up-to-date symlink: /home/jetson/ros-workspace/install/ouster_ros/include/ouster/client.h
[1.987s] -- Up-to-date symlink: /home/jetson/ros-workspace/install/ouster_ros/include/ouster/image_processing.h
[1.989s] -- Up-to-date symlink: /home/jetson/ros-workspace/install/ouster_ros/include/ouster/impl/cartesian.h
[1.991s] -- Up-to-date symlink: /home/jetson/ros-workspace/install/ouster_ros/include/ouster/impl/lidar_scan_impl.h
[1.993s] -- Up-to-date symlink: /home/jetson/ros-workspace/install/ouster_ros/include/ouster/lidar_scan.h
[1.994s] -- Up-to-date symlink: /home/jetson/ros-workspace/install/ouster_ros/include/ouster/sensor_http.h
[1.996s] -- Up-to-date symlink: /home/jetson/ros-workspace/install/ouster_ros/include/ouster/types.h
[1.998s] -- Up-to-date symlink: /home/jetson/ros-workspace/install/ouster_ros/include/ouster/version.h
[2.002s] -- Up-to-date symlink: /home/jetson/ros-workspace/install/ouster_ros/include/optional-lite/nonstd/optional.hpp
[2.005s] -- Up-to-date symlink: /home/jetson/ros-workspace/install/ouster_ros/lib/cmake/OusterSDK/OusterSDKConfig.cmake
[2.006s] -- Up-to-date symlink: /home/jetson/ros-workspace/install/ouster_ros/lib/cmake/OusterSDK/OusterSDKConfigVersion.cmake
[2.009s] -- Up-to-date symlink: /home/jetson/ros-workspace/install/ouster_ros/share/LICENSE
[2.011s] -- Up-to-date symlink: /home/jetson/ros-workspace/install/ouster_ros/share/LICENSE-bin
[2.015s] -- Up-to-date symlink: /home/jetson/ros-workspace/install/ouster_ros/lib/ouster_ros/os_sensor
[2.021s] -- Up-to-date symlink: /home/jetson/ros-workspace/install/ouster_ros/lib/ouster_ros/os_replay
[2.024s] -- Up-to-date symlink: /home/jetson/ros-workspace/install/ouster_ros/lib/ouster_ros/os_cloud
[2.028s] -- Up-to-date symlink: /home/jetson/ros-workspace/install/ouster_ros/lib/ouster_ros/os_image
[2.032s] -- Up-to-date symlink: /home/jetson/ros-workspace/install/ouster_ros/lib/libouster_ros_library.so
[2.034s] -- Up-to-date symlink: /home/jetson/ros-workspace/install/ouster_ros/lib/libos_sensor_component.so
[2.036s] -- Up-to-date symlink: /home/jetson/ros-workspace/install/ouster_ros/lib/libos_replay_component.so
[2.039s] -- Up-to-date symlink: /home/jetson/ros-workspace/install/ouster_ros/lib/libos_cloud_component.so
[2.041s] -- Up-to-date symlink: /home/jetson/ros-workspace/install/ouster_ros/lib/libos_image_component.so
[2.046s] -- Up-to-date symlink: /home/jetson/ros-workspace/install/ouster_ros/include/ouster_ros/include/ouster_ros/os_point.h
[2.047s] -- Up-to-date symlink: /home/jetson/ros-workspace/install/ouster_ros/include/ouster_ros/include/ouster_ros/os_processing_node_base.h
[2.049s] -- Up-to-date symlink: /home/jetson/ros-workspace/install/ouster_ros/include/ouster_ros/include/ouster_ros/os_ros.h
[2.051s] -- Up-to-date symlink: /home/jetson/ros-workspace/install/ouster_ros/include/ouster_ros/include/ouster_ros/os_sensor_node_base.h
[2.052s] -- Up-to-date symlink: /home/jetson/ros-workspace/install/ouster_ros/include/ouster_ros/include/ouster_ros/visibility_control.h
[2.057s] -- Up-to-date symlink: /home/jetson/ros-workspace/install/ouster_ros/include/ouster_ros/include/optional-lite/nonstd/optional.hpp
[2.059s] -- Up-to-date symlink: /home/jetson/ros-workspace/install/ouster_ros/include/ouster_ros/include/ouster/buffered_udp_source.h
[2.061s] -- Up-to-date symlink: /home/jetson/ros-workspace/install/ouster_ros/include/ouster_ros/include/ouster/client.h
[2.063s] -- Up-to-date symlink: /home/jetson/ros-workspace/install/ouster_ros/include/ouster_ros/include/ouster/image_processing.h
[2.065s] -- Up-to-date symlink: /home/jetson/ros-workspace/install/ouster_ros/include/ouster_ros/include/ouster/impl/cartesian.h
[2.066s] -- Up-to-date symlink: /home/jetson/ros-workspace/install/ouster_ros/include/ouster_ros/include/ouster/impl/lidar_scan_impl.h
[2.068s] -- Up-to-date symlink: /home/jetson/ros-workspace/install/ouster_ros/include/ouster_ros/include/ouster/lidar_scan.h
[2.070s] -- Up-to-date symlink: /home/jetson/ros-workspace/install/ouster_ros/include/ouster_ros/include/ouster/sensor_http.h
[2.072s] -- Up-to-date symlink: /home/jetson/ros-workspace/install/ouster_ros/include/ouster_ros/include/ouster/types.h
[2.073s] -- Up-to-date symlink: /home/jetson/ros-workspace/install/ouster_ros/include/ouster_ros/include/ouster/version.h
[2.077s] -- Up-to-date symlink: /home/jetson/ros-workspace/install/ouster_ros/include/ouster_ros/optional-lite/nonstd/optional.hpp
[2.080s] -- Up-to-date symlink: /home/jetson/ros-workspace/install/ouster_ros/share/ouster_ros/LICENSE
[2.085s] -- Up-to-date symlink: /home/jetson/ros-workspace/install/ouster_ros/share/ouster_ros/launch/record.independent.launch.xml
[2.087s] -- Up-to-date symlink: /home/jetson/ros-workspace/install/ouster_ros/share/ouster_ros/launch/record.launch.xml
[2.089s] -- Up-to-date symlink: /home/jetson/ros-workspace/install/ouster_ros/share/ouster_ros/launch/replay.independent.launch.xml
[2.092s] -- Up-to-date symlink: /home/jetson/ros-workspace/install/ouster_ros/share/ouster_ros/launch/replay.launch.xml
[2.093s] -- Up-to-date symlink: /home/jetson/ros-workspace/install/ouster_ros/share/ouster_ros/launch/rviz.launch.py
[2.094s] -- Up-to-date symlink: /home/jetson/ros-workspace/install/ouster_ros/share/ouster_ros/launch/rviz.launch.xml
[2.096s] -- Up-to-date symlink: /home/jetson/ros-workspace/install/ouster_ros/share/ouster_ros/launch/sensor.composite.launch.py
[2.097s] -- Up-to-date symlink: /home/jetson/ros-workspace/install/ouster_ros/share/ouster_ros/launch/sensor.composite.launch.xml
[2.099s] -- Up-to-date symlink: /home/jetson/ros-workspace/install/ouster_ros/share/ouster_ros/launch/sensor.independent.launch.py
[2.101s] -- Up-to-date symlink: /home/jetson/ros-workspace/install/ouster_ros/share/ouster_ros/launch/sensor.independent.launch.xml
[2.102s] -- Up-to-date symlink: /home/jetson/ros-workspace/install/ouster_ros/share/ouster_ros/launch/sensor.launch.xml
[2.104s] -- Up-to-date symlink: /home/jetson/ros-workspace/install/ouster_ros/share/ouster_ros/launch/sensor_mtp.launch.xml
[2.109s] -- Up-to-date symlink: /home/jetson/ros-workspace/install/ouster_ros/share/ouster_ros/config/metadata-qos-override.yaml
[2.110s] -- Up-to-date symlink: /home/jetson/ros-workspace/install/ouster_ros/share/ouster_ros/config/parameters.yaml
[2.112s] -- Up-to-date symlink: /home/jetson/ros-workspace/install/ouster_ros/share/ouster_ros/config/viz.rviz
[2.115s] -- Up-to-date symlink: /home/jetson/ros-workspace/install/ouster_ros/share/ouster_ros/environment/library_path.sh
[2.121s] -- Up-to-date symlink: /home/jetson/ros-workspace/install/ouster_ros/share/ouster_ros/environment/library_path.dsv
[2.122s] -- Up-to-date symlink: /home/jetson/ros-workspace/install/ouster_ros/share/ament_index/resource_index/package_run_dependencies/ouster_ros
[2.124s] -- Up-to-date symlink: /home/jetson/ros-workspace/install/ouster_ros/share/ament_index/resource_index/parent_prefix_path/ouster_ros
[2.127s] -- Up-to-date symlink: /home/jetson/ros-workspace/install/ouster_ros/share/ouster_ros/environment/ament_prefix_path.sh
[2.129s] -- Up-to-date symlink: /home/jetson/ros-workspace/install/ouster_ros/share/ouster_ros/environment/ament_prefix_path.dsv
[2.132s] -- Up-to-date symlink: /home/jetson/ros-workspace/install/ouster_ros/share/ouster_ros/environment/path.sh
[2.134s] -- Up-to-date symlink: /home/jetson/ros-workspace/install/ouster_ros/share/ouster_ros/environment/path.dsv
[2.137s] -- Up-to-date symlink: /home/jetson/ros-workspace/install/ouster_ros/share/ouster_ros/local_setup.bash
[2.140s] -- Up-to-date symlink: /home/jetson/ros-workspace/install/ouster_ros/share/ouster_ros/local_setup.sh
[2.142s] -- Up-to-date symlink: /home/jetson/ros-workspace/install/ouster_ros/share/ouster_ros/local_setup.zsh
[2.145s] -- Up-to-date symlink: /home/jetson/ros-workspace/install/ouster_ros/share/ouster_ros/local_setup.dsv
[2.146s] -- Symlinking: /home/jetson/ros-workspace/install/ouster_ros/share/ouster_ros/package.dsv
[2.206s] -- Up-to-date symlink: /home/jetson/ros-workspace/install/ouster_ros/share/ament_index/resource_index/packages/ouster_ros
[2.209s] -- Up-to-date symlink: /home/jetson/ros-workspace/install/ouster_ros/share/ament_index/resource_index/rclcpp_components/ouster_ros
[2.212s] -- Up-to-date symlink: /home/jetson/ros-workspace/install/ouster_ros/share/ouster_ros/cmake/ament_cmake_export_include_directories-extras.cmake
[2.215s] -- Up-to-date symlink: /home/jetson/ros-workspace/install/ouster_ros/share/ouster_ros/cmake/ament_cmake_export_dependencies-extras.cmake
[2.219s] -- Up-to-date symlink: /home/jetson/ros-workspace/install/ouster_ros/share/ouster_ros/cmake/ament_cmake_export_libraries-extras.cmake
[2.221s] -- Up-to-date symlink: /home/jetson/ros-workspace/install/ouster_ros/share/ouster_ros/cmake/ouster_rosConfig.cmake
[2.223s] -- Up-to-date symlink: /home/jetson/ros-workspace/install/ouster_ros/share/ouster_ros/cmake/ouster_rosConfig-version.cmake
[2.225s] -- Up-to-date symlink: /home/jetson/ros-workspace/install/ouster_ros/share/ouster_ros/package.xml
[2.248s] Invoked command in '/home/jetson/ros-workspace/build/ouster_ros' returned '0': CMAKE_PREFIX_PATH=/home/jetson/ros-workspace/install/ouster_srvs:/home/jetson/ros-workspace/install/ouster_msgs:/home/jetson/ros-workspace/install/ros2_esp32:/home/jetson/ros-workspace/install/pointcloud_to_laserscan:/home/jetson/ros-workspace/install/ouster_ros:/home/jetson/ros-workspace/install/navigation:/home/jetson/ros-workspace/install/micro_ros_setup:/home/jetson/ros-workspace/install/urdf_tutorial_r2d2:/opt/ros/foxy LD_LIBRARY_PATH=/home/jetson/ros-workspace/install/ouster_srvs/lib:/home/jetson/ros-workspace/install/ouster_msgs/lib:/home/jetson/ros-workspace/install/pointcloud_to_laserscan/lib:/home/jetson/ros-workspace/install/ouster_ros/lib:/opt/ros/foxy/opt/yaml_cpp_vendor/lib:/opt/ros/foxy/opt/rviz_ogre_vendor/lib:/opt/ros/foxy/lib/aarch64-linux-gnu:/opt/ros/foxy/lib:/usr/local/cuda-11.4/lib64 PYTHONPATH=/home/jetson/ros-workspace/install/ouster_srvs/lib/python3.8/site-packages:/home/jetson/ros-workspace/install/ouster_msgs/lib/python3.8/site-packages:/home/jetson/ros-workspace/build/urdf_tutorial_r2d2:/home/jetson/ros-workspace/install/urdf_tutorial_r2d2/lib/python3.8/site-packages:/opt/ros/foxy/lib/python3.8/site-packages /usr/bin/cmake --install /home/jetson/ros-workspace/build/ouster_ros
