[0.350s] Invoking command in '/home/jetson/ros-workspace/build/mini_bot_description': CMAKE_PREFIX_PATH=${CMAKE_PREFIX_PATH}:/home/jetson/ros-workspace/install/urdf_tutorial_r2d2:/opt/ros/foxy /usr/bin/cmake --build /home/jetson/ros-workspace/build/mini_bot_description -- -j6 -l6
[0.701s] Invoked command in '/home/jetson/ros-workspace/build/mini_bot_description' returned '0': CMAKE_PREFIX_PATH=${CMAKE_PREFIX_PATH}:/home/jetson/ros-workspace/install/urdf_tutorial_r2d2:/opt/ros/foxy /usr/bin/cmake --build /home/jetson/ros-workspace/build/mini_bot_description -- -j6 -l6
[1.273s] Invoking command in '/home/jetson/ros-workspace/build/mini_bot_description': CMAKE_PREFIX_PATH=${CMAKE_PREFIX_PATH}:/home/jetson/ros-workspace/install/urdf_tutorial_r2d2:/opt/ros/foxy /usr/bin/cmake --install /home/jetson/ros-workspace/build/mini_bot_description
[1.412s] -- Install configuration: "Release"
[1.424s] -- Execute custom install script
[1.429s] -- Up-to-date symlink: /home/jetson/ros-workspace/install/mini_bot_description/share/mini_bot_description/src/description/prototype.urdf
[1.431s] -- Up-to-date symlink: /home/jetson/ros-workspace/install/mini_bot_description/share/mini_bot_description/launch/display.launch.py
[1.433s] -- Up-to-date symlink: /home/jetson/ros-workspace/install/mini_bot_description/share/mini_bot_description/launch/robot_state.launch.py
[1.436s] -- Up-to-date symlink: /home/jetson/ros-workspace/install/mini_bot_description/share/mini_bot_description/rviz/urdf_config.rviz
[1.455s] -- Up-to-date symlink: /home/jetson/ros-workspace/install/mini_bot_description/share/ament_index/resource_index/package_run_dependencies/mini_bot_description
[1.464s] -- Up-to-date symlink: /home/jetson/ros-workspace/install/mini_bot_description/share/ament_index/resource_index/parent_prefix_path/mini_bot_description
[1.467s] -- Up-to-date symlink: /home/jetson/ros-workspace/install/mini_bot_description/share/mini_bot_description/environment/ament_prefix_path.sh
[1.469s] -- Up-to-date symlink: /home/jetson/ros-workspace/install/mini_bot_description/share/mini_bot_description/environment/ament_prefix_path.dsv
[1.471s] -- Up-to-date symlink: /home/jetson/ros-workspace/install/mini_bot_description/share/mini_bot_description/environment/path.sh
[1.473s] -- Up-to-date symlink: /home/jetson/ros-workspace/install/mini_bot_description/share/mini_bot_description/environment/path.dsv
[1.483s] -- Up-to-date symlink: /home/jetson/ros-workspace/install/mini_bot_description/share/mini_bot_description/local_setup.bash
[1.487s] -- Up-to-date symlink: /home/jetson/ros-workspace/install/mini_bot_description/share/mini_bot_description/local_setup.sh
[1.489s] -- Up-to-date symlink: /home/jetson/ros-workspace/install/mini_bot_description/share/mini_bot_description/local_setup.zsh
[1.491s] -- Up-to-date symlink: /home/jetson/ros-workspace/install/mini_bot_description/share/mini_bot_description/local_setup.dsv
[1.493s] -- Symlinking: /home/jetson/ros-workspace/install/mini_bot_description/share/mini_bot_description/package.dsv
[1.625s] -- Up-to-date symlink: /home/jetson/ros-workspace/install/mini_bot_description/share/ament_index/resource_index/packages/mini_bot_description
[1.627s] -- Up-to-date symlink: /home/jetson/ros-workspace/install/mini_bot_description/share/mini_bot_description/cmake/mini_bot_descriptionConfig.cmake
[1.629s] -- Up-to-date symlink: /home/jetson/ros-workspace/install/mini_bot_description/share/mini_bot_description/cmake/mini_bot_descriptionConfig-version.cmake
[1.641s] -- Up-to-date symlink: /home/jetson/ros-workspace/install/mini_bot_description/share/mini_bot_description/package.xml
[1.662s] Invoked command in '/home/jetson/ros-workspace/build/mini_bot_description' returned '0': CMAKE_PREFIX_PATH=${CMAKE_PREFIX_PATH}:/home/jetson/ros-workspace/install/urdf_tutorial_r2d2:/opt/ros/foxy /usr/bin/cmake --install /home/jetson/ros-workspace/build/mini_bot_description
