[0.195s] Invoking command in '/home/jetson/ros-workspace/build/ouster_msgs': CMAKE_PREFIX_PATH=${CMAKE_PREFIX_PATH}:/opt/ros/foxy /usr/bin/cmake --build /home/jetson/ros-workspace/build/ouster_msgs -- -j4 -l4
[0.526s] [  9%] Built target ouster_msgs__rosidl_generator_c
[0.563s] [ 12%] Built target ouster_msgs__cpp
[0.864s] [ 22%] Built target ouster_msgs__rosidl_typesupport_introspection_c
[0.919s] [ 32%] Built target ouster_msgs__rosidl_typesupport_c
[0.941s] [ 41%] Built target ouster_msgs__rosidl_typesupport_introspection_cpp
[0.982s] [ 51%] Built target ouster_msgs__rosidl_typesupport_fastrtps_cpp
[1.079s] [ 61%] Built target ouster_msgs__rosidl_typesupport_cpp
[1.194s] [ 70%] Built target ouster_msgs__rosidl_typesupport_fastrtps_c
[1.390s] [ 70%] Built target ouster_msgs
[1.411s] [ 74%] Built target ouster_msgs__py
[1.576s] [ 80%] Built target ouster_msgs__python
[1.779s] [ 87%] Built target ouster_msgs__rosidl_typesupport_introspection_c__pyext
[1.801s] [ 93%] Built target ouster_msgs__rosidl_typesupport_fastrtps_c__pyext
[1.825s] [100%] Built target ouster_msgs__rosidl_typesupport_c__pyext
[1.887s] Invoked command in '/home/jetson/ros-workspace/build/ouster_msgs' returned '0': CMAKE_PREFIX_PATH=${CMAKE_PREFIX_PATH}:/opt/ros/foxy /usr/bin/cmake --build /home/jetson/ros-workspace/build/ouster_msgs -- -j4 -l4
[2.148s] Invoking command in '/home/jetson/ros-workspace/build/ouster_msgs': CMAKE_PREFIX_PATH=${CMAKE_PREFIX_PATH}:/opt/ros/foxy /usr/bin/cmake --install /home/jetson/ros-workspace/build/ouster_msgs
[2.196s] -- Install configuration: "Release"
[2.198s] -- Execute custom install script
[2.200s] -- Up-to-date symlink: /home/jetson/ros-workspace/install/ouster_msgs/share/ament_index/resource_index/rosidl_interfaces/ouster_msgs
[2.205s] -- Up-to-date symlink: /home/jetson/ros-workspace/install/ouster_msgs/include/ouster_msgs/msg/detail/packet_msg__functions.h
[2.206s] -- Up-to-date symlink: /home/jetson/ros-workspace/install/ouster_msgs/include/ouster_msgs/msg/detail/packet_msg__struct.h
[2.207s] -- Up-to-date symlink: /home/jetson/ros-workspace/install/ouster_msgs/include/ouster_msgs/msg/detail/packet_msg__type_support.h
[2.208s] -- Up-to-date symlink: /home/jetson/ros-workspace/install/ouster_msgs/include/ouster_msgs/msg/packet_msg.h
[2.209s] -- Up-to-date symlink: /home/jetson/ros-workspace/install/ouster_msgs/include/ouster_msgs/msg/rosidl_generator_c__visibility_control.h
[2.211s] -- Up-to-date symlink: /home/jetson/ros-workspace/install/ouster_msgs/share/ouster_msgs/environment/library_path.sh
[2.212s] -- Up-to-date symlink: /home/jetson/ros-workspace/install/ouster_msgs/share/ouster_msgs/environment/library_path.dsv
[2.216s] -- Up-to-date symlink: /home/jetson/ros-workspace/install/ouster_msgs/include/ouster_msgs/msg/detail/packet_msg__rosidl_typesupport_fastrtps_c.h
[2.217s] -- Up-to-date symlink: /home/jetson/ros-workspace/install/ouster_msgs/include/ouster_msgs/msg/rosidl_typesupport_fastrtps_c__visibility_control.h
[2.219s] -- Up-to-date symlink: /home/jetson/ros-workspace/install/ouster_msgs/lib/libouster_msgs__rosidl_typesupport_fastrtps_c.so
[2.223s] -- Up-to-date symlink: /home/jetson/ros-workspace/install/ouster_msgs/include/ouster_msgs/msg/detail/packet_msg__rosidl_typesupport_fastrtps_cpp.hpp
[2.224s] -- Up-to-date symlink: /home/jetson/ros-workspace/install/ouster_msgs/include/ouster_msgs/msg/rosidl_typesupport_fastrtps_cpp__visibility_control.h
[2.226s] -- Up-to-date symlink: /home/jetson/ros-workspace/install/ouster_msgs/lib/libouster_msgs__rosidl_typesupport_fastrtps_cpp.so
[2.231s] -- Up-to-date symlink: /home/jetson/ros-workspace/install/ouster_msgs/include/ouster_msgs/msg/detail/packet_msg__rosidl_typesupport_introspection_c.h
[2.232s] -- Up-to-date symlink: /home/jetson/ros-workspace/install/ouster_msgs/include/ouster_msgs/msg/rosidl_typesupport_introspection_c__visibility_control.h
[2.233s] -- Up-to-date symlink: /home/jetson/ros-workspace/install/ouster_msgs/include/ouster_msgs/msg/detail/packet_msg__builder.hpp
[2.234s] -- Up-to-date symlink: /home/jetson/ros-workspace/install/ouster_msgs/include/ouster_msgs/msg/detail/packet_msg__struct.hpp
[2.235s] -- Up-to-date symlink: /home/jetson/ros-workspace/install/ouster_msgs/include/ouster_msgs/msg/detail/packet_msg__traits.hpp
[2.236s] -- Up-to-date symlink: /home/jetson/ros-workspace/install/ouster_msgs/include/ouster_msgs/msg/packet_msg.hpp
[2.239s] -- Up-to-date symlink: /home/jetson/ros-workspace/install/ouster_msgs/include/ouster_msgs/msg/detail/packet_msg__rosidl_typesupport_introspection_cpp.hpp
[2.241s] -- Up-to-date symlink: /home/jetson/ros-workspace/install/ouster_msgs/share/ouster_msgs/environment/pythonpath.sh
[2.242s] -- Up-to-date symlink: /home/jetson/ros-workspace/install/ouster_msgs/share/ouster_msgs/environment/pythonpath.dsv
[2.244s] -- Up-to-date symlink: /home/jetson/ros-workspace/install/ouster_msgs/lib/python3.8/site-packages/ouster_msgs/__init__.py
[2.246s] -- Up-to-date symlink: /home/jetson/ros-workspace/install/ouster_msgs/lib/python3.8/site-packages/ouster_msgs/msg/__init__.py
[2.247s] -- Up-to-date symlink: /home/jetson/ros-workspace/install/ouster_msgs/lib/python3.8/site-packages/ouster_msgs/msg/_packet_msg.py
[2.250s] -- Up-to-date symlink: /home/jetson/ros-workspace/install/ouster_msgs/lib/python3.8/site-packages/ouster_msgs/ouster_msgs_s__rosidl_typesupport_fastrtps_c.cpython-38-aarch64-linux-gnu.so
[2.253s] -- Up-to-date symlink: /home/jetson/ros-workspace/install/ouster_msgs/lib/python3.8/site-packages/ouster_msgs/ouster_msgs_s__rosidl_typesupport_introspection_c.cpython-38-aarch64-linux-gnu.so
[2.256s] -- Up-to-date symlink: /home/jetson/ros-workspace/install/ouster_msgs/lib/python3.8/site-packages/ouster_msgs/ouster_msgs_s__rosidl_typesupport_c.cpython-38-aarch64-linux-gnu.so
[2.257s] -- Up-to-date symlink: /home/jetson/ros-workspace/install/ouster_msgs/lib/libouster_msgs__python.so
[2.260s] -- Up-to-date symlink: /home/jetson/ros-workspace/install/ouster_msgs/share/ouster_msgs/msg/PacketMsg.idl
[2.263s] -- Up-to-date symlink: /home/jetson/ros-workspace/install/ouster_msgs/share/ouster_msgs/msg/PacketMsg.msg
[2.265s] -- Up-to-date symlink: /home/jetson/ros-workspace/install/ouster_msgs/share/ament_index/resource_index/package_run_dependencies/ouster_msgs
[2.267s] -- Up-to-date symlink: /home/jetson/ros-workspace/install/ouster_msgs/share/ament_index/resource_index/parent_prefix_path/ouster_msgs
[2.269s] -- Up-to-date symlink: /home/jetson/ros-workspace/install/ouster_msgs/share/ouster_msgs/environment/ament_prefix_path.sh
[2.271s] -- Up-to-date symlink: /home/jetson/ros-workspace/install/ouster_msgs/share/ouster_msgs/environment/ament_prefix_path.dsv
[2.273s] -- Up-to-date symlink: /home/jetson/ros-workspace/install/ouster_msgs/share/ouster_msgs/environment/path.sh
[2.275s] -- Up-to-date symlink: /home/jetson/ros-workspace/install/ouster_msgs/share/ouster_msgs/environment/path.dsv
[2.276s] -- Up-to-date symlink: /home/jetson/ros-workspace/install/ouster_msgs/share/ouster_msgs/local_setup.bash
[2.278s] -- Up-to-date symlink: /home/jetson/ros-workspace/install/ouster_msgs/share/ouster_msgs/local_setup.sh
[2.280s] -- Up-to-date symlink: /home/jetson/ros-workspace/install/ouster_msgs/share/ouster_msgs/local_setup.zsh
[2.282s] -- Up-to-date symlink: /home/jetson/ros-workspace/install/ouster_msgs/share/ouster_msgs/local_setup.dsv
[2.284s] -- Symlinking: /home/jetson/ros-workspace/install/ouster_msgs/share/ouster_msgs/package.dsv
[2.330s] -- Up-to-date symlink: /home/jetson/ros-workspace/install/ouster_msgs/share/ament_index/resource_index/packages/ouster_msgs
[2.336s] -- Up-to-date symlink: /home/jetson/ros-workspace/install/ouster_msgs/share/ouster_msgs/cmake/rosidl_cmake-extras.cmake
[2.341s] -- Up-to-date symlink: /home/jetson/ros-workspace/install/ouster_msgs/share/ouster_msgs/cmake/ament_cmake_export_dependencies-extras.cmake
[2.344s] -- Up-to-date symlink: /home/jetson/ros-workspace/install/ouster_msgs/share/ouster_msgs/cmake/ament_cmake_export_libraries-extras.cmake
[2.345s] -- Up-to-date symlink: /home/jetson/ros-workspace/install/ouster_msgs/share/ouster_msgs/cmake/ament_cmake_export_targets-extras.cmake
[2.345s] -- Up-to-date symlink: /home/jetson/ros-workspace/install/ouster_msgs/share/ouster_msgs/cmake/ament_cmake_export_include_directories-extras.cmake
[2.346s] -- Up-to-date symlink: /home/jetson/ros-workspace/install/ouster_msgs/share/ouster_msgs/cmake/rosidl_cmake_export_typesupport_libraries-extras.cmake
[2.346s] -- Up-to-date symlink: /home/jetson/ros-workspace/install/ouster_msgs/share/ouster_msgs/cmake/rosidl_cmake_export_typesupport_targets-extras.cmake
[2.347s] -- Up-to-date symlink: /home/jetson/ros-workspace/install/ouster_msgs/share/ouster_msgs/cmake/ouster_msgsConfig.cmake
[2.348s] -- Up-to-date symlink: /home/jetson/ros-workspace/install/ouster_msgs/share/ouster_msgs/cmake/ouster_msgsConfig-version.cmake
[2.348s] -- Up-to-date symlink: /home/jetson/ros-workspace/install/ouster_msgs/share/ouster_msgs/package.xml
[2.373s] -- Up-to-date: /home/jetson/ros-workspace/install/ouster_msgs/lib/libouster_msgs__rosidl_generator_c.so
[2.374s] -- Up-to-date: /home/jetson/ros-workspace/install/ouster_msgs/lib/libouster_msgs__rosidl_typesupport_introspection_c.so
[2.374s] -- Up-to-date: /home/jetson/ros-workspace/install/ouster_msgs/lib/libouster_msgs__rosidl_typesupport_c.so
[2.375s] -- Up-to-date: /home/jetson/ros-workspace/install/ouster_msgs/lib/libouster_msgs__rosidl_typesupport_introspection_cpp.so
[2.375s] -- Up-to-date: /home/jetson/ros-workspace/install/ouster_msgs/lib/libouster_msgs__rosidl_typesupport_cpp.so
[2.514s] -- Up-to-date: /home/jetson/ros-workspace/install/ouster_msgs/share/ouster_msgs/cmake/ouster_msgs__rosidl_generator_cExport.cmake
[2.515s] -- Up-to-date: /home/jetson/ros-workspace/install/ouster_msgs/share/ouster_msgs/cmake/ouster_msgs__rosidl_generator_cExport-release.cmake
[2.515s] -- Up-to-date: /home/jetson/ros-workspace/install/ouster_msgs/share/ouster_msgs/cmake/ouster_msgs__rosidl_typesupport_introspection_cExport.cmake
[2.516s] -- Up-to-date: /home/jetson/ros-workspace/install/ouster_msgs/share/ouster_msgs/cmake/ouster_msgs__rosidl_typesupport_introspection_cExport-release.cmake
[2.518s] -- Up-to-date: /home/jetson/ros-workspace/install/ouster_msgs/share/ouster_msgs/cmake/ouster_msgs__rosidl_typesupport_cExport.cmake
[2.518s] -- Up-to-date: /home/jetson/ros-workspace/install/ouster_msgs/share/ouster_msgs/cmake/ouster_msgs__rosidl_typesupport_cExport-release.cmake
[2.519s] -- Up-to-date: /home/jetson/ros-workspace/install/ouster_msgs/share/ouster_msgs/cmake/ouster_msgs__rosidl_generator_cppExport.cmake
[2.520s] -- Up-to-date: /home/jetson/ros-workspace/install/ouster_msgs/share/ouster_msgs/cmake/ouster_msgs__rosidl_typesupport_introspection_cppExport.cmake
[2.521s] -- Up-to-date: /home/jetson/ros-workspace/install/ouster_msgs/share/ouster_msgs/cmake/ouster_msgs__rosidl_typesupport_introspection_cppExport-release.cmake
[2.522s] -- Up-to-date: /home/jetson/ros-workspace/install/ouster_msgs/share/ouster_msgs/cmake/ouster_msgs__rosidl_typesupport_cppExport.cmake
[2.523s] -- Up-to-date: /home/jetson/ros-workspace/install/ouster_msgs/share/ouster_msgs/cmake/ouster_msgs__rosidl_typesupport_cppExport-release.cmake
[2.542s] Invoked command in '/home/jetson/ros-workspace/build/ouster_msgs' returned '0': CMAKE_PREFIX_PATH=${CMAKE_PREFIX_PATH}:/opt/ros/foxy /usr/bin/cmake --install /home/jetson/ros-workspace/build/ouster_msgs
