[6.154s] Invoking command in '/home/jetson/ros-workspace/build/urdf_tutorial_r2d2': PYTHONPATH=/home/jetson/ros-workspace/build/urdf_tutorial_r2d2/prefix_override:/home/jetson/ros-workspace/install/urdf_tutorial_r2d2/lib/python3.8/site-packages:${PYTHONPATH} /usr/bin/python3 setup.py develop --uninstall --editable --build-directory /home/jetson/ros-workspace/build/urdf_tutorial_r2d2/build
[7.801s] running develop
[8.867s] Invoked command in '/home/jetson/ros-workspace/build/urdf_tutorial_r2d2' returned '0': PYTHONPATH=/home/jetson/ros-workspace/build/urdf_tutorial_r2d2/prefix_override:/home/jetson/ros-workspace/install/urdf_tutorial_r2d2/lib/python3.8/site-packages:${PYTHONPATH} /usr/bin/python3 setup.py develop --uninstall --editable --build-directory /home/jetson/ros-workspace/build/urdf_tutorial_r2d2/build
[8.890s] Invoking command in '/home/jetson/ros-workspace/src/urdf_tutorial_r2d2': PYTHONPATH=/home/jetson/ros-workspace/build/urdf_tutorial_r2d2/prefix_override:/home/jetson/ros-workspace/install/urdf_tutorial_r2d2/lib/python3.8/site-packages:${PYTHONPATH} /usr/bin/python3 setup.py egg_info --egg-base ../../build/urdf_tutorial_r2d2 build --build-base /home/jetson/ros-workspace/build/urdf_tutorial_r2d2/build install --record /home/jetson/ros-workspace/build/urdf_tutorial_r2d2/install.log --install-scripts $base/lib/urdf_tutorial_r2d2 --single-version-externally-managed
[10.228s] running egg_info
[10.232s] writing ../../build/urdf_tutorial_r2d2/urdf_tutorial_r2d2.egg-info/PKG-INFO
[10.234s] writing dependency_links to ../../build/urdf_tutorial_r2d2/urdf_tutorial_r2d2.egg-info/dependency_links.txt
[10.235s] writing entry points to ../../build/urdf_tutorial_r2d2/urdf_tutorial_r2d2.egg-info/entry_points.txt
[10.236s] writing requirements to ../../build/urdf_tutorial_r2d2/urdf_tutorial_r2d2.egg-info/requires.txt
[10.237s] writing top-level names to ../../build/urdf_tutorial_r2d2/urdf_tutorial_r2d2.egg-info/top_level.txt
[10.450s] reading manifest file '../../build/urdf_tutorial_r2d2/urdf_tutorial_r2d2.egg-info/SOURCES.txt'
[10.457s] writing manifest file '../../build/urdf_tutorial_r2d2/urdf_tutorial_r2d2.egg-info/SOURCES.txt'
[10.458s] running build
[10.458s] running build_py
[10.461s] running install
[10.465s] running install_lib
[10.477s] running install_data
[10.483s] running install_egg_info
[10.495s] removing '/home/jetson/ros-workspace/install/urdf_tutorial_r2d2/lib/python3.8/site-packages/urdf_tutorial_r2d2-0.0.0-py3.8.egg-info' (and everything under it)
[10.497s] Copying ../../build/urdf_tutorial_r2d2/urdf_tutorial_r2d2.egg-info to /home/jetson/ros-workspace/install/urdf_tutorial_r2d2/lib/python3.8/site-packages/urdf_tutorial_r2d2-0.0.0-py3.8.egg-info
[10.504s] running install_scripts
[10.603s] Installing state_publisher script to /home/jetson/ros-workspace/install/urdf_tutorial_r2d2/lib/urdf_tutorial_r2d2
[10.606s] writing list of installed files to '/home/jetson/ros-workspace/build/urdf_tutorial_r2d2/install.log'
[10.729s] Invoked command in '/home/jetson/ros-workspace/src/urdf_tutorial_r2d2' returned '0': PYTHONPATH=/home/jetson/ros-workspace/build/urdf_tutorial_r2d2/prefix_override:/home/jetson/ros-workspace/install/urdf_tutorial_r2d2/lib/python3.8/site-packages:${PYTHONPATH} /usr/bin/python3 setup.py egg_info --egg-base ../../build/urdf_tutorial_r2d2 build --build-base /home/jetson/ros-workspace/build/urdf_tutorial_r2d2/build install --record /home/jetson/ros-workspace/build/urdf_tutorial_r2d2/install.log --install-scripts $base/lib/urdf_tutorial_r2d2 --single-version-externally-managed
