[0.101s] Invoking command in '/home/uocav/ros-workspace/build/ouster_msgs': CMAKE_PREFIX_PATH=${CMAKE_PREFIX_PATH}:/home/uocav/ros-workspace/install/urdf_tutorial_r2d2:/opt/ros/foxy /usr/bin/cmake --build /home/uocav/ros-workspace/build/ouster_msgs -- -j6 -l6
[0.205s] [  9%] Built target ouster_msgs__rosidl_generator_c
[0.205s] [ 12%] Built target ouster_msgs__cpp
[0.262s] [ 22%] Built target ouster_msgs__rosidl_typesupport_cpp
[0.280s] [ 32%] Built target ouster_msgs__rosidl_typesupport_fastrtps_cpp
[0.286s] [ 41%] Built target ouster_msgs__rosidl_typesupport_introspection_cpp
[0.337s] [ 61%] Built target ouster_msgs__rosidl_typesupport_c
[0.337s] [ 61%] Built target ouster_msgs__rosidl_typesupport_introspection_c
[0.369s] [ 70%] Built target ouster_msgs__rosidl_typesupport_fastrtps_c
[0.402s] [ 70%] Built target ouster_msgs
[0.440s] [ 74%] Built target ouster_msgs__py
[0.484s] [ 80%] Built target ouster_msgs__python
[0.536s] [ 87%] Built target ouster_msgs__rosidl_typesupport_introspection_c__pyext
[0.542s] [ 93%] Built target ouster_msgs__rosidl_typesupport_c__pyext
[0.551s] [100%] Built target ouster_msgs__rosidl_typesupport_fastrtps_c__pyext
[0.604s] Invoked command in '/home/uocav/ros-workspace/build/ouster_msgs' returned '0': CMAKE_PREFIX_PATH=${CMAKE_PREFIX_PATH}:/home/uocav/ros-workspace/install/urdf_tutorial_r2d2:/opt/ros/foxy /usr/bin/cmake --build /home/uocav/ros-workspace/build/ouster_msgs -- -j6 -l6
[0.770s] Invoking command in '/home/uocav/ros-workspace/build/ouster_msgs': CMAKE_PREFIX_PATH=${CMAKE_PREFIX_PATH}:/home/uocav/ros-workspace/install/urdf_tutorial_r2d2:/opt/ros/foxy /usr/bin/cmake --install /home/uocav/ros-workspace/build/ouster_msgs
[0.783s] -- Install configuration: "Release"
[0.783s] -- Execute custom install script
[0.784s] -- Up-to-date symlink: /home/uocav/ros-workspace/install/ouster_msgs/share/ament_index/resource_index/rosidl_interfaces/ouster_msgs
[0.785s] -- Up-to-date symlink: /home/uocav/ros-workspace/install/ouster_msgs/include/ouster_msgs/msg/detail/packet_msg__functions.h
[0.785s] -- Up-to-date symlink: /home/uocav/ros-workspace/install/ouster_msgs/include/ouster_msgs/msg/detail/packet_msg__struct.h
[0.785s] -- Up-to-date symlink: /home/uocav/ros-workspace/install/ouster_msgs/include/ouster_msgs/msg/detail/packet_msg__type_support.h
[0.785s] -- Up-to-date symlink: /home/uocav/ros-workspace/install/ouster_msgs/include/ouster_msgs/msg/packet_msg.h
[0.785s] -- Up-to-date symlink: /home/uocav/ros-workspace/install/ouster_msgs/include/ouster_msgs/msg/rosidl_generator_c__visibility_control.h
[0.786s] -- Up-to-date symlink: /home/uocav/ros-workspace/install/ouster_msgs/share/ouster_msgs/environment/library_path.sh
[0.786s] -- Up-to-date symlink: /home/uocav/ros-workspace/install/ouster_msgs/share/ouster_msgs/environment/library_path.dsv
[0.787s] -- Up-to-date symlink: /home/uocav/ros-workspace/install/ouster_msgs/include/ouster_msgs/msg/detail/packet_msg__rosidl_typesupport_fastrtps_c.h
[0.787s] -- Up-to-date symlink: /home/uocav/ros-workspace/install/ouster_msgs/include/ouster_msgs/msg/rosidl_typesupport_fastrtps_c__visibility_control.h
[0.787s] -- Up-to-date symlink: /home/uocav/ros-workspace/install/ouster_msgs/lib/libouster_msgs__rosidl_typesupport_fastrtps_c.so
[0.788s] -- Up-to-date symlink: /home/uocav/ros-workspace/install/ouster_msgs/include/ouster_msgs/msg/detail/packet_msg__rosidl_typesupport_fastrtps_cpp.hpp
[0.788s] -- Up-to-date symlink: /home/uocav/ros-workspace/install/ouster_msgs/include/ouster_msgs/msg/rosidl_typesupport_fastrtps_cpp__visibility_control.h
[0.789s] -- Up-to-date symlink: /home/uocav/ros-workspace/install/ouster_msgs/lib/libouster_msgs__rosidl_typesupport_fastrtps_cpp.so
[0.789s] -- Up-to-date symlink: /home/uocav/ros-workspace/install/ouster_msgs/include/ouster_msgs/msg/detail/packet_msg__rosidl_typesupport_introspection_c.h
[0.790s] -- Up-to-date symlink: /home/uocav/ros-workspace/install/ouster_msgs/include/ouster_msgs/msg/rosidl_typesupport_introspection_c__visibility_control.h
[0.790s] -- Up-to-date symlink: /home/uocav/ros-workspace/install/ouster_msgs/include/ouster_msgs/msg/detail/packet_msg__builder.hpp
[0.790s] -- Up-to-date symlink: /home/uocav/ros-workspace/install/ouster_msgs/include/ouster_msgs/msg/detail/packet_msg__struct.hpp
[0.791s] -- Up-to-date symlink: /home/uocav/ros-workspace/install/ouster_msgs/include/ouster_msgs/msg/detail/packet_msg__traits.hpp
[0.791s] -- Up-to-date symlink: /home/uocav/ros-workspace/install/ouster_msgs/include/ouster_msgs/msg/detail/packet_msg__type_support.hpp
[0.791s] -- Up-to-date symlink: /home/uocav/ros-workspace/install/ouster_msgs/include/ouster_msgs/msg/packet_msg.hpp
[0.791s] -- Up-to-date symlink: /home/uocav/ros-workspace/install/ouster_msgs/include/ouster_msgs/msg/rosidl_generator_cpp__visibility_control.hpp
[0.792s] -- Up-to-date symlink: /home/uocav/ros-workspace/install/ouster_msgs/include/ouster_msgs/msg/detail/packet_msg__rosidl_typesupport_introspection_cpp.hpp
[0.792s] -- Up-to-date symlink: /home/uocav/ros-workspace/install/ouster_msgs/share/ouster_msgs/environment/pythonpath.sh
[0.792s] -- Up-to-date symlink: /home/uocav/ros-workspace/install/ouster_msgs/share/ouster_msgs/environment/pythonpath.dsv
[0.793s] -- Up-to-date symlink: /home/uocav/ros-workspace/install/ouster_msgs/lib/python3.8/site-packages/ouster_msgs/__init__.py
[0.793s] -- Up-to-date symlink: /home/uocav/ros-workspace/install/ouster_msgs/lib/python3.8/site-packages/ouster_msgs/msg/__init__.py
[0.793s] -- Up-to-date symlink: /home/uocav/ros-workspace/install/ouster_msgs/lib/python3.8/site-packages/ouster_msgs/msg/_packet_msg.py
[0.794s] -- Up-to-date symlink: /home/uocav/ros-workspace/install/ouster_msgs/lib/python3.8/site-packages/ouster_msgs/ouster_msgs_s__rosidl_typesupport_fastrtps_c.cpython-38-x86_64-linux-gnu.so
[0.794s] -- Up-to-date symlink: /home/uocav/ros-workspace/install/ouster_msgs/lib/python3.8/site-packages/ouster_msgs/ouster_msgs_s__rosidl_typesupport_introspection_c.cpython-38-x86_64-linux-gnu.so
[0.795s] -- Up-to-date symlink: /home/uocav/ros-workspace/install/ouster_msgs/lib/python3.8/site-packages/ouster_msgs/ouster_msgs_s__rosidl_typesupport_c.cpython-38-x86_64-linux-gnu.so
[0.795s] -- Up-to-date symlink: /home/uocav/ros-workspace/install/ouster_msgs/lib/libouster_msgs__python.so
[0.796s] -- Up-to-date symlink: /home/uocav/ros-workspace/install/ouster_msgs/share/ouster_msgs/msg/PacketMsg.idl
[0.798s] -- Up-to-date symlink: /home/uocav/ros-workspace/install/ouster_msgs/share/ouster_msgs/msg/PacketMsg.msg
[0.798s] -- Up-to-date symlink: /home/uocav/ros-workspace/install/ouster_msgs/share/ament_index/resource_index/package_run_dependencies/ouster_msgs
[0.798s] -- Up-to-date symlink: /home/uocav/ros-workspace/install/ouster_msgs/share/ament_index/resource_index/parent_prefix_path/ouster_msgs
[0.798s] -- Up-to-date symlink: /home/uocav/ros-workspace/install/ouster_msgs/share/ouster_msgs/environment/ament_prefix_path.sh
[0.798s] -- Up-to-date symlink: /home/uocav/ros-workspace/install/ouster_msgs/share/ouster_msgs/environment/ament_prefix_path.dsv
[0.798s] -- Up-to-date symlink: /home/uocav/ros-workspace/install/ouster_msgs/share/ouster_msgs/environment/path.sh
[0.799s] -- Up-to-date symlink: /home/uocav/ros-workspace/install/ouster_msgs/share/ouster_msgs/environment/path.dsv
[0.799s] -- Up-to-date symlink: /home/uocav/ros-workspace/install/ouster_msgs/share/ouster_msgs/local_setup.bash
[0.799s] -- Up-to-date symlink: /home/uocav/ros-workspace/install/ouster_msgs/share/ouster_msgs/local_setup.sh
[0.799s] -- Up-to-date symlink: /home/uocav/ros-workspace/install/ouster_msgs/share/ouster_msgs/local_setup.zsh
[0.800s] -- Up-to-date symlink: /home/uocav/ros-workspace/install/ouster_msgs/share/ouster_msgs/local_setup.dsv
[0.800s] -- Symlinking: /home/uocav/ros-workspace/install/ouster_msgs/share/ouster_msgs/package.dsv
[0.816s] -- Up-to-date symlink: /home/uocav/ros-workspace/install/ouster_msgs/share/ament_index/resource_index/packages/ouster_msgs
[0.816s] -- Up-to-date symlink: /home/uocav/ros-workspace/install/ouster_msgs/share/ouster_msgs/cmake/rosidl_cmake-extras.cmake
[0.816s] -- Up-to-date symlink: /home/uocav/ros-workspace/install/ouster_msgs/share/ouster_msgs/cmake/ament_cmake_export_dependencies-extras.cmake
[0.816s] -- Up-to-date symlink: /home/uocav/ros-workspace/install/ouster_msgs/share/ouster_msgs/cmake/ament_cmake_export_libraries-extras.cmake
[0.816s] -- Up-to-date symlink: /home/uocav/ros-workspace/install/ouster_msgs/share/ouster_msgs/cmake/ament_cmake_export_targets-extras.cmake
[0.817s] -- Up-to-date symlink: /home/uocav/ros-workspace/install/ouster_msgs/share/ouster_msgs/cmake/ament_cmake_export_include_directories-extras.cmake
[0.817s] -- Up-to-date symlink: /home/uocav/ros-workspace/install/ouster_msgs/share/ouster_msgs/cmake/rosidl_cmake_export_typesupport_libraries-extras.cmake
[0.817s] -- Up-to-date symlink: /home/uocav/ros-workspace/install/ouster_msgs/share/ouster_msgs/cmake/rosidl_cmake_export_typesupport_targets-extras.cmake
[0.817s] -- Up-to-date symlink: /home/uocav/ros-workspace/install/ouster_msgs/share/ouster_msgs/cmake/ouster_msgsConfig.cmake
[0.818s] -- Up-to-date symlink: /home/uocav/ros-workspace/install/ouster_msgs/share/ouster_msgs/cmake/ouster_msgsConfig-version.cmake
[0.818s] -- Up-to-date symlink: /home/uocav/ros-workspace/install/ouster_msgs/share/ouster_msgs/package.xml
[0.818s] -- Up-to-date: /home/uocav/ros-workspace/install/ouster_msgs/lib/libouster_msgs__rosidl_generator_c.so
[0.819s] -- Up-to-date: /home/uocav/ros-workspace/install/ouster_msgs/lib/libouster_msgs__rosidl_typesupport_introspection_c.so
[0.819s] -- Up-to-date: /home/uocav/ros-workspace/install/ouster_msgs/lib/libouster_msgs__rosidl_typesupport_c.so
[0.820s] -- Up-to-date: /home/uocav/ros-workspace/install/ouster_msgs/lib/libouster_msgs__rosidl_typesupport_introspection_cpp.so
[0.820s] -- Up-to-date: /home/uocav/ros-workspace/install/ouster_msgs/lib/libouster_msgs__rosidl_typesupport_cpp.so
[0.875s] -- Up-to-date: /home/uocav/ros-workspace/install/ouster_msgs/share/ouster_msgs/cmake/ouster_msgs__rosidl_generator_cExport.cmake
[0.876s] -- Up-to-date: /home/uocav/ros-workspace/install/ouster_msgs/share/ouster_msgs/cmake/ouster_msgs__rosidl_generator_cExport-release.cmake
[0.876s] -- Up-to-date: /home/uocav/ros-workspace/install/ouster_msgs/share/ouster_msgs/cmake/ouster_msgs__rosidl_typesupport_introspection_cExport.cmake
[0.876s] -- Up-to-date: /home/uocav/ros-workspace/install/ouster_msgs/share/ouster_msgs/cmake/ouster_msgs__rosidl_typesupport_introspection_cExport-release.cmake
[0.877s] -- Up-to-date: /home/uocav/ros-workspace/install/ouster_msgs/share/ouster_msgs/cmake/ouster_msgs__rosidl_typesupport_cExport.cmake
[0.877s] -- Up-to-date: /home/uocav/ros-workspace/install/ouster_msgs/share/ouster_msgs/cmake/ouster_msgs__rosidl_typesupport_cExport-release.cmake
[0.877s] -- Up-to-date: /home/uocav/ros-workspace/install/ouster_msgs/share/ouster_msgs/cmake/ouster_msgs__rosidl_generator_cppExport.cmake
[0.877s] -- Up-to-date: /home/uocav/ros-workspace/install/ouster_msgs/share/ouster_msgs/cmake/ouster_msgs__rosidl_typesupport_introspection_cppExport.cmake
[0.878s] -- Up-to-date: /home/uocav/ros-workspace/install/ouster_msgs/share/ouster_msgs/cmake/ouster_msgs__rosidl_typesupport_introspection_cppExport-release.cmake
[0.878s] -- Up-to-date: /home/uocav/ros-workspace/install/ouster_msgs/share/ouster_msgs/cmake/ouster_msgs__rosidl_typesupport_cppExport.cmake
[0.878s] -- Up-to-date: /home/uocav/ros-workspace/install/ouster_msgs/share/ouster_msgs/cmake/ouster_msgs__rosidl_typesupport_cppExport-release.cmake
[1.138s] Invoked command in '/home/uocav/ros-workspace/build/ouster_msgs' returned '0': CMAKE_PREFIX_PATH=${CMAKE_PREFIX_PATH}:/home/uocav/ros-workspace/install/urdf_tutorial_r2d2:/opt/ros/foxy /usr/bin/cmake --install /home/uocav/ros-workspace/build/ouster_msgs
