[0.280s] Invoking command in '/home/jetson/ros-workspace/build/ros2_esp32': CMAKE_PREFIX_PATH=${CMAKE_PREFIX_PATH}:/opt/ros/foxy /usr/bin/cmake --build /home/jetson/ros-workspace/build/ros2_esp32 -- -j6 -l6
[1.158s] [ 50%] Built target string_publisher
[1.229s] [100%] Built target integer_publisher
[1.336s] Invoked command in '/home/jetson/ros-workspace/build/ros2_esp32' returned '0': CMAKE_PREFIX_PATH=${CMAKE_PREFIX_PATH}:/opt/ros/foxy /usr/bin/cmake --build /home/jetson/ros-workspace/build/ros2_esp32 -- -j6 -l6
[1.988s] Invoking command in '/home/jetson/ros-workspace/build/ros2_esp32': CMAKE_PREFIX_PATH=${CMAKE_PREFIX_PATH}:/opt/ros/foxy /usr/bin/cmake --install /home/jetson/ros-workspace/build/ros2_esp32
[2.074s] -- Install configuration: ""
[2.081s] -- Up-to-date: /home/jetson/ros-workspace/install/ros2_esp32/lib/ros2_esp32/integer_publisher
[2.086s] -- Up-to-date: /home/jetson/ros-workspace/install/ros2_esp32/lib/ros2_esp32/string_publisher
[2.087s] -- Up-to-date: /home/jetson/ros-workspace/install/ros2_esp32/share/ament_index/resource_index/package_run_dependencies/ros2_esp32
[2.089s] -- Up-to-date: /home/jetson/ros-workspace/install/ros2_esp32/share/ament_index/resource_index/parent_prefix_path/ros2_esp32
[2.092s] -- Up-to-date: /home/jetson/ros-workspace/install/ros2_esp32/share/ros2_esp32/environment/ament_prefix_path.sh
[2.093s] -- Up-to-date: /home/jetson/ros-workspace/install/ros2_esp32/share/ros2_esp32/environment/ament_prefix_path.dsv
[2.094s] -- Up-to-date: /home/jetson/ros-workspace/install/ros2_esp32/share/ros2_esp32/environment/path.sh
[2.094s] -- Up-to-date: /home/jetson/ros-workspace/install/ros2_esp32/share/ros2_esp32/environment/path.dsv
[2.096s] -- Up-to-date: /home/jetson/ros-workspace/install/ros2_esp32/share/ros2_esp32/local_setup.bash
[2.097s] -- Up-to-date: /home/jetson/ros-workspace/install/ros2_esp32/share/ros2_esp32/local_setup.sh
[2.098s] -- Up-to-date: /home/jetson/ros-workspace/install/ros2_esp32/share/ros2_esp32/local_setup.zsh
[2.098s] -- Up-to-date: /home/jetson/ros-workspace/install/ros2_esp32/share/ros2_esp32/local_setup.dsv
[2.101s] -- Installing: /home/jetson/ros-workspace/install/ros2_esp32/share/ros2_esp32/package.dsv
[2.101s] -- Up-to-date: /home/jetson/ros-workspace/install/ros2_esp32/share/ament_index/resource_index/packages/ros2_esp32
[2.103s] -- Up-to-date: /home/jetson/ros-workspace/install/ros2_esp32/share/ros2_esp32/cmake/ros2_esp32Config.cmake
[2.103s] -- Up-to-date: /home/jetson/ros-workspace/install/ros2_esp32/share/ros2_esp32/cmake/ros2_esp32Config-version.cmake
[2.104s] -- Up-to-date: /home/jetson/ros-workspace/install/ros2_esp32/share/ros2_esp32/package.xml
