[0.071s] Invoking command in '/home/jetson/ros-workspace/build/ouster_ros': AMENT_PREFIX_PATH=/home/jetson/ros-workspace/install/ouster_srvs:/home/jetson/ros-workspace/install/ouster_msgs:${AMENT_PREFIX_PATH} CMAKE_PREFIX_PATH=/home/jetson/ros-workspace/install/ouster_srvs:/home/jetson/ros-workspace/install/ouster_msgs:/home/jetson/.local/lib/python3.8/site-packages/ouster:/opt/ros/foxy LD_LIBRARY_PATH=/home/jetson/ros-workspace/install/ouster_srvs/lib:/home/jetson/ros-workspace/install/ouster_msgs/lib:/opt/ros/foxy/opt/yaml_cpp_vendor/lib:/opt/ros/foxy/opt/rviz_ogre_vendor/lib:/opt/ros/foxy/lib/aarch64-linux-gnu:/opt/ros/foxy/lib:/usr/local/cuda-11.4/lib64 PYTHONPATH=/home/jetson/ros-workspace/install/ouster_srvs/lib/python3.8/site-packages:/home/jetson/ros-workspace/install/ouster_msgs/lib/python3.8/site-packages:${PYTHONPATH} /usr/bin/cmake /home/jetson/ros-workspace/src/ouster-ros/ouster-ros -DCMAKE_INSTALL_PREFIX=/home/jetson/ros-workspace/install/ouster_ros
[0.100s] CMake Error at CMakeLists.txt:4 (include):
[0.101s]   include could not find load file:
[0.101s] 
[0.102s]     DefaultBuildType
[0.102s] 
[0.102s] 
[0.124s] -- Found ament_cmake: 0.9.11 (/opt/ros/foxy/share/ament_cmake/cmake)
[0.210s] -- Using PYTHON_EXECUTABLE: /usr/bin/python3
[0.879s] -- Override CMake install command with custom implementation using symlinks instead of copying resources
[0.910s] -- Found rclcpp: 2.4.2 (/opt/ros/foxy/share/rclcpp/cmake)
[1.038s] -- Using all available rosidl_typesupport_c: rosidl_typesupport_fastrtps_c;rosidl_typesupport_introspection_c
[1.052s] -- Found rosidl_adapter: 1.3.0 (/opt/ros/foxy/share/rosidl_adapter/cmake)
[1.504s] -- Using all available rosidl_typesupport_cpp: rosidl_typesupport_fastrtps_cpp;rosidl_typesupport_introspection_cpp
[1.685s] -- Found rmw_implementation_cmake: 1.0.4 (/opt/ros/foxy/share/rmw_implementation_cmake/cmake)
[1.690s] -- Using RMW implementation 'rmw_fastrtps_cpp' as default
[2.173s] -- Found rclcpp_components: 2.4.2 (/opt/ros/foxy/share/rclcpp_components/cmake)
[2.353s] -- Found rclcpp_lifecycle: 2.4.2 (/opt/ros/foxy/share/rclcpp_lifecycle/cmake)
[2.452s] -- Found sensor_msgs: 2.0.5 (/opt/ros/foxy/share/sensor_msgs/cmake)
[2.841s] -- Found ouster_msgs: 0.1.0 (/home/jetson/ros-workspace/install/ouster_msgs/share/ouster_msgs/cmake)
[2.871s] -- Found ouster_srvs: 0.1.0 (/home/jetson/ros-workspace/install/ouster_srvs/share/ouster_srvs/cmake)
[2.904s] -- Found std_srvs: 2.0.5 (/opt/ros/foxy/share/std_srvs/cmake)
[2.944s] -- Found rosidl_default_generators: 1.0.1 (/opt/ros/foxy/share/rosidl_default_generators/cmake)
[3.041s] -- Eigen found (include: /usr/include/eigen3, version: 3.3.7)
[3.082s] -- looking for PCL_COMMON
[3.086s] -- Found pcl_conversions: 2.2.1 (/opt/ros/foxy/share/pcl_conversions/cmake)
[3.612s] -- Found tf2_eigen: 0.13.14 (/opt/ros/foxy/share/tf2_eigen/cmake)
[4.513s] CMake Error at CMakeLists.txt:49 (find_package):
[4.513s]   By not providing "FindOusterSDK.cmake" in CMAKE_MODULE_PATH this project
[4.514s]   has asked CMake to find a package configuration file provided by
[4.514s]   "OusterSDK", but CMake did not find one.
[4.515s] 
[4.515s]   Could not find a package configuration file provided by "OusterSDK" with
[4.515s]   any of the following names:
[4.515s] 
[4.516s]     OusterSDKConfig.cmake
[4.516s]     oustersdk-config.cmake
[4.516s] 
[4.516s]   Add the installation prefix of "OusterSDK" to CMAKE_PREFIX_PATH or set
[4.517s]   "OusterSDK_DIR" to a directory containing one of the above files.  If
[4.517s]   "OusterSDK" provides a separate development package or SDK, be sure it has
[4.517s]   been installed.
[4.518s] 
[4.518s] 
[4.530s] -- Configuring incomplete, errors occurred!
[4.530s] See also "/home/jetson/ros-workspace/build/ouster_ros/CMakeFiles/CMakeOutput.log".
[4.530s] See also "/home/jetson/ros-workspace/build/ouster_ros/CMakeFiles/CMakeError.log".
[4.560s] Invoked command in '/home/jetson/ros-workspace/build/ouster_ros' returned '1': AMENT_PREFIX_PATH=/home/jetson/ros-workspace/install/ouster_srvs:/home/jetson/ros-workspace/install/ouster_msgs:${AMENT_PREFIX_PATH} CMAKE_PREFIX_PATH=/home/jetson/ros-workspace/install/ouster_srvs:/home/jetson/ros-workspace/install/ouster_msgs:/home/jetson/.local/lib/python3.8/site-packages/ouster:/opt/ros/foxy LD_LIBRARY_PATH=/home/jetson/ros-workspace/install/ouster_srvs/lib:/home/jetson/ros-workspace/install/ouster_msgs/lib:/opt/ros/foxy/opt/yaml_cpp_vendor/lib:/opt/ros/foxy/opt/rviz_ogre_vendor/lib:/opt/ros/foxy/lib/aarch64-linux-gnu:/opt/ros/foxy/lib:/usr/local/cuda-11.4/lib64 PYTHONPATH=/home/jetson/ros-workspace/install/ouster_srvs/lib/python3.8/site-packages:/home/jetson/ros-workspace/install/ouster_msgs/lib/python3.8/site-packages:${PYTHONPATH} /usr/bin/cmake /home/jetson/ros-workspace/src/ouster-ros/ouster-ros -DCMAKE_INSTALL_PREFIX=/home/jetson/ros-workspace/install/ouster_ros
