[0.150s] Invoking command in '/home/jetson/ros-workspace/build/navigation': CMAKE_PREFIX_PATH=${CMAKE_PREFIX_PATH}:/opt/ros/foxy /usr/bin/cmake /home/jetson/ros-workspace/src/navigation -DCMAKE_BUILD_TYPE=Release -DAMENT_CMAKE_SYMLINK_INSTALL=1 -DCMAKE_INSTALL_PREFIX=/home/jetson/ros-workspace/install/navigation
[0.781s] -- The C compiler identification is GNU 9.4.0
[1.160s] -- The CXX compiler identification is GNU 9.4.0
[1.197s] -- Check for working C compiler: /usr/bin/cc
[1.749s] -- Check for working C compiler: /usr/bin/cc -- works
[1.754s] -- Detecting C compiler ABI info
[2.284s] -- Detecting C compiler ABI info - done
[2.335s] -- Detecting C compile features
[2.338s] -- Detecting C compile features - done
[2.351s] -- Check for working CXX compiler: /usr/bin/c++
[2.801s] -- Check for working CXX compiler: /usr/bin/c++ -- works
[2.813s] -- Detecting CXX compiler ABI info
[3.302s] -- Detecting CXX compiler ABI info - done
[3.355s] -- Detecting CXX compile features
[3.357s] -- Detecting CXX compile features - done
[3.367s] -- Found ament_cmake: 0.9.11 (/opt/ros/foxy/share/ament_cmake/cmake)
[3.468s] -- Found PythonInterp: /usr/bin/python3 (found suitable version "3.8.10", minimum required is "3") 
[3.469s] -- Using PYTHON_EXECUTABLE: /usr/bin/python3
[4.240s] -- Override CMake install command with custom implementation using symlinks instead of copying resources
[4.393s] -- Found rclcpp: 2.4.2 (/opt/ros/foxy/share/rclcpp/cmake)
[4.627s] -- Using all available rosidl_typesupport_c: rosidl_typesupport_fastrtps_c;rosidl_typesupport_introspection_c
[4.655s] -- Found rosidl_adapter: 1.3.0 (/opt/ros/foxy/share/rosidl_adapter/cmake)
[5.065s] -- Found OpenSSL: /usr/lib/aarch64-linux-gnu/libcrypto.so (found version "1.1.1f")  
[5.178s] -- Found FastRTPS: /opt/ros/foxy/include  
[5.485s] -- Using all available rosidl_typesupport_cpp: rosidl_typesupport_fastrtps_cpp;rosidl_typesupport_introspection_cpp
[5.707s] -- Found rmw_implementation_cmake: 1.0.4 (/opt/ros/foxy/share/rmw_implementation_cmake/cmake)
[5.713s] -- Using RMW implementation 'rmw_fastrtps_cpp' as default
[5.717s] -- Looking for pthread.h
[6.108s] -- Looking for pthread.h - found
[6.109s] -- Performing Test CMAKE_HAVE_LIBC_PTHREAD
[6.489s] -- Performing Test CMAKE_HAVE_LIBC_PTHREAD - Failed
[6.490s] -- Looking for pthread_create in pthreads
[6.800s] -- Looking for pthread_create in pthreads - not found
[6.801s] -- Looking for pthread_create in pthread
[7.164s] -- Looking for pthread_create in pthread - found
[7.172s] -- Found Threads: TRUE  
[7.752s] -- Found nav_msgs: 2.0.5 (/opt/ros/foxy/share/nav_msgs/cmake)
[8.391s] -- Configuring done
[8.432s] -- Generating done
[8.437s] -- Build files have been written to: /home/jetson/ros-workspace/build/navigation
[8.463s] Invoked command in '/home/jetson/ros-workspace/build/navigation' returned '0': CMAKE_PREFIX_PATH=${CMAKE_PREFIX_PATH}:/opt/ros/foxy /usr/bin/cmake /home/jetson/ros-workspace/src/navigation -DCMAKE_BUILD_TYPE=Release -DAMENT_CMAKE_SYMLINK_INSTALL=1 -DCMAKE_INSTALL_PREFIX=/home/jetson/ros-workspace/install/navigation
[8.475s] Invoking command in '/home/jetson/ros-workspace/build/navigation': CMAKE_PREFIX_PATH=${CMAKE_PREFIX_PATH}:/opt/ros/foxy /usr/bin/cmake --build /home/jetson/ros-workspace/build/navigation -- -j4 -l4
[8.657s] [35m[1mScanning dependencies of target occupancy_pub[0m
[8.877s] [ 50%] [32mBuilding CXX object CMakeFiles/occupancy_pub.dir/src/occupancy_grid_pub.cpp.o[0m
[27.094s] [100%] [32m[1mLinking CXX executable occupancy_pub[0m
[27.573s] [100%] Built target occupancy_pub
[27.631s] Invoked command in '/home/jetson/ros-workspace/build/navigation' returned '0': CMAKE_PREFIX_PATH=${CMAKE_PREFIX_PATH}:/opt/ros/foxy /usr/bin/cmake --build /home/jetson/ros-workspace/build/navigation -- -j4 -l4
[27.751s] Invoking command in '/home/jetson/ros-workspace/build/navigation': CMAKE_PREFIX_PATH=${CMAKE_PREFIX_PATH}:/opt/ros/foxy /usr/bin/cmake --install /home/jetson/ros-workspace/build/navigation
[27.786s] -- Install configuration: "Release"
[27.788s] -- Execute custom install script
[27.791s] -- Symlinking: /home/jetson/ros-workspace/install/navigation/lib/navigation/occupancy_pub
[27.832s] CMake Error at ament_cmake_symlink_install/ament_cmake_symlink_install.cmake:100 (message):
[27.833s]   ament_cmake_symlink_install_directory() can't find
[27.833s]   '/home/jetson/ros-workspace/src/navigation/launch'
[27.833s] Call Stack (most recent call first):
[27.834s]   ament_cmake_symlink_install/ament_cmake_symlink_install.cmake:317 (ament_cmake_symlink_install_directory)
[27.834s]   cmake_install.cmake:41 (include)
[27.834s] 
[27.835s] 
[27.840s] Invoked command in '/home/jetson/ros-workspace/build/navigation' returned '1': CMAKE_PREFIX_PATH=${CMAKE_PREFIX_PATH}:/opt/ros/foxy /usr/bin/cmake --install /home/jetson/ros-workspace/build/navigation
