[3.515s] Invoking command in '/home/jetson/ros-workspace/build/urdf_tutorial_r2d2': PYTHONPATH=/home/jetson/ros-workspace/build/urdf_tutorial_r2d2/prefix_override:/home/jetson/ros-workspace/install/urdf_tutorial_r2d2/lib/python3.8/site-packages:${PYTHONPATH} /usr/bin/python3 setup.py develop --editable --build-directory /home/jetson/ros-workspace/build/urdf_tutorial_r2d2/build --no-deps install_data
[4.757s] running develop
[5.468s] running egg_info
[5.468s] creating urdf_tutorial_r2d2.egg-info
[5.469s] writing urdf_tutorial_r2d2.egg-info/PKG-INFO
[5.470s] writing dependency_links to urdf_tutorial_r2d2.egg-info/dependency_links.txt
[5.471s] writing entry points to urdf_tutorial_r2d2.egg-info/entry_points.txt
[5.472s] writing requirements to urdf_tutorial_r2d2.egg-info/requires.txt
[5.472s] writing top-level names to urdf_tutorial_r2d2.egg-info/top_level.txt
[5.480s] writing manifest file 'urdf_tutorial_r2d2.egg-info/SOURCES.txt'
[5.646s] reading manifest file 'urdf_tutorial_r2d2.egg-info/SOURCES.txt'
[5.649s] writing manifest file 'urdf_tutorial_r2d2.egg-info/SOURCES.txt'
[5.845s] running build_ext
[5.847s] Creating /home/jetson/ros-workspace/install/urdf_tutorial_r2d2/lib/python3.8/site-packages/site.py
[5.858s] Creating /home/jetson/ros-workspace/install/urdf_tutorial_r2d2/lib/python3.8/site-packages/urdf-tutorial-r2d2.egg-link (link to .)
[5.862s] Installing state_publisher script to /home/jetson/ros-workspace/install/urdf_tutorial_r2d2/lib/urdf_tutorial_r2d2
[5.863s] 
[5.864s] Installed /home/jetson/ros-workspace/build/urdf_tutorial_r2d2
[5.864s] running install_data
[5.865s] creating /home/jetson/ros-workspace/install/urdf_tutorial_r2d2/share/ament_index
[5.866s] creating /home/jetson/ros-workspace/install/urdf_tutorial_r2d2/share/ament_index/resource_index
[5.866s] creating /home/jetson/ros-workspace/install/urdf_tutorial_r2d2/share/ament_index/resource_index/packages
[5.867s] copying resource/urdf_tutorial_r2d2 -> /home/jetson/ros-workspace/install/urdf_tutorial_r2d2/share/ament_index/resource_index/packages
[5.867s] copying package.xml -> /home/jetson/ros-workspace/install/urdf_tutorial_r2d2/share/urdf_tutorial_r2d2
[5.867s] creating /home/jetson/ros-workspace/install/urdf_tutorial_r2d2/share/urdf_tutorial_r2d2/launch
[5.868s] copying launch/demo.launch.py -> /home/jetson/ros-workspace/install/urdf_tutorial_r2d2/share/urdf_tutorial_r2d2/launch
[5.868s] copying urdf/r2d2.urdf.xml -> /home/jetson/ros-workspace/install/urdf_tutorial_r2d2/share/urdf_tutorial_r2d2
[5.869s] copying urdf/r2d2.rviz -> /home/jetson/ros-workspace/install/urdf_tutorial_r2d2/share/urdf_tutorial_r2d2
[6.007s] Invoked command in '/home/jetson/ros-workspace/build/urdf_tutorial_r2d2' returned '0': PYTHONPATH=/home/jetson/ros-workspace/build/urdf_tutorial_r2d2/prefix_override:/home/jetson/ros-workspace/install/urdf_tutorial_r2d2/lib/python3.8/site-packages:${PYTHONPATH} /usr/bin/python3 setup.py develop --editable --build-directory /home/jetson/ros-workspace/build/urdf_tutorial_r2d2/build --no-deps install_data
