[0.055s] Invoking command in '/home/uocav/ros-workspace/build/ouster_srvs': CMAKE_PREFIX_PATH=${CMAKE_PREFIX_PATH}:/home/uocav/ros-workspace/install/urdf_tutorial_r2d2:/opt/ros/foxy /usr/bin/cmake /home/uocav/ros-workspace/src/ouster-ros/ouster-srvs -DCMAKE_BUILD_TYPE=Release -DAMENT_CMAKE_SYMLINK_INSTALL=1 -DCMAKE_INSTALL_PREFIX=/home/uocav/ros-workspace/install/ouster_srvs
[0.077s] -- Found ament_cmake: 0.9.12 (/opt/ros/foxy/share/ament_cmake/cmake)
[0.099s] -- Found PythonInterp: /usr/bin/python3 (found suitable version "3.8.10", minimum required is "3") 
[0.099s] -- Using PYTHON_EXECUTABLE: /usr/bin/python3
[0.256s] -- Override CMake install command with custom implementation using symlinks instead of copying resources
[0.262s] -- Found rosidl_default_generators: 1.0.1 (/opt/ros/foxy/share/rosidl_default_generators/cmake)
[0.266s] -- Using all available rosidl_typesupport_c: rosidl_typesupport_fastrtps_c;rosidl_typesupport_introspection_c
[0.268s] -- Found rosidl_adapter: 1.3.1 (/opt/ros/foxy/share/rosidl_adapter/cmake)
[0.400s] -- Using all available rosidl_typesupport_cpp: rosidl_typesupport_fastrtps_cpp;rosidl_typesupport_introspection_cpp
[0.450s] -- Found PythonInterp: /usr/bin/python3 (found version "3.8.10") 
[0.594s] -- Found ament_cmake_ros: 0.9.2 (/opt/ros/foxy/share/ament_cmake_ros/cmake)
[0.701s] -- Using all available rosidl_typesupport_c: rosidl_typesupport_fastrtps_c;rosidl_typesupport_introspection_c
[0.711s] -- Using all available rosidl_typesupport_cpp: rosidl_typesupport_fastrtps_cpp;rosidl_typesupport_introspection_cpp
[0.738s] -- Found PythonInterp: /usr/bin/python3 (found suitable version "3.8.10", minimum required is "3.5") 
[0.738s] -- Found python_cmake_module: 0.8.1 (/opt/ros/foxy/share/python_cmake_module/cmake)
[0.766s] -- Using PYTHON_EXECUTABLE: /usr/bin/python3
[0.766s] -- Using PYTHON_INCLUDE_DIRS: /usr/include/python3.8
[0.766s] -- Using PYTHON_LIBRARIES: /usr/lib/x86_64-linux-gnu/libpython3.8.so
[0.794s] -- Configuring done
[0.828s] -- Generating done
[0.831s] -- Build files have been written to: /home/uocav/ros-workspace/build/ouster_srvs
[0.843s] Invoked command in '/home/uocav/ros-workspace/build/ouster_srvs' returned '0': CMAKE_PREFIX_PATH=${CMAKE_PREFIX_PATH}:/home/uocav/ros-workspace/install/urdf_tutorial_r2d2:/opt/ros/foxy /usr/bin/cmake /home/uocav/ros-workspace/src/ouster-ros/ouster-srvs -DCMAKE_BUILD_TYPE=Release -DAMENT_CMAKE_SYMLINK_INSTALL=1 -DCMAKE_INSTALL_PREFIX=/home/uocav/ros-workspace/install/ouster_srvs
[0.846s] Invoking command in '/home/uocav/ros-workspace/build/ouster_srvs': CMAKE_PREFIX_PATH=${CMAKE_PREFIX_PATH}:/home/uocav/ros-workspace/install/urdf_tutorial_r2d2:/opt/ros/foxy /usr/bin/cmake --build /home/uocav/ros-workspace/build/ouster_srvs -- -j6 -l6
[0.906s] [  2%] Built target ouster_srvs__cpp
[0.923s] [ 12%] Built target ouster_srvs__rosidl_generator_c
[0.960s] [ 23%] Built target ouster_srvs__rosidl_typesupport_fastrtps_cpp
[0.961s] [ 34%] Built target ouster_srvs__rosidl_typesupport_cpp
[0.965s] [ 46%] Built target ouster_srvs__rosidl_typesupport_introspection_c
[0.965s] [ 55%] Built target ouster_srvs__rosidl_typesupport_introspection_cpp
[0.971s] [ 65%] Built target ouster_srvs__rosidl_typesupport_c
[0.989s] [ 76%] Built target ouster_srvs__rosidl_typesupport_fastrtps_c
[1.011s] [ 76%] Built target ouster_srvs
[1.034s] [ 78%] Built target ouster_srvs__py
[1.067s] [ 87%] Built target ouster_srvs__python
[1.111s] [ 95%] Built target ouster_srvs__rosidl_typesupport_c__pyext
[1.111s] [ 95%] Built target ouster_srvs__rosidl_typesupport_fastrtps_c__pyext
[1.120s] [100%] Built target ouster_srvs__rosidl_typesupport_introspection_c__pyext
[1.134s] Invoked command in '/home/uocav/ros-workspace/build/ouster_srvs' returned '0': CMAKE_PREFIX_PATH=${CMAKE_PREFIX_PATH}:/home/uocav/ros-workspace/install/urdf_tutorial_r2d2:/opt/ros/foxy /usr/bin/cmake --build /home/uocav/ros-workspace/build/ouster_srvs -- -j6 -l6
[1.228s] Invoking command in '/home/uocav/ros-workspace/build/ouster_srvs': CMAKE_PREFIX_PATH=${CMAKE_PREFIX_PATH}:/home/uocav/ros-workspace/install/urdf_tutorial_r2d2:/opt/ros/foxy /usr/bin/cmake --install /home/uocav/ros-workspace/build/ouster_srvs
[1.240s] -- Install configuration: "Release"
[1.240s] -- Execute custom install script
[1.240s] -- Up-to-date symlink: /home/uocav/ros-workspace/install/ouster_srvs/share/ament_index/resource_index/rosidl_interfaces/ouster_srvs
[1.241s] -- Up-to-date symlink: /home/uocav/ros-workspace/install/ouster_srvs/include/ouster_srvs/msg/rosidl_generator_c__visibility_control.h
[1.241s] -- Up-to-date symlink: /home/uocav/ros-workspace/install/ouster_srvs/include/ouster_srvs/srv/detail/get_config__functions.h
[1.242s] -- Up-to-date symlink: /home/uocav/ros-workspace/install/ouster_srvs/include/ouster_srvs/srv/detail/get_config__struct.h
[1.242s] -- Up-to-date symlink: /home/uocav/ros-workspace/install/ouster_srvs/include/ouster_srvs/srv/detail/get_config__type_support.h
[1.242s] -- Up-to-date symlink: /home/uocav/ros-workspace/install/ouster_srvs/include/ouster_srvs/srv/detail/get_metadata__functions.h
[1.242s] -- Up-to-date symlink: /home/uocav/ros-workspace/install/ouster_srvs/include/ouster_srvs/srv/detail/get_metadata__struct.h
[1.242s] -- Up-to-date symlink: /home/uocav/ros-workspace/install/ouster_srvs/include/ouster_srvs/srv/detail/get_metadata__type_support.h
[1.243s] -- Up-to-date symlink: /home/uocav/ros-workspace/install/ouster_srvs/include/ouster_srvs/srv/detail/set_config__functions.h
[1.243s] -- Up-to-date symlink: /home/uocav/ros-workspace/install/ouster_srvs/include/ouster_srvs/srv/detail/set_config__struct.h
[1.243s] -- Up-to-date symlink: /home/uocav/ros-workspace/install/ouster_srvs/include/ouster_srvs/srv/detail/set_config__type_support.h
[1.243s] -- Up-to-date symlink: /home/uocav/ros-workspace/install/ouster_srvs/include/ouster_srvs/srv/get_config.h
[1.243s] -- Up-to-date symlink: /home/uocav/ros-workspace/install/ouster_srvs/include/ouster_srvs/srv/get_metadata.h
[1.243s] -- Up-to-date symlink: /home/uocav/ros-workspace/install/ouster_srvs/include/ouster_srvs/srv/set_config.h
[1.243s] -- Up-to-date symlink: /home/uocav/ros-workspace/install/ouster_srvs/share/ouster_srvs/environment/library_path.sh
[1.243s] -- Up-to-date symlink: /home/uocav/ros-workspace/install/ouster_srvs/share/ouster_srvs/environment/library_path.dsv
[1.243s] -- Up-to-date symlink: /home/uocav/ros-workspace/install/ouster_srvs/include/ouster_srvs/msg/rosidl_typesupport_fastrtps_c__visibility_control.h
[1.244s] -- Up-to-date symlink: /home/uocav/ros-workspace/install/ouster_srvs/include/ouster_srvs/srv/detail/get_config__rosidl_typesupport_fastrtps_c.h
[1.246s] -- Up-to-date symlink: /home/uocav/ros-workspace/install/ouster_srvs/include/ouster_srvs/srv/detail/get_metadata__rosidl_typesupport_fastrtps_c.h
[1.246s] -- Up-to-date symlink: /home/uocav/ros-workspace/install/ouster_srvs/include/ouster_srvs/srv/detail/set_config__rosidl_typesupport_fastrtps_c.h
[1.246s] -- Up-to-date symlink: /home/uocav/ros-workspace/install/ouster_srvs/lib/libouster_srvs__rosidl_typesupport_fastrtps_c.so
[1.246s] -- Up-to-date symlink: /home/uocav/ros-workspace/install/ouster_srvs/include/ouster_srvs/msg/rosidl_typesupport_fastrtps_cpp__visibility_control.h
[1.246s] -- Up-to-date symlink: /home/uocav/ros-workspace/install/ouster_srvs/include/ouster_srvs/srv/detail/get_config__rosidl_typesupport_fastrtps_cpp.hpp
[1.246s] -- Up-to-date symlink: /home/uocav/ros-workspace/install/ouster_srvs/include/ouster_srvs/srv/detail/get_metadata__rosidl_typesupport_fastrtps_cpp.hpp
[1.246s] -- Up-to-date symlink: /home/uocav/ros-workspace/install/ouster_srvs/include/ouster_srvs/srv/detail/set_config__rosidl_typesupport_fastrtps_cpp.hpp
[1.246s] -- Up-to-date symlink: /home/uocav/ros-workspace/install/ouster_srvs/lib/libouster_srvs__rosidl_typesupport_fastrtps_cpp.so
[1.246s] -- Up-to-date symlink: /home/uocav/ros-workspace/install/ouster_srvs/include/ouster_srvs/msg/rosidl_typesupport_introspection_c__visibility_control.h
[1.247s] -- Up-to-date symlink: /home/uocav/ros-workspace/install/ouster_srvs/include/ouster_srvs/srv/detail/get_config__rosidl_typesupport_introspection_c.h
[1.247s] -- Up-to-date symlink: /home/uocav/ros-workspace/install/ouster_srvs/include/ouster_srvs/srv/detail/get_metadata__rosidl_typesupport_introspection_c.h
[1.247s] -- Up-to-date symlink: /home/uocav/ros-workspace/install/ouster_srvs/include/ouster_srvs/srv/detail/set_config__rosidl_typesupport_introspection_c.h
[1.247s] -- Up-to-date symlink: /home/uocav/ros-workspace/install/ouster_srvs/include/ouster_srvs/msg/rosidl_generator_cpp__visibility_control.hpp
[1.247s] -- Up-to-date symlink: /home/uocav/ros-workspace/install/ouster_srvs/include/ouster_srvs/srv/detail/get_config__builder.hpp
[1.247s] -- Up-to-date symlink: /home/uocav/ros-workspace/install/ouster_srvs/include/ouster_srvs/srv/detail/get_config__struct.hpp
[1.247s] -- Up-to-date symlink: /home/uocav/ros-workspace/install/ouster_srvs/include/ouster_srvs/srv/detail/get_config__traits.hpp
[1.247s] -- Up-to-date symlink: /home/uocav/ros-workspace/install/ouster_srvs/include/ouster_srvs/srv/detail/get_config__type_support.hpp
[1.248s] -- Up-to-date symlink: /home/uocav/ros-workspace/install/ouster_srvs/include/ouster_srvs/srv/detail/get_metadata__builder.hpp
[1.248s] -- Up-to-date symlink: /home/uocav/ros-workspace/install/ouster_srvs/include/ouster_srvs/srv/detail/get_metadata__struct.hpp
[1.248s] -- Up-to-date symlink: /home/uocav/ros-workspace/install/ouster_srvs/include/ouster_srvs/srv/detail/get_metadata__traits.hpp
[1.248s] -- Up-to-date symlink: /home/uocav/ros-workspace/install/ouster_srvs/include/ouster_srvs/srv/detail/get_metadata__type_support.hpp
[1.248s] -- Up-to-date symlink: /home/uocav/ros-workspace/install/ouster_srvs/include/ouster_srvs/srv/detail/set_config__builder.hpp
[1.248s] -- Up-to-date symlink: /home/uocav/ros-workspace/install/ouster_srvs/include/ouster_srvs/srv/detail/set_config__struct.hpp
[1.248s] -- Up-to-date symlink: /home/uocav/ros-workspace/install/ouster_srvs/include/ouster_srvs/srv/detail/set_config__traits.hpp
[1.248s] -- Up-to-date symlink: /home/uocav/ros-workspace/install/ouster_srvs/include/ouster_srvs/srv/detail/set_config__type_support.hpp
[1.249s] -- Up-to-date symlink: /home/uocav/ros-workspace/install/ouster_srvs/include/ouster_srvs/srv/get_config.hpp
[1.249s] -- Up-to-date symlink: /home/uocav/ros-workspace/install/ouster_srvs/include/ouster_srvs/srv/get_metadata.hpp
[1.249s] -- Up-to-date symlink: /home/uocav/ros-workspace/install/ouster_srvs/include/ouster_srvs/srv/set_config.hpp
[1.249s] -- Up-to-date symlink: /home/uocav/ros-workspace/install/ouster_srvs/include/ouster_srvs/srv/detail/get_config__rosidl_typesupport_introspection_cpp.hpp
[1.249s] -- Up-to-date symlink: /home/uocav/ros-workspace/install/ouster_srvs/include/ouster_srvs/srv/detail/get_metadata__rosidl_typesupport_introspection_cpp.hpp
[1.249s] -- Up-to-date symlink: /home/uocav/ros-workspace/install/ouster_srvs/include/ouster_srvs/srv/detail/set_config__rosidl_typesupport_introspection_cpp.hpp
[1.250s] -- Up-to-date symlink: /home/uocav/ros-workspace/install/ouster_srvs/share/ouster_srvs/environment/pythonpath.sh
[1.250s] -- Up-to-date symlink: /home/uocav/ros-workspace/install/ouster_srvs/share/ouster_srvs/environment/pythonpath.dsv
[1.250s] -- Up-to-date symlink: /home/uocav/ros-workspace/install/ouster_srvs/lib/python3.8/site-packages/ouster_srvs/__init__.py
[1.250s] -- Up-to-date symlink: /home/uocav/ros-workspace/install/ouster_srvs/lib/python3.8/site-packages/ouster_srvs/srv/__init__.py
[1.250s] -- Up-to-date symlink: /home/uocav/ros-workspace/install/ouster_srvs/lib/python3.8/site-packages/ouster_srvs/srv/_get_config.py
[1.250s] -- Up-to-date symlink: /home/uocav/ros-workspace/install/ouster_srvs/lib/python3.8/site-packages/ouster_srvs/srv/_get_metadata.py
[1.250s] -- Up-to-date symlink: /home/uocav/ros-workspace/install/ouster_srvs/lib/python3.8/site-packages/ouster_srvs/srv/_set_config.py
[1.251s] -- Up-to-date symlink: /home/uocav/ros-workspace/install/ouster_srvs/lib/python3.8/site-packages/ouster_srvs/ouster_srvs_s__rosidl_typesupport_fastrtps_c.cpython-38-x86_64-linux-gnu.so
[1.251s] -- Up-to-date symlink: /home/uocav/ros-workspace/install/ouster_srvs/lib/python3.8/site-packages/ouster_srvs/ouster_srvs_s__rosidl_typesupport_introspection_c.cpython-38-x86_64-linux-gnu.so
[1.251s] -- Up-to-date symlink: /home/uocav/ros-workspace/install/ouster_srvs/lib/python3.8/site-packages/ouster_srvs/ouster_srvs_s__rosidl_typesupport_c.cpython-38-x86_64-linux-gnu.so
[1.254s] -- Up-to-date symlink: /home/uocav/ros-workspace/install/ouster_srvs/lib/libouster_srvs__python.so
[1.254s] -- Up-to-date symlink: /home/uocav/ros-workspace/install/ouster_srvs/share/ouster_srvs/srv/GetConfig.idl
[1.255s] -- Up-to-date symlink: /home/uocav/ros-workspace/install/ouster_srvs/share/ouster_srvs/srv/SetConfig.idl
[1.255s] -- Up-to-date symlink: /home/uocav/ros-workspace/install/ouster_srvs/share/ouster_srvs/srv/GetMetadata.idl
[1.255s] -- Up-to-date symlink: /home/uocav/ros-workspace/install/ouster_srvs/share/ouster_srvs/srv/GetConfig.srv
[1.255s] -- Up-to-date symlink: /home/uocav/ros-workspace/install/ouster_srvs/share/ouster_srvs/srv/GetConfig_Request.msg
[1.255s] -- Up-to-date symlink: /home/uocav/ros-workspace/install/ouster_srvs/share/ouster_srvs/srv/GetConfig_Response.msg
[1.255s] -- Up-to-date symlink: /home/uocav/ros-workspace/install/ouster_srvs/share/ouster_srvs/srv/SetConfig.srv
[1.255s] -- Up-to-date symlink: /home/uocav/ros-workspace/install/ouster_srvs/share/ouster_srvs/srv/SetConfig_Request.msg
[1.255s] -- Up-to-date symlink: /home/uocav/ros-workspace/install/ouster_srvs/share/ouster_srvs/srv/SetConfig_Response.msg
[1.255s] -- Up-to-date symlink: /home/uocav/ros-workspace/install/ouster_srvs/share/ouster_srvs/srv/GetMetadata.srv
[1.255s] -- Up-to-date symlink: /home/uocav/ros-workspace/install/ouster_srvs/share/ouster_srvs/srv/GetMetadata_Request.msg
[1.255s] -- Up-to-date symlink: /home/uocav/ros-workspace/install/ouster_srvs/share/ouster_srvs/srv/GetMetadata_Response.msg
[1.255s] -- Up-to-date symlink: /home/uocav/ros-workspace/install/ouster_srvs/share/ament_index/resource_index/package_run_dependencies/ouster_srvs
[1.255s] -- Up-to-date symlink: /home/uocav/ros-workspace/install/ouster_srvs/share/ament_index/resource_index/parent_prefix_path/ouster_srvs
[1.256s] -- Up-to-date symlink: /home/uocav/ros-workspace/install/ouster_srvs/share/ouster_srvs/environment/ament_prefix_path.sh
[1.256s] -- Up-to-date symlink: /home/uocav/ros-workspace/install/ouster_srvs/share/ouster_srvs/environment/ament_prefix_path.dsv
[1.256s] -- Up-to-date symlink: /home/uocav/ros-workspace/install/ouster_srvs/share/ouster_srvs/environment/path.sh
[1.256s] -- Up-to-date symlink: /home/uocav/ros-workspace/install/ouster_srvs/share/ouster_srvs/environment/path.dsv
[1.256s] -- Up-to-date symlink: /home/uocav/ros-workspace/install/ouster_srvs/share/ouster_srvs/local_setup.bash
[1.256s] -- Up-to-date symlink: /home/uocav/ros-workspace/install/ouster_srvs/share/ouster_srvs/local_setup.sh
[1.256s] -- Up-to-date symlink: /home/uocav/ros-workspace/install/ouster_srvs/share/ouster_srvs/local_setup.zsh
[1.259s] -- Up-to-date symlink: /home/uocav/ros-workspace/install/ouster_srvs/share/ouster_srvs/local_setup.dsv
[1.259s] -- Symlinking: /home/uocav/ros-workspace/install/ouster_srvs/share/ouster_srvs/package.dsv
[1.276s] -- Up-to-date symlink: /home/uocav/ros-workspace/install/ouster_srvs/share/ament_index/resource_index/packages/ouster_srvs
[1.277s] -- Up-to-date symlink: /home/uocav/ros-workspace/install/ouster_srvs/share/ouster_srvs/cmake/rosidl_cmake-extras.cmake
[1.277s] -- Up-to-date symlink: /home/uocav/ros-workspace/install/ouster_srvs/share/ouster_srvs/cmake/ament_cmake_export_dependencies-extras.cmake
[1.277s] -- Up-to-date symlink: /home/uocav/ros-workspace/install/ouster_srvs/share/ouster_srvs/cmake/ament_cmake_export_libraries-extras.cmake
[1.277s] -- Up-to-date symlink: /home/uocav/ros-workspace/install/ouster_srvs/share/ouster_srvs/cmake/ament_cmake_export_targets-extras.cmake
[1.277s] -- Up-to-date symlink: /home/uocav/ros-workspace/install/ouster_srvs/share/ouster_srvs/cmake/ament_cmake_export_include_directories-extras.cmake
[1.277s] -- Up-to-date symlink: /home/uocav/ros-workspace/install/ouster_srvs/share/ouster_srvs/cmake/rosidl_cmake_export_typesupport_libraries-extras.cmake
[1.277s] -- Up-to-date symlink: /home/uocav/ros-workspace/install/ouster_srvs/share/ouster_srvs/cmake/rosidl_cmake_export_typesupport_targets-extras.cmake
[1.277s] -- Up-to-date symlink: /home/uocav/ros-workspace/install/ouster_srvs/share/ouster_srvs/cmake/ouster_srvsConfig.cmake
[1.277s] -- Up-to-date symlink: /home/uocav/ros-workspace/install/ouster_srvs/share/ouster_srvs/cmake/ouster_srvsConfig-version.cmake
[1.278s] -- Up-to-date symlink: /home/uocav/ros-workspace/install/ouster_srvs/share/ouster_srvs/package.xml
[1.278s] -- Up-to-date: /home/uocav/ros-workspace/install/ouster_srvs/lib/libouster_srvs__rosidl_generator_c.so
[1.278s] -- Up-to-date: /home/uocav/ros-workspace/install/ouster_srvs/lib/libouster_srvs__rosidl_typesupport_introspection_c.so
[1.278s] -- Up-to-date: /home/uocav/ros-workspace/install/ouster_srvs/lib/libouster_srvs__rosidl_typesupport_c.so
[1.278s] -- Up-to-date: /home/uocav/ros-workspace/install/ouster_srvs/lib/libouster_srvs__rosidl_typesupport_introspection_cpp.so
[1.278s] -- Up-to-date: /home/uocav/ros-workspace/install/ouster_srvs/lib/libouster_srvs__rosidl_typesupport_cpp.so
[1.304s] Compiling '/home/uocav/ros-workspace/install/ouster_srvs/lib/python3.8/site-packages/ouster_srvs/__init__.py'...
[1.308s] -- Up-to-date: /home/uocav/ros-workspace/install/ouster_srvs/share/ouster_srvs/cmake/ouster_srvs__rosidl_generator_cExport.cmake
[1.308s] -- Installing: /home/uocav/ros-workspace/install/ouster_srvs/share/ouster_srvs/cmake/ouster_srvs__rosidl_generator_cExport-release.cmake
[1.308s] -- Up-to-date: /home/uocav/ros-workspace/install/ouster_srvs/share/ouster_srvs/cmake/ouster_srvs__rosidl_typesupport_introspection_cExport.cmake
[1.308s] -- Installing: /home/uocav/ros-workspace/install/ouster_srvs/share/ouster_srvs/cmake/ouster_srvs__rosidl_typesupport_introspection_cExport-release.cmake
[1.308s] -- Up-to-date: /home/uocav/ros-workspace/install/ouster_srvs/share/ouster_srvs/cmake/ouster_srvs__rosidl_typesupport_cExport.cmake
[1.309s] -- Installing: /home/uocav/ros-workspace/install/ouster_srvs/share/ouster_srvs/cmake/ouster_srvs__rosidl_typesupport_cExport-release.cmake
[1.309s] -- Up-to-date: /home/uocav/ros-workspace/install/ouster_srvs/share/ouster_srvs/cmake/ouster_srvs__rosidl_generator_cppExport.cmake
[1.309s] -- Up-to-date: /home/uocav/ros-workspace/install/ouster_srvs/share/ouster_srvs/cmake/ouster_srvs__rosidl_typesupport_introspection_cppExport.cmake
[1.309s] -- Installing: /home/uocav/ros-workspace/install/ouster_srvs/share/ouster_srvs/cmake/ouster_srvs__rosidl_typesupport_introspection_cppExport-release.cmake
[1.309s] -- Up-to-date: /home/uocav/ros-workspace/install/ouster_srvs/share/ouster_srvs/cmake/ouster_srvs__rosidl_typesupport_cppExport.cmake
[1.309s] -- Installing: /home/uocav/ros-workspace/install/ouster_srvs/share/ouster_srvs/cmake/ouster_srvs__rosidl_typesupport_cppExport-release.cmake
[1.521s] Invoked command in '/home/uocav/ros-workspace/build/ouster_srvs' returned '0': CMAKE_PREFIX_PATH=${CMAKE_PREFIX_PATH}:/home/uocav/ros-workspace/install/urdf_tutorial_r2d2:/opt/ros/foxy /usr/bin/cmake --install /home/uocav/ros-workspace/build/ouster_srvs
