[0.072s] Invoking command in '/home/uocav/ros-workspace/build/ouster_ros': CMAKE_PREFIX_PATH=/home/uocav/ros-workspace/install/ouster_msgs:/home/uocav/ros-workspace/install/ros2_esp32:/home/uocav/ros-workspace/install/pointcloud_to_laserscan:/home/uocav/ros-workspace/install/ouster_ros:/home/uocav/ros-workspace/install/ouster_srvs:/home/uocav/ros-workspace/install/navigation:/home/uocav/ros-workspace/install/mini_bot_description:/home/uocav/ros-workspace/install/micro_ros_setup:/opt/ros/humble:/home/uocav/ros-workspace/install/urdf_tutorial_r2d2:/opt/ros/foxy LD_LIBRARY_PATH=/home/uocav/ros-workspace/install/ouster_msgs/lib:/opt/ros/humble/opt/rviz_ogre_vendor/lib:/opt/ros/humble/lib/x86_64-linux-gnu:/opt/ros/humble/lib:/home/uocav/ros-workspace/install/pointcloud_to_laserscan/lib:/home/uocav/ros-workspace/install/ouster_ros/lib:/home/uocav/ros-workspace/install/ouster_srvs/lib:/opt/ros/foxy/opt/yaml_cpp_vendor/lib:/opt/ros/foxy/opt/rviz_ogre_vendor/lib:/opt/ros/foxy/lib/x86_64-linux-gnu:/opt/ros/foxy/lib PYTHONPATH=/home/uocav/ros-workspace/install/ouster_msgs/local/lib/python3.10/dist-packages:${PYTHONPATH} /usr/bin/cmake --build /home/uocav/ros-workspace/build/ouster_ros -- -j6 -l6
[0.127s] [34m[1mGenerating build info header[0m
[0.131s] [  8%] Built target os_replay
[0.131s] [  8%] Built target os_image
[0.135s] [ 15%] Built target os_driver
[0.135s] [ 17%] Built target os_sensor
[0.143s] [ 21%] Built target os_cloud
[0.150s] [ 26%] Built target gtest_main
[0.151s] [ 30%] Built target gtest
[0.154s] [ 30%] Built target ouster_generate_header
[0.169s] [ 34%] Built target ouster_ros_test
[0.178s] [ 60%] Built target ouster_client
[0.208s] [ 65%] Built target ouster_ros_library
[0.233s] [ 71%] Built target os_replay_component
[0.235s] [ 78%] Built target os_sensor_component
[0.239s] [ 84%] Built target os_image_component
[0.240s] [100%] Built target os_cloud_component
[0.240s] [100%] Built target os_driver_component
[0.250s] Invoked command in '/home/uocav/ros-workspace/build/ouster_ros' returned '0': CMAKE_PREFIX_PATH=/home/uocav/ros-workspace/install/ouster_msgs:/home/uocav/ros-workspace/install/ros2_esp32:/home/uocav/ros-workspace/install/pointcloud_to_laserscan:/home/uocav/ros-workspace/install/ouster_ros:/home/uocav/ros-workspace/install/ouster_srvs:/home/uocav/ros-workspace/install/navigation:/home/uocav/ros-workspace/install/mini_bot_description:/home/uocav/ros-workspace/install/micro_ros_setup:/opt/ros/humble:/home/uocav/ros-workspace/install/urdf_tutorial_r2d2:/opt/ros/foxy LD_LIBRARY_PATH=/home/uocav/ros-workspace/install/ouster_msgs/lib:/opt/ros/humble/opt/rviz_ogre_vendor/lib:/opt/ros/humble/lib/x86_64-linux-gnu:/opt/ros/humble/lib:/home/uocav/ros-workspace/install/pointcloud_to_laserscan/lib:/home/uocav/ros-workspace/install/ouster_ros/lib:/home/uocav/ros-workspace/install/ouster_srvs/lib:/opt/ros/foxy/opt/yaml_cpp_vendor/lib:/opt/ros/foxy/opt/rviz_ogre_vendor/lib:/opt/ros/foxy/lib/x86_64-linux-gnu:/opt/ros/foxy/lib PYTHONPATH=/home/uocav/ros-workspace/install/ouster_msgs/local/lib/python3.10/dist-packages:${PYTHONPATH} /usr/bin/cmake --build /home/uocav/ros-workspace/build/ouster_ros -- -j6 -l6
[0.295s] Invoking command in '/home/uocav/ros-workspace/build/ouster_ros': CMAKE_PREFIX_PATH=/home/uocav/ros-workspace/install/ouster_msgs:/home/uocav/ros-workspace/install/ros2_esp32:/home/uocav/ros-workspace/install/pointcloud_to_laserscan:/home/uocav/ros-workspace/install/ouster_ros:/home/uocav/ros-workspace/install/ouster_srvs:/home/uocav/ros-workspace/install/navigation:/home/uocav/ros-workspace/install/mini_bot_description:/home/uocav/ros-workspace/install/micro_ros_setup:/opt/ros/humble:/home/uocav/ros-workspace/install/urdf_tutorial_r2d2:/opt/ros/foxy LD_LIBRARY_PATH=/home/uocav/ros-workspace/install/ouster_msgs/lib:/opt/ros/humble/opt/rviz_ogre_vendor/lib:/opt/ros/humble/lib/x86_64-linux-gnu:/opt/ros/humble/lib:/home/uocav/ros-workspace/install/pointcloud_to_laserscan/lib:/home/uocav/ros-workspace/install/ouster_ros/lib:/home/uocav/ros-workspace/install/ouster_srvs/lib:/opt/ros/foxy/opt/yaml_cpp_vendor/lib:/opt/ros/foxy/opt/rviz_ogre_vendor/lib:/opt/ros/foxy/lib/x86_64-linux-gnu:/opt/ros/foxy/lib PYTHONPATH=/home/uocav/ros-workspace/install/ouster_msgs/local/lib/python3.10/dist-packages:${PYTHONPATH} /usr/bin/cmake --install /home/uocav/ros-workspace/build/ouster_ros
[0.300s] -- Install configuration: "Release"
[0.300s] -- Execute custom install script
[0.301s] -- Up-to-date symlink: /home/uocav/ros-workspace/install/ouster_ros/include/ouster/impl/build.h
[0.301s] -- Up-to-date symlink: /home/uocav/ros-workspace/install/ouster_ros/include/ouster/buffered_udp_source.h
[0.301s] -- Up-to-date symlink: /home/uocav/ros-workspace/install/ouster_ros/include/ouster/client.h
[0.301s] -- Up-to-date symlink: /home/uocav/ros-workspace/install/ouster_ros/include/ouster/image_processing.h
[0.301s] -- Up-to-date symlink: /home/uocav/ros-workspace/install/ouster_ros/include/ouster/impl/cartesian.h
[0.302s] -- Up-to-date symlink: /home/uocav/ros-workspace/install/ouster_ros/include/ouster/impl/lidar_scan_impl.h
[0.302s] -- Up-to-date symlink: /home/uocav/ros-workspace/install/ouster_ros/include/ouster/lidar_scan.h
[0.302s] -- Up-to-date symlink: /home/uocav/ros-workspace/install/ouster_ros/include/ouster/sensor_http.h
[0.302s] -- Up-to-date symlink: /home/uocav/ros-workspace/install/ouster_ros/include/ouster/types.h
[0.302s] -- Up-to-date symlink: /home/uocav/ros-workspace/install/ouster_ros/include/ouster/version.h
[0.302s] -- Up-to-date symlink: /home/uocav/ros-workspace/install/ouster_ros/include/optional-lite/nonstd/optional.hpp
[0.302s] -- Up-to-date symlink: /home/uocav/ros-workspace/install/ouster_ros/lib/cmake/OusterSDK/OusterSDKConfig.cmake
[0.302s] -- Up-to-date symlink: /home/uocav/ros-workspace/install/ouster_ros/lib/cmake/OusterSDK/OusterSDKConfigVersion.cmake
[0.302s] -- Up-to-date symlink: /home/uocav/ros-workspace/install/ouster_ros/share/LICENSE
[0.302s] -- Up-to-date symlink: /home/uocav/ros-workspace/install/ouster_ros/share/LICENSE-bin
[0.302s] -- Up-to-date symlink: /home/uocav/ros-workspace/install/ouster_ros/lib/ouster_ros/os_sensor
[0.302s] -- Up-to-date symlink: /home/uocav/ros-workspace/install/ouster_ros/lib/ouster_ros/os_replay
[0.303s] -- Up-to-date symlink: /home/uocav/ros-workspace/install/ouster_ros/lib/ouster_ros/os_cloud
[0.303s] -- Up-to-date symlink: /home/uocav/ros-workspace/install/ouster_ros/lib/ouster_ros/os_image
[0.303s] -- Up-to-date symlink: /home/uocav/ros-workspace/install/ouster_ros/lib/ouster_ros/os_driver
[0.303s] -- Up-to-date symlink: /home/uocav/ros-workspace/install/ouster_ros/lib/libouster_ros_library.so
[0.303s] -- Up-to-date symlink: /home/uocav/ros-workspace/install/ouster_ros/lib/libos_sensor_component.so
[0.303s] -- Up-to-date symlink: /home/uocav/ros-workspace/install/ouster_ros/lib/libos_replay_component.so
[0.303s] -- Up-to-date symlink: /home/uocav/ros-workspace/install/ouster_ros/lib/libos_cloud_component.so
[0.303s] -- Up-to-date symlink: /home/uocav/ros-workspace/install/ouster_ros/lib/libos_image_component.so
[0.304s] -- Up-to-date symlink: /home/uocav/ros-workspace/install/ouster_ros/lib/libos_driver_component.so
[0.304s] -- Up-to-date symlink: /home/uocav/ros-workspace/install/ouster_ros/include/ouster_ros/include/ouster_ros/os_point.h
[0.304s] -- Up-to-date symlink: /home/uocav/ros-workspace/install/ouster_ros/include/ouster_ros/include/ouster_ros/os_processing_node_base.h
[0.304s] -- Up-to-date symlink: /home/uocav/ros-workspace/install/ouster_ros/include/ouster_ros/include/ouster_ros/os_ros.h
[0.304s] -- Up-to-date symlink: /home/uocav/ros-workspace/install/ouster_ros/include/ouster_ros/include/ouster_ros/os_sensor_node_base.h
[0.304s] -- Up-to-date symlink: /home/uocav/ros-workspace/install/ouster_ros/include/ouster_ros/include/ouster_ros/visibility_control.h
[0.304s] -- Up-to-date symlink: /home/uocav/ros-workspace/install/ouster_ros/include/ouster_ros/include/optional-lite/nonstd/optional.hpp
[0.304s] -- Up-to-date symlink: /home/uocav/ros-workspace/install/ouster_ros/include/ouster_ros/include/ouster/buffered_udp_source.h
[0.304s] -- Up-to-date symlink: /home/uocav/ros-workspace/install/ouster_ros/include/ouster_ros/include/ouster/client.h
[0.304s] -- Up-to-date symlink: /home/uocav/ros-workspace/install/ouster_ros/include/ouster_ros/include/ouster/image_processing.h
[0.305s] -- Up-to-date symlink: /home/uocav/ros-workspace/install/ouster_ros/include/ouster_ros/include/ouster/impl/cartesian.h
[0.305s] -- Up-to-date symlink: /home/uocav/ros-workspace/install/ouster_ros/include/ouster_ros/include/ouster/impl/lidar_scan_impl.h
[0.305s] -- Up-to-date symlink: /home/uocav/ros-workspace/install/ouster_ros/include/ouster_ros/include/ouster/lidar_scan.h
[0.305s] -- Up-to-date symlink: /home/uocav/ros-workspace/install/ouster_ros/include/ouster_ros/include/ouster/sensor_http.h
[0.305s] -- Up-to-date symlink: /home/uocav/ros-workspace/install/ouster_ros/include/ouster_ros/include/ouster/types.h
[0.305s] -- Up-to-date symlink: /home/uocav/ros-workspace/install/ouster_ros/include/ouster_ros/include/ouster/version.h
[0.305s] -- Up-to-date symlink: /home/uocav/ros-workspace/install/ouster_ros/include/ouster_ros/optional-lite/nonstd/optional.hpp
[0.305s] -- Up-to-date symlink: /home/uocav/ros-workspace/install/ouster_ros/share/ouster_ros/LICENSE
[0.305s] -- Up-to-date symlink: /home/uocav/ros-workspace/install/ouster_ros/share/ouster_ros/launch/driver.launch.py
[0.306s] -- Up-to-date symlink: /home/uocav/ros-workspace/install/ouster_ros/share/ouster_ros/launch/driver_launch.py
[0.306s] -- Up-to-date symlink: /home/uocav/ros-workspace/install/ouster_ros/share/ouster_ros/launch/record.composite.launch.xml
[0.306s] -- Up-to-date symlink: /home/uocav/ros-workspace/install/ouster_ros/share/ouster_ros/launch/record.launch.xml
[0.306s] -- Up-to-date symlink: /home/uocav/ros-workspace/install/ouster_ros/share/ouster_ros/launch/replay.composite.launch.xml
[0.306s] -- Up-to-date symlink: /home/uocav/ros-workspace/install/ouster_ros/share/ouster_ros/launch/replay.launch.xml
[0.306s] -- Up-to-date symlink: /home/uocav/ros-workspace/install/ouster_ros/share/ouster_ros/launch/rviz.launch.py
[0.306s] -- Up-to-date symlink: /home/uocav/ros-workspace/install/ouster_ros/share/ouster_ros/launch/rviz.launch.xml
[0.306s] -- Up-to-date symlink: /home/uocav/ros-workspace/install/ouster_ros/share/ouster_ros/launch/sensor.composite.launch.py
[0.306s] -- Up-to-date symlink: /home/uocav/ros-workspace/install/ouster_ros/share/ouster_ros/launch/sensor.composite.launch.xml
[0.306s] -- Up-to-date symlink: /home/uocav/ros-workspace/install/ouster_ros/share/ouster_ros/launch/sensor.independent.launch.py
[0.306s] -- Up-to-date symlink: /home/uocav/ros-workspace/install/ouster_ros/share/ouster_ros/launch/sensor.independent.launch.xml
[0.306s] -- Up-to-date symlink: /home/uocav/ros-workspace/install/ouster_ros/share/ouster_ros/launch/sensor.launch.xml
[0.306s] -- Up-to-date symlink: /home/uocav/ros-workspace/install/ouster_ros/share/ouster_ros/launch/sensor_mtp.launch.xml
[0.307s] -- Up-to-date symlink: /home/uocav/ros-workspace/install/ouster_ros/share/ouster_ros/config/community_driver.rviz
[0.307s] -- Up-to-date symlink: /home/uocav/ros-workspace/install/ouster_ros/share/ouster_ros/config/community_driver_config.yaml
[0.307s] -- Up-to-date symlink: /home/uocav/ros-workspace/install/ouster_ros/share/ouster_ros/config/driver_params.yaml
[0.307s] -- Up-to-date symlink: /home/uocav/ros-workspace/install/ouster_ros/share/ouster_ros/config/metadata-qos-override.yaml
[0.307s] -- Up-to-date symlink: /home/uocav/ros-workspace/install/ouster_ros/share/ouster_ros/config/os_sensor_cloud_image_params.yaml
[0.307s] -- Up-to-date symlink: /home/uocav/ros-workspace/install/ouster_ros/share/ouster_ros/config/viz-reliable.rviz
[0.307s] -- Up-to-date symlink: /home/uocav/ros-workspace/install/ouster_ros/share/ouster_ros/config/viz.rviz
[0.307s] -- Up-to-date symlink: /home/uocav/ros-workspace/install/ouster_ros/share/ouster_ros/environment/library_path.sh
[0.307s] -- Up-to-date symlink: /home/uocav/ros-workspace/install/ouster_ros/share/ouster_ros/environment/library_path.dsv
[0.307s] -- Up-to-date symlink: /home/uocav/ros-workspace/install/ouster_ros/share/ament_index/resource_index/package_run_dependencies/ouster_ros
[0.307s] -- Up-to-date symlink: /home/uocav/ros-workspace/install/ouster_ros/share/ament_index/resource_index/parent_prefix_path/ouster_ros
[0.307s] -- Up-to-date symlink: /home/uocav/ros-workspace/install/ouster_ros/share/ouster_ros/environment/ament_prefix_path.sh
[0.308s] -- Up-to-date symlink: /home/uocav/ros-workspace/install/ouster_ros/share/ouster_ros/environment/ament_prefix_path.dsv
[0.308s] -- Up-to-date symlink: /home/uocav/ros-workspace/install/ouster_ros/share/ouster_ros/environment/path.sh
[0.308s] -- Up-to-date symlink: /home/uocav/ros-workspace/install/ouster_ros/share/ouster_ros/environment/path.dsv
[0.308s] -- Up-to-date symlink: /home/uocav/ros-workspace/install/ouster_ros/share/ouster_ros/local_setup.bash
[0.308s] -- Up-to-date symlink: /home/uocav/ros-workspace/install/ouster_ros/share/ouster_ros/local_setup.sh
[0.308s] -- Up-to-date symlink: /home/uocav/ros-workspace/install/ouster_ros/share/ouster_ros/local_setup.zsh
[0.308s] -- Up-to-date symlink: /home/uocav/ros-workspace/install/ouster_ros/share/ouster_ros/local_setup.dsv
[0.308s] -- Symlinking: /home/uocav/ros-workspace/install/ouster_ros/share/ouster_ros/package.dsv
[0.316s] -- Up-to-date symlink: /home/uocav/ros-workspace/install/ouster_ros/share/ament_index/resource_index/packages/ouster_ros
[0.316s] -- Up-to-date symlink: /home/uocav/ros-workspace/install/ouster_ros/share/ament_index/resource_index/rclcpp_components/ouster_ros
[0.316s] -- Up-to-date symlink: /home/uocav/ros-workspace/install/ouster_ros/share/ouster_ros/cmake/ament_cmake_export_include_directories-extras.cmake
[0.316s] -- Up-to-date symlink: /home/uocav/ros-workspace/install/ouster_ros/share/ouster_ros/cmake/ament_cmake_export_dependencies-extras.cmake
[0.317s] -- Up-to-date symlink: /home/uocav/ros-workspace/install/ouster_ros/share/ouster_ros/cmake/ament_cmake_export_libraries-extras.cmake
[0.317s] -- Up-to-date symlink: /home/uocav/ros-workspace/install/ouster_ros/share/ouster_ros/cmake/ouster_rosConfig.cmake
[0.317s] -- Up-to-date symlink: /home/uocav/ros-workspace/install/ouster_ros/share/ouster_ros/cmake/ouster_rosConfig-version.cmake
[0.317s] -- Up-to-date symlink: /home/uocav/ros-workspace/install/ouster_ros/share/ouster_ros/package.xml
[0.319s] Invoked command in '/home/uocav/ros-workspace/build/ouster_ros' returned '0': CMAKE_PREFIX_PATH=/home/uocav/ros-workspace/install/ouster_msgs:/home/uocav/ros-workspace/install/ros2_esp32:/home/uocav/ros-workspace/install/pointcloud_to_laserscan:/home/uocav/ros-workspace/install/ouster_ros:/home/uocav/ros-workspace/install/ouster_srvs:/home/uocav/ros-workspace/install/navigation:/home/uocav/ros-workspace/install/mini_bot_description:/home/uocav/ros-workspace/install/micro_ros_setup:/opt/ros/humble:/home/uocav/ros-workspace/install/urdf_tutorial_r2d2:/opt/ros/foxy LD_LIBRARY_PATH=/home/uocav/ros-workspace/install/ouster_msgs/lib:/opt/ros/humble/opt/rviz_ogre_vendor/lib:/opt/ros/humble/lib/x86_64-linux-gnu:/opt/ros/humble/lib:/home/uocav/ros-workspace/install/pointcloud_to_laserscan/lib:/home/uocav/ros-workspace/install/ouster_ros/lib:/home/uocav/ros-workspace/install/ouster_srvs/lib:/opt/ros/foxy/opt/yaml_cpp_vendor/lib:/opt/ros/foxy/opt/rviz_ogre_vendor/lib:/opt/ros/foxy/lib/x86_64-linux-gnu:/opt/ros/foxy/lib PYTHONPATH=/home/uocav/ros-workspace/install/ouster_msgs/local/lib/python3.10/dist-packages:${PYTHONPATH} /usr/bin/cmake --install /home/uocav/ros-workspace/build/ouster_ros
