[0.059s] Invoking command in '/home/uocav/ros-workspace/build/ouster_msgs': CMAKE_PREFIX_PATH=${CMAKE_PREFIX_PATH}:/home/uocav/ros-workspace/install/urdf_tutorial_r2d2:/opt/ros/foxy /usr/bin/cmake /home/uocav/ros-workspace/src/ouster-ros/ouster-msgs -DCMAKE_BUILD_TYPE=RelWithDebInfo -DCMAKE_INSTALL_PREFIX=/home/uocav/ros-workspace/install/ouster_msgs
[0.093s] -- Found ament_cmake: 0.9.12 (/opt/ros/foxy/share/ament_cmake/cmake)
[0.103s] -- Found PythonInterp: /usr/bin/python3 (found suitable version "3.8.10", minimum required is "3") 
[0.104s] -- Using PYTHON_EXECUTABLE: /usr/bin/python3
[0.266s] -- Override CMake install command with custom implementation using symlinks instead of copying resources
[0.273s] -- Found rosidl_default_generators: 1.0.1 (/opt/ros/foxy/share/rosidl_default_generators/cmake)
[0.276s] -- Using all available rosidl_typesupport_c: rosidl_typesupport_fastrtps_c;rosidl_typesupport_introspection_c
[0.279s] -- Found rosidl_adapter: 1.3.1 (/opt/ros/foxy/share/rosidl_adapter/cmake)
[0.415s] -- Using all available rosidl_typesupport_cpp: rosidl_typesupport_fastrtps_cpp;rosidl_typesupport_introspection_cpp
[0.465s] -- Found PythonInterp: /usr/bin/python3 (found version "3.8.10") 
[0.595s] -- Found ament_cmake_ros: 0.9.2 (/opt/ros/foxy/share/ament_cmake_ros/cmake)
[0.702s] -- Using all available rosidl_typesupport_c: rosidl_typesupport_fastrtps_c;rosidl_typesupport_introspection_c
[0.713s] -- Using all available rosidl_typesupport_cpp: rosidl_typesupport_fastrtps_cpp;rosidl_typesupport_introspection_cpp
[0.742s] -- Found PythonInterp: /usr/bin/python3 (found suitable version "3.8.10", minimum required is "3.5") 
[0.742s] -- Found python_cmake_module: 0.8.1 (/opt/ros/foxy/share/python_cmake_module/cmake)
[0.769s] -- Using PYTHON_EXECUTABLE: /usr/bin/python3
[0.769s] -- Using PYTHON_INCLUDE_DIRS: /usr/include/python3.8
[0.770s] -- Using PYTHON_LIBRARIES: /usr/lib/x86_64-linux-gnu/libpython3.8.so
[0.798s] -- Configuring done
[0.829s] -- Generating done
[0.832s] -- Build files have been written to: /home/uocav/ros-workspace/build/ouster_msgs
[0.845s] Invoked command in '/home/uocav/ros-workspace/build/ouster_msgs' returned '0': CMAKE_PREFIX_PATH=${CMAKE_PREFIX_PATH}:/home/uocav/ros-workspace/install/urdf_tutorial_r2d2:/opt/ros/foxy /usr/bin/cmake /home/uocav/ros-workspace/src/ouster-ros/ouster-msgs -DCMAKE_BUILD_TYPE=RelWithDebInfo -DCMAKE_INSTALL_PREFIX=/home/uocav/ros-workspace/install/ouster_msgs
[0.845s] Invoking command in '/home/uocav/ros-workspace/build/ouster_msgs': CMAKE_PREFIX_PATH=${CMAKE_PREFIX_PATH}:/home/uocav/ros-workspace/install/urdf_tutorial_r2d2:/opt/ros/foxy /usr/bin/cmake --build /home/uocav/ros-workspace/build/ouster_msgs -- -j6 -l6
[0.918s] [  3%] Built target ouster_msgs__cpp
[0.923s] [  6%] [32mBuilding C object CMakeFiles/ouster_msgs__rosidl_generator_c.dir/rosidl_generator_c/ouster_msgs/msg/detail/packet_msg__functions.c.o[0m
[0.963s] [  9%] [32mBuilding CXX object CMakeFiles/ouster_msgs__rosidl_typesupport_introspection_cpp.dir/rosidl_typesupport_introspection_cpp/ouster_msgs/msg/detail/packet_msg__type_support.cpp.o[0m
[0.978s] [ 12%] [32mBuilding CXX object CMakeFiles/ouster_msgs__rosidl_typesupport_cpp.dir/rosidl_typesupport_cpp/ouster_msgs/msg/packet_msg__type_support.cpp.o[0m
[1.005s] [ 16%] [32mBuilding CXX object CMakeFiles/ouster_msgs__rosidl_typesupport_fastrtps_cpp.dir/rosidl_typesupport_fastrtps_cpp/ouster_msgs/msg/detail/dds_fastrtps/packet_msg__type_support.cpp.o[0m
[1.089s] [ 19%] [32m[1mLinking C shared library libouster_msgs__rosidl_generator_c.so[0m
[1.231s] [ 22%] Built target ouster_msgs__rosidl_generator_c
[1.350s] [ 25%] [32mBuilding C object CMakeFiles/ouster_msgs__rosidl_typesupport_introspection_c.dir/rosidl_typesupport_introspection_c/ouster_msgs/msg/detail/packet_msg__type_support.c.o[0m
[1.366s] [ 29%] [32mBuilding CXX object CMakeFiles/ouster_msgs__rosidl_typesupport_c.dir/rosidl_typesupport_c/ouster_msgs/msg/packet_msg__type_support.cpp.o[0m
[1.521s] [ 32%] [32m[1mLinking CXX shared library libouster_msgs__rosidl_typesupport_c.so[0m
[1.524s] [ 35%] [32m[1mLinking C shared library libouster_msgs__rosidl_typesupport_introspection_c.so[0m
[1.673s] [ 38%] Built target ouster_msgs__rosidl_typesupport_c
[1.675s] [ 41%] [32m[1mLinking CXX shared library libouster_msgs__rosidl_typesupport_cpp.so[0m
[1.680s] [ 45%] Built target ouster_msgs__rosidl_typesupport_introspection_c
[1.803s] [ 48%] Built target ouster_msgs__rosidl_typesupport_cpp
[1.909s] [ 51%] [32m[1mLinking CXX shared library libouster_msgs__rosidl_typesupport_introspection_cpp.so[0m
[1.975s] [ 54%] [32m[1mLinking CXX shared library libouster_msgs__rosidl_typesupport_fastrtps_cpp.so[0m
[2.109s] [ 58%] Built target ouster_msgs__rosidl_typesupport_introspection_cpp
[2.231s] [ 61%] Built target ouster_msgs__rosidl_typesupport_fastrtps_cpp
[2.317s] [ 64%] [32mBuilding CXX object CMakeFiles/ouster_msgs__rosidl_typesupport_fastrtps_c.dir/rosidl_typesupport_fastrtps_c/ouster_msgs/msg/detail/packet_msg__type_support_c.cpp.o[0m
[2.870s] [ 67%] [32m[1mLinking CXX shared library libouster_msgs__rosidl_typesupport_fastrtps_c.so[0m
[3.146s] [ 70%] Built target ouster_msgs__rosidl_typesupport_fastrtps_c
[3.255s] [ 70%] Built target ouster_msgs
[3.328s] [ 74%] Built target ouster_msgs__py
[3.353s] [ 77%] [32mBuilding C object CMakeFiles/ouster_msgs__python.dir/rosidl_generator_py/ouster_msgs/msg/_packet_msg_s.c.o[0m
[3.705s] [ 80%] [32m[1mLinking C shared library rosidl_generator_py/ouster_msgs/libouster_msgs__python.so[0m
[3.855s] [ 80%] Built target ouster_msgs__python
[3.954s] [ 83%] [32mBuilding C object CMakeFiles/ouster_msgs__rosidl_typesupport_introspection_c__pyext.dir/rosidl_generator_py/ouster_msgs/_ouster_msgs_s.ep.rosidl_typesupport_introspection_c.c.o[0m
[3.977s] [ 87%] [32mBuilding C object CMakeFiles/ouster_msgs__rosidl_typesupport_fastrtps_c__pyext.dir/rosidl_generator_py/ouster_msgs/_ouster_msgs_s.ep.rosidl_typesupport_fastrtps_c.c.o[0m
[3.985s] [ 90%] [32mBuilding C object CMakeFiles/ouster_msgs__rosidl_typesupport_c__pyext.dir/rosidl_generator_py/ouster_msgs/_ouster_msgs_s.ep.rosidl_typesupport_c.c.o[0m
[4.209s] [ 93%] [32m[1mLinking C shared library rosidl_generator_py/ouster_msgs/ouster_msgs_s__rosidl_typesupport_introspection_c.cpython-38-x86_64-linux-gnu.so[0m
[4.213s] [ 96%] [32m[1mLinking CXX shared library rosidl_generator_py/ouster_msgs/ouster_msgs_s__rosidl_typesupport_fastrtps_c.cpython-38-x86_64-linux-gnu.so[0m
[4.228s] [100%] [32m[1mLinking C shared library rosidl_generator_py/ouster_msgs/ouster_msgs_s__rosidl_typesupport_c.cpython-38-x86_64-linux-gnu.so[0m
[4.348s] [100%] Built target ouster_msgs__rosidl_typesupport_introspection_c__pyext
[4.377s] [100%] Built target ouster_msgs__rosidl_typesupport_c__pyext
[4.408s] [100%] Built target ouster_msgs__rosidl_typesupport_fastrtps_c__pyext
[4.436s] Invoked command in '/home/uocav/ros-workspace/build/ouster_msgs' returned '0': CMAKE_PREFIX_PATH=${CMAKE_PREFIX_PATH}:/home/uocav/ros-workspace/install/urdf_tutorial_r2d2:/opt/ros/foxy /usr/bin/cmake --build /home/uocav/ros-workspace/build/ouster_msgs -- -j6 -l6
