[0.195s] Invoking command in '/home/jetson/ros-workspace/build/ouster_msgs': CMAKE_PREFIX_PATH=${CMAKE_PREFIX_PATH}:/opt/ros/foxy /usr/bin/cmake /home/jetson/ros-workspace/src/ouster-ros/ouster-msgs -DCMAKE_INSTALL_PREFIX=/home/jetson/ros-workspace/install/ouster_msgs
[0.301s] -- Found ament_cmake: 0.9.11 (/opt/ros/foxy/share/ament_cmake/cmake)
[0.378s] -- Found PythonInterp: /usr/bin/python3 (found suitable version "3.8.10", minimum required is "3") 
[0.379s] -- Using PYTHON_EXECUTABLE: /usr/bin/python3
[1.215s] -- Override CMake install command with custom implementation using symlinks instead of copying resources
[1.257s] -- Found rosidl_default_generators: 1.0.1 (/opt/ros/foxy/share/rosidl_default_generators/cmake)
[1.266s] -- Using all available rosidl_typesupport_c: rosidl_typesupport_fastrtps_c;rosidl_typesupport_introspection_c
[1.281s] -- Found rosidl_adapter: 1.3.0 (/opt/ros/foxy/share/rosidl_adapter/cmake)
[1.872s] -- Using all available rosidl_typesupport_cpp: rosidl_typesupport_fastrtps_cpp;rosidl_typesupport_introspection_cpp
[2.093s] -- Found PythonInterp: /usr/bin/python3 (found version "3.8.10") 
[2.686s] -- Found ament_cmake_ros: 0.9.2 (/opt/ros/foxy/share/ament_cmake_ros/cmake)
[3.093s] -- Using all available rosidl_typesupport_c: rosidl_typesupport_fastrtps_c;rosidl_typesupport_introspection_c
[3.126s] -- Using all available rosidl_typesupport_cpp: rosidl_typesupport_fastrtps_cpp;rosidl_typesupport_introspection_cpp
[3.225s] -- Found PythonInterp: /usr/bin/python3 (found suitable version "3.8.10", minimum required is "3.5") 
[3.227s] -- Found python_cmake_module: 0.8.1 (/opt/ros/foxy/share/python_cmake_module/cmake)
[3.329s] -- Using PYTHON_EXECUTABLE: /usr/bin/python3
[3.330s] -- Using PYTHON_INCLUDE_DIRS: /usr/include/python3.8
[3.330s] -- Using PYTHON_LIBRARIES: /usr/lib/aarch64-linux-gnu/libpython3.8.so
[3.443s] -- Configuring done
[3.610s] -- Generating done
[3.625s] -- Build files have been written to: /home/jetson/ros-workspace/build/ouster_msgs
[3.663s] Invoked command in '/home/jetson/ros-workspace/build/ouster_msgs' returned '0': CMAKE_PREFIX_PATH=${CMAKE_PREFIX_PATH}:/opt/ros/foxy /usr/bin/cmake /home/jetson/ros-workspace/src/ouster-ros/ouster-msgs -DCMAKE_INSTALL_PREFIX=/home/jetson/ros-workspace/install/ouster_msgs
[3.671s] Invoking command in '/home/jetson/ros-workspace/build/ouster_msgs': CMAKE_PREFIX_PATH=${CMAKE_PREFIX_PATH}:/opt/ros/foxy /usr/bin/cmake --build /home/jetson/ros-workspace/build/ouster_msgs -- -j4 -l4
[3.932s] [  3%] Built target ouster_msgs__cpp
[3.997s] [ 12%] Built target ouster_msgs__rosidl_generator_c
[4.174s] [ 22%] Built target ouster_msgs__rosidl_typesupport_cpp
[4.181s] [ 32%] Built target ouster_msgs__rosidl_typesupport_introspection_cpp
[4.193s] [ 41%] Built target ouster_msgs__rosidl_typesupport_introspection_c
[4.236s] [ 51%] Built target ouster_msgs__rosidl_typesupport_fastrtps_cpp
[4.370s] [ 61%] Built target ouster_msgs__rosidl_typesupport_c
[4.412s] [ 70%] Built target ouster_msgs__rosidl_typesupport_fastrtps_c
[4.506s] [ 70%] Built target ouster_msgs
[4.603s] [ 74%] Built target ouster_msgs__py
[4.725s] [ 80%] Built target ouster_msgs__python
[4.914s] [ 87%] Built target ouster_msgs__rosidl_typesupport_c__pyext
[4.931s] [ 93%] Built target ouster_msgs__rosidl_typesupport_fastrtps_c__pyext
[4.954s] [100%] Built target ouster_msgs__rosidl_typesupport_introspection_c__pyext
[5.046s] Invoked command in '/home/jetson/ros-workspace/build/ouster_msgs' returned '0': CMAKE_PREFIX_PATH=${CMAKE_PREFIX_PATH}:/opt/ros/foxy /usr/bin/cmake --build /home/jetson/ros-workspace/build/ouster_msgs -- -j4 -l4
[5.343s] Invoking command in '/home/jetson/ros-workspace/build/ouster_msgs': CMAKE_PREFIX_PATH=${CMAKE_PREFIX_PATH}:/opt/ros/foxy /usr/bin/cmake --install /home/jetson/ros-workspace/build/ouster_msgs
[5.387s] -- Install configuration: "Release"
[5.390s] -- Execute custom install script
[5.391s] -- Up-to-date symlink: /home/jetson/ros-workspace/install/ouster_msgs/share/ament_index/resource_index/rosidl_interfaces/ouster_msgs
[5.395s] -- Up-to-date symlink: /home/jetson/ros-workspace/install/ouster_msgs/include/ouster_msgs/msg/detail/packet_msg__functions.h
[5.395s] -- Up-to-date symlink: /home/jetson/ros-workspace/install/ouster_msgs/include/ouster_msgs/msg/detail/packet_msg__struct.h
[5.397s] -- Up-to-date symlink: /home/jetson/ros-workspace/install/ouster_msgs/include/ouster_msgs/msg/detail/packet_msg__type_support.h
[5.398s] -- Up-to-date symlink: /home/jetson/ros-workspace/install/ouster_msgs/include/ouster_msgs/msg/packet_msg.h
[5.399s] -- Up-to-date symlink: /home/jetson/ros-workspace/install/ouster_msgs/include/ouster_msgs/msg/rosidl_generator_c__visibility_control.h
[5.400s] -- Up-to-date symlink: /home/jetson/ros-workspace/install/ouster_msgs/share/ouster_msgs/environment/library_path.sh
[5.403s] -- Up-to-date symlink: /home/jetson/ros-workspace/install/ouster_msgs/share/ouster_msgs/environment/library_path.dsv
[5.406s] -- Up-to-date symlink: /home/jetson/ros-workspace/install/ouster_msgs/include/ouster_msgs/msg/detail/packet_msg__rosidl_typesupport_fastrtps_c.h
[5.407s] -- Up-to-date symlink: /home/jetson/ros-workspace/install/ouster_msgs/include/ouster_msgs/msg/rosidl_typesupport_fastrtps_c__visibility_control.h
[5.409s] -- Up-to-date symlink: /home/jetson/ros-workspace/install/ouster_msgs/lib/libouster_msgs__rosidl_typesupport_fastrtps_c.so
[5.412s] -- Up-to-date symlink: /home/jetson/ros-workspace/install/ouster_msgs/include/ouster_msgs/msg/detail/packet_msg__rosidl_typesupport_fastrtps_cpp.hpp
[5.413s] -- Up-to-date symlink: /home/jetson/ros-workspace/install/ouster_msgs/include/ouster_msgs/msg/rosidl_typesupport_fastrtps_cpp__visibility_control.h
[5.415s] -- Up-to-date symlink: /home/jetson/ros-workspace/install/ouster_msgs/lib/libouster_msgs__rosidl_typesupport_fastrtps_cpp.so
[5.417s] -- Up-to-date symlink: /home/jetson/ros-workspace/install/ouster_msgs/include/ouster_msgs/msg/detail/packet_msg__rosidl_typesupport_introspection_c.h
[5.418s] -- Up-to-date symlink: /home/jetson/ros-workspace/install/ouster_msgs/include/ouster_msgs/msg/rosidl_typesupport_introspection_c__visibility_control.h
[5.421s] -- Up-to-date symlink: /home/jetson/ros-workspace/install/ouster_msgs/include/ouster_msgs/msg/detail/packet_msg__builder.hpp
[5.422s] -- Up-to-date symlink: /home/jetson/ros-workspace/install/ouster_msgs/include/ouster_msgs/msg/detail/packet_msg__struct.hpp
[5.423s] -- Up-to-date symlink: /home/jetson/ros-workspace/install/ouster_msgs/include/ouster_msgs/msg/detail/packet_msg__traits.hpp
[5.424s] -- Up-to-date symlink: /home/jetson/ros-workspace/install/ouster_msgs/include/ouster_msgs/msg/packet_msg.hpp
[5.426s] -- Up-to-date symlink: /home/jetson/ros-workspace/install/ouster_msgs/include/ouster_msgs/msg/detail/packet_msg__rosidl_typesupport_introspection_cpp.hpp
[5.427s] -- Up-to-date symlink: /home/jetson/ros-workspace/install/ouster_msgs/share/ouster_msgs/environment/pythonpath.sh
[5.429s] -- Up-to-date symlink: /home/jetson/ros-workspace/install/ouster_msgs/share/ouster_msgs/environment/pythonpath.dsv
[5.430s] -- Up-to-date symlink: /home/jetson/ros-workspace/install/ouster_msgs/lib/python3.8/site-packages/ouster_msgs/__init__.py
[5.432s] -- Up-to-date symlink: /home/jetson/ros-workspace/install/ouster_msgs/lib/python3.8/site-packages/ouster_msgs/msg/__init__.py
[5.433s] -- Up-to-date symlink: /home/jetson/ros-workspace/install/ouster_msgs/lib/python3.8/site-packages/ouster_msgs/msg/_packet_msg.py
[5.435s] -- Up-to-date symlink: /home/jetson/ros-workspace/install/ouster_msgs/lib/python3.8/site-packages/ouster_msgs/ouster_msgs_s__rosidl_typesupport_fastrtps_c.cpython-38-aarch64-linux-gnu.so
[5.437s] -- Up-to-date symlink: /home/jetson/ros-workspace/install/ouster_msgs/lib/python3.8/site-packages/ouster_msgs/ouster_msgs_s__rosidl_typesupport_introspection_c.cpython-38-aarch64-linux-gnu.so
[5.439s] -- Up-to-date symlink: /home/jetson/ros-workspace/install/ouster_msgs/lib/python3.8/site-packages/ouster_msgs/ouster_msgs_s__rosidl_typesupport_c.cpython-38-aarch64-linux-gnu.so
[5.442s] -- Up-to-date symlink: /home/jetson/ros-workspace/install/ouster_msgs/lib/libouster_msgs__python.so
[5.442s] -- Up-to-date symlink: /home/jetson/ros-workspace/install/ouster_msgs/share/ouster_msgs/msg/PacketMsg.idl
[5.444s] -- Up-to-date symlink: /home/jetson/ros-workspace/install/ouster_msgs/share/ouster_msgs/msg/PacketMsg.msg
[5.446s] -- Up-to-date symlink: /home/jetson/ros-workspace/install/ouster_msgs/share/ament_index/resource_index/package_run_dependencies/ouster_msgs
[5.447s] -- Up-to-date symlink: /home/jetson/ros-workspace/install/ouster_msgs/share/ament_index/resource_index/parent_prefix_path/ouster_msgs
[5.449s] -- Up-to-date symlink: /home/jetson/ros-workspace/install/ouster_msgs/share/ouster_msgs/environment/ament_prefix_path.sh
[5.450s] -- Up-to-date symlink: /home/jetson/ros-workspace/install/ouster_msgs/share/ouster_msgs/environment/ament_prefix_path.dsv
[5.451s] -- Up-to-date symlink: /home/jetson/ros-workspace/install/ouster_msgs/share/ouster_msgs/environment/path.sh
[5.452s] -- Up-to-date symlink: /home/jetson/ros-workspace/install/ouster_msgs/share/ouster_msgs/environment/path.dsv
[5.453s] -- Up-to-date symlink: /home/jetson/ros-workspace/install/ouster_msgs/share/ouster_msgs/local_setup.bash
[5.455s] -- Up-to-date symlink: /home/jetson/ros-workspace/install/ouster_msgs/share/ouster_msgs/local_setup.sh
[5.457s] -- Up-to-date symlink: /home/jetson/ros-workspace/install/ouster_msgs/share/ouster_msgs/local_setup.zsh
[5.458s] -- Up-to-date symlink: /home/jetson/ros-workspace/install/ouster_msgs/share/ouster_msgs/local_setup.dsv
[5.460s] -- Symlinking: /home/jetson/ros-workspace/install/ouster_msgs/share/ouster_msgs/package.dsv
[5.505s] -- Up-to-date symlink: /home/jetson/ros-workspace/install/ouster_msgs/share/ament_index/resource_index/packages/ouster_msgs
[5.507s] -- Up-to-date symlink: /home/jetson/ros-workspace/install/ouster_msgs/share/ouster_msgs/cmake/rosidl_cmake-extras.cmake
[5.508s] -- Up-to-date symlink: /home/jetson/ros-workspace/install/ouster_msgs/share/ouster_msgs/cmake/ament_cmake_export_dependencies-extras.cmake
[5.509s] -- Up-to-date symlink: /home/jetson/ros-workspace/install/ouster_msgs/share/ouster_msgs/cmake/ament_cmake_export_libraries-extras.cmake
[5.510s] -- Up-to-date symlink: /home/jetson/ros-workspace/install/ouster_msgs/share/ouster_msgs/cmake/ament_cmake_export_targets-extras.cmake
[5.512s] -- Up-to-date symlink: /home/jetson/ros-workspace/install/ouster_msgs/share/ouster_msgs/cmake/ament_cmake_export_include_directories-extras.cmake
[5.514s] -- Up-to-date symlink: /home/jetson/ros-workspace/install/ouster_msgs/share/ouster_msgs/cmake/rosidl_cmake_export_typesupport_libraries-extras.cmake
[5.517s] -- Up-to-date symlink: /home/jetson/ros-workspace/install/ouster_msgs/share/ouster_msgs/cmake/rosidl_cmake_export_typesupport_targets-extras.cmake
[5.517s] -- Up-to-date symlink: /home/jetson/ros-workspace/install/ouster_msgs/share/ouster_msgs/cmake/ouster_msgsConfig.cmake
[5.518s] -- Up-to-date symlink: /home/jetson/ros-workspace/install/ouster_msgs/share/ouster_msgs/cmake/ouster_msgsConfig-version.cmake
[5.520s] -- Up-to-date symlink: /home/jetson/ros-workspace/install/ouster_msgs/share/ouster_msgs/package.xml
[5.521s] -- Up-to-date: /home/jetson/ros-workspace/install/ouster_msgs/lib/libouster_msgs__rosidl_generator_c.so
[5.529s] -- Up-to-date: /home/jetson/ros-workspace/install/ouster_msgs/lib/libouster_msgs__rosidl_typesupport_introspection_c.so
[5.531s] -- Up-to-date: /home/jetson/ros-workspace/install/ouster_msgs/lib/libouster_msgs__rosidl_typesupport_c.so
[5.541s] -- Up-to-date: /home/jetson/ros-workspace/install/ouster_msgs/lib/libouster_msgs__rosidl_typesupport_introspection_cpp.so
[5.543s] -- Up-to-date: /home/jetson/ros-workspace/install/ouster_msgs/lib/libouster_msgs__rosidl_typesupport_cpp.so
[5.763s] Compiling '/home/jetson/ros-workspace/install/ouster_msgs/lib/python3.8/site-packages/ouster_msgs/__init__.py'...
[5.791s] -- Up-to-date: /home/jetson/ros-workspace/install/ouster_msgs/share/ouster_msgs/cmake/ouster_msgs__rosidl_generator_cExport.cmake
[5.792s] -- Installing: /home/jetson/ros-workspace/install/ouster_msgs/share/ouster_msgs/cmake/ouster_msgs__rosidl_generator_cExport-release.cmake
[5.794s] -- Up-to-date: /home/jetson/ros-workspace/install/ouster_msgs/share/ouster_msgs/cmake/ouster_msgs__rosidl_typesupport_introspection_cExport.cmake
[5.795s] -- Installing: /home/jetson/ros-workspace/install/ouster_msgs/share/ouster_msgs/cmake/ouster_msgs__rosidl_typesupport_introspection_cExport-release.cmake
[5.797s] -- Up-to-date: /home/jetson/ros-workspace/install/ouster_msgs/share/ouster_msgs/cmake/ouster_msgs__rosidl_typesupport_cExport.cmake
[5.797s] -- Installing: /home/jetson/ros-workspace/install/ouster_msgs/share/ouster_msgs/cmake/ouster_msgs__rosidl_typesupport_cExport-release.cmake
[5.798s] -- Up-to-date: /home/jetson/ros-workspace/install/ouster_msgs/share/ouster_msgs/cmake/ouster_msgs__rosidl_generator_cppExport.cmake
[5.799s] -- Up-to-date: /home/jetson/ros-workspace/install/ouster_msgs/share/ouster_msgs/cmake/ouster_msgs__rosidl_typesupport_introspection_cppExport.cmake
[5.800s] -- Installing: /home/jetson/ros-workspace/install/ouster_msgs/share/ouster_msgs/cmake/ouster_msgs__rosidl_typesupport_introspection_cppExport-release.cmake
[5.801s] -- Up-to-date: /home/jetson/ros-workspace/install/ouster_msgs/share/ouster_msgs/cmake/ouster_msgs__rosidl_typesupport_cppExport.cmake
[5.801s] -- Installing: /home/jetson/ros-workspace/install/ouster_msgs/share/ouster_msgs/cmake/ouster_msgs__rosidl_typesupport_cppExport-release.cmake
[5.814s] Invoked command in '/home/jetson/ros-workspace/build/ouster_msgs' returned '0': CMAKE_PREFIX_PATH=${CMAKE_PREFIX_PATH}:/opt/ros/foxy /usr/bin/cmake --install /home/jetson/ros-workspace/build/ouster_msgs
