[0.953s] Invoking command in '/home/uocav/ros-workspace/build/urdf_tutorial_r2d2': PYTHONPATH=/home/uocav/ros-workspace/build/urdf_tutorial_r2d2/prefix_override:/home/uocav/ros-workspace/install/urdf_tutorial_r2d2/lib/python3.8/site-packages:${PYTHONPATH} /usr/bin/python3 setup.py develop --uninstall --editable --build-directory /home/uocav/ros-workspace/build/urdf_tutorial_r2d2/build
[1.258s] running develop
[1.455s] Invoked command in '/home/uocav/ros-workspace/build/urdf_tutorial_r2d2' returned '0': PYTHONPATH=/home/uocav/ros-workspace/build/urdf_tutorial_r2d2/prefix_override:/home/uocav/ros-workspace/install/urdf_tutorial_r2d2/lib/python3.8/site-packages:${PYTHONPATH} /usr/bin/python3 setup.py develop --uninstall --editable --build-directory /home/uocav/ros-workspace/build/urdf_tutorial_r2d2/build
[1.460s] Invoking command in '/home/uocav/ros-workspace/src/urdf_tutorial_r2d2': PYTHONPATH=/home/uocav/ros-workspace/build/urdf_tutorial_r2d2/prefix_override:/home/uocav/ros-workspace/install/urdf_tutorial_r2d2/lib/python3.8/site-packages:${PYTHONPATH} /usr/bin/python3 setup.py egg_info --egg-base ../../build/urdf_tutorial_r2d2 build --build-base /home/uocav/ros-workspace/build/urdf_tutorial_r2d2/build install --record /home/uocav/ros-workspace/build/urdf_tutorial_r2d2/install.log --install-scripts $base/lib/urdf_tutorial_r2d2 --single-version-externally-managed
[1.728s] running egg_info
[1.729s] writing ../../build/urdf_tutorial_r2d2/urdf_tutorial_r2d2.egg-info/PKG-INFO
[1.729s] writing dependency_links to ../../build/urdf_tutorial_r2d2/urdf_tutorial_r2d2.egg-info/dependency_links.txt
[1.729s] writing entry points to ../../build/urdf_tutorial_r2d2/urdf_tutorial_r2d2.egg-info/entry_points.txt
[1.730s] writing requirements to ../../build/urdf_tutorial_r2d2/urdf_tutorial_r2d2.egg-info/requires.txt
[1.730s] writing top-level names to ../../build/urdf_tutorial_r2d2/urdf_tutorial_r2d2.egg-info/top_level.txt
[1.777s] reading manifest file '../../build/urdf_tutorial_r2d2/urdf_tutorial_r2d2.egg-info/SOURCES.txt'
[1.778s] writing manifest file '../../build/urdf_tutorial_r2d2/urdf_tutorial_r2d2.egg-info/SOURCES.txt'
[1.778s] running build
[1.778s] running build_py
[1.778s] running install
[1.779s] running install_lib
[1.781s] running install_data
[1.782s] running install_egg_info
[1.783s] removing '/home/uocav/ros-workspace/install/urdf_tutorial_r2d2/lib/python3.8/site-packages/urdf_tutorial_r2d2-0.0.0-py3.8.egg-info' (and everything under it)
[1.784s] Copying ../../build/urdf_tutorial_r2d2/urdf_tutorial_r2d2.egg-info to /home/uocav/ros-workspace/install/urdf_tutorial_r2d2/lib/python3.8/site-packages/urdf_tutorial_r2d2-0.0.0-py3.8.egg-info
[1.785s] running install_scripts
[1.809s] Installing state_publisher script to /home/uocav/ros-workspace/install/urdf_tutorial_r2d2/lib/urdf_tutorial_r2d2
[1.809s] writing list of installed files to '/home/uocav/ros-workspace/build/urdf_tutorial_r2d2/install.log'
[1.847s] Invoked command in '/home/uocav/ros-workspace/src/urdf_tutorial_r2d2' returned '0': PYTHONPATH=/home/uocav/ros-workspace/build/urdf_tutorial_r2d2/prefix_override:/home/uocav/ros-workspace/install/urdf_tutorial_r2d2/lib/python3.8/site-packages:${PYTHONPATH} /usr/bin/python3 setup.py egg_info --egg-base ../../build/urdf_tutorial_r2d2 build --build-base /home/uocav/ros-workspace/build/urdf_tutorial_r2d2/build install --record /home/uocav/ros-workspace/build/urdf_tutorial_r2d2/install.log --install-scripts $base/lib/urdf_tutorial_r2d2 --single-version-externally-managed
