[0.019s] Invoking command in '/home/uocav/ros-workspace/build/ouster_ros': CMAKE_PREFIX_PATH=/home/uocav/ros-workspace/install/ouster_srvs:/home/uocav/ros-workspace/install/ouster_msgs:/home/uocav/ros-workspace/install/ros2_esp32:/home/uocav/ros-workspace/install/pointcloud_to_laserscan:/home/uocav/ros-workspace/install/ouster_ros:/home/uocav/ros-workspace/install/navigation:/home/uocav/ros-workspace/install/mini_bot_description:/home/uocav/ros-workspace/install/micro_ros_setup:/home/uocav/ros-workspace/install/urdf_tutorial_r2d2:/opt/ros/foxy LD_LIBRARY_PATH=/home/uocav/ros-workspace/install/ouster_srvs/lib:/home/uocav/ros-workspace/install/ouster_msgs/lib:/home/uocav/ros-workspace/install/pointcloud_to_laserscan/lib:/home/uocav/ros-workspace/install/ouster_ros/lib:/usr/lib/x86_64-linux-gnu/gazebo-11/plugins:/opt/ros/foxy/opt/yaml_cpp_vendor/lib:/opt/ros/foxy/opt/rviz_ogre_vendor/lib:/opt/ros/foxy/lib/x86_64-linux-gnu:/opt/ros/foxy/lib PYTHONPATH=/home/uocav/ros-workspace/install/ouster_srvs/lib/python3.8/site-packages:/home/uocav/ros-workspace/install/ouster_msgs/lib/python3.8/site-packages:/home/uocav/ros-workspace/install/urdf_tutorial_r2d2/lib/python3.8/site-packages:/opt/ros/foxy/lib/python3.8/site-packages /usr/bin/cmake /home/uocav/ros-workspace/src/ouster-ros/ouster-ros -DCMAKE_BUILD_TYPE=Release -DAMENT_CMAKE_SYMLINK_INSTALL=1 -DCMAKE_INSTALL_PREFIX=/home/uocav/ros-workspace/install/ouster_ros
[0.035s] -- Found ament_cmake: 0.9.12 (/opt/ros/foxy/share/ament_cmake/cmake)
[0.059s] -- Using PYTHON_EXECUTABLE: /usr/bin/python3
[0.226s] -- Override CMake install command with custom implementation using symlinks instead of copying resources
[0.232s] -- Found rclcpp: 2.4.3 (/opt/ros/foxy/share/rclcpp/cmake)
[0.264s] -- Using all available rosidl_typesupport_c: rosidl_typesupport_fastrtps_c;rosidl_typesupport_introspection_c
[0.267s] -- Found rosidl_adapter: 1.3.1 (/opt/ros/foxy/share/rosidl_adapter/cmake)
[0.388s] -- Using all available rosidl_typesupport_cpp: rosidl_typesupport_fastrtps_cpp;rosidl_typesupport_introspection_cpp
[0.431s] -- Found rmw_implementation_cmake: 1.0.4 (/opt/ros/foxy/share/rmw_implementation_cmake/cmake)
[0.433s] -- Using RMW implementation 'rmw_fastrtps_cpp' as default
[0.563s] -- Found rclcpp_components: 2.4.3 (/opt/ros/foxy/share/rclcpp_components/cmake)
[0.613s] -- Found rclcpp_lifecycle: 2.4.3 (/opt/ros/foxy/share/rclcpp_lifecycle/cmake)
[0.637s] -- Found sensor_msgs: 2.0.5 (/opt/ros/foxy/share/sensor_msgs/cmake)
[0.738s] -- Found ouster_msgs: 0.1.0 (/home/uocav/ros-workspace/install/ouster_msgs/share/ouster_msgs/cmake)
[0.744s] -- Found ouster_srvs: 0.1.0 (/home/uocav/ros-workspace/install/ouster_srvs/share/ouster_srvs/cmake)
[0.750s] -- Found std_srvs: 2.0.5 (/opt/ros/foxy/share/std_srvs/cmake)
[0.758s] -- Found rosidl_default_generators: 1.0.1 (/opt/ros/foxy/share/rosidl_default_generators/cmake)
[0.768s] -- Found Eigen3: /usr/lib/cmake/eigen3/Eigen3Config.cmake (found version "3.3.7") 
[0.779s] -- Eigen found (include: /usr/include/eigen3, version: 3.3.7)
[0.790s] -- looking for PCL_COMMON
[0.790s] -- Found pcl_conversions: 2.2.1 (/opt/ros/foxy/share/pcl_conversions/cmake)
[0.941s] -- Found tf2_eigen: 0.13.14 (/opt/ros/foxy/share/tf2_eigen/cmake)
[1.195s] -- Found Eigen3: TRUE (found version "3.3.7") 
[1.368s] -- Configuring done
[1.465s] -- Generating done
[1.468s] -- Build files have been written to: /home/uocav/ros-workspace/build/ouster_ros
[1.480s] Invoked command in '/home/uocav/ros-workspace/build/ouster_ros' returned '0': CMAKE_PREFIX_PATH=/home/uocav/ros-workspace/install/ouster_srvs:/home/uocav/ros-workspace/install/ouster_msgs:/home/uocav/ros-workspace/install/ros2_esp32:/home/uocav/ros-workspace/install/pointcloud_to_laserscan:/home/uocav/ros-workspace/install/ouster_ros:/home/uocav/ros-workspace/install/navigation:/home/uocav/ros-workspace/install/mini_bot_description:/home/uocav/ros-workspace/install/micro_ros_setup:/home/uocav/ros-workspace/install/urdf_tutorial_r2d2:/opt/ros/foxy LD_LIBRARY_PATH=/home/uocav/ros-workspace/install/ouster_srvs/lib:/home/uocav/ros-workspace/install/ouster_msgs/lib:/home/uocav/ros-workspace/install/pointcloud_to_laserscan/lib:/home/uocav/ros-workspace/install/ouster_ros/lib:/usr/lib/x86_64-linux-gnu/gazebo-11/plugins:/opt/ros/foxy/opt/yaml_cpp_vendor/lib:/opt/ros/foxy/opt/rviz_ogre_vendor/lib:/opt/ros/foxy/lib/x86_64-linux-gnu:/opt/ros/foxy/lib PYTHONPATH=/home/uocav/ros-workspace/install/ouster_srvs/lib/python3.8/site-packages:/home/uocav/ros-workspace/install/ouster_msgs/lib/python3.8/site-packages:/home/uocav/ros-workspace/install/urdf_tutorial_r2d2/lib/python3.8/site-packages:/opt/ros/foxy/lib/python3.8/site-packages /usr/bin/cmake /home/uocav/ros-workspace/src/ouster-ros/ouster-ros -DCMAKE_BUILD_TYPE=Release -DAMENT_CMAKE_SYMLINK_INSTALL=1 -DCMAKE_INSTALL_PREFIX=/home/uocav/ros-workspace/install/ouster_ros
[1.485s] Invoking command in '/home/uocav/ros-workspace/build/ouster_ros': CMAKE_PREFIX_PATH=/home/uocav/ros-workspace/install/ouster_srvs:/home/uocav/ros-workspace/install/ouster_msgs:/home/uocav/ros-workspace/install/ros2_esp32:/home/uocav/ros-workspace/install/pointcloud_to_laserscan:/home/uocav/ros-workspace/install/ouster_ros:/home/uocav/ros-workspace/install/navigation:/home/uocav/ros-workspace/install/mini_bot_description:/home/uocav/ros-workspace/install/micro_ros_setup:/home/uocav/ros-workspace/install/urdf_tutorial_r2d2:/opt/ros/foxy LD_LIBRARY_PATH=/home/uocav/ros-workspace/install/ouster_srvs/lib:/home/uocav/ros-workspace/install/ouster_msgs/lib:/home/uocav/ros-workspace/install/pointcloud_to_laserscan/lib:/home/uocav/ros-workspace/install/ouster_ros/lib:/usr/lib/x86_64-linux-gnu/gazebo-11/plugins:/opt/ros/foxy/opt/yaml_cpp_vendor/lib:/opt/ros/foxy/opt/rviz_ogre_vendor/lib:/opt/ros/foxy/lib/x86_64-linux-gnu:/opt/ros/foxy/lib PYTHONPATH=/home/uocav/ros-workspace/install/ouster_srvs/lib/python3.8/site-packages:/home/uocav/ros-workspace/install/ouster_msgs/lib/python3.8/site-packages:/home/uocav/ros-workspace/install/urdf_tutorial_r2d2/lib/python3.8/site-packages:/opt/ros/foxy/lib/python3.8/site-packages /usr/bin/cmake --build /home/uocav/ros-workspace/build/ouster_ros -- -j6 -l6
[1.547s] [34m[1mGenerating build info header[0m
[1.557s] [  5%] Built target os_sensor
[1.558s] [ 11%] Built target os_cloud
[1.559s] [ 17%] Built target os_image
[1.563s] [ 23%] Built target os_replay
[1.573s] [ 23%] Built target ouster_generate_header
[1.616s] [ 58%] Built target ouster_client
[1.668s] [ 64%] Built target ouster_ros_library
[1.712s] [ 73%] Built target os_image_component
[1.715s] [ 82%] Built target os_replay_component
[1.717s] [ 97%] Built target os_cloud_component
[1.717s] [100%] Built target os_sensor_component
[1.728s] Invoked command in '/home/uocav/ros-workspace/build/ouster_ros' returned '0': CMAKE_PREFIX_PATH=/home/uocav/ros-workspace/install/ouster_srvs:/home/uocav/ros-workspace/install/ouster_msgs:/home/uocav/ros-workspace/install/ros2_esp32:/home/uocav/ros-workspace/install/pointcloud_to_laserscan:/home/uocav/ros-workspace/install/ouster_ros:/home/uocav/ros-workspace/install/navigation:/home/uocav/ros-workspace/install/mini_bot_description:/home/uocav/ros-workspace/install/micro_ros_setup:/home/uocav/ros-workspace/install/urdf_tutorial_r2d2:/opt/ros/foxy LD_LIBRARY_PATH=/home/uocav/ros-workspace/install/ouster_srvs/lib:/home/uocav/ros-workspace/install/ouster_msgs/lib:/home/uocav/ros-workspace/install/pointcloud_to_laserscan/lib:/home/uocav/ros-workspace/install/ouster_ros/lib:/usr/lib/x86_64-linux-gnu/gazebo-11/plugins:/opt/ros/foxy/opt/yaml_cpp_vendor/lib:/opt/ros/foxy/opt/rviz_ogre_vendor/lib:/opt/ros/foxy/lib/x86_64-linux-gnu:/opt/ros/foxy/lib PYTHONPATH=/home/uocav/ros-workspace/install/ouster_srvs/lib/python3.8/site-packages:/home/uocav/ros-workspace/install/ouster_msgs/lib/python3.8/site-packages:/home/uocav/ros-workspace/install/urdf_tutorial_r2d2/lib/python3.8/site-packages:/opt/ros/foxy/lib/python3.8/site-packages /usr/bin/cmake --build /home/uocav/ros-workspace/build/ouster_ros -- -j6 -l6
[1.803s] Invoking command in '/home/uocav/ros-workspace/build/ouster_ros': CMAKE_PREFIX_PATH=/home/uocav/ros-workspace/install/ouster_srvs:/home/uocav/ros-workspace/install/ouster_msgs:/home/uocav/ros-workspace/install/ros2_esp32:/home/uocav/ros-workspace/install/pointcloud_to_laserscan:/home/uocav/ros-workspace/install/ouster_ros:/home/uocav/ros-workspace/install/navigation:/home/uocav/ros-workspace/install/mini_bot_description:/home/uocav/ros-workspace/install/micro_ros_setup:/home/uocav/ros-workspace/install/urdf_tutorial_r2d2:/opt/ros/foxy LD_LIBRARY_PATH=/home/uocav/ros-workspace/install/ouster_srvs/lib:/home/uocav/ros-workspace/install/ouster_msgs/lib:/home/uocav/ros-workspace/install/pointcloud_to_laserscan/lib:/home/uocav/ros-workspace/install/ouster_ros/lib:/usr/lib/x86_64-linux-gnu/gazebo-11/plugins:/opt/ros/foxy/opt/yaml_cpp_vendor/lib:/opt/ros/foxy/opt/rviz_ogre_vendor/lib:/opt/ros/foxy/lib/x86_64-linux-gnu:/opt/ros/foxy/lib PYTHONPATH=/home/uocav/ros-workspace/install/ouster_srvs/lib/python3.8/site-packages:/home/uocav/ros-workspace/install/ouster_msgs/lib/python3.8/site-packages:/home/uocav/ros-workspace/install/urdf_tutorial_r2d2/lib/python3.8/site-packages:/opt/ros/foxy/lib/python3.8/site-packages /usr/bin/cmake --install /home/uocav/ros-workspace/build/ouster_ros
[1.816s] -- Install configuration: "Release"
[1.817s] -- Execute custom install script
[1.818s] -- Up-to-date symlink: /home/uocav/ros-workspace/install/ouster_ros/include/ouster/impl/build.h
[1.818s] -- Up-to-date symlink: /home/uocav/ros-workspace/install/ouster_ros/include/ouster/buffered_udp_source.h
[1.818s] -- Up-to-date symlink: /home/uocav/ros-workspace/install/ouster_ros/include/ouster/client.h
[1.819s] -- Up-to-date symlink: /home/uocav/ros-workspace/install/ouster_ros/include/ouster/image_processing.h
[1.819s] -- Up-to-date symlink: /home/uocav/ros-workspace/install/ouster_ros/include/ouster/impl/cartesian.h
[1.819s] -- Up-to-date symlink: /home/uocav/ros-workspace/install/ouster_ros/include/ouster/impl/lidar_scan_impl.h
[1.819s] -- Up-to-date symlink: /home/uocav/ros-workspace/install/ouster_ros/include/ouster/lidar_scan.h
[1.819s] -- Up-to-date symlink: /home/uocav/ros-workspace/install/ouster_ros/include/ouster/sensor_http.h
[1.819s] -- Up-to-date symlink: /home/uocav/ros-workspace/install/ouster_ros/include/ouster/types.h
[1.819s] -- Up-to-date symlink: /home/uocav/ros-workspace/install/ouster_ros/include/ouster/version.h
[1.820s] -- Up-to-date symlink: /home/uocav/ros-workspace/install/ouster_ros/include/optional-lite/nonstd/optional.hpp
[1.820s] -- Up-to-date symlink: /home/uocav/ros-workspace/install/ouster_ros/lib/cmake/OusterSDK/OusterSDKConfig.cmake
[1.820s] -- Up-to-date symlink: /home/uocav/ros-workspace/install/ouster_ros/lib/cmake/OusterSDK/OusterSDKConfigVersion.cmake
[1.820s] -- Up-to-date symlink: /home/uocav/ros-workspace/install/ouster_ros/share/LICENSE
[1.820s] -- Up-to-date symlink: /home/uocav/ros-workspace/install/ouster_ros/share/LICENSE-bin
[1.820s] -- Up-to-date symlink: /home/uocav/ros-workspace/install/ouster_ros/lib/ouster_ros/os_sensor
[1.820s] -- Up-to-date symlink: /home/uocav/ros-workspace/install/ouster_ros/lib/ouster_ros/os_replay
[1.821s] -- Up-to-date symlink: /home/uocav/ros-workspace/install/ouster_ros/lib/ouster_ros/os_cloud
[1.821s] -- Up-to-date symlink: /home/uocav/ros-workspace/install/ouster_ros/lib/ouster_ros/os_image
[1.821s] -- Up-to-date symlink: /home/uocav/ros-workspace/install/ouster_ros/lib/libouster_ros_library.so
[1.821s] -- Up-to-date symlink: /home/uocav/ros-workspace/install/ouster_ros/lib/libos_sensor_component.so
[1.822s] -- Up-to-date symlink: /home/uocav/ros-workspace/install/ouster_ros/lib/libos_replay_component.so
[1.822s] -- Up-to-date symlink: /home/uocav/ros-workspace/install/ouster_ros/lib/libos_cloud_component.so
[1.822s] -- Up-to-date symlink: /home/uocav/ros-workspace/install/ouster_ros/lib/libos_image_component.so
[1.822s] -- Up-to-date symlink: /home/uocav/ros-workspace/install/ouster_ros/include/ouster_ros/include/ouster_ros/os_point.h
[1.822s] -- Up-to-date symlink: /home/uocav/ros-workspace/install/ouster_ros/include/ouster_ros/include/ouster_ros/os_processing_node_base.h
[1.823s] -- Up-to-date symlink: /home/uocav/ros-workspace/install/ouster_ros/include/ouster_ros/include/ouster_ros/os_ros.h
[1.823s] -- Up-to-date symlink: /home/uocav/ros-workspace/install/ouster_ros/include/ouster_ros/include/ouster_ros/os_sensor_node_base.h
[1.823s] -- Up-to-date symlink: /home/uocav/ros-workspace/install/ouster_ros/include/ouster_ros/include/ouster_ros/visibility_control.h
[1.823s] -- Up-to-date symlink: /home/uocav/ros-workspace/install/ouster_ros/include/ouster_ros/include/optional-lite/nonstd/optional.hpp
[1.823s] -- Up-to-date symlink: /home/uocav/ros-workspace/install/ouster_ros/include/ouster_ros/include/ouster/buffered_udp_source.h
[1.823s] -- Up-to-date symlink: /home/uocav/ros-workspace/install/ouster_ros/include/ouster_ros/include/ouster/client.h
[1.824s] -- Up-to-date symlink: /home/uocav/ros-workspace/install/ouster_ros/include/ouster_ros/include/ouster/image_processing.h
[1.824s] -- Up-to-date symlink: /home/uocav/ros-workspace/install/ouster_ros/include/ouster_ros/include/ouster/impl/cartesian.h
[1.824s] -- Up-to-date symlink: /home/uocav/ros-workspace/install/ouster_ros/include/ouster_ros/include/ouster/impl/lidar_scan_impl.h
[1.824s] -- Up-to-date symlink: /home/uocav/ros-workspace/install/ouster_ros/include/ouster_ros/include/ouster/lidar_scan.h
[1.824s] -- Up-to-date symlink: /home/uocav/ros-workspace/install/ouster_ros/include/ouster_ros/include/ouster/sensor_http.h
[1.824s] -- Up-to-date symlink: /home/uocav/ros-workspace/install/ouster_ros/include/ouster_ros/include/ouster/types.h
[1.824s] -- Up-to-date symlink: /home/uocav/ros-workspace/install/ouster_ros/include/ouster_ros/include/ouster/version.h
[1.824s] -- Up-to-date symlink: /home/uocav/ros-workspace/install/ouster_ros/include/ouster_ros/optional-lite/nonstd/optional.hpp
[1.825s] -- Up-to-date symlink: /home/uocav/ros-workspace/install/ouster_ros/share/ouster_ros/LICENSE
[1.825s] -- Up-to-date symlink: /home/uocav/ros-workspace/install/ouster_ros/share/ouster_ros/launch/record.independent.launch.xml
[1.825s] -- Up-to-date symlink: /home/uocav/ros-workspace/install/ouster_ros/share/ouster_ros/launch/record.launch.xml
[1.825s] -- Up-to-date symlink: /home/uocav/ros-workspace/install/ouster_ros/share/ouster_ros/launch/replay.independent.launch.xml
[1.825s] -- Up-to-date symlink: /home/uocav/ros-workspace/install/ouster_ros/share/ouster_ros/launch/replay.launch.xml
[1.826s] -- Up-to-date symlink: /home/uocav/ros-workspace/install/ouster_ros/share/ouster_ros/launch/rviz.launch.py
[1.826s] -- Up-to-date symlink: /home/uocav/ros-workspace/install/ouster_ros/share/ouster_ros/launch/rviz.launch.xml
[1.826s] -- Up-to-date symlink: /home/uocav/ros-workspace/install/ouster_ros/share/ouster_ros/launch/sensor.composite.launch.py
[1.826s] -- Up-to-date symlink: /home/uocav/ros-workspace/install/ouster_ros/share/ouster_ros/launch/sensor.composite.launch.xml
[1.826s] -- Up-to-date symlink: /home/uocav/ros-workspace/install/ouster_ros/share/ouster_ros/launch/sensor.independent.launch.py
[1.826s] -- Up-to-date symlink: /home/uocav/ros-workspace/install/ouster_ros/share/ouster_ros/launch/sensor.independent.launch.xml
[1.826s] -- Up-to-date symlink: /home/uocav/ros-workspace/install/ouster_ros/share/ouster_ros/launch/sensor.launch.xml
[1.826s] -- Up-to-date symlink: /home/uocav/ros-workspace/install/ouster_ros/share/ouster_ros/launch/sensor_mtp.launch.xml
[1.827s] -- Up-to-date symlink: /home/uocav/ros-workspace/install/ouster_ros/share/ouster_ros/config/metadata-qos-override.yaml
[1.827s] -- Up-to-date symlink: /home/uocav/ros-workspace/install/ouster_ros/share/ouster_ros/config/parameters.yaml
[1.827s] -- Up-to-date symlink: /home/uocav/ros-workspace/install/ouster_ros/share/ouster_ros/config/viz.rviz
[1.827s] -- Up-to-date symlink: /home/uocav/ros-workspace/install/ouster_ros/share/ouster_ros/environment/library_path.sh
[1.827s] -- Up-to-date symlink: /home/uocav/ros-workspace/install/ouster_ros/share/ouster_ros/environment/library_path.dsv
[1.827s] -- Up-to-date symlink: /home/uocav/ros-workspace/install/ouster_ros/share/ament_index/resource_index/package_run_dependencies/ouster_ros
[1.828s] -- Up-to-date symlink: /home/uocav/ros-workspace/install/ouster_ros/share/ament_index/resource_index/parent_prefix_path/ouster_ros
[1.828s] -- Up-to-date symlink: /home/uocav/ros-workspace/install/ouster_ros/share/ouster_ros/environment/ament_prefix_path.sh
[1.828s] -- Up-to-date symlink: /home/uocav/ros-workspace/install/ouster_ros/share/ouster_ros/environment/ament_prefix_path.dsv
[1.828s] -- Up-to-date symlink: /home/uocav/ros-workspace/install/ouster_ros/share/ouster_ros/environment/path.sh
[1.828s] -- Up-to-date symlink: /home/uocav/ros-workspace/install/ouster_ros/share/ouster_ros/environment/path.dsv
[1.828s] -- Up-to-date symlink: /home/uocav/ros-workspace/install/ouster_ros/share/ouster_ros/local_setup.bash
[1.829s] -- Up-to-date symlink: /home/uocav/ros-workspace/install/ouster_ros/share/ouster_ros/local_setup.sh
[1.829s] -- Up-to-date symlink: /home/uocav/ros-workspace/install/ouster_ros/share/ouster_ros/local_setup.zsh
[1.829s] -- Up-to-date symlink: /home/uocav/ros-workspace/install/ouster_ros/share/ouster_ros/local_setup.dsv
[1.829s] -- Symlinking: /home/uocav/ros-workspace/install/ouster_ros/share/ouster_ros/package.dsv
[1.844s] -- Up-to-date symlink: /home/uocav/ros-workspace/install/ouster_ros/share/ament_index/resource_index/packages/ouster_ros
[1.845s] -- Up-to-date symlink: /home/uocav/ros-workspace/install/ouster_ros/share/ament_index/resource_index/rclcpp_components/ouster_ros
[1.845s] -- Up-to-date symlink: /home/uocav/ros-workspace/install/ouster_ros/share/ouster_ros/cmake/ament_cmake_export_include_directories-extras.cmake
[1.845s] -- Up-to-date symlink: /home/uocav/ros-workspace/install/ouster_ros/share/ouster_ros/cmake/ament_cmake_export_dependencies-extras.cmake
[1.846s] -- Up-to-date symlink: /home/uocav/ros-workspace/install/ouster_ros/share/ouster_ros/cmake/ament_cmake_export_libraries-extras.cmake
[1.846s] -- Up-to-date symlink: /home/uocav/ros-workspace/install/ouster_ros/share/ouster_ros/cmake/ouster_rosConfig.cmake
[1.847s] -- Up-to-date symlink: /home/uocav/ros-workspace/install/ouster_ros/share/ouster_ros/cmake/ouster_rosConfig-version.cmake
[1.847s] -- Up-to-date symlink: /home/uocav/ros-workspace/install/ouster_ros/share/ouster_ros/package.xml
[1.855s] Invoked command in '/home/uocav/ros-workspace/build/ouster_ros' returned '0': CMAKE_PREFIX_PATH=/home/uocav/ros-workspace/install/ouster_srvs:/home/uocav/ros-workspace/install/ouster_msgs:/home/uocav/ros-workspace/install/ros2_esp32:/home/uocav/ros-workspace/install/pointcloud_to_laserscan:/home/uocav/ros-workspace/install/ouster_ros:/home/uocav/ros-workspace/install/navigation:/home/uocav/ros-workspace/install/mini_bot_description:/home/uocav/ros-workspace/install/micro_ros_setup:/home/uocav/ros-workspace/install/urdf_tutorial_r2d2:/opt/ros/foxy LD_LIBRARY_PATH=/home/uocav/ros-workspace/install/ouster_srvs/lib:/home/uocav/ros-workspace/install/ouster_msgs/lib:/home/uocav/ros-workspace/install/pointcloud_to_laserscan/lib:/home/uocav/ros-workspace/install/ouster_ros/lib:/usr/lib/x86_64-linux-gnu/gazebo-11/plugins:/opt/ros/foxy/opt/yaml_cpp_vendor/lib:/opt/ros/foxy/opt/rviz_ogre_vendor/lib:/opt/ros/foxy/lib/x86_64-linux-gnu:/opt/ros/foxy/lib PYTHONPATH=/home/uocav/ros-workspace/install/ouster_srvs/lib/python3.8/site-packages:/home/uocav/ros-workspace/install/ouster_msgs/lib/python3.8/site-packages:/home/uocav/ros-workspace/install/urdf_tutorial_r2d2/lib/python3.8/site-packages:/opt/ros/foxy/lib/python3.8/site-packages /usr/bin/cmake --install /home/uocav/ros-workspace/build/ouster_ros
