[0.364s] Invoking command in '/home/jetson/ros-workspace/build/micro_ros_setup': CMAKE_PREFIX_PATH=${CMAKE_PREFIX_PATH}:/opt/ros/foxy /usr/bin/cmake /home/jetson/ros-workspace/src/micro_ros_setup -DCMAKE_BUILD_TYPE=Release -DAMENT_CMAKE_SYMLINK_INSTALL=1 -DCMAKE_INSTALL_PREFIX=/home/jetson/ros-workspace/install/micro_ros_setup
[0.572s] -- Found ament_cmake: 0.9.12 (/opt/ros/foxy/share/ament_cmake/cmake)
[0.636s] -- Using PYTHON_EXECUTABLE: /usr/bin/python3
[1.801s] -- Override CMake install command with custom implementation using symlinks instead of copying resources
[1.865s] -- Found ament_lint_auto: 0.9.8 (/opt/ros/foxy/share/ament_lint_auto/cmake)
[2.334s] -- Added test 'copyright' to check source files copyright and LICENSE
[2.475s] -- Added test 'flake8' to check Python code syntax and style conventions
[2.496s] -- Added test 'lint_cmake' to check CMake code style
[2.508s] -- Added test 'pep257' to check Python code against some of the style conventions in PEP 257
[2.576s] -- Added test 'xmllint' to check XML markup files
[2.599s] -- Configuring done
[2.626s] -- Generating done
[2.635s] -- Build files have been written to: /home/jetson/ros-workspace/build/micro_ros_setup
[2.667s] Invoked command in '/home/jetson/ros-workspace/build/micro_ros_setup' returned '0': CMAKE_PREFIX_PATH=${CMAKE_PREFIX_PATH}:/opt/ros/foxy /usr/bin/cmake /home/jetson/ros-workspace/src/micro_ros_setup -DCMAKE_BUILD_TYPE=Release -DAMENT_CMAKE_SYMLINK_INSTALL=1 -DCMAKE_INSTALL_PREFIX=/home/jetson/ros-workspace/install/micro_ros_setup
[2.670s] Invoking command in '/home/jetson/ros-workspace/build/micro_ros_setup': CMAKE_PREFIX_PATH=${CMAKE_PREFIX_PATH}:/opt/ros/foxy /usr/bin/cmake --build /home/jetson/ros-workspace/build/micro_ros_setup -- -j6 -l6
[5.343s] Invoked command in '/home/jetson/ros-workspace/build/micro_ros_setup' returned '0': CMAKE_PREFIX_PATH=${CMAKE_PREFIX_PATH}:/opt/ros/foxy /usr/bin/cmake --build /home/jetson/ros-workspace/build/micro_ros_setup -- -j6 -l6
[5.638s] Invoking command in '/home/jetson/ros-workspace/build/micro_ros_setup': CMAKE_PREFIX_PATH=${CMAKE_PREFIX_PATH}:/opt/ros/foxy /usr/bin/cmake --install /home/jetson/ros-workspace/build/micro_ros_setup
[5.818s] -- Install configuration: "Release"
[5.819s] -- Execute custom install script
[5.820s] -- Up-to-date symlink: /home/jetson/ros-workspace/install/micro_ros_setup/share/ament_index/resource_index/package_run_dependencies/micro_ros_setup
[5.820s] -- Up-to-date symlink: /home/jetson/ros-workspace/install/micro_ros_setup/share/ament_index/resource_index/parent_prefix_path/micro_ros_setup
[5.821s] -- Up-to-date symlink: /home/jetson/ros-workspace/install/micro_ros_setup/share/micro_ros_setup/environment/ament_prefix_path.sh
[5.822s] -- Up-to-date symlink: /home/jetson/ros-workspace/install/micro_ros_setup/share/micro_ros_setup/environment/ament_prefix_path.dsv
[5.822s] -- Up-to-date symlink: /home/jetson/ros-workspace/install/micro_ros_setup/share/micro_ros_setup/environment/path.sh
[5.823s] -- Up-to-date symlink: /home/jetson/ros-workspace/install/micro_ros_setup/share/micro_ros_setup/environment/path.dsv
[5.823s] -- Up-to-date symlink: /home/jetson/ros-workspace/install/micro_ros_setup/share/micro_ros_setup/local_setup.bash
[5.824s] -- Up-to-date symlink: /home/jetson/ros-workspace/install/micro_ros_setup/share/micro_ros_setup/local_setup.sh
[5.843s] -- Up-to-date symlink: /home/jetson/ros-workspace/install/micro_ros_setup/share/micro_ros_setup/local_setup.zsh
[5.848s] -- Up-to-date symlink: /home/jetson/ros-workspace/install/micro_ros_setup/share/micro_ros_setup/local_setup.dsv
[5.852s] -- Symlinking: /home/jetson/ros-workspace/install/micro_ros_setup/share/micro_ros_setup/package.dsv
[5.898s] -- Up-to-date symlink: /home/jetson/ros-workspace/install/micro_ros_setup/share/ament_index/resource_index/packages/micro_ros_setup
[5.899s] -- Up-to-date symlink: /home/jetson/ros-workspace/install/micro_ros_setup/share/micro_ros_setup/cmake/micro_ros_setupConfig.cmake
[5.899s] -- Up-to-date symlink: /home/jetson/ros-workspace/install/micro_ros_setup/share/micro_ros_setup/cmake/micro_ros_setupConfig-version.cmake
[5.900s] -- Up-to-date symlink: /home/jetson/ros-workspace/install/micro_ros_setup/share/micro_ros_setup/package.xml
[5.905s] -- Up-to-date symlink: /home/jetson/ros-workspace/install/micro_ros_setup/lib/micro_ros_setup/create_ws.sh
[5.908s] -- Up-to-date symlink: /home/jetson/ros-workspace/install/micro_ros_setup/lib/micro_ros_setup/create_agent_ws.sh
[5.913s] -- Up-to-date symlink: /home/jetson/ros-workspace/install/micro_ros_setup/lib/micro_ros_setup/create_firmware_ws.sh
[5.916s] -- Up-to-date symlink: /home/jetson/ros-workspace/install/micro_ros_setup/lib/micro_ros_setup/configure_firmware.sh
[5.920s] -- Up-to-date symlink: /home/jetson/ros-workspace/install/micro_ros_setup/lib/micro_ros_setup/flash_firmware.sh
[5.950s] -- Up-to-date symlink: /home/jetson/ros-workspace/install/micro_ros_setup/lib/micro_ros_setup/reset_firmware.sh
[5.977s] -- Up-to-date symlink: /home/jetson/ros-workspace/install/micro_ros_setup/lib/micro_ros_setup/build_firmware.sh
[5.992s] -- Up-to-date symlink: /home/jetson/ros-workspace/install/micro_ros_setup/lib/micro_ros_setup/build_agent.sh
[5.994s] -- Up-to-date symlink: /home/jetson/ros-workspace/install/micro_ros_setup/lib/micro_ros_setup/yaml_filter.py
[5.995s] -- Up-to-date symlink: /home/jetson/ros-workspace/install/micro_ros_setup/lib/micro_ros_setup/clean_env.sh
[5.997s] -- Up-to-date: /home/jetson/ros-workspace/install/micro_ros_setup/./config
[6.003s] -- Up-to-date: /home/jetson/ros-workspace/install/micro_ros_setup/./config/client_uros_packages.repos
[6.027s] -- Up-to-date: /home/jetson/ros-workspace/install/micro_ros_setup/./config/agent_uros_packages.repos
[6.033s] -- Up-to-date: /home/jetson/ros-workspace/install/micro_ros_setup/./config/host
[6.034s] -- Up-to-date: /home/jetson/ros-workspace/install/micro_ros_setup/./config/host/dev_uros_packages.repos
[6.034s] -- Up-to-date: /home/jetson/ros-workspace/install/micro_ros_setup/./config/host/dev_ros2_packages.txt
[6.034s] -- Up-to-date: /home/jetson/ros-workspace/install/micro_ros_setup/./config/host/client_ros2_packages.txt
[6.035s] -- Up-to-date: /home/jetson/ros-workspace/install/micro_ros_setup/./config/host/generic
[6.035s] -- Up-to-date: /home/jetson/ros-workspace/install/micro_ros_setup/./config/host/generic/package.xml
[6.036s] -- Up-to-date: /home/jetson/ros-workspace/install/micro_ros_setup/./config/host/generic/flash.sh
[6.036s] -- Up-to-date: /home/jetson/ros-workspace/install/micro_ros_setup/./config/host/generic/create.sh
[6.037s] -- Up-to-date: /home/jetson/ros-workspace/install/micro_ros_setup/./config/host/generic/client_host_packages.repos
[6.037s] -- Up-to-date: /home/jetson/ros-workspace/install/micro_ros_setup/./config/host/generic/client-host-colcon.meta
[6.037s] -- Up-to-date: /home/jetson/ros-workspace/install/micro_ros_setup/./config/host/generic/reset.sh
[6.038s] -- Up-to-date: /home/jetson/ros-workspace/install/micro_ros_setup/./config/host/generic/build.sh
[6.038s] -- Up-to-date: /home/jetson/ros-workspace/install/micro_ros_setup/./config/freertos
[6.039s] -- Up-to-date: /home/jetson/ros-workspace/install/micro_ros_setup/./config/freertos/nucleo_f767zi
[6.039s] -- Up-to-date: /home/jetson/ros-workspace/install/micro_ros_setup/./config/freertos/nucleo_f767zi/client_uros_packages.repos
[6.039s] -- Up-to-date: /home/jetson/ros-workspace/install/micro_ros_setup/./config/freertos/nucleo_f767zi/package.xml
[6.045s] -- Up-to-date: /home/jetson/ros-workspace/install/micro_ros_setup/./config/freertos/nucleo_f767zi/configure.sh
[6.052s] -- Up-to-date: /home/jetson/ros-workspace/install/micro_ros_setup/./config/freertos/nucleo_f767zi/flash.sh
[6.053s] -- Up-to-date: /home/jetson/ros-workspace/install/micro_ros_setup/./config/freertos/nucleo_f767zi/create.sh
[6.053s] -- Up-to-date: /home/jetson/ros-workspace/install/micro_ros_setup/./config/freertos/nucleo_f767zi/board.repos
[6.054s] -- Up-to-date: /home/jetson/ros-workspace/install/micro_ros_setup/./config/freertos/nucleo_f767zi/reset.sh
[6.054s] -- Up-to-date: /home/jetson/ros-workspace/install/micro_ros_setup/./config/freertos/nucleo_f767zi/client-colcon.meta
[6.054s] -- Up-to-date: /home/jetson/ros-workspace/install/micro_ros_setup/./config/freertos/nucleo_f767zi/build.sh
[6.055s] -- Up-to-date: /home/jetson/ros-workspace/install/micro_ros_setup/./config/freertos/dev_uros_packages.repos
[6.055s] -- Up-to-date: /home/jetson/ros-workspace/install/micro_ros_setup/./config/freertos/crazyflie21
[6.056s] -- Up-to-date: /home/jetson/ros-workspace/install/micro_ros_setup/./config/freertos/crazyflie21/client_uros_packages.repos
[6.056s] -- Up-to-date: /home/jetson/ros-workspace/install/micro_ros_setup/./config/freertos/crazyflie21/package.xml
[6.057s] -- Up-to-date: /home/jetson/ros-workspace/install/micro_ros_setup/./config/freertos/crazyflie21/configure.sh
[6.057s] -- Up-to-date: /home/jetson/ros-workspace/install/micro_ros_setup/./config/freertos/crazyflie21/flash.sh
[6.059s] -- Up-to-date: /home/jetson/ros-workspace/install/micro_ros_setup/./config/freertos/crazyflie21/create.sh
[6.059s] -- Up-to-date: /home/jetson/ros-workspace/install/micro_ros_setup/./config/freertos/crazyflie21/board.repos
[6.060s] -- Up-to-date: /home/jetson/ros-workspace/install/micro_ros_setup/./config/freertos/crazyflie21/client-colcon.meta
[6.073s] -- Up-to-date: /home/jetson/ros-workspace/install/micro_ros_setup/./config/freertos/crazyflie21/build.sh
[6.076s] -- Up-to-date: /home/jetson/ros-workspace/install/micro_ros_setup/./config/freertos/nucleo_f446ze
[6.077s] -- Up-to-date: /home/jetson/ros-workspace/install/micro_ros_setup/./config/freertos/nucleo_f446ze/client_uros_packages.repos
[6.078s] -- Up-to-date: /home/jetson/ros-workspace/install/micro_ros_setup/./config/freertos/nucleo_f446ze/package.xml
[6.079s] -- Up-to-date: /home/jetson/ros-workspace/install/micro_ros_setup/./config/freertos/nucleo_f446ze/configure.sh
[6.079s] -- Up-to-date: /home/jetson/ros-workspace/install/micro_ros_setup/./config/freertos/nucleo_f446ze/flash.sh
[6.080s] -- Up-to-date: /home/jetson/ros-workspace/install/micro_ros_setup/./config/freertos/nucleo_f446ze/create.sh
[6.080s] -- Up-to-date: /home/jetson/ros-workspace/install/micro_ros_setup/./config/freertos/nucleo_f446ze/board.repos
[6.081s] -- Up-to-date: /home/jetson/ros-workspace/install/micro_ros_setup/./config/freertos/nucleo_f446ze/reset.sh
[6.082s] -- Up-to-date: /home/jetson/ros-workspace/install/micro_ros_setup/./config/freertos/nucleo_f446ze/client-colcon.meta
[6.082s] -- Up-to-date: /home/jetson/ros-workspace/install/micro_ros_setup/./config/freertos/nucleo_f446ze/build.sh
[6.084s] -- Up-to-date: /home/jetson/ros-workspace/install/micro_ros_setup/./config/freertos/nucleo_f446re
[6.084s] -- Up-to-date: /home/jetson/ros-workspace/install/micro_ros_setup/./config/freertos/nucleo_f446re/client_uros_packages.repos
[6.085s] -- Up-to-date: /home/jetson/ros-workspace/install/micro_ros_setup/./config/freertos/nucleo_f446re/package.xml
[6.085s] -- Up-to-date: /home/jetson/ros-workspace/install/micro_ros_setup/./config/freertos/nucleo_f446re/configure.sh
[6.086s] -- Up-to-date: /home/jetson/ros-workspace/install/micro_ros_setup/./config/freertos/nucleo_f446re/flash.sh
[6.086s] -- Up-to-date: /home/jetson/ros-workspace/install/micro_ros_setup/./config/freertos/nucleo_f446re/create.sh
[6.087s] -- Up-to-date: /home/jetson/ros-workspace/install/micro_ros_setup/./config/freertos/nucleo_f446re/board.repos
[6.087s] -- Up-to-date: /home/jetson/ros-workspace/install/micro_ros_setup/./config/freertos/nucleo_f446re/reset.sh
[6.087s] -- Up-to-date: /home/jetson/ros-workspace/install/micro_ros_setup/./config/freertos/nucleo_f446re/client-colcon.meta
[6.088s] -- Up-to-date: /home/jetson/ros-workspace/install/micro_ros_setup/./config/freertos/nucleo_f446re/build.sh
[6.088s] -- Up-to-date: /home/jetson/ros-workspace/install/micro_ros_setup/./config/freertos/list_apps.sh
[6.089s] -- Up-to-date: /home/jetson/ros-workspace/install/micro_ros_setup/./config/freertos/olimex-stm32-e407
[6.089s] -- Up-to-date: /home/jetson/ros-workspace/install/micro_ros_setup/./config/freertos/olimex-stm32-e407/client_uros_packages.repos
[6.090s] -- Up-to-date: /home/jetson/ros-workspace/install/micro_ros_setup/./config/freertos/olimex-stm32-e407/package.xml
[6.090s] -- Up-to-date: /home/jetson/ros-workspace/install/micro_ros_setup/./config/freertos/olimex-stm32-e407/configure.sh
[6.091s] -- Up-to-date: /home/jetson/ros-workspace/install/micro_ros_setup/./config/freertos/olimex-stm32-e407/flash.sh
[6.094s] -- Up-to-date: /home/jetson/ros-workspace/install/micro_ros_setup/./config/freertos/olimex-stm32-e407/create.sh
[6.095s] -- Up-to-date: /home/jetson/ros-workspace/install/micro_ros_setup/./config/freertos/olimex-stm32-e407/board.repos
[6.095s] -- Up-to-date: /home/jetson/ros-workspace/install/micro_ros_setup/./config/freertos/olimex-stm32-e407/reset.sh
[6.096s] -- Up-to-date: /home/jetson/ros-workspace/install/micro_ros_setup/./config/freertos/olimex-stm32-e407/client-colcon.meta
[6.097s] -- Up-to-date: /home/jetson/ros-workspace/install/micro_ros_setup/./config/freertos/olimex-stm32-e407/build.sh
[6.097s] -- Up-to-date: /home/jetson/ros-workspace/install/micro_ros_setup/./config/freertos/dev_ros2_packages.txt
[6.097s] -- Up-to-date: /home/jetson/ros-workspace/install/micro_ros_setup/./config/freertos/nucleo_f746zg
[6.098s] -- Up-to-date: /home/jetson/ros-workspace/install/micro_ros_setup/./config/freertos/nucleo_f746zg/client_uros_packages.repos
[6.098s] -- Up-to-date: /home/jetson/ros-workspace/install/micro_ros_setup/./config/freertos/nucleo_f746zg/package.xml
[6.099s] -- Up-to-date: /home/jetson/ros-workspace/install/micro_ros_setup/./config/freertos/nucleo_f746zg/configure.sh
[6.099s] -- Up-to-date: /home/jetson/ros-workspace/install/micro_ros_setup/./config/freertos/nucleo_f746zg/flash.sh
[6.099s] -- Up-to-date: /home/jetson/ros-workspace/install/micro_ros_setup/./config/freertos/nucleo_f746zg/create.sh
[6.100s] -- Up-to-date: /home/jetson/ros-workspace/install/micro_ros_setup/./config/freertos/nucleo_f746zg/board.repos
[6.100s] -- Up-to-date: /home/jetson/ros-workspace/install/micro_ros_setup/./config/freertos/nucleo_f746zg/reset.sh
[6.101s] -- Up-to-date: /home/jetson/ros-workspace/install/micro_ros_setup/./config/freertos/nucleo_f746zg/client-colcon.meta
[6.101s] -- Up-to-date: /home/jetson/ros-workspace/install/micro_ros_setup/./config/freertos/nucleo_f746zg/build.sh
[6.101s] -- Up-to-date: /home/jetson/ros-workspace/install/micro_ros_setup/./config/freertos/esp32
[6.102s] -- Up-to-date: /home/jetson/ros-workspace/install/micro_ros_setup/./config/freertos/esp32/client_uros_packages.repos
[6.102s] -- Up-to-date: /home/jetson/ros-workspace/install/micro_ros_setup/./config/freertos/esp32/package.xml
[6.103s] -- Up-to-date: /home/jetson/ros-workspace/install/micro_ros_setup/./config/freertos/esp32/configure.sh
[6.104s] -- Up-to-date: /home/jetson/ros-workspace/install/micro_ros_setup/./config/freertos/esp32/flash.sh
[6.105s] -- Up-to-date: /home/jetson/ros-workspace/install/micro_ros_setup/./config/freertos/esp32/create.sh
[6.105s] -- Up-to-date: /home/jetson/ros-workspace/install/micro_ros_setup/./config/freertos/esp32/board.repos
[6.106s] -- Up-to-date: /home/jetson/ros-workspace/install/micro_ros_setup/./config/freertos/esp32/README.md
[6.120s] -- Up-to-date: /home/jetson/ros-workspace/install/micro_ros_setup/./config/freertos/esp32/client-colcon.meta
[6.121s] -- Up-to-date: /home/jetson/ros-workspace/install/micro_ros_setup/./config/freertos/esp32/build.sh
[6.122s] -- Up-to-date: /home/jetson/ros-workspace/install/micro_ros_setup/./config/agent_ros2_packages.txt
[6.123s] -- Up-to-date: /home/jetson/ros-workspace/install/micro_ros_setup/./config/nuttx
[6.124s] -- Up-to-date: /home/jetson/ros-workspace/install/micro_ros_setup/./config/nuttx/dev_uros_packages.repos
[6.124s] -- Up-to-date: /home/jetson/ros-workspace/install/micro_ros_setup/./config/nuttx/dev_ros2_packages.txt
[6.125s] -- Up-to-date: /home/jetson/ros-workspace/install/micro_ros_setup/./config/nuttx/generic
[6.125s] -- Up-to-date: /home/jetson/ros-workspace/install/micro_ros_setup/./config/nuttx/generic/client_uros_packages.repos
[6.126s] -- Up-to-date: /home/jetson/ros-workspace/install/micro_ros_setup/./config/nuttx/generic/package.xml
[6.126s] -- Up-to-date: /home/jetson/ros-workspace/install/micro_ros_setup/./config/nuttx/generic/configure.sh
[6.127s] -- Up-to-date: /home/jetson/ros-workspace/install/micro_ros_setup/./config/nuttx/generic/flash.sh
[6.127s] -- Up-to-date: /home/jetson/ros-workspace/install/micro_ros_setup/./config/nuttx/generic/create.sh
[6.128s] -- Up-to-date: /home/jetson/ros-workspace/install/micro_ros_setup/./config/nuttx/generic/uros_packages.repos
[6.128s] -- Up-to-date: /home/jetson/ros-workspace/install/micro_ros_setup/./config/nuttx/generic/supported_platforms
[6.129s] -- Up-to-date: /home/jetson/ros-workspace/install/micro_ros_setup/./config/nuttx/generic/reset.sh
[6.130s] -- Up-to-date: /home/jetson/ros-workspace/install/micro_ros_setup/./config/nuttx/generic/client-colcon.meta
[6.131s] -- Up-to-date: /home/jetson/ros-workspace/install/micro_ros_setup/./config/nuttx/generic/build.sh
[6.131s] -- Up-to-date: /home/jetson/ros-workspace/install/micro_ros_setup/./config/renesas_ra
[6.142s] -- Up-to-date: /home/jetson/ros-workspace/install/micro_ros_setup/./config/renesas_ra/dev_uros_packages.repos
[6.142s] -- Up-to-date: /home/jetson/ros-workspace/install/micro_ros_setup/./config/renesas_ra/list_apps.sh
[6.143s] -- Up-to-date: /home/jetson/ros-workspace/install/micro_ros_setup/./config/renesas_ra/ra6m5
[6.143s] -- Up-to-date: /home/jetson/ros-workspace/install/micro_ros_setup/./config/renesas_ra/ra6m5/client_uros_packages.repos
[6.144s] -- Up-to-date: /home/jetson/ros-workspace/install/micro_ros_setup/./config/renesas_ra/ra6m5/configure.sh
[6.145s] -- Up-to-date: /home/jetson/ros-workspace/install/micro_ros_setup/./config/renesas_ra/ra6m5/flash.sh
[6.145s] -- Up-to-date: /home/jetson/ros-workspace/install/micro_ros_setup/./config/renesas_ra/ra6m5/create.sh
[6.147s] -- Up-to-date: /home/jetson/ros-workspace/install/micro_ros_setup/./config/renesas_ra/ra6m5/board.repos
[6.147s] -- Up-to-date: /home/jetson/ros-workspace/install/micro_ros_setup/./config/renesas_ra/ra6m5/client-colcon.meta
[6.148s] -- Up-to-date: /home/jetson/ros-workspace/install/micro_ros_setup/./config/renesas_ra/ra6m5/build.sh
[6.160s] -- Up-to-date: /home/jetson/ros-workspace/install/micro_ros_setup/./config/renesas_ra/dev_ros2_packages.txt
[6.162s] -- Up-to-date: /home/jetson/ros-workspace/install/micro_ros_setup/./config/generate_lib
[6.163s] -- Up-to-date: /home/jetson/ros-workspace/install/micro_ros_setup/./config/generate_lib/dev_uros_packages.repos
[6.163s] -- Up-to-date: /home/jetson/ros-workspace/install/micro_ros_setup/./config/generate_lib/dev_ros2_packages.txt
[6.164s] -- Up-to-date: /home/jetson/ros-workspace/install/micro_ros_setup/./config/generate_lib/generic
[6.165s] -- Up-to-date: /home/jetson/ros-workspace/install/micro_ros_setup/./config/generate_lib/generic/client_uros_packages.repos
[6.165s] -- Up-to-date: /home/jetson/ros-workspace/install/micro_ros_setup/./config/generate_lib/generic/package.xml
[6.165s] -- Up-to-date: /home/jetson/ros-workspace/install/micro_ros_setup/./config/generate_lib/generic/flash.sh
[6.166s] -- Up-to-date: /home/jetson/ros-workspace/install/micro_ros_setup/./config/generate_lib/generic/create.sh
[6.166s] -- Up-to-date: /home/jetson/ros-workspace/install/micro_ros_setup/./config/generate_lib/generic/demo_toolchain.cmake
[6.167s] -- Up-to-date: /home/jetson/ros-workspace/install/micro_ros_setup/./config/generate_lib/generic/client-colcon.meta
[6.167s] -- Up-to-date: /home/jetson/ros-workspace/install/micro_ros_setup/./config/generate_lib/generic/build.sh
[6.167s] -- Up-to-date: /home/jetson/ros-workspace/install/micro_ros_setup/./config/zephyr
[6.169s] -- Up-to-date: /home/jetson/ros-workspace/install/micro_ros_setup/./config/zephyr/dev_uros_packages.repos
[6.176s] -- Up-to-date: /home/jetson/ros-workspace/install/micro_ros_setup/./config/zephyr/list_apps.sh
[6.177s] -- Up-to-date: /home/jetson/ros-workspace/install/micro_ros_setup/./config/zephyr/dev_ros2_packages.txt
[6.177s] -- Up-to-date: /home/jetson/ros-workspace/install/micro_ros_setup/./config/zephyr/generic
[6.178s] -- Up-to-date: /home/jetson/ros-workspace/install/micro_ros_setup/./config/zephyr/generic/client_uros_packages.repos
[6.178s] -- Up-to-date: /home/jetson/ros-workspace/install/micro_ros_setup/./config/zephyr/generic/package.xml
[6.179s] -- Up-to-date: /home/jetson/ros-workspace/install/micro_ros_setup/./config/zephyr/generic/configure.sh
[6.179s] -- Up-to-date: /home/jetson/ros-workspace/install/micro_ros_setup/./config/zephyr/generic/flash.sh
[6.179s] -- Up-to-date: /home/jetson/ros-workspace/install/micro_ros_setup/./config/zephyr/generic/create.sh
[6.180s] -- Up-to-date: /home/jetson/ros-workspace/install/micro_ros_setup/./config/zephyr/generic/board.repos
[6.180s] -- Up-to-date: /home/jetson/ros-workspace/install/micro_ros_setup/./config/zephyr/generic/supported_platforms
[6.181s] -- Up-to-date: /home/jetson/ros-workspace/install/micro_ros_setup/./config/zephyr/generic/reset.sh
[6.182s] -- Up-to-date: /home/jetson/ros-workspace/install/micro_ros_setup/./config/zephyr/generic/client-colcon.meta
[6.183s] -- Up-to-date: /home/jetson/ros-workspace/install/micro_ros_setup/./config/zephyr/generic/build.sh
[6.183s] -- Up-to-date: /home/jetson/ros-workspace/install/micro_ros_setup/./config/client_ros2_packages.txt
[6.184s] -- Up-to-date: /home/jetson/ros-workspace/install/micro_ros_setup/./config/utils.sh
[6.184s] -- Up-to-date: /home/jetson/ros-workspace/install/micro_ros_setup/./config/raspbian
[6.185s] -- Up-to-date: /home/jetson/ros-workspace/install/micro_ros_setup/./config/raspbian/dev_uros_packages.repos
[6.185s] -- Up-to-date: /home/jetson/ros-workspace/install/micro_ros_setup/./config/raspbian/dev_ros2_packages.txt
[6.186s] -- Up-to-date: /home/jetson/ros-workspace/install/micro_ros_setup/./config/raspbian/generic
[6.186s] -- Up-to-date: /home/jetson/ros-workspace/install/micro_ros_setup/./config/raspbian/generic/client_uros_packages.repos
[6.186s] -- Up-to-date: /home/jetson/ros-workspace/install/micro_ros_setup/./config/raspbian/generic/configure.sh
[6.187s] -- Up-to-date: /home/jetson/ros-workspace/install/micro_ros_setup/./config/raspbian/generic/flash.sh
[6.195s] -- Up-to-date: /home/jetson/ros-workspace/install/micro_ros_setup/./config/raspbian/generic/create.sh
[6.196s] -- Up-to-date: /home/jetson/ros-workspace/install/micro_ros_setup/./config/raspbian/generic/supported_platforms
[6.196s] -- Up-to-date: /home/jetson/ros-workspace/install/micro_ros_setup/./config/raspbian/generic/client-colcon.meta
[6.197s] -- Up-to-date: /home/jetson/ros-workspace/install/micro_ros_setup/./config/raspbian/generic/build.sh
[6.210s] Invoked command in '/home/jetson/ros-workspace/build/micro_ros_setup' returned '0': CMAKE_PREFIX_PATH=${CMAKE_PREFIX_PATH}:/opt/ros/foxy /usr/bin/cmake --install /home/jetson/ros-workspace/build/micro_ros_setup
