[1.333s] Invoking command in '/home/uocav/ros-workspace/build/urdf_tutorial_r2d2': PYTHONPATH=/home/uocav/ros-workspace/build/urdf_tutorial_r2d2/prefix_override:/home/uocav/ros-workspace/install/urdf_tutorial_r2d2/lib/python3.8/site-packages:${PYTHONPATH} /usr/bin/python3 setup.py develop --editable --build-directory /home/uocav/ros-workspace/build/urdf_tutorial_r2d2/build --no-deps install_data
[2.452s] running develop
[2.452s] running egg_info
[2.452s] creating urdf_tutorial_r2d2.egg-info
[2.452s] writing urdf_tutorial_r2d2.egg-info/PKG-INFO
[2.452s] writing dependency_links to urdf_tutorial_r2d2.egg-info/dependency_links.txt
[2.452s] writing entry points to urdf_tutorial_r2d2.egg-info/entry_points.txt
[2.452s] writing requirements to urdf_tutorial_r2d2.egg-info/requires.txt
[2.453s] writing top-level names to urdf_tutorial_r2d2.egg-info/top_level.txt
[2.453s] writing manifest file 'urdf_tutorial_r2d2.egg-info/SOURCES.txt'
[2.453s] reading manifest file 'urdf_tutorial_r2d2.egg-info/SOURCES.txt'
[2.458s] writing manifest file 'urdf_tutorial_r2d2.egg-info/SOURCES.txt'
[2.503s] running build_ext
[2.504s] Creating /home/uocav/ros-workspace/install/urdf_tutorial_r2d2/lib/python3.8/site-packages/urdf-tutorial-r2d2.egg-link (link to .)
[2.506s] Installing state_publisher script to /home/uocav/ros-workspace/install/urdf_tutorial_r2d2/lib/urdf_tutorial_r2d2
[2.507s] 
[2.507s] Installed /home/uocav/ros-workspace/build/urdf_tutorial_r2d2
[2.507s] running install_data
[2.508s] copying resource/urdf_tutorial_r2d2 -> /home/uocav/ros-workspace/install/urdf_tutorial_r2d2/share/ament_index/resource_index/packages
[2.510s] copying package.xml -> /home/uocav/ros-workspace/install/urdf_tutorial_r2d2/share/urdf_tutorial_r2d2
[2.511s] copying launch/demo.launch.py -> /home/uocav/ros-workspace/install/urdf_tutorial_r2d2/share/urdf_tutorial_r2d2/launch
[2.512s] copying urdf/r2d2.urdf.xml -> /home/uocav/ros-workspace/install/urdf_tutorial_r2d2/share/urdf_tutorial_r2d2
[2.513s] copying urdf/r2d2.rviz -> /home/uocav/ros-workspace/install/urdf_tutorial_r2d2/share/urdf_tutorial_r2d2
[2.596s] Invoked command in '/home/uocav/ros-workspace/build/urdf_tutorial_r2d2' returned '0': PYTHONPATH=/home/uocav/ros-workspace/build/urdf_tutorial_r2d2/prefix_override:/home/uocav/ros-workspace/install/urdf_tutorial_r2d2/lib/python3.8/site-packages:${PYTHONPATH} /usr/bin/python3 setup.py develop --editable --build-directory /home/uocav/ros-workspace/build/urdf_tutorial_r2d2/build --no-deps install_data
