[0.289s] Invoking command in '/home/jetson/ros-workspace/build/pointcloud_to_laserscan': CMAKE_PREFIX_PATH=${CMAKE_PREFIX_PATH}:/opt/ros/foxy /usr/bin/cmake --build /home/jetson/ros-workspace/build/pointcloud_to_laserscan -- -j6 -l6
[1.206s] [ 20%] Built target dummy_pointcloud_publisher
[1.216s] [ 40%] Built target laserscan_to_pointcloud_node
[1.240s] [ 60%] Built target pointcloud_to_laserscan_node
[1.334s] [ 80%] Built target laserscan_to_pointcloud
[1.345s] [100%] Built target pointcloud_to_laserscan
[1.428s] Invoked command in '/home/jetson/ros-workspace/build/pointcloud_to_laserscan' returned '0': CMAKE_PREFIX_PATH=${CMAKE_PREFIX_PATH}:/opt/ros/foxy /usr/bin/cmake --build /home/jetson/ros-workspace/build/pointcloud_to_laserscan -- -j6 -l6
[2.222s] Invoking command in '/home/jetson/ros-workspace/build/pointcloud_to_laserscan': CMAKE_PREFIX_PATH=${CMAKE_PREFIX_PATH}:/opt/ros/foxy /usr/bin/cmake --install /home/jetson/ros-workspace/build/pointcloud_to_laserscan
[2.325s] -- Install configuration: "Release"
[2.328s] -- Execute custom install script
[2.337s] -- Up-to-date symlink: /home/jetson/ros-workspace/install/pointcloud_to_laserscan/lib/pointcloud_to_laserscan/laserscan_to_pointcloud_node
[2.338s] -- Up-to-date symlink: /home/jetson/ros-workspace/install/pointcloud_to_laserscan/lib/pointcloud_to_laserscan/pointcloud_to_laserscan_node
[2.338s] -- Up-to-date symlink: /home/jetson/ros-workspace/install/pointcloud_to_laserscan/lib/liblaserscan_to_pointcloud.so
[2.344s] -- Up-to-date symlink: /home/jetson/ros-workspace/install/pointcloud_to_laserscan/lib/libpointcloud_to_laserscan.so
[2.345s] -- Up-to-date symlink: /home/jetson/ros-workspace/install/pointcloud_to_laserscan/lib/pointcloud_to_laserscan/dummy_pointcloud_publisher
[2.350s] -- Up-to-date symlink: /home/jetson/ros-workspace/install/pointcloud_to_laserscan/include/include/pointcloud_to_laserscan/laserscan_to_pointcloud_node.hpp
[2.354s] -- Up-to-date symlink: /home/jetson/ros-workspace/install/pointcloud_to_laserscan/include/include/pointcloud_to_laserscan/pointcloud_to_laserscan_node.hpp
[2.355s] -- Up-to-date symlink: /home/jetson/ros-workspace/install/pointcloud_to_laserscan/include/include/pointcloud_to_laserscan/visibility_control.h
[2.355s] -- Up-to-date symlink: /home/jetson/ros-workspace/install/pointcloud_to_laserscan/share/pointcloud_to_laserscan/launch/pcl_to_laser_launch.py
[2.356s] -- Up-to-date symlink: /home/jetson/ros-workspace/install/pointcloud_to_laserscan/share/pointcloud_to_laserscan/launch/sample_laserscan_to_pointcloud_launch.py
[2.361s] -- Up-to-date symlink: /home/jetson/ros-workspace/install/pointcloud_to_laserscan/share/pointcloud_to_laserscan/launch/sample_pointcloud_to_laserscan_launch.py
[2.361s] -- Up-to-date symlink: /home/jetson/ros-workspace/install/pointcloud_to_laserscan/share/ament_index/resource_index/package_run_dependencies/pointcloud_to_laserscan
[2.365s] -- Up-to-date symlink: /home/jetson/ros-workspace/install/pointcloud_to_laserscan/share/ament_index/resource_index/parent_prefix_path/pointcloud_to_laserscan
[2.368s] -- Up-to-date symlink: /home/jetson/ros-workspace/install/pointcloud_to_laserscan/share/pointcloud_to_laserscan/environment/ament_prefix_path.sh
[2.369s] -- Up-to-date symlink: /home/jetson/ros-workspace/install/pointcloud_to_laserscan/share/pointcloud_to_laserscan/environment/ament_prefix_path.dsv
[2.371s] -- Up-to-date symlink: /home/jetson/ros-workspace/install/pointcloud_to_laserscan/share/pointcloud_to_laserscan/environment/path.sh
[2.375s] -- Up-to-date symlink: /home/jetson/ros-workspace/install/pointcloud_to_laserscan/share/pointcloud_to_laserscan/environment/path.dsv
[2.387s] -- Up-to-date symlink: /home/jetson/ros-workspace/install/pointcloud_to_laserscan/share/pointcloud_to_laserscan/local_setup.bash
[2.390s] -- Up-to-date symlink: /home/jetson/ros-workspace/install/pointcloud_to_laserscan/share/pointcloud_to_laserscan/local_setup.sh
[2.392s] -- Up-to-date symlink: /home/jetson/ros-workspace/install/pointcloud_to_laserscan/share/pointcloud_to_laserscan/local_setup.zsh
[2.394s] -- Up-to-date symlink: /home/jetson/ros-workspace/install/pointcloud_to_laserscan/share/pointcloud_to_laserscan/local_setup.dsv
[2.396s] -- Symlinking: /home/jetson/ros-workspace/install/pointcloud_to_laserscan/share/pointcloud_to_laserscan/package.dsv
[2.456s] -- Up-to-date symlink: /home/jetson/ros-workspace/install/pointcloud_to_laserscan/share/ament_index/resource_index/packages/pointcloud_to_laserscan
[2.460s] -- Up-to-date symlink: /home/jetson/ros-workspace/install/pointcloud_to_laserscan/share/ament_index/resource_index/rclcpp_components/pointcloud_to_laserscan
[2.461s] -- Up-to-date symlink: /home/jetson/ros-workspace/install/pointcloud_to_laserscan/share/pointcloud_to_laserscan/cmake/pointcloud_to_laserscanConfig.cmake
[2.461s] -- Up-to-date symlink: /home/jetson/ros-workspace/install/pointcloud_to_laserscan/share/pointcloud_to_laserscan/cmake/pointcloud_to_laserscanConfig-version.cmake
[2.462s] -- Up-to-date symlink: /home/jetson/ros-workspace/install/pointcloud_to_laserscan/share/pointcloud_to_laserscan/package.xml
[2.637s] Invoked command in '/home/jetson/ros-workspace/build/pointcloud_to_laserscan' returned '0': CMAKE_PREFIX_PATH=${CMAKE_PREFIX_PATH}:/opt/ros/foxy /usr/bin/cmake --install /home/jetson/ros-workspace/build/pointcloud_to_laserscan
