[0.021s] Invoking command in '/home/uocav/ros-workspace/build/ros2_esp32': CMAKE_PREFIX_PATH=${CMAKE_PREFIX_PATH}:/home/uocav/ros-workspace/install/urdf_tutorial_r2d2:/opt/ros/foxy /usr/bin/cmake /home/uocav/ros-workspace/src/ros2_esp32 -DCMAKE_BUILD_TYPE=Release -DAMENT_CMAKE_SYMLINK_INSTALL=1 -DCMAKE_INSTALL_PREFIX=/home/uocav/ros-workspace/install/ros2_esp32
[0.211s] -- Found ament_cmake: 0.9.12 (/opt/ros/foxy/share/ament_cmake/cmake)
[0.211s] -- Using PYTHON_EXECUTABLE: /usr/bin/python3
[0.245s] -- Override CMake install command with custom implementation using symlinks instead of copying resources
[0.251s] -- Found rclcpp: 2.4.3 (/opt/ros/foxy/share/rclcpp/cmake)
[0.287s] -- Using all available rosidl_typesupport_c: rosidl_typesupport_fastrtps_c;rosidl_typesupport_introspection_c
[0.290s] -- Found rosidl_adapter: 1.3.1 (/opt/ros/foxy/share/rosidl_adapter/cmake)
[0.438s] -- Using all available rosidl_typesupport_cpp: rosidl_typesupport_fastrtps_cpp;rosidl_typesupport_introspection_cpp
[0.484s] -- Found rmw_implementation_cmake: 1.0.4 (/opt/ros/foxy/share/rmw_implementation_cmake/cmake)
[0.485s] -- Using RMW implementation 'rmw_fastrtps_cpp' as default
[0.685s] -- Configuring done
[0.695s] -- Generating done
[0.696s] -- Build files have been written to: /home/uocav/ros-workspace/build/ros2_esp32
[0.908s] Invoked command in '/home/uocav/ros-workspace/build/ros2_esp32' returned '0': CMAKE_PREFIX_PATH=${CMAKE_PREFIX_PATH}:/home/uocav/ros-workspace/install/urdf_tutorial_r2d2:/opt/ros/foxy /usr/bin/cmake /home/uocav/ros-workspace/src/ros2_esp32 -DCMAKE_BUILD_TYPE=Release -DAMENT_CMAKE_SYMLINK_INSTALL=1 -DCMAKE_INSTALL_PREFIX=/home/uocav/ros-workspace/install/ros2_esp32
[0.909s] Invoking command in '/home/uocav/ros-workspace/build/ros2_esp32': CMAKE_PREFIX_PATH=${CMAKE_PREFIX_PATH}:/home/uocav/ros-workspace/install/urdf_tutorial_r2d2:/opt/ros/foxy /usr/bin/cmake --build /home/uocav/ros-workspace/build/ros2_esp32 -- -j6 -l6
[0.991s] [ 50%] Built target string_publisher
[1.007s] [100%] Built target integer_publisher
[1.019s] Invoked command in '/home/uocav/ros-workspace/build/ros2_esp32' returned '0': CMAKE_PREFIX_PATH=${CMAKE_PREFIX_PATH}:/home/uocav/ros-workspace/install/urdf_tutorial_r2d2:/opt/ros/foxy /usr/bin/cmake --build /home/uocav/ros-workspace/build/ros2_esp32 -- -j6 -l6
[1.064s] Invoking command in '/home/uocav/ros-workspace/build/ros2_esp32': CMAKE_PREFIX_PATH=${CMAKE_PREFIX_PATH}:/home/uocav/ros-workspace/install/urdf_tutorial_r2d2:/opt/ros/foxy /usr/bin/cmake --install /home/uocav/ros-workspace/build/ros2_esp32
[1.075s] -- Install configuration: "Release"
[1.076s] -- Execute custom install script
[1.077s] -- Up-to-date symlink: /home/uocav/ros-workspace/install/ros2_esp32/lib/ros2_esp32/integer_publisher
[1.077s] -- Up-to-date symlink: /home/uocav/ros-workspace/install/ros2_esp32/lib/ros2_esp32/string_publisher
[1.077s] -- Up-to-date symlink: /home/uocav/ros-workspace/install/ros2_esp32/share/ament_index/resource_index/package_run_dependencies/ros2_esp32
[1.077s] -- Up-to-date symlink: /home/uocav/ros-workspace/install/ros2_esp32/share/ament_index/resource_index/parent_prefix_path/ros2_esp32
[1.078s] -- Up-to-date symlink: /home/uocav/ros-workspace/install/ros2_esp32/share/ros2_esp32/environment/ament_prefix_path.sh
[1.078s] -- Up-to-date symlink: /home/uocav/ros-workspace/install/ros2_esp32/share/ros2_esp32/environment/ament_prefix_path.dsv
[1.078s] -- Up-to-date symlink: /home/uocav/ros-workspace/install/ros2_esp32/share/ros2_esp32/environment/path.sh
[1.078s] -- Up-to-date symlink: /home/uocav/ros-workspace/install/ros2_esp32/share/ros2_esp32/environment/path.dsv
[1.078s] -- Up-to-date symlink: /home/uocav/ros-workspace/install/ros2_esp32/share/ros2_esp32/local_setup.bash
[1.079s] -- Up-to-date symlink: /home/uocav/ros-workspace/install/ros2_esp32/share/ros2_esp32/local_setup.sh
[1.079s] -- Up-to-date symlink: /home/uocav/ros-workspace/install/ros2_esp32/share/ros2_esp32/local_setup.zsh
[1.079s] -- Up-to-date symlink: /home/uocav/ros-workspace/install/ros2_esp32/share/ros2_esp32/local_setup.dsv
[1.079s] -- Symlinking: /home/uocav/ros-workspace/install/ros2_esp32/share/ros2_esp32/package.dsv
[1.090s] -- Up-to-date symlink: /home/uocav/ros-workspace/install/ros2_esp32/share/ament_index/resource_index/packages/ros2_esp32
[1.090s] -- Up-to-date symlink: /home/uocav/ros-workspace/install/ros2_esp32/share/ros2_esp32/cmake/ros2_esp32Config.cmake
[1.091s] -- Up-to-date symlink: /home/uocav/ros-workspace/install/ros2_esp32/share/ros2_esp32/cmake/ros2_esp32Config-version.cmake
[1.091s] -- Up-to-date symlink: /home/uocav/ros-workspace/install/ros2_esp32/share/ros2_esp32/package.xml
[1.104s] Invoked command in '/home/uocav/ros-workspace/build/ros2_esp32' returned '0': CMAKE_PREFIX_PATH=${CMAKE_PREFIX_PATH}:/home/uocav/ros-workspace/install/urdf_tutorial_r2d2:/opt/ros/foxy /usr/bin/cmake --install /home/uocav/ros-workspace/build/ros2_esp32
