[0.779s] Invoking command in '/home/uocav/ros-workspace/src/urdf_tutorial_r2d2': PYTHONPATH=/home/uocav/ros-workspace/build/urdf_tutorial_r2d2/prefix_override:/home/uocav/ros-workspace/install/urdf_tutorial_r2d2/lib/python3.10/site-packages:${PYTHONPATH} /usr/bin/python3 setup.py egg_info --egg-base ../../build/urdf_tutorial_r2d2 build --build-base /home/uocav/ros-workspace/build/urdf_tutorial_r2d2/build install --record /home/uocav/ros-workspace/build/urdf_tutorial_r2d2/install.log --install-scripts $base/lib/urdf_tutorial_r2d2 --single-version-externally-managed
[0.978s] /usr/lib/python3/dist-packages/setuptools/dist.py:723: UserWarning: Usage of dash-separated 'script-dir' will not be supported in future versions. Please use the underscore name 'script_dir' instead
[0.978s]   warnings.warn(
[0.986s] running egg_info
[0.987s] creating ../../build/urdf_tutorial_r2d2/urdf_tutorial_r2d2.egg-info
[0.987s] writing ../../build/urdf_tutorial_r2d2/urdf_tutorial_r2d2.egg-info/PKG-INFO
[0.987s] writing dependency_links to ../../build/urdf_tutorial_r2d2/urdf_tutorial_r2d2.egg-info/dependency_links.txt
[0.987s] writing entry points to ../../build/urdf_tutorial_r2d2/urdf_tutorial_r2d2.egg-info/entry_points.txt
[0.987s] writing requirements to ../../build/urdf_tutorial_r2d2/urdf_tutorial_r2d2.egg-info/requires.txt
[0.987s] writing top-level names to ../../build/urdf_tutorial_r2d2/urdf_tutorial_r2d2.egg-info/top_level.txt
[0.988s] writing manifest file '../../build/urdf_tutorial_r2d2/urdf_tutorial_r2d2.egg-info/SOURCES.txt'
[0.990s] reading manifest file '../../build/urdf_tutorial_r2d2/urdf_tutorial_r2d2.egg-info/SOURCES.txt'
[0.991s] writing manifest file '../../build/urdf_tutorial_r2d2/urdf_tutorial_r2d2.egg-info/SOURCES.txt'
[0.991s] running build
[0.991s] running build_py
[0.991s] creating /home/uocav/ros-workspace/build/urdf_tutorial_r2d2/build
[0.991s] creating /home/uocav/ros-workspace/build/urdf_tutorial_r2d2/build/lib
[0.991s] creating /home/uocav/ros-workspace/build/urdf_tutorial_r2d2/build/lib/urdf_tutorial_r2d2
[0.991s] copying urdf_tutorial_r2d2/state_publisher.py -> /home/uocav/ros-workspace/build/urdf_tutorial_r2d2/build/lib/urdf_tutorial_r2d2
[0.991s] copying urdf_tutorial_r2d2/__init__.py -> /home/uocav/ros-workspace/build/urdf_tutorial_r2d2/build/lib/urdf_tutorial_r2d2
[0.991s] running install
[0.992s] /usr/lib/python3/dist-packages/setuptools/command/install.py:34: SetuptoolsDeprecationWarning: setup.py install is deprecated. Use build and pip and other standards-based tools.
[0.992s]   warnings.warn(
[0.992s] running install_lib
[0.992s] creating /home/uocav/ros-workspace/install/urdf_tutorial_r2d2/lib/python3.10/site-packages/urdf_tutorial_r2d2
[0.993s] copying /home/uocav/ros-workspace/build/urdf_tutorial_r2d2/build/lib/urdf_tutorial_r2d2/state_publisher.py -> /home/uocav/ros-workspace/install/urdf_tutorial_r2d2/lib/python3.10/site-packages/urdf_tutorial_r2d2
[0.993s] copying /home/uocav/ros-workspace/build/urdf_tutorial_r2d2/build/lib/urdf_tutorial_r2d2/__init__.py -> /home/uocav/ros-workspace/install/urdf_tutorial_r2d2/lib/python3.10/site-packages/urdf_tutorial_r2d2
[0.993s] byte-compiling /home/uocav/ros-workspace/install/urdf_tutorial_r2d2/lib/python3.10/site-packages/urdf_tutorial_r2d2/state_publisher.py to state_publisher.cpython-310.pyc
[0.994s] byte-compiling /home/uocav/ros-workspace/install/urdf_tutorial_r2d2/lib/python3.10/site-packages/urdf_tutorial_r2d2/__init__.py to __init__.cpython-310.pyc
[0.994s] running install_data
[0.995s] creating /home/uocav/ros-workspace/install/urdf_tutorial_r2d2/share/ament_index
[0.995s] creating /home/uocav/ros-workspace/install/urdf_tutorial_r2d2/share/ament_index/resource_index
[0.995s] creating /home/uocav/ros-workspace/install/urdf_tutorial_r2d2/share/ament_index/resource_index/packages
[0.995s] copying resource/urdf_tutorial_r2d2 -> /home/uocav/ros-workspace/install/urdf_tutorial_r2d2/share/ament_index/resource_index/packages
[0.995s] copying package.xml -> /home/uocav/ros-workspace/install/urdf_tutorial_r2d2/share/urdf_tutorial_r2d2
[0.995s] creating /home/uocav/ros-workspace/install/urdf_tutorial_r2d2/share/urdf_tutorial_r2d2/launch
[0.995s] copying launch/demo.launch.py -> /home/uocav/ros-workspace/install/urdf_tutorial_r2d2/share/urdf_tutorial_r2d2/launch
[0.995s] copying urdf/r2d2.urdf.xml -> /home/uocav/ros-workspace/install/urdf_tutorial_r2d2/share/urdf_tutorial_r2d2
[0.995s] copying urdf/r2d2.rviz -> /home/uocav/ros-workspace/install/urdf_tutorial_r2d2/share/urdf_tutorial_r2d2
[0.995s] running install_egg_info
[0.997s] Copying ../../build/urdf_tutorial_r2d2/urdf_tutorial_r2d2.egg-info to /home/uocav/ros-workspace/install/urdf_tutorial_r2d2/lib/python3.10/site-packages/urdf_tutorial_r2d2-0.0.0-py3.10.egg-info
[0.997s] running install_scripts
[1.015s] Installing state_publisher script to /home/uocav/ros-workspace/install/urdf_tutorial_r2d2/lib/urdf_tutorial_r2d2
[1.015s] writing list of installed files to '/home/uocav/ros-workspace/build/urdf_tutorial_r2d2/install.log'
[1.045s] Invoked command in '/home/uocav/ros-workspace/src/urdf_tutorial_r2d2' returned '0': PYTHONPATH=/home/uocav/ros-workspace/build/urdf_tutorial_r2d2/prefix_override:/home/uocav/ros-workspace/install/urdf_tutorial_r2d2/lib/python3.10/site-packages:${PYTHONPATH} /usr/bin/python3 setup.py egg_info --egg-base ../../build/urdf_tutorial_r2d2 build --build-base /home/uocav/ros-workspace/build/urdf_tutorial_r2d2/build install --record /home/uocav/ros-workspace/build/urdf_tutorial_r2d2/install.log --install-scripts $base/lib/urdf_tutorial_r2d2 --single-version-externally-managed
