[0.224s] Invoking command in '/home/uocav/ros-workspace/build/pointcloud_to_laserscan': CMAKE_PREFIX_PATH=${CMAKE_PREFIX_PATH}:/opt/ros/humble:/home/uocav/ros-workspace/install/urdf_tutorial_r2d2:/opt/ros/foxy /usr/bin/cmake /home/uocav/ros-workspace/src/pointcloud_to_laser -DCMAKE_BUILD_TYPE=Release -DAMENT_CMAKE_SYMLINK_INSTALL=1 -DCMAKE_INSTALL_PREFIX=/home/uocav/ros-workspace/install/pointcloud_to_laserscan
[0.336s] -- The C compiler identification is GNU 11.4.0
[0.435s] -- The CXX compiler identification is GNU 11.4.0
[0.443s] -- Detecting C compiler ABI info
[0.527s] -- Detecting C compiler ABI info - done
[0.538s] -- Check for working C compiler: /usr/bin/cc - skipped
[0.575s] -- Detecting C compile features
[0.575s] -- Detecting C compile features - done
[0.575s] -- Detecting CXX compiler ABI info
[0.650s] -- Detecting CXX compiler ABI info - done
[0.668s] -- Check for working CXX compiler: /usr/bin/c++ - skipped
[0.668s] -- Detecting CXX compile features
[0.668s] -- Detecting CXX compile features - done
[0.668s] -- Found ament_cmake: 0.9.12 (/opt/ros/foxy/share/ament_cmake/cmake)
[0.708s] -- Found PythonInterp: /usr/bin/python3 (found suitable version "3.10.12", minimum required is "3") 
[0.708s] -- Using PYTHON_EXECUTABLE: /usr/bin/python3
[0.785s] -- Override CMake install command with custom implementation using symlinks instead of copying resources
[0.813s] -- Found laser_geometry: 2.2.0 (/opt/ros/foxy/share/laser_geometry/cmake)
[0.828s] -- Found message_filters: 3.2.7 (/opt/ros/foxy/share/message_filters/cmake)
[0.831s] -- Found rclcpp: 2.4.3 (/opt/ros/foxy/share/rclcpp/cmake)
[0.871s] -- Using all available rosidl_typesupport_c: rosidl_typesupport_fastrtps_c;rosidl_typesupport_introspection_c
[0.876s] -- Found rosidl_adapter: 1.3.1 (/opt/ros/foxy/share/rosidl_adapter/cmake)
[0.899s] -- Found OpenSSL: /usr/lib/x86_64-linux-gnu/libcrypto.so (found version "3.0.2")  
[1.000s] -- Using all available rosidl_typesupport_cpp: rosidl_typesupport_fastrtps_cpp;rosidl_typesupport_introspection_cpp
[1.045s] -- Found rmw_implementation_cmake: 1.0.4 (/opt/ros/foxy/share/rmw_implementation_cmake/cmake)
[1.048s] -- Using RMW implementation 'rmw_fastrtps_cpp' as default
[1.175s] -- Found rclcpp_components: 2.4.3 (/opt/ros/foxy/share/rclcpp_components/cmake)
[1.226s] -- Found sensor_msgs: 2.0.5 (/opt/ros/foxy/share/sensor_msgs/cmake)
[1.317s] -- Found tf2: 0.13.14 (/opt/ros/foxy/share/tf2/cmake)
[1.326s] -- Found tf2_ros: 0.13.14 (/opt/ros/foxy/share/tf2_ros/cmake)
[1.547s] -- Found tf2_sensor_msgs: 0.13.14 (/opt/ros/foxy/share/tf2_sensor_msgs/cmake)
[1.584s] -- Found ament_lint_auto: 0.9.8 (/opt/ros/foxy/share/ament_lint_auto/cmake)
[1.694s] -- Added test 'cppcheck' to perform static code analysis on C / C++ code
[1.694s] -- Configured cppcheck include dirs: /home/uocav/ros-workspace/src/pointcloud_to_laser/include
[1.694s] -- Configured cppcheck exclude dirs and/or files: 
[1.695s] -- Added test 'cpplint' to check C / C++ code against the Google style
[1.695s] -- Configured cpplint exclude dirs and/or files: 
[1.695s] -- Added test 'flake8' to check Python code syntax and style conventions
[1.695s] -- Added test 'lint_cmake' to check CMake code style
[1.695s] -- Added test 'pep257' to check Python code against some of the style conventions in PEP 257
[1.696s] -- Added test 'uncrustify' to check C / C++ code style
[1.697s] -- Configured uncrustify additional arguments: 
[1.697s] -- Added test 'xmllint' to check XML markup files
[1.697s] -- Configuring done
[1.728s] -- Generating done
[1.730s] -- Build files have been written to: /home/uocav/ros-workspace/build/pointcloud_to_laserscan
[1.748s] Invoked command in '/home/uocav/ros-workspace/build/pointcloud_to_laserscan' returned '0': CMAKE_PREFIX_PATH=${CMAKE_PREFIX_PATH}:/opt/ros/humble:/home/uocav/ros-workspace/install/urdf_tutorial_r2d2:/opt/ros/foxy /usr/bin/cmake /home/uocav/ros-workspace/src/pointcloud_to_laser -DCMAKE_BUILD_TYPE=Release -DAMENT_CMAKE_SYMLINK_INSTALL=1 -DCMAKE_INSTALL_PREFIX=/home/uocav/ros-workspace/install/pointcloud_to_laserscan
[1.748s] Invoking command in '/home/uocav/ros-workspace/build/pointcloud_to_laserscan': CMAKE_PREFIX_PATH=${CMAKE_PREFIX_PATH}:/opt/ros/humble:/home/uocav/ros-workspace/install/urdf_tutorial_r2d2:/opt/ros/foxy /usr/bin/cmake --build /home/uocav/ros-workspace/build/pointcloud_to_laserscan -- -j6 -l6
[1.819s] [ 10%] [32mBuilding CXX object CMakeFiles/dummy_pointcloud_publisher.dir/src/dummy_pointcloud_publisher.cpp.o[0m
[1.821s] [ 20%] [32mBuilding CXX object CMakeFiles/laserscan_to_pointcloud.dir/src/laserscan_to_pointcloud_node.cpp.o[0m
[1.860s] [ 30%] [32mBuilding CXX object CMakeFiles/pointcloud_to_laserscan_node.dir/rclcpp_components/node_main_pointcloud_to_laserscan_node.cpp.o[0m
[1.864s] [ 40%] [32mBuilding CXX object CMakeFiles/laserscan_to_pointcloud_node.dir/rclcpp_components/node_main_laserscan_to_pointcloud_node.cpp.o[0m
[1.870s] [ 50%] [32mBuilding CXX object CMakeFiles/pointcloud_to_laserscan.dir/src/pointcloud_to_laserscan_node.cpp.o[0m
[5.278s] [ 60%] [32m[1mLinking CXX executable pointcloud_to_laserscan_node[0m
[5.303s] [ 70%] [32m[1mLinking CXX executable laserscan_to_pointcloud_node[0m
[5.477s] /usr/bin/ld: /opt/ros/foxy/lib/librcl_logging_spdlog.so: undefined reference to `spdlog::details::log_msg::log_msg(spdlog::source_loc, fmt::v6::basic_string_view<char>, spdlog::level::level_enum, fmt::v6::basic_string_view<char>)'
[5.484s] collect2: error: ld returned 1 exit status
[5.485s] make[2]: *** [CMakeFiles/pointcloud_to_laserscan_node.dir/build.make:154: pointcloud_to_laserscan_node] Error 1
[5.485s] make[1]: *** [CMakeFiles/Makefile2:223: CMakeFiles/pointcloud_to_laserscan_node.dir/all] Error 2
[5.485s] make[1]: *** Waiting for unfinished jobs....
[5.554s] /usr/bin/ld: /opt/ros/foxy/lib/librcl_logging_spdlog.so: undefined reference to `spdlog::details::log_msg::log_msg(spdlog::source_loc, fmt::v6::basic_string_view<char>, spdlog::level::level_enum, fmt::v6::basic_string_view<char>)'
[5.559s] collect2: error: ld returned 1 exit status
[5.561s] make[2]: *** [CMakeFiles/laserscan_to_pointcloud_node.dir/build.make:154: laserscan_to_pointcloud_node] Error 1
[5.561s] make[1]: *** [CMakeFiles/Makefile2:171: CMakeFiles/laserscan_to_pointcloud_node.dir/all] Error 2
[6.569s] [ 80%] [32m[1mLinking CXX executable dummy_pointcloud_publisher[0m
[6.697s] /usr/bin/ld: /opt/ros/foxy/lib/librcl_logging_spdlog.so: undefined reference to `spdlog::details::log_msg::log_msg(spdlog::source_loc, fmt::v6::basic_string_view<char>, spdlog::level::level_enum, fmt::v6::basic_string_view<char>)'
[6.703s] collect2: error: ld returned 1 exit status
[6.704s] make[2]: *** [CMakeFiles/dummy_pointcloud_publisher.dir/build.make:155: dummy_pointcloud_publisher] Error 1
[6.705s] make[1]: *** [CMakeFiles/Makefile2:249: CMakeFiles/dummy_pointcloud_publisher.dir/all] Error 2
[11.899s] [ 90%] [32m[1mLinking CXX shared library liblaserscan_to_pointcloud.so[0m
[12.025s] [100%] [32m[1mLinking CXX shared library libpointcloud_to_laserscan.so[0m
[12.066s] [100%] Built target laserscan_to_pointcloud
[12.194s] [100%] Built target pointcloud_to_laserscan
[12.195s] make: *** [Makefile:146: all] Error 2
