[0.374s] Invoking command in '/home/jetson/ros-workspace/build/micro_ros_setup': CMAKE_PREFIX_PATH=${CMAKE_PREFIX_PATH}:/opt/ros/foxy /usr/bin/cmake --build /home/jetson/ros-workspace/build/micro_ros_setup -- -j6 -l6
[0.712s] Invoked command in '/home/jetson/ros-workspace/build/micro_ros_setup' returned '0': CMAKE_PREFIX_PATH=${CMAKE_PREFIX_PATH}:/opt/ros/foxy /usr/bin/cmake --build /home/jetson/ros-workspace/build/micro_ros_setup -- -j6 -l6
[1.319s] Invoking command in '/home/jetson/ros-workspace/build/micro_ros_setup': CMAKE_PREFIX_PATH=${CMAKE_PREFIX_PATH}:/opt/ros/foxy /usr/bin/cmake --install /home/jetson/ros-workspace/build/micro_ros_setup
[1.473s] -- Install configuration: "Release"
[1.476s] -- Execute custom install script
[1.483s] -- Up-to-date symlink: /home/jetson/ros-workspace/install/micro_ros_setup/share/ament_index/resource_index/package_run_dependencies/micro_ros_setup
[1.483s] -- Up-to-date symlink: /home/jetson/ros-workspace/install/micro_ros_setup/share/ament_index/resource_index/parent_prefix_path/micro_ros_setup
[1.485s] -- Up-to-date symlink: /home/jetson/ros-workspace/install/micro_ros_setup/share/micro_ros_setup/environment/ament_prefix_path.sh
[1.499s] -- Up-to-date symlink: /home/jetson/ros-workspace/install/micro_ros_setup/share/micro_ros_setup/environment/ament_prefix_path.dsv
[1.501s] -- Up-to-date symlink: /home/jetson/ros-workspace/install/micro_ros_setup/share/micro_ros_setup/environment/path.sh
[1.502s] -- Up-to-date symlink: /home/jetson/ros-workspace/install/micro_ros_setup/share/micro_ros_setup/environment/path.dsv
[1.507s] -- Up-to-date symlink: /home/jetson/ros-workspace/install/micro_ros_setup/share/micro_ros_setup/local_setup.bash
[1.511s] -- Up-to-date symlink: /home/jetson/ros-workspace/install/micro_ros_setup/share/micro_ros_setup/local_setup.sh
[1.517s] -- Up-to-date symlink: /home/jetson/ros-workspace/install/micro_ros_setup/share/micro_ros_setup/local_setup.zsh
[1.521s] -- Up-to-date symlink: /home/jetson/ros-workspace/install/micro_ros_setup/share/micro_ros_setup/local_setup.dsv
[1.524s] -- Symlinking: /home/jetson/ros-workspace/install/micro_ros_setup/share/micro_ros_setup/package.dsv
[1.604s] -- Up-to-date symlink: /home/jetson/ros-workspace/install/micro_ros_setup/share/ament_index/resource_index/packages/micro_ros_setup
[1.615s] -- Up-to-date symlink: /home/jetson/ros-workspace/install/micro_ros_setup/share/micro_ros_setup/cmake/micro_ros_setupConfig.cmake
[1.627s] -- Up-to-date symlink: /home/jetson/ros-workspace/install/micro_ros_setup/share/micro_ros_setup/cmake/micro_ros_setupConfig-version.cmake
[1.629s] -- Up-to-date symlink: /home/jetson/ros-workspace/install/micro_ros_setup/share/micro_ros_setup/package.xml
[1.630s] -- Up-to-date symlink: /home/jetson/ros-workspace/install/micro_ros_setup/lib/micro_ros_setup/create_ws.sh
[1.640s] -- Up-to-date symlink: /home/jetson/ros-workspace/install/micro_ros_setup/lib/micro_ros_setup/create_agent_ws.sh
[1.640s] -- Up-to-date symlink: /home/jetson/ros-workspace/install/micro_ros_setup/lib/micro_ros_setup/create_firmware_ws.sh
[1.642s] -- Up-to-date symlink: /home/jetson/ros-workspace/install/micro_ros_setup/lib/micro_ros_setup/configure_firmware.sh
[1.645s] -- Up-to-date symlink: /home/jetson/ros-workspace/install/micro_ros_setup/lib/micro_ros_setup/flash_firmware.sh
[1.645s] -- Up-to-date symlink: /home/jetson/ros-workspace/install/micro_ros_setup/lib/micro_ros_setup/reset_firmware.sh
[1.646s] -- Up-to-date symlink: /home/jetson/ros-workspace/install/micro_ros_setup/lib/micro_ros_setup/build_firmware.sh
[1.646s] -- Up-to-date symlink: /home/jetson/ros-workspace/install/micro_ros_setup/lib/micro_ros_setup/build_agent.sh
[1.647s] -- Up-to-date symlink: /home/jetson/ros-workspace/install/micro_ros_setup/lib/micro_ros_setup/yaml_filter.py
[1.647s] -- Up-to-date symlink: /home/jetson/ros-workspace/install/micro_ros_setup/lib/micro_ros_setup/clean_env.sh
[1.648s] -- Up-to-date: /home/jetson/ros-workspace/install/micro_ros_setup/./config
[1.648s] -- Up-to-date: /home/jetson/ros-workspace/install/micro_ros_setup/./config/client_uros_packages.repos
[1.648s] -- Up-to-date: /home/jetson/ros-workspace/install/micro_ros_setup/./config/agent_uros_packages.repos
[1.649s] -- Up-to-date: /home/jetson/ros-workspace/install/micro_ros_setup/./config/host
[1.649s] -- Up-to-date: /home/jetson/ros-workspace/install/micro_ros_setup/./config/host/dev_uros_packages.repos
[1.650s] -- Up-to-date: /home/jetson/ros-workspace/install/micro_ros_setup/./config/host/dev_ros2_packages.txt
[1.650s] -- Up-to-date: /home/jetson/ros-workspace/install/micro_ros_setup/./config/host/client_ros2_packages.txt
[1.651s] -- Up-to-date: /home/jetson/ros-workspace/install/micro_ros_setup/./config/host/generic
[1.662s] -- Up-to-date: /home/jetson/ros-workspace/install/micro_ros_setup/./config/host/generic/package.xml
[1.676s] -- Up-to-date: /home/jetson/ros-workspace/install/micro_ros_setup/./config/host/generic/flash.sh
[1.679s] -- Up-to-date: /home/jetson/ros-workspace/install/micro_ros_setup/./config/host/generic/create.sh
[1.681s] -- Up-to-date: /home/jetson/ros-workspace/install/micro_ros_setup/./config/host/generic/client_host_packages.repos
[1.693s] -- Up-to-date: /home/jetson/ros-workspace/install/micro_ros_setup/./config/host/generic/client-host-colcon.meta
[1.696s] -- Up-to-date: /home/jetson/ros-workspace/install/micro_ros_setup/./config/host/generic/reset.sh
[1.697s] -- Up-to-date: /home/jetson/ros-workspace/install/micro_ros_setup/./config/host/generic/build.sh
[1.698s] -- Up-to-date: /home/jetson/ros-workspace/install/micro_ros_setup/./config/freertos
[1.699s] -- Up-to-date: /home/jetson/ros-workspace/install/micro_ros_setup/./config/freertos/nucleo_f767zi
[1.699s] -- Up-to-date: /home/jetson/ros-workspace/install/micro_ros_setup/./config/freertos/nucleo_f767zi/client_uros_packages.repos
[1.700s] -- Up-to-date: /home/jetson/ros-workspace/install/micro_ros_setup/./config/freertos/nucleo_f767zi/package.xml
[1.700s] -- Up-to-date: /home/jetson/ros-workspace/install/micro_ros_setup/./config/freertos/nucleo_f767zi/configure.sh
[1.704s] -- Up-to-date: /home/jetson/ros-workspace/install/micro_ros_setup/./config/freertos/nucleo_f767zi/flash.sh
[1.705s] -- Up-to-date: /home/jetson/ros-workspace/install/micro_ros_setup/./config/freertos/nucleo_f767zi/create.sh
[1.706s] -- Up-to-date: /home/jetson/ros-workspace/install/micro_ros_setup/./config/freertos/nucleo_f767zi/board.repos
[1.706s] -- Up-to-date: /home/jetson/ros-workspace/install/micro_ros_setup/./config/freertos/nucleo_f767zi/reset.sh
[1.707s] -- Up-to-date: /home/jetson/ros-workspace/install/micro_ros_setup/./config/freertos/nucleo_f767zi/client-colcon.meta
[1.716s] -- Up-to-date: /home/jetson/ros-workspace/install/micro_ros_setup/./config/freertos/nucleo_f767zi/build.sh
[1.717s] -- Up-to-date: /home/jetson/ros-workspace/install/micro_ros_setup/./config/freertos/dev_uros_packages.repos
[1.717s] -- Up-to-date: /home/jetson/ros-workspace/install/micro_ros_setup/./config/freertos/crazyflie21
[1.718s] -- Up-to-date: /home/jetson/ros-workspace/install/micro_ros_setup/./config/freertos/crazyflie21/client_uros_packages.repos
[1.718s] -- Up-to-date: /home/jetson/ros-workspace/install/micro_ros_setup/./config/freertos/crazyflie21/package.xml
[1.719s] -- Up-to-date: /home/jetson/ros-workspace/install/micro_ros_setup/./config/freertos/crazyflie21/configure.sh
[1.719s] -- Up-to-date: /home/jetson/ros-workspace/install/micro_ros_setup/./config/freertos/crazyflie21/flash.sh
[1.719s] -- Up-to-date: /home/jetson/ros-workspace/install/micro_ros_setup/./config/freertos/crazyflie21/create.sh
[1.720s] -- Up-to-date: /home/jetson/ros-workspace/install/micro_ros_setup/./config/freertos/crazyflie21/board.repos
[1.720s] -- Up-to-date: /home/jetson/ros-workspace/install/micro_ros_setup/./config/freertos/crazyflie21/client-colcon.meta
[1.721s] -- Up-to-date: /home/jetson/ros-workspace/install/micro_ros_setup/./config/freertos/crazyflie21/build.sh
[1.721s] -- Up-to-date: /home/jetson/ros-workspace/install/micro_ros_setup/./config/freertos/nucleo_f446ze
[1.722s] -- Up-to-date: /home/jetson/ros-workspace/install/micro_ros_setup/./config/freertos/nucleo_f446ze/client_uros_packages.repos
[1.722s] -- Up-to-date: /home/jetson/ros-workspace/install/micro_ros_setup/./config/freertos/nucleo_f446ze/package.xml
[1.723s] -- Up-to-date: /home/jetson/ros-workspace/install/micro_ros_setup/./config/freertos/nucleo_f446ze/configure.sh
[1.723s] -- Up-to-date: /home/jetson/ros-workspace/install/micro_ros_setup/./config/freertos/nucleo_f446ze/flash.sh
[1.723s] -- Up-to-date: /home/jetson/ros-workspace/install/micro_ros_setup/./config/freertos/nucleo_f446ze/create.sh
[1.724s] -- Up-to-date: /home/jetson/ros-workspace/install/micro_ros_setup/./config/freertos/nucleo_f446ze/board.repos
[1.724s] -- Up-to-date: /home/jetson/ros-workspace/install/micro_ros_setup/./config/freertos/nucleo_f446ze/reset.sh
[1.725s] -- Up-to-date: /home/jetson/ros-workspace/install/micro_ros_setup/./config/freertos/nucleo_f446ze/client-colcon.meta
[1.725s] -- Up-to-date: /home/jetson/ros-workspace/install/micro_ros_setup/./config/freertos/nucleo_f446ze/build.sh
[1.726s] -- Up-to-date: /home/jetson/ros-workspace/install/micro_ros_setup/./config/freertos/nucleo_f446re
[1.745s] -- Up-to-date: /home/jetson/ros-workspace/install/micro_ros_setup/./config/freertos/nucleo_f446re/client_uros_packages.repos
[1.746s] -- Up-to-date: /home/jetson/ros-workspace/install/micro_ros_setup/./config/freertos/nucleo_f446re/package.xml
[1.747s] -- Up-to-date: /home/jetson/ros-workspace/install/micro_ros_setup/./config/freertos/nucleo_f446re/configure.sh
[1.747s] -- Up-to-date: /home/jetson/ros-workspace/install/micro_ros_setup/./config/freertos/nucleo_f446re/flash.sh
[1.748s] -- Up-to-date: /home/jetson/ros-workspace/install/micro_ros_setup/./config/freertos/nucleo_f446re/create.sh
[1.748s] -- Up-to-date: /home/jetson/ros-workspace/install/micro_ros_setup/./config/freertos/nucleo_f446re/board.repos
[1.750s] -- Up-to-date: /home/jetson/ros-workspace/install/micro_ros_setup/./config/freertos/nucleo_f446re/reset.sh
[1.750s] -- Up-to-date: /home/jetson/ros-workspace/install/micro_ros_setup/./config/freertos/nucleo_f446re/client-colcon.meta
[1.751s] -- Up-to-date: /home/jetson/ros-workspace/install/micro_ros_setup/./config/freertos/nucleo_f446re/build.sh
[1.751s] -- Up-to-date: /home/jetson/ros-workspace/install/micro_ros_setup/./config/freertos/list_apps.sh
[1.752s] -- Up-to-date: /home/jetson/ros-workspace/install/micro_ros_setup/./config/freertos/olimex-stm32-e407
[1.752s] -- Up-to-date: /home/jetson/ros-workspace/install/micro_ros_setup/./config/freertos/olimex-stm32-e407/client_uros_packages.repos
[1.753s] -- Up-to-date: /home/jetson/ros-workspace/install/micro_ros_setup/./config/freertos/olimex-stm32-e407/package.xml
[1.754s] -- Up-to-date: /home/jetson/ros-workspace/install/micro_ros_setup/./config/freertos/olimex-stm32-e407/configure.sh
[1.755s] -- Up-to-date: /home/jetson/ros-workspace/install/micro_ros_setup/./config/freertos/olimex-stm32-e407/flash.sh
[1.755s] -- Up-to-date: /home/jetson/ros-workspace/install/micro_ros_setup/./config/freertos/olimex-stm32-e407/create.sh
[1.756s] -- Up-to-date: /home/jetson/ros-workspace/install/micro_ros_setup/./config/freertos/olimex-stm32-e407/board.repos
[1.756s] -- Up-to-date: /home/jetson/ros-workspace/install/micro_ros_setup/./config/freertos/olimex-stm32-e407/reset.sh
[1.757s] -- Up-to-date: /home/jetson/ros-workspace/install/micro_ros_setup/./config/freertos/olimex-stm32-e407/client-colcon.meta
[1.757s] -- Up-to-date: /home/jetson/ros-workspace/install/micro_ros_setup/./config/freertos/olimex-stm32-e407/build.sh
[1.766s] -- Up-to-date: /home/jetson/ros-workspace/install/micro_ros_setup/./config/freertos/dev_ros2_packages.txt
[1.768s] -- Up-to-date: /home/jetson/ros-workspace/install/micro_ros_setup/./config/freertos/nucleo_f746zg
[1.768s] -- Up-to-date: /home/jetson/ros-workspace/install/micro_ros_setup/./config/freertos/nucleo_f746zg/client_uros_packages.repos
[1.769s] -- Up-to-date: /home/jetson/ros-workspace/install/micro_ros_setup/./config/freertos/nucleo_f746zg/package.xml
[1.769s] -- Up-to-date: /home/jetson/ros-workspace/install/micro_ros_setup/./config/freertos/nucleo_f746zg/configure.sh
[1.770s] -- Up-to-date: /home/jetson/ros-workspace/install/micro_ros_setup/./config/freertos/nucleo_f746zg/flash.sh
[1.770s] -- Up-to-date: /home/jetson/ros-workspace/install/micro_ros_setup/./config/freertos/nucleo_f746zg/create.sh
[1.775s] -- Up-to-date: /home/jetson/ros-workspace/install/micro_ros_setup/./config/freertos/nucleo_f746zg/board.repos
[1.776s] -- Up-to-date: /home/jetson/ros-workspace/install/micro_ros_setup/./config/freertos/nucleo_f746zg/reset.sh
[1.776s] -- Up-to-date: /home/jetson/ros-workspace/install/micro_ros_setup/./config/freertos/nucleo_f746zg/client-colcon.meta
[1.778s] -- Up-to-date: /home/jetson/ros-workspace/install/micro_ros_setup/./config/freertos/nucleo_f746zg/build.sh
[1.778s] -- Up-to-date: /home/jetson/ros-workspace/install/micro_ros_setup/./config/freertos/esp32
[1.779s] -- Up-to-date: /home/jetson/ros-workspace/install/micro_ros_setup/./config/freertos/esp32/client_uros_packages.repos
[1.780s] -- Up-to-date: /home/jetson/ros-workspace/install/micro_ros_setup/./config/freertos/esp32/package.xml
[1.780s] -- Up-to-date: /home/jetson/ros-workspace/install/micro_ros_setup/./config/freertos/esp32/configure.sh
[1.781s] -- Up-to-date: /home/jetson/ros-workspace/install/micro_ros_setup/./config/freertos/esp32/flash.sh
[1.781s] -- Up-to-date: /home/jetson/ros-workspace/install/micro_ros_setup/./config/freertos/esp32/create.sh
[1.782s] -- Up-to-date: /home/jetson/ros-workspace/install/micro_ros_setup/./config/freertos/esp32/board.repos
[1.785s] -- Up-to-date: /home/jetson/ros-workspace/install/micro_ros_setup/./config/freertos/esp32/README.md
[1.785s] -- Up-to-date: /home/jetson/ros-workspace/install/micro_ros_setup/./config/freertos/esp32/client-colcon.meta
[1.786s] -- Up-to-date: /home/jetson/ros-workspace/install/micro_ros_setup/./config/freertos/esp32/build.sh
[1.786s] -- Up-to-date: /home/jetson/ros-workspace/install/micro_ros_setup/./config/agent_ros2_packages.txt
[1.787s] -- Up-to-date: /home/jetson/ros-workspace/install/micro_ros_setup/./config/nuttx
[1.787s] -- Up-to-date: /home/jetson/ros-workspace/install/micro_ros_setup/./config/nuttx/dev_uros_packages.repos
[1.788s] -- Up-to-date: /home/jetson/ros-workspace/install/micro_ros_setup/./config/nuttx/dev_ros2_packages.txt
[1.788s] -- Up-to-date: /home/jetson/ros-workspace/install/micro_ros_setup/./config/nuttx/generic
[1.789s] -- Up-to-date: /home/jetson/ros-workspace/install/micro_ros_setup/./config/nuttx/generic/client_uros_packages.repos
[1.789s] -- Up-to-date: /home/jetson/ros-workspace/install/micro_ros_setup/./config/nuttx/generic/package.xml
[1.790s] -- Up-to-date: /home/jetson/ros-workspace/install/micro_ros_setup/./config/nuttx/generic/configure.sh
[1.805s] -- Up-to-date: /home/jetson/ros-workspace/install/micro_ros_setup/./config/nuttx/generic/flash.sh
[1.806s] -- Up-to-date: /home/jetson/ros-workspace/install/micro_ros_setup/./config/nuttx/generic/create.sh
[1.806s] -- Up-to-date: /home/jetson/ros-workspace/install/micro_ros_setup/./config/nuttx/generic/uros_packages.repos
[1.807s] -- Up-to-date: /home/jetson/ros-workspace/install/micro_ros_setup/./config/nuttx/generic/supported_platforms
[1.807s] -- Up-to-date: /home/jetson/ros-workspace/install/micro_ros_setup/./config/nuttx/generic/reset.sh
[1.808s] -- Up-to-date: /home/jetson/ros-workspace/install/micro_ros_setup/./config/nuttx/generic/client-colcon.meta
[1.808s] -- Up-to-date: /home/jetson/ros-workspace/install/micro_ros_setup/./config/nuttx/generic/build.sh
[1.809s] -- Up-to-date: /home/jetson/ros-workspace/install/micro_ros_setup/./config/renesas_ra
[1.811s] -- Up-to-date: /home/jetson/ros-workspace/install/micro_ros_setup/./config/renesas_ra/dev_uros_packages.repos
[1.812s] -- Up-to-date: /home/jetson/ros-workspace/install/micro_ros_setup/./config/renesas_ra/list_apps.sh
[1.813s] -- Up-to-date: /home/jetson/ros-workspace/install/micro_ros_setup/./config/renesas_ra/ra6m5
[1.813s] -- Up-to-date: /home/jetson/ros-workspace/install/micro_ros_setup/./config/renesas_ra/ra6m5/client_uros_packages.repos
[1.814s] -- Up-to-date: /home/jetson/ros-workspace/install/micro_ros_setup/./config/renesas_ra/ra6m5/configure.sh
[1.814s] -- Up-to-date: /home/jetson/ros-workspace/install/micro_ros_setup/./config/renesas_ra/ra6m5/flash.sh
[1.815s] -- Up-to-date: /home/jetson/ros-workspace/install/micro_ros_setup/./config/renesas_ra/ra6m5/create.sh
[1.815s] -- Up-to-date: /home/jetson/ros-workspace/install/micro_ros_setup/./config/renesas_ra/ra6m5/board.repos
[1.820s] -- Up-to-date: /home/jetson/ros-workspace/install/micro_ros_setup/./config/renesas_ra/ra6m5/client-colcon.meta
[1.825s] -- Up-to-date: /home/jetson/ros-workspace/install/micro_ros_setup/./config/renesas_ra/ra6m5/build.sh
[1.827s] -- Up-to-date: /home/jetson/ros-workspace/install/micro_ros_setup/./config/renesas_ra/dev_ros2_packages.txt
[1.829s] -- Up-to-date: /home/jetson/ros-workspace/install/micro_ros_setup/./config/generate_lib
[1.830s] -- Up-to-date: /home/jetson/ros-workspace/install/micro_ros_setup/./config/generate_lib/dev_uros_packages.repos
[1.832s] -- Up-to-date: /home/jetson/ros-workspace/install/micro_ros_setup/./config/generate_lib/dev_ros2_packages.txt
[1.833s] -- Up-to-date: /home/jetson/ros-workspace/install/micro_ros_setup/./config/generate_lib/generic
[1.834s] -- Up-to-date: /home/jetson/ros-workspace/install/micro_ros_setup/./config/generate_lib/generic/client_uros_packages.repos
[1.835s] -- Up-to-date: /home/jetson/ros-workspace/install/micro_ros_setup/./config/generate_lib/generic/package.xml
[1.836s] -- Up-to-date: /home/jetson/ros-workspace/install/micro_ros_setup/./config/generate_lib/generic/flash.sh
[1.837s] -- Up-to-date: /home/jetson/ros-workspace/install/micro_ros_setup/./config/generate_lib/generic/create.sh
[1.838s] -- Up-to-date: /home/jetson/ros-workspace/install/micro_ros_setup/./config/generate_lib/generic/demo_toolchain.cmake
[1.839s] -- Up-to-date: /home/jetson/ros-workspace/install/micro_ros_setup/./config/generate_lib/generic/client-colcon.meta
[1.841s] -- Up-to-date: /home/jetson/ros-workspace/install/micro_ros_setup/./config/generate_lib/generic/build.sh
[1.843s] -- Up-to-date: /home/jetson/ros-workspace/install/micro_ros_setup/./config/zephyr
[1.844s] -- Up-to-date: /home/jetson/ros-workspace/install/micro_ros_setup/./config/zephyr/dev_uros_packages.repos
[1.845s] -- Up-to-date: /home/jetson/ros-workspace/install/micro_ros_setup/./config/zephyr/list_apps.sh
[1.846s] -- Up-to-date: /home/jetson/ros-workspace/install/micro_ros_setup/./config/zephyr/dev_ros2_packages.txt
[1.846s] -- Up-to-date: /home/jetson/ros-workspace/install/micro_ros_setup/./config/zephyr/generic
[1.847s] -- Up-to-date: /home/jetson/ros-workspace/install/micro_ros_setup/./config/zephyr/generic/client_uros_packages.repos
[1.848s] -- Up-to-date: /home/jetson/ros-workspace/install/micro_ros_setup/./config/zephyr/generic/package.xml
[1.849s] -- Up-to-date: /home/jetson/ros-workspace/install/micro_ros_setup/./config/zephyr/generic/configure.sh
[1.849s] -- Up-to-date: /home/jetson/ros-workspace/install/micro_ros_setup/./config/zephyr/generic/flash.sh
[1.850s] -- Up-to-date: /home/jetson/ros-workspace/install/micro_ros_setup/./config/zephyr/generic/create.sh
[1.851s] -- Up-to-date: /home/jetson/ros-workspace/install/micro_ros_setup/./config/zephyr/generic/board.repos
[1.852s] -- Up-to-date: /home/jetson/ros-workspace/install/micro_ros_setup/./config/zephyr/generic/supported_platforms
[1.853s] -- Up-to-date: /home/jetson/ros-workspace/install/micro_ros_setup/./config/zephyr/generic/reset.sh
[1.853s] -- Up-to-date: /home/jetson/ros-workspace/install/micro_ros_setup/./config/zephyr/generic/client-colcon.meta
[1.854s] -- Up-to-date: /home/jetson/ros-workspace/install/micro_ros_setup/./config/zephyr/generic/build.sh
[1.856s] -- Up-to-date: /home/jetson/ros-workspace/install/micro_ros_setup/./config/client_ros2_packages.txt
[1.857s] -- Up-to-date: /home/jetson/ros-workspace/install/micro_ros_setup/./config/utils.sh
[1.857s] -- Up-to-date: /home/jetson/ros-workspace/install/micro_ros_setup/./config/raspbian
[1.858s] -- Up-to-date: /home/jetson/ros-workspace/install/micro_ros_setup/./config/raspbian/dev_uros_packages.repos
[1.860s] -- Up-to-date: /home/jetson/ros-workspace/install/micro_ros_setup/./config/raspbian/dev_ros2_packages.txt
[1.861s] -- Up-to-date: /home/jetson/ros-workspace/install/micro_ros_setup/./config/raspbian/generic
[1.862s] -- Up-to-date: /home/jetson/ros-workspace/install/micro_ros_setup/./config/raspbian/generic/client_uros_packages.repos
[1.862s] -- Up-to-date: /home/jetson/ros-workspace/install/micro_ros_setup/./config/raspbian/generic/configure.sh
[1.863s] -- Up-to-date: /home/jetson/ros-workspace/install/micro_ros_setup/./config/raspbian/generic/flash.sh
[1.864s] -- Up-to-date: /home/jetson/ros-workspace/install/micro_ros_setup/./config/raspbian/generic/create.sh
[1.864s] -- Up-to-date: /home/jetson/ros-workspace/install/micro_ros_setup/./config/raspbian/generic/supported_platforms
[1.865s] -- Up-to-date: /home/jetson/ros-workspace/install/micro_ros_setup/./config/raspbian/generic/client-colcon.meta
[1.866s] -- Up-to-date: /home/jetson/ros-workspace/install/micro_ros_setup/./config/raspbian/generic/build.sh
[1.875s] Invoked command in '/home/jetson/ros-workspace/build/micro_ros_setup' returned '0': CMAKE_PREFIX_PATH=${CMAKE_PREFIX_PATH}:/opt/ros/foxy /usr/bin/cmake --install /home/jetson/ros-workspace/build/micro_ros_setup
