[0.150s] Invoking command in '/home/jetson/ros-workspace/build/pointcloud_to_laserscan': CMAKE_PREFIX_PATH=${CMAKE_PREFIX_PATH}:/opt/ros/foxy /usr/bin/cmake /home/jetson/ros-workspace/src/pointcloud_to_laser -DCMAKE_BUILD_TYPE=Release -DAMENT_CMAKE_SYMLINK_INSTALL=1 -DCMAKE_INSTALL_PREFIX=/home/jetson/ros-workspace/install/pointcloud_to_laserscan
[0.268s] -- Found ament_cmake: 0.9.11 (/opt/ros/foxy/share/ament_cmake/cmake)
[0.384s] -- Using PYTHON_EXECUTABLE: /usr/bin/python3
[1.194s] -- Override CMake install command with custom implementation using symlinks instead of copying resources
[1.231s] -- Found laser_geometry: 2.2.0 (/opt/ros/foxy/share/laser_geometry/cmake)
[1.253s] -- Found message_filters: 3.2.5 (/opt/ros/foxy/share/message_filters/cmake)
[1.263s] -- Found rclcpp: 2.4.2 (/opt/ros/foxy/share/rclcpp/cmake)
[1.405s] -- Using all available rosidl_typesupport_c: rosidl_typesupport_fastrtps_c;rosidl_typesupport_introspection_c
[1.422s] -- Found rosidl_adapter: 1.3.0 (/opt/ros/foxy/share/rosidl_adapter/cmake)
[1.956s] -- Using all available rosidl_typesupport_cpp: rosidl_typesupport_fastrtps_cpp;rosidl_typesupport_introspection_cpp
[2.198s] -- Found rmw_implementation_cmake: 1.0.4 (/opt/ros/foxy/share/rmw_implementation_cmake/cmake)
[2.205s] -- Using RMW implementation 'rmw_fastrtps_cpp' as default
[2.880s] -- Found rclcpp_components: 2.4.2 (/opt/ros/foxy/share/rclcpp_components/cmake)
[3.089s] -- Found sensor_msgs: 2.0.5 (/opt/ros/foxy/share/sensor_msgs/cmake)
[3.487s] -- Found tf2: 0.13.14 (/opt/ros/foxy/share/tf2/cmake)
[3.529s] -- Found tf2_ros: 0.13.14 (/opt/ros/foxy/share/tf2_ros/cmake)
[4.583s] -- Found tf2_sensor_msgs: 0.13.14 (/opt/ros/foxy/share/tf2_sensor_msgs/cmake)
[4.842s] -- Found ament_lint_auto: 0.9.8 (/opt/ros/foxy/share/ament_lint_auto/cmake)
[5.150s] -- Added test 'cppcheck' to perform static code analysis on C / C++ code
[5.152s] -- Configured cppcheck include dirs: /home/jetson/ros-workspace/src/pointcloud_to_laser/include
[5.153s] -- Configured cppcheck exclude dirs and/or files: 
[5.158s] -- Added test 'cpplint' to check C / C++ code against the Google style
[5.160s] -- Configured cpplint exclude dirs and/or files: 
[5.161s] -- Added test 'flake8' to check Python code syntax and style conventions
[5.163s] -- Added test 'lint_cmake' to check CMake code style
[5.166s] -- Added test 'pep257' to check Python code against some of the style conventions in PEP 257
[5.183s] -- Added test 'uncrustify' to check C / C++ code style
[5.184s] -- Configured uncrustify additional arguments: 
[5.185s] -- Added test 'xmllint' to check XML markup files
[5.198s] -- Configuring done
[5.382s] -- Generating done
[5.396s] -- Build files have been written to: /home/jetson/ros-workspace/build/pointcloud_to_laserscan
[5.435s] Invoked command in '/home/jetson/ros-workspace/build/pointcloud_to_laserscan' returned '0': CMAKE_PREFIX_PATH=${CMAKE_PREFIX_PATH}:/opt/ros/foxy /usr/bin/cmake /home/jetson/ros-workspace/src/pointcloud_to_laser -DCMAKE_BUILD_TYPE=Release -DAMENT_CMAKE_SYMLINK_INSTALL=1 -DCMAKE_INSTALL_PREFIX=/home/jetson/ros-workspace/install/pointcloud_to_laserscan
[5.453s] Invoking command in '/home/jetson/ros-workspace/build/pointcloud_to_laserscan': CMAKE_PREFIX_PATH=${CMAKE_PREFIX_PATH}:/opt/ros/foxy /usr/bin/cmake --build /home/jetson/ros-workspace/build/pointcloud_to_laserscan -- -j4 -l4
[5.845s] [ 20%] Built target pointcloud_to_laserscan_node
[5.898s] [ 40%] Built target laserscan_to_pointcloud
[5.908s] [ 80%] Built target laserscan_to_pointcloud_node
[5.909s] [ 80%] Built target pointcloud_to_laserscan
[6.021s] [100%] Built target dummy_pointcloud_publisher
[6.080s] Invoked command in '/home/jetson/ros-workspace/build/pointcloud_to_laserscan' returned '0': CMAKE_PREFIX_PATH=${CMAKE_PREFIX_PATH}:/opt/ros/foxy /usr/bin/cmake --build /home/jetson/ros-workspace/build/pointcloud_to_laserscan -- -j4 -l4
[6.264s] Invoking command in '/home/jetson/ros-workspace/build/pointcloud_to_laserscan': CMAKE_PREFIX_PATH=${CMAKE_PREFIX_PATH}:/opt/ros/foxy /usr/bin/cmake --install /home/jetson/ros-workspace/build/pointcloud_to_laserscan
[6.303s] -- Install configuration: "Release"
[6.305s] -- Execute custom install script
[6.307s] -- Up-to-date symlink: /home/jetson/ros-workspace/install/pointcloud_to_laserscan/lib/pointcloud_to_laserscan/laserscan_to_pointcloud_node
[6.310s] -- Up-to-date symlink: /home/jetson/ros-workspace/install/pointcloud_to_laserscan/lib/pointcloud_to_laserscan/pointcloud_to_laserscan_node
[6.312s] -- Up-to-date symlink: /home/jetson/ros-workspace/install/pointcloud_to_laserscan/lib/liblaserscan_to_pointcloud.so
[6.314s] -- Up-to-date symlink: /home/jetson/ros-workspace/install/pointcloud_to_laserscan/lib/libpointcloud_to_laserscan.so
[6.316s] -- Up-to-date symlink: /home/jetson/ros-workspace/install/pointcloud_to_laserscan/lib/pointcloud_to_laserscan/dummy_pointcloud_publisher
[6.319s] -- Up-to-date symlink: /home/jetson/ros-workspace/install/pointcloud_to_laserscan/include/include/pointcloud_to_laserscan/laserscan_to_pointcloud_node.hpp
[6.320s] -- Up-to-date symlink: /home/jetson/ros-workspace/install/pointcloud_to_laserscan/include/include/pointcloud_to_laserscan/pointcloud_to_laserscan_node.hpp
[6.321s] -- Up-to-date symlink: /home/jetson/ros-workspace/install/pointcloud_to_laserscan/include/include/pointcloud_to_laserscan/visibility_control.h
[6.324s] -- Up-to-date symlink: /home/jetson/ros-workspace/install/pointcloud_to_laserscan/share/pointcloud_to_laserscan/launch/pcl_to_laser_launch.py
[6.325s] -- Up-to-date symlink: /home/jetson/ros-workspace/install/pointcloud_to_laserscan/share/pointcloud_to_laserscan/launch/sample_laserscan_to_pointcloud_launch.py
[6.327s] -- Up-to-date symlink: /home/jetson/ros-workspace/install/pointcloud_to_laserscan/share/pointcloud_to_laserscan/launch/sample_pointcloud_to_laserscan_launch.py
[6.328s] -- Up-to-date symlink: /home/jetson/ros-workspace/install/pointcloud_to_laserscan/share/ament_index/resource_index/package_run_dependencies/pointcloud_to_laserscan
[6.329s] -- Up-to-date symlink: /home/jetson/ros-workspace/install/pointcloud_to_laserscan/share/ament_index/resource_index/parent_prefix_path/pointcloud_to_laserscan
[6.330s] -- Up-to-date symlink: /home/jetson/ros-workspace/install/pointcloud_to_laserscan/share/pointcloud_to_laserscan/environment/ament_prefix_path.sh
[6.332s] -- Up-to-date symlink: /home/jetson/ros-workspace/install/pointcloud_to_laserscan/share/pointcloud_to_laserscan/environment/ament_prefix_path.dsv
[6.333s] -- Up-to-date symlink: /home/jetson/ros-workspace/install/pointcloud_to_laserscan/share/pointcloud_to_laserscan/environment/path.sh
[6.334s] -- Up-to-date symlink: /home/jetson/ros-workspace/install/pointcloud_to_laserscan/share/pointcloud_to_laserscan/environment/path.dsv
[6.336s] -- Up-to-date symlink: /home/jetson/ros-workspace/install/pointcloud_to_laserscan/share/pointcloud_to_laserscan/local_setup.bash
[6.337s] -- Up-to-date symlink: /home/jetson/ros-workspace/install/pointcloud_to_laserscan/share/pointcloud_to_laserscan/local_setup.sh
[6.338s] -- Up-to-date symlink: /home/jetson/ros-workspace/install/pointcloud_to_laserscan/share/pointcloud_to_laserscan/local_setup.zsh
[6.340s] -- Up-to-date symlink: /home/jetson/ros-workspace/install/pointcloud_to_laserscan/share/pointcloud_to_laserscan/local_setup.dsv
[6.341s] -- Symlinking: /home/jetson/ros-workspace/install/pointcloud_to_laserscan/share/pointcloud_to_laserscan/package.dsv
[6.403s] -- Up-to-date symlink: /home/jetson/ros-workspace/install/pointcloud_to_laserscan/share/ament_index/resource_index/packages/pointcloud_to_laserscan
[6.405s] -- Up-to-date symlink: /home/jetson/ros-workspace/install/pointcloud_to_laserscan/share/ament_index/resource_index/rclcpp_components/pointcloud_to_laserscan
[6.405s] -- Up-to-date symlink: /home/jetson/ros-workspace/install/pointcloud_to_laserscan/share/pointcloud_to_laserscan/cmake/pointcloud_to_laserscanConfig.cmake
[6.406s] -- Up-to-date symlink: /home/jetson/ros-workspace/install/pointcloud_to_laserscan/share/pointcloud_to_laserscan/cmake/pointcloud_to_laserscanConfig-version.cmake
[6.407s] -- Up-to-date symlink: /home/jetson/ros-workspace/install/pointcloud_to_laserscan/share/pointcloud_to_laserscan/package.xml
[6.513s] Invoked command in '/home/jetson/ros-workspace/build/pointcloud_to_laserscan' returned '0': CMAKE_PREFIX_PATH=${CMAKE_PREFIX_PATH}:/opt/ros/foxy /usr/bin/cmake --install /home/jetson/ros-workspace/build/pointcloud_to_laserscan
