** WARNING ** io features related to pcap will be disabled
** WARNING ** io features related to png will be disabled
** WARNING ** io features related to libusb-1.0 will be disabled
In file included from [01m[K/home/uocav/ros-workspace/src/LIO-SAM/src/imuPreintegration.cpp:1[m[K:
[01m[K/home/uocav/ros-workspace/src/LIO-SAM/include/lio_sam/utility.hpp:40:10:[m[K [01;31m[Kfatal error: [m[Ktf2_eigen/tf2_eigen.hpp: No such file or directory
   40 | #include [01;31m[K<tf2_eigen/tf2_eigen.hpp>[m[K
      |          [01;31m[K^~~~~~~~~~~~~~~~~~~~~~~~~[m[K
compilation terminated.
In file included from [01m[K/home/uocav/ros-workspace/src/LIO-SAM/src/imageProjection.cpp:1[m[K:
[01m[K/home/uocav/ros-workspace/src/LIO-SAM/include/lio_sam/utility.hpp:40:10:[m[K [01;31m[Kfatal error: [m[Ktf2_eigen/tf2_eigen.hpp: No such file or directory
   40 | #include [01;31m[K<tf2_eigen/tf2_eigen.hpp>[m[K
      |          [01;31m[K^~~~~~~~~~~~~~~~~~~~~~~~~[m[K
compilation terminated.
make[2]: *** [CMakeFiles/lio_sam_imuPreintegration.dir/build.make:63: CMakeFiles/lio_sam_imuPreintegration.dir/src/imuPreintegration.cpp.o] Error 1
make[1]: *** [CMakeFiles/Makefile2:156: CMakeFiles/lio_sam_imuPreintegration.dir/all] Error 2
make[1]: *** Waiting for unfinished jobs....
In file included from [01m[K/home/uocav/ros-workspace/src/LIO-SAM/src/mapOptmization.cpp:1[m[K:
[01m[K/home/uocav/ros-workspace/src/LIO-SAM/include/lio_sam/utility.hpp:40:10:[m[K [01;31m[Kfatal error: [m[Ktf2_eigen/tf2_eigen.hpp: No such file or directory
   40 | #include [01;31m[K<tf2_eigen/tf2_eigen.hpp>[m[K
      |          [01;31m[K^~~~~~~~~~~~~~~~~~~~~~~~~[m[K
compilation terminated.
make[2]: *** [CMakeFiles/lio_sam_imageProjection.dir/build.make:63: CMakeFiles/lio_sam_imageProjection.dir/src/imageProjection.cpp.o] Error 1
make[1]: *** [CMakeFiles/Makefile2:499: CMakeFiles/lio_sam_imageProjection.dir/all] Error 2
In file included from [01m[K/home/uocav/ros-workspace/src/LIO-SAM/src/featureExtraction.cpp:1[m[K:
[01m[K/home/uocav/ros-workspace/src/LIO-SAM/include/lio_sam/utility.hpp:40:10:[m[K [01;31m[Kfatal error: [m[Ktf2_eigen/tf2_eigen.hpp: No such file or directory
   40 | #include [01;31m[K<tf2_eigen/tf2_eigen.hpp>[m[K
      |          [01;31m[K^~~~~~~~~~~~~~~~~~~~~~~~~[m[K
compilation terminated.
make[2]: *** [CMakeFiles/lio_sam_mapOptimization.dir/build.make:63: CMakeFiles/lio_sam_mapOptimization.dir/src/mapOptmization.cpp.o] Error 1
make[1]: *** [CMakeFiles/Makefile2:129: CMakeFiles/lio_sam_mapOptimization.dir/all] Error 2
make[2]: *** [CMakeFiles/lio_sam_featureExtraction.dir/build.make:63: CMakeFiles/lio_sam_featureExtraction.dir/src/featureExtraction.cpp.o] Error 1
make[1]: *** [CMakeFiles/Makefile2:445: CMakeFiles/lio_sam_featureExtraction.dir/all] Error 2
make: *** [Makefile:141: all] Error 2
