[0.070s] Invoking command in '/home/jetson/ros-workspace/build/ouster_ros': AMENT_PREFIX_PATH=/home/jetson/ros-workspace/install/ouster_srvs:/home/jetson/ros-workspace/install/ouster_msgs:${AMENT_PREFIX_PATH} CMAKE_PREFIX_PATH=/home/jetson/ros-workspace/install/ouster_srvs:/home/jetson/ros-workspace/install/ouster_msgs:/opt/ros/foxy LD_LIBRARY_PATH=/home/jetson/ros-workspace/install/ouster_srvs/lib:/home/jetson/ros-workspace/install/ouster_msgs/lib:/opt/ros/foxy/opt/yaml_cpp_vendor/lib:/opt/ros/foxy/opt/rviz_ogre_vendor/lib:/opt/ros/foxy/lib/aarch64-linux-gnu:/opt/ros/foxy/lib:/usr/local/cuda-11.4/lib64 PYTHONPATH=/home/jetson/ros-workspace/install/ouster_srvs/lib/python3.8/site-packages:/home/jetson/ros-workspace/install/ouster_msgs/lib/python3.8/site-packages:${PYTHONPATH} /usr/bin/cmake /home/jetson/ros-workspace/src/ouster-ros/ouster-ros -DCMAKE_INSTALL_PREFIX=/home/jetson/ros-workspace/install/ouster_ros
[0.160s] CMake Error at CMakeLists.txt:4 (include):
[0.160s]   include could not find load file:
[0.161s] 
[0.161s]     DefaultBuildType
[0.161s] 
[0.162s] 
[0.776s] -- The C compiler identification is GNU 9.4.0
[1.106s] -- The CXX compiler identification is GNU 9.4.0
[1.134s] -- Check for working C compiler: /usr/bin/cc
[1.593s] -- Check for working C compiler: /usr/bin/cc -- works
[1.597s] -- Detecting C compiler ABI info
[2.031s] -- Detecting C compiler ABI info - done
[2.099s] -- Detecting C compile features
[2.104s] -- Detecting C compile features - done
[2.116s] -- Check for working CXX compiler: /usr/bin/c++
[2.593s] -- Check for working CXX compiler: /usr/bin/c++ -- works
[2.599s] -- Detecting CXX compiler ABI info
[3.050s] -- Detecting CXX compiler ABI info - done
[3.118s] -- Detecting CXX compile features
[3.121s] -- Detecting CXX compile features - done
[3.135s] -- Found ament_cmake: 0.9.11 (/opt/ros/foxy/share/ament_cmake/cmake)
[3.263s] -- Found PythonInterp: /usr/bin/python3 (found suitable version "3.8.10", minimum required is "3") 
[3.264s] -- Using PYTHON_EXECUTABLE: /usr/bin/python3
[4.323s] -- Found rclcpp: 2.4.2 (/opt/ros/foxy/share/rclcpp/cmake)
[4.582s] -- Using all available rosidl_typesupport_c: rosidl_typesupport_fastrtps_c;rosidl_typesupport_introspection_c
[4.620s] -- Found rosidl_adapter: 1.3.0 (/opt/ros/foxy/share/rosidl_adapter/cmake)
[5.097s] -- Found OpenSSL: /usr/lib/aarch64-linux-gnu/libcrypto.so (found version "1.1.1f")  
[5.231s] -- Found FastRTPS: /opt/ros/foxy/include  
[5.660s] -- Using all available rosidl_typesupport_cpp: rosidl_typesupport_fastrtps_cpp;rosidl_typesupport_introspection_cpp
[5.977s] -- Found rmw_implementation_cmake: 1.0.4 (/opt/ros/foxy/share/rmw_implementation_cmake/cmake)
[5.985s] -- Using RMW implementation 'rmw_fastrtps_cpp' as default
[5.990s] -- Looking for pthread.h
[6.365s] -- Looking for pthread.h - found
[6.368s] -- Performing Test CMAKE_HAVE_LIBC_PTHREAD
[6.776s] -- Performing Test CMAKE_HAVE_LIBC_PTHREAD - Failed
[6.777s] -- Looking for pthread_create in pthreads
[7.080s] -- Looking for pthread_create in pthreads - not found
[7.080s] -- Looking for pthread_create in pthread
[7.440s] -- Looking for pthread_create in pthread - found
[7.447s] -- Found Threads: TRUE  
[8.108s] -- Found rclcpp_components: 2.4.2 (/opt/ros/foxy/share/rclcpp_components/cmake)
[8.351s] -- Found rclcpp_lifecycle: 2.4.2 (/opt/ros/foxy/share/rclcpp_lifecycle/cmake)
[8.483s] -- Found sensor_msgs: 2.0.5 (/opt/ros/foxy/share/sensor_msgs/cmake)
[8.917s] -- Found ouster_msgs: 0.1.0 (/home/jetson/ros-workspace/install/ouster_msgs/share/ouster_msgs/cmake)
[8.948s] -- Found ouster_srvs: 0.1.0 (/home/jetson/ros-workspace/install/ouster_srvs/share/ouster_srvs/cmake)
[8.984s] -- Found std_srvs: 2.0.5 (/opt/ros/foxy/share/std_srvs/cmake)
[9.033s] -- Found rosidl_default_generators: 1.0.1 (/opt/ros/foxy/share/rosidl_default_generators/cmake)
[9.144s] -- Checking for module 'eigen3'
[9.226s] --   Found eigen3, version 3.3.7
[9.431s] -- Found Eigen: /usr/include/eigen3 (Required is at least version "3.1") 
[9.432s] -- Eigen found (include: /usr/include/eigen3, version: 3.3.7)
[9.627s] -- Found Boost: /usr/include (found suitable version "1.71.0", minimum required is "1.55.0") found components: system filesystem date_time iostreams regex 
[9.632s] -- looking for PCL_COMMON
[9.637s] -- Found PCL_COMMON: /usr/lib/aarch64-linux-gnu/libpcl_common.so  
[9.639s] -- Found PCL: pcl_common;/usr/lib/aarch64-linux-gnu/libboost_system.so;/usr/lib/aarch64-linux-gnu/libboost_filesystem.so;/usr/lib/aarch64-linux-gnu/libboost_date_time.so;/usr/lib/aarch64-linux-gnu/libboost_iostreams.so;/usr/lib/aarch64-linux-gnu/libboost_regex.so  
[9.646s] -- Found pcl_conversions: 2.2.1 (/opt/ros/foxy/share/pcl_conversions/cmake)
[10.236s] -- Found tf2_eigen: 0.13.14 (/opt/ros/foxy/share/tf2_eigen/cmake)
[11.303s] CMake Error at CMakeLists.txt:49 (find_package):
[11.303s]   By not providing "FindOusterSDK.cmake" in CMAKE_MODULE_PATH this project
[11.303s]   has asked CMake to find a package configuration file provided by
[11.304s]   "OusterSDK", but CMake did not find one.
[11.304s] 
[11.304s]   Could not find a package configuration file provided by "OusterSDK" with
[11.304s]   any of the following names:
[11.305s] 
[11.305s]     OusterSDKConfig.cmake
[11.306s]     oustersdk-config.cmake
[11.306s] 
[11.306s]   Add the installation prefix of "OusterSDK" to CMAKE_PREFIX_PATH or set
[11.306s]   "OusterSDK_DIR" to a directory containing one of the above files.  If
[11.307s]   "OusterSDK" provides a separate development package or SDK, be sure it has
[11.307s]   been installed.
[11.307s] 
[11.307s] 
[11.320s] -- Configuring incomplete, errors occurred!
[11.321s] See also "/home/jetson/ros-workspace/build/ouster_ros/CMakeFiles/CMakeOutput.log".
[11.321s] See also "/home/jetson/ros-workspace/build/ouster_ros/CMakeFiles/CMakeError.log".
[11.366s] Invoked command in '/home/jetson/ros-workspace/build/ouster_ros' returned '1': AMENT_PREFIX_PATH=/home/jetson/ros-workspace/install/ouster_srvs:/home/jetson/ros-workspace/install/ouster_msgs:${AMENT_PREFIX_PATH} CMAKE_PREFIX_PATH=/home/jetson/ros-workspace/install/ouster_srvs:/home/jetson/ros-workspace/install/ouster_msgs:/opt/ros/foxy LD_LIBRARY_PATH=/home/jetson/ros-workspace/install/ouster_srvs/lib:/home/jetson/ros-workspace/install/ouster_msgs/lib:/opt/ros/foxy/opt/yaml_cpp_vendor/lib:/opt/ros/foxy/opt/rviz_ogre_vendor/lib:/opt/ros/foxy/lib/aarch64-linux-gnu:/opt/ros/foxy/lib:/usr/local/cuda-11.4/lib64 PYTHONPATH=/home/jetson/ros-workspace/install/ouster_srvs/lib/python3.8/site-packages:/home/jetson/ros-workspace/install/ouster_msgs/lib/python3.8/site-packages:${PYTHONPATH} /usr/bin/cmake /home/jetson/ros-workspace/src/ouster-ros/ouster-ros -DCMAKE_INSTALL_PREFIX=/home/jetson/ros-workspace/install/ouster_ros
