[0.132s] Invoking command in '/home/jetson/ros-workspace/build/ouster_ros': CMAKE_PREFIX_PATH=/home/jetson/ros-workspace/install/ouster_srvs:/home/jetson/ros-workspace/install/ouster_msgs:/home/jetson/ros-workspace/install/ros2_esp32:/home/jetson/ros-workspace/install/pointcloud_to_laserscan:/home/jetson/ros-workspace/install/ouster_ros:/home/jetson/ros-workspace/install/navigation:/home/jetson/ros-workspace/install/mini_bot_description:/home/jetson/ros-workspace/install/micro_ros_setup:/home/jetson/ros-workspace/install/urdf_tutorial_r2d2:/opt/ros/foxy LD_LIBRARY_PATH=/home/jetson/ros-workspace/install/ouster_srvs/lib:/home/jetson/ros-workspace/install/ouster_msgs/lib:/home/jetson/ros-workspace/install/pointcloud_to_laserscan/lib:/home/jetson/ros-workspace/install/ouster_ros/lib:/opt/ros/foxy/opt/yaml_cpp_vendor/lib:/opt/ros/foxy/opt/rviz_ogre_vendor/lib:/opt/ros/foxy/lib/aarch64-linux-gnu:/opt/ros/foxy/lib:/usr/local/cuda-11.4/lib64 PYTHONPATH=/home/jetson/ros-workspace/install/ouster_srvs/lib/python3.8/site-packages:/home/jetson/ros-workspace/install/ouster_msgs/lib/python3.8/site-packages:/home/jetson/ros-workspace/build/urdf_tutorial_r2d2:/home/jetson/ros-workspace/install/urdf_tutorial_r2d2/lib/python3.8/site-packages:/opt/ros/foxy/lib/python3.8/site-packages /usr/bin/cmake --build /home/jetson/ros-workspace/build/ouster_ros -- -j6 -l6
[0.567s] [34m[1mGenerating build info header[0m
[0.582s] [  5%] Built target os_sensor
[0.598s] [ 11%] Built target os_cloud
[0.612s] [ 17%] Built target os_replay
[0.616s] [ 23%] Built target os_image
[0.745s] [ 23%] Built target ouster_generate_header
[0.925s] [ 58%] Built target ouster_client
[1.173s] [ 64%] Built target ouster_ros_library
[1.434s] [ 73%] Built target os_sensor_component
[1.474s] [ 85%] Built target os_cloud_component
[1.475s] [ 91%] Built target os_image_component
[1.516s] [100%] Built target os_replay_component
[1.595s] Invoked command in '/home/jetson/ros-workspace/build/ouster_ros' returned '0': CMAKE_PREFIX_PATH=/home/jetson/ros-workspace/install/ouster_srvs:/home/jetson/ros-workspace/install/ouster_msgs:/home/jetson/ros-workspace/install/ros2_esp32:/home/jetson/ros-workspace/install/pointcloud_to_laserscan:/home/jetson/ros-workspace/install/ouster_ros:/home/jetson/ros-workspace/install/navigation:/home/jetson/ros-workspace/install/mini_bot_description:/home/jetson/ros-workspace/install/micro_ros_setup:/home/jetson/ros-workspace/install/urdf_tutorial_r2d2:/opt/ros/foxy LD_LIBRARY_PATH=/home/jetson/ros-workspace/install/ouster_srvs/lib:/home/jetson/ros-workspace/install/ouster_msgs/lib:/home/jetson/ros-workspace/install/pointcloud_to_laserscan/lib:/home/jetson/ros-workspace/install/ouster_ros/lib:/opt/ros/foxy/opt/yaml_cpp_vendor/lib:/opt/ros/foxy/opt/rviz_ogre_vendor/lib:/opt/ros/foxy/lib/aarch64-linux-gnu:/opt/ros/foxy/lib:/usr/local/cuda-11.4/lib64 PYTHONPATH=/home/jetson/ros-workspace/install/ouster_srvs/lib/python3.8/site-packages:/home/jetson/ros-workspace/install/ouster_msgs/lib/python3.8/site-packages:/home/jetson/ros-workspace/build/urdf_tutorial_r2d2:/home/jetson/ros-workspace/install/urdf_tutorial_r2d2/lib/python3.8/site-packages:/opt/ros/foxy/lib/python3.8/site-packages /usr/bin/cmake --build /home/jetson/ros-workspace/build/ouster_ros -- -j6 -l6
[2.019s] Invoking command in '/home/jetson/ros-workspace/build/ouster_ros': CMAKE_PREFIX_PATH=/home/jetson/ros-workspace/install/ouster_srvs:/home/jetson/ros-workspace/install/ouster_msgs:/home/jetson/ros-workspace/install/ros2_esp32:/home/jetson/ros-workspace/install/pointcloud_to_laserscan:/home/jetson/ros-workspace/install/ouster_ros:/home/jetson/ros-workspace/install/navigation:/home/jetson/ros-workspace/install/mini_bot_description:/home/jetson/ros-workspace/install/micro_ros_setup:/home/jetson/ros-workspace/install/urdf_tutorial_r2d2:/opt/ros/foxy LD_LIBRARY_PATH=/home/jetson/ros-workspace/install/ouster_srvs/lib:/home/jetson/ros-workspace/install/ouster_msgs/lib:/home/jetson/ros-workspace/install/pointcloud_to_laserscan/lib:/home/jetson/ros-workspace/install/ouster_ros/lib:/opt/ros/foxy/opt/yaml_cpp_vendor/lib:/opt/ros/foxy/opt/rviz_ogre_vendor/lib:/opt/ros/foxy/lib/aarch64-linux-gnu:/opt/ros/foxy/lib:/usr/local/cuda-11.4/lib64 PYTHONPATH=/home/jetson/ros-workspace/install/ouster_srvs/lib/python3.8/site-packages:/home/jetson/ros-workspace/install/ouster_msgs/lib/python3.8/site-packages:/home/jetson/ros-workspace/build/urdf_tutorial_r2d2:/home/jetson/ros-workspace/install/urdf_tutorial_r2d2/lib/python3.8/site-packages:/opt/ros/foxy/lib/python3.8/site-packages /usr/bin/cmake --install /home/jetson/ros-workspace/build/ouster_ros
[2.071s] -- Install configuration: "Release"
[2.075s] -- Execute custom install script
[2.080s] -- Up-to-date symlink: /home/jetson/ros-workspace/install/ouster_ros/include/ouster/impl/build.h
[2.084s] -- Up-to-date symlink: /home/jetson/ros-workspace/install/ouster_ros/include/ouster/buffered_udp_source.h
[2.085s] -- Up-to-date symlink: /home/jetson/ros-workspace/install/ouster_ros/include/ouster/client.h
[2.087s] -- Up-to-date symlink: /home/jetson/ros-workspace/install/ouster_ros/include/ouster/image_processing.h
[2.089s] -- Up-to-date symlink: /home/jetson/ros-workspace/install/ouster_ros/include/ouster/impl/cartesian.h
[2.090s] -- Up-to-date symlink: /home/jetson/ros-workspace/install/ouster_ros/include/ouster/impl/lidar_scan_impl.h
[2.092s] -- Up-to-date symlink: /home/jetson/ros-workspace/install/ouster_ros/include/ouster/lidar_scan.h
[2.093s] -- Up-to-date symlink: /home/jetson/ros-workspace/install/ouster_ros/include/ouster/sensor_http.h
[2.095s] -- Up-to-date symlink: /home/jetson/ros-workspace/install/ouster_ros/include/ouster/types.h
[2.096s] -- Up-to-date symlink: /home/jetson/ros-workspace/install/ouster_ros/include/ouster/version.h
[2.099s] -- Up-to-date symlink: /home/jetson/ros-workspace/install/ouster_ros/include/optional-lite/nonstd/optional.hpp
[2.101s] -- Up-to-date symlink: /home/jetson/ros-workspace/install/ouster_ros/lib/cmake/OusterSDK/OusterSDKConfig.cmake
[2.103s] -- Up-to-date symlink: /home/jetson/ros-workspace/install/ouster_ros/lib/cmake/OusterSDK/OusterSDKConfigVersion.cmake
[2.105s] -- Up-to-date symlink: /home/jetson/ros-workspace/install/ouster_ros/share/LICENSE
[2.106s] -- Up-to-date symlink: /home/jetson/ros-workspace/install/ouster_ros/share/LICENSE-bin
[2.109s] -- Up-to-date symlink: /home/jetson/ros-workspace/install/ouster_ros/lib/ouster_ros/os_sensor
[2.112s] -- Up-to-date symlink: /home/jetson/ros-workspace/install/ouster_ros/lib/ouster_ros/os_replay
[2.115s] -- Up-to-date symlink: /home/jetson/ros-workspace/install/ouster_ros/lib/ouster_ros/os_cloud
[2.118s] -- Up-to-date symlink: /home/jetson/ros-workspace/install/ouster_ros/lib/ouster_ros/os_image
[2.121s] -- Up-to-date symlink: /home/jetson/ros-workspace/install/ouster_ros/lib/libouster_ros_library.so
[2.124s] -- Up-to-date symlink: /home/jetson/ros-workspace/install/ouster_ros/lib/libos_sensor_component.so
[2.125s] -- Up-to-date symlink: /home/jetson/ros-workspace/install/ouster_ros/lib/libos_replay_component.so
[2.127s] -- Up-to-date symlink: /home/jetson/ros-workspace/install/ouster_ros/lib/libos_cloud_component.so
[2.129s] -- Up-to-date symlink: /home/jetson/ros-workspace/install/ouster_ros/lib/libos_image_component.so
[2.133s] -- Up-to-date symlink: /home/jetson/ros-workspace/install/ouster_ros/include/ouster_ros/include/ouster_ros/os_point.h
[2.134s] -- Up-to-date symlink: /home/jetson/ros-workspace/install/ouster_ros/include/ouster_ros/include/ouster_ros/os_processing_node_base.h
[2.136s] -- Up-to-date symlink: /home/jetson/ros-workspace/install/ouster_ros/include/ouster_ros/include/ouster_ros/os_ros.h
[2.137s] -- Up-to-date symlink: /home/jetson/ros-workspace/install/ouster_ros/include/ouster_ros/include/ouster_ros/os_sensor_node_base.h
[2.138s] -- Up-to-date symlink: /home/jetson/ros-workspace/install/ouster_ros/include/ouster_ros/include/ouster_ros/visibility_control.h
[2.143s] -- Up-to-date symlink: /home/jetson/ros-workspace/install/ouster_ros/include/ouster_ros/include/optional-lite/nonstd/optional.hpp
[2.145s] -- Up-to-date symlink: /home/jetson/ros-workspace/install/ouster_ros/include/ouster_ros/include/ouster/buffered_udp_source.h
[2.147s] -- Up-to-date symlink: /home/jetson/ros-workspace/install/ouster_ros/include/ouster_ros/include/ouster/client.h
[2.148s] -- Up-to-date symlink: /home/jetson/ros-workspace/install/ouster_ros/include/ouster_ros/include/ouster/image_processing.h
[2.150s] -- Up-to-date symlink: /home/jetson/ros-workspace/install/ouster_ros/include/ouster_ros/include/ouster/impl/cartesian.h
[2.151s] -- Up-to-date symlink: /home/jetson/ros-workspace/install/ouster_ros/include/ouster_ros/include/ouster/impl/lidar_scan_impl.h
[2.153s] -- Up-to-date symlink: /home/jetson/ros-workspace/install/ouster_ros/include/ouster_ros/include/ouster/lidar_scan.h
[2.154s] -- Up-to-date symlink: /home/jetson/ros-workspace/install/ouster_ros/include/ouster_ros/include/ouster/sensor_http.h
[2.156s] -- Up-to-date symlink: /home/jetson/ros-workspace/install/ouster_ros/include/ouster_ros/include/ouster/types.h
[2.157s] -- Up-to-date symlink: /home/jetson/ros-workspace/install/ouster_ros/include/ouster_ros/include/ouster/version.h
[2.161s] -- Up-to-date symlink: /home/jetson/ros-workspace/install/ouster_ros/include/ouster_ros/optional-lite/nonstd/optional.hpp
[2.163s] -- Up-to-date symlink: /home/jetson/ros-workspace/install/ouster_ros/share/ouster_ros/LICENSE
[2.168s] -- Up-to-date symlink: /home/jetson/ros-workspace/install/ouster_ros/share/ouster_ros/launch/record.independent.launch.xml
[2.169s] -- Up-to-date symlink: /home/jetson/ros-workspace/install/ouster_ros/share/ouster_ros/launch/record.launch.xml
[2.170s] -- Up-to-date symlink: /home/jetson/ros-workspace/install/ouster_ros/share/ouster_ros/launch/replay.independent.launch.xml
[2.171s] -- Up-to-date symlink: /home/jetson/ros-workspace/install/ouster_ros/share/ouster_ros/launch/replay.launch.xml
[2.173s] -- Up-to-date symlink: /home/jetson/ros-workspace/install/ouster_ros/share/ouster_ros/launch/rviz.launch.py
[2.174s] -- Up-to-date symlink: /home/jetson/ros-workspace/install/ouster_ros/share/ouster_ros/launch/rviz.launch.xml
[2.176s] -- Up-to-date symlink: /home/jetson/ros-workspace/install/ouster_ros/share/ouster_ros/launch/sensor.composite.launch.py
[2.177s] -- Up-to-date symlink: /home/jetson/ros-workspace/install/ouster_ros/share/ouster_ros/launch/sensor.composite.launch.xml
[2.178s] -- Up-to-date symlink: /home/jetson/ros-workspace/install/ouster_ros/share/ouster_ros/launch/sensor.independent.launch.py
[2.180s] -- Up-to-date symlink: /home/jetson/ros-workspace/install/ouster_ros/share/ouster_ros/launch/sensor.independent.launch.xml
[2.184s] -- Up-to-date symlink: /home/jetson/ros-workspace/install/ouster_ros/share/ouster_ros/launch/sensor.launch.xml
[2.185s] -- Up-to-date symlink: /home/jetson/ros-workspace/install/ouster_ros/share/ouster_ros/launch/sensor_mtp.launch.xml
[2.186s] -- Up-to-date symlink: /home/jetson/ros-workspace/install/ouster_ros/share/ouster_ros/config/metadata-qos-override.yaml
[2.187s] -- Up-to-date symlink: /home/jetson/ros-workspace/install/ouster_ros/share/ouster_ros/config/parameters.yaml
[2.188s] -- Up-to-date symlink: /home/jetson/ros-workspace/install/ouster_ros/share/ouster_ros/config/viz.rviz
[2.191s] -- Up-to-date symlink: /home/jetson/ros-workspace/install/ouster_ros/share/ouster_ros/environment/library_path.sh
[2.193s] -- Up-to-date symlink: /home/jetson/ros-workspace/install/ouster_ros/share/ouster_ros/environment/library_path.dsv
[2.195s] -- Up-to-date symlink: /home/jetson/ros-workspace/install/ouster_ros/share/ament_index/resource_index/package_run_dependencies/ouster_ros
[2.198s] -- Up-to-date symlink: /home/jetson/ros-workspace/install/ouster_ros/share/ament_index/resource_index/parent_prefix_path/ouster_ros
[2.201s] -- Up-to-date symlink: /home/jetson/ros-workspace/install/ouster_ros/share/ouster_ros/environment/ament_prefix_path.sh
[2.202s] -- Up-to-date symlink: /home/jetson/ros-workspace/install/ouster_ros/share/ouster_ros/environment/ament_prefix_path.dsv
[2.204s] -- Up-to-date symlink: /home/jetson/ros-workspace/install/ouster_ros/share/ouster_ros/environment/path.sh
[2.206s] -- Up-to-date symlink: /home/jetson/ros-workspace/install/ouster_ros/share/ouster_ros/environment/path.dsv
[2.209s] -- Up-to-date symlink: /home/jetson/ros-workspace/install/ouster_ros/share/ouster_ros/local_setup.bash
[2.211s] -- Up-to-date symlink: /home/jetson/ros-workspace/install/ouster_ros/share/ouster_ros/local_setup.sh
[2.213s] -- Up-to-date symlink: /home/jetson/ros-workspace/install/ouster_ros/share/ouster_ros/local_setup.zsh
[2.215s] -- Up-to-date symlink: /home/jetson/ros-workspace/install/ouster_ros/share/ouster_ros/local_setup.dsv
[2.217s] -- Symlinking: /home/jetson/ros-workspace/install/ouster_ros/share/ouster_ros/package.dsv
[2.276s] -- Up-to-date symlink: /home/jetson/ros-workspace/install/ouster_ros/share/ament_index/resource_index/packages/ouster_ros
[2.278s] -- Up-to-date symlink: /home/jetson/ros-workspace/install/ouster_ros/share/ament_index/resource_index/rclcpp_components/ouster_ros
[2.283s] -- Up-to-date symlink: /home/jetson/ros-workspace/install/ouster_ros/share/ouster_ros/cmake/ament_cmake_export_include_directories-extras.cmake
[2.285s] -- Up-to-date symlink: /home/jetson/ros-workspace/install/ouster_ros/share/ouster_ros/cmake/ament_cmake_export_dependencies-extras.cmake
[2.286s] -- Up-to-date symlink: /home/jetson/ros-workspace/install/ouster_ros/share/ouster_ros/cmake/ament_cmake_export_libraries-extras.cmake
[2.289s] -- Up-to-date symlink: /home/jetson/ros-workspace/install/ouster_ros/share/ouster_ros/cmake/ouster_rosConfig.cmake
[2.290s] -- Up-to-date symlink: /home/jetson/ros-workspace/install/ouster_ros/share/ouster_ros/cmake/ouster_rosConfig-version.cmake
[2.292s] -- Up-to-date symlink: /home/jetson/ros-workspace/install/ouster_ros/share/ouster_ros/package.xml
[2.317s] Invoked command in '/home/jetson/ros-workspace/build/ouster_ros' returned '0': CMAKE_PREFIX_PATH=/home/jetson/ros-workspace/install/ouster_srvs:/home/jetson/ros-workspace/install/ouster_msgs:/home/jetson/ros-workspace/install/ros2_esp32:/home/jetson/ros-workspace/install/pointcloud_to_laserscan:/home/jetson/ros-workspace/install/ouster_ros:/home/jetson/ros-workspace/install/navigation:/home/jetson/ros-workspace/install/mini_bot_description:/home/jetson/ros-workspace/install/micro_ros_setup:/home/jetson/ros-workspace/install/urdf_tutorial_r2d2:/opt/ros/foxy LD_LIBRARY_PATH=/home/jetson/ros-workspace/install/ouster_srvs/lib:/home/jetson/ros-workspace/install/ouster_msgs/lib:/home/jetson/ros-workspace/install/pointcloud_to_laserscan/lib:/home/jetson/ros-workspace/install/ouster_ros/lib:/opt/ros/foxy/opt/yaml_cpp_vendor/lib:/opt/ros/foxy/opt/rviz_ogre_vendor/lib:/opt/ros/foxy/lib/aarch64-linux-gnu:/opt/ros/foxy/lib:/usr/local/cuda-11.4/lib64 PYTHONPATH=/home/jetson/ros-workspace/install/ouster_srvs/lib/python3.8/site-packages:/home/jetson/ros-workspace/install/ouster_msgs/lib/python3.8/site-packages:/home/jetson/ros-workspace/build/urdf_tutorial_r2d2:/home/jetson/ros-workspace/install/urdf_tutorial_r2d2/lib/python3.8/site-packages:/opt/ros/foxy/lib/python3.8/site-packages /usr/bin/cmake --install /home/jetson/ros-workspace/build/ouster_ros
