[1.560s] DEBUG:colcon:Command line arguments: ['/usr/bin/colcon', 'build', '--symlink-install', '--cmake-args', '-DCMAKE_BUILD_TYPE=Release']
[1.561s] DEBUG:colcon:Parsed command line arguments: Namespace(allow_overriding=[], ament_cmake_args=None, base_paths=['.'], build_base='build', catkin_cmake_args=None, catkin_skip_building_tests=False, cmake_args=['-DCMAKE_BUILD_TYPE=Release'], cmake_clean_cache=False, cmake_clean_first=False, cmake_force_configure=False, cmake_target=None, cmake_target_skip_unavailable=False, continue_on_error=False, event_handlers=None, executor='parallel', ignore_user_meta=False, install_base='install', log_base=None, log_level=None, main=<bound method BuildVerb.main of <colcon_core.verb.build.BuildVerb object at 0xffffa13938e0>>, merge_install=False, metas=['./colcon.meta'], packages_above=None, packages_above_and_dependencies=None, packages_above_depth=None, packages_end=None, packages_ignore=None, packages_ignore_regex=None, packages_select=None, packages_select_build_failed=False, packages_select_by_dep=None, packages_select_regex=None, packages_select_test_failures=False, packages_skip=None, packages_skip_build_finished=False, packages_skip_by_dep=None, packages_skip_regex=None, packages_skip_test_passed=False, packages_skip_up_to=None, packages_start=None, packages_up_to=None, packages_up_to_regex=None, parallel_workers=6, paths=None, symlink_install=True, test_result_base=None, verb_extension=<colcon_core.verb.build.BuildVerb object at 0xffffa13938e0>, verb_name='build', verb_parser=<colcon_defaults.argument_parser.defaults.DefaultArgumentsDecorator object at 0xffffa1393e50>)
[1.689s] Level 1:colcon.colcon_core.package_discovery:discover_packages(colcon_meta) check parameters
[1.690s] Level 1:colcon.colcon_core.package_discovery:discover_packages(recursive) check parameters
[1.690s] Level 1:colcon.colcon_core.package_discovery:discover_packages(ignore) check parameters
[1.690s] Level 1:colcon.colcon_core.package_discovery:discover_packages(path) check parameters
[1.690s] Level 1:colcon.colcon_core.package_discovery:discover_packages(colcon_meta) discover
[1.691s] Level 1:colcon.colcon_core.package_discovery:discover_packages(recursive) discover
[1.691s] INFO:colcon.colcon_core.package_discovery:Crawling recursively for packages in '/home/jetson/ros-workspace'
[1.692s] Level 1:colcon.colcon_core.package_identification:_identify(.) by extensions ['ignore', 'ignore_ament_install']
[1.692s] Level 1:colcon.colcon_core.package_identification:_identify(.) by extension 'ignore'
[1.693s] Level 1:colcon.colcon_core.package_identification:_identify(.) by extension 'ignore_ament_install'
[1.693s] Level 1:colcon.colcon_core.package_identification:_identify(.) by extensions ['colcon_pkg']
[1.693s] Level 1:colcon.colcon_core.package_identification:_identify(.) by extension 'colcon_pkg'
[1.693s] Level 1:colcon.colcon_core.package_identification:_identify(.) by extensions ['colcon_meta']
[1.693s] Level 1:colcon.colcon_core.package_identification:_identify(.) by extension 'colcon_meta'
[1.694s] Level 1:colcon.colcon_core.package_identification:_identify(.) by extensions ['ros']
[1.694s] Level 1:colcon.colcon_core.package_identification:_identify(.) by extension 'ros'
[1.782s] Level 1:colcon.colcon_core.package_identification:_identify(.) by extensions ['cmake', 'python']
[1.782s] Level 1:colcon.colcon_core.package_identification:_identify(.) by extension 'cmake'
[1.782s] Level 1:colcon.colcon_core.package_identification:_identify(.) by extension 'python'
[1.783s] Level 1:colcon.colcon_core.package_identification:_identify(.) by extensions ['python_setup_py']
[1.783s] Level 1:colcon.colcon_core.package_identification:_identify(.) by extension 'python_setup_py'
[1.783s] Level 1:colcon.colcon_core.package_identification:_identify(build) by extensions ['ignore', 'ignore_ament_install']
[1.784s] Level 1:colcon.colcon_core.package_identification:_identify(build) by extension 'ignore'
[1.784s] Level 1:colcon.colcon_core.package_identification:_identify(build) ignored
[1.785s] Level 1:colcon.colcon_core.package_identification:_identify(install) by extensions ['ignore', 'ignore_ament_install']
[1.785s] Level 1:colcon.colcon_core.package_identification:_identify(install) by extension 'ignore'
[1.785s] Level 1:colcon.colcon_core.package_identification:_identify(install) ignored
[1.786s] Level 1:colcon.colcon_core.package_identification:_identify(launch) by extensions ['ignore', 'ignore_ament_install']
[1.786s] Level 1:colcon.colcon_core.package_identification:_identify(launch) by extension 'ignore'
[1.786s] Level 1:colcon.colcon_core.package_identification:_identify(launch) by extension 'ignore_ament_install'
[1.787s] Level 1:colcon.colcon_core.package_identification:_identify(launch) by extensions ['colcon_pkg']
[1.787s] Level 1:colcon.colcon_core.package_identification:_identify(launch) by extension 'colcon_pkg'
[1.787s] Level 1:colcon.colcon_core.package_identification:_identify(launch) by extensions ['colcon_meta']
[1.787s] Level 1:colcon.colcon_core.package_identification:_identify(launch) by extension 'colcon_meta'
[1.788s] Level 1:colcon.colcon_core.package_identification:_identify(launch) by extensions ['ros']
[1.788s] Level 1:colcon.colcon_core.package_identification:_identify(launch) by extension 'ros'
[1.788s] Level 1:colcon.colcon_core.package_identification:_identify(launch) by extensions ['cmake', 'python']
[1.788s] Level 1:colcon.colcon_core.package_identification:_identify(launch) by extension 'cmake'
[1.789s] Level 1:colcon.colcon_core.package_identification:_identify(launch) by extension 'python'
[1.789s] Level 1:colcon.colcon_core.package_identification:_identify(launch) by extensions ['python_setup_py']
[1.789s] Level 1:colcon.colcon_core.package_identification:_identify(launch) by extension 'python_setup_py'
[1.790s] Level 1:colcon.colcon_core.package_identification:_identify(log) by extensions ['ignore', 'ignore_ament_install']
[1.790s] Level 1:colcon.colcon_core.package_identification:_identify(log) by extension 'ignore'
[1.790s] Level 1:colcon.colcon_core.package_identification:_identify(log) ignored
[1.791s] Level 1:colcon.colcon_core.package_identification:_identify(rosbag2_2023_09_10-11_58_39) by extensions ['ignore', 'ignore_ament_install']
[1.791s] Level 1:colcon.colcon_core.package_identification:_identify(rosbag2_2023_09_10-11_58_39) by extension 'ignore'
[1.791s] Level 1:colcon.colcon_core.package_identification:_identify(rosbag2_2023_09_10-11_58_39) by extension 'ignore_ament_install'
[1.792s] Level 1:colcon.colcon_core.package_identification:_identify(rosbag2_2023_09_10-11_58_39) by extensions ['colcon_pkg']
[1.792s] Level 1:colcon.colcon_core.package_identification:_identify(rosbag2_2023_09_10-11_58_39) by extension 'colcon_pkg'
[1.792s] Level 1:colcon.colcon_core.package_identification:_identify(rosbag2_2023_09_10-11_58_39) by extensions ['colcon_meta']
[1.792s] Level 1:colcon.colcon_core.package_identification:_identify(rosbag2_2023_09_10-11_58_39) by extension 'colcon_meta'
[1.792s] Level 1:colcon.colcon_core.package_identification:_identify(rosbag2_2023_09_10-11_58_39) by extensions ['ros']
[1.793s] Level 1:colcon.colcon_core.package_identification:_identify(rosbag2_2023_09_10-11_58_39) by extension 'ros'
[1.793s] Level 1:colcon.colcon_core.package_identification:_identify(rosbag2_2023_09_10-11_58_39) by extensions ['cmake', 'python']
[1.793s] Level 1:colcon.colcon_core.package_identification:_identify(rosbag2_2023_09_10-11_58_39) by extension 'cmake'
[1.793s] Level 1:colcon.colcon_core.package_identification:_identify(rosbag2_2023_09_10-11_58_39) by extension 'python'
[1.794s] Level 1:colcon.colcon_core.package_identification:_identify(rosbag2_2023_09_10-11_58_39) by extensions ['python_setup_py']
[1.794s] Level 1:colcon.colcon_core.package_identification:_identify(rosbag2_2023_09_10-11_58_39) by extension 'python_setup_py'
[1.794s] Level 1:colcon.colcon_core.package_identification:_identify(src) by extensions ['ignore', 'ignore_ament_install']
[1.795s] Level 1:colcon.colcon_core.package_identification:_identify(src) by extension 'ignore'
[1.795s] Level 1:colcon.colcon_core.package_identification:_identify(src) by extension 'ignore_ament_install'
[1.795s] Level 1:colcon.colcon_core.package_identification:_identify(src) by extensions ['colcon_pkg']
[1.795s] Level 1:colcon.colcon_core.package_identification:_identify(src) by extension 'colcon_pkg'
[1.796s] Level 1:colcon.colcon_core.package_identification:_identify(src) by extensions ['colcon_meta']
[1.796s] Level 1:colcon.colcon_core.package_identification:_identify(src) by extension 'colcon_meta'
[1.796s] Level 1:colcon.colcon_core.package_identification:_identify(src) by extensions ['ros']
[1.796s] Level 1:colcon.colcon_core.package_identification:_identify(src) by extension 'ros'
[1.797s] Level 1:colcon.colcon_core.package_identification:_identify(src) by extensions ['cmake', 'python']
[1.797s] Level 1:colcon.colcon_core.package_identification:_identify(src) by extension 'cmake'
[1.797s] Level 1:colcon.colcon_core.package_identification:_identify(src) by extension 'python'
[1.797s] Level 1:colcon.colcon_core.package_identification:_identify(src) by extensions ['python_setup_py']
[1.797s] Level 1:colcon.colcon_core.package_identification:_identify(src) by extension 'python_setup_py'
[1.798s] Level 1:colcon.colcon_core.package_identification:_identify(src/micro_ros_setup) by extensions ['ignore', 'ignore_ament_install']
[1.798s] Level 1:colcon.colcon_core.package_identification:_identify(src/micro_ros_setup) by extension 'ignore'
[1.798s] Level 1:colcon.colcon_core.package_identification:_identify(src/micro_ros_setup) by extension 'ignore_ament_install'
[1.799s] Level 1:colcon.colcon_core.package_identification:_identify(src/micro_ros_setup) by extensions ['colcon_pkg']
[1.799s] Level 1:colcon.colcon_core.package_identification:_identify(src/micro_ros_setup) by extension 'colcon_pkg'
[1.799s] Level 1:colcon.colcon_core.package_identification:_identify(src/micro_ros_setup) by extensions ['colcon_meta']
[1.799s] Level 1:colcon.colcon_core.package_identification:_identify(src/micro_ros_setup) by extension 'colcon_meta'
[1.800s] Level 1:colcon.colcon_core.package_identification:_identify(src/micro_ros_setup) by extensions ['ros']
[1.800s] Level 1:colcon.colcon_core.package_identification:_identify(src/micro_ros_setup) by extension 'ros'
[1.812s] DEBUG:colcon.colcon_core.package_identification:Package 'src/micro_ros_setup' with type 'ros.ament_cmake' and name 'micro_ros_setup'
[1.813s] Level 1:colcon.colcon_core.package_identification:_identify(src/navigation) by extensions ['ignore', 'ignore_ament_install']
[1.814s] Level 1:colcon.colcon_core.package_identification:_identify(src/navigation) by extension 'ignore'
[1.814s] Level 1:colcon.colcon_core.package_identification:_identify(src/navigation) by extension 'ignore_ament_install'
[1.814s] Level 1:colcon.colcon_core.package_identification:_identify(src/navigation) by extensions ['colcon_pkg']
[1.814s] Level 1:colcon.colcon_core.package_identification:_identify(src/navigation) by extension 'colcon_pkg'
[1.815s] Level 1:colcon.colcon_core.package_identification:_identify(src/navigation) by extensions ['colcon_meta']
[1.815s] Level 1:colcon.colcon_core.package_identification:_identify(src/navigation) by extension 'colcon_meta'
[1.815s] Level 1:colcon.colcon_core.package_identification:_identify(src/navigation) by extensions ['ros']
[1.815s] Level 1:colcon.colcon_core.package_identification:_identify(src/navigation) by extension 'ros'
[1.817s] DEBUG:colcon.colcon_core.package_identification:Package 'src/navigation' with type 'ros.ament_cmake' and name 'navigation'
[1.818s] Level 1:colcon.colcon_core.package_identification:_identify(src/ouster-ros) by extensions ['ignore', 'ignore_ament_install']
[1.818s] Level 1:colcon.colcon_core.package_identification:_identify(src/ouster-ros) by extension 'ignore'
[1.819s] Level 1:colcon.colcon_core.package_identification:_identify(src/ouster-ros) by extension 'ignore_ament_install'
[1.819s] Level 1:colcon.colcon_core.package_identification:_identify(src/ouster-ros) by extensions ['colcon_pkg']
[1.819s] Level 1:colcon.colcon_core.package_identification:_identify(src/ouster-ros) by extension 'colcon_pkg'
[1.819s] Level 1:colcon.colcon_core.package_identification:_identify(src/ouster-ros) by extensions ['colcon_meta']
[1.820s] Level 1:colcon.colcon_core.package_identification:_identify(src/ouster-ros) by extension 'colcon_meta'
[1.820s] Level 1:colcon.colcon_core.package_identification:_identify(src/ouster-ros) by extensions ['ros']
[1.820s] Level 1:colcon.colcon_core.package_identification:_identify(src/ouster-ros) by extension 'ros'
[1.820s] Level 1:colcon.colcon_core.package_identification:_identify(src/ouster-ros) by extensions ['cmake', 'python']
[1.821s] Level 1:colcon.colcon_core.package_identification:_identify(src/ouster-ros) by extension 'cmake'
[1.821s] Level 1:colcon.colcon_core.package_identification:_identify(src/ouster-ros) by extension 'python'
[1.821s] Level 1:colcon.colcon_core.package_identification:_identify(src/ouster-ros) by extensions ['python_setup_py']
[1.821s] Level 1:colcon.colcon_core.package_identification:_identify(src/ouster-ros) by extension 'python_setup_py'
[1.822s] Level 1:colcon.colcon_core.package_identification:_identify(src/ouster-ros/docs) by extensions ['ignore', 'ignore_ament_install']
[1.822s] Level 1:colcon.colcon_core.package_identification:_identify(src/ouster-ros/docs) by extension 'ignore'
[1.822s] Level 1:colcon.colcon_core.package_identification:_identify(src/ouster-ros/docs) by extension 'ignore_ament_install'
[1.823s] Level 1:colcon.colcon_core.package_identification:_identify(src/ouster-ros/docs) by extensions ['colcon_pkg']
[1.823s] Level 1:colcon.colcon_core.package_identification:_identify(src/ouster-ros/docs) by extension 'colcon_pkg'
[1.823s] Level 1:colcon.colcon_core.package_identification:_identify(src/ouster-ros/docs) by extensions ['colcon_meta']
[1.823s] Level 1:colcon.colcon_core.package_identification:_identify(src/ouster-ros/docs) by extension 'colcon_meta'
[1.824s] Level 1:colcon.colcon_core.package_identification:_identify(src/ouster-ros/docs) by extensions ['ros']
[1.824s] Level 1:colcon.colcon_core.package_identification:_identify(src/ouster-ros/docs) by extension 'ros'
[1.824s] Level 1:colcon.colcon_core.package_identification:_identify(src/ouster-ros/docs) by extensions ['cmake', 'python']
[1.824s] Level 1:colcon.colcon_core.package_identification:_identify(src/ouster-ros/docs) by extension 'cmake'
[1.824s] Level 1:colcon.colcon_core.package_identification:_identify(src/ouster-ros/docs) by extension 'python'
[1.825s] Level 1:colcon.colcon_core.package_identification:_identify(src/ouster-ros/docs) by extensions ['python_setup_py']
[1.825s] Level 1:colcon.colcon_core.package_identification:_identify(src/ouster-ros/docs) by extension 'python_setup_py'
[1.825s] Level 1:colcon.colcon_core.package_identification:_identify(src/ouster-ros/docs/images) by extensions ['ignore', 'ignore_ament_install']
[1.826s] Level 1:colcon.colcon_core.package_identification:_identify(src/ouster-ros/docs/images) by extension 'ignore'
[1.826s] Level 1:colcon.colcon_core.package_identification:_identify(src/ouster-ros/docs/images) by extension 'ignore_ament_install'
[1.826s] Level 1:colcon.colcon_core.package_identification:_identify(src/ouster-ros/docs/images) by extensions ['colcon_pkg']
[1.826s] Level 1:colcon.colcon_core.package_identification:_identify(src/ouster-ros/docs/images) by extension 'colcon_pkg'
[1.827s] Level 1:colcon.colcon_core.package_identification:_identify(src/ouster-ros/docs/images) by extensions ['colcon_meta']
[1.827s] Level 1:colcon.colcon_core.package_identification:_identify(src/ouster-ros/docs/images) by extension 'colcon_meta'
[1.827s] Level 1:colcon.colcon_core.package_identification:_identify(src/ouster-ros/docs/images) by extensions ['ros']
[1.827s] Level 1:colcon.colcon_core.package_identification:_identify(src/ouster-ros/docs/images) by extension 'ros'
[1.828s] Level 1:colcon.colcon_core.package_identification:_identify(src/ouster-ros/docs/images) by extensions ['cmake', 'python']
[1.828s] Level 1:colcon.colcon_core.package_identification:_identify(src/ouster-ros/docs/images) by extension 'cmake'
[1.828s] Level 1:colcon.colcon_core.package_identification:_identify(src/ouster-ros/docs/images) by extension 'python'
[1.828s] Level 1:colcon.colcon_core.package_identification:_identify(src/ouster-ros/docs/images) by extensions ['python_setup_py']
[1.829s] Level 1:colcon.colcon_core.package_identification:_identify(src/ouster-ros/docs/images) by extension 'python_setup_py'
[1.829s] Level 1:colcon.colcon_core.package_identification:_identify(src/ouster-ros/ouster-msgs) by extensions ['ignore', 'ignore_ament_install']
[1.829s] Level 1:colcon.colcon_core.package_identification:_identify(src/ouster-ros/ouster-msgs) by extension 'ignore'
[1.830s] Level 1:colcon.colcon_core.package_identification:_identify(src/ouster-ros/ouster-msgs) by extension 'ignore_ament_install'
[1.830s] Level 1:colcon.colcon_core.package_identification:_identify(src/ouster-ros/ouster-msgs) by extensions ['colcon_pkg']
[1.830s] Level 1:colcon.colcon_core.package_identification:_identify(src/ouster-ros/ouster-msgs) by extension 'colcon_pkg'
[1.830s] Level 1:colcon.colcon_core.package_identification:_identify(src/ouster-ros/ouster-msgs) by extensions ['colcon_meta']
[1.830s] Level 1:colcon.colcon_core.package_identification:_identify(src/ouster-ros/ouster-msgs) by extension 'colcon_meta'
[1.831s] Level 1:colcon.colcon_core.package_identification:_identify(src/ouster-ros/ouster-msgs) by extensions ['ros']
[1.831s] Level 1:colcon.colcon_core.package_identification:_identify(src/ouster-ros/ouster-msgs) by extension 'ros'
[1.833s] DEBUG:colcon.colcon_core.package_identification:Package 'src/ouster-ros/ouster-msgs' with type 'ros.ament_cmake' and name 'ouster_msgs'
[1.834s] Level 1:colcon.colcon_core.package_identification:_identify(src/ouster-ros/ouster-ros) by extensions ['ignore', 'ignore_ament_install']
[1.834s] Level 1:colcon.colcon_core.package_identification:_identify(src/ouster-ros/ouster-ros) by extension 'ignore'
[1.834s] Level 1:colcon.colcon_core.package_identification:_identify(src/ouster-ros/ouster-ros) by extension 'ignore_ament_install'
[1.834s] Level 1:colcon.colcon_core.package_identification:_identify(src/ouster-ros/ouster-ros) by extensions ['colcon_pkg']
[1.835s] Level 1:colcon.colcon_core.package_identification:_identify(src/ouster-ros/ouster-ros) by extension 'colcon_pkg'
[1.835s] Level 1:colcon.colcon_core.package_identification:_identify(src/ouster-ros/ouster-ros) by extensions ['colcon_meta']
[1.835s] Level 1:colcon.colcon_core.package_identification:_identify(src/ouster-ros/ouster-ros) by extension 'colcon_meta'
[1.835s] Level 1:colcon.colcon_core.package_identification:_identify(src/ouster-ros/ouster-ros) by extensions ['ros']
[1.836s] Level 1:colcon.colcon_core.package_identification:_identify(src/ouster-ros/ouster-ros) by extension 'ros'
[1.844s] DEBUG:colcon.colcon_core.package_identification:Package 'src/ouster-ros/ouster-ros' with type 'ros.ament_cmake' and name 'ouster_ros'
[1.844s] Level 1:colcon.colcon_core.package_identification:_identify(src/ouster-ros/ouster-srvs) by extensions ['ignore', 'ignore_ament_install']
[1.845s] Level 1:colcon.colcon_core.package_identification:_identify(src/ouster-ros/ouster-srvs) by extension 'ignore'
[1.845s] Level 1:colcon.colcon_core.package_identification:_identify(src/ouster-ros/ouster-srvs) by extension 'ignore_ament_install'
[1.845s] Level 1:colcon.colcon_core.package_identification:_identify(src/ouster-ros/ouster-srvs) by extensions ['colcon_pkg']
[1.845s] Level 1:colcon.colcon_core.package_identification:_identify(src/ouster-ros/ouster-srvs) by extension 'colcon_pkg'
[1.846s] Level 1:colcon.colcon_core.package_identification:_identify(src/ouster-ros/ouster-srvs) by extensions ['colcon_meta']
[1.846s] Level 1:colcon.colcon_core.package_identification:_identify(src/ouster-ros/ouster-srvs) by extension 'colcon_meta'
[1.846s] Level 1:colcon.colcon_core.package_identification:_identify(src/ouster-ros/ouster-srvs) by extensions ['ros']
[1.846s] Level 1:colcon.colcon_core.package_identification:_identify(src/ouster-ros/ouster-srvs) by extension 'ros'
[1.848s] DEBUG:colcon.colcon_core.package_identification:Package 'src/ouster-ros/ouster-srvs' with type 'ros.ament_cmake' and name 'ouster_srvs'
[1.849s] Level 1:colcon.colcon_core.package_identification:_identify(src/pointcloud_to_laser) by extensions ['ignore', 'ignore_ament_install']
[1.849s] Level 1:colcon.colcon_core.package_identification:_identify(src/pointcloud_to_laser) by extension 'ignore'
[1.850s] Level 1:colcon.colcon_core.package_identification:_identify(src/pointcloud_to_laser) by extension 'ignore_ament_install'
[1.850s] Level 1:colcon.colcon_core.package_identification:_identify(src/pointcloud_to_laser) by extensions ['colcon_pkg']
[1.850s] Level 1:colcon.colcon_core.package_identification:_identify(src/pointcloud_to_laser) by extension 'colcon_pkg'
[1.850s] Level 1:colcon.colcon_core.package_identification:_identify(src/pointcloud_to_laser) by extensions ['colcon_meta']
[1.850s] Level 1:colcon.colcon_core.package_identification:_identify(src/pointcloud_to_laser) by extension 'colcon_meta'
[1.851s] Level 1:colcon.colcon_core.package_identification:_identify(src/pointcloud_to_laser) by extensions ['ros']
[1.851s] Level 1:colcon.colcon_core.package_identification:_identify(src/pointcloud_to_laser) by extension 'ros'
[1.857s] DEBUG:colcon.colcon_core.package_identification:Package 'src/pointcloud_to_laser' with type 'ros.ament_cmake' and name 'pointcloud_to_laserscan'
[1.858s] Level 1:colcon.colcon_core.package_identification:_identify(src/ros2_esp32) by extensions ['ignore', 'ignore_ament_install']
[1.858s] Level 1:colcon.colcon_core.package_identification:_identify(src/ros2_esp32) by extension 'ignore'
[1.858s] Level 1:colcon.colcon_core.package_identification:_identify(src/ros2_esp32) by extension 'ignore_ament_install'
[1.859s] Level 1:colcon.colcon_core.package_identification:_identify(src/ros2_esp32) by extensions ['colcon_pkg']
[1.859s] Level 1:colcon.colcon_core.package_identification:_identify(src/ros2_esp32) by extension 'colcon_pkg'
[1.859s] Level 1:colcon.colcon_core.package_identification:_identify(src/ros2_esp32) by extensions ['colcon_meta']
[1.859s] Level 1:colcon.colcon_core.package_identification:_identify(src/ros2_esp32) by extension 'colcon_meta'
[1.860s] Level 1:colcon.colcon_core.package_identification:_identify(src/ros2_esp32) by extensions ['ros']
[1.860s] Level 1:colcon.colcon_core.package_identification:_identify(src/ros2_esp32) by extension 'ros'
[1.862s] DEBUG:colcon.colcon_core.package_identification:Package 'src/ros2_esp32' with type 'ros.ament_cmake' and name 'ros2_esp32'
[1.863s] Level 1:colcon.colcon_core.package_discovery:discover_packages(recursive) using defaults
[1.863s] Level 1:colcon.colcon_core.package_discovery:discover_packages(ignore) discover
[1.863s] Level 1:colcon.colcon_core.package_discovery:discover_packages(ignore) using defaults
[1.863s] Level 1:colcon.colcon_core.package_discovery:discover_packages(path) discover
[1.863s] Level 1:colcon.colcon_core.package_discovery:discover_packages(path) using defaults
[1.955s] Level 1:colcon.colcon_core.package_discovery:discover_packages(prefix_path) check parameters
[1.956s] Level 1:colcon.colcon_core.package_discovery:discover_packages(prefix_path) discover
[1.971s] DEBUG:colcon.colcon_installed_package_information.package_discovery:Found 8 installed packages in /home/jetson/ros-workspace/install
[1.982s] DEBUG:colcon.colcon_installed_package_information.package_discovery:Found 293 installed packages in /opt/ros/foxy
[1.993s] Level 1:colcon.colcon_core.package_discovery:discover_packages(prefix_path) using defaults
[2.347s] Level 5:colcon.colcon_core.verb:set package 'micro_ros_setup' build argument 'cmake_args' from command line to '['-DCMAKE_BUILD_TYPE=Release']'
[2.348s] Level 5:colcon.colcon_core.verb:set package 'micro_ros_setup' build argument 'cmake_target' from command line to 'None'
[2.348s] Level 5:colcon.colcon_core.verb:set package 'micro_ros_setup' build argument 'cmake_target_skip_unavailable' from command line to 'False'
[2.348s] Level 5:colcon.colcon_core.verb:set package 'micro_ros_setup' build argument 'cmake_clean_cache' from command line to 'False'
[2.348s] Level 5:colcon.colcon_core.verb:set package 'micro_ros_setup' build argument 'cmake_clean_first' from command line to 'False'
[2.348s] Level 5:colcon.colcon_core.verb:set package 'micro_ros_setup' build argument 'cmake_force_configure' from command line to 'False'
[2.348s] Level 5:colcon.colcon_core.verb:set package 'micro_ros_setup' build argument 'ament_cmake_args' from command line to 'None'
[2.349s] Level 5:colcon.colcon_core.verb:set package 'micro_ros_setup' build argument 'catkin_cmake_args' from command line to 'None'
[2.349s] Level 5:colcon.colcon_core.verb:set package 'micro_ros_setup' build argument 'catkin_skip_building_tests' from command line to 'False'
[2.349s] DEBUG:colcon.colcon_core.verb:Building package 'micro_ros_setup' with the following arguments: {'ament_cmake_args': None, 'build_base': '/home/jetson/ros-workspace/build/micro_ros_setup', 'catkin_cmake_args': None, 'catkin_skip_building_tests': False, 'cmake_args': ['-DCMAKE_BUILD_TYPE=Release'], 'cmake_clean_cache': False, 'cmake_clean_first': False, 'cmake_force_configure': False, 'cmake_target': None, 'cmake_target_skip_unavailable': False, 'install_base': '/home/jetson/ros-workspace/install/micro_ros_setup', 'merge_install': False, 'path': '/home/jetson/ros-workspace/src/micro_ros_setup', 'symlink_install': True, 'test_result_base': None}
[2.354s] Level 5:colcon.colcon_core.verb:set package 'navigation' build argument 'cmake_args' from command line to '['-DCMAKE_BUILD_TYPE=Release']'
[2.354s] Level 5:colcon.colcon_core.verb:set package 'navigation' build argument 'cmake_target' from command line to 'None'
[2.354s] Level 5:colcon.colcon_core.verb:set package 'navigation' build argument 'cmake_target_skip_unavailable' from command line to 'False'
[2.354s] Level 5:colcon.colcon_core.verb:set package 'navigation' build argument 'cmake_clean_cache' from command line to 'False'
[2.354s] Level 5:colcon.colcon_core.verb:set package 'navigation' build argument 'cmake_clean_first' from command line to 'False'
[2.355s] Level 5:colcon.colcon_core.verb:set package 'navigation' build argument 'cmake_force_configure' from command line to 'False'
[2.355s] Level 5:colcon.colcon_core.verb:set package 'navigation' build argument 'ament_cmake_args' from command line to 'None'
[2.355s] Level 5:colcon.colcon_core.verb:set package 'navigation' build argument 'catkin_cmake_args' from command line to 'None'
[2.355s] Level 5:colcon.colcon_core.verb:set package 'navigation' build argument 'catkin_skip_building_tests' from command line to 'False'
[2.355s] DEBUG:colcon.colcon_core.verb:Building package 'navigation' with the following arguments: {'ament_cmake_args': None, 'build_base': '/home/jetson/ros-workspace/build/navigation', 'catkin_cmake_args': None, 'catkin_skip_building_tests': False, 'cmake_args': ['-DCMAKE_BUILD_TYPE=Release'], 'cmake_clean_cache': False, 'cmake_clean_first': False, 'cmake_force_configure': False, 'cmake_target': None, 'cmake_target_skip_unavailable': False, 'install_base': '/home/jetson/ros-workspace/install/navigation', 'merge_install': False, 'path': '/home/jetson/ros-workspace/src/navigation', 'symlink_install': True, 'test_result_base': None}
[2.360s] Level 5:colcon.colcon_core.verb:set package 'ouster_msgs' build argument 'cmake_args' from command line to '['-DCMAKE_BUILD_TYPE=Release']'
[2.360s] Level 5:colcon.colcon_core.verb:set package 'ouster_msgs' build argument 'cmake_target' from command line to 'None'
[2.361s] Level 5:colcon.colcon_core.verb:set package 'ouster_msgs' build argument 'cmake_target_skip_unavailable' from command line to 'False'
[2.361s] Level 5:colcon.colcon_core.verb:set package 'ouster_msgs' build argument 'cmake_clean_cache' from command line to 'False'
[2.361s] Level 5:colcon.colcon_core.verb:set package 'ouster_msgs' build argument 'cmake_clean_first' from command line to 'False'
[2.361s] Level 5:colcon.colcon_core.verb:set package 'ouster_msgs' build argument 'cmake_force_configure' from command line to 'False'
[2.361s] Level 5:colcon.colcon_core.verb:set package 'ouster_msgs' build argument 'ament_cmake_args' from command line to 'None'
[2.361s] Level 5:colcon.colcon_core.verb:set package 'ouster_msgs' build argument 'catkin_cmake_args' from command line to 'None'
[2.362s] Level 5:colcon.colcon_core.verb:set package 'ouster_msgs' build argument 'catkin_skip_building_tests' from command line to 'False'
[2.362s] DEBUG:colcon.colcon_core.verb:Building package 'ouster_msgs' with the following arguments: {'ament_cmake_args': None, 'build_base': '/home/jetson/ros-workspace/build/ouster_msgs', 'catkin_cmake_args': None, 'catkin_skip_building_tests': False, 'cmake_args': ['-DCMAKE_BUILD_TYPE=Release'], 'cmake_clean_cache': False, 'cmake_clean_first': False, 'cmake_force_configure': False, 'cmake_target': None, 'cmake_target_skip_unavailable': False, 'install_base': '/home/jetson/ros-workspace/install/ouster_msgs', 'merge_install': False, 'path': '/home/jetson/ros-workspace/src/ouster-ros/ouster-msgs', 'symlink_install': True, 'test_result_base': None}
[2.367s] Level 5:colcon.colcon_core.verb:set package 'ouster_srvs' build argument 'cmake_args' from command line to '['-DCMAKE_BUILD_TYPE=Release']'
[2.367s] Level 5:colcon.colcon_core.verb:set package 'ouster_srvs' build argument 'cmake_target' from command line to 'None'
[2.367s] Level 5:colcon.colcon_core.verb:set package 'ouster_srvs' build argument 'cmake_target_skip_unavailable' from command line to 'False'
[2.368s] Level 5:colcon.colcon_core.verb:set package 'ouster_srvs' build argument 'cmake_clean_cache' from command line to 'False'
[2.368s] Level 5:colcon.colcon_core.verb:set package 'ouster_srvs' build argument 'cmake_clean_first' from command line to 'False'
[2.368s] Level 5:colcon.colcon_core.verb:set package 'ouster_srvs' build argument 'cmake_force_configure' from command line to 'False'
[2.368s] Level 5:colcon.colcon_core.verb:set package 'ouster_srvs' build argument 'ament_cmake_args' from command line to 'None'
[2.368s] Level 5:colcon.colcon_core.verb:set package 'ouster_srvs' build argument 'catkin_cmake_args' from command line to 'None'
[2.368s] Level 5:colcon.colcon_core.verb:set package 'ouster_srvs' build argument 'catkin_skip_building_tests' from command line to 'False'
[2.369s] DEBUG:colcon.colcon_core.verb:Building package 'ouster_srvs' with the following arguments: {'ament_cmake_args': None, 'build_base': '/home/jetson/ros-workspace/build/ouster_srvs', 'catkin_cmake_args': None, 'catkin_skip_building_tests': False, 'cmake_args': ['-DCMAKE_BUILD_TYPE=Release'], 'cmake_clean_cache': False, 'cmake_clean_first': False, 'cmake_force_configure': False, 'cmake_target': None, 'cmake_target_skip_unavailable': False, 'install_base': '/home/jetson/ros-workspace/install/ouster_srvs', 'merge_install': False, 'path': '/home/jetson/ros-workspace/src/ouster-ros/ouster-srvs', 'symlink_install': True, 'test_result_base': None}
[2.373s] Level 5:colcon.colcon_core.verb:set package 'pointcloud_to_laserscan' build argument 'cmake_args' from command line to '['-DCMAKE_BUILD_TYPE=Release']'
[2.373s] Level 5:colcon.colcon_core.verb:set package 'pointcloud_to_laserscan' build argument 'cmake_target' from command line to 'None'
[2.373s] Level 5:colcon.colcon_core.verb:set package 'pointcloud_to_laserscan' build argument 'cmake_target_skip_unavailable' from command line to 'False'
[2.374s] Level 5:colcon.colcon_core.verb:set package 'pointcloud_to_laserscan' build argument 'cmake_clean_cache' from command line to 'False'
[2.374s] Level 5:colcon.colcon_core.verb:set package 'pointcloud_to_laserscan' build argument 'cmake_clean_first' from command line to 'False'
[2.374s] Level 5:colcon.colcon_core.verb:set package 'pointcloud_to_laserscan' build argument 'cmake_force_configure' from command line to 'False'
[2.374s] Level 5:colcon.colcon_core.verb:set package 'pointcloud_to_laserscan' build argument 'ament_cmake_args' from command line to 'None'
[2.374s] Level 5:colcon.colcon_core.verb:set package 'pointcloud_to_laserscan' build argument 'catkin_cmake_args' from command line to 'None'
[2.374s] Level 5:colcon.colcon_core.verb:set package 'pointcloud_to_laserscan' build argument 'catkin_skip_building_tests' from command line to 'False'
[2.375s] DEBUG:colcon.colcon_core.verb:Building package 'pointcloud_to_laserscan' with the following arguments: {'ament_cmake_args': None, 'build_base': '/home/jetson/ros-workspace/build/pointcloud_to_laserscan', 'catkin_cmake_args': None, 'catkin_skip_building_tests': False, 'cmake_args': ['-DCMAKE_BUILD_TYPE=Release'], 'cmake_clean_cache': False, 'cmake_clean_first': False, 'cmake_force_configure': False, 'cmake_target': None, 'cmake_target_skip_unavailable': False, 'install_base': '/home/jetson/ros-workspace/install/pointcloud_to_laserscan', 'merge_install': False, 'path': '/home/jetson/ros-workspace/src/pointcloud_to_laser', 'symlink_install': True, 'test_result_base': None}
[2.379s] Level 5:colcon.colcon_core.verb:set package 'ros2_esp32' build argument 'cmake_args' from command line to '['-DCMAKE_BUILD_TYPE=Release']'
[2.379s] Level 5:colcon.colcon_core.verb:set package 'ros2_esp32' build argument 'cmake_target' from command line to 'None'
[2.380s] Level 5:colcon.colcon_core.verb:set package 'ros2_esp32' build argument 'cmake_target_skip_unavailable' from command line to 'False'
[2.380s] Level 5:colcon.colcon_core.verb:set package 'ros2_esp32' build argument 'cmake_clean_cache' from command line to 'False'
[2.380s] Level 5:colcon.colcon_core.verb:set package 'ros2_esp32' build argument 'cmake_clean_first' from command line to 'False'
[2.380s] Level 5:colcon.colcon_core.verb:set package 'ros2_esp32' build argument 'cmake_force_configure' from command line to 'False'
[2.380s] Level 5:colcon.colcon_core.verb:set package 'ros2_esp32' build argument 'ament_cmake_args' from command line to 'None'
[2.380s] Level 5:colcon.colcon_core.verb:set package 'ros2_esp32' build argument 'catkin_cmake_args' from command line to 'None'
[2.380s] Level 5:colcon.colcon_core.verb:set package 'ros2_esp32' build argument 'catkin_skip_building_tests' from command line to 'False'
[2.381s] DEBUG:colcon.colcon_core.verb:Building package 'ros2_esp32' with the following arguments: {'ament_cmake_args': None, 'build_base': '/home/jetson/ros-workspace/build/ros2_esp32', 'catkin_cmake_args': None, 'catkin_skip_building_tests': False, 'cmake_args': ['-DCMAKE_BUILD_TYPE=Release'], 'cmake_clean_cache': False, 'cmake_clean_first': False, 'cmake_force_configure': False, 'cmake_target': None, 'cmake_target_skip_unavailable': False, 'install_base': '/home/jetson/ros-workspace/install/ros2_esp32', 'merge_install': False, 'path': '/home/jetson/ros-workspace/src/ros2_esp32', 'symlink_install': True, 'test_result_base': None}
[2.385s] Level 5:colcon.colcon_core.verb:set package 'ouster_ros' build argument 'cmake_args' from command line to '['-DCMAKE_BUILD_TYPE=Release']'
[2.386s] Level 5:colcon.colcon_core.verb:set package 'ouster_ros' build argument 'cmake_target' from command line to 'None'
[2.386s] Level 5:colcon.colcon_core.verb:set package 'ouster_ros' build argument 'cmake_target_skip_unavailable' from command line to 'False'
[2.386s] Level 5:colcon.colcon_core.verb:set package 'ouster_ros' build argument 'cmake_clean_cache' from command line to 'False'
[2.386s] Level 5:colcon.colcon_core.verb:set package 'ouster_ros' build argument 'cmake_clean_first' from command line to 'False'
[2.386s] Level 5:colcon.colcon_core.verb:set package 'ouster_ros' build argument 'cmake_force_configure' from command line to 'False'
[2.386s] Level 5:colcon.colcon_core.verb:set package 'ouster_ros' build argument 'ament_cmake_args' from command line to 'None'
[2.386s] Level 5:colcon.colcon_core.verb:set package 'ouster_ros' build argument 'catkin_cmake_args' from command line to 'None'
[2.387s] Level 5:colcon.colcon_core.verb:set package 'ouster_ros' build argument 'catkin_skip_building_tests' from command line to 'False'
[2.387s] DEBUG:colcon.colcon_core.verb:Building package 'ouster_ros' with the following arguments: {'ament_cmake_args': None, 'build_base': '/home/jetson/ros-workspace/build/ouster_ros', 'catkin_cmake_args': None, 'catkin_skip_building_tests': False, 'cmake_args': ['-DCMAKE_BUILD_TYPE=Release'], 'cmake_clean_cache': False, 'cmake_clean_first': False, 'cmake_force_configure': False, 'cmake_target': None, 'cmake_target_skip_unavailable': False, 'install_base': '/home/jetson/ros-workspace/install/ouster_ros', 'merge_install': False, 'path': '/home/jetson/ros-workspace/src/ouster-ros/ouster-ros', 'symlink_install': True, 'test_result_base': None}
[2.390s] INFO:colcon.colcon_core.executor:Executing jobs using 'parallel' executor
[2.406s] DEBUG:colcon.colcon_parallel_executor.executor.parallel:run_until_complete
[2.408s] INFO:colcon.colcon_ros.task.ament_cmake.build:Building ROS package in '/home/jetson/ros-workspace/src/ouster-ros/ouster-msgs' with build type 'ament_cmake'
[2.409s] INFO:colcon.colcon_cmake.task.cmake.build:Building CMake package in '/home/jetson/ros-workspace/src/ouster-ros/ouster-msgs'
[2.432s] INFO:colcon.colcon_core.plugin_system:Skipping extension 'colcon_core.shell.bat': Not used on non-Windows systems
[2.433s] INFO:colcon.colcon_core.shell:Skip shell extension 'powershell' for command environment: Not usable outside of PowerShell
[2.433s] DEBUG:colcon.colcon_core.shell:Skip shell extension 'dsv' for command environment
[2.474s] INFO:colcon.colcon_ros.task.ament_cmake.build:Building ROS package in '/home/jetson/ros-workspace/src/ouster-ros/ouster-srvs' with build type 'ament_cmake'
[2.477s] INFO:colcon.colcon_cmake.task.cmake.build:Building CMake package in '/home/jetson/ros-workspace/src/ouster-ros/ouster-srvs'
[2.490s] INFO:colcon.colcon_core.shell:Skip shell extension 'powershell' for command environment: Not usable outside of PowerShell
[2.491s] DEBUG:colcon.colcon_core.shell:Skip shell extension 'dsv' for command environment
[2.535s] INFO:colcon.colcon_ros.task.ament_cmake.build:Building ROS package in '/home/jetson/ros-workspace/src/micro_ros_setup' with build type 'ament_cmake'
[2.539s] INFO:colcon.colcon_cmake.task.cmake.build:Building CMake package in '/home/jetson/ros-workspace/src/micro_ros_setup'
[2.553s] INFO:colcon.colcon_core.shell:Skip shell extension 'powershell' for command environment: Not usable outside of PowerShell
[2.553s] DEBUG:colcon.colcon_core.shell:Skip shell extension 'dsv' for command environment
[2.596s] INFO:colcon.colcon_ros.task.ament_cmake.build:Building ROS package in '/home/jetson/ros-workspace/src/navigation' with build type 'ament_cmake'
[2.599s] INFO:colcon.colcon_cmake.task.cmake.build:Building CMake package in '/home/jetson/ros-workspace/src/navigation'
[2.613s] INFO:colcon.colcon_core.shell:Skip shell extension 'powershell' for command environment: Not usable outside of PowerShell
[2.614s] DEBUG:colcon.colcon_core.shell:Skip shell extension 'dsv' for command environment
[2.658s] INFO:colcon.colcon_ros.task.ament_cmake.build:Building ROS package in '/home/jetson/ros-workspace/src/pointcloud_to_laser' with build type 'ament_cmake'
[2.662s] INFO:colcon.colcon_cmake.task.cmake.build:Building CMake package in '/home/jetson/ros-workspace/src/pointcloud_to_laser'
[2.674s] INFO:colcon.colcon_core.shell:Skip shell extension 'powershell' for command environment: Not usable outside of PowerShell
[2.675s] DEBUG:colcon.colcon_core.shell:Skip shell extension 'dsv' for command environment
[2.721s] INFO:colcon.colcon_ros.task.ament_cmake.build:Building ROS package in '/home/jetson/ros-workspace/src/ros2_esp32' with build type 'ament_cmake'
[2.725s] INFO:colcon.colcon_cmake.task.cmake.build:Building CMake package in '/home/jetson/ros-workspace/src/ros2_esp32'
[2.737s] INFO:colcon.colcon_core.shell:Skip shell extension 'powershell' for command environment: Not usable outside of PowerShell
[2.738s] DEBUG:colcon.colcon_core.shell:Skip shell extension 'dsv' for command environment
[2.833s] DEBUG:colcon.colcon_core.event_handler.log_command:Invoking command in '/home/jetson/ros-workspace/build/ouster_msgs': CMAKE_PREFIX_PATH=${CMAKE_PREFIX_PATH}:/opt/ros/foxy /usr/bin/cmake --build /home/jetson/ros-workspace/build/ouster_msgs -- -j6 -l6
[2.866s] DEBUG:colcon.colcon_core.event_handler.log_command:Invoking command in '/home/jetson/ros-workspace/build/ouster_srvs': CMAKE_PREFIX_PATH=${CMAKE_PREFIX_PATH}:/opt/ros/foxy /usr/bin/cmake --build /home/jetson/ros-workspace/build/ouster_srvs -- -j6 -l6
[2.946s] DEBUG:colcon.colcon_core.event_handler.log_command:Invoking command in '/home/jetson/ros-workspace/build/micro_ros_setup': CMAKE_PREFIX_PATH=${CMAKE_PREFIX_PATH}:/opt/ros/foxy /usr/bin/cmake --build /home/jetson/ros-workspace/build/micro_ros_setup -- -j6 -l6
[2.955s] DEBUG:colcon.colcon_core.event_handler.log_command:Invoking command in '/home/jetson/ros-workspace/build/navigation': CMAKE_PREFIX_PATH=${CMAKE_PREFIX_PATH}:/opt/ros/foxy /usr/bin/cmake --build /home/jetson/ros-workspace/build/navigation -- -j6 -l6
[2.983s] DEBUG:colcon.colcon_core.event_handler.log_command:Invoking command in '/home/jetson/ros-workspace/build/pointcloud_to_laserscan': CMAKE_PREFIX_PATH=${CMAKE_PREFIX_PATH}:/opt/ros/foxy /usr/bin/cmake --build /home/jetson/ros-workspace/build/pointcloud_to_laserscan -- -j6 -l6
[3.021s] DEBUG:colcon.colcon_core.event_handler.log_command:Invoking command in '/home/jetson/ros-workspace/build/ros2_esp32': CMAKE_PREFIX_PATH=${CMAKE_PREFIX_PATH}:/opt/ros/foxy /usr/bin/cmake --build /home/jetson/ros-workspace/build/ros2_esp32 -- -j6 -l6
[3.216s] DEBUG:colcon.colcon_core.event_handler.log_command:Invoked command in '/home/jetson/ros-workspace/build/micro_ros_setup' returned '0': CMAKE_PREFIX_PATH=${CMAKE_PREFIX_PATH}:/opt/ros/foxy /usr/bin/cmake --build /home/jetson/ros-workspace/build/micro_ros_setup -- -j6 -l6
[3.936s] DEBUG:colcon.colcon_core.event_handler.log_command:Invoking command in '/home/jetson/ros-workspace/build/micro_ros_setup': CMAKE_PREFIX_PATH=${CMAKE_PREFIX_PATH}:/opt/ros/foxy /usr/bin/cmake --install /home/jetson/ros-workspace/build/micro_ros_setup
[3.996s] DEBUG:colcon.colcon_core.event_handler.log_command:Invoked command in '/home/jetson/ros-workspace/build/navigation' returned '0': CMAKE_PREFIX_PATH=${CMAKE_PREFIX_PATH}:/opt/ros/foxy /usr/bin/cmake --build /home/jetson/ros-workspace/build/navigation -- -j6 -l6
[4.094s] DEBUG:colcon.colcon_core.event_handler.log_command:Invoked command in '/home/jetson/ros-workspace/build/ros2_esp32' returned '0': CMAKE_PREFIX_PATH=${CMAKE_PREFIX_PATH}:/opt/ros/foxy /usr/bin/cmake --build /home/jetson/ros-workspace/build/ros2_esp32 -- -j6 -l6
[4.142s] DEBUG:colcon.colcon_core.event_handler.log_command:Invoked command in '/home/jetson/ros-workspace/build/pointcloud_to_laserscan' returned '0': CMAKE_PREFIX_PATH=${CMAKE_PREFIX_PATH}:/opt/ros/foxy /usr/bin/cmake --build /home/jetson/ros-workspace/build/pointcloud_to_laserscan -- -j6 -l6
[4.274s] Level 1:colcon.colcon_core.environment:create_environment_scripts_only(micro_ros_setup)
[4.348s] Level 1:colcon.colcon_core.environment:checking '/home/jetson/ros-workspace/install/micro_ros_setup' for CMake module files
[4.370s] Level 1:colcon.colcon_core.environment:checking '/home/jetson/ros-workspace/install/micro_ros_setup' for CMake config files
[4.381s] Level 1:colcon.colcon_core.shell:create_environment_hook('micro_ros_setup', 'cmake_prefix_path')
[4.391s] INFO:colcon.colcon_core.shell:Creating environment hook '/home/jetson/ros-workspace/install/micro_ros_setup/share/micro_ros_setup/hook/cmake_prefix_path.ps1'
[4.398s] INFO:colcon.colcon_core.shell:Creating environment descriptor '/home/jetson/ros-workspace/install/micro_ros_setup/share/micro_ros_setup/hook/cmake_prefix_path.dsv'
[4.403s] INFO:colcon.colcon_core.shell:Creating environment hook '/home/jetson/ros-workspace/install/micro_ros_setup/share/micro_ros_setup/hook/cmake_prefix_path.sh'
[4.414s] Level 1:colcon.colcon_core.environment:checking '/home/jetson/ros-workspace/install/micro_ros_setup/lib'
[4.420s] Level 1:colcon.colcon_core.environment:checking '/home/jetson/ros-workspace/install/micro_ros_setup/bin'
[4.422s] Level 1:colcon.colcon_core.environment:checking '/home/jetson/ros-workspace/install/micro_ros_setup/lib/pkgconfig/micro_ros_setup.pc'
[4.422s] DEBUG:colcon.colcon_core.event_handler.log_command:Invoking command in '/home/jetson/ros-workspace/build/navigation': CMAKE_PREFIX_PATH=${CMAKE_PREFIX_PATH}:/opt/ros/foxy /usr/bin/cmake --install /home/jetson/ros-workspace/build/navigation
[4.425s] Level 1:colcon.colcon_core.environment:checking '/home/jetson/ros-workspace/install/micro_ros_setup/lib/python3.8/site-packages'
[4.428s] Level 1:colcon.colcon_core.environment:checking '/home/jetson/ros-workspace/install/micro_ros_setup/bin'
[4.429s] DEBUG:colcon.colcon_core.event_handler.log_command:Invoked command in '/home/jetson/ros-workspace/build/micro_ros_setup' returned '0': CMAKE_PREFIX_PATH=${CMAKE_PREFIX_PATH}:/opt/ros/foxy /usr/bin/cmake --install /home/jetson/ros-workspace/build/micro_ros_setup
[4.438s] INFO:colcon.colcon_core.shell:Creating package script '/home/jetson/ros-workspace/install/micro_ros_setup/share/micro_ros_setup/package.ps1'
[4.446s] INFO:colcon.colcon_core.shell:Creating package descriptor '/home/jetson/ros-workspace/install/micro_ros_setup/share/micro_ros_setup/package.dsv'
[4.451s] INFO:colcon.colcon_core.shell:Creating package script '/home/jetson/ros-workspace/install/micro_ros_setup/share/micro_ros_setup/package.sh'
[4.458s] INFO:colcon.colcon_core.shell:Creating package script '/home/jetson/ros-workspace/install/micro_ros_setup/share/micro_ros_setup/package.bash'
[4.464s] INFO:colcon.colcon_core.shell:Creating package script '/home/jetson/ros-workspace/install/micro_ros_setup/share/micro_ros_setup/package.zsh'
[4.470s] Level 1:colcon.colcon_core.environment:create_file_with_runtime_dependencies(/home/jetson/ros-workspace/install/micro_ros_setup/share/colcon-core/packages/micro_ros_setup)
[4.504s] Level 1:colcon.colcon_core.environment:create_environment_scripts_only(navigation)
[4.518s] DEBUG:colcon.colcon_core.event_handler.log_command:Invoked command in '/home/jetson/ros-workspace/build/navigation' returned '0': CMAKE_PREFIX_PATH=${CMAKE_PREFIX_PATH}:/opt/ros/foxy /usr/bin/cmake --install /home/jetson/ros-workspace/build/navigation
[4.530s] Level 1:colcon.colcon_core.environment:checking '/home/jetson/ros-workspace/install/navigation' for CMake module files
[4.533s] Level 1:colcon.colcon_core.environment:checking '/home/jetson/ros-workspace/install/navigation' for CMake config files
[4.536s] Level 1:colcon.colcon_core.shell:create_environment_hook('navigation', 'cmake_prefix_path')
[4.544s] INFO:colcon.colcon_core.shell:Creating environment hook '/home/jetson/ros-workspace/install/navigation/share/navigation/hook/cmake_prefix_path.ps1'
[4.549s] INFO:colcon.colcon_core.shell:Creating environment descriptor '/home/jetson/ros-workspace/install/navigation/share/navigation/hook/cmake_prefix_path.dsv'
[4.551s] INFO:colcon.colcon_core.shell:Creating environment hook '/home/jetson/ros-workspace/install/navigation/share/navigation/hook/cmake_prefix_path.sh'
[4.555s] Level 1:colcon.colcon_core.environment:checking '/home/jetson/ros-workspace/install/navigation/lib'
[4.556s] Level 1:colcon.colcon_core.environment:checking '/home/jetson/ros-workspace/install/navigation/bin'
[4.556s] Level 1:colcon.colcon_core.environment:checking '/home/jetson/ros-workspace/install/navigation/lib/pkgconfig/navigation.pc'
[4.558s] Level 1:colcon.colcon_core.environment:checking '/home/jetson/ros-workspace/install/navigation/lib/python3.8/site-packages'
[4.558s] Level 1:colcon.colcon_core.environment:checking '/home/jetson/ros-workspace/install/navigation/bin'
[4.566s] INFO:colcon.colcon_core.shell:Creating package script '/home/jetson/ros-workspace/install/navigation/share/navigation/package.ps1'
[4.569s] INFO:colcon.colcon_core.shell:Creating package descriptor '/home/jetson/ros-workspace/install/navigation/share/navigation/package.dsv'
[4.572s] INFO:colcon.colcon_core.shell:Creating package script '/home/jetson/ros-workspace/install/navigation/share/navigation/package.sh'
[4.575s] INFO:colcon.colcon_core.shell:Creating package script '/home/jetson/ros-workspace/install/navigation/share/navigation/package.bash'
[4.577s] INFO:colcon.colcon_core.shell:Creating package script '/home/jetson/ros-workspace/install/navigation/share/navigation/package.zsh'
[4.581s] Level 1:colcon.colcon_core.environment:create_file_with_runtime_dependencies(/home/jetson/ros-workspace/install/navigation/share/colcon-core/packages/navigation)
[4.611s] DEBUG:colcon.colcon_core.event_handler.log_command:Invoking command in '/home/jetson/ros-workspace/build/pointcloud_to_laserscan': CMAKE_PREFIX_PATH=${CMAKE_PREFIX_PATH}:/opt/ros/foxy /usr/bin/cmake --install /home/jetson/ros-workspace/build/pointcloud_to_laserscan
[4.651s] DEBUG:colcon.colcon_core.event_handler.log_command:Invoking command in '/home/jetson/ros-workspace/build/ros2_esp32': CMAKE_PREFIX_PATH=${CMAKE_PREFIX_PATH}:/opt/ros/foxy /usr/bin/cmake --install /home/jetson/ros-workspace/build/ros2_esp32
[4.690s] Level 1:colcon.colcon_core.environment:create_environment_scripts_only(micro_ros_setup)
[4.719s] Level 1:colcon.colcon_core.environment:checking '/home/jetson/ros-workspace/install/micro_ros_setup' for CMake module files
[4.755s] Level 1:colcon.colcon_core.environment:checking '/home/jetson/ros-workspace/install/micro_ros_setup' for CMake config files
[4.770s] Level 1:colcon.colcon_core.shell:create_environment_hook('micro_ros_setup', 'cmake_prefix_path')
[4.783s] INFO:colcon.colcon_core.shell:Creating environment hook '/home/jetson/ros-workspace/install/micro_ros_setup/share/micro_ros_setup/hook/cmake_prefix_path.ps1'
[4.796s] INFO:colcon.colcon_core.shell:Creating environment descriptor '/home/jetson/ros-workspace/install/micro_ros_setup/share/micro_ros_setup/hook/cmake_prefix_path.dsv'
[4.798s] INFO:colcon.colcon_core.shell:Creating environment hook '/home/jetson/ros-workspace/install/micro_ros_setup/share/micro_ros_setup/hook/cmake_prefix_path.sh'
[4.803s] Level 1:colcon.colcon_core.environment:checking '/home/jetson/ros-workspace/install/micro_ros_setup/lib'
[4.804s] Level 1:colcon.colcon_core.environment:checking '/home/jetson/ros-workspace/install/micro_ros_setup/bin'
[4.804s] Level 1:colcon.colcon_core.environment:checking '/home/jetson/ros-workspace/install/micro_ros_setup/lib/pkgconfig/micro_ros_setup.pc'
[4.817s] Level 1:colcon.colcon_core.environment:checking '/home/jetson/ros-workspace/install/micro_ros_setup/lib/python3.8/site-packages'
[4.818s] Level 1:colcon.colcon_core.environment:checking '/home/jetson/ros-workspace/install/micro_ros_setup/bin'
[4.825s] INFO:colcon.colcon_core.shell:Creating package script '/home/jetson/ros-workspace/install/micro_ros_setup/share/micro_ros_setup/package.ps1'
[4.842s] INFO:colcon.colcon_core.shell:Creating package descriptor '/home/jetson/ros-workspace/install/micro_ros_setup/share/micro_ros_setup/package.dsv'
[4.852s] INFO:colcon.colcon_core.shell:Creating package script '/home/jetson/ros-workspace/install/micro_ros_setup/share/micro_ros_setup/package.sh'
[4.864s] INFO:colcon.colcon_core.shell:Creating package script '/home/jetson/ros-workspace/install/micro_ros_setup/share/micro_ros_setup/package.bash'
[4.868s] INFO:colcon.colcon_core.shell:Creating package script '/home/jetson/ros-workspace/install/micro_ros_setup/share/micro_ros_setup/package.zsh'
[4.871s] Level 1:colcon.colcon_core.environment:create_file_with_runtime_dependencies(/home/jetson/ros-workspace/install/micro_ros_setup/share/colcon-core/packages/micro_ros_setup)
[4.943s] Level 1:colcon.colcon_core.environment:create_environment_scripts_only(navigation)
[4.970s] Level 1:colcon.colcon_core.environment:checking '/home/jetson/ros-workspace/install/navigation' for CMake module files
[4.979s] Level 1:colcon.colcon_core.environment:checking '/home/jetson/ros-workspace/install/navigation' for CMake config files
[4.983s] Level 1:colcon.colcon_core.shell:create_environment_hook('navigation', 'cmake_prefix_path')
[4.990s] INFO:colcon.colcon_core.shell:Creating environment hook '/home/jetson/ros-workspace/install/navigation/share/navigation/hook/cmake_prefix_path.ps1'
[4.994s] INFO:colcon.colcon_core.shell:Creating environment descriptor '/home/jetson/ros-workspace/install/navigation/share/navigation/hook/cmake_prefix_path.dsv'
[4.997s] INFO:colcon.colcon_core.shell:Creating environment hook '/home/jetson/ros-workspace/install/navigation/share/navigation/hook/cmake_prefix_path.sh'
[5.000s] Level 1:colcon.colcon_core.environment:checking '/home/jetson/ros-workspace/install/navigation/lib'
[5.001s] Level 1:colcon.colcon_core.environment:checking '/home/jetson/ros-workspace/install/navigation/bin'
[5.001s] Level 1:colcon.colcon_core.environment:checking '/home/jetson/ros-workspace/install/navigation/lib/pkgconfig/navigation.pc'
[5.002s] Level 1:colcon.colcon_core.environment:checking '/home/jetson/ros-workspace/install/navigation/lib/python3.8/site-packages'
[5.003s] Level 1:colcon.colcon_core.environment:checking '/home/jetson/ros-workspace/install/navigation/bin'
[5.013s] INFO:colcon.colcon_core.shell:Creating package script '/home/jetson/ros-workspace/install/navigation/share/navigation/package.ps1'
[5.017s] INFO:colcon.colcon_core.shell:Creating package descriptor '/home/jetson/ros-workspace/install/navigation/share/navigation/package.dsv'
[5.020s] INFO:colcon.colcon_core.shell:Creating package script '/home/jetson/ros-workspace/install/navigation/share/navigation/package.sh'
[5.027s] INFO:colcon.colcon_core.shell:Creating package script '/home/jetson/ros-workspace/install/navigation/share/navigation/package.bash'
[5.032s] INFO:colcon.colcon_core.shell:Creating package script '/home/jetson/ros-workspace/install/navigation/share/navigation/package.zsh'
[5.034s] Level 1:colcon.colcon_core.environment:create_file_with_runtime_dependencies(/home/jetson/ros-workspace/install/navigation/share/colcon-core/packages/navigation)
[5.042s] Level 1:colcon.colcon_core.environment:create_environment_scripts_only(ros2_esp32)
[5.055s] DEBUG:colcon.colcon_core.event_handler.log_command:Invoked command in '/home/jetson/ros-workspace/build/ros2_esp32' returned '0': CMAKE_PREFIX_PATH=${CMAKE_PREFIX_PATH}:/opt/ros/foxy /usr/bin/cmake --install /home/jetson/ros-workspace/build/ros2_esp32
[5.057s] Level 1:colcon.colcon_core.environment:checking '/home/jetson/ros-workspace/install/ros2_esp32' for CMake module files
[5.061s] Level 1:colcon.colcon_core.environment:checking '/home/jetson/ros-workspace/install/ros2_esp32' for CMake config files
[5.062s] Level 1:colcon.colcon_core.shell:create_environment_hook('ros2_esp32', 'cmake_prefix_path')
[5.070s] INFO:colcon.colcon_core.shell:Creating environment hook '/home/jetson/ros-workspace/install/ros2_esp32/share/ros2_esp32/hook/cmake_prefix_path.ps1'
[5.072s] INFO:colcon.colcon_core.shell:Creating environment descriptor '/home/jetson/ros-workspace/install/ros2_esp32/share/ros2_esp32/hook/cmake_prefix_path.dsv'
[5.074s] INFO:colcon.colcon_core.shell:Creating environment hook '/home/jetson/ros-workspace/install/ros2_esp32/share/ros2_esp32/hook/cmake_prefix_path.sh'
[5.077s] Level 1:colcon.colcon_core.environment:checking '/home/jetson/ros-workspace/install/ros2_esp32/lib'
[5.078s] Level 1:colcon.colcon_core.environment:checking '/home/jetson/ros-workspace/install/ros2_esp32/bin'
[5.078s] Level 1:colcon.colcon_core.environment:checking '/home/jetson/ros-workspace/install/ros2_esp32/lib/pkgconfig/ros2_esp32.pc'
[5.079s] Level 1:colcon.colcon_core.environment:checking '/home/jetson/ros-workspace/install/ros2_esp32/lib/python3.8/site-packages'
[5.080s] Level 1:colcon.colcon_core.environment:checking '/home/jetson/ros-workspace/install/ros2_esp32/bin'
[5.088s] INFO:colcon.colcon_core.shell:Creating package script '/home/jetson/ros-workspace/install/ros2_esp32/share/ros2_esp32/package.ps1'
[5.091s] INFO:colcon.colcon_core.shell:Creating package descriptor '/home/jetson/ros-workspace/install/ros2_esp32/share/ros2_esp32/package.dsv'
[5.094s] INFO:colcon.colcon_core.shell:Creating package script '/home/jetson/ros-workspace/install/ros2_esp32/share/ros2_esp32/package.sh'
[5.096s] INFO:colcon.colcon_core.shell:Creating package script '/home/jetson/ros-workspace/install/ros2_esp32/share/ros2_esp32/package.bash'
[5.098s] INFO:colcon.colcon_core.shell:Creating package script '/home/jetson/ros-workspace/install/ros2_esp32/share/ros2_esp32/package.zsh'
[5.100s] Level 1:colcon.colcon_core.environment:create_file_with_runtime_dependencies(/home/jetson/ros-workspace/install/ros2_esp32/share/colcon-core/packages/ros2_esp32)
[5.118s] Level 1:colcon.colcon_core.environment:create_environment_scripts_only(pointcloud_to_laserscan)
[5.140s] DEBUG:colcon.colcon_core.event_handler.log_command:Invoked command in '/home/jetson/ros-workspace/build/pointcloud_to_laserscan' returned '0': CMAKE_PREFIX_PATH=${CMAKE_PREFIX_PATH}:/opt/ros/foxy /usr/bin/cmake --install /home/jetson/ros-workspace/build/pointcloud_to_laserscan
[5.141s] Level 1:colcon.colcon_core.environment:checking '/home/jetson/ros-workspace/install/pointcloud_to_laserscan' for CMake module files
[5.145s] Level 1:colcon.colcon_core.environment:checking '/home/jetson/ros-workspace/install/pointcloud_to_laserscan' for CMake config files
[5.148s] Level 1:colcon.colcon_core.shell:create_environment_hook('pointcloud_to_laserscan', 'cmake_prefix_path')
[5.157s] INFO:colcon.colcon_core.shell:Creating environment hook '/home/jetson/ros-workspace/install/pointcloud_to_laserscan/share/pointcloud_to_laserscan/hook/cmake_prefix_path.ps1'
[5.161s] INFO:colcon.colcon_core.shell:Creating environment descriptor '/home/jetson/ros-workspace/install/pointcloud_to_laserscan/share/pointcloud_to_laserscan/hook/cmake_prefix_path.dsv'
[5.163s] INFO:colcon.colcon_core.shell:Creating environment hook '/home/jetson/ros-workspace/install/pointcloud_to_laserscan/share/pointcloud_to_laserscan/hook/cmake_prefix_path.sh'
[5.167s] Level 1:colcon.colcon_core.environment:checking '/home/jetson/ros-workspace/install/pointcloud_to_laserscan/lib'
[5.168s] Level 1:colcon.colcon_core.shell:create_environment_hook('pointcloud_to_laserscan', 'ld_library_path_lib')
[5.175s] INFO:colcon.colcon_core.shell:Creating environment hook '/home/jetson/ros-workspace/install/pointcloud_to_laserscan/share/pointcloud_to_laserscan/hook/ld_library_path_lib.ps1'
[5.178s] INFO:colcon.colcon_core.shell:Creating environment descriptor '/home/jetson/ros-workspace/install/pointcloud_to_laserscan/share/pointcloud_to_laserscan/hook/ld_library_path_lib.dsv'
[5.180s] INFO:colcon.colcon_core.shell:Creating environment hook '/home/jetson/ros-workspace/install/pointcloud_to_laserscan/share/pointcloud_to_laserscan/hook/ld_library_path_lib.sh'
[5.182s] Level 1:colcon.colcon_core.environment:checking '/home/jetson/ros-workspace/install/pointcloud_to_laserscan/bin'
[5.182s] Level 1:colcon.colcon_core.environment:checking '/home/jetson/ros-workspace/install/pointcloud_to_laserscan/lib/pkgconfig/pointcloud_to_laserscan.pc'
[5.184s] Level 1:colcon.colcon_core.environment:checking '/home/jetson/ros-workspace/install/pointcloud_to_laserscan/lib/python3.8/site-packages'
[5.185s] Level 1:colcon.colcon_core.environment:checking '/home/jetson/ros-workspace/install/pointcloud_to_laserscan/bin'
[5.193s] INFO:colcon.colcon_core.shell:Creating package script '/home/jetson/ros-workspace/install/pointcloud_to_laserscan/share/pointcloud_to_laserscan/package.ps1'
[5.197s] INFO:colcon.colcon_core.shell:Creating package descriptor '/home/jetson/ros-workspace/install/pointcloud_to_laserscan/share/pointcloud_to_laserscan/package.dsv'
[5.200s] INFO:colcon.colcon_core.shell:Creating package script '/home/jetson/ros-workspace/install/pointcloud_to_laserscan/share/pointcloud_to_laserscan/package.sh'
[5.203s] INFO:colcon.colcon_core.shell:Creating package script '/home/jetson/ros-workspace/install/pointcloud_to_laserscan/share/pointcloud_to_laserscan/package.bash'
[5.205s] INFO:colcon.colcon_core.shell:Creating package script '/home/jetson/ros-workspace/install/pointcloud_to_laserscan/share/pointcloud_to_laserscan/package.zsh'
[5.207s] Level 1:colcon.colcon_core.environment:create_file_with_runtime_dependencies(/home/jetson/ros-workspace/install/pointcloud_to_laserscan/share/colcon-core/packages/pointcloud_to_laserscan)
[5.240s] DEBUG:colcon.colcon_core.event_handler.log_command:Invoked command in '/home/jetson/ros-workspace/build/ouster_srvs' returned '0': CMAKE_PREFIX_PATH=${CMAKE_PREFIX_PATH}:/opt/ros/foxy /usr/bin/cmake --build /home/jetson/ros-workspace/build/ouster_srvs -- -j6 -l6
[5.266s] DEBUG:colcon.colcon_core.event_handler.log_command:Invoked command in '/home/jetson/ros-workspace/build/ouster_msgs' returned '0': CMAKE_PREFIX_PATH=${CMAKE_PREFIX_PATH}:/opt/ros/foxy /usr/bin/cmake --build /home/jetson/ros-workspace/build/ouster_msgs -- -j6 -l6
[5.328s] Level 1:colcon.colcon_core.environment:create_environment_scripts_only(ros2_esp32)
[5.342s] Level 1:colcon.colcon_core.environment:checking '/home/jetson/ros-workspace/install/ros2_esp32' for CMake module files
[5.346s] Level 1:colcon.colcon_core.environment:checking '/home/jetson/ros-workspace/install/ros2_esp32' for CMake config files
[5.348s] Level 1:colcon.colcon_core.shell:create_environment_hook('ros2_esp32', 'cmake_prefix_path')
[5.356s] INFO:colcon.colcon_core.shell:Creating environment hook '/home/jetson/ros-workspace/install/ros2_esp32/share/ros2_esp32/hook/cmake_prefix_path.ps1'
[5.360s] INFO:colcon.colcon_core.shell:Creating environment descriptor '/home/jetson/ros-workspace/install/ros2_esp32/share/ros2_esp32/hook/cmake_prefix_path.dsv'
[5.362s] INFO:colcon.colcon_core.shell:Creating environment hook '/home/jetson/ros-workspace/install/ros2_esp32/share/ros2_esp32/hook/cmake_prefix_path.sh'
[5.366s] Level 1:colcon.colcon_core.environment:checking '/home/jetson/ros-workspace/install/ros2_esp32/lib'
[5.367s] Level 1:colcon.colcon_core.environment:checking '/home/jetson/ros-workspace/install/ros2_esp32/bin'
[5.367s] Level 1:colcon.colcon_core.environment:checking '/home/jetson/ros-workspace/install/ros2_esp32/lib/pkgconfig/ros2_esp32.pc'
[5.369s] Level 1:colcon.colcon_core.environment:checking '/home/jetson/ros-workspace/install/ros2_esp32/lib/python3.8/site-packages'
[5.370s] Level 1:colcon.colcon_core.environment:checking '/home/jetson/ros-workspace/install/ros2_esp32/bin'
[5.377s] INFO:colcon.colcon_core.shell:Creating package script '/home/jetson/ros-workspace/install/ros2_esp32/share/ros2_esp32/package.ps1'
[5.381s] INFO:colcon.colcon_core.shell:Creating package descriptor '/home/jetson/ros-workspace/install/ros2_esp32/share/ros2_esp32/package.dsv'
[5.384s] INFO:colcon.colcon_core.shell:Creating package script '/home/jetson/ros-workspace/install/ros2_esp32/share/ros2_esp32/package.sh'
[5.392s] INFO:colcon.colcon_core.shell:Creating package script '/home/jetson/ros-workspace/install/ros2_esp32/share/ros2_esp32/package.bash'
[5.394s] INFO:colcon.colcon_core.shell:Creating package script '/home/jetson/ros-workspace/install/ros2_esp32/share/ros2_esp32/package.zsh'
[5.397s] Level 1:colcon.colcon_core.environment:create_file_with_runtime_dependencies(/home/jetson/ros-workspace/install/ros2_esp32/share/colcon-core/packages/ros2_esp32)
[5.476s] Level 1:colcon.colcon_core.environment:create_environment_scripts_only(pointcloud_to_laserscan)
[5.487s] Level 1:colcon.colcon_core.environment:checking '/home/jetson/ros-workspace/install/pointcloud_to_laserscan' for CMake module files
[5.490s] Level 1:colcon.colcon_core.environment:checking '/home/jetson/ros-workspace/install/pointcloud_to_laserscan' for CMake config files
[5.493s] Level 1:colcon.colcon_core.shell:create_environment_hook('pointcloud_to_laserscan', 'cmake_prefix_path')
[5.500s] INFO:colcon.colcon_core.shell:Creating environment hook '/home/jetson/ros-workspace/install/pointcloud_to_laserscan/share/pointcloud_to_laserscan/hook/cmake_prefix_path.ps1'
[5.504s] INFO:colcon.colcon_core.shell:Creating environment descriptor '/home/jetson/ros-workspace/install/pointcloud_to_laserscan/share/pointcloud_to_laserscan/hook/cmake_prefix_path.dsv'
[5.506s] INFO:colcon.colcon_core.shell:Creating environment hook '/home/jetson/ros-workspace/install/pointcloud_to_laserscan/share/pointcloud_to_laserscan/hook/cmake_prefix_path.sh'
[5.509s] Level 1:colcon.colcon_core.environment:checking '/home/jetson/ros-workspace/install/pointcloud_to_laserscan/lib'
[5.509s] Level 1:colcon.colcon_core.shell:create_environment_hook('pointcloud_to_laserscan', 'ld_library_path_lib')
[5.517s] INFO:colcon.colcon_core.shell:Creating environment hook '/home/jetson/ros-workspace/install/pointcloud_to_laserscan/share/pointcloud_to_laserscan/hook/ld_library_path_lib.ps1'
[5.520s] INFO:colcon.colcon_core.shell:Creating environment descriptor '/home/jetson/ros-workspace/install/pointcloud_to_laserscan/share/pointcloud_to_laserscan/hook/ld_library_path_lib.dsv'
[5.522s] INFO:colcon.colcon_core.shell:Creating environment hook '/home/jetson/ros-workspace/install/pointcloud_to_laserscan/share/pointcloud_to_laserscan/hook/ld_library_path_lib.sh'
[5.524s] Level 1:colcon.colcon_core.environment:checking '/home/jetson/ros-workspace/install/pointcloud_to_laserscan/bin'
[5.525s] Level 1:colcon.colcon_core.environment:checking '/home/jetson/ros-workspace/install/pointcloud_to_laserscan/lib/pkgconfig/pointcloud_to_laserscan.pc'
[5.526s] Level 1:colcon.colcon_core.environment:checking '/home/jetson/ros-workspace/install/pointcloud_to_laserscan/lib/python3.8/site-packages'
[5.527s] Level 1:colcon.colcon_core.environment:checking '/home/jetson/ros-workspace/install/pointcloud_to_laserscan/bin'
[5.534s] INFO:colcon.colcon_core.shell:Creating package script '/home/jetson/ros-workspace/install/pointcloud_to_laserscan/share/pointcloud_to_laserscan/package.ps1'
[5.537s] INFO:colcon.colcon_core.shell:Creating package descriptor '/home/jetson/ros-workspace/install/pointcloud_to_laserscan/share/pointcloud_to_laserscan/package.dsv'
[5.540s] INFO:colcon.colcon_core.shell:Creating package script '/home/jetson/ros-workspace/install/pointcloud_to_laserscan/share/pointcloud_to_laserscan/package.sh'
[5.543s] INFO:colcon.colcon_core.shell:Creating package script '/home/jetson/ros-workspace/install/pointcloud_to_laserscan/share/pointcloud_to_laserscan/package.bash'
[5.545s] INFO:colcon.colcon_core.shell:Creating package script '/home/jetson/ros-workspace/install/pointcloud_to_laserscan/share/pointcloud_to_laserscan/package.zsh'
[5.548s] Level 1:colcon.colcon_core.environment:create_file_with_runtime_dependencies(/home/jetson/ros-workspace/install/pointcloud_to_laserscan/share/colcon-core/packages/pointcloud_to_laserscan)
[5.670s] DEBUG:colcon.colcon_core.event_handler.log_command:Invoking command in '/home/jetson/ros-workspace/build/ouster_msgs': CMAKE_PREFIX_PATH=${CMAKE_PREFIX_PATH}:/opt/ros/foxy /usr/bin/cmake --install /home/jetson/ros-workspace/build/ouster_msgs
[5.878s] DEBUG:colcon.colcon_core.event_handler.log_command:Invoking command in '/home/jetson/ros-workspace/build/ouster_srvs': CMAKE_PREFIX_PATH=${CMAKE_PREFIX_PATH}:/opt/ros/foxy /usr/bin/cmake --install /home/jetson/ros-workspace/build/ouster_srvs
[6.058s] Level 1:colcon.colcon_core.environment:create_environment_scripts_only(ouster_msgs)
[6.075s] Level 1:colcon.colcon_core.environment:checking '/home/jetson/ros-workspace/install/ouster_msgs' for CMake module files
[6.079s] DEBUG:colcon.colcon_core.event_handler.log_command:Invoked command in '/home/jetson/ros-workspace/build/ouster_msgs' returned '0': CMAKE_PREFIX_PATH=${CMAKE_PREFIX_PATH}:/opt/ros/foxy /usr/bin/cmake --install /home/jetson/ros-workspace/build/ouster_msgs
[6.086s] Level 1:colcon.colcon_core.environment:checking '/home/jetson/ros-workspace/install/ouster_msgs' for CMake config files
[6.091s] Level 1:colcon.colcon_core.shell:create_environment_hook('ouster_msgs', 'cmake_prefix_path')
[6.099s] INFO:colcon.colcon_core.shell:Creating environment hook '/home/jetson/ros-workspace/install/ouster_msgs/share/ouster_msgs/hook/cmake_prefix_path.ps1'
[6.106s] INFO:colcon.colcon_core.shell:Creating environment descriptor '/home/jetson/ros-workspace/install/ouster_msgs/share/ouster_msgs/hook/cmake_prefix_path.dsv'
[6.111s] INFO:colcon.colcon_core.shell:Creating environment hook '/home/jetson/ros-workspace/install/ouster_msgs/share/ouster_msgs/hook/cmake_prefix_path.sh'
[6.116s] Level 1:colcon.colcon_core.environment:checking '/home/jetson/ros-workspace/install/ouster_msgs/lib'
[6.116s] Level 1:colcon.colcon_core.shell:create_environment_hook('ouster_msgs', 'ld_library_path_lib')
[6.123s] INFO:colcon.colcon_core.shell:Creating environment hook '/home/jetson/ros-workspace/install/ouster_msgs/share/ouster_msgs/hook/ld_library_path_lib.ps1'
[6.125s] INFO:colcon.colcon_core.shell:Creating environment descriptor '/home/jetson/ros-workspace/install/ouster_msgs/share/ouster_msgs/hook/ld_library_path_lib.dsv'
[6.127s] INFO:colcon.colcon_core.shell:Creating environment hook '/home/jetson/ros-workspace/install/ouster_msgs/share/ouster_msgs/hook/ld_library_path_lib.sh'
[6.129s] Level 1:colcon.colcon_core.environment:checking '/home/jetson/ros-workspace/install/ouster_msgs/bin'
[6.130s] Level 1:colcon.colcon_core.environment:checking '/home/jetson/ros-workspace/install/ouster_msgs/lib/pkgconfig/ouster_msgs.pc'
[6.131s] Level 1:colcon.colcon_core.environment:checking '/home/jetson/ros-workspace/install/ouster_msgs/lib/python3.8/site-packages'
[6.132s] Level 1:colcon.colcon_core.shell:create_environment_hook('ouster_msgs', 'pythonpath')
[6.139s] INFO:colcon.colcon_core.shell:Creating environment hook '/home/jetson/ros-workspace/install/ouster_msgs/share/ouster_msgs/hook/pythonpath.ps1'
[6.141s] INFO:colcon.colcon_core.shell:Creating environment descriptor '/home/jetson/ros-workspace/install/ouster_msgs/share/ouster_msgs/hook/pythonpath.dsv'
[6.143s] INFO:colcon.colcon_core.shell:Creating environment hook '/home/jetson/ros-workspace/install/ouster_msgs/share/ouster_msgs/hook/pythonpath.sh'
[6.146s] Level 1:colcon.colcon_core.environment:checking '/home/jetson/ros-workspace/install/ouster_msgs/bin'
[6.154s] INFO:colcon.colcon_core.shell:Creating package script '/home/jetson/ros-workspace/install/ouster_msgs/share/ouster_msgs/package.ps1'
[6.157s] INFO:colcon.colcon_core.shell:Creating package descriptor '/home/jetson/ros-workspace/install/ouster_msgs/share/ouster_msgs/package.dsv'
[6.160s] INFO:colcon.colcon_core.shell:Creating package script '/home/jetson/ros-workspace/install/ouster_msgs/share/ouster_msgs/package.sh'
[6.164s] INFO:colcon.colcon_core.shell:Creating package script '/home/jetson/ros-workspace/install/ouster_msgs/share/ouster_msgs/package.bash'
[6.169s] INFO:colcon.colcon_core.shell:Creating package script '/home/jetson/ros-workspace/install/ouster_msgs/share/ouster_msgs/package.zsh'
[6.173s] Level 1:colcon.colcon_core.environment:create_file_with_runtime_dependencies(/home/jetson/ros-workspace/install/ouster_msgs/share/colcon-core/packages/ouster_msgs)
[6.393s] Level 1:colcon.colcon_core.environment:create_environment_scripts_only(ouster_srvs)
[6.412s] DEBUG:colcon.colcon_core.event_handler.log_command:Invoked command in '/home/jetson/ros-workspace/build/ouster_srvs' returned '0': CMAKE_PREFIX_PATH=${CMAKE_PREFIX_PATH}:/opt/ros/foxy /usr/bin/cmake --install /home/jetson/ros-workspace/build/ouster_srvs
[6.415s] Level 1:colcon.colcon_core.environment:checking '/home/jetson/ros-workspace/install/ouster_srvs' for CMake module files
[6.422s] Level 1:colcon.colcon_core.environment:checking '/home/jetson/ros-workspace/install/ouster_srvs' for CMake config files
[6.429s] Level 1:colcon.colcon_core.shell:create_environment_hook('ouster_srvs', 'cmake_prefix_path')
[6.438s] INFO:colcon.colcon_core.shell:Creating environment hook '/home/jetson/ros-workspace/install/ouster_srvs/share/ouster_srvs/hook/cmake_prefix_path.ps1'
[6.442s] INFO:colcon.colcon_core.shell:Creating environment descriptor '/home/jetson/ros-workspace/install/ouster_srvs/share/ouster_srvs/hook/cmake_prefix_path.dsv'
[6.445s] INFO:colcon.colcon_core.shell:Creating environment hook '/home/jetson/ros-workspace/install/ouster_srvs/share/ouster_srvs/hook/cmake_prefix_path.sh'
[6.449s] Level 1:colcon.colcon_core.environment:checking '/home/jetson/ros-workspace/install/ouster_srvs/lib'
[6.450s] Level 1:colcon.colcon_core.shell:create_environment_hook('ouster_srvs', 'ld_library_path_lib')
[6.459s] INFO:colcon.colcon_core.shell:Creating environment hook '/home/jetson/ros-workspace/install/ouster_srvs/share/ouster_srvs/hook/ld_library_path_lib.ps1'
[6.462s] INFO:colcon.colcon_core.shell:Creating environment descriptor '/home/jetson/ros-workspace/install/ouster_srvs/share/ouster_srvs/hook/ld_library_path_lib.dsv'
[6.464s] INFO:colcon.colcon_core.shell:Creating environment hook '/home/jetson/ros-workspace/install/ouster_srvs/share/ouster_srvs/hook/ld_library_path_lib.sh'
[6.466s] Level 1:colcon.colcon_core.environment:checking '/home/jetson/ros-workspace/install/ouster_srvs/bin'
[6.467s] Level 1:colcon.colcon_core.environment:checking '/home/jetson/ros-workspace/install/ouster_srvs/lib/pkgconfig/ouster_srvs.pc'
[6.469s] Level 1:colcon.colcon_core.environment:checking '/home/jetson/ros-workspace/install/ouster_srvs/lib/python3.8/site-packages'
[6.469s] Level 1:colcon.colcon_core.shell:create_environment_hook('ouster_srvs', 'pythonpath')
[6.477s] INFO:colcon.colcon_core.shell:Creating environment hook '/home/jetson/ros-workspace/install/ouster_srvs/share/ouster_srvs/hook/pythonpath.ps1'
[6.480s] INFO:colcon.colcon_core.shell:Creating environment descriptor '/home/jetson/ros-workspace/install/ouster_srvs/share/ouster_srvs/hook/pythonpath.dsv'
[6.482s] INFO:colcon.colcon_core.shell:Creating environment hook '/home/jetson/ros-workspace/install/ouster_srvs/share/ouster_srvs/hook/pythonpath.sh'
[6.485s] Level 1:colcon.colcon_core.environment:checking '/home/jetson/ros-workspace/install/ouster_srvs/bin'
[6.494s] INFO:colcon.colcon_core.shell:Creating package script '/home/jetson/ros-workspace/install/ouster_srvs/share/ouster_srvs/package.ps1'
[6.498s] INFO:colcon.colcon_core.shell:Creating package descriptor '/home/jetson/ros-workspace/install/ouster_srvs/share/ouster_srvs/package.dsv'
[6.501s] INFO:colcon.colcon_core.shell:Creating package script '/home/jetson/ros-workspace/install/ouster_srvs/share/ouster_srvs/package.sh'
[6.504s] INFO:colcon.colcon_core.shell:Creating package script '/home/jetson/ros-workspace/install/ouster_srvs/share/ouster_srvs/package.bash'
[6.507s] INFO:colcon.colcon_core.shell:Creating package script '/home/jetson/ros-workspace/install/ouster_srvs/share/ouster_srvs/package.zsh'
[6.509s] Level 1:colcon.colcon_core.environment:create_file_with_runtime_dependencies(/home/jetson/ros-workspace/install/ouster_srvs/share/colcon-core/packages/ouster_srvs)
[6.548s] Level 1:colcon.colcon_core.environment:create_environment_scripts_only(ouster_msgs)
[6.563s] Level 1:colcon.colcon_core.environment:checking '/home/jetson/ros-workspace/install/ouster_msgs' for CMake module files
[6.569s] Level 1:colcon.colcon_core.environment:checking '/home/jetson/ros-workspace/install/ouster_msgs' for CMake config files
[6.574s] Level 1:colcon.colcon_core.shell:create_environment_hook('ouster_msgs', 'cmake_prefix_path')
[6.582s] INFO:colcon.colcon_core.shell:Creating environment hook '/home/jetson/ros-workspace/install/ouster_msgs/share/ouster_msgs/hook/cmake_prefix_path.ps1'
[6.587s] INFO:colcon.colcon_core.shell:Creating environment descriptor '/home/jetson/ros-workspace/install/ouster_msgs/share/ouster_msgs/hook/cmake_prefix_path.dsv'
[6.589s] INFO:colcon.colcon_core.shell:Creating environment hook '/home/jetson/ros-workspace/install/ouster_msgs/share/ouster_msgs/hook/cmake_prefix_path.sh'
[6.594s] Level 1:colcon.colcon_core.environment:checking '/home/jetson/ros-workspace/install/ouster_msgs/lib'
[6.594s] Level 1:colcon.colcon_core.shell:create_environment_hook('ouster_msgs', 'ld_library_path_lib')
[6.602s] INFO:colcon.colcon_core.shell:Creating environment hook '/home/jetson/ros-workspace/install/ouster_msgs/share/ouster_msgs/hook/ld_library_path_lib.ps1'
[6.604s] INFO:colcon.colcon_core.shell:Creating environment descriptor '/home/jetson/ros-workspace/install/ouster_msgs/share/ouster_msgs/hook/ld_library_path_lib.dsv'
[6.607s] INFO:colcon.colcon_core.shell:Creating environment hook '/home/jetson/ros-workspace/install/ouster_msgs/share/ouster_msgs/hook/ld_library_path_lib.sh'
[6.609s] Level 1:colcon.colcon_core.environment:checking '/home/jetson/ros-workspace/install/ouster_msgs/bin'
[6.610s] Level 1:colcon.colcon_core.environment:checking '/home/jetson/ros-workspace/install/ouster_msgs/lib/pkgconfig/ouster_msgs.pc'
[6.611s] Level 1:colcon.colcon_core.environment:checking '/home/jetson/ros-workspace/install/ouster_msgs/lib/python3.8/site-packages'
[6.612s] Level 1:colcon.colcon_core.shell:create_environment_hook('ouster_msgs', 'pythonpath')
[6.619s] INFO:colcon.colcon_core.shell:Creating environment hook '/home/jetson/ros-workspace/install/ouster_msgs/share/ouster_msgs/hook/pythonpath.ps1'
[6.622s] INFO:colcon.colcon_core.shell:Creating environment descriptor '/home/jetson/ros-workspace/install/ouster_msgs/share/ouster_msgs/hook/pythonpath.dsv'
[6.624s] INFO:colcon.colcon_core.shell:Creating environment hook '/home/jetson/ros-workspace/install/ouster_msgs/share/ouster_msgs/hook/pythonpath.sh'
[6.627s] Level 1:colcon.colcon_core.environment:checking '/home/jetson/ros-workspace/install/ouster_msgs/bin'
[6.637s] INFO:colcon.colcon_core.shell:Creating package script '/home/jetson/ros-workspace/install/ouster_msgs/share/ouster_msgs/package.ps1'
[6.642s] INFO:colcon.colcon_core.shell:Creating package descriptor '/home/jetson/ros-workspace/install/ouster_msgs/share/ouster_msgs/package.dsv'
[6.645s] INFO:colcon.colcon_core.shell:Creating package script '/home/jetson/ros-workspace/install/ouster_msgs/share/ouster_msgs/package.sh'
[6.648s] INFO:colcon.colcon_core.shell:Creating package script '/home/jetson/ros-workspace/install/ouster_msgs/share/ouster_msgs/package.bash'
[6.651s] INFO:colcon.colcon_core.shell:Creating package script '/home/jetson/ros-workspace/install/ouster_msgs/share/ouster_msgs/package.zsh'
[6.654s] Level 1:colcon.colcon_core.environment:create_file_with_runtime_dependencies(/home/jetson/ros-workspace/install/ouster_msgs/share/colcon-core/packages/ouster_msgs)
[7.100s] Level 1:colcon.colcon_core.environment:create_environment_scripts_only(ouster_srvs)
[7.111s] Level 1:colcon.colcon_core.environment:checking '/home/jetson/ros-workspace/install/ouster_srvs' for CMake module files
[7.115s] Level 1:colcon.colcon_core.environment:checking '/home/jetson/ros-workspace/install/ouster_srvs' for CMake config files
[7.122s] Level 1:colcon.colcon_core.shell:create_environment_hook('ouster_srvs', 'cmake_prefix_path')
[7.128s] INFO:colcon.colcon_core.shell:Creating environment hook '/home/jetson/ros-workspace/install/ouster_srvs/share/ouster_srvs/hook/cmake_prefix_path.ps1'
[7.131s] INFO:colcon.colcon_core.shell:Creating environment descriptor '/home/jetson/ros-workspace/install/ouster_srvs/share/ouster_srvs/hook/cmake_prefix_path.dsv'
[7.134s] INFO:colcon.colcon_core.shell:Creating environment hook '/home/jetson/ros-workspace/install/ouster_srvs/share/ouster_srvs/hook/cmake_prefix_path.sh'
[7.136s] Level 1:colcon.colcon_core.environment:checking '/home/jetson/ros-workspace/install/ouster_srvs/lib'
[7.137s] Level 1:colcon.colcon_core.shell:create_environment_hook('ouster_srvs', 'ld_library_path_lib')
[7.143s] INFO:colcon.colcon_core.shell:Creating environment hook '/home/jetson/ros-workspace/install/ouster_srvs/share/ouster_srvs/hook/ld_library_path_lib.ps1'
[7.145s] INFO:colcon.colcon_core.shell:Creating environment descriptor '/home/jetson/ros-workspace/install/ouster_srvs/share/ouster_srvs/hook/ld_library_path_lib.dsv'
[7.147s] INFO:colcon.colcon_core.shell:Creating environment hook '/home/jetson/ros-workspace/install/ouster_srvs/share/ouster_srvs/hook/ld_library_path_lib.sh'
[7.149s] Level 1:colcon.colcon_core.environment:checking '/home/jetson/ros-workspace/install/ouster_srvs/bin'
[7.149s] Level 1:colcon.colcon_core.environment:checking '/home/jetson/ros-workspace/install/ouster_srvs/lib/pkgconfig/ouster_srvs.pc'
[7.150s] Level 1:colcon.colcon_core.environment:checking '/home/jetson/ros-workspace/install/ouster_srvs/lib/python3.8/site-packages'
[7.150s] Level 1:colcon.colcon_core.shell:create_environment_hook('ouster_srvs', 'pythonpath')
[7.157s] INFO:colcon.colcon_core.shell:Creating environment hook '/home/jetson/ros-workspace/install/ouster_srvs/share/ouster_srvs/hook/pythonpath.ps1'
[7.158s] INFO:colcon.colcon_core.shell:Creating environment descriptor '/home/jetson/ros-workspace/install/ouster_srvs/share/ouster_srvs/hook/pythonpath.dsv'
[7.160s] INFO:colcon.colcon_core.shell:Creating environment hook '/home/jetson/ros-workspace/install/ouster_srvs/share/ouster_srvs/hook/pythonpath.sh'
[7.163s] Level 1:colcon.colcon_core.environment:checking '/home/jetson/ros-workspace/install/ouster_srvs/bin'
[7.173s] INFO:colcon.colcon_core.shell:Creating package script '/home/jetson/ros-workspace/install/ouster_srvs/share/ouster_srvs/package.ps1'
[7.176s] INFO:colcon.colcon_core.shell:Creating package descriptor '/home/jetson/ros-workspace/install/ouster_srvs/share/ouster_srvs/package.dsv'
[7.179s] INFO:colcon.colcon_core.shell:Creating package script '/home/jetson/ros-workspace/install/ouster_srvs/share/ouster_srvs/package.sh'
[7.181s] INFO:colcon.colcon_core.shell:Creating package script '/home/jetson/ros-workspace/install/ouster_srvs/share/ouster_srvs/package.bash'
[7.183s] INFO:colcon.colcon_core.shell:Creating package script '/home/jetson/ros-workspace/install/ouster_srvs/share/ouster_srvs/package.zsh'
[7.185s] Level 1:colcon.colcon_core.environment:create_file_with_runtime_dependencies(/home/jetson/ros-workspace/install/ouster_srvs/share/colcon-core/packages/ouster_srvs)
[7.187s] INFO:colcon.colcon_ros.task.ament_cmake.build:Building ROS package in '/home/jetson/ros-workspace/src/ouster-ros/ouster-ros' with build type 'ament_cmake'
[7.188s] INFO:colcon.colcon_cmake.task.cmake.build:Building CMake package in '/home/jetson/ros-workspace/src/ouster-ros/ouster-ros'
[7.196s] INFO:colcon.colcon_core.shell:Skip shell extension 'powershell' for command environment: Not usable outside of PowerShell
[7.196s] DEBUG:colcon.colcon_core.shell:Skip shell extension 'dsv' for command environment
[7.316s] DEBUG:colcon.colcon_core.event_handler.log_command:Invoking command in '/home/jetson/ros-workspace/build/ouster_ros': CMAKE_PREFIX_PATH=/home/jetson/ros-workspace/install/ouster_srvs:/home/jetson/ros-workspace/install/ouster_msgs:/home/jetson/ros-workspace/install/ros2_esp32:/home/jetson/ros-workspace/install/pointcloud_to_laserscan:/home/jetson/ros-workspace/install/ouster_ros:/home/jetson/ros-workspace/install/navigation:/home/jetson/ros-workspace/install/micro_ros_setup:/opt/ros/foxy LD_LIBRARY_PATH=/home/jetson/ros-workspace/install/ouster_srvs/lib:/home/jetson/ros-workspace/install/ouster_msgs/lib:/home/jetson/ros-workspace/install/pointcloud_to_laserscan/lib:/home/jetson/ros-workspace/install/ouster_ros/lib:/opt/ros/foxy/opt/yaml_cpp_vendor/lib:/opt/ros/foxy/opt/rviz_ogre_vendor/lib:/opt/ros/foxy/lib/aarch64-linux-gnu:/opt/ros/foxy/lib:/usr/local/cuda-11.4/lib64 /usr/bin/cmake --build /home/jetson/ros-workspace/build/ouster_ros -- -j6 -l6
[8.497s] DEBUG:colcon.colcon_core.event_handler.log_command:Invoked command in '/home/jetson/ros-workspace/build/ouster_ros' returned '0': CMAKE_PREFIX_PATH=/home/jetson/ros-workspace/install/ouster_srvs:/home/jetson/ros-workspace/install/ouster_msgs:/home/jetson/ros-workspace/install/ros2_esp32:/home/jetson/ros-workspace/install/pointcloud_to_laserscan:/home/jetson/ros-workspace/install/ouster_ros:/home/jetson/ros-workspace/install/navigation:/home/jetson/ros-workspace/install/micro_ros_setup:/opt/ros/foxy LD_LIBRARY_PATH=/home/jetson/ros-workspace/install/ouster_srvs/lib:/home/jetson/ros-workspace/install/ouster_msgs/lib:/home/jetson/ros-workspace/install/pointcloud_to_laserscan/lib:/home/jetson/ros-workspace/install/ouster_ros/lib:/opt/ros/foxy/opt/yaml_cpp_vendor/lib:/opt/ros/foxy/opt/rviz_ogre_vendor/lib:/opt/ros/foxy/lib/aarch64-linux-gnu:/opt/ros/foxy/lib:/usr/local/cuda-11.4/lib64 /usr/bin/cmake --build /home/jetson/ros-workspace/build/ouster_ros -- -j6 -l6
[8.874s] DEBUG:colcon.colcon_core.event_handler.log_command:Invoking command in '/home/jetson/ros-workspace/build/ouster_ros': CMAKE_PREFIX_PATH=/home/jetson/ros-workspace/install/ouster_srvs:/home/jetson/ros-workspace/install/ouster_msgs:/home/jetson/ros-workspace/install/ros2_esp32:/home/jetson/ros-workspace/install/pointcloud_to_laserscan:/home/jetson/ros-workspace/install/ouster_ros:/home/jetson/ros-workspace/install/navigation:/home/jetson/ros-workspace/install/micro_ros_setup:/opt/ros/foxy LD_LIBRARY_PATH=/home/jetson/ros-workspace/install/ouster_srvs/lib:/home/jetson/ros-workspace/install/ouster_msgs/lib:/home/jetson/ros-workspace/install/pointcloud_to_laserscan/lib:/home/jetson/ros-workspace/install/ouster_ros/lib:/opt/ros/foxy/opt/yaml_cpp_vendor/lib:/opt/ros/foxy/opt/rviz_ogre_vendor/lib:/opt/ros/foxy/lib/aarch64-linux-gnu:/opt/ros/foxy/lib:/usr/local/cuda-11.4/lib64 /usr/bin/cmake --install /home/jetson/ros-workspace/build/ouster_ros
[9.106s] Level 1:colcon.colcon_core.environment:create_environment_scripts_only(ouster_ros)
[9.123s] DEBUG:colcon.colcon_core.event_handler.log_command:Invoked command in '/home/jetson/ros-workspace/build/ouster_ros' returned '0': CMAKE_PREFIX_PATH=/home/jetson/ros-workspace/install/ouster_srvs:/home/jetson/ros-workspace/install/ouster_msgs:/home/jetson/ros-workspace/install/ros2_esp32:/home/jetson/ros-workspace/install/pointcloud_to_laserscan:/home/jetson/ros-workspace/install/ouster_ros:/home/jetson/ros-workspace/install/navigation:/home/jetson/ros-workspace/install/micro_ros_setup:/opt/ros/foxy LD_LIBRARY_PATH=/home/jetson/ros-workspace/install/ouster_srvs/lib:/home/jetson/ros-workspace/install/ouster_msgs/lib:/home/jetson/ros-workspace/install/pointcloud_to_laserscan/lib:/home/jetson/ros-workspace/install/ouster_ros/lib:/opt/ros/foxy/opt/yaml_cpp_vendor/lib:/opt/ros/foxy/opt/rviz_ogre_vendor/lib:/opt/ros/foxy/lib/aarch64-linux-gnu:/opt/ros/foxy/lib:/usr/local/cuda-11.4/lib64 /usr/bin/cmake --install /home/jetson/ros-workspace/build/ouster_ros
[9.124s] Level 1:colcon.colcon_core.environment:checking '/home/jetson/ros-workspace/install/ouster_ros' for CMake module files
[9.128s] Level 1:colcon.colcon_core.environment:checking '/home/jetson/ros-workspace/install/ouster_ros' for CMake config files
[9.133s] Level 1:colcon.colcon_core.shell:create_environment_hook('ouster_ros', 'cmake_prefix_path')
[9.141s] INFO:colcon.colcon_core.shell:Creating environment hook '/home/jetson/ros-workspace/install/ouster_ros/share/ouster_ros/hook/cmake_prefix_path.ps1'
[9.144s] INFO:colcon.colcon_core.shell:Creating environment descriptor '/home/jetson/ros-workspace/install/ouster_ros/share/ouster_ros/hook/cmake_prefix_path.dsv'
[9.146s] INFO:colcon.colcon_core.shell:Creating environment hook '/home/jetson/ros-workspace/install/ouster_ros/share/ouster_ros/hook/cmake_prefix_path.sh'
[9.150s] Level 1:colcon.colcon_core.environment:checking '/home/jetson/ros-workspace/install/ouster_ros/lib'
[9.151s] Level 1:colcon.colcon_core.shell:create_environment_hook('ouster_ros', 'ld_library_path_lib')
[9.157s] INFO:colcon.colcon_core.shell:Creating environment hook '/home/jetson/ros-workspace/install/ouster_ros/share/ouster_ros/hook/ld_library_path_lib.ps1'
[9.159s] INFO:colcon.colcon_core.shell:Creating environment descriptor '/home/jetson/ros-workspace/install/ouster_ros/share/ouster_ros/hook/ld_library_path_lib.dsv'
[9.166s] INFO:colcon.colcon_core.shell:Creating environment hook '/home/jetson/ros-workspace/install/ouster_ros/share/ouster_ros/hook/ld_library_path_lib.sh'
[9.168s] Level 1:colcon.colcon_core.environment:checking '/home/jetson/ros-workspace/install/ouster_ros/bin'
[9.168s] Level 1:colcon.colcon_core.environment:checking '/home/jetson/ros-workspace/install/ouster_ros/lib/pkgconfig/ouster_ros.pc'
[9.170s] Level 1:colcon.colcon_core.environment:checking '/home/jetson/ros-workspace/install/ouster_ros/lib/python3.8/site-packages'
[9.170s] Level 1:colcon.colcon_core.environment:checking '/home/jetson/ros-workspace/install/ouster_ros/bin'
[9.178s] INFO:colcon.colcon_core.shell:Creating package script '/home/jetson/ros-workspace/install/ouster_ros/share/ouster_ros/package.ps1'
[9.181s] INFO:colcon.colcon_core.shell:Creating package descriptor '/home/jetson/ros-workspace/install/ouster_ros/share/ouster_ros/package.dsv'
[9.183s] INFO:colcon.colcon_core.shell:Creating package script '/home/jetson/ros-workspace/install/ouster_ros/share/ouster_ros/package.sh'
[9.185s] INFO:colcon.colcon_core.shell:Creating package script '/home/jetson/ros-workspace/install/ouster_ros/share/ouster_ros/package.bash'
[9.187s] INFO:colcon.colcon_core.shell:Creating package script '/home/jetson/ros-workspace/install/ouster_ros/share/ouster_ros/package.zsh'
[9.189s] Level 1:colcon.colcon_core.environment:create_file_with_runtime_dependencies(/home/jetson/ros-workspace/install/ouster_ros/share/colcon-core/packages/ouster_ros)
[9.560s] Level 1:colcon.colcon_core.environment:create_environment_scripts_only(ouster_ros)
[9.575s] Level 1:colcon.colcon_core.environment:checking '/home/jetson/ros-workspace/install/ouster_ros' for CMake module files
[9.579s] Level 1:colcon.colcon_core.environment:checking '/home/jetson/ros-workspace/install/ouster_ros' for CMake config files
[9.583s] Level 1:colcon.colcon_core.shell:create_environment_hook('ouster_ros', 'cmake_prefix_path')
[9.590s] INFO:colcon.colcon_core.shell:Creating environment hook '/home/jetson/ros-workspace/install/ouster_ros/share/ouster_ros/hook/cmake_prefix_path.ps1'
[9.594s] INFO:colcon.colcon_core.shell:Creating environment descriptor '/home/jetson/ros-workspace/install/ouster_ros/share/ouster_ros/hook/cmake_prefix_path.dsv'
[9.596s] INFO:colcon.colcon_core.shell:Creating environment hook '/home/jetson/ros-workspace/install/ouster_ros/share/ouster_ros/hook/cmake_prefix_path.sh'
[9.599s] Level 1:colcon.colcon_core.environment:checking '/home/jetson/ros-workspace/install/ouster_ros/lib'
[9.599s] Level 1:colcon.colcon_core.shell:create_environment_hook('ouster_ros', 'ld_library_path_lib')
[9.606s] INFO:colcon.colcon_core.shell:Creating environment hook '/home/jetson/ros-workspace/install/ouster_ros/share/ouster_ros/hook/ld_library_path_lib.ps1'
[9.608s] INFO:colcon.colcon_core.shell:Creating environment descriptor '/home/jetson/ros-workspace/install/ouster_ros/share/ouster_ros/hook/ld_library_path_lib.dsv'
[9.610s] INFO:colcon.colcon_core.shell:Creating environment hook '/home/jetson/ros-workspace/install/ouster_ros/share/ouster_ros/hook/ld_library_path_lib.sh'
[9.612s] Level 1:colcon.colcon_core.environment:checking '/home/jetson/ros-workspace/install/ouster_ros/bin'
[9.612s] Level 1:colcon.colcon_core.environment:checking '/home/jetson/ros-workspace/install/ouster_ros/lib/pkgconfig/ouster_ros.pc'
[9.614s] Level 1:colcon.colcon_core.environment:checking '/home/jetson/ros-workspace/install/ouster_ros/lib/python3.8/site-packages'
[9.615s] Level 1:colcon.colcon_core.environment:checking '/home/jetson/ros-workspace/install/ouster_ros/bin'
[9.622s] INFO:colcon.colcon_core.shell:Creating package script '/home/jetson/ros-workspace/install/ouster_ros/share/ouster_ros/package.ps1'
[9.625s] INFO:colcon.colcon_core.shell:Creating package descriptor '/home/jetson/ros-workspace/install/ouster_ros/share/ouster_ros/package.dsv'
[9.628s] INFO:colcon.colcon_core.shell:Creating package script '/home/jetson/ros-workspace/install/ouster_ros/share/ouster_ros/package.sh'
[9.630s] INFO:colcon.colcon_core.shell:Creating package script '/home/jetson/ros-workspace/install/ouster_ros/share/ouster_ros/package.bash'
[9.632s] INFO:colcon.colcon_core.shell:Creating package script '/home/jetson/ros-workspace/install/ouster_ros/share/ouster_ros/package.zsh'
[9.634s] Level 1:colcon.colcon_core.environment:create_file_with_runtime_dependencies(/home/jetson/ros-workspace/install/ouster_ros/share/colcon-core/packages/ouster_ros)
[9.636s] DEBUG:colcon.colcon_parallel_executor.executor.parallel:closing loop
[9.639s] DEBUG:colcon.colcon_parallel_executor.executor.parallel:loop closed
[9.639s] DEBUG:colcon.colcon_parallel_executor.executor.parallel:run_until_complete finished with '0'
[9.640s] DEBUG:colcon.colcon_core.event_reactor:joining thread
[9.676s] INFO:colcon.colcon_core.plugin_system:Skipping extension 'colcon_notification.desktop_notification.terminal_notifier': Not used on non-Darwin systems
[9.676s] INFO:colcon.colcon_core.plugin_system:Skipping extension 'colcon_notification.desktop_notification.win32': Not used on non-Windows systems
[9.676s] INFO:colcon.colcon_notification.desktop_notification:Sending desktop notification using 'notify2'
[9.772s] DEBUG:colcon.colcon_core.event_reactor:joined thread
[9.780s] INFO:colcon.colcon_core.shell:Creating prefix script '/home/jetson/ros-workspace/install/local_setup.ps1'
[9.784s] INFO:colcon.colcon_core.shell:Creating prefix util module '/home/jetson/ros-workspace/install/_local_setup_util_ps1.py'
[9.790s] INFO:colcon.colcon_core.shell:Creating prefix chain script '/home/jetson/ros-workspace/install/setup.ps1'
[9.800s] INFO:colcon.colcon_core.shell:Creating prefix script '/home/jetson/ros-workspace/install/local_setup.sh'
[9.802s] INFO:colcon.colcon_core.shell:Creating prefix util module '/home/jetson/ros-workspace/install/_local_setup_util_sh.py'
[9.805s] INFO:colcon.colcon_core.shell:Creating prefix chain script '/home/jetson/ros-workspace/install/setup.sh'
[9.814s] INFO:colcon.colcon_core.shell:Creating prefix script '/home/jetson/ros-workspace/install/local_setup.bash'
[9.817s] INFO:colcon.colcon_core.shell:Creating prefix chain script '/home/jetson/ros-workspace/install/setup.bash'
[9.825s] INFO:colcon.colcon_core.shell:Creating prefix script '/home/jetson/ros-workspace/install/local_setup.zsh'
[9.827s] INFO:colcon.colcon_core.shell:Creating prefix chain script '/home/jetson/ros-workspace/install/setup.zsh'
