[0.124s] Invoking command in '/home/jetson/ros-workspace/build/sbg_driver': CMAKE_PREFIX_PATH=${CMAKE_PREFIX_PATH}:/opt/ros/foxy /usr/bin/cmake /home/jetson/ros-workspace/src/sbg_ros2_driver -DCMAKE_INSTALL_PREFIX=/home/jetson/ros-workspace/install/sbg_driver
[0.289s] -- Found ament_cmake: 0.9.12 (/opt/ros/foxy/share/ament_cmake/cmake)
[0.432s] -- Found PythonInterp: /usr/bin/python3 (found suitable version "3.8.10", minimum required is "3") 
[0.433s] -- Using PYTHON_EXECUTABLE: /usr/bin/python3
[1.667s] -- Override CMake install command with custom implementation using symlinks instead of copying resources
[1.717s] -- Found rclcpp: 2.4.3 (/opt/ros/foxy/share/rclcpp/cmake)
[1.939s] -- Using all available rosidl_typesupport_c: rosidl_typesupport_fastrtps_c;rosidl_typesupport_introspection_c
[1.961s] -- Found rosidl_adapter: 1.3.1 (/opt/ros/foxy/share/rosidl_adapter/cmake)
[2.691s] -- Using all available rosidl_typesupport_cpp: rosidl_typesupport_fastrtps_cpp;rosidl_typesupport_introspection_cpp
[2.982s] -- Found rmw_implementation_cmake: 1.0.4 (/opt/ros/foxy/share/rmw_implementation_cmake/cmake)
[3.004s] -- Using RMW implementation 'rmw_fastrtps_cpp' as default
[3.677s] -- Found sensor_msgs: 2.0.5 (/opt/ros/foxy/share/sensor_msgs/cmake)
[4.180s] -- Found std_srvs: 2.0.5 (/opt/ros/foxy/share/std_srvs/cmake)
[4.227s] -- Found rosidl_default_generators: 1.0.1 (/opt/ros/foxy/share/rosidl_default_generators/cmake)
[4.279s] -- Found nav_msgs: 2.0.5 (/opt/ros/foxy/share/nav_msgs/cmake)
[4.585s] -- Found tf2_ros: 0.13.14 (/opt/ros/foxy/share/tf2_ros/cmake)
[6.010s] -- Found tf2_geometry_msgs: 0.13.14 (/opt/ros/foxy/share/tf2_geometry_msgs/cmake)
[6.038s] -- Found eigen3_cmake_module: 0.1.1 (/opt/ros/foxy/share/eigen3_cmake_module/cmake)
[6.309s] -- Found PythonInterp: /usr/bin/python3 (found version "3.8.10") 
[8.115s] -- Found ament_cmake_ros: 0.9.2 (/opt/ros/foxy/share/ament_cmake_ros/cmake)
[9.514s] -- Using all available rosidl_typesupport_c: rosidl_typesupport_fastrtps_c;rosidl_typesupport_introspection_c
[10.195s] -- Using all available rosidl_typesupport_cpp: rosidl_typesupport_fastrtps_cpp;rosidl_typesupport_introspection_cpp
[10.337s] -- Found PythonInterp: /usr/bin/python3 (found suitable version "3.8.10", minimum required is "3.5") 
[10.339s] -- Found python_cmake_module: 0.8.1 (/opt/ros/foxy/share/python_cmake_module/cmake)
[10.467s] -- Using PYTHON_EXECUTABLE: /usr/bin/python3
[10.468s] -- Using PYTHON_INCLUDE_DIRS: /usr/include/python3.8
[10.468s] -- Using PYTHON_LIBRARIES: /usr/lib/aarch64-linux-gnu/libpython3.8.so
[10.889s] CMake Error at CMakeLists.txt:122 (rosidl_get_typesupport_target):
[10.890s]   Unknown CMake command "rosidl_get_typesupport_target".
[10.890s] 
[10.890s] 
[10.917s] -- Configuring incomplete, errors occurred!
[10.917s] See also "/home/jetson/ros-workspace/build/sbg_driver/CMakeFiles/CMakeOutput.log".
[10.918s] See also "/home/jetson/ros-workspace/build/sbg_driver/CMakeFiles/CMakeError.log".
[10.968s] Invoked command in '/home/jetson/ros-workspace/build/sbg_driver' returned '1': CMAKE_PREFIX_PATH=${CMAKE_PREFIX_PATH}:/opt/ros/foxy /usr/bin/cmake /home/jetson/ros-workspace/src/sbg_ros2_driver -DCMAKE_INSTALL_PREFIX=/home/jetson/ros-workspace/install/sbg_driver
