[0.550s] Invoking command in '/home/jetson/ros-workspace/build/ouster_msgs': CMAKE_PREFIX_PATH=${CMAKE_PREFIX_PATH}:/home/jetson/ros-workspace/install/urdf_tutorial_r2d2:/opt/ros/foxy /usr/bin/cmake --build /home/jetson/ros-workspace/build/ouster_msgs -- -j6 -l6
[1.120s] [  9%] Built target ouster_msgs__rosidl_generator_c
[1.391s] [ 12%] Built target ouster_msgs__cpp
[1.422s] [ 22%] Built target ouster_msgs__rosidl_typesupport_c
[1.866s] [ 32%] Built target ouster_msgs__rosidl_typesupport_introspection_c
[2.026s] [ 41%] Built target ouster_msgs__rosidl_typesupport_fastrtps_cpp
[2.138s] [ 51%] Built target ouster_msgs__rosidl_typesupport_cpp
[2.251s] [ 61%] Built target ouster_msgs__rosidl_typesupport_introspection_cpp
[2.497s] [ 70%] Built target ouster_msgs__rosidl_typesupport_fastrtps_c
[2.909s] [ 70%] Built target ouster_msgs
[2.989s] [ 74%] Built target ouster_msgs__py
[3.310s] [ 80%] Built target ouster_msgs__python
[3.608s] [ 87%] Built target ouster_msgs__rosidl_typesupport_fastrtps_c__pyext
[3.698s] [ 93%] Built target ouster_msgs__rosidl_typesupport_c__pyext
[3.772s] [100%] Built target ouster_msgs__rosidl_typesupport_introspection_c__pyext
[5.773s] Invoked command in '/home/jetson/ros-workspace/build/ouster_msgs' returned '0': CMAKE_PREFIX_PATH=${CMAKE_PREFIX_PATH}:/home/jetson/ros-workspace/install/urdf_tutorial_r2d2:/opt/ros/foxy /usr/bin/cmake --build /home/jetson/ros-workspace/build/ouster_msgs -- -j6 -l6
[6.392s] Invoking command in '/home/jetson/ros-workspace/build/ouster_msgs': CMAKE_PREFIX_PATH=${CMAKE_PREFIX_PATH}:/home/jetson/ros-workspace/install/urdf_tutorial_r2d2:/opt/ros/foxy /usr/bin/cmake --install /home/jetson/ros-workspace/build/ouster_msgs
[6.514s] -- Install configuration: "Release"
[6.517s] -- Execute custom install script
[6.520s] -- Up-to-date symlink: /home/jetson/ros-workspace/install/ouster_msgs/share/ament_index/resource_index/rosidl_interfaces/ouster_msgs
[6.521s] -- Up-to-date symlink: /home/jetson/ros-workspace/install/ouster_msgs/include/ouster_msgs/msg/detail/packet_msg__functions.h
[6.525s] -- Up-to-date symlink: /home/jetson/ros-workspace/install/ouster_msgs/include/ouster_msgs/msg/detail/packet_msg__struct.h
[6.527s] -- Up-to-date symlink: /home/jetson/ros-workspace/install/ouster_msgs/include/ouster_msgs/msg/detail/packet_msg__type_support.h
[6.529s] -- Up-to-date symlink: /home/jetson/ros-workspace/install/ouster_msgs/include/ouster_msgs/msg/packet_msg.h
[6.533s] -- Up-to-date symlink: /home/jetson/ros-workspace/install/ouster_msgs/include/ouster_msgs/msg/rosidl_generator_c__visibility_control.h
[6.535s] -- Up-to-date symlink: /home/jetson/ros-workspace/install/ouster_msgs/share/ouster_msgs/environment/library_path.sh
[6.537s] -- Up-to-date symlink: /home/jetson/ros-workspace/install/ouster_msgs/share/ouster_msgs/environment/library_path.dsv
[6.539s] -- Up-to-date symlink: /home/jetson/ros-workspace/install/ouster_msgs/include/ouster_msgs/msg/detail/packet_msg__rosidl_typesupport_fastrtps_c.h
[6.540s] -- Up-to-date symlink: /home/jetson/ros-workspace/install/ouster_msgs/include/ouster_msgs/msg/rosidl_typesupport_fastrtps_c__visibility_control.h
[6.542s] -- Up-to-date symlink: /home/jetson/ros-workspace/install/ouster_msgs/lib/libouster_msgs__rosidl_typesupport_fastrtps_c.so
[6.543s] -- Up-to-date symlink: /home/jetson/ros-workspace/install/ouster_msgs/include/ouster_msgs/msg/detail/packet_msg__rosidl_typesupport_fastrtps_cpp.hpp
[6.544s] -- Up-to-date symlink: /home/jetson/ros-workspace/install/ouster_msgs/include/ouster_msgs/msg/rosidl_typesupport_fastrtps_cpp__visibility_control.h
[6.544s] -- Up-to-date symlink: /home/jetson/ros-workspace/install/ouster_msgs/lib/libouster_msgs__rosidl_typesupport_fastrtps_cpp.so
[6.553s] -- Up-to-date symlink: /home/jetson/ros-workspace/install/ouster_msgs/include/ouster_msgs/msg/detail/packet_msg__rosidl_typesupport_introspection_c.h
[6.554s] -- Up-to-date symlink: /home/jetson/ros-workspace/install/ouster_msgs/include/ouster_msgs/msg/rosidl_typesupport_introspection_c__visibility_control.h
[6.563s] -- Up-to-date symlink: /home/jetson/ros-workspace/install/ouster_msgs/include/ouster_msgs/msg/detail/packet_msg__builder.hpp
[6.577s] -- Up-to-date symlink: /home/jetson/ros-workspace/install/ouster_msgs/include/ouster_msgs/msg/detail/packet_msg__struct.hpp
[6.588s] -- Up-to-date symlink: /home/jetson/ros-workspace/install/ouster_msgs/include/ouster_msgs/msg/detail/packet_msg__traits.hpp
[6.596s] -- Up-to-date symlink: /home/jetson/ros-workspace/install/ouster_msgs/include/ouster_msgs/msg/detail/packet_msg__type_support.hpp
[6.601s] -- Up-to-date symlink: /home/jetson/ros-workspace/install/ouster_msgs/include/ouster_msgs/msg/packet_msg.hpp
[6.601s] -- Up-to-date symlink: /home/jetson/ros-workspace/install/ouster_msgs/include/ouster_msgs/msg/rosidl_generator_cpp__visibility_control.hpp
[6.612s] -- Up-to-date symlink: /home/jetson/ros-workspace/install/ouster_msgs/include/ouster_msgs/msg/detail/packet_msg__rosidl_typesupport_introspection_cpp.hpp
[6.614s] -- Up-to-date symlink: /home/jetson/ros-workspace/install/ouster_msgs/share/ouster_msgs/environment/pythonpath.sh
[6.615s] -- Up-to-date symlink: /home/jetson/ros-workspace/install/ouster_msgs/share/ouster_msgs/environment/pythonpath.dsv
[6.616s] -- Up-to-date symlink: /home/jetson/ros-workspace/install/ouster_msgs/lib/python3.8/site-packages/ouster_msgs/__init__.py
[6.616s] -- Up-to-date symlink: /home/jetson/ros-workspace/install/ouster_msgs/lib/python3.8/site-packages/ouster_msgs/msg/__init__.py
[6.617s] -- Up-to-date symlink: /home/jetson/ros-workspace/install/ouster_msgs/lib/python3.8/site-packages/ouster_msgs/msg/_packet_msg.py
[6.617s] -- Up-to-date symlink: /home/jetson/ros-workspace/install/ouster_msgs/lib/python3.8/site-packages/ouster_msgs/ouster_msgs_s__rosidl_typesupport_fastrtps_c.cpython-38-aarch64-linux-gnu.so
[6.618s] -- Up-to-date symlink: /home/jetson/ros-workspace/install/ouster_msgs/lib/python3.8/site-packages/ouster_msgs/ouster_msgs_s__rosidl_typesupport_introspection_c.cpython-38-aarch64-linux-gnu.so
[6.618s] -- Up-to-date symlink: /home/jetson/ros-workspace/install/ouster_msgs/lib/python3.8/site-packages/ouster_msgs/ouster_msgs_s__rosidl_typesupport_c.cpython-38-aarch64-linux-gnu.so
[6.619s] -- Up-to-date symlink: /home/jetson/ros-workspace/install/ouster_msgs/lib/libouster_msgs__python.so
[6.619s] -- Up-to-date symlink: /home/jetson/ros-workspace/install/ouster_msgs/share/ouster_msgs/msg/PacketMsg.idl
[6.619s] -- Up-to-date symlink: /home/jetson/ros-workspace/install/ouster_msgs/share/ouster_msgs/msg/PacketMsg.msg
[6.620s] -- Up-to-date symlink: /home/jetson/ros-workspace/install/ouster_msgs/share/ament_index/resource_index/package_run_dependencies/ouster_msgs
[6.639s] -- Up-to-date symlink: /home/jetson/ros-workspace/install/ouster_msgs/share/ament_index/resource_index/parent_prefix_path/ouster_msgs
[6.640s] -- Up-to-date symlink: /home/jetson/ros-workspace/install/ouster_msgs/share/ouster_msgs/environment/ament_prefix_path.sh
[6.641s] -- Up-to-date symlink: /home/jetson/ros-workspace/install/ouster_msgs/share/ouster_msgs/environment/ament_prefix_path.dsv
[6.641s] -- Up-to-date symlink: /home/jetson/ros-workspace/install/ouster_msgs/share/ouster_msgs/environment/path.sh
[6.641s] -- Up-to-date symlink: /home/jetson/ros-workspace/install/ouster_msgs/share/ouster_msgs/environment/path.dsv
[6.644s] -- Up-to-date symlink: /home/jetson/ros-workspace/install/ouster_msgs/share/ouster_msgs/local_setup.bash
[6.645s] -- Up-to-date symlink: /home/jetson/ros-workspace/install/ouster_msgs/share/ouster_msgs/local_setup.sh
[6.646s] -- Up-to-date symlink: /home/jetson/ros-workspace/install/ouster_msgs/share/ouster_msgs/local_setup.zsh
[6.647s] -- Up-to-date symlink: /home/jetson/ros-workspace/install/ouster_msgs/share/ouster_msgs/local_setup.dsv
[6.647s] -- Symlinking: /home/jetson/ros-workspace/install/ouster_msgs/share/ouster_msgs/package.dsv
[6.712s] -- Up-to-date symlink: /home/jetson/ros-workspace/install/ouster_msgs/share/ament_index/resource_index/packages/ouster_msgs
[6.724s] -- Up-to-date symlink: /home/jetson/ros-workspace/install/ouster_msgs/share/ouster_msgs/cmake/rosidl_cmake-extras.cmake
[6.725s] -- Up-to-date symlink: /home/jetson/ros-workspace/install/ouster_msgs/share/ouster_msgs/cmake/ament_cmake_export_dependencies-extras.cmake
[6.726s] -- Up-to-date symlink: /home/jetson/ros-workspace/install/ouster_msgs/share/ouster_msgs/cmake/ament_cmake_export_libraries-extras.cmake
[6.727s] -- Up-to-date symlink: /home/jetson/ros-workspace/install/ouster_msgs/share/ouster_msgs/cmake/ament_cmake_export_targets-extras.cmake
[6.727s] -- Up-to-date symlink: /home/jetson/ros-workspace/install/ouster_msgs/share/ouster_msgs/cmake/ament_cmake_export_include_directories-extras.cmake
[6.728s] -- Up-to-date symlink: /home/jetson/ros-workspace/install/ouster_msgs/share/ouster_msgs/cmake/rosidl_cmake_export_typesupport_libraries-extras.cmake
[6.735s] -- Up-to-date symlink: /home/jetson/ros-workspace/install/ouster_msgs/share/ouster_msgs/cmake/rosidl_cmake_export_typesupport_targets-extras.cmake
[6.745s] -- Up-to-date symlink: /home/jetson/ros-workspace/install/ouster_msgs/share/ouster_msgs/cmake/ouster_msgsConfig.cmake
[6.745s] -- Up-to-date symlink: /home/jetson/ros-workspace/install/ouster_msgs/share/ouster_msgs/cmake/ouster_msgsConfig-version.cmake
[6.755s] -- Up-to-date symlink: /home/jetson/ros-workspace/install/ouster_msgs/share/ouster_msgs/package.xml
[6.756s] -- Up-to-date: /home/jetson/ros-workspace/install/ouster_msgs/lib/libouster_msgs__rosidl_generator_c.so
[6.763s] -- Up-to-date: /home/jetson/ros-workspace/install/ouster_msgs/lib/libouster_msgs__rosidl_typesupport_introspection_c.so
[6.764s] -- Up-to-date: /home/jetson/ros-workspace/install/ouster_msgs/lib/libouster_msgs__rosidl_typesupport_c.so
[6.787s] -- Up-to-date: /home/jetson/ros-workspace/install/ouster_msgs/lib/libouster_msgs__rosidl_typesupport_introspection_cpp.so
[6.788s] -- Up-to-date: /home/jetson/ros-workspace/install/ouster_msgs/lib/libouster_msgs__rosidl_typesupport_cpp.so
[7.084s] -- Up-to-date: /home/jetson/ros-workspace/install/ouster_msgs/share/ouster_msgs/cmake/ouster_msgs__rosidl_generator_cExport.cmake
[7.085s] -- Up-to-date: /home/jetson/ros-workspace/install/ouster_msgs/share/ouster_msgs/cmake/ouster_msgs__rosidl_generator_cExport-release.cmake
[7.085s] -- Up-to-date: /home/jetson/ros-workspace/install/ouster_msgs/share/ouster_msgs/cmake/ouster_msgs__rosidl_typesupport_introspection_cExport.cmake
[7.088s] -- Up-to-date: /home/jetson/ros-workspace/install/ouster_msgs/share/ouster_msgs/cmake/ouster_msgs__rosidl_typesupport_introspection_cExport-release.cmake
[7.090s] -- Up-to-date: /home/jetson/ros-workspace/install/ouster_msgs/share/ouster_msgs/cmake/ouster_msgs__rosidl_typesupport_cExport.cmake
[7.094s] -- Up-to-date: /home/jetson/ros-workspace/install/ouster_msgs/share/ouster_msgs/cmake/ouster_msgs__rosidl_typesupport_cExport-release.cmake
[7.100s] -- Up-to-date: /home/jetson/ros-workspace/install/ouster_msgs/share/ouster_msgs/cmake/ouster_msgs__rosidl_generator_cppExport.cmake
[7.101s] -- Up-to-date: /home/jetson/ros-workspace/install/ouster_msgs/share/ouster_msgs/cmake/ouster_msgs__rosidl_typesupport_introspection_cppExport.cmake
[7.105s] -- Up-to-date: /home/jetson/ros-workspace/install/ouster_msgs/share/ouster_msgs/cmake/ouster_msgs__rosidl_typesupport_introspection_cppExport-release.cmake
[7.109s] -- Up-to-date: /home/jetson/ros-workspace/install/ouster_msgs/share/ouster_msgs/cmake/ouster_msgs__rosidl_typesupport_cppExport.cmake
[7.111s] -- Up-to-date: /home/jetson/ros-workspace/install/ouster_msgs/share/ouster_msgs/cmake/ouster_msgs__rosidl_typesupport_cppExport-release.cmake
[7.153s] Invoked command in '/home/jetson/ros-workspace/build/ouster_msgs' returned '0': CMAKE_PREFIX_PATH=${CMAKE_PREFIX_PATH}:/home/jetson/ros-workspace/install/urdf_tutorial_r2d2:/opt/ros/foxy /usr/bin/cmake --install /home/jetson/ros-workspace/build/ouster_msgs
