[0.137s] Invoking command in '/home/uocav/ros-workspace/build/pointcloud_to_laserscan': CMAKE_PREFIX_PATH=${CMAKE_PREFIX_PATH}:/opt/ros/humble:/home/uocav/ros-workspace/install/urdf_tutorial_r2d2:/opt/ros/foxy /usr/bin/cmake /home/uocav/ros-workspace/src/pointcloud_to_laser -DCMAKE_BUILD_TYPE=Release -DAMENT_CMAKE_SYMLINK_INSTALL=1 -DCMAKE_INSTALL_PREFIX=/home/uocav/ros-workspace/install/pointcloud_to_laserscan
[0.192s] -- The C compiler identification is GNU 11.4.0
[0.245s] -- The CXX compiler identification is GNU 11.4.0
[0.250s] -- Detecting C compiler ABI info
[0.311s] -- Detecting C compiler ABI info - done
[0.318s] -- Check for working C compiler: /usr/bin/cc - skipped
[0.318s] -- Detecting C compile features
[0.319s] -- Detecting C compile features - done
[0.321s] -- Detecting CXX compiler ABI info
[0.389s] -- Detecting CXX compiler ABI info - done
[0.395s] -- Check for working CXX compiler: /usr/bin/c++ - skipped
[0.395s] -- Detecting CXX compile features
[0.396s] -- Detecting CXX compile features - done
[0.397s] -- Found ament_cmake: 1.3.5 (/opt/ros/humble/share/ament_cmake/cmake)
[0.546s] -- Found Python3: /usr/bin/python3.10 (found version "3.10.12") found components: Interpreter 
[0.606s] -- Override CMake install command with custom implementation using symlinks instead of copying resources
[0.623s] -- Found laser_geometry: 2.4.0 (/opt/ros/humble/share/laser_geometry/cmake)
[0.666s] -- Found rosidl_generator_c: 3.1.5 (/opt/ros/humble/share/rosidl_generator_c/cmake)
[0.670s] -- Found rosidl_adapter: 3.1.5 (/opt/ros/humble/share/rosidl_adapter/cmake)
[0.676s] -- Found rosidl_generator_cpp: 3.1.5 (/opt/ros/humble/share/rosidl_generator_cpp/cmake)
[0.687s] -- Using all available rosidl_typesupport_c: rosidl_typesupport_fastrtps_c;rosidl_typesupport_introspection_c
[0.703s] -- Using all available rosidl_typesupport_cpp: rosidl_typesupport_fastrtps_cpp;rosidl_typesupport_introspection_cpp
[0.761s] -- Found rmw_implementation_cmake: 6.1.1 (/opt/ros/humble/share/rmw_implementation_cmake/cmake)
[0.763s] -- Found rmw_fastrtps_cpp: 6.2.4 (/opt/ros/humble/share/rmw_fastrtps_cpp/cmake)
[0.845s] -- Found OpenSSL: /usr/lib/x86_64-linux-gnu/libcrypto.so (found version "3.0.2")  
[0.874s] -- Found FastRTPS: /opt/ros/humble/include  
[0.923s] -- Using RMW implementation 'rmw_fastrtps_cpp' as default
[0.929s] -- Looking for pthread.h
[0.987s] -- Looking for pthread.h - found
[0.987s] -- Performing Test CMAKE_HAVE_LIBC_PTHREAD
[1.045s] -- Performing Test CMAKE_HAVE_LIBC_PTHREAD - Success
[1.046s] -- Found Threads: TRUE  
[1.325s] -- Found message_filters: 4.3.3 (/opt/ros/humble/share/message_filters/cmake)
[1.331s] -- Found rclcpp_components: 16.0.6 (/opt/ros/humble/share/rclcpp_components/cmake)
[1.385s] -- Found tf2_ros: 0.25.4 (/opt/ros/humble/share/tf2_ros/cmake)
[1.618s] -- Found tf2_sensor_msgs: 0.25.4 (/opt/ros/humble/share/tf2_sensor_msgs/cmake)
[1.692s] -- Found ament_lint_auto: 0.12.8 (/opt/ros/humble/share/ament_lint_auto/cmake)
[1.787s] -- Added test 'cppcheck' to perform static code analysis on C / C++ code
[1.787s] -- Configured cppcheck include dirs: /home/uocav/ros-workspace/src/pointcloud_to_laser/include
[1.787s] -- Configured cppcheck exclude dirs and/or files: 
[1.788s] -- Added test 'cpplint' to check C / C++ code against the Google style
[1.788s] -- Configured cpplint exclude dirs and/or files: 
[1.789s] -- Added test 'flake8' to check Python code syntax and style conventions
[1.789s] -- Added test 'lint_cmake' to check CMake code style
[1.790s] -- Added test 'pep257' to check Python code against some of the docstring style conventions in PEP 257
[1.791s] -- Added test 'uncrustify' to check C / C++ code style
[1.791s] -- Configured uncrustify additional arguments: 
[1.792s] -- Added test 'xmllint' to check XML markup files
[1.793s] -- Configuring done
[1.822s] -- Generating done
[1.824s] -- Build files have been written to: /home/uocav/ros-workspace/build/pointcloud_to_laserscan
[1.840s] Invoked command in '/home/uocav/ros-workspace/build/pointcloud_to_laserscan' returned '0': CMAKE_PREFIX_PATH=${CMAKE_PREFIX_PATH}:/opt/ros/humble:/home/uocav/ros-workspace/install/urdf_tutorial_r2d2:/opt/ros/foxy /usr/bin/cmake /home/uocav/ros-workspace/src/pointcloud_to_laser -DCMAKE_BUILD_TYPE=Release -DAMENT_CMAKE_SYMLINK_INSTALL=1 -DCMAKE_INSTALL_PREFIX=/home/uocav/ros-workspace/install/pointcloud_to_laserscan
[1.840s] Invoking command in '/home/uocav/ros-workspace/build/pointcloud_to_laserscan': CMAKE_PREFIX_PATH=${CMAKE_PREFIX_PATH}:/opt/ros/humble:/home/uocav/ros-workspace/install/urdf_tutorial_r2d2:/opt/ros/foxy /usr/bin/cmake --build /home/uocav/ros-workspace/build/pointcloud_to_laserscan -- -j6 -l6
[1.886s] [ 10%] [32mBuilding CXX object CMakeFiles/laserscan_to_pointcloud.dir/src/laserscan_to_pointcloud_node.cpp.o[0m
[1.921s] [ 20%] [32mBuilding CXX object CMakeFiles/pointcloud_to_laserscan.dir/src/pointcloud_to_laserscan_node.cpp.o[0m
[1.929s] [ 30%] [32mBuilding CXX object CMakeFiles/laserscan_to_pointcloud_node.dir/rclcpp_components/node_main_laserscan_to_pointcloud_node.cpp.o[0m
[1.954s] [ 40%] [32mBuilding CXX object CMakeFiles/pointcloud_to_laserscan_node.dir/rclcpp_components/node_main_pointcloud_to_laserscan_node.cpp.o[0m
[1.984s] [ 50%] [32mBuilding CXX object CMakeFiles/dummy_pointcloud_publisher.dir/src/dummy_pointcloud_publisher.cpp.o[0m
[2.328s] In file included from [01m[K/home/uocav/ros-workspace/src/pointcloud_to_laser/src/laserscan_to_pointcloud_node.cpp:52[m[K:
[2.328s] [01m[K/opt/ros/humble/include/tf2_sensor_msgs/tf2_sensor_msgs.h:32:2:[m[K [01;35m[Kwarning: [m[K#warning This header is obsolete, please include tf2_sensor_msgs/tf2_sensor_msgs.hpp instead [[01;35m[K]8;;https://gcc.gnu.org/onlinedocs/gcc/Warning-Options.html#index-Wcpp-Wcpp]8;;[m[K]
[2.328s]    32 | #[01;35m[Kwarning[m[K This header is obsolete, please include tf2_sensor_msgs/tf2_sensor_msgs.hpp instead
[2.328s]       |  [01;35m[K^~~~~~~[m[K
[2.381s] In file included from [01m[K/home/uocav/ros-workspace/src/pointcloud_to_laser/src/pointcloud_to_laserscan_node.cpp:52[m[K:
[2.381s] [01m[K/opt/ros/humble/include/tf2_sensor_msgs/tf2_sensor_msgs.h:32:2:[m[K [01;35m[Kwarning: [m[K#warning This header is obsolete, please include tf2_sensor_msgs/tf2_sensor_msgs.hpp instead [[01;35m[K]8;;https://gcc.gnu.org/onlinedocs/gcc/Warning-Options.html#index-Wcpp-Wcpp]8;;[m[K]
[2.381s]    32 | #[01;35m[Kwarning[m[K This header is obsolete, please include tf2_sensor_msgs/tf2_sensor_msgs.hpp instead
[2.381s]       |  [01;35m[K^~~~~~~[m[K
[7.691s] [ 60%] [32m[1mLinking CXX executable laserscan_to_pointcloud_node[0m
[7.868s] [ 60%] Built target laserscan_to_pointcloud_node
[8.042s] [ 70%] [32m[1mLinking CXX executable pointcloud_to_laserscan_node[0m
[8.304s] [ 70%] Built target pointcloud_to_laserscan_node
[9.871s] [ 80%] [32m[1mLinking CXX executable dummy_pointcloud_publisher[0m
[10.019s] [ 80%] Built target dummy_pointcloud_publisher
[17.546s] [ 90%] [32m[1mLinking CXX shared library liblaserscan_to_pointcloud.so[0m
[17.722s] [ 90%] Built target laserscan_to_pointcloud
[17.869s] [100%] [32m[1mLinking CXX shared library libpointcloud_to_laserscan.so[0m
[18.061s] [100%] Built target pointcloud_to_laserscan
