[0.101s] Invoking command in '/home/jetson/ros-workspace/build/pointcloud_to_laserscan': CMAKE_PREFIX_PATH=${CMAKE_PREFIX_PATH}:/opt/ros/foxy /usr/bin/cmake /home/jetson/ros-workspace/src/pointcloud_to_laser -DCMAKE_INSTALL_PREFIX=/home/jetson/ros-workspace/install/pointcloud_to_laserscan
[0.199s] -- Found ament_cmake: 0.9.11 (/opt/ros/foxy/share/ament_cmake/cmake)
[0.316s] -- Using PYTHON_EXECUTABLE: /usr/bin/python3
[1.196s] -- Override CMake install command with custom implementation using symlinks instead of copying resources
[1.242s] -- Found laser_geometry: 2.2.0 (/opt/ros/foxy/share/laser_geometry/cmake)
[1.280s] -- Found message_filters: 3.2.5 (/opt/ros/foxy/share/message_filters/cmake)
[1.305s] -- Found rclcpp: 2.4.2 (/opt/ros/foxy/share/rclcpp/cmake)
[1.447s] -- Using all available rosidl_typesupport_c: rosidl_typesupport_fastrtps_c;rosidl_typesupport_introspection_c
[1.462s] -- Found rosidl_adapter: 1.3.0 (/opt/ros/foxy/share/rosidl_adapter/cmake)
[1.952s] -- Using all available rosidl_typesupport_cpp: rosidl_typesupport_fastrtps_cpp;rosidl_typesupport_introspection_cpp
[2.165s] -- Found rmw_implementation_cmake: 1.0.4 (/opt/ros/foxy/share/rmw_implementation_cmake/cmake)
[2.171s] -- Using RMW implementation 'rmw_fastrtps_cpp' as default
[2.872s] -- Found rclcpp_components: 2.4.2 (/opt/ros/foxy/share/rclcpp_components/cmake)
[3.163s] -- Found sensor_msgs: 2.0.5 (/opt/ros/foxy/share/sensor_msgs/cmake)
[3.658s] -- Found tf2: 0.13.14 (/opt/ros/foxy/share/tf2/cmake)
[3.698s] -- Found tf2_ros: 0.13.14 (/opt/ros/foxy/share/tf2_ros/cmake)
[4.698s] -- Found tf2_sensor_msgs: 0.13.14 (/opt/ros/foxy/share/tf2_sensor_msgs/cmake)
[4.849s] -- Found ament_lint_auto: 0.9.8 (/opt/ros/foxy/share/ament_lint_auto/cmake)
[5.125s] -- Added test 'cppcheck' to perform static code analysis on C / C++ code
[5.127s] -- Configured cppcheck include dirs: /home/jetson/ros-workspace/src/pointcloud_to_laser/include
[5.129s] -- Configured cppcheck exclude dirs and/or files: 
[5.139s] -- Added test 'cpplint' to check C / C++ code against the Google style
[5.139s] -- Configured cpplint exclude dirs and/or files: 
[5.140s] -- Added test 'flake8' to check Python code syntax and style conventions
[5.140s] -- Added test 'lint_cmake' to check CMake code style
[5.141s] -- Added test 'pep257' to check Python code against some of the style conventions in PEP 257
[5.143s] -- Added test 'uncrustify' to check C / C++ code style
[5.143s] -- Configured uncrustify additional arguments: 
[5.144s] -- Added test 'xmllint' to check XML markup files
[5.165s] -- Configuring done
[5.366s] -- Generating done
[5.377s] -- Build files have been written to: /home/jetson/ros-workspace/build/pointcloud_to_laserscan
[5.421s] Invoked command in '/home/jetson/ros-workspace/build/pointcloud_to_laserscan' returned '0': CMAKE_PREFIX_PATH=${CMAKE_PREFIX_PATH}:/opt/ros/foxy /usr/bin/cmake /home/jetson/ros-workspace/src/pointcloud_to_laser -DCMAKE_INSTALL_PREFIX=/home/jetson/ros-workspace/install/pointcloud_to_laserscan
[5.427s] Invoking command in '/home/jetson/ros-workspace/build/pointcloud_to_laserscan': CMAKE_PREFIX_PATH=${CMAKE_PREFIX_PATH}:/opt/ros/foxy /usr/bin/cmake --build /home/jetson/ros-workspace/build/pointcloud_to_laserscan -- -j4 -l4
[5.738s] [ 20%] Built target laserscan_to_pointcloud_node
[5.766s] [ 40%] Built target pointcloud_to_laserscan_node
[5.779s] [ 60%] Built target pointcloud_to_laserscan
[5.825s] [ 80%] Built target laserscan_to_pointcloud
[5.903s] [100%] Built target dummy_pointcloud_publisher
[5.951s] Invoked command in '/home/jetson/ros-workspace/build/pointcloud_to_laserscan' returned '0': CMAKE_PREFIX_PATH=${CMAKE_PREFIX_PATH}:/opt/ros/foxy /usr/bin/cmake --build /home/jetson/ros-workspace/build/pointcloud_to_laserscan -- -j4 -l4
[6.107s] Invoking command in '/home/jetson/ros-workspace/build/pointcloud_to_laserscan': CMAKE_PREFIX_PATH=${CMAKE_PREFIX_PATH}:/opt/ros/foxy /usr/bin/cmake --install /home/jetson/ros-workspace/build/pointcloud_to_laserscan
[6.156s] -- Install configuration: "Release"
[6.159s] -- Execute custom install script
[6.162s] -- Up-to-date symlink: /home/jetson/ros-workspace/install/pointcloud_to_laserscan/lib/pointcloud_to_laserscan/laserscan_to_pointcloud_node
[6.164s] -- Up-to-date symlink: /home/jetson/ros-workspace/install/pointcloud_to_laserscan/lib/pointcloud_to_laserscan/pointcloud_to_laserscan_node
[6.166s] -- Up-to-date symlink: /home/jetson/ros-workspace/install/pointcloud_to_laserscan/lib/liblaserscan_to_pointcloud.so
[6.167s] -- Up-to-date symlink: /home/jetson/ros-workspace/install/pointcloud_to_laserscan/lib/libpointcloud_to_laserscan.so
[6.169s] -- Up-to-date symlink: /home/jetson/ros-workspace/install/pointcloud_to_laserscan/lib/pointcloud_to_laserscan/dummy_pointcloud_publisher
[6.172s] -- Up-to-date symlink: /home/jetson/ros-workspace/install/pointcloud_to_laserscan/include/include/pointcloud_to_laserscan/laserscan_to_pointcloud_node.hpp
[6.173s] -- Up-to-date symlink: /home/jetson/ros-workspace/install/pointcloud_to_laserscan/include/include/pointcloud_to_laserscan/pointcloud_to_laserscan_node.hpp
[6.174s] -- Up-to-date symlink: /home/jetson/ros-workspace/install/pointcloud_to_laserscan/include/include/pointcloud_to_laserscan/visibility_control.h
[6.176s] -- Up-to-date symlink: /home/jetson/ros-workspace/install/pointcloud_to_laserscan/share/pointcloud_to_laserscan/launch/pcl_to_laser_launch.py
[6.177s] -- Up-to-date symlink: /home/jetson/ros-workspace/install/pointcloud_to_laserscan/share/pointcloud_to_laserscan/launch/sample_laserscan_to_pointcloud_launch.py
[6.178s] -- Up-to-date symlink: /home/jetson/ros-workspace/install/pointcloud_to_laserscan/share/pointcloud_to_laserscan/launch/sample_pointcloud_to_laserscan_launch.py
[6.180s] -- Up-to-date symlink: /home/jetson/ros-workspace/install/pointcloud_to_laserscan/share/ament_index/resource_index/package_run_dependencies/pointcloud_to_laserscan
[6.181s] -- Up-to-date symlink: /home/jetson/ros-workspace/install/pointcloud_to_laserscan/share/ament_index/resource_index/parent_prefix_path/pointcloud_to_laserscan
[6.182s] -- Up-to-date symlink: /home/jetson/ros-workspace/install/pointcloud_to_laserscan/share/pointcloud_to_laserscan/environment/ament_prefix_path.sh
[6.184s] -- Up-to-date symlink: /home/jetson/ros-workspace/install/pointcloud_to_laserscan/share/pointcloud_to_laserscan/environment/ament_prefix_path.dsv
[6.185s] -- Up-to-date symlink: /home/jetson/ros-workspace/install/pointcloud_to_laserscan/share/pointcloud_to_laserscan/environment/path.sh
[6.186s] -- Up-to-date symlink: /home/jetson/ros-workspace/install/pointcloud_to_laserscan/share/pointcloud_to_laserscan/environment/path.dsv
[6.188s] -- Up-to-date symlink: /home/jetson/ros-workspace/install/pointcloud_to_laserscan/share/pointcloud_to_laserscan/local_setup.bash
[6.189s] -- Up-to-date symlink: /home/jetson/ros-workspace/install/pointcloud_to_laserscan/share/pointcloud_to_laserscan/local_setup.sh
[6.190s] -- Up-to-date symlink: /home/jetson/ros-workspace/install/pointcloud_to_laserscan/share/pointcloud_to_laserscan/local_setup.zsh
[6.191s] -- Up-to-date symlink: /home/jetson/ros-workspace/install/pointcloud_to_laserscan/share/pointcloud_to_laserscan/local_setup.dsv
[6.192s] -- Symlinking: /home/jetson/ros-workspace/install/pointcloud_to_laserscan/share/pointcloud_to_laserscan/package.dsv
[6.239s] -- Up-to-date symlink: /home/jetson/ros-workspace/install/pointcloud_to_laserscan/share/ament_index/resource_index/packages/pointcloud_to_laserscan
[6.240s] -- Up-to-date symlink: /home/jetson/ros-workspace/install/pointcloud_to_laserscan/share/ament_index/resource_index/rclcpp_components/pointcloud_to_laserscan
[6.242s] -- Up-to-date symlink: /home/jetson/ros-workspace/install/pointcloud_to_laserscan/share/pointcloud_to_laserscan/cmake/pointcloud_to_laserscanConfig.cmake
[6.243s] -- Up-to-date symlink: /home/jetson/ros-workspace/install/pointcloud_to_laserscan/share/pointcloud_to_laserscan/cmake/pointcloud_to_laserscanConfig-version.cmake
[6.244s] -- Up-to-date symlink: /home/jetson/ros-workspace/install/pointcloud_to_laserscan/share/pointcloud_to_laserscan/package.xml
[6.266s] Invoked command in '/home/jetson/ros-workspace/build/pointcloud_to_laserscan' returned '0': CMAKE_PREFIX_PATH=${CMAKE_PREFIX_PATH}:/opt/ros/foxy /usr/bin/cmake --install /home/jetson/ros-workspace/build/pointcloud_to_laserscan
