[0.037s] Invoking command in '/home/uocav/ros-workspace/build/pointcloud_to_laserscan': CMAKE_PREFIX_PATH=${CMAKE_PREFIX_PATH}:/home/uocav/ros-workspace/install/urdf_tutorial_r2d2:/opt/ros/foxy /usr/bin/cmake /home/uocav/ros-workspace/src/pointcloud_to_laser -DCMAKE_BUILD_TYPE=Release -DAMENT_CMAKE_SYMLINK_INSTALL=1 -DCMAKE_INSTALL_PREFIX=/home/uocav/ros-workspace/install/pointcloud_to_laserscan
[0.051s] -- Found ament_cmake: 0.9.12 (/opt/ros/foxy/share/ament_cmake/cmake)
[0.079s] -- Using PYTHON_EXECUTABLE: /usr/bin/python3
[0.242s] -- Override CMake install command with custom implementation using symlinks instead of copying resources
[0.248s] -- Found laser_geometry: 2.2.0 (/opt/ros/foxy/share/laser_geometry/cmake)
[0.253s] -- Found message_filters: 3.2.7 (/opt/ros/foxy/share/message_filters/cmake)
[0.256s] -- Found rclcpp: 2.4.3 (/opt/ros/foxy/share/rclcpp/cmake)
[0.289s] -- Using all available rosidl_typesupport_c: rosidl_typesupport_fastrtps_c;rosidl_typesupport_introspection_c
[0.293s] -- Found rosidl_adapter: 1.3.1 (/opt/ros/foxy/share/rosidl_adapter/cmake)
[0.432s] -- Using all available rosidl_typesupport_cpp: rosidl_typesupport_fastrtps_cpp;rosidl_typesupport_introspection_cpp
[0.475s] -- Found rmw_implementation_cmake: 1.0.4 (/opt/ros/foxy/share/rmw_implementation_cmake/cmake)
[0.477s] -- Using RMW implementation 'rmw_fastrtps_cpp' as default
[0.625s] -- Found rclcpp_components: 2.4.3 (/opt/ros/foxy/share/rclcpp_components/cmake)
[0.690s] -- Found sensor_msgs: 2.0.5 (/opt/ros/foxy/share/sensor_msgs/cmake)
[0.794s] -- Found tf2: 0.13.14 (/opt/ros/foxy/share/tf2/cmake)
[0.802s] -- Found tf2_ros: 0.13.14 (/opt/ros/foxy/share/tf2_ros/cmake)
[1.043s] -- Found tf2_sensor_msgs: 0.13.14 (/opt/ros/foxy/share/tf2_sensor_msgs/cmake)
[1.088s] -- Found ament_lint_auto: 0.9.8 (/opt/ros/foxy/share/ament_lint_auto/cmake)
[1.148s] -- Added test 'cppcheck' to perform static code analysis on C / C++ code
[1.149s] -- Configured cppcheck include dirs: /home/uocav/ros-workspace/src/pointcloud_to_laser/include
[1.149s] -- Configured cppcheck exclude dirs and/or files: 
[1.149s] -- Added test 'cpplint' to check C / C++ code against the Google style
[1.149s] -- Configured cpplint exclude dirs and/or files: 
[1.149s] -- Added test 'flake8' to check Python code syntax and style conventions
[1.150s] -- Added test 'lint_cmake' to check CMake code style
[1.150s] -- Added test 'pep257' to check Python code against some of the style conventions in PEP 257
[1.150s] -- Added test 'uncrustify' to check C / C++ code style
[1.150s] -- Configured uncrustify additional arguments: 
[1.151s] -- Added test 'xmllint' to check XML markup files
[1.154s] -- Configuring done
[1.186s] -- Generating done
[1.188s] -- Build files have been written to: /home/uocav/ros-workspace/build/pointcloud_to_laserscan
[1.196s] Invoked command in '/home/uocav/ros-workspace/build/pointcloud_to_laserscan' returned '0': CMAKE_PREFIX_PATH=${CMAKE_PREFIX_PATH}:/home/uocav/ros-workspace/install/urdf_tutorial_r2d2:/opt/ros/foxy /usr/bin/cmake /home/uocav/ros-workspace/src/pointcloud_to_laser -DCMAKE_BUILD_TYPE=Release -DAMENT_CMAKE_SYMLINK_INSTALL=1 -DCMAKE_INSTALL_PREFIX=/home/uocav/ros-workspace/install/pointcloud_to_laserscan
[1.198s] Invoking command in '/home/uocav/ros-workspace/build/pointcloud_to_laserscan': CMAKE_PREFIX_PATH=${CMAKE_PREFIX_PATH}:/home/uocav/ros-workspace/install/urdf_tutorial_r2d2:/opt/ros/foxy /usr/bin/cmake --build /home/uocav/ros-workspace/build/pointcloud_to_laserscan -- -j6 -l6
[1.296s] [ 20%] Built target pointcloud_to_laserscan_node
[1.296s] [ 40%] Built target laserscan_to_pointcloud
[1.299s] [ 60%] Built target laserscan_to_pointcloud_node
[1.303s] [ 80%] Built target pointcloud_to_laserscan
[1.304s] [100%] Built target dummy_pointcloud_publisher
[1.320s] Invoked command in '/home/uocav/ros-workspace/build/pointcloud_to_laserscan' returned '0': CMAKE_PREFIX_PATH=${CMAKE_PREFIX_PATH}:/home/uocav/ros-workspace/install/urdf_tutorial_r2d2:/opt/ros/foxy /usr/bin/cmake --build /home/uocav/ros-workspace/build/pointcloud_to_laserscan -- -j6 -l6
[1.354s] Invoking command in '/home/uocav/ros-workspace/build/pointcloud_to_laserscan': CMAKE_PREFIX_PATH=${CMAKE_PREFIX_PATH}:/home/uocav/ros-workspace/install/urdf_tutorial_r2d2:/opt/ros/foxy /usr/bin/cmake --install /home/uocav/ros-workspace/build/pointcloud_to_laserscan
[1.363s] -- Install configuration: "Release"
[1.364s] -- Execute custom install script
[1.365s] -- Up-to-date symlink: /home/uocav/ros-workspace/install/pointcloud_to_laserscan/lib/pointcloud_to_laserscan/laserscan_to_pointcloud_node
[1.365s] -- Up-to-date symlink: /home/uocav/ros-workspace/install/pointcloud_to_laserscan/lib/pointcloud_to_laserscan/pointcloud_to_laserscan_node
[1.366s] -- Up-to-date symlink: /home/uocav/ros-workspace/install/pointcloud_to_laserscan/lib/liblaserscan_to_pointcloud.so
[1.366s] -- Up-to-date symlink: /home/uocav/ros-workspace/install/pointcloud_to_laserscan/lib/libpointcloud_to_laserscan.so
[1.367s] -- Up-to-date symlink: /home/uocav/ros-workspace/install/pointcloud_to_laserscan/lib/pointcloud_to_laserscan/dummy_pointcloud_publisher
[1.368s] -- Up-to-date symlink: /home/uocav/ros-workspace/install/pointcloud_to_laserscan/include/include/pointcloud_to_laserscan/laserscan_to_pointcloud_node.hpp
[1.368s] -- Up-to-date symlink: /home/uocav/ros-workspace/install/pointcloud_to_laserscan/include/include/pointcloud_to_laserscan/pointcloud_to_laserscan_node.hpp
[1.369s] -- Up-to-date symlink: /home/uocav/ros-workspace/install/pointcloud_to_laserscan/include/include/pointcloud_to_laserscan/visibility_control.h
[1.369s] -- Up-to-date symlink: /home/uocav/ros-workspace/install/pointcloud_to_laserscan/share/pointcloud_to_laserscan/launch/pcl_to_laser_launch.py
[1.370s] -- Up-to-date symlink: /home/uocav/ros-workspace/install/pointcloud_to_laserscan/share/pointcloud_to_laserscan/launch/sample_laserscan_to_pointcloud_launch.py
[1.370s] -- Up-to-date symlink: /home/uocav/ros-workspace/install/pointcloud_to_laserscan/share/pointcloud_to_laserscan/launch/sample_pointcloud_to_laserscan_launch.py
[1.370s] -- Up-to-date symlink: /home/uocav/ros-workspace/install/pointcloud_to_laserscan/share/ament_index/resource_index/package_run_dependencies/pointcloud_to_laserscan
[1.371s] -- Up-to-date symlink: /home/uocav/ros-workspace/install/pointcloud_to_laserscan/share/ament_index/resource_index/parent_prefix_path/pointcloud_to_laserscan
[1.371s] -- Up-to-date symlink: /home/uocav/ros-workspace/install/pointcloud_to_laserscan/share/pointcloud_to_laserscan/environment/ament_prefix_path.sh
[1.373s] -- Up-to-date symlink: /home/uocav/ros-workspace/install/pointcloud_to_laserscan/share/pointcloud_to_laserscan/environment/ament_prefix_path.dsv
[1.373s] -- Up-to-date symlink: /home/uocav/ros-workspace/install/pointcloud_to_laserscan/share/pointcloud_to_laserscan/environment/path.sh
[1.374s] -- Up-to-date symlink: /home/uocav/ros-workspace/install/pointcloud_to_laserscan/share/pointcloud_to_laserscan/environment/path.dsv
[1.374s] -- Up-to-date symlink: /home/uocav/ros-workspace/install/pointcloud_to_laserscan/share/pointcloud_to_laserscan/local_setup.bash
[1.374s] -- Up-to-date symlink: /home/uocav/ros-workspace/install/pointcloud_to_laserscan/share/pointcloud_to_laserscan/local_setup.sh
[1.374s] -- Up-to-date symlink: /home/uocav/ros-workspace/install/pointcloud_to_laserscan/share/pointcloud_to_laserscan/local_setup.zsh
[1.374s] -- Up-to-date symlink: /home/uocav/ros-workspace/install/pointcloud_to_laserscan/share/pointcloud_to_laserscan/local_setup.dsv
[1.374s] -- Symlinking: /home/uocav/ros-workspace/install/pointcloud_to_laserscan/share/pointcloud_to_laserscan/package.dsv
[1.382s] -- Up-to-date symlink: /home/uocav/ros-workspace/install/pointcloud_to_laserscan/share/ament_index/resource_index/packages/pointcloud_to_laserscan
[1.382s] -- Up-to-date symlink: /home/uocav/ros-workspace/install/pointcloud_to_laserscan/share/ament_index/resource_index/rclcpp_components/pointcloud_to_laserscan
[1.383s] -- Up-to-date symlink: /home/uocav/ros-workspace/install/pointcloud_to_laserscan/share/pointcloud_to_laserscan/cmake/pointcloud_to_laserscanConfig.cmake
[1.383s] -- Up-to-date symlink: /home/uocav/ros-workspace/install/pointcloud_to_laserscan/share/pointcloud_to_laserscan/cmake/pointcloud_to_laserscanConfig-version.cmake
[1.383s] -- Up-to-date symlink: /home/uocav/ros-workspace/install/pointcloud_to_laserscan/share/pointcloud_to_laserscan/package.xml
[1.389s] Invoked command in '/home/uocav/ros-workspace/build/pointcloud_to_laserscan' returned '0': CMAKE_PREFIX_PATH=${CMAKE_PREFIX_PATH}:/home/uocav/ros-workspace/install/urdf_tutorial_r2d2:/opt/ros/foxy /usr/bin/cmake --install /home/uocav/ros-workspace/build/pointcloud_to_laserscan
