[0.371s] Invoking command in '/home/jetson/ros-workspace/build/micro_ros_setup': CMAKE_PREFIX_PATH=${CMAKE_PREFIX_PATH}:/home/jetson/ros-workspace/install/urdf_tutorial_r2d2:/opt/ros/foxy /usr/bin/cmake --build /home/jetson/ros-workspace/build/micro_ros_setup -- -j6 -l6
[0.714s] Invoked command in '/home/jetson/ros-workspace/build/micro_ros_setup' returned '0': CMAKE_PREFIX_PATH=${CMAKE_PREFIX_PATH}:/home/jetson/ros-workspace/install/urdf_tutorial_r2d2:/opt/ros/foxy /usr/bin/cmake --build /home/jetson/ros-workspace/build/micro_ros_setup -- -j6 -l6
[1.383s] Invoking command in '/home/jetson/ros-workspace/build/micro_ros_setup': CMAKE_PREFIX_PATH=${CMAKE_PREFIX_PATH}:/home/jetson/ros-workspace/install/urdf_tutorial_r2d2:/opt/ros/foxy /usr/bin/cmake --install /home/jetson/ros-workspace/build/micro_ros_setup
[1.576s] -- Install configuration: "Release"
[1.588s] -- Execute custom install script
[1.590s] -- Up-to-date symlink: /home/jetson/ros-workspace/install/micro_ros_setup/share/ament_index/resource_index/package_run_dependencies/micro_ros_setup
[1.590s] -- Up-to-date symlink: /home/jetson/ros-workspace/install/micro_ros_setup/share/ament_index/resource_index/parent_prefix_path/micro_ros_setup
[1.591s] -- Up-to-date symlink: /home/jetson/ros-workspace/install/micro_ros_setup/share/micro_ros_setup/environment/ament_prefix_path.sh
[1.591s] -- Up-to-date symlink: /home/jetson/ros-workspace/install/micro_ros_setup/share/micro_ros_setup/environment/ament_prefix_path.dsv
[1.592s] -- Up-to-date symlink: /home/jetson/ros-workspace/install/micro_ros_setup/share/micro_ros_setup/environment/path.sh
[1.592s] -- Up-to-date symlink: /home/jetson/ros-workspace/install/micro_ros_setup/share/micro_ros_setup/environment/path.dsv
[1.618s] -- Up-to-date symlink: /home/jetson/ros-workspace/install/micro_ros_setup/share/micro_ros_setup/local_setup.bash
[1.619s] -- Up-to-date symlink: /home/jetson/ros-workspace/install/micro_ros_setup/share/micro_ros_setup/local_setup.sh
[1.619s] -- Up-to-date symlink: /home/jetson/ros-workspace/install/micro_ros_setup/share/micro_ros_setup/local_setup.zsh
[1.620s] -- Up-to-date symlink: /home/jetson/ros-workspace/install/micro_ros_setup/share/micro_ros_setup/local_setup.dsv
[1.620s] -- Symlinking: /home/jetson/ros-workspace/install/micro_ros_setup/share/micro_ros_setup/package.dsv
[1.633s] -- Up-to-date symlink: /home/jetson/ros-workspace/install/micro_ros_setup/share/ament_index/resource_index/packages/micro_ros_setup
[1.636s] -- Up-to-date symlink: /home/jetson/ros-workspace/install/micro_ros_setup/share/micro_ros_setup/cmake/micro_ros_setupConfig.cmake
[1.637s] -- Up-to-date symlink: /home/jetson/ros-workspace/install/micro_ros_setup/share/micro_ros_setup/cmake/micro_ros_setupConfig-version.cmake
[1.638s] -- Up-to-date symlink: /home/jetson/ros-workspace/install/micro_ros_setup/share/micro_ros_setup/package.xml
[1.638s] -- Up-to-date symlink: /home/jetson/ros-workspace/install/micro_ros_setup/lib/micro_ros_setup/create_ws.sh
[1.639s] -- Up-to-date symlink: /home/jetson/ros-workspace/install/micro_ros_setup/lib/micro_ros_setup/create_agent_ws.sh
[1.640s] -- Up-to-date symlink: /home/jetson/ros-workspace/install/micro_ros_setup/lib/micro_ros_setup/create_firmware_ws.sh
[1.643s] -- Up-to-date symlink: /home/jetson/ros-workspace/install/micro_ros_setup/lib/micro_ros_setup/configure_firmware.sh
[1.646s] -- Up-to-date symlink: /home/jetson/ros-workspace/install/micro_ros_setup/lib/micro_ros_setup/flash_firmware.sh
[1.650s] -- Up-to-date symlink: /home/jetson/ros-workspace/install/micro_ros_setup/lib/micro_ros_setup/reset_firmware.sh
[1.653s] -- Up-to-date symlink: /home/jetson/ros-workspace/install/micro_ros_setup/lib/micro_ros_setup/build_firmware.sh
[1.657s] -- Up-to-date symlink: /home/jetson/ros-workspace/install/micro_ros_setup/lib/micro_ros_setup/build_agent.sh
[1.661s] -- Up-to-date symlink: /home/jetson/ros-workspace/install/micro_ros_setup/lib/micro_ros_setup/yaml_filter.py
[1.664s] -- Up-to-date symlink: /home/jetson/ros-workspace/install/micro_ros_setup/lib/micro_ros_setup/clean_env.sh
[1.667s] -- Up-to-date: /home/jetson/ros-workspace/install/micro_ros_setup/./config
[1.669s] -- Up-to-date: /home/jetson/ros-workspace/install/micro_ros_setup/./config/client_uros_packages.repos
[1.670s] -- Up-to-date: /home/jetson/ros-workspace/install/micro_ros_setup/./config/agent_uros_packages.repos
[1.671s] -- Up-to-date: /home/jetson/ros-workspace/install/micro_ros_setup/./config/host
[1.672s] -- Up-to-date: /home/jetson/ros-workspace/install/micro_ros_setup/./config/host/dev_uros_packages.repos
[1.673s] -- Up-to-date: /home/jetson/ros-workspace/install/micro_ros_setup/./config/host/dev_ros2_packages.txt
[1.675s] -- Up-to-date: /home/jetson/ros-workspace/install/micro_ros_setup/./config/host/client_ros2_packages.txt
[1.675s] -- Up-to-date: /home/jetson/ros-workspace/install/micro_ros_setup/./config/host/generic
[1.676s] -- Up-to-date: /home/jetson/ros-workspace/install/micro_ros_setup/./config/host/generic/package.xml
[1.677s] -- Up-to-date: /home/jetson/ros-workspace/install/micro_ros_setup/./config/host/generic/flash.sh
[1.679s] -- Up-to-date: /home/jetson/ros-workspace/install/micro_ros_setup/./config/host/generic/create.sh
[1.681s] -- Up-to-date: /home/jetson/ros-workspace/install/micro_ros_setup/./config/host/generic/client_host_packages.repos
[1.683s] -- Up-to-date: /home/jetson/ros-workspace/install/micro_ros_setup/./config/host/generic/client-host-colcon.meta
[1.684s] -- Up-to-date: /home/jetson/ros-workspace/install/micro_ros_setup/./config/host/generic/reset.sh
[1.686s] -- Up-to-date: /home/jetson/ros-workspace/install/micro_ros_setup/./config/host/generic/build.sh
[1.696s] -- Up-to-date: /home/jetson/ros-workspace/install/micro_ros_setup/./config/freertos
[1.718s] -- Up-to-date: /home/jetson/ros-workspace/install/micro_ros_setup/./config/freertos/nucleo_f767zi
[1.720s] -- Up-to-date: /home/jetson/ros-workspace/install/micro_ros_setup/./config/freertos/nucleo_f767zi/client_uros_packages.repos
[1.725s] -- Up-to-date: /home/jetson/ros-workspace/install/micro_ros_setup/./config/freertos/nucleo_f767zi/package.xml
[1.726s] -- Up-to-date: /home/jetson/ros-workspace/install/micro_ros_setup/./config/freertos/nucleo_f767zi/configure.sh
[1.728s] -- Up-to-date: /home/jetson/ros-workspace/install/micro_ros_setup/./config/freertos/nucleo_f767zi/flash.sh
[1.729s] -- Up-to-date: /home/jetson/ros-workspace/install/micro_ros_setup/./config/freertos/nucleo_f767zi/create.sh
[1.736s] -- Up-to-date: /home/jetson/ros-workspace/install/micro_ros_setup/./config/freertos/nucleo_f767zi/board.repos
[1.736s] -- Up-to-date: /home/jetson/ros-workspace/install/micro_ros_setup/./config/freertos/nucleo_f767zi/reset.sh
[1.737s] -- Up-to-date: /home/jetson/ros-workspace/install/micro_ros_setup/./config/freertos/nucleo_f767zi/client-colcon.meta
[1.738s] -- Up-to-date: /home/jetson/ros-workspace/install/micro_ros_setup/./config/freertos/nucleo_f767zi/build.sh
[1.738s] -- Up-to-date: /home/jetson/ros-workspace/install/micro_ros_setup/./config/freertos/dev_uros_packages.repos
[1.738s] -- Up-to-date: /home/jetson/ros-workspace/install/micro_ros_setup/./config/freertos/crazyflie21
[1.740s] -- Up-to-date: /home/jetson/ros-workspace/install/micro_ros_setup/./config/freertos/crazyflie21/client_uros_packages.repos
[1.741s] -- Up-to-date: /home/jetson/ros-workspace/install/micro_ros_setup/./config/freertos/crazyflie21/package.xml
[1.742s] -- Up-to-date: /home/jetson/ros-workspace/install/micro_ros_setup/./config/freertos/crazyflie21/configure.sh
[1.755s] -- Up-to-date: /home/jetson/ros-workspace/install/micro_ros_setup/./config/freertos/crazyflie21/flash.sh
[1.756s] -- Up-to-date: /home/jetson/ros-workspace/install/micro_ros_setup/./config/freertos/crazyflie21/create.sh
[1.756s] -- Up-to-date: /home/jetson/ros-workspace/install/micro_ros_setup/./config/freertos/crazyflie21/board.repos
[1.757s] -- Up-to-date: /home/jetson/ros-workspace/install/micro_ros_setup/./config/freertos/crazyflie21/client-colcon.meta
[1.757s] -- Up-to-date: /home/jetson/ros-workspace/install/micro_ros_setup/./config/freertos/crazyflie21/build.sh
[1.758s] -- Up-to-date: /home/jetson/ros-workspace/install/micro_ros_setup/./config/freertos/nucleo_f446ze
[1.758s] -- Up-to-date: /home/jetson/ros-workspace/install/micro_ros_setup/./config/freertos/nucleo_f446ze/client_uros_packages.repos
[1.760s] -- Up-to-date: /home/jetson/ros-workspace/install/micro_ros_setup/./config/freertos/nucleo_f446ze/package.xml
[1.760s] -- Up-to-date: /home/jetson/ros-workspace/install/micro_ros_setup/./config/freertos/nucleo_f446ze/configure.sh
[1.761s] -- Up-to-date: /home/jetson/ros-workspace/install/micro_ros_setup/./config/freertos/nucleo_f446ze/flash.sh
[1.761s] -- Up-to-date: /home/jetson/ros-workspace/install/micro_ros_setup/./config/freertos/nucleo_f446ze/create.sh
[1.761s] -- Up-to-date: /home/jetson/ros-workspace/install/micro_ros_setup/./config/freertos/nucleo_f446ze/board.repos
[1.762s] -- Up-to-date: /home/jetson/ros-workspace/install/micro_ros_setup/./config/freertos/nucleo_f446ze/reset.sh
[1.762s] -- Up-to-date: /home/jetson/ros-workspace/install/micro_ros_setup/./config/freertos/nucleo_f446ze/client-colcon.meta
[1.763s] -- Up-to-date: /home/jetson/ros-workspace/install/micro_ros_setup/./config/freertos/nucleo_f446ze/build.sh
[1.764s] -- Up-to-date: /home/jetson/ros-workspace/install/micro_ros_setup/./config/freertos/nucleo_f446re
[1.765s] -- Up-to-date: /home/jetson/ros-workspace/install/micro_ros_setup/./config/freertos/nucleo_f446re/client_uros_packages.repos
[1.766s] -- Up-to-date: /home/jetson/ros-workspace/install/micro_ros_setup/./config/freertos/nucleo_f446re/package.xml
[1.768s] -- Up-to-date: /home/jetson/ros-workspace/install/micro_ros_setup/./config/freertos/nucleo_f446re/configure.sh
[1.774s] -- Up-to-date: /home/jetson/ros-workspace/install/micro_ros_setup/./config/freertos/nucleo_f446re/flash.sh
[1.777s] -- Up-to-date: /home/jetson/ros-workspace/install/micro_ros_setup/./config/freertos/nucleo_f446re/create.sh
[1.777s] -- Up-to-date: /home/jetson/ros-workspace/install/micro_ros_setup/./config/freertos/nucleo_f446re/board.repos
[1.778s] -- Up-to-date: /home/jetson/ros-workspace/install/micro_ros_setup/./config/freertos/nucleo_f446re/reset.sh
[1.778s] -- Up-to-date: /home/jetson/ros-workspace/install/micro_ros_setup/./config/freertos/nucleo_f446re/client-colcon.meta
[1.778s] -- Up-to-date: /home/jetson/ros-workspace/install/micro_ros_setup/./config/freertos/nucleo_f446re/build.sh
[1.779s] -- Up-to-date: /home/jetson/ros-workspace/install/micro_ros_setup/./config/freertos/list_apps.sh
[1.779s] -- Up-to-date: /home/jetson/ros-workspace/install/micro_ros_setup/./config/freertos/olimex-stm32-e407
[1.780s] -- Up-to-date: /home/jetson/ros-workspace/install/micro_ros_setup/./config/freertos/olimex-stm32-e407/client_uros_packages.repos
[1.780s] -- Up-to-date: /home/jetson/ros-workspace/install/micro_ros_setup/./config/freertos/olimex-stm32-e407/package.xml
[1.781s] -- Up-to-date: /home/jetson/ros-workspace/install/micro_ros_setup/./config/freertos/olimex-stm32-e407/configure.sh
[1.781s] -- Up-to-date: /home/jetson/ros-workspace/install/micro_ros_setup/./config/freertos/olimex-stm32-e407/flash.sh
[1.782s] -- Up-to-date: /home/jetson/ros-workspace/install/micro_ros_setup/./config/freertos/olimex-stm32-e407/create.sh
[1.782s] -- Up-to-date: /home/jetson/ros-workspace/install/micro_ros_setup/./config/freertos/olimex-stm32-e407/board.repos
[1.783s] -- Up-to-date: /home/jetson/ros-workspace/install/micro_ros_setup/./config/freertos/olimex-stm32-e407/reset.sh
[1.783s] -- Up-to-date: /home/jetson/ros-workspace/install/micro_ros_setup/./config/freertos/olimex-stm32-e407/client-colcon.meta
[1.784s] -- Up-to-date: /home/jetson/ros-workspace/install/micro_ros_setup/./config/freertos/olimex-stm32-e407/build.sh
[1.785s] -- Up-to-date: /home/jetson/ros-workspace/install/micro_ros_setup/./config/freertos/dev_ros2_packages.txt
[1.785s] -- Up-to-date: /home/jetson/ros-workspace/install/micro_ros_setup/./config/freertos/nucleo_f746zg
[1.786s] -- Up-to-date: /home/jetson/ros-workspace/install/micro_ros_setup/./config/freertos/nucleo_f746zg/client_uros_packages.repos
[1.786s] -- Up-to-date: /home/jetson/ros-workspace/install/micro_ros_setup/./config/freertos/nucleo_f746zg/package.xml
[1.787s] -- Up-to-date: /home/jetson/ros-workspace/install/micro_ros_setup/./config/freertos/nucleo_f746zg/configure.sh
[1.787s] -- Up-to-date: /home/jetson/ros-workspace/install/micro_ros_setup/./config/freertos/nucleo_f746zg/flash.sh
[1.788s] -- Up-to-date: /home/jetson/ros-workspace/install/micro_ros_setup/./config/freertos/nucleo_f746zg/create.sh
[1.788s] -- Up-to-date: /home/jetson/ros-workspace/install/micro_ros_setup/./config/freertos/nucleo_f746zg/board.repos
[1.789s] -- Up-to-date: /home/jetson/ros-workspace/install/micro_ros_setup/./config/freertos/nucleo_f746zg/reset.sh
[1.789s] -- Up-to-date: /home/jetson/ros-workspace/install/micro_ros_setup/./config/freertos/nucleo_f746zg/client-colcon.meta
[1.790s] -- Up-to-date: /home/jetson/ros-workspace/install/micro_ros_setup/./config/freertos/nucleo_f746zg/build.sh
[1.790s] -- Up-to-date: /home/jetson/ros-workspace/install/micro_ros_setup/./config/freertos/esp32
[1.791s] -- Up-to-date: /home/jetson/ros-workspace/install/micro_ros_setup/./config/freertos/esp32/client_uros_packages.repos
[1.804s] -- Up-to-date: /home/jetson/ros-workspace/install/micro_ros_setup/./config/freertos/esp32/package.xml
[1.805s] -- Up-to-date: /home/jetson/ros-workspace/install/micro_ros_setup/./config/freertos/esp32/configure.sh
[1.805s] -- Up-to-date: /home/jetson/ros-workspace/install/micro_ros_setup/./config/freertos/esp32/flash.sh
[1.807s] -- Up-to-date: /home/jetson/ros-workspace/install/micro_ros_setup/./config/freertos/esp32/create.sh
[1.807s] -- Up-to-date: /home/jetson/ros-workspace/install/micro_ros_setup/./config/freertos/esp32/board.repos
[1.808s] -- Up-to-date: /home/jetson/ros-workspace/install/micro_ros_setup/./config/freertos/esp32/README.md
[1.809s] -- Up-to-date: /home/jetson/ros-workspace/install/micro_ros_setup/./config/freertos/esp32/client-colcon.meta
[1.809s] -- Up-to-date: /home/jetson/ros-workspace/install/micro_ros_setup/./config/freertos/esp32/build.sh
[1.811s] -- Up-to-date: /home/jetson/ros-workspace/install/micro_ros_setup/./config/agent_ros2_packages.txt
[1.812s] -- Up-to-date: /home/jetson/ros-workspace/install/micro_ros_setup/./config/nuttx
[1.814s] -- Up-to-date: /home/jetson/ros-workspace/install/micro_ros_setup/./config/nuttx/dev_uros_packages.repos
[1.816s] -- Up-to-date: /home/jetson/ros-workspace/install/micro_ros_setup/./config/nuttx/dev_ros2_packages.txt
[1.818s] -- Up-to-date: /home/jetson/ros-workspace/install/micro_ros_setup/./config/nuttx/generic
[1.818s] -- Up-to-date: /home/jetson/ros-workspace/install/micro_ros_setup/./config/nuttx/generic/client_uros_packages.repos
[1.819s] -- Up-to-date: /home/jetson/ros-workspace/install/micro_ros_setup/./config/nuttx/generic/package.xml
[1.819s] -- Up-to-date: /home/jetson/ros-workspace/install/micro_ros_setup/./config/nuttx/generic/configure.sh
[1.820s] -- Up-to-date: /home/jetson/ros-workspace/install/micro_ros_setup/./config/nuttx/generic/flash.sh
[1.820s] -- Up-to-date: /home/jetson/ros-workspace/install/micro_ros_setup/./config/nuttx/generic/create.sh
[1.821s] -- Up-to-date: /home/jetson/ros-workspace/install/micro_ros_setup/./config/nuttx/generic/uros_packages.repos
[1.821s] -- Up-to-date: /home/jetson/ros-workspace/install/micro_ros_setup/./config/nuttx/generic/supported_platforms
[1.822s] -- Up-to-date: /home/jetson/ros-workspace/install/micro_ros_setup/./config/nuttx/generic/reset.sh
[1.822s] -- Up-to-date: /home/jetson/ros-workspace/install/micro_ros_setup/./config/nuttx/generic/client-colcon.meta
[1.823s] -- Up-to-date: /home/jetson/ros-workspace/install/micro_ros_setup/./config/nuttx/generic/build.sh
[1.823s] -- Up-to-date: /home/jetson/ros-workspace/install/micro_ros_setup/./config/renesas_ra
[1.823s] -- Up-to-date: /home/jetson/ros-workspace/install/micro_ros_setup/./config/renesas_ra/dev_uros_packages.repos
[1.824s] -- Up-to-date: /home/jetson/ros-workspace/install/micro_ros_setup/./config/renesas_ra/list_apps.sh
[1.824s] -- Up-to-date: /home/jetson/ros-workspace/install/micro_ros_setup/./config/renesas_ra/ra6m5
[1.825s] -- Up-to-date: /home/jetson/ros-workspace/install/micro_ros_setup/./config/renesas_ra/ra6m5/client_uros_packages.repos
[1.825s] -- Up-to-date: /home/jetson/ros-workspace/install/micro_ros_setup/./config/renesas_ra/ra6m5/configure.sh
[1.826s] -- Up-to-date: /home/jetson/ros-workspace/install/micro_ros_setup/./config/renesas_ra/ra6m5/flash.sh
[1.826s] -- Up-to-date: /home/jetson/ros-workspace/install/micro_ros_setup/./config/renesas_ra/ra6m5/create.sh
[1.827s] -- Up-to-date: /home/jetson/ros-workspace/install/micro_ros_setup/./config/renesas_ra/ra6m5/board.repos
[1.827s] -- Up-to-date: /home/jetson/ros-workspace/install/micro_ros_setup/./config/renesas_ra/ra6m5/client-colcon.meta
[1.827s] -- Up-to-date: /home/jetson/ros-workspace/install/micro_ros_setup/./config/renesas_ra/ra6m5/build.sh
[1.828s] -- Up-to-date: /home/jetson/ros-workspace/install/micro_ros_setup/./config/renesas_ra/dev_ros2_packages.txt
[1.829s] -- Up-to-date: /home/jetson/ros-workspace/install/micro_ros_setup/./config/generate_lib
[1.829s] -- Up-to-date: /home/jetson/ros-workspace/install/micro_ros_setup/./config/generate_lib/dev_uros_packages.repos
[1.830s] -- Up-to-date: /home/jetson/ros-workspace/install/micro_ros_setup/./config/generate_lib/dev_ros2_packages.txt
[1.830s] -- Up-to-date: /home/jetson/ros-workspace/install/micro_ros_setup/./config/generate_lib/generic
[1.830s] -- Up-to-date: /home/jetson/ros-workspace/install/micro_ros_setup/./config/generate_lib/generic/client_uros_packages.repos
[1.837s] -- Up-to-date: /home/jetson/ros-workspace/install/micro_ros_setup/./config/generate_lib/generic/package.xml
[1.838s] -- Up-to-date: /home/jetson/ros-workspace/install/micro_ros_setup/./config/generate_lib/generic/flash.sh
[1.839s] -- Up-to-date: /home/jetson/ros-workspace/install/micro_ros_setup/./config/generate_lib/generic/create.sh
[1.840s] -- Up-to-date: /home/jetson/ros-workspace/install/micro_ros_setup/./config/generate_lib/generic/demo_toolchain.cmake
[1.841s] -- Up-to-date: /home/jetson/ros-workspace/install/micro_ros_setup/./config/generate_lib/generic/client-colcon.meta
[1.842s] -- Up-to-date: /home/jetson/ros-workspace/install/micro_ros_setup/./config/generate_lib/generic/build.sh
[1.843s] -- Up-to-date: /home/jetson/ros-workspace/install/micro_ros_setup/./config/zephyr
[1.844s] -- Up-to-date: /home/jetson/ros-workspace/install/micro_ros_setup/./config/zephyr/dev_uros_packages.repos
[1.845s] -- Up-to-date: /home/jetson/ros-workspace/install/micro_ros_setup/./config/zephyr/list_apps.sh
[1.846s] -- Up-to-date: /home/jetson/ros-workspace/install/micro_ros_setup/./config/zephyr/dev_ros2_packages.txt
[1.847s] -- Up-to-date: /home/jetson/ros-workspace/install/micro_ros_setup/./config/zephyr/generic
[1.848s] -- Up-to-date: /home/jetson/ros-workspace/install/micro_ros_setup/./config/zephyr/generic/client_uros_packages.repos
[1.849s] -- Up-to-date: /home/jetson/ros-workspace/install/micro_ros_setup/./config/zephyr/generic/package.xml
[1.850s] -- Up-to-date: /home/jetson/ros-workspace/install/micro_ros_setup/./config/zephyr/generic/configure.sh
[1.851s] -- Up-to-date: /home/jetson/ros-workspace/install/micro_ros_setup/./config/zephyr/generic/flash.sh
[1.852s] -- Up-to-date: /home/jetson/ros-workspace/install/micro_ros_setup/./config/zephyr/generic/create.sh
[1.852s] -- Up-to-date: /home/jetson/ros-workspace/install/micro_ros_setup/./config/zephyr/generic/board.repos
[1.856s] -- Up-to-date: /home/jetson/ros-workspace/install/micro_ros_setup/./config/zephyr/generic/supported_platforms
[1.857s] -- Up-to-date: /home/jetson/ros-workspace/install/micro_ros_setup/./config/zephyr/generic/reset.sh
[1.858s] -- Up-to-date: /home/jetson/ros-workspace/install/micro_ros_setup/./config/zephyr/generic/client-colcon.meta
[1.859s] -- Up-to-date: /home/jetson/ros-workspace/install/micro_ros_setup/./config/zephyr/generic/build.sh
[1.859s] -- Up-to-date: /home/jetson/ros-workspace/install/micro_ros_setup/./config/client_ros2_packages.txt
[1.860s] -- Up-to-date: /home/jetson/ros-workspace/install/micro_ros_setup/./config/utils.sh
[1.861s] -- Up-to-date: /home/jetson/ros-workspace/install/micro_ros_setup/./config/raspbian
[1.870s] -- Up-to-date: /home/jetson/ros-workspace/install/micro_ros_setup/./config/raspbian/dev_uros_packages.repos
[1.871s] -- Up-to-date: /home/jetson/ros-workspace/install/micro_ros_setup/./config/raspbian/dev_ros2_packages.txt
[1.873s] -- Up-to-date: /home/jetson/ros-workspace/install/micro_ros_setup/./config/raspbian/generic
[1.873s] -- Up-to-date: /home/jetson/ros-workspace/install/micro_ros_setup/./config/raspbian/generic/client_uros_packages.repos
[1.874s] -- Up-to-date: /home/jetson/ros-workspace/install/micro_ros_setup/./config/raspbian/generic/configure.sh
[1.874s] -- Up-to-date: /home/jetson/ros-workspace/install/micro_ros_setup/./config/raspbian/generic/flash.sh
[1.875s] -- Up-to-date: /home/jetson/ros-workspace/install/micro_ros_setup/./config/raspbian/generic/create.sh
[1.875s] -- Up-to-date: /home/jetson/ros-workspace/install/micro_ros_setup/./config/raspbian/generic/supported_platforms
[1.876s] -- Up-to-date: /home/jetson/ros-workspace/install/micro_ros_setup/./config/raspbian/generic/client-colcon.meta
[1.878s] -- Up-to-date: /home/jetson/ros-workspace/install/micro_ros_setup/./config/raspbian/generic/build.sh
[1.879s] Invoked command in '/home/jetson/ros-workspace/build/micro_ros_setup' returned '0': CMAKE_PREFIX_PATH=${CMAKE_PREFIX_PATH}:/home/jetson/ros-workspace/install/urdf_tutorial_r2d2:/opt/ros/foxy /usr/bin/cmake --install /home/jetson/ros-workspace/build/micro_ros_setup
