[0.017s] Invoking command in '/home/uocav/ros-workspace/build/ros2_esp32': CMAKE_PREFIX_PATH=${CMAKE_PREFIX_PATH}:/home/uocav/ros-workspace/install/urdf_tutorial_r2d2:/opt/ros/foxy /usr/bin/cmake /home/uocav/ros-workspace/src/ros2_esp32 -DCMAKE_INSTALL_PREFIX=/home/uocav/ros-workspace/install/ros2_esp32
[0.139s] -- Found ament_cmake: 0.9.12 (/opt/ros/foxy/share/ament_cmake/cmake)
[0.139s] -- Using PYTHON_EXECUTABLE: /usr/bin/python3
[0.239s] -- Override CMake install command with custom implementation using symlinks instead of copying resources
[0.246s] -- Found rclcpp: 2.4.3 (/opt/ros/foxy/share/rclcpp/cmake)
[0.280s] -- Using all available rosidl_typesupport_c: rosidl_typesupport_fastrtps_c;rosidl_typesupport_introspection_c
[0.283s] -- Found rosidl_adapter: 1.3.1 (/opt/ros/foxy/share/rosidl_adapter/cmake)
[0.411s] -- Using all available rosidl_typesupport_cpp: rosidl_typesupport_fastrtps_cpp;rosidl_typesupport_introspection_cpp
[0.458s] -- Found rmw_implementation_cmake: 1.0.4 (/opt/ros/foxy/share/rmw_implementation_cmake/cmake)
[0.460s] -- Using RMW implementation 'rmw_fastrtps_cpp' as default
[0.682s] -- Configuring done
[0.692s] -- Generating done
[0.694s] -- Build files have been written to: /home/uocav/ros-workspace/build/ros2_esp32
[0.828s] Invoked command in '/home/uocav/ros-workspace/build/ros2_esp32' returned '0': CMAKE_PREFIX_PATH=${CMAKE_PREFIX_PATH}:/home/uocav/ros-workspace/install/urdf_tutorial_r2d2:/opt/ros/foxy /usr/bin/cmake /home/uocav/ros-workspace/src/ros2_esp32 -DCMAKE_INSTALL_PREFIX=/home/uocav/ros-workspace/install/ros2_esp32
[0.831s] Invoking command in '/home/uocav/ros-workspace/build/ros2_esp32': CMAKE_PREFIX_PATH=${CMAKE_PREFIX_PATH}:/home/uocav/ros-workspace/install/urdf_tutorial_r2d2:/opt/ros/foxy /usr/bin/cmake --build /home/uocav/ros-workspace/build/ros2_esp32 -- -j6 -l6
[0.888s] [ 50%] Built target integer_publisher
[0.897s] [100%] Built target string_publisher
[0.911s] Invoked command in '/home/uocav/ros-workspace/build/ros2_esp32' returned '0': CMAKE_PREFIX_PATH=${CMAKE_PREFIX_PATH}:/home/uocav/ros-workspace/install/urdf_tutorial_r2d2:/opt/ros/foxy /usr/bin/cmake --build /home/uocav/ros-workspace/build/ros2_esp32 -- -j6 -l6
[0.944s] Invoking command in '/home/uocav/ros-workspace/build/ros2_esp32': CMAKE_PREFIX_PATH=${CMAKE_PREFIX_PATH}:/home/uocav/ros-workspace/install/urdf_tutorial_r2d2:/opt/ros/foxy /usr/bin/cmake --install /home/uocav/ros-workspace/build/ros2_esp32
[0.958s] -- Install configuration: "Release"
[0.959s] -- Execute custom install script
[0.959s] -- Up-to-date symlink: /home/uocav/ros-workspace/install/ros2_esp32/lib/ros2_esp32/integer_publisher
[0.959s] -- Up-to-date symlink: /home/uocav/ros-workspace/install/ros2_esp32/lib/ros2_esp32/string_publisher
[0.959s] -- Up-to-date symlink: /home/uocav/ros-workspace/install/ros2_esp32/share/ament_index/resource_index/package_run_dependencies/ros2_esp32
[0.960s] -- Up-to-date symlink: /home/uocav/ros-workspace/install/ros2_esp32/share/ament_index/resource_index/parent_prefix_path/ros2_esp32
[0.960s] -- Up-to-date symlink: /home/uocav/ros-workspace/install/ros2_esp32/share/ros2_esp32/environment/ament_prefix_path.sh
[0.961s] -- Up-to-date symlink: /home/uocav/ros-workspace/install/ros2_esp32/share/ros2_esp32/environment/ament_prefix_path.dsv
[0.961s] -- Up-to-date symlink: /home/uocav/ros-workspace/install/ros2_esp32/share/ros2_esp32/environment/path.sh
[0.961s] -- Up-to-date symlink: /home/uocav/ros-workspace/install/ros2_esp32/share/ros2_esp32/environment/path.dsv
[0.962s] -- Up-to-date symlink: /home/uocav/ros-workspace/install/ros2_esp32/share/ros2_esp32/local_setup.bash
[0.962s] -- Up-to-date symlink: /home/uocav/ros-workspace/install/ros2_esp32/share/ros2_esp32/local_setup.sh
[0.962s] -- Up-to-date symlink: /home/uocav/ros-workspace/install/ros2_esp32/share/ros2_esp32/local_setup.zsh
[0.962s] -- Up-to-date symlink: /home/uocav/ros-workspace/install/ros2_esp32/share/ros2_esp32/local_setup.dsv
[0.962s] -- Symlinking: /home/uocav/ros-workspace/install/ros2_esp32/share/ros2_esp32/package.dsv
[0.973s] -- Up-to-date symlink: /home/uocav/ros-workspace/install/ros2_esp32/share/ament_index/resource_index/packages/ros2_esp32
[0.973s] -- Up-to-date symlink: /home/uocav/ros-workspace/install/ros2_esp32/share/ros2_esp32/cmake/ros2_esp32Config.cmake
[0.973s] -- Up-to-date symlink: /home/uocav/ros-workspace/install/ros2_esp32/share/ros2_esp32/cmake/ros2_esp32Config-version.cmake
[0.973s] -- Up-to-date symlink: /home/uocav/ros-workspace/install/ros2_esp32/share/ros2_esp32/package.xml
[0.976s] Invoked command in '/home/uocav/ros-workspace/build/ros2_esp32' returned '0': CMAKE_PREFIX_PATH=${CMAKE_PREFIX_PATH}:/home/uocav/ros-workspace/install/urdf_tutorial_r2d2:/opt/ros/foxy /usr/bin/cmake --install /home/uocav/ros-workspace/build/ros2_esp32
