[0.063s] Invoking command in '/home/uocav/ros-workspace/build/lio_sam': CMAKE_PREFIX_PATH=${CMAKE_PREFIX_PATH}:/home/uocav/ros-workspace/install/urdf_tutorial_r2d2:/opt/ros/foxy /usr/bin/cmake --build /home/uocav/ros-workspace/build/lio_sam -- -j6 -l6
[0.102s] -- Found ament_cmake: 0.9.12 (/opt/ros/foxy/share/ament_cmake/cmake)
[0.129s] -- Found PythonInterp: /usr/bin/python3 (found suitable version "3.8.10", minimum required is "3") 
[0.129s] -- Using PYTHON_EXECUTABLE: /usr/bin/python3
[0.295s] -- Override CMake install command with custom implementation using symlinks instead of copying resources
[0.301s] -- Found rosidl_default_generators: 1.0.1 (/opt/ros/foxy/share/rosidl_default_generators/cmake)
[0.304s] -- Using all available rosidl_typesupport_c: rosidl_typesupport_fastrtps_c;rosidl_typesupport_introspection_c
[0.307s] -- Found rosidl_adapter: 1.3.1 (/opt/ros/foxy/share/rosidl_adapter/cmake)
[0.445s] -- Using all available rosidl_typesupport_cpp: rosidl_typesupport_fastrtps_cpp;rosidl_typesupport_introspection_cpp
[0.464s] -- Found rclcpp: 2.4.3 (/opt/ros/foxy/share/rclcpp/cmake)
[0.506s] -- Found rmw_implementation_cmake: 1.0.4 (/opt/ros/foxy/share/rmw_implementation_cmake/cmake)
[0.508s] -- Using RMW implementation 'rmw_fastrtps_cpp' as default
[0.633s] -- Found rclpy: 1.0.13 (/opt/ros/foxy/share/rclpy/cmake)
[0.633s] -- Found cv_bridge: 3.0.7 (/opt/ros/foxy/share/cv_bridge/cmake)
[0.759s] -- Found nav_msgs: 2.0.5 (/opt/ros/foxy/share/nav_msgs/cmake)
[0.822s] -- Found visualization_msgs: 2.0.5 (/opt/ros/foxy/share/visualization_msgs/cmake)
[0.885s] -- Found pcl_msgs: 1.0.0 (/opt/ros/foxy/share/pcl_msgs/cmake)
[0.990s] -- Found tf2: 0.13.14 (/opt/ros/foxy/share/tf2/cmake)
[0.998s] -- Found tf2_geometry_msgs: 0.13.14 (/opt/ros/foxy/share/tf2_geometry_msgs/cmake)
[1.003s] -- Found eigen3_cmake_module: 0.1.1 (/opt/ros/foxy/share/eigen3_cmake_module/cmake)
[1.334s] -- Found tf2_sensor_msgs: 0.13.14 (/opt/ros/foxy/share/tf2_sensor_msgs/cmake)
[1.348s] -- Found tf2_eigen: 0.13.14 (/opt/ros/foxy/share/tf2_eigen/cmake)
[1.376s] -- Found Eigen: /usr/include/eigen3 (Required is at least version "3.1") 
[1.376s] -- Eigen found (include: /usr/include/eigen3, version: 3.3.7)
[1.389s] -- Found Boost: /usr/include (found suitable version "1.71.0", minimum required is "1.55.0") found components: system filesystem date_time iostreams regex 
[1.465s] -- The imported target "vtkParseOGLExt" references the file
[1.466s]    "/usr/bin/vtkParseOGLExt-7.1"
[1.466s] but this file does not exist.  Possible reasons include:
[1.466s] * The file was deleted, renamed, or moved to another location.
[1.466s] * An install or uninstall procedure did not complete successfully.
[1.466s] * The installation package was faulty and contained
[1.466s]    "/usr/lib/cmake/vtk-7.1/VTKTargets.cmake"
[1.467s] but not all the files it references.
[1.467s] 
[1.467s] -- The imported target "vtkRenderingPythonTkWidgets" references the file
[1.467s]    "/usr/lib/x86_64-linux-gnu/libvtkRenderingPythonTkWidgets.so"
[1.467s] but this file does not exist.  Possible reasons include:
[1.467s] * The file was deleted, renamed, or moved to another location.
[1.467s] * An install or uninstall procedure did not complete successfully.
[1.468s] * The installation package was faulty and contained
[1.468s]    "/usr/lib/cmake/vtk-7.1/VTKTargets.cmake"
[1.468s] but not all the files it references.
[1.468s] 
[1.468s] -- The imported target "vtk" references the file
[1.468s]    "/usr/bin/vtk"
[1.468s] but this file does not exist.  Possible reasons include:
[1.468s] * The file was deleted, renamed, or moved to another location.
[1.468s] * An install or uninstall procedure did not complete successfully.
[1.468s] * The installation package was faulty and contained
[1.469s]    "/usr/lib/cmake/vtk-7.1/VTKTargets.cmake"
[1.469s] but not all the files it references.
[1.469s] 
[1.469s] -- The imported target "pvtk" references the file
[1.469s]    "/usr/bin/pvtk"
[1.469s] but this file does not exist.  Possible reasons include:
[1.469s] * The file was deleted, renamed, or moved to another location.
[1.469s] * An install or uninstall procedure did not complete successfully.
[1.469s] * The installation package was faulty and contained
[1.469s]    "/usr/lib/cmake/vtk-7.1/VTKTargets.cmake"
[1.469s] but not all the files it references.
[1.470s] 
[1.488s] -- OpenNI found (include: /usr/include/ni, lib: /usr/lib/libOpenNI.so)
[1.500s] -- OpenNI2 found (include: /usr/include/openni2, lib: /usr/lib/libOpenNI2.so)
[1.500s] ** WARNING ** io features related to pcap will be disabled
[1.501s] ** WARNING ** io features related to png will be disabled
[1.517s] ** WARNING ** io features related to libusb-1.0 will be disabled
[1.529s] -- OpenNI found (include: /usr/include/ni, lib: /usr/lib/libOpenNI.so)
[1.543s] -- OpenNI2 found (include: /usr/include/openni2, lib: /usr/lib/libOpenNI2.so)
[1.559s] -- QHULL found (include: /usr/include, lib: optimized;/usr/lib/x86_64-linux-gnu/libqhull.so;debug;/usr/lib/x86_64-linux-gnu/libqhull.so)
[1.572s] -- OpenNI found (include: /usr/include/ni, lib: /usr/lib/libOpenNI.so)
[1.584s] -- looking for PCL_COMMON
[1.585s] -- looking for PCL_KDTREE
[1.585s] -- looking for PCL_OCTREE
[1.585s] -- looking for PCL_SEARCH
[1.586s] -- looking for PCL_SAMPLE_CONSENSUS
[1.586s] -- looking for PCL_FILTERS
[1.587s] -- looking for PCL_2D
[1.587s] -- looking for PCL_GEOMETRY
[1.587s] -- looking for PCL_IO
[1.588s] -- looking for PCL_FEATURES
[1.588s] -- looking for PCL_ML
[1.589s] -- looking for PCL_SEGMENTATION
[1.589s] -- looking for PCL_VISUALIZATION
[1.590s] -- looking for PCL_SURFACE
[1.590s] -- looking for PCL_REGISTRATION
[1.591s] -- looking for PCL_KEYPOINTS
[1.591s] -- looking for PCL_TRACKING
[1.592s] -- looking for PCL_RECOGNITION
[1.593s] -- looking for PCL_STEREO
[1.593s] -- looking for PCL_APPS
[1.594s] -- looking for PCL_IN_HAND_SCANNER
[1.594s] -- looking for PCL_POINT_CLOUD_EDITOR
[1.595s] -- looking for PCL_OUTOFCORE
[1.595s] -- looking for PCL_PEOPLE
[1.612s] -- Found Boost: /usr/include (found suitable version "1.71.0", minimum required is "1.65") found components: serialization system filesystem thread program_options date_time timer chrono regex atomic 
[1.614s] -- GTSAM include directory:  /usr/lib/cmake/GTSAM/../../../include
[1.620s] -- Found Eigen: /usr/include/eigen3  
[1.620s] -- Eigen found (include: /usr/include/eigen3, version: 3.3.7)
[1.652s] -- Found PythonInterp: /usr/bin/python3 (found version "3.8.10") 
[1.853s] -- Found ament_cmake_ros: 0.9.2 (/opt/ros/foxy/share/ament_cmake_ros/cmake)
[2.154s] -- Using all available rosidl_typesupport_c: rosidl_typesupport_fastrtps_c;rosidl_typesupport_introspection_c
[2.291s] -- Using all available rosidl_typesupport_cpp: rosidl_typesupport_fastrtps_cpp;rosidl_typesupport_introspection_cpp
[2.324s] -- Found PythonInterp: /usr/bin/python3 (found suitable version "3.8.10", minimum required is "3.5") 
[2.324s] -- Found python_cmake_module: 0.8.1 (/opt/ros/foxy/share/python_cmake_module/cmake)
[2.360s] -- Using PYTHON_EXECUTABLE: /usr/bin/python3
[2.360s] -- Using PYTHON_INCLUDE_DIRS: /usr/include/python3.8
[2.361s] -- Using PYTHON_LIBRARIES: /usr/lib/x86_64-linux-gnu/libpython3.8.so
[2.470s] CMake Error at CMakeLists.txt:43 (rosidl_get_typesupport_target):
[2.470s]   Unknown CMake command "rosidl_get_typesupport_target".
[2.471s] 
[2.471s] 
[2.473s] -- Configuring incomplete, errors occurred!
[2.473s] See also "/home/uocav/ros-workspace/build/lio_sam/CMakeFiles/CMakeOutput.log".
[2.473s] See also "/home/uocav/ros-workspace/build/lio_sam/CMakeFiles/CMakeError.log".
[2.489s] make: *** [Makefile:1164: cmake_check_build_system] Error 1
