[1.758s] DEBUG:colcon:Command line arguments: ['/usr/bin/colcon', 'build', '--symlink-install', '--cmake-args', '-DCMAKE_BUILD_TYPE=Release']
[1.759s] DEBUG:colcon:Parsed command line arguments: Namespace(allow_overriding=[], ament_cmake_args=None, base_paths=['.'], build_base='build', catkin_cmake_args=None, catkin_skip_building_tests=False, cmake_args=['-DCMAKE_BUILD_TYPE=Release'], cmake_clean_cache=False, cmake_clean_first=False, cmake_force_configure=False, cmake_target=None, cmake_target_skip_unavailable=False, continue_on_error=False, event_handlers=None, executor='parallel', ignore_user_meta=False, install_base='install', log_base=None, log_level=None, main=<bound method BuildVerb.main of <colcon_core.verb.build.BuildVerb object at 0xffff9debc8b0>>, merge_install=False, metas=['./colcon.meta'], packages_above=None, packages_above_and_dependencies=None, packages_above_depth=None, packages_end=None, packages_ignore=None, packages_ignore_regex=None, packages_select=None, packages_select_build_failed=False, packages_select_by_dep=None, packages_select_regex=None, packages_select_test_failures=False, packages_skip=None, packages_skip_build_finished=False, packages_skip_by_dep=None, packages_skip_regex=None, packages_skip_test_passed=False, packages_skip_up_to=None, packages_start=None, packages_up_to=None, packages_up_to_regex=None, parallel_workers=6, paths=None, symlink_install=True, test_result_base=None, verb_extension=<colcon_core.verb.build.BuildVerb object at 0xffff9debc8b0>, verb_name='build', verb_parser=<colcon_defaults.argument_parser.defaults.DefaultArgumentsDecorator object at 0xffff9debce20>)
[1.921s] Level 1:colcon.colcon_core.package_discovery:discover_packages(colcon_meta) check parameters
[1.922s] Level 1:colcon.colcon_core.package_discovery:discover_packages(recursive) check parameters
[1.922s] Level 1:colcon.colcon_core.package_discovery:discover_packages(ignore) check parameters
[1.922s] Level 1:colcon.colcon_core.package_discovery:discover_packages(path) check parameters
[1.922s] Level 1:colcon.colcon_core.package_discovery:discover_packages(colcon_meta) discover
[1.923s] Level 1:colcon.colcon_core.package_discovery:discover_packages(recursive) discover
[1.923s] INFO:colcon.colcon_core.package_discovery:Crawling recursively for packages in '/home/jetson/ros-workspace'
[1.924s] Level 1:colcon.colcon_core.package_identification:_identify(.) by extensions ['ignore', 'ignore_ament_install']
[1.925s] Level 1:colcon.colcon_core.package_identification:_identify(.) by extension 'ignore'
[1.925s] Level 1:colcon.colcon_core.package_identification:_identify(.) by extension 'ignore_ament_install'
[1.925s] Level 1:colcon.colcon_core.package_identification:_identify(.) by extensions ['colcon_pkg']
[1.926s] Level 1:colcon.colcon_core.package_identification:_identify(.) by extension 'colcon_pkg'
[1.926s] Level 1:colcon.colcon_core.package_identification:_identify(.) by extensions ['colcon_meta']
[1.926s] Level 1:colcon.colcon_core.package_identification:_identify(.) by extension 'colcon_meta'
[1.927s] Level 1:colcon.colcon_core.package_identification:_identify(.) by extensions ['ros']
[1.927s] Level 1:colcon.colcon_core.package_identification:_identify(.) by extension 'ros'
[2.031s] Level 1:colcon.colcon_core.package_identification:_identify(.) by extensions ['cmake', 'python']
[2.031s] Level 1:colcon.colcon_core.package_identification:_identify(.) by extension 'cmake'
[2.032s] Level 1:colcon.colcon_core.package_identification:_identify(.) by extension 'python'
[2.032s] Level 1:colcon.colcon_core.package_identification:_identify(.) by extensions ['python_setup_py']
[2.032s] Level 1:colcon.colcon_core.package_identification:_identify(.) by extension 'python_setup_py'
[2.033s] Level 1:colcon.colcon_core.package_identification:_identify(build) by extensions ['ignore', 'ignore_ament_install']
[2.033s] Level 1:colcon.colcon_core.package_identification:_identify(build) by extension 'ignore'
[2.034s] Level 1:colcon.colcon_core.package_identification:_identify(build) ignored
[2.035s] Level 1:colcon.colcon_core.package_identification:_identify(install) by extensions ['ignore', 'ignore_ament_install']
[2.035s] Level 1:colcon.colcon_core.package_identification:_identify(install) by extension 'ignore'
[2.035s] Level 1:colcon.colcon_core.package_identification:_identify(install) ignored
[2.036s] Level 1:colcon.colcon_core.package_identification:_identify(launch) by extensions ['ignore', 'ignore_ament_install']
[2.036s] Level 1:colcon.colcon_core.package_identification:_identify(launch) by extension 'ignore'
[2.036s] Level 1:colcon.colcon_core.package_identification:_identify(launch) by extension 'ignore_ament_install'
[2.037s] Level 1:colcon.colcon_core.package_identification:_identify(launch) by extensions ['colcon_pkg']
[2.037s] Level 1:colcon.colcon_core.package_identification:_identify(launch) by extension 'colcon_pkg'
[2.037s] Level 1:colcon.colcon_core.package_identification:_identify(launch) by extensions ['colcon_meta']
[2.037s] Level 1:colcon.colcon_core.package_identification:_identify(launch) by extension 'colcon_meta'
[2.038s] Level 1:colcon.colcon_core.package_identification:_identify(launch) by extensions ['ros']
[2.038s] Level 1:colcon.colcon_core.package_identification:_identify(launch) by extension 'ros'
[2.038s] Level 1:colcon.colcon_core.package_identification:_identify(launch) by extensions ['cmake', 'python']
[2.039s] Level 1:colcon.colcon_core.package_identification:_identify(launch) by extension 'cmake'
[2.039s] Level 1:colcon.colcon_core.package_identification:_identify(launch) by extension 'python'
[2.039s] Level 1:colcon.colcon_core.package_identification:_identify(launch) by extensions ['python_setup_py']
[2.039s] Level 1:colcon.colcon_core.package_identification:_identify(launch) by extension 'python_setup_py'
[2.040s] Level 1:colcon.colcon_core.package_identification:_identify(log) by extensions ['ignore', 'ignore_ament_install']
[2.040s] Level 1:colcon.colcon_core.package_identification:_identify(log) by extension 'ignore'
[2.041s] Level 1:colcon.colcon_core.package_identification:_identify(log) ignored
[2.041s] Level 1:colcon.colcon_core.package_identification:_identify(rosbag2_2023_09_10-11_58_39) by extensions ['ignore', 'ignore_ament_install']
[2.042s] Level 1:colcon.colcon_core.package_identification:_identify(rosbag2_2023_09_10-11_58_39) by extension 'ignore'
[2.042s] Level 1:colcon.colcon_core.package_identification:_identify(rosbag2_2023_09_10-11_58_39) by extension 'ignore_ament_install'
[2.042s] Level 1:colcon.colcon_core.package_identification:_identify(rosbag2_2023_09_10-11_58_39) by extensions ['colcon_pkg']
[2.042s] Level 1:colcon.colcon_core.package_identification:_identify(rosbag2_2023_09_10-11_58_39) by extension 'colcon_pkg'
[2.043s] Level 1:colcon.colcon_core.package_identification:_identify(rosbag2_2023_09_10-11_58_39) by extensions ['colcon_meta']
[2.043s] Level 1:colcon.colcon_core.package_identification:_identify(rosbag2_2023_09_10-11_58_39) by extension 'colcon_meta'
[2.043s] Level 1:colcon.colcon_core.package_identification:_identify(rosbag2_2023_09_10-11_58_39) by extensions ['ros']
[2.043s] Level 1:colcon.colcon_core.package_identification:_identify(rosbag2_2023_09_10-11_58_39) by extension 'ros'
[2.044s] Level 1:colcon.colcon_core.package_identification:_identify(rosbag2_2023_09_10-11_58_39) by extensions ['cmake', 'python']
[2.044s] Level 1:colcon.colcon_core.package_identification:_identify(rosbag2_2023_09_10-11_58_39) by extension 'cmake'
[2.044s] Level 1:colcon.colcon_core.package_identification:_identify(rosbag2_2023_09_10-11_58_39) by extension 'python'
[2.044s] Level 1:colcon.colcon_core.package_identification:_identify(rosbag2_2023_09_10-11_58_39) by extensions ['python_setup_py']
[2.045s] Level 1:colcon.colcon_core.package_identification:_identify(rosbag2_2023_09_10-11_58_39) by extension 'python_setup_py'
[2.045s] Level 1:colcon.colcon_core.package_identification:_identify(src) by extensions ['ignore', 'ignore_ament_install']
[2.046s] Level 1:colcon.colcon_core.package_identification:_identify(src) by extension 'ignore'
[2.046s] Level 1:colcon.colcon_core.package_identification:_identify(src) by extension 'ignore_ament_install'
[2.046s] Level 1:colcon.colcon_core.package_identification:_identify(src) by extensions ['colcon_pkg']
[2.046s] Level 1:colcon.colcon_core.package_identification:_identify(src) by extension 'colcon_pkg'
[2.047s] Level 1:colcon.colcon_core.package_identification:_identify(src) by extensions ['colcon_meta']
[2.047s] Level 1:colcon.colcon_core.package_identification:_identify(src) by extension 'colcon_meta'
[2.047s] Level 1:colcon.colcon_core.package_identification:_identify(src) by extensions ['ros']
[2.047s] Level 1:colcon.colcon_core.package_identification:_identify(src) by extension 'ros'
[2.048s] Level 1:colcon.colcon_core.package_identification:_identify(src) by extensions ['cmake', 'python']
[2.048s] Level 1:colcon.colcon_core.package_identification:_identify(src) by extension 'cmake'
[2.048s] Level 1:colcon.colcon_core.package_identification:_identify(src) by extension 'python'
[2.048s] Level 1:colcon.colcon_core.package_identification:_identify(src) by extensions ['python_setup_py']
[2.049s] Level 1:colcon.colcon_core.package_identification:_identify(src) by extension 'python_setup_py'
[2.050s] Level 1:colcon.colcon_core.package_identification:_identify(src/micro_ros_setup) by extensions ['ignore', 'ignore_ament_install']
[2.050s] Level 1:colcon.colcon_core.package_identification:_identify(src/micro_ros_setup) by extension 'ignore'
[2.050s] Level 1:colcon.colcon_core.package_identification:_identify(src/micro_ros_setup) by extension 'ignore_ament_install'
[2.051s] Level 1:colcon.colcon_core.package_identification:_identify(src/micro_ros_setup) by extensions ['colcon_pkg']
[2.051s] Level 1:colcon.colcon_core.package_identification:_identify(src/micro_ros_setup) by extension 'colcon_pkg'
[2.051s] Level 1:colcon.colcon_core.package_identification:_identify(src/micro_ros_setup) by extensions ['colcon_meta']
[2.051s] Level 1:colcon.colcon_core.package_identification:_identify(src/micro_ros_setup) by extension 'colcon_meta'
[2.052s] Level 1:colcon.colcon_core.package_identification:_identify(src/micro_ros_setup) by extensions ['ros']
[2.052s] Level 1:colcon.colcon_core.package_identification:_identify(src/micro_ros_setup) by extension 'ros'
[2.068s] DEBUG:colcon.colcon_core.package_identification:Package 'src/micro_ros_setup' with type 'ros.ament_cmake' and name 'micro_ros_setup'
[2.069s] Level 1:colcon.colcon_core.package_identification:_identify(src/navigation) by extensions ['ignore', 'ignore_ament_install']
[2.069s] Level 1:colcon.colcon_core.package_identification:_identify(src/navigation) by extension 'ignore'
[2.070s] Level 1:colcon.colcon_core.package_identification:_identify(src/navigation) by extension 'ignore_ament_install'
[2.070s] Level 1:colcon.colcon_core.package_identification:_identify(src/navigation) by extensions ['colcon_pkg']
[2.070s] Level 1:colcon.colcon_core.package_identification:_identify(src/navigation) by extension 'colcon_pkg'
[2.071s] Level 1:colcon.colcon_core.package_identification:_identify(src/navigation) by extensions ['colcon_meta']
[2.071s] Level 1:colcon.colcon_core.package_identification:_identify(src/navigation) by extension 'colcon_meta'
[2.071s] Level 1:colcon.colcon_core.package_identification:_identify(src/navigation) by extensions ['ros']
[2.071s] Level 1:colcon.colcon_core.package_identification:_identify(src/navigation) by extension 'ros'
[2.074s] DEBUG:colcon.colcon_core.package_identification:Package 'src/navigation' with type 'ros.ament_cmake' and name 'navigation'
[2.075s] Level 1:colcon.colcon_core.package_identification:_identify(src/ouster-ros) by extensions ['ignore', 'ignore_ament_install']
[2.075s] Level 1:colcon.colcon_core.package_identification:_identify(src/ouster-ros) by extension 'ignore'
[2.076s] Level 1:colcon.colcon_core.package_identification:_identify(src/ouster-ros) by extension 'ignore_ament_install'
[2.076s] Level 1:colcon.colcon_core.package_identification:_identify(src/ouster-ros) by extensions ['colcon_pkg']
[2.076s] Level 1:colcon.colcon_core.package_identification:_identify(src/ouster-ros) by extension 'colcon_pkg'
[2.076s] Level 1:colcon.colcon_core.package_identification:_identify(src/ouster-ros) by extensions ['colcon_meta']
[2.077s] Level 1:colcon.colcon_core.package_identification:_identify(src/ouster-ros) by extension 'colcon_meta'
[2.077s] Level 1:colcon.colcon_core.package_identification:_identify(src/ouster-ros) by extensions ['ros']
[2.077s] Level 1:colcon.colcon_core.package_identification:_identify(src/ouster-ros) by extension 'ros'
[2.078s] Level 1:colcon.colcon_core.package_identification:_identify(src/ouster-ros) by extensions ['cmake', 'python']
[2.078s] Level 1:colcon.colcon_core.package_identification:_identify(src/ouster-ros) by extension 'cmake'
[2.078s] Level 1:colcon.colcon_core.package_identification:_identify(src/ouster-ros) by extension 'python'
[2.078s] Level 1:colcon.colcon_core.package_identification:_identify(src/ouster-ros) by extensions ['python_setup_py']
[2.079s] Level 1:colcon.colcon_core.package_identification:_identify(src/ouster-ros) by extension 'python_setup_py'
[2.080s] Level 1:colcon.colcon_core.package_identification:_identify(src/ouster-ros/docs) by extensions ['ignore', 'ignore_ament_install']
[2.080s] Level 1:colcon.colcon_core.package_identification:_identify(src/ouster-ros/docs) by extension 'ignore'
[2.080s] Level 1:colcon.colcon_core.package_identification:_identify(src/ouster-ros/docs) by extension 'ignore_ament_install'
[2.081s] Level 1:colcon.colcon_core.package_identification:_identify(src/ouster-ros/docs) by extensions ['colcon_pkg']
[2.081s] Level 1:colcon.colcon_core.package_identification:_identify(src/ouster-ros/docs) by extension 'colcon_pkg'
[2.081s] Level 1:colcon.colcon_core.package_identification:_identify(src/ouster-ros/docs) by extensions ['colcon_meta']
[2.081s] Level 1:colcon.colcon_core.package_identification:_identify(src/ouster-ros/docs) by extension 'colcon_meta'
[2.082s] Level 1:colcon.colcon_core.package_identification:_identify(src/ouster-ros/docs) by extensions ['ros']
[2.082s] Level 1:colcon.colcon_core.package_identification:_identify(src/ouster-ros/docs) by extension 'ros'
[2.082s] Level 1:colcon.colcon_core.package_identification:_identify(src/ouster-ros/docs) by extensions ['cmake', 'python']
[2.083s] Level 1:colcon.colcon_core.package_identification:_identify(src/ouster-ros/docs) by extension 'cmake'
[2.083s] Level 1:colcon.colcon_core.package_identification:_identify(src/ouster-ros/docs) by extension 'python'
[2.083s] Level 1:colcon.colcon_core.package_identification:_identify(src/ouster-ros/docs) by extensions ['python_setup_py']
[2.083s] Level 1:colcon.colcon_core.package_identification:_identify(src/ouster-ros/docs) by extension 'python_setup_py'
[2.084s] Level 1:colcon.colcon_core.package_identification:_identify(src/ouster-ros/docs/images) by extensions ['ignore', 'ignore_ament_install']
[2.085s] Level 1:colcon.colcon_core.package_identification:_identify(src/ouster-ros/docs/images) by extension 'ignore'
[2.085s] Level 1:colcon.colcon_core.package_identification:_identify(src/ouster-ros/docs/images) by extension 'ignore_ament_install'
[2.085s] Level 1:colcon.colcon_core.package_identification:_identify(src/ouster-ros/docs/images) by extensions ['colcon_pkg']
[2.085s] Level 1:colcon.colcon_core.package_identification:_identify(src/ouster-ros/docs/images) by extension 'colcon_pkg'
[2.086s] Level 1:colcon.colcon_core.package_identification:_identify(src/ouster-ros/docs/images) by extensions ['colcon_meta']
[2.086s] Level 1:colcon.colcon_core.package_identification:_identify(src/ouster-ros/docs/images) by extension 'colcon_meta'
[2.086s] Level 1:colcon.colcon_core.package_identification:_identify(src/ouster-ros/docs/images) by extensions ['ros']
[2.086s] Level 1:colcon.colcon_core.package_identification:_identify(src/ouster-ros/docs/images) by extension 'ros'
[2.087s] Level 1:colcon.colcon_core.package_identification:_identify(src/ouster-ros/docs/images) by extensions ['cmake', 'python']
[2.087s] Level 1:colcon.colcon_core.package_identification:_identify(src/ouster-ros/docs/images) by extension 'cmake'
[2.087s] Level 1:colcon.colcon_core.package_identification:_identify(src/ouster-ros/docs/images) by extension 'python'
[2.088s] Level 1:colcon.colcon_core.package_identification:_identify(src/ouster-ros/docs/images) by extensions ['python_setup_py']
[2.088s] Level 1:colcon.colcon_core.package_identification:_identify(src/ouster-ros/docs/images) by extension 'python_setup_py'
[2.089s] Level 1:colcon.colcon_core.package_identification:_identify(src/ouster-ros/ouster-msgs) by extensions ['ignore', 'ignore_ament_install']
[2.089s] Level 1:colcon.colcon_core.package_identification:_identify(src/ouster-ros/ouster-msgs) by extension 'ignore'
[2.089s] Level 1:colcon.colcon_core.package_identification:_identify(src/ouster-ros/ouster-msgs) by extension 'ignore_ament_install'
[2.090s] Level 1:colcon.colcon_core.package_identification:_identify(src/ouster-ros/ouster-msgs) by extensions ['colcon_pkg']
[2.090s] Level 1:colcon.colcon_core.package_identification:_identify(src/ouster-ros/ouster-msgs) by extension 'colcon_pkg'
[2.090s] Level 1:colcon.colcon_core.package_identification:_identify(src/ouster-ros/ouster-msgs) by extensions ['colcon_meta']
[2.090s] Level 1:colcon.colcon_core.package_identification:_identify(src/ouster-ros/ouster-msgs) by extension 'colcon_meta'
[2.090s] Level 1:colcon.colcon_core.package_identification:_identify(src/ouster-ros/ouster-msgs) by extensions ['ros']
[2.091s] Level 1:colcon.colcon_core.package_identification:_identify(src/ouster-ros/ouster-msgs) by extension 'ros'
[2.093s] DEBUG:colcon.colcon_core.package_identification:Package 'src/ouster-ros/ouster-msgs' with type 'ros.ament_cmake' and name 'ouster_msgs'
[2.094s] Level 1:colcon.colcon_core.package_identification:_identify(src/ouster-ros/ouster-ros) by extensions ['ignore', 'ignore_ament_install']
[2.094s] Level 1:colcon.colcon_core.package_identification:_identify(src/ouster-ros/ouster-ros) by extension 'ignore'
[2.095s] Level 1:colcon.colcon_core.package_identification:_identify(src/ouster-ros/ouster-ros) by extension 'ignore_ament_install'
[2.095s] Level 1:colcon.colcon_core.package_identification:_identify(src/ouster-ros/ouster-ros) by extensions ['colcon_pkg']
[2.095s] Level 1:colcon.colcon_core.package_identification:_identify(src/ouster-ros/ouster-ros) by extension 'colcon_pkg'
[2.096s] Level 1:colcon.colcon_core.package_identification:_identify(src/ouster-ros/ouster-ros) by extensions ['colcon_meta']
[2.096s] Level 1:colcon.colcon_core.package_identification:_identify(src/ouster-ros/ouster-ros) by extension 'colcon_meta'
[2.096s] Level 1:colcon.colcon_core.package_identification:_identify(src/ouster-ros/ouster-ros) by extensions ['ros']
[2.096s] Level 1:colcon.colcon_core.package_identification:_identify(src/ouster-ros/ouster-ros) by extension 'ros'
[2.105s] DEBUG:colcon.colcon_core.package_identification:Package 'src/ouster-ros/ouster-ros' with type 'ros.ament_cmake' and name 'ouster_ros'
[2.106s] Level 1:colcon.colcon_core.package_identification:_identify(src/ouster-ros/ouster-srvs) by extensions ['ignore', 'ignore_ament_install']
[2.107s] Level 1:colcon.colcon_core.package_identification:_identify(src/ouster-ros/ouster-srvs) by extension 'ignore'
[2.107s] Level 1:colcon.colcon_core.package_identification:_identify(src/ouster-ros/ouster-srvs) by extension 'ignore_ament_install'
[2.107s] Level 1:colcon.colcon_core.package_identification:_identify(src/ouster-ros/ouster-srvs) by extensions ['colcon_pkg']
[2.107s] Level 1:colcon.colcon_core.package_identification:_identify(src/ouster-ros/ouster-srvs) by extension 'colcon_pkg'
[2.108s] Level 1:colcon.colcon_core.package_identification:_identify(src/ouster-ros/ouster-srvs) by extensions ['colcon_meta']
[2.108s] Level 1:colcon.colcon_core.package_identification:_identify(src/ouster-ros/ouster-srvs) by extension 'colcon_meta'
[2.108s] Level 1:colcon.colcon_core.package_identification:_identify(src/ouster-ros/ouster-srvs) by extensions ['ros']
[2.108s] Level 1:colcon.colcon_core.package_identification:_identify(src/ouster-ros/ouster-srvs) by extension 'ros'
[2.111s] DEBUG:colcon.colcon_core.package_identification:Package 'src/ouster-ros/ouster-srvs' with type 'ros.ament_cmake' and name 'ouster_srvs'
[2.112s] Level 1:colcon.colcon_core.package_identification:_identify(src/pointcloud_to_laser) by extensions ['ignore', 'ignore_ament_install']
[2.112s] Level 1:colcon.colcon_core.package_identification:_identify(src/pointcloud_to_laser) by extension 'ignore'
[2.113s] Level 1:colcon.colcon_core.package_identification:_identify(src/pointcloud_to_laser) by extension 'ignore_ament_install'
[2.113s] Level 1:colcon.colcon_core.package_identification:_identify(src/pointcloud_to_laser) by extensions ['colcon_pkg']
[2.113s] Level 1:colcon.colcon_core.package_identification:_identify(src/pointcloud_to_laser) by extension 'colcon_pkg'
[2.114s] Level 1:colcon.colcon_core.package_identification:_identify(src/pointcloud_to_laser) by extensions ['colcon_meta']
[2.114s] Level 1:colcon.colcon_core.package_identification:_identify(src/pointcloud_to_laser) by extension 'colcon_meta'
[2.114s] Level 1:colcon.colcon_core.package_identification:_identify(src/pointcloud_to_laser) by extensions ['ros']
[2.114s] Level 1:colcon.colcon_core.package_identification:_identify(src/pointcloud_to_laser) by extension 'ros'
[2.122s] DEBUG:colcon.colcon_core.package_identification:Package 'src/pointcloud_to_laser' with type 'ros.ament_cmake' and name 'pointcloud_to_laserscan'
[2.123s] Level 1:colcon.colcon_core.package_identification:_identify(src/ros2_esp32) by extensions ['ignore', 'ignore_ament_install']
[2.123s] Level 1:colcon.colcon_core.package_identification:_identify(src/ros2_esp32) by extension 'ignore'
[2.124s] Level 1:colcon.colcon_core.package_identification:_identify(src/ros2_esp32) by extension 'ignore_ament_install'
[2.124s] Level 1:colcon.colcon_core.package_identification:_identify(src/ros2_esp32) by extensions ['colcon_pkg']
[2.124s] Level 1:colcon.colcon_core.package_identification:_identify(src/ros2_esp32) by extension 'colcon_pkg'
[2.125s] Level 1:colcon.colcon_core.package_identification:_identify(src/ros2_esp32) by extensions ['colcon_meta']
[2.125s] Level 1:colcon.colcon_core.package_identification:_identify(src/ros2_esp32) by extension 'colcon_meta'
[2.125s] Level 1:colcon.colcon_core.package_identification:_identify(src/ros2_esp32) by extensions ['ros']
[2.125s] Level 1:colcon.colcon_core.package_identification:_identify(src/ros2_esp32) by extension 'ros'
[2.129s] DEBUG:colcon.colcon_core.package_identification:Package 'src/ros2_esp32' with type 'ros.ament_cmake' and name 'ros2_esp32'
[2.130s] Level 1:colcon.colcon_core.package_identification:_identify(src/sbg_ros2_driver) by extensions ['ignore', 'ignore_ament_install']
[2.131s] Level 1:colcon.colcon_core.package_identification:_identify(src/sbg_ros2_driver) by extension 'ignore'
[2.131s] Level 1:colcon.colcon_core.package_identification:_identify(src/sbg_ros2_driver) by extension 'ignore_ament_install'
[2.132s] Level 1:colcon.colcon_core.package_identification:_identify(src/sbg_ros2_driver) by extensions ['colcon_pkg']
[2.132s] Level 1:colcon.colcon_core.package_identification:_identify(src/sbg_ros2_driver) by extension 'colcon_pkg'
[2.132s] Level 1:colcon.colcon_core.package_identification:_identify(src/sbg_ros2_driver) by extensions ['colcon_meta']
[2.132s] Level 1:colcon.colcon_core.package_identification:_identify(src/sbg_ros2_driver) by extension 'colcon_meta'
[2.133s] Level 1:colcon.colcon_core.package_identification:_identify(src/sbg_ros2_driver) by extensions ['ros']
[2.133s] Level 1:colcon.colcon_core.package_identification:_identify(src/sbg_ros2_driver) by extension 'ros'
[2.140s] DEBUG:colcon.colcon_core.package_identification:Package 'src/sbg_ros2_driver' with type 'ros.ament_cmake' and name 'sbg_driver'
[2.141s] Level 1:colcon.colcon_core.package_discovery:discover_packages(recursive) using defaults
[2.141s] Level 1:colcon.colcon_core.package_discovery:discover_packages(ignore) discover
[2.141s] Level 1:colcon.colcon_core.package_discovery:discover_packages(ignore) using defaults
[2.142s] Level 1:colcon.colcon_core.package_discovery:discover_packages(path) discover
[2.142s] Level 1:colcon.colcon_core.package_discovery:discover_packages(path) using defaults
[2.256s] Level 1:colcon.colcon_core.package_discovery:discover_packages(prefix_path) check parameters
[2.256s] Level 1:colcon.colcon_core.package_discovery:discover_packages(prefix_path) discover
[2.276s] DEBUG:colcon.colcon_installed_package_information.package_discovery:Found 8 installed packages in /home/jetson/ros-workspace/install
[2.289s] DEBUG:colcon.colcon_installed_package_information.package_discovery:Found 293 installed packages in /opt/ros/foxy
[2.300s] Level 1:colcon.colcon_core.package_discovery:discover_packages(prefix_path) using defaults
[2.716s] Level 5:colcon.colcon_core.verb:set package 'micro_ros_setup' build argument 'cmake_args' from command line to '['-DCMAKE_BUILD_TYPE=Release']'
[2.717s] Level 5:colcon.colcon_core.verb:set package 'micro_ros_setup' build argument 'cmake_target' from command line to 'None'
[2.717s] Level 5:colcon.colcon_core.verb:set package 'micro_ros_setup' build argument 'cmake_target_skip_unavailable' from command line to 'False'
[2.717s] Level 5:colcon.colcon_core.verb:set package 'micro_ros_setup' build argument 'cmake_clean_cache' from command line to 'False'
[2.717s] Level 5:colcon.colcon_core.verb:set package 'micro_ros_setup' build argument 'cmake_clean_first' from command line to 'False'
[2.718s] Level 5:colcon.colcon_core.verb:set package 'micro_ros_setup' build argument 'cmake_force_configure' from command line to 'False'
[2.718s] Level 5:colcon.colcon_core.verb:set package 'micro_ros_setup' build argument 'ament_cmake_args' from command line to 'None'
[2.718s] Level 5:colcon.colcon_core.verb:set package 'micro_ros_setup' build argument 'catkin_cmake_args' from command line to 'None'
[2.718s] Level 5:colcon.colcon_core.verb:set package 'micro_ros_setup' build argument 'catkin_skip_building_tests' from command line to 'False'
[2.718s] DEBUG:colcon.colcon_core.verb:Building package 'micro_ros_setup' with the following arguments: {'ament_cmake_args': None, 'build_base': '/home/jetson/ros-workspace/build/micro_ros_setup', 'catkin_cmake_args': None, 'catkin_skip_building_tests': False, 'cmake_args': ['-DCMAKE_BUILD_TYPE=Release'], 'cmake_clean_cache': False, 'cmake_clean_first': False, 'cmake_force_configure': False, 'cmake_target': None, 'cmake_target_skip_unavailable': False, 'install_base': '/home/jetson/ros-workspace/install/micro_ros_setup', 'merge_install': False, 'path': '/home/jetson/ros-workspace/src/micro_ros_setup', 'symlink_install': True, 'test_result_base': None}
[2.723s] Level 5:colcon.colcon_core.verb:set package 'navigation' build argument 'cmake_args' from command line to '['-DCMAKE_BUILD_TYPE=Release']'
[2.724s] Level 5:colcon.colcon_core.verb:set package 'navigation' build argument 'cmake_target' from command line to 'None'
[2.724s] Level 5:colcon.colcon_core.verb:set package 'navigation' build argument 'cmake_target_skip_unavailable' from command line to 'False'
[2.724s] Level 5:colcon.colcon_core.verb:set package 'navigation' build argument 'cmake_clean_cache' from command line to 'False'
[2.724s] Level 5:colcon.colcon_core.verb:set package 'navigation' build argument 'cmake_clean_first' from command line to 'False'
[2.724s] Level 5:colcon.colcon_core.verb:set package 'navigation' build argument 'cmake_force_configure' from command line to 'False'
[2.724s] Level 5:colcon.colcon_core.verb:set package 'navigation' build argument 'ament_cmake_args' from command line to 'None'
[2.725s] Level 5:colcon.colcon_core.verb:set package 'navigation' build argument 'catkin_cmake_args' from command line to 'None'
[2.725s] Level 5:colcon.colcon_core.verb:set package 'navigation' build argument 'catkin_skip_building_tests' from command line to 'False'
[2.725s] DEBUG:colcon.colcon_core.verb:Building package 'navigation' with the following arguments: {'ament_cmake_args': None, 'build_base': '/home/jetson/ros-workspace/build/navigation', 'catkin_cmake_args': None, 'catkin_skip_building_tests': False, 'cmake_args': ['-DCMAKE_BUILD_TYPE=Release'], 'cmake_clean_cache': False, 'cmake_clean_first': False, 'cmake_force_configure': False, 'cmake_target': None, 'cmake_target_skip_unavailable': False, 'install_base': '/home/jetson/ros-workspace/install/navigation', 'merge_install': False, 'path': '/home/jetson/ros-workspace/src/navigation', 'symlink_install': True, 'test_result_base': None}
[2.730s] Level 5:colcon.colcon_core.verb:set package 'ouster_msgs' build argument 'cmake_args' from command line to '['-DCMAKE_BUILD_TYPE=Release']'
[2.730s] Level 5:colcon.colcon_core.verb:set package 'ouster_msgs' build argument 'cmake_target' from command line to 'None'
[2.730s] Level 5:colcon.colcon_core.verb:set package 'ouster_msgs' build argument 'cmake_target_skip_unavailable' from command line to 'False'
[2.731s] Level 5:colcon.colcon_core.verb:set package 'ouster_msgs' build argument 'cmake_clean_cache' from command line to 'False'
[2.731s] Level 5:colcon.colcon_core.verb:set package 'ouster_msgs' build argument 'cmake_clean_first' from command line to 'False'
[2.731s] Level 5:colcon.colcon_core.verb:set package 'ouster_msgs' build argument 'cmake_force_configure' from command line to 'False'
[2.731s] Level 5:colcon.colcon_core.verb:set package 'ouster_msgs' build argument 'ament_cmake_args' from command line to 'None'
[2.731s] Level 5:colcon.colcon_core.verb:set package 'ouster_msgs' build argument 'catkin_cmake_args' from command line to 'None'
[2.731s] Level 5:colcon.colcon_core.verb:set package 'ouster_msgs' build argument 'catkin_skip_building_tests' from command line to 'False'
[2.732s] DEBUG:colcon.colcon_core.verb:Building package 'ouster_msgs' with the following arguments: {'ament_cmake_args': None, 'build_base': '/home/jetson/ros-workspace/build/ouster_msgs', 'catkin_cmake_args': None, 'catkin_skip_building_tests': False, 'cmake_args': ['-DCMAKE_BUILD_TYPE=Release'], 'cmake_clean_cache': False, 'cmake_clean_first': False, 'cmake_force_configure': False, 'cmake_target': None, 'cmake_target_skip_unavailable': False, 'install_base': '/home/jetson/ros-workspace/install/ouster_msgs', 'merge_install': False, 'path': '/home/jetson/ros-workspace/src/ouster-ros/ouster-msgs', 'symlink_install': True, 'test_result_base': None}
[2.737s] Level 5:colcon.colcon_core.verb:set package 'ouster_srvs' build argument 'cmake_args' from command line to '['-DCMAKE_BUILD_TYPE=Release']'
[2.737s] Level 5:colcon.colcon_core.verb:set package 'ouster_srvs' build argument 'cmake_target' from command line to 'None'
[2.737s] Level 5:colcon.colcon_core.verb:set package 'ouster_srvs' build argument 'cmake_target_skip_unavailable' from command line to 'False'
[2.737s] Level 5:colcon.colcon_core.verb:set package 'ouster_srvs' build argument 'cmake_clean_cache' from command line to 'False'
[2.737s] Level 5:colcon.colcon_core.verb:set package 'ouster_srvs' build argument 'cmake_clean_first' from command line to 'False'
[2.737s] Level 5:colcon.colcon_core.verb:set package 'ouster_srvs' build argument 'cmake_force_configure' from command line to 'False'
[2.738s] Level 5:colcon.colcon_core.verb:set package 'ouster_srvs' build argument 'ament_cmake_args' from command line to 'None'
[2.738s] Level 5:colcon.colcon_core.verb:set package 'ouster_srvs' build argument 'catkin_cmake_args' from command line to 'None'
[2.738s] Level 5:colcon.colcon_core.verb:set package 'ouster_srvs' build argument 'catkin_skip_building_tests' from command line to 'False'
[2.738s] DEBUG:colcon.colcon_core.verb:Building package 'ouster_srvs' with the following arguments: {'ament_cmake_args': None, 'build_base': '/home/jetson/ros-workspace/build/ouster_srvs', 'catkin_cmake_args': None, 'catkin_skip_building_tests': False, 'cmake_args': ['-DCMAKE_BUILD_TYPE=Release'], 'cmake_clean_cache': False, 'cmake_clean_first': False, 'cmake_force_configure': False, 'cmake_target': None, 'cmake_target_skip_unavailable': False, 'install_base': '/home/jetson/ros-workspace/install/ouster_srvs', 'merge_install': False, 'path': '/home/jetson/ros-workspace/src/ouster-ros/ouster-srvs', 'symlink_install': True, 'test_result_base': None}
[2.743s] Level 5:colcon.colcon_core.verb:set package 'pointcloud_to_laserscan' build argument 'cmake_args' from command line to '['-DCMAKE_BUILD_TYPE=Release']'
[2.744s] Level 5:colcon.colcon_core.verb:set package 'pointcloud_to_laserscan' build argument 'cmake_target' from command line to 'None'
[2.744s] Level 5:colcon.colcon_core.verb:set package 'pointcloud_to_laserscan' build argument 'cmake_target_skip_unavailable' from command line to 'False'
[2.744s] Level 5:colcon.colcon_core.verb:set package 'pointcloud_to_laserscan' build argument 'cmake_clean_cache' from command line to 'False'
[2.744s] Level 5:colcon.colcon_core.verb:set package 'pointcloud_to_laserscan' build argument 'cmake_clean_first' from command line to 'False'
[2.744s] Level 5:colcon.colcon_core.verb:set package 'pointcloud_to_laserscan' build argument 'cmake_force_configure' from command line to 'False'
[2.744s] Level 5:colcon.colcon_core.verb:set package 'pointcloud_to_laserscan' build argument 'ament_cmake_args' from command line to 'None'
[2.745s] Level 5:colcon.colcon_core.verb:set package 'pointcloud_to_laserscan' build argument 'catkin_cmake_args' from command line to 'None'
[2.745s] Level 5:colcon.colcon_core.verb:set package 'pointcloud_to_laserscan' build argument 'catkin_skip_building_tests' from command line to 'False'
[2.745s] DEBUG:colcon.colcon_core.verb:Building package 'pointcloud_to_laserscan' with the following arguments: {'ament_cmake_args': None, 'build_base': '/home/jetson/ros-workspace/build/pointcloud_to_laserscan', 'catkin_cmake_args': None, 'catkin_skip_building_tests': False, 'cmake_args': ['-DCMAKE_BUILD_TYPE=Release'], 'cmake_clean_cache': False, 'cmake_clean_first': False, 'cmake_force_configure': False, 'cmake_target': None, 'cmake_target_skip_unavailable': False, 'install_base': '/home/jetson/ros-workspace/install/pointcloud_to_laserscan', 'merge_install': False, 'path': '/home/jetson/ros-workspace/src/pointcloud_to_laser', 'symlink_install': True, 'test_result_base': None}
[2.750s] Level 5:colcon.colcon_core.verb:set package 'ros2_esp32' build argument 'cmake_args' from command line to '['-DCMAKE_BUILD_TYPE=Release']'
[2.750s] Level 5:colcon.colcon_core.verb:set package 'ros2_esp32' build argument 'cmake_target' from command line to 'None'
[2.750s] Level 5:colcon.colcon_core.verb:set package 'ros2_esp32' build argument 'cmake_target_skip_unavailable' from command line to 'False'
[2.751s] Level 5:colcon.colcon_core.verb:set package 'ros2_esp32' build argument 'cmake_clean_cache' from command line to 'False'
[2.751s] Level 5:colcon.colcon_core.verb:set package 'ros2_esp32' build argument 'cmake_clean_first' from command line to 'False'
[2.751s] Level 5:colcon.colcon_core.verb:set package 'ros2_esp32' build argument 'cmake_force_configure' from command line to 'False'
[2.751s] Level 5:colcon.colcon_core.verb:set package 'ros2_esp32' build argument 'ament_cmake_args' from command line to 'None'
[2.751s] Level 5:colcon.colcon_core.verb:set package 'ros2_esp32' build argument 'catkin_cmake_args' from command line to 'None'
[2.751s] Level 5:colcon.colcon_core.verb:set package 'ros2_esp32' build argument 'catkin_skip_building_tests' from command line to 'False'
[2.752s] DEBUG:colcon.colcon_core.verb:Building package 'ros2_esp32' with the following arguments: {'ament_cmake_args': None, 'build_base': '/home/jetson/ros-workspace/build/ros2_esp32', 'catkin_cmake_args': None, 'catkin_skip_building_tests': False, 'cmake_args': ['-DCMAKE_BUILD_TYPE=Release'], 'cmake_clean_cache': False, 'cmake_clean_first': False, 'cmake_force_configure': False, 'cmake_target': None, 'cmake_target_skip_unavailable': False, 'install_base': '/home/jetson/ros-workspace/install/ros2_esp32', 'merge_install': False, 'path': '/home/jetson/ros-workspace/src/ros2_esp32', 'symlink_install': True, 'test_result_base': None}
[2.757s] Level 5:colcon.colcon_core.verb:set package 'sbg_driver' build argument 'cmake_args' from command line to '['-DCMAKE_BUILD_TYPE=Release']'
[2.757s] Level 5:colcon.colcon_core.verb:set package 'sbg_driver' build argument 'cmake_target' from command line to 'None'
[2.757s] Level 5:colcon.colcon_core.verb:set package 'sbg_driver' build argument 'cmake_target_skip_unavailable' from command line to 'False'
[2.757s] Level 5:colcon.colcon_core.verb:set package 'sbg_driver' build argument 'cmake_clean_cache' from command line to 'False'
[2.758s] Level 5:colcon.colcon_core.verb:set package 'sbg_driver' build argument 'cmake_clean_first' from command line to 'False'
[2.758s] Level 5:colcon.colcon_core.verb:set package 'sbg_driver' build argument 'cmake_force_configure' from command line to 'False'
[2.758s] Level 5:colcon.colcon_core.verb:set package 'sbg_driver' build argument 'ament_cmake_args' from command line to 'None'
[2.758s] Level 5:colcon.colcon_core.verb:set package 'sbg_driver' build argument 'catkin_cmake_args' from command line to 'None'
[2.758s] Level 5:colcon.colcon_core.verb:set package 'sbg_driver' build argument 'catkin_skip_building_tests' from command line to 'False'
[2.758s] DEBUG:colcon.colcon_core.verb:Building package 'sbg_driver' with the following arguments: {'ament_cmake_args': None, 'build_base': '/home/jetson/ros-workspace/build/sbg_driver', 'catkin_cmake_args': None, 'catkin_skip_building_tests': False, 'cmake_args': ['-DCMAKE_BUILD_TYPE=Release'], 'cmake_clean_cache': False, 'cmake_clean_first': False, 'cmake_force_configure': False, 'cmake_target': None, 'cmake_target_skip_unavailable': False, 'install_base': '/home/jetson/ros-workspace/install/sbg_driver', 'merge_install': False, 'path': '/home/jetson/ros-workspace/src/sbg_ros2_driver', 'symlink_install': True, 'test_result_base': None}
[2.763s] Level 5:colcon.colcon_core.verb:set package 'ouster_ros' build argument 'cmake_args' from command line to '['-DCMAKE_BUILD_TYPE=Release']'
[2.764s] Level 5:colcon.colcon_core.verb:set package 'ouster_ros' build argument 'cmake_target' from command line to 'None'
[2.764s] Level 5:colcon.colcon_core.verb:set package 'ouster_ros' build argument 'cmake_target_skip_unavailable' from command line to 'False'
[2.764s] Level 5:colcon.colcon_core.verb:set package 'ouster_ros' build argument 'cmake_clean_cache' from command line to 'False'
[2.764s] Level 5:colcon.colcon_core.verb:set package 'ouster_ros' build argument 'cmake_clean_first' from command line to 'False'
[2.764s] Level 5:colcon.colcon_core.verb:set package 'ouster_ros' build argument 'cmake_force_configure' from command line to 'False'
[2.764s] Level 5:colcon.colcon_core.verb:set package 'ouster_ros' build argument 'ament_cmake_args' from command line to 'None'
[2.765s] Level 5:colcon.colcon_core.verb:set package 'ouster_ros' build argument 'catkin_cmake_args' from command line to 'None'
[2.765s] Level 5:colcon.colcon_core.verb:set package 'ouster_ros' build argument 'catkin_skip_building_tests' from command line to 'False'
[2.765s] DEBUG:colcon.colcon_core.verb:Building package 'ouster_ros' with the following arguments: {'ament_cmake_args': None, 'build_base': '/home/jetson/ros-workspace/build/ouster_ros', 'catkin_cmake_args': None, 'catkin_skip_building_tests': False, 'cmake_args': ['-DCMAKE_BUILD_TYPE=Release'], 'cmake_clean_cache': False, 'cmake_clean_first': False, 'cmake_force_configure': False, 'cmake_target': None, 'cmake_target_skip_unavailable': False, 'install_base': '/home/jetson/ros-workspace/install/ouster_ros', 'merge_install': False, 'path': '/home/jetson/ros-workspace/src/ouster-ros/ouster-ros', 'symlink_install': True, 'test_result_base': None}
[2.769s] INFO:colcon.colcon_core.executor:Executing jobs using 'parallel' executor
[2.789s] DEBUG:colcon.colcon_parallel_executor.executor.parallel:run_until_complete
[2.791s] INFO:colcon.colcon_ros.task.ament_cmake.build:Building ROS package in '/home/jetson/ros-workspace/src/ouster-ros/ouster-msgs' with build type 'ament_cmake'
[2.792s] INFO:colcon.colcon_cmake.task.cmake.build:Building CMake package in '/home/jetson/ros-workspace/src/ouster-ros/ouster-msgs'
[2.821s] INFO:colcon.colcon_core.plugin_system:Skipping extension 'colcon_core.shell.bat': Not used on non-Windows systems
[2.822s] INFO:colcon.colcon_core.shell:Skip shell extension 'powershell' for command environment: Not usable outside of PowerShell
[2.822s] DEBUG:colcon.colcon_core.shell:Skip shell extension 'dsv' for command environment
[2.862s] INFO:colcon.colcon_ros.task.ament_cmake.build:Building ROS package in '/home/jetson/ros-workspace/src/ouster-ros/ouster-srvs' with build type 'ament_cmake'
[2.865s] INFO:colcon.colcon_cmake.task.cmake.build:Building CMake package in '/home/jetson/ros-workspace/src/ouster-ros/ouster-srvs'
[2.879s] INFO:colcon.colcon_core.shell:Skip shell extension 'powershell' for command environment: Not usable outside of PowerShell
[2.880s] DEBUG:colcon.colcon_core.shell:Skip shell extension 'dsv' for command environment
[2.928s] INFO:colcon.colcon_ros.task.ament_cmake.build:Building ROS package in '/home/jetson/ros-workspace/src/micro_ros_setup' with build type 'ament_cmake'
[2.932s] INFO:colcon.colcon_cmake.task.cmake.build:Building CMake package in '/home/jetson/ros-workspace/src/micro_ros_setup'
[2.947s] INFO:colcon.colcon_core.shell:Skip shell extension 'powershell' for command environment: Not usable outside of PowerShell
[2.948s] DEBUG:colcon.colcon_core.shell:Skip shell extension 'dsv' for command environment
[2.992s] INFO:colcon.colcon_ros.task.ament_cmake.build:Building ROS package in '/home/jetson/ros-workspace/src/navigation' with build type 'ament_cmake'
[2.995s] INFO:colcon.colcon_cmake.task.cmake.build:Building CMake package in '/home/jetson/ros-workspace/src/navigation'
[3.009s] INFO:colcon.colcon_core.shell:Skip shell extension 'powershell' for command environment: Not usable outside of PowerShell
[3.009s] DEBUG:colcon.colcon_core.shell:Skip shell extension 'dsv' for command environment
[3.054s] INFO:colcon.colcon_ros.task.ament_cmake.build:Building ROS package in '/home/jetson/ros-workspace/src/pointcloud_to_laser' with build type 'ament_cmake'
[3.058s] INFO:colcon.colcon_cmake.task.cmake.build:Building CMake package in '/home/jetson/ros-workspace/src/pointcloud_to_laser'
[3.072s] INFO:colcon.colcon_core.shell:Skip shell extension 'powershell' for command environment: Not usable outside of PowerShell
[3.073s] DEBUG:colcon.colcon_core.shell:Skip shell extension 'dsv' for command environment
[3.120s] INFO:colcon.colcon_ros.task.ament_cmake.build:Building ROS package in '/home/jetson/ros-workspace/src/ros2_esp32' with build type 'ament_cmake'
[3.124s] INFO:colcon.colcon_cmake.task.cmake.build:Building CMake package in '/home/jetson/ros-workspace/src/ros2_esp32'
[3.138s] INFO:colcon.colcon_core.shell:Skip shell extension 'powershell' for command environment: Not usable outside of PowerShell
[3.139s] DEBUG:colcon.colcon_core.shell:Skip shell extension 'dsv' for command environment
[3.236s] DEBUG:colcon.colcon_core.event_handler.log_command:Invoking command in '/home/jetson/ros-workspace/build/ouster_msgs': CMAKE_PREFIX_PATH=${CMAKE_PREFIX_PATH}:/opt/ros/foxy /usr/bin/cmake /home/jetson/ros-workspace/src/ouster-ros/ouster-msgs -DCMAKE_BUILD_TYPE=Release -DAMENT_CMAKE_SYMLINK_INSTALL=1 -DCMAKE_INSTALL_PREFIX=/home/jetson/ros-workspace/install/ouster_msgs
[3.279s] DEBUG:colcon.colcon_core.event_handler.log_command:Invoking command in '/home/jetson/ros-workspace/build/ouster_srvs': CMAKE_PREFIX_PATH=${CMAKE_PREFIX_PATH}:/opt/ros/foxy /usr/bin/cmake /home/jetson/ros-workspace/src/ouster-ros/ouster-srvs -DCMAKE_BUILD_TYPE=Release -DAMENT_CMAKE_SYMLINK_INSTALL=1 -DCMAKE_INSTALL_PREFIX=/home/jetson/ros-workspace/install/ouster_srvs
[3.303s] DEBUG:colcon.colcon_core.event_handler.log_command:Invoking command in '/home/jetson/ros-workspace/build/micro_ros_setup': CMAKE_PREFIX_PATH=${CMAKE_PREFIX_PATH}:/opt/ros/foxy /usr/bin/cmake /home/jetson/ros-workspace/src/micro_ros_setup -DCMAKE_BUILD_TYPE=Release -DAMENT_CMAKE_SYMLINK_INSTALL=1 -DCMAKE_INSTALL_PREFIX=/home/jetson/ros-workspace/install/micro_ros_setup
[3.339s] DEBUG:colcon.colcon_core.event_handler.log_command:Invoking command in '/home/jetson/ros-workspace/build/navigation': CMAKE_PREFIX_PATH=${CMAKE_PREFIX_PATH}:/opt/ros/foxy /usr/bin/cmake /home/jetson/ros-workspace/src/navigation -DCMAKE_BUILD_TYPE=Release -DAMENT_CMAKE_SYMLINK_INSTALL=1 -DCMAKE_INSTALL_PREFIX=/home/jetson/ros-workspace/install/navigation
[3.368s] DEBUG:colcon.colcon_core.event_handler.log_command:Invoking command in '/home/jetson/ros-workspace/build/pointcloud_to_laserscan': CMAKE_PREFIX_PATH=${CMAKE_PREFIX_PATH}:/opt/ros/foxy /usr/bin/cmake /home/jetson/ros-workspace/src/pointcloud_to_laser -DCMAKE_BUILD_TYPE=Release -DAMENT_CMAKE_SYMLINK_INSTALL=1 -DCMAKE_INSTALL_PREFIX=/home/jetson/ros-workspace/install/pointcloud_to_laserscan
[3.416s] DEBUG:colcon.colcon_core.event_handler.log_command:Invoking command in '/home/jetson/ros-workspace/build/ros2_esp32': CMAKE_PREFIX_PATH=${CMAKE_PREFIX_PATH}:/opt/ros/foxy /usr/bin/cmake /home/jetson/ros-workspace/src/ros2_esp32 -DCMAKE_BUILD_TYPE=Release -DAMENT_CMAKE_SYMLINK_INSTALL=1 -DCMAKE_INSTALL_PREFIX=/home/jetson/ros-workspace/install/ros2_esp32
[5.606s] DEBUG:colcon.colcon_core.event_handler.log_command:Invoked command in '/home/jetson/ros-workspace/build/micro_ros_setup' returned '0': CMAKE_PREFIX_PATH=${CMAKE_PREFIX_PATH}:/opt/ros/foxy /usr/bin/cmake /home/jetson/ros-workspace/src/micro_ros_setup -DCMAKE_BUILD_TYPE=Release -DAMENT_CMAKE_SYMLINK_INSTALL=1 -DCMAKE_INSTALL_PREFIX=/home/jetson/ros-workspace/install/micro_ros_setup
[5.609s] DEBUG:colcon.colcon_core.event_handler.log_command:Invoking command in '/home/jetson/ros-workspace/build/micro_ros_setup': CMAKE_PREFIX_PATH=${CMAKE_PREFIX_PATH}:/opt/ros/foxy /usr/bin/cmake --build /home/jetson/ros-workspace/build/micro_ros_setup -- -j6 -l6
[8.247s] DEBUG:colcon.colcon_core.event_handler.log_command:Invoked command in '/home/jetson/ros-workspace/build/ros2_esp32' returned '0': CMAKE_PREFIX_PATH=${CMAKE_PREFIX_PATH}:/opt/ros/foxy /usr/bin/cmake /home/jetson/ros-workspace/src/ros2_esp32 -DCMAKE_BUILD_TYPE=Release -DAMENT_CMAKE_SYMLINK_INSTALL=1 -DCMAKE_INSTALL_PREFIX=/home/jetson/ros-workspace/install/ros2_esp32
[8.268s] DEBUG:colcon.colcon_core.event_handler.log_command:Invoking command in '/home/jetson/ros-workspace/build/ros2_esp32': CMAKE_PREFIX_PATH=${CMAKE_PREFIX_PATH}:/opt/ros/foxy /usr/bin/cmake --build /home/jetson/ros-workspace/build/ros2_esp32 -- -j6 -l6
[8.281s] DEBUG:colcon.colcon_core.event_handler.log_command:Invoked command in '/home/jetson/ros-workspace/build/micro_ros_setup' returned '0': CMAKE_PREFIX_PATH=${CMAKE_PREFIX_PATH}:/opt/ros/foxy /usr/bin/cmake --build /home/jetson/ros-workspace/build/micro_ros_setup -- -j6 -l6
[8.576s] DEBUG:colcon.colcon_core.event_handler.log_command:Invoking command in '/home/jetson/ros-workspace/build/micro_ros_setup': CMAKE_PREFIX_PATH=${CMAKE_PREFIX_PATH}:/opt/ros/foxy /usr/bin/cmake --install /home/jetson/ros-workspace/build/micro_ros_setup
[8.815s] DEBUG:colcon.colcon_core.event_handler.log_command:Invoked command in '/home/jetson/ros-workspace/build/ouster_msgs' returned '0': CMAKE_PREFIX_PATH=${CMAKE_PREFIX_PATH}:/opt/ros/foxy /usr/bin/cmake /home/jetson/ros-workspace/src/ouster-ros/ouster-msgs -DCMAKE_BUILD_TYPE=Release -DAMENT_CMAKE_SYMLINK_INSTALL=1 -DCMAKE_INSTALL_PREFIX=/home/jetson/ros-workspace/install/ouster_msgs
[8.834s] DEBUG:colcon.colcon_core.event_handler.log_command:Invoking command in '/home/jetson/ros-workspace/build/ouster_msgs': CMAKE_PREFIX_PATH=${CMAKE_PREFIX_PATH}:/opt/ros/foxy /usr/bin/cmake --build /home/jetson/ros-workspace/build/ouster_msgs -- -j6 -l6
[8.907s] DEBUG:colcon.colcon_core.event_handler.log_command:Invoked command in '/home/jetson/ros-workspace/build/navigation' returned '0': CMAKE_PREFIX_PATH=${CMAKE_PREFIX_PATH}:/opt/ros/foxy /usr/bin/cmake /home/jetson/ros-workspace/src/navigation -DCMAKE_BUILD_TYPE=Release -DAMENT_CMAKE_SYMLINK_INSTALL=1 -DCMAKE_INSTALL_PREFIX=/home/jetson/ros-workspace/install/navigation
[8.920s] DEBUG:colcon.colcon_core.event_handler.log_command:Invoking command in '/home/jetson/ros-workspace/build/navigation': CMAKE_PREFIX_PATH=${CMAKE_PREFIX_PATH}:/opt/ros/foxy /usr/bin/cmake --build /home/jetson/ros-workspace/build/navigation -- -j6 -l6
[9.052s] Level 1:colcon.colcon_core.environment:create_environment_scripts_only(micro_ros_setup)
[9.090s] DEBUG:colcon.colcon_core.event_handler.log_command:Invoked command in '/home/jetson/ros-workspace/build/ros2_esp32' returned '0': CMAKE_PREFIX_PATH=${CMAKE_PREFIX_PATH}:/opt/ros/foxy /usr/bin/cmake --build /home/jetson/ros-workspace/build/ros2_esp32 -- -j6 -l6
[9.136s] DEBUG:colcon.colcon_core.event_handler.log_command:Invoked command in '/home/jetson/ros-workspace/build/ouster_srvs' returned '0': CMAKE_PREFIX_PATH=${CMAKE_PREFIX_PATH}:/opt/ros/foxy /usr/bin/cmake /home/jetson/ros-workspace/src/ouster-ros/ouster-srvs -DCMAKE_BUILD_TYPE=Release -DAMENT_CMAKE_SYMLINK_INSTALL=1 -DCMAKE_INSTALL_PREFIX=/home/jetson/ros-workspace/install/ouster_srvs
[9.140s] DEBUG:colcon.colcon_core.event_handler.log_command:Invoking command in '/home/jetson/ros-workspace/build/ouster_srvs': CMAKE_PREFIX_PATH=${CMAKE_PREFIX_PATH}:/opt/ros/foxy /usr/bin/cmake --build /home/jetson/ros-workspace/build/ouster_srvs -- -j6 -l6
[9.149s] DEBUG:colcon.colcon_core.event_handler.log_command:Invoked command in '/home/jetson/ros-workspace/build/micro_ros_setup' returned '0': CMAKE_PREFIX_PATH=${CMAKE_PREFIX_PATH}:/opt/ros/foxy /usr/bin/cmake --install /home/jetson/ros-workspace/build/micro_ros_setup
[9.152s] Level 1:colcon.colcon_core.environment:checking '/home/jetson/ros-workspace/install/micro_ros_setup' for CMake module files
[9.157s] Level 1:colcon.colcon_core.environment:checking '/home/jetson/ros-workspace/install/micro_ros_setup' for CMake config files
[9.164s] Level 1:colcon.colcon_core.shell:create_environment_hook('micro_ros_setup', 'cmake_prefix_path')
[9.174s] INFO:colcon.colcon_core.shell:Creating environment hook '/home/jetson/ros-workspace/install/micro_ros_setup/share/micro_ros_setup/hook/cmake_prefix_path.ps1'
[9.180s] INFO:colcon.colcon_core.shell:Creating environment descriptor '/home/jetson/ros-workspace/install/micro_ros_setup/share/micro_ros_setup/hook/cmake_prefix_path.dsv'
[9.184s] INFO:colcon.colcon_core.shell:Creating environment hook '/home/jetson/ros-workspace/install/micro_ros_setup/share/micro_ros_setup/hook/cmake_prefix_path.sh'
[9.195s] Level 1:colcon.colcon_core.environment:checking '/home/jetson/ros-workspace/install/micro_ros_setup/lib'
[9.196s] Level 1:colcon.colcon_core.environment:checking '/home/jetson/ros-workspace/install/micro_ros_setup/bin'
[9.196s] Level 1:colcon.colcon_core.environment:checking '/home/jetson/ros-workspace/install/micro_ros_setup/lib/pkgconfig/micro_ros_setup.pc'
[9.198s] Level 1:colcon.colcon_core.environment:checking '/home/jetson/ros-workspace/install/micro_ros_setup/lib/python3.8/site-packages'
[9.200s] Level 1:colcon.colcon_core.environment:checking '/home/jetson/ros-workspace/install/micro_ros_setup/bin'
[9.210s] INFO:colcon.colcon_core.shell:Creating package script '/home/jetson/ros-workspace/install/micro_ros_setup/share/micro_ros_setup/package.ps1'
[9.215s] INFO:colcon.colcon_core.shell:Creating package descriptor '/home/jetson/ros-workspace/install/micro_ros_setup/share/micro_ros_setup/package.dsv'
[9.219s] INFO:colcon.colcon_core.shell:Creating package script '/home/jetson/ros-workspace/install/micro_ros_setup/share/micro_ros_setup/package.sh'
[9.223s] INFO:colcon.colcon_core.shell:Creating package script '/home/jetson/ros-workspace/install/micro_ros_setup/share/micro_ros_setup/package.bash'
[9.230s] INFO:colcon.colcon_core.shell:Creating package script '/home/jetson/ros-workspace/install/micro_ros_setup/share/micro_ros_setup/package.zsh'
[9.235s] Level 1:colcon.colcon_core.environment:create_file_with_runtime_dependencies(/home/jetson/ros-workspace/install/micro_ros_setup/share/colcon-core/packages/micro_ros_setup)
[9.275s] DEBUG:colcon.colcon_core.event_handler.log_command:Invoking command in '/home/jetson/ros-workspace/build/ros2_esp32': CMAKE_PREFIX_PATH=${CMAKE_PREFIX_PATH}:/opt/ros/foxy /usr/bin/cmake --install /home/jetson/ros-workspace/build/ros2_esp32
[9.554s] DEBUG:colcon.colcon_core.event_handler.log_command:Invoked command in '/home/jetson/ros-workspace/build/navigation' returned '0': CMAKE_PREFIX_PATH=${CMAKE_PREFIX_PATH}:/opt/ros/foxy /usr/bin/cmake --build /home/jetson/ros-workspace/build/navigation -- -j6 -l6
[9.620s] Level 1:colcon.colcon_core.environment:create_environment_scripts_only(micro_ros_setup)
[9.657s] Level 1:colcon.colcon_core.environment:checking '/home/jetson/ros-workspace/install/micro_ros_setup' for CMake module files
[9.676s] Level 1:colcon.colcon_core.environment:checking '/home/jetson/ros-workspace/install/micro_ros_setup' for CMake config files
[9.699s] Level 1:colcon.colcon_core.shell:create_environment_hook('micro_ros_setup', 'cmake_prefix_path')
[9.709s] INFO:colcon.colcon_core.shell:Creating environment hook '/home/jetson/ros-workspace/install/micro_ros_setup/share/micro_ros_setup/hook/cmake_prefix_path.ps1'
[9.713s] INFO:colcon.colcon_core.shell:Creating environment descriptor '/home/jetson/ros-workspace/install/micro_ros_setup/share/micro_ros_setup/hook/cmake_prefix_path.dsv'
[9.726s] INFO:colcon.colcon_core.shell:Creating environment hook '/home/jetson/ros-workspace/install/micro_ros_setup/share/micro_ros_setup/hook/cmake_prefix_path.sh'
[9.731s] Level 1:colcon.colcon_core.environment:checking '/home/jetson/ros-workspace/install/micro_ros_setup/lib'
[9.732s] Level 1:colcon.colcon_core.environment:checking '/home/jetson/ros-workspace/install/micro_ros_setup/bin'
[9.732s] Level 1:colcon.colcon_core.environment:checking '/home/jetson/ros-workspace/install/micro_ros_setup/lib/pkgconfig/micro_ros_setup.pc'
[9.734s] Level 1:colcon.colcon_core.environment:checking '/home/jetson/ros-workspace/install/micro_ros_setup/lib/python3.8/site-packages'
[9.735s] Level 1:colcon.colcon_core.environment:checking '/home/jetson/ros-workspace/install/micro_ros_setup/bin'
[9.752s] INFO:colcon.colcon_core.shell:Creating package script '/home/jetson/ros-workspace/install/micro_ros_setup/share/micro_ros_setup/package.ps1'
[9.758s] INFO:colcon.colcon_core.shell:Creating package descriptor '/home/jetson/ros-workspace/install/micro_ros_setup/share/micro_ros_setup/package.dsv'
[9.761s] INFO:colcon.colcon_core.shell:Creating package script '/home/jetson/ros-workspace/install/micro_ros_setup/share/micro_ros_setup/package.sh'
[9.765s] INFO:colcon.colcon_core.shell:Creating package script '/home/jetson/ros-workspace/install/micro_ros_setup/share/micro_ros_setup/package.bash'
[9.774s] INFO:colcon.colcon_core.shell:Creating package script '/home/jetson/ros-workspace/install/micro_ros_setup/share/micro_ros_setup/package.zsh'
[9.777s] Level 1:colcon.colcon_core.environment:create_file_with_runtime_dependencies(/home/jetson/ros-workspace/install/micro_ros_setup/share/colcon-core/packages/micro_ros_setup)
[9.784s] INFO:colcon.colcon_ros.task.ament_cmake.build:Building ROS package in '/home/jetson/ros-workspace/src/sbg_ros2_driver' with build type 'ament_cmake'
[9.786s] INFO:colcon.colcon_cmake.task.cmake.build:Building CMake package in '/home/jetson/ros-workspace/src/sbg_ros2_driver'
[9.799s] INFO:colcon.colcon_core.shell:Skip shell extension 'powershell' for command environment: Not usable outside of PowerShell
[9.800s] DEBUG:colcon.colcon_core.shell:Skip shell extension 'dsv' for command environment
[9.871s] Level 1:colcon.colcon_core.environment:create_environment_scripts_only(ros2_esp32)
[9.878s] DEBUG:colcon.colcon_core.event_handler.log_command:Invoked command in '/home/jetson/ros-workspace/build/ros2_esp32' returned '0': CMAKE_PREFIX_PATH=${CMAKE_PREFIX_PATH}:/opt/ros/foxy /usr/bin/cmake --install /home/jetson/ros-workspace/build/ros2_esp32
[9.900s] Level 1:colcon.colcon_core.environment:checking '/home/jetson/ros-workspace/install/ros2_esp32' for CMake module files
[9.906s] Level 1:colcon.colcon_core.environment:checking '/home/jetson/ros-workspace/install/ros2_esp32' for CMake config files
[9.909s] Level 1:colcon.colcon_core.shell:create_environment_hook('ros2_esp32', 'cmake_prefix_path')
[9.917s] INFO:colcon.colcon_core.shell:Creating environment hook '/home/jetson/ros-workspace/install/ros2_esp32/share/ros2_esp32/hook/cmake_prefix_path.ps1'
[9.922s] INFO:colcon.colcon_core.shell:Creating environment descriptor '/home/jetson/ros-workspace/install/ros2_esp32/share/ros2_esp32/hook/cmake_prefix_path.dsv'
[9.929s] INFO:colcon.colcon_core.shell:Creating environment hook '/home/jetson/ros-workspace/install/ros2_esp32/share/ros2_esp32/hook/cmake_prefix_path.sh'
[9.934s] Level 1:colcon.colcon_core.environment:checking '/home/jetson/ros-workspace/install/ros2_esp32/lib'
[9.935s] Level 1:colcon.colcon_core.environment:checking '/home/jetson/ros-workspace/install/ros2_esp32/bin'
[9.935s] Level 1:colcon.colcon_core.environment:checking '/home/jetson/ros-workspace/install/ros2_esp32/lib/pkgconfig/ros2_esp32.pc'
[9.937s] Level 1:colcon.colcon_core.environment:checking '/home/jetson/ros-workspace/install/ros2_esp32/lib/python3.8/site-packages'
[9.939s] Level 1:colcon.colcon_core.environment:checking '/home/jetson/ros-workspace/install/ros2_esp32/bin'
[9.949s] INFO:colcon.colcon_core.shell:Creating package script '/home/jetson/ros-workspace/install/ros2_esp32/share/ros2_esp32/package.ps1'
[9.953s] INFO:colcon.colcon_core.shell:Creating package descriptor '/home/jetson/ros-workspace/install/ros2_esp32/share/ros2_esp32/package.dsv'
[9.956s] INFO:colcon.colcon_core.shell:Creating package script '/home/jetson/ros-workspace/install/ros2_esp32/share/ros2_esp32/package.sh'
[9.962s] INFO:colcon.colcon_core.shell:Creating package script '/home/jetson/ros-workspace/install/ros2_esp32/share/ros2_esp32/package.bash'
[9.965s] INFO:colcon.colcon_core.shell:Creating package script '/home/jetson/ros-workspace/install/ros2_esp32/share/ros2_esp32/package.zsh'
[9.967s] Level 1:colcon.colcon_core.environment:create_file_with_runtime_dependencies(/home/jetson/ros-workspace/install/ros2_esp32/share/colcon-core/packages/ros2_esp32)
[10.040s] DEBUG:colcon.colcon_core.event_handler.log_command:Invoking command in '/home/jetson/ros-workspace/build/sbg_driver': CMAKE_PREFIX_PATH=${CMAKE_PREFIX_PATH}:/opt/ros/foxy /usr/bin/cmake /home/jetson/ros-workspace/src/sbg_ros2_driver -DCMAKE_BUILD_TYPE=Release -DAMENT_CMAKE_SYMLINK_INSTALL=1 -DCMAKE_INSTALL_PREFIX=/home/jetson/ros-workspace/install/sbg_driver
[10.073s] DEBUG:colcon.colcon_core.event_handler.log_command:Invoking command in '/home/jetson/ros-workspace/build/navigation': CMAKE_PREFIX_PATH=${CMAKE_PREFIX_PATH}:/opt/ros/foxy /usr/bin/cmake --install /home/jetson/ros-workspace/build/navigation
[10.245s] Level 1:colcon.colcon_core.environment:create_environment_scripts_only(ros2_esp32)
[10.258s] Level 1:colcon.colcon_core.environment:checking '/home/jetson/ros-workspace/install/ros2_esp32' for CMake module files
[10.265s] Level 1:colcon.colcon_core.environment:checking '/home/jetson/ros-workspace/install/ros2_esp32' for CMake config files
[10.271s] Level 1:colcon.colcon_core.shell:create_environment_hook('ros2_esp32', 'cmake_prefix_path')
[10.281s] INFO:colcon.colcon_core.shell:Creating environment hook '/home/jetson/ros-workspace/install/ros2_esp32/share/ros2_esp32/hook/cmake_prefix_path.ps1'
[10.286s] INFO:colcon.colcon_core.shell:Creating environment descriptor '/home/jetson/ros-workspace/install/ros2_esp32/share/ros2_esp32/hook/cmake_prefix_path.dsv'
[10.288s] INFO:colcon.colcon_core.shell:Creating environment hook '/home/jetson/ros-workspace/install/ros2_esp32/share/ros2_esp32/hook/cmake_prefix_path.sh'
[10.293s] Level 1:colcon.colcon_core.environment:checking '/home/jetson/ros-workspace/install/ros2_esp32/lib'
[10.293s] Level 1:colcon.colcon_core.environment:checking '/home/jetson/ros-workspace/install/ros2_esp32/bin'
[10.294s] Level 1:colcon.colcon_core.environment:checking '/home/jetson/ros-workspace/install/ros2_esp32/lib/pkgconfig/ros2_esp32.pc'
[10.296s] Level 1:colcon.colcon_core.environment:checking '/home/jetson/ros-workspace/install/ros2_esp32/lib/python3.8/site-packages'
[10.297s] Level 1:colcon.colcon_core.environment:checking '/home/jetson/ros-workspace/install/ros2_esp32/bin'
[10.305s] INFO:colcon.colcon_core.shell:Creating package script '/home/jetson/ros-workspace/install/ros2_esp32/share/ros2_esp32/package.ps1'
[10.312s] INFO:colcon.colcon_core.shell:Creating package descriptor '/home/jetson/ros-workspace/install/ros2_esp32/share/ros2_esp32/package.dsv'
[10.316s] INFO:colcon.colcon_core.shell:Creating package script '/home/jetson/ros-workspace/install/ros2_esp32/share/ros2_esp32/package.sh'
[10.318s] INFO:colcon.colcon_core.shell:Creating package script '/home/jetson/ros-workspace/install/ros2_esp32/share/ros2_esp32/package.bash'
[10.320s] INFO:colcon.colcon_core.shell:Creating package script '/home/jetson/ros-workspace/install/ros2_esp32/share/ros2_esp32/package.zsh'
[10.324s] Level 1:colcon.colcon_core.environment:create_file_with_runtime_dependencies(/home/jetson/ros-workspace/install/ros2_esp32/share/colcon-core/packages/ros2_esp32)
[10.333s] Level 1:colcon.colcon_core.environment:create_environment_scripts_only(navigation)
[10.334s] DEBUG:colcon.colcon_core.event_handler.log_command:Invoked command in '/home/jetson/ros-workspace/build/navigation' returned '0': CMAKE_PREFIX_PATH=${CMAKE_PREFIX_PATH}:/opt/ros/foxy /usr/bin/cmake --install /home/jetson/ros-workspace/build/navigation
[10.349s] Level 1:colcon.colcon_core.environment:checking '/home/jetson/ros-workspace/install/navigation' for CMake module files
[10.354s] Level 1:colcon.colcon_core.environment:checking '/home/jetson/ros-workspace/install/navigation' for CMake config files
[10.357s] Level 1:colcon.colcon_core.shell:create_environment_hook('navigation', 'cmake_prefix_path')
[10.364s] INFO:colcon.colcon_core.shell:Creating environment hook '/home/jetson/ros-workspace/install/navigation/share/navigation/hook/cmake_prefix_path.ps1'
[10.367s] INFO:colcon.colcon_core.shell:Creating environment descriptor '/home/jetson/ros-workspace/install/navigation/share/navigation/hook/cmake_prefix_path.dsv'
[10.369s] INFO:colcon.colcon_core.shell:Creating environment hook '/home/jetson/ros-workspace/install/navigation/share/navigation/hook/cmake_prefix_path.sh'
[10.373s] Level 1:colcon.colcon_core.environment:checking '/home/jetson/ros-workspace/install/navigation/lib'
[10.373s] Level 1:colcon.colcon_core.environment:checking '/home/jetson/ros-workspace/install/navigation/bin'
[10.374s] Level 1:colcon.colcon_core.environment:checking '/home/jetson/ros-workspace/install/navigation/lib/pkgconfig/navigation.pc'
[10.375s] Level 1:colcon.colcon_core.environment:checking '/home/jetson/ros-workspace/install/navigation/lib/python3.8/site-packages'
[10.376s] Level 1:colcon.colcon_core.environment:checking '/home/jetson/ros-workspace/install/navigation/bin'
[10.383s] INFO:colcon.colcon_core.shell:Creating package script '/home/jetson/ros-workspace/install/navigation/share/navigation/package.ps1'
[10.387s] INFO:colcon.colcon_core.shell:Creating package descriptor '/home/jetson/ros-workspace/install/navigation/share/navigation/package.dsv'
[10.390s] INFO:colcon.colcon_core.shell:Creating package script '/home/jetson/ros-workspace/install/navigation/share/navigation/package.sh'
[10.392s] INFO:colcon.colcon_core.shell:Creating package script '/home/jetson/ros-workspace/install/navigation/share/navigation/package.bash'
[10.394s] INFO:colcon.colcon_core.shell:Creating package script '/home/jetson/ros-workspace/install/navigation/share/navigation/package.zsh'
[10.396s] Level 1:colcon.colcon_core.environment:create_file_with_runtime_dependencies(/home/jetson/ros-workspace/install/navigation/share/colcon-core/packages/navigation)
[10.677s] Level 1:colcon.colcon_core.environment:create_environment_scripts_only(navigation)
[10.693s] Level 1:colcon.colcon_core.environment:checking '/home/jetson/ros-workspace/install/navigation' for CMake module files
[10.697s] Level 1:colcon.colcon_core.environment:checking '/home/jetson/ros-workspace/install/navigation' for CMake config files
[10.700s] Level 1:colcon.colcon_core.shell:create_environment_hook('navigation', 'cmake_prefix_path')
[10.710s] INFO:colcon.colcon_core.shell:Creating environment hook '/home/jetson/ros-workspace/install/navigation/share/navigation/hook/cmake_prefix_path.ps1'
[10.716s] INFO:colcon.colcon_core.shell:Creating environment descriptor '/home/jetson/ros-workspace/install/navigation/share/navigation/hook/cmake_prefix_path.dsv'
[10.719s] INFO:colcon.colcon_core.shell:Creating environment hook '/home/jetson/ros-workspace/install/navigation/share/navigation/hook/cmake_prefix_path.sh'
[10.723s] Level 1:colcon.colcon_core.environment:checking '/home/jetson/ros-workspace/install/navigation/lib'
[10.724s] Level 1:colcon.colcon_core.environment:checking '/home/jetson/ros-workspace/install/navigation/bin'
[10.725s] Level 1:colcon.colcon_core.environment:checking '/home/jetson/ros-workspace/install/navigation/lib/pkgconfig/navigation.pc'
[10.732s] Level 1:colcon.colcon_core.environment:checking '/home/jetson/ros-workspace/install/navigation/lib/python3.8/site-packages'
[10.734s] Level 1:colcon.colcon_core.environment:checking '/home/jetson/ros-workspace/install/navigation/bin'
[10.747s] INFO:colcon.colcon_core.shell:Creating package script '/home/jetson/ros-workspace/install/navigation/share/navigation/package.ps1'
[10.758s] INFO:colcon.colcon_core.shell:Creating package descriptor '/home/jetson/ros-workspace/install/navigation/share/navigation/package.dsv'
[10.761s] INFO:colcon.colcon_core.shell:Creating package script '/home/jetson/ros-workspace/install/navigation/share/navigation/package.sh'
[10.765s] INFO:colcon.colcon_core.shell:Creating package script '/home/jetson/ros-workspace/install/navigation/share/navigation/package.bash'
[10.767s] INFO:colcon.colcon_core.shell:Creating package script '/home/jetson/ros-workspace/install/navigation/share/navigation/package.zsh'
[10.770s] Level 1:colcon.colcon_core.environment:create_file_with_runtime_dependencies(/home/jetson/ros-workspace/install/navigation/share/colcon-core/packages/navigation)
[10.934s] DEBUG:colcon.colcon_core.event_handler.log_command:Invoked command in '/home/jetson/ros-workspace/build/ouster_msgs' returned '0': CMAKE_PREFIX_PATH=${CMAKE_PREFIX_PATH}:/opt/ros/foxy /usr/bin/cmake --build /home/jetson/ros-workspace/build/ouster_msgs -- -j6 -l6
[11.120s] DEBUG:colcon.colcon_core.event_handler.log_command:Invoked command in '/home/jetson/ros-workspace/build/ouster_srvs' returned '0': CMAKE_PREFIX_PATH=${CMAKE_PREFIX_PATH}:/opt/ros/foxy /usr/bin/cmake --build /home/jetson/ros-workspace/build/ouster_srvs -- -j6 -l6
[11.357s] DEBUG:colcon.colcon_core.event_handler.log_command:Invoking command in '/home/jetson/ros-workspace/build/ouster_msgs': CMAKE_PREFIX_PATH=${CMAKE_PREFIX_PATH}:/opt/ros/foxy /usr/bin/cmake --install /home/jetson/ros-workspace/build/ouster_msgs
[11.820s] DEBUG:colcon.colcon_core.event_handler.log_command:Invoking command in '/home/jetson/ros-workspace/build/ouster_srvs': CMAKE_PREFIX_PATH=${CMAKE_PREFIX_PATH}:/opt/ros/foxy /usr/bin/cmake --install /home/jetson/ros-workspace/build/ouster_srvs
[11.962s] Level 1:colcon.colcon_core.environment:create_environment_scripts_only(ouster_msgs)
[11.983s] DEBUG:colcon.colcon_core.event_handler.log_command:Invoked command in '/home/jetson/ros-workspace/build/ouster_msgs' returned '0': CMAKE_PREFIX_PATH=${CMAKE_PREFIX_PATH}:/opt/ros/foxy /usr/bin/cmake --install /home/jetson/ros-workspace/build/ouster_msgs
[11.985s] Level 1:colcon.colcon_core.environment:checking '/home/jetson/ros-workspace/install/ouster_msgs' for CMake module files
[11.999s] Level 1:colcon.colcon_core.environment:checking '/home/jetson/ros-workspace/install/ouster_msgs' for CMake config files
[12.016s] Level 1:colcon.colcon_core.shell:create_environment_hook('ouster_msgs', 'cmake_prefix_path')
[12.025s] INFO:colcon.colcon_core.shell:Creating environment hook '/home/jetson/ros-workspace/install/ouster_msgs/share/ouster_msgs/hook/cmake_prefix_path.ps1'
[12.033s] INFO:colcon.colcon_core.shell:Creating environment descriptor '/home/jetson/ros-workspace/install/ouster_msgs/share/ouster_msgs/hook/cmake_prefix_path.dsv'
[12.040s] INFO:colcon.colcon_core.shell:Creating environment hook '/home/jetson/ros-workspace/install/ouster_msgs/share/ouster_msgs/hook/cmake_prefix_path.sh'
[12.047s] Level 1:colcon.colcon_core.environment:checking '/home/jetson/ros-workspace/install/ouster_msgs/lib'
[12.049s] Level 1:colcon.colcon_core.shell:create_environment_hook('ouster_msgs', 'ld_library_path_lib')
[12.057s] INFO:colcon.colcon_core.shell:Creating environment hook '/home/jetson/ros-workspace/install/ouster_msgs/share/ouster_msgs/hook/ld_library_path_lib.ps1'
[12.066s] INFO:colcon.colcon_core.shell:Creating environment descriptor '/home/jetson/ros-workspace/install/ouster_msgs/share/ouster_msgs/hook/ld_library_path_lib.dsv'
[12.070s] INFO:colcon.colcon_core.shell:Creating environment hook '/home/jetson/ros-workspace/install/ouster_msgs/share/ouster_msgs/hook/ld_library_path_lib.sh'
[12.075s] Level 1:colcon.colcon_core.environment:checking '/home/jetson/ros-workspace/install/ouster_msgs/bin'
[12.076s] Level 1:colcon.colcon_core.environment:checking '/home/jetson/ros-workspace/install/ouster_msgs/lib/pkgconfig/ouster_msgs.pc'
[12.078s] Level 1:colcon.colcon_core.environment:checking '/home/jetson/ros-workspace/install/ouster_msgs/lib/python3.8/site-packages'
[12.079s] Level 1:colcon.colcon_core.shell:create_environment_hook('ouster_msgs', 'pythonpath')
[12.087s] INFO:colcon.colcon_core.shell:Creating environment hook '/home/jetson/ros-workspace/install/ouster_msgs/share/ouster_msgs/hook/pythonpath.ps1'
[12.092s] INFO:colcon.colcon_core.shell:Creating environment descriptor '/home/jetson/ros-workspace/install/ouster_msgs/share/ouster_msgs/hook/pythonpath.dsv'
[12.097s] INFO:colcon.colcon_core.shell:Creating environment hook '/home/jetson/ros-workspace/install/ouster_msgs/share/ouster_msgs/hook/pythonpath.sh'
[12.103s] Level 1:colcon.colcon_core.environment:checking '/home/jetson/ros-workspace/install/ouster_msgs/bin'
[12.112s] INFO:colcon.colcon_core.shell:Creating package script '/home/jetson/ros-workspace/install/ouster_msgs/share/ouster_msgs/package.ps1'
[12.119s] INFO:colcon.colcon_core.shell:Creating package descriptor '/home/jetson/ros-workspace/install/ouster_msgs/share/ouster_msgs/package.dsv'
[12.125s] INFO:colcon.colcon_core.shell:Creating package script '/home/jetson/ros-workspace/install/ouster_msgs/share/ouster_msgs/package.sh'
[12.130s] INFO:colcon.colcon_core.shell:Creating package script '/home/jetson/ros-workspace/install/ouster_msgs/share/ouster_msgs/package.bash'
[12.135s] INFO:colcon.colcon_core.shell:Creating package script '/home/jetson/ros-workspace/install/ouster_msgs/share/ouster_msgs/package.zsh'
[12.139s] Level 1:colcon.colcon_core.environment:create_file_with_runtime_dependencies(/home/jetson/ros-workspace/install/ouster_msgs/share/colcon-core/packages/ouster_msgs)
[12.276s] DEBUG:colcon.colcon_core.event_handler.log_command:Invoked command in '/home/jetson/ros-workspace/build/pointcloud_to_laserscan' returned '0': CMAKE_PREFIX_PATH=${CMAKE_PREFIX_PATH}:/opt/ros/foxy /usr/bin/cmake /home/jetson/ros-workspace/src/pointcloud_to_laser -DCMAKE_BUILD_TYPE=Release -DAMENT_CMAKE_SYMLINK_INSTALL=1 -DCMAKE_INSTALL_PREFIX=/home/jetson/ros-workspace/install/pointcloud_to_laserscan
[12.295s] DEBUG:colcon.colcon_core.event_handler.log_command:Invoking command in '/home/jetson/ros-workspace/build/pointcloud_to_laserscan': CMAKE_PREFIX_PATH=${CMAKE_PREFIX_PATH}:/opt/ros/foxy /usr/bin/cmake --build /home/jetson/ros-workspace/build/pointcloud_to_laserscan -- -j6 -l6
[12.476s] Level 1:colcon.colcon_core.environment:create_environment_scripts_only(ouster_srvs)
[12.484s] DEBUG:colcon.colcon_core.event_handler.log_command:Invoked command in '/home/jetson/ros-workspace/build/ouster_srvs' returned '0': CMAKE_PREFIX_PATH=${CMAKE_PREFIX_PATH}:/opt/ros/foxy /usr/bin/cmake --install /home/jetson/ros-workspace/build/ouster_srvs
[12.502s] Level 1:colcon.colcon_core.environment:checking '/home/jetson/ros-workspace/install/ouster_srvs' for CMake module files
[12.509s] Level 1:colcon.colcon_core.environment:checking '/home/jetson/ros-workspace/install/ouster_srvs' for CMake config files
[12.520s] Level 1:colcon.colcon_core.shell:create_environment_hook('ouster_srvs', 'cmake_prefix_path')
[12.530s] INFO:colcon.colcon_core.shell:Creating environment hook '/home/jetson/ros-workspace/install/ouster_srvs/share/ouster_srvs/hook/cmake_prefix_path.ps1'
[12.536s] INFO:colcon.colcon_core.shell:Creating environment descriptor '/home/jetson/ros-workspace/install/ouster_srvs/share/ouster_srvs/hook/cmake_prefix_path.dsv'
[12.539s] INFO:colcon.colcon_core.shell:Creating environment hook '/home/jetson/ros-workspace/install/ouster_srvs/share/ouster_srvs/hook/cmake_prefix_path.sh'
[12.544s] Level 1:colcon.colcon_core.environment:checking '/home/jetson/ros-workspace/install/ouster_srvs/lib'
[12.545s] Level 1:colcon.colcon_core.shell:create_environment_hook('ouster_srvs', 'ld_library_path_lib')
[12.555s] INFO:colcon.colcon_core.shell:Creating environment hook '/home/jetson/ros-workspace/install/ouster_srvs/share/ouster_srvs/hook/ld_library_path_lib.ps1'
[12.559s] INFO:colcon.colcon_core.shell:Creating environment descriptor '/home/jetson/ros-workspace/install/ouster_srvs/share/ouster_srvs/hook/ld_library_path_lib.dsv'
[12.561s] INFO:colcon.colcon_core.shell:Creating environment hook '/home/jetson/ros-workspace/install/ouster_srvs/share/ouster_srvs/hook/ld_library_path_lib.sh'
[12.565s] Level 1:colcon.colcon_core.environment:checking '/home/jetson/ros-workspace/install/ouster_srvs/bin'
[12.566s] Level 1:colcon.colcon_core.environment:checking '/home/jetson/ros-workspace/install/ouster_srvs/lib/pkgconfig/ouster_srvs.pc'
[12.568s] Level 1:colcon.colcon_core.environment:checking '/home/jetson/ros-workspace/install/ouster_srvs/lib/python3.8/site-packages'
[12.570s] Level 1:colcon.colcon_core.shell:create_environment_hook('ouster_srvs', 'pythonpath')
[12.579s] INFO:colcon.colcon_core.shell:Creating environment hook '/home/jetson/ros-workspace/install/ouster_srvs/share/ouster_srvs/hook/pythonpath.ps1'
[12.582s] INFO:colcon.colcon_core.shell:Creating environment descriptor '/home/jetson/ros-workspace/install/ouster_srvs/share/ouster_srvs/hook/pythonpath.dsv'
[12.584s] INFO:colcon.colcon_core.shell:Creating environment hook '/home/jetson/ros-workspace/install/ouster_srvs/share/ouster_srvs/hook/pythonpath.sh'
[12.587s] Level 1:colcon.colcon_core.environment:checking '/home/jetson/ros-workspace/install/ouster_srvs/bin'
[12.604s] INFO:colcon.colcon_core.shell:Creating package script '/home/jetson/ros-workspace/install/ouster_srvs/share/ouster_srvs/package.ps1'
[12.608s] INFO:colcon.colcon_core.shell:Creating package descriptor '/home/jetson/ros-workspace/install/ouster_srvs/share/ouster_srvs/package.dsv'
[12.611s] INFO:colcon.colcon_core.shell:Creating package script '/home/jetson/ros-workspace/install/ouster_srvs/share/ouster_srvs/package.sh'
[12.614s] INFO:colcon.colcon_core.shell:Creating package script '/home/jetson/ros-workspace/install/ouster_srvs/share/ouster_srvs/package.bash'
[12.616s] INFO:colcon.colcon_core.shell:Creating package script '/home/jetson/ros-workspace/install/ouster_srvs/share/ouster_srvs/package.zsh'
[12.636s] Level 1:colcon.colcon_core.environment:create_file_with_runtime_dependencies(/home/jetson/ros-workspace/install/ouster_srvs/share/colcon-core/packages/ouster_srvs)
[12.689s] Level 1:colcon.colcon_core.environment:create_environment_scripts_only(ouster_msgs)
[12.703s] Level 1:colcon.colcon_core.environment:checking '/home/jetson/ros-workspace/install/ouster_msgs' for CMake module files
[12.708s] Level 1:colcon.colcon_core.environment:checking '/home/jetson/ros-workspace/install/ouster_msgs' for CMake config files
[12.713s] Level 1:colcon.colcon_core.shell:create_environment_hook('ouster_msgs', 'cmake_prefix_path')
[12.722s] INFO:colcon.colcon_core.shell:Creating environment hook '/home/jetson/ros-workspace/install/ouster_msgs/share/ouster_msgs/hook/cmake_prefix_path.ps1'
[12.727s] INFO:colcon.colcon_core.shell:Creating environment descriptor '/home/jetson/ros-workspace/install/ouster_msgs/share/ouster_msgs/hook/cmake_prefix_path.dsv'
[12.729s] INFO:colcon.colcon_core.shell:Creating environment hook '/home/jetson/ros-workspace/install/ouster_msgs/share/ouster_msgs/hook/cmake_prefix_path.sh'
[12.733s] Level 1:colcon.colcon_core.environment:checking '/home/jetson/ros-workspace/install/ouster_msgs/lib'
[12.733s] Level 1:colcon.colcon_core.shell:create_environment_hook('ouster_msgs', 'ld_library_path_lib')
[12.745s] INFO:colcon.colcon_core.shell:Creating environment hook '/home/jetson/ros-workspace/install/ouster_msgs/share/ouster_msgs/hook/ld_library_path_lib.ps1'
[12.747s] INFO:colcon.colcon_core.shell:Creating environment descriptor '/home/jetson/ros-workspace/install/ouster_msgs/share/ouster_msgs/hook/ld_library_path_lib.dsv'
[12.749s] INFO:colcon.colcon_core.shell:Creating environment hook '/home/jetson/ros-workspace/install/ouster_msgs/share/ouster_msgs/hook/ld_library_path_lib.sh'
[12.752s] Level 1:colcon.colcon_core.environment:checking '/home/jetson/ros-workspace/install/ouster_msgs/bin'
[12.752s] Level 1:colcon.colcon_core.environment:checking '/home/jetson/ros-workspace/install/ouster_msgs/lib/pkgconfig/ouster_msgs.pc'
[12.754s] Level 1:colcon.colcon_core.environment:checking '/home/jetson/ros-workspace/install/ouster_msgs/lib/python3.8/site-packages'
[12.756s] Level 1:colcon.colcon_core.shell:create_environment_hook('ouster_msgs', 'pythonpath')
[12.763s] INFO:colcon.colcon_core.shell:Creating environment hook '/home/jetson/ros-workspace/install/ouster_msgs/share/ouster_msgs/hook/pythonpath.ps1'
[12.766s] INFO:colcon.colcon_core.shell:Creating environment descriptor '/home/jetson/ros-workspace/install/ouster_msgs/share/ouster_msgs/hook/pythonpath.dsv'
[12.768s] INFO:colcon.colcon_core.shell:Creating environment hook '/home/jetson/ros-workspace/install/ouster_msgs/share/ouster_msgs/hook/pythonpath.sh'
[12.772s] Level 1:colcon.colcon_core.environment:checking '/home/jetson/ros-workspace/install/ouster_msgs/bin'
[12.783s] INFO:colcon.colcon_core.shell:Creating package script '/home/jetson/ros-workspace/install/ouster_msgs/share/ouster_msgs/package.ps1'
[12.789s] INFO:colcon.colcon_core.shell:Creating package descriptor '/home/jetson/ros-workspace/install/ouster_msgs/share/ouster_msgs/package.dsv'
[12.792s] INFO:colcon.colcon_core.shell:Creating package script '/home/jetson/ros-workspace/install/ouster_msgs/share/ouster_msgs/package.sh'
[12.795s] INFO:colcon.colcon_core.shell:Creating package script '/home/jetson/ros-workspace/install/ouster_msgs/share/ouster_msgs/package.bash'
[12.798s] INFO:colcon.colcon_core.shell:Creating package script '/home/jetson/ros-workspace/install/ouster_msgs/share/ouster_msgs/package.zsh'
[12.800s] Level 1:colcon.colcon_core.environment:create_file_with_runtime_dependencies(/home/jetson/ros-workspace/install/ouster_msgs/share/colcon-core/packages/ouster_msgs)
[13.058s] DEBUG:colcon.colcon_core.event_handler.log_command:Invoked command in '/home/jetson/ros-workspace/build/pointcloud_to_laserscan' returned '0': CMAKE_PREFIX_PATH=${CMAKE_PREFIX_PATH}:/opt/ros/foxy /usr/bin/cmake --build /home/jetson/ros-workspace/build/pointcloud_to_laserscan -- -j6 -l6
[13.336s] DEBUG:colcon.colcon_core.event_handler.log_command:Invoking command in '/home/jetson/ros-workspace/build/pointcloud_to_laserscan': CMAKE_PREFIX_PATH=${CMAKE_PREFIX_PATH}:/opt/ros/foxy /usr/bin/cmake --install /home/jetson/ros-workspace/build/pointcloud_to_laserscan
[13.392s] Level 1:colcon.colcon_core.environment:create_environment_scripts_only(ouster_srvs)
[13.413s] Level 1:colcon.colcon_core.environment:checking '/home/jetson/ros-workspace/install/ouster_srvs' for CMake module files
[13.429s] Level 1:colcon.colcon_core.environment:checking '/home/jetson/ros-workspace/install/ouster_srvs' for CMake config files
[13.441s] Level 1:colcon.colcon_core.shell:create_environment_hook('ouster_srvs', 'cmake_prefix_path')
[13.450s] INFO:colcon.colcon_core.shell:Creating environment hook '/home/jetson/ros-workspace/install/ouster_srvs/share/ouster_srvs/hook/cmake_prefix_path.ps1'
[13.456s] INFO:colcon.colcon_core.shell:Creating environment descriptor '/home/jetson/ros-workspace/install/ouster_srvs/share/ouster_srvs/hook/cmake_prefix_path.dsv'
[13.459s] INFO:colcon.colcon_core.shell:Creating environment hook '/home/jetson/ros-workspace/install/ouster_srvs/share/ouster_srvs/hook/cmake_prefix_path.sh'
[13.463s] Level 1:colcon.colcon_core.environment:checking '/home/jetson/ros-workspace/install/ouster_srvs/lib'
[13.464s] Level 1:colcon.colcon_core.shell:create_environment_hook('ouster_srvs', 'ld_library_path_lib')
[13.471s] INFO:colcon.colcon_core.shell:Creating environment hook '/home/jetson/ros-workspace/install/ouster_srvs/share/ouster_srvs/hook/ld_library_path_lib.ps1'
[13.474s] INFO:colcon.colcon_core.shell:Creating environment descriptor '/home/jetson/ros-workspace/install/ouster_srvs/share/ouster_srvs/hook/ld_library_path_lib.dsv'
[13.476s] INFO:colcon.colcon_core.shell:Creating environment hook '/home/jetson/ros-workspace/install/ouster_srvs/share/ouster_srvs/hook/ld_library_path_lib.sh'
[13.478s] Level 1:colcon.colcon_core.environment:checking '/home/jetson/ros-workspace/install/ouster_srvs/bin'
[13.478s] Level 1:colcon.colcon_core.environment:checking '/home/jetson/ros-workspace/install/ouster_srvs/lib/pkgconfig/ouster_srvs.pc'
[13.480s] Level 1:colcon.colcon_core.environment:checking '/home/jetson/ros-workspace/install/ouster_srvs/lib/python3.8/site-packages'
[13.480s] Level 1:colcon.colcon_core.shell:create_environment_hook('ouster_srvs', 'pythonpath')
[13.489s] INFO:colcon.colcon_core.shell:Creating environment hook '/home/jetson/ros-workspace/install/ouster_srvs/share/ouster_srvs/hook/pythonpath.ps1'
[13.492s] INFO:colcon.colcon_core.shell:Creating environment descriptor '/home/jetson/ros-workspace/install/ouster_srvs/share/ouster_srvs/hook/pythonpath.dsv'
[13.494s] INFO:colcon.colcon_core.shell:Creating environment hook '/home/jetson/ros-workspace/install/ouster_srvs/share/ouster_srvs/hook/pythonpath.sh'
[13.497s] Level 1:colcon.colcon_core.environment:checking '/home/jetson/ros-workspace/install/ouster_srvs/bin'
[13.506s] INFO:colcon.colcon_core.shell:Creating package script '/home/jetson/ros-workspace/install/ouster_srvs/share/ouster_srvs/package.ps1'
[13.511s] INFO:colcon.colcon_core.shell:Creating package descriptor '/home/jetson/ros-workspace/install/ouster_srvs/share/ouster_srvs/package.dsv'
[13.514s] INFO:colcon.colcon_core.shell:Creating package script '/home/jetson/ros-workspace/install/ouster_srvs/share/ouster_srvs/package.sh'
[13.517s] INFO:colcon.colcon_core.shell:Creating package script '/home/jetson/ros-workspace/install/ouster_srvs/share/ouster_srvs/package.bash'
[13.521s] INFO:colcon.colcon_core.shell:Creating package script '/home/jetson/ros-workspace/install/ouster_srvs/share/ouster_srvs/package.zsh'
[13.525s] Level 1:colcon.colcon_core.environment:create_file_with_runtime_dependencies(/home/jetson/ros-workspace/install/ouster_srvs/share/colcon-core/packages/ouster_srvs)
[13.528s] INFO:colcon.colcon_ros.task.ament_cmake.build:Building ROS package in '/home/jetson/ros-workspace/src/ouster-ros/ouster-ros' with build type 'ament_cmake'
[13.529s] INFO:colcon.colcon_cmake.task.cmake.build:Building CMake package in '/home/jetson/ros-workspace/src/ouster-ros/ouster-ros'
[13.539s] INFO:colcon.colcon_core.shell:Skip shell extension 'powershell' for command environment: Not usable outside of PowerShell
[13.540s] DEBUG:colcon.colcon_core.shell:Skip shell extension 'dsv' for command environment
[13.600s] Level 1:colcon.colcon_core.environment:create_environment_scripts_only(pointcloud_to_laserscan)
[13.606s] DEBUG:colcon.colcon_core.event_handler.log_command:Invoked command in '/home/jetson/ros-workspace/build/pointcloud_to_laserscan' returned '0': CMAKE_PREFIX_PATH=${CMAKE_PREFIX_PATH}:/opt/ros/foxy /usr/bin/cmake --install /home/jetson/ros-workspace/build/pointcloud_to_laserscan
[13.624s] Level 1:colcon.colcon_core.environment:checking '/home/jetson/ros-workspace/install/pointcloud_to_laserscan' for CMake module files
[13.629s] Level 1:colcon.colcon_core.environment:checking '/home/jetson/ros-workspace/install/pointcloud_to_laserscan' for CMake config files
[13.633s] Level 1:colcon.colcon_core.shell:create_environment_hook('pointcloud_to_laserscan', 'cmake_prefix_path')
[13.642s] INFO:colcon.colcon_core.shell:Creating environment hook '/home/jetson/ros-workspace/install/pointcloud_to_laserscan/share/pointcloud_to_laserscan/hook/cmake_prefix_path.ps1'
[13.646s] INFO:colcon.colcon_core.shell:Creating environment descriptor '/home/jetson/ros-workspace/install/pointcloud_to_laserscan/share/pointcloud_to_laserscan/hook/cmake_prefix_path.dsv'
[13.648s] INFO:colcon.colcon_core.shell:Creating environment hook '/home/jetson/ros-workspace/install/pointcloud_to_laserscan/share/pointcloud_to_laserscan/hook/cmake_prefix_path.sh'
[13.652s] Level 1:colcon.colcon_core.environment:checking '/home/jetson/ros-workspace/install/pointcloud_to_laserscan/lib'
[13.652s] Level 1:colcon.colcon_core.shell:create_environment_hook('pointcloud_to_laserscan', 'ld_library_path_lib')
[13.660s] INFO:colcon.colcon_core.shell:Creating environment hook '/home/jetson/ros-workspace/install/pointcloud_to_laserscan/share/pointcloud_to_laserscan/hook/ld_library_path_lib.ps1'
[13.664s] INFO:colcon.colcon_core.shell:Creating environment descriptor '/home/jetson/ros-workspace/install/pointcloud_to_laserscan/share/pointcloud_to_laserscan/hook/ld_library_path_lib.dsv'
[13.666s] INFO:colcon.colcon_core.shell:Creating environment hook '/home/jetson/ros-workspace/install/pointcloud_to_laserscan/share/pointcloud_to_laserscan/hook/ld_library_path_lib.sh'
[13.668s] Level 1:colcon.colcon_core.environment:checking '/home/jetson/ros-workspace/install/pointcloud_to_laserscan/bin'
[13.669s] Level 1:colcon.colcon_core.environment:checking '/home/jetson/ros-workspace/install/pointcloud_to_laserscan/lib/pkgconfig/pointcloud_to_laserscan.pc'
[13.670s] Level 1:colcon.colcon_core.environment:checking '/home/jetson/ros-workspace/install/pointcloud_to_laserscan/lib/python3.8/site-packages'
[13.671s] Level 1:colcon.colcon_core.environment:checking '/home/jetson/ros-workspace/install/pointcloud_to_laserscan/bin'
[13.679s] INFO:colcon.colcon_core.shell:Creating package script '/home/jetson/ros-workspace/install/pointcloud_to_laserscan/share/pointcloud_to_laserscan/package.ps1'
[13.682s] INFO:colcon.colcon_core.shell:Creating package descriptor '/home/jetson/ros-workspace/install/pointcloud_to_laserscan/share/pointcloud_to_laserscan/package.dsv'
[13.684s] INFO:colcon.colcon_core.shell:Creating package script '/home/jetson/ros-workspace/install/pointcloud_to_laserscan/share/pointcloud_to_laserscan/package.sh'
[13.687s] INFO:colcon.colcon_core.shell:Creating package script '/home/jetson/ros-workspace/install/pointcloud_to_laserscan/share/pointcloud_to_laserscan/package.bash'
[13.688s] INFO:colcon.colcon_core.shell:Creating package script '/home/jetson/ros-workspace/install/pointcloud_to_laserscan/share/pointcloud_to_laserscan/package.zsh'
[13.690s] Level 1:colcon.colcon_core.environment:create_file_with_runtime_dependencies(/home/jetson/ros-workspace/install/pointcloud_to_laserscan/share/colcon-core/packages/pointcloud_to_laserscan)
[13.756s] DEBUG:colcon.colcon_core.event_handler.log_command:Invoking command in '/home/jetson/ros-workspace/build/ouster_ros': CMAKE_PREFIX_PATH=/home/jetson/ros-workspace/install/ouster_srvs:/home/jetson/ros-workspace/install/ouster_msgs:/home/jetson/ros-workspace/install/ros2_esp32:/home/jetson/ros-workspace/install/pointcloud_to_laserscan:/home/jetson/ros-workspace/install/ouster_ros:/home/jetson/ros-workspace/install/navigation:/home/jetson/ros-workspace/install/micro_ros_setup:/opt/ros/foxy LD_LIBRARY_PATH=/home/jetson/ros-workspace/install/ouster_srvs/lib:/home/jetson/ros-workspace/install/ouster_msgs/lib:/home/jetson/ros-workspace/install/pointcloud_to_laserscan/lib:/home/jetson/ros-workspace/install/ouster_ros/lib:/opt/ros/foxy/opt/yaml_cpp_vendor/lib:/opt/ros/foxy/opt/rviz_ogre_vendor/lib:/opt/ros/foxy/lib/aarch64-linux-gnu:/opt/ros/foxy/lib:/usr/local/cuda-11.4/lib64 /usr/bin/cmake /home/jetson/ros-workspace/src/ouster-ros/ouster-ros -DCMAKE_BUILD_TYPE=Release -DAMENT_CMAKE_SYMLINK_INSTALL=1 -DCMAKE_INSTALL_PREFIX=/home/jetson/ros-workspace/install/ouster_ros
[13.953s] Level 1:colcon.colcon_core.environment:create_environment_scripts_only(pointcloud_to_laserscan)
[13.965s] Level 1:colcon.colcon_core.environment:checking '/home/jetson/ros-workspace/install/pointcloud_to_laserscan' for CMake module files
[13.970s] Level 1:colcon.colcon_core.environment:checking '/home/jetson/ros-workspace/install/pointcloud_to_laserscan' for CMake config files
[13.973s] Level 1:colcon.colcon_core.shell:create_environment_hook('pointcloud_to_laserscan', 'cmake_prefix_path')
[13.980s] INFO:colcon.colcon_core.shell:Creating environment hook '/home/jetson/ros-workspace/install/pointcloud_to_laserscan/share/pointcloud_to_laserscan/hook/cmake_prefix_path.ps1'
[13.984s] INFO:colcon.colcon_core.shell:Creating environment descriptor '/home/jetson/ros-workspace/install/pointcloud_to_laserscan/share/pointcloud_to_laserscan/hook/cmake_prefix_path.dsv'
[13.986s] INFO:colcon.colcon_core.shell:Creating environment hook '/home/jetson/ros-workspace/install/pointcloud_to_laserscan/share/pointcloud_to_laserscan/hook/cmake_prefix_path.sh'
[13.990s] Level 1:colcon.colcon_core.environment:checking '/home/jetson/ros-workspace/install/pointcloud_to_laserscan/lib'
[13.991s] Level 1:colcon.colcon_core.shell:create_environment_hook('pointcloud_to_laserscan', 'ld_library_path_lib')
[14.000s] INFO:colcon.colcon_core.shell:Creating environment hook '/home/jetson/ros-workspace/install/pointcloud_to_laserscan/share/pointcloud_to_laserscan/hook/ld_library_path_lib.ps1'
[14.003s] INFO:colcon.colcon_core.shell:Creating environment descriptor '/home/jetson/ros-workspace/install/pointcloud_to_laserscan/share/pointcloud_to_laserscan/hook/ld_library_path_lib.dsv'
[14.005s] INFO:colcon.colcon_core.shell:Creating environment hook '/home/jetson/ros-workspace/install/pointcloud_to_laserscan/share/pointcloud_to_laserscan/hook/ld_library_path_lib.sh'
[14.008s] Level 1:colcon.colcon_core.environment:checking '/home/jetson/ros-workspace/install/pointcloud_to_laserscan/bin'
[14.008s] Level 1:colcon.colcon_core.environment:checking '/home/jetson/ros-workspace/install/pointcloud_to_laserscan/lib/pkgconfig/pointcloud_to_laserscan.pc'
[14.010s] Level 1:colcon.colcon_core.environment:checking '/home/jetson/ros-workspace/install/pointcloud_to_laserscan/lib/python3.8/site-packages'
[14.011s] Level 1:colcon.colcon_core.environment:checking '/home/jetson/ros-workspace/install/pointcloud_to_laserscan/bin'
[14.019s] INFO:colcon.colcon_core.shell:Creating package script '/home/jetson/ros-workspace/install/pointcloud_to_laserscan/share/pointcloud_to_laserscan/package.ps1'
[14.022s] INFO:colcon.colcon_core.shell:Creating package descriptor '/home/jetson/ros-workspace/install/pointcloud_to_laserscan/share/pointcloud_to_laserscan/package.dsv'
[14.025s] INFO:colcon.colcon_core.shell:Creating package script '/home/jetson/ros-workspace/install/pointcloud_to_laserscan/share/pointcloud_to_laserscan/package.sh'
[14.028s] INFO:colcon.colcon_core.shell:Creating package script '/home/jetson/ros-workspace/install/pointcloud_to_laserscan/share/pointcloud_to_laserscan/package.bash'
[14.031s] INFO:colcon.colcon_core.shell:Creating package script '/home/jetson/ros-workspace/install/pointcloud_to_laserscan/share/pointcloud_to_laserscan/package.zsh'
[14.033s] Level 1:colcon.colcon_core.environment:create_file_with_runtime_dependencies(/home/jetson/ros-workspace/install/pointcloud_to_laserscan/share/colcon-core/packages/pointcloud_to_laserscan)
[21.306s] DEBUG:colcon.colcon_core.event_handler.log_command:Invoked command in '/home/jetson/ros-workspace/build/sbg_driver' returned '1': CMAKE_PREFIX_PATH=${CMAKE_PREFIX_PATH}:/opt/ros/foxy /usr/bin/cmake /home/jetson/ros-workspace/src/sbg_ros2_driver -DCMAKE_BUILD_TYPE=Release -DAMENT_CMAKE_SYMLINK_INSTALL=1 -DCMAKE_INSTALL_PREFIX=/home/jetson/ros-workspace/install/sbg_driver
[21.398s] Level 1:colcon.colcon_core.environment:create_environment_scripts_only(sbg_driver)
[21.415s] Level 1:colcon.colcon_core.environment:checking '/home/jetson/ros-workspace/install/sbg_driver' for CMake module files
[21.418s] Level 1:colcon.colcon_core.environment:checking '/home/jetson/ros-workspace/install/sbg_driver' for CMake config files
[21.420s] Level 1:colcon.colcon_core.environment:checking '/home/jetson/ros-workspace/install/sbg_driver/bin'
[21.421s] Level 1:colcon.colcon_core.environment:checking '/home/jetson/ros-workspace/install/sbg_driver/lib/pkgconfig/sbg_driver.pc'
[21.422s] Level 1:colcon.colcon_core.environment:checking '/home/jetson/ros-workspace/install/sbg_driver/lib/python3.8/site-packages'
[21.423s] Level 1:colcon.colcon_core.environment:checking '/home/jetson/ros-workspace/install/sbg_driver/bin'
[21.431s] INFO:colcon.colcon_core.shell:Creating package script '/home/jetson/ros-workspace/install/sbg_driver/share/sbg_driver/package.ps1'
[21.435s] INFO:colcon.colcon_core.shell:Creating package descriptor '/home/jetson/ros-workspace/install/sbg_driver/share/sbg_driver/package.dsv'
[21.437s] INFO:colcon.colcon_core.shell:Creating package script '/home/jetson/ros-workspace/install/sbg_driver/share/sbg_driver/package.sh'
[21.445s] INFO:colcon.colcon_core.shell:Creating package script '/home/jetson/ros-workspace/install/sbg_driver/share/sbg_driver/package.bash'
[21.447s] INFO:colcon.colcon_core.shell:Creating package script '/home/jetson/ros-workspace/install/sbg_driver/share/sbg_driver/package.zsh'
[21.448s] Level 1:colcon.colcon_core.environment:create_file_with_runtime_dependencies(/home/jetson/ros-workspace/install/sbg_driver/share/colcon-core/packages/sbg_driver)
[22.053s] DEBUG:colcon.colcon_parallel_executor.executor.parallel:closing loop
[22.055s] DEBUG:colcon.colcon_parallel_executor.executor.parallel:loop closed
[22.056s] DEBUG:colcon.colcon_parallel_executor.executor.parallel:run_until_complete finished with '1'
[22.057s] DEBUG:colcon.colcon_core.event_reactor:joining thread
[22.097s] INFO:colcon.colcon_core.plugin_system:Skipping extension 'colcon_notification.desktop_notification.terminal_notifier': Not used on non-Darwin systems
[22.097s] INFO:colcon.colcon_core.plugin_system:Skipping extension 'colcon_notification.desktop_notification.win32': Not used on non-Windows systems
[22.097s] INFO:colcon.colcon_notification.desktop_notification:Sending desktop notification using 'notify2'
[22.196s] DEBUG:colcon.colcon_core.event_reactor:joined thread
[22.203s] INFO:colcon.colcon_core.shell:Creating prefix script '/home/jetson/ros-workspace/install/local_setup.ps1'
[22.209s] INFO:colcon.colcon_core.shell:Creating prefix util module '/home/jetson/ros-workspace/install/_local_setup_util_ps1.py'
[22.215s] INFO:colcon.colcon_core.shell:Creating prefix chain script '/home/jetson/ros-workspace/install/setup.ps1'
[22.226s] INFO:colcon.colcon_core.shell:Creating prefix script '/home/jetson/ros-workspace/install/local_setup.sh'
[22.229s] INFO:colcon.colcon_core.shell:Creating prefix util module '/home/jetson/ros-workspace/install/_local_setup_util_sh.py'
[22.231s] INFO:colcon.colcon_core.shell:Creating prefix chain script '/home/jetson/ros-workspace/install/setup.sh'
[22.241s] INFO:colcon.colcon_core.shell:Creating prefix script '/home/jetson/ros-workspace/install/local_setup.bash'
[22.244s] INFO:colcon.colcon_core.shell:Creating prefix chain script '/home/jetson/ros-workspace/install/setup.bash'
[22.254s] INFO:colcon.colcon_core.shell:Creating prefix script '/home/jetson/ros-workspace/install/local_setup.zsh'
[22.257s] INFO:colcon.colcon_core.shell:Creating prefix chain script '/home/jetson/ros-workspace/install/setup.zsh'
