[0.043s] Invoking command in '/home/uocav/ros-workspace/build/mini_bot_description': CMAKE_PREFIX_PATH=${CMAKE_PREFIX_PATH}:/home/uocav/ros-workspace/install/urdf_tutorial_r2d2:/opt/ros/foxy /usr/bin/cmake /home/uocav/ros-workspace/src/mini_bot_description -DCMAKE_INSTALL_PREFIX=/home/uocav/ros-workspace/install/mini_bot_description
[0.061s] -- Found ament_cmake: 0.9.12 (/opt/ros/foxy/share/ament_cmake/cmake)
[0.096s] -- Using PYTHON_EXECUTABLE: /usr/bin/python3
[0.342s] -- Override CMake install command with custom implementation using symlinks instead of copying resources
[0.354s] -- Found ament_lint_auto: 0.9.8 (/opt/ros/foxy/share/ament_lint_auto/cmake)
[0.420s] -- Added test 'copyright' to check source files copyright and LICENSE
[0.422s] -- Added test 'flake8' to check Python code syntax and style conventions
[0.422s] -- Added test 'lint_cmake' to check CMake code style
[0.425s] -- Added test 'pep257' to check Python code against some of the style conventions in PEP 257
[0.425s] -- Added test 'xmllint' to check XML markup files
[0.427s] -- Configuring done
[0.429s] -- Generating done
[0.430s] -- Build files have been written to: /home/uocav/ros-workspace/build/mini_bot_description
[0.436s] Invoked command in '/home/uocav/ros-workspace/build/mini_bot_description' returned '0': CMAKE_PREFIX_PATH=${CMAKE_PREFIX_PATH}:/home/uocav/ros-workspace/install/urdf_tutorial_r2d2:/opt/ros/foxy /usr/bin/cmake /home/uocav/ros-workspace/src/mini_bot_description -DCMAKE_INSTALL_PREFIX=/home/uocav/ros-workspace/install/mini_bot_description
[0.437s] Invoking command in '/home/uocav/ros-workspace/build/mini_bot_description': CMAKE_PREFIX_PATH=${CMAKE_PREFIX_PATH}:/home/uocav/ros-workspace/install/urdf_tutorial_r2d2:/opt/ros/foxy /usr/bin/cmake --build /home/uocav/ros-workspace/build/mini_bot_description -- -j6 -l6
[0.479s] Invoked command in '/home/uocav/ros-workspace/build/mini_bot_description' returned '0': CMAKE_PREFIX_PATH=${CMAKE_PREFIX_PATH}:/home/uocav/ros-workspace/install/urdf_tutorial_r2d2:/opt/ros/foxy /usr/bin/cmake --build /home/uocav/ros-workspace/build/mini_bot_description -- -j6 -l6
[0.549s] Invoking command in '/home/uocav/ros-workspace/build/mini_bot_description': CMAKE_PREFIX_PATH=${CMAKE_PREFIX_PATH}:/home/uocav/ros-workspace/install/urdf_tutorial_r2d2:/opt/ros/foxy /usr/bin/cmake --install /home/uocav/ros-workspace/build/mini_bot_description
[0.560s] -- Install configuration: "RelWithDebInfo"
[0.560s] -- Execute custom install script
[0.560s] -- Up-to-date symlink: /home/uocav/ros-workspace/install/mini_bot_description/share/mini_bot_description/src/description/prototype.urdf
[0.560s] -- Up-to-date symlink: /home/uocav/ros-workspace/install/mini_bot_description/share/mini_bot_description/launch/display.launch.py
[0.560s] -- Up-to-date symlink: /home/uocav/ros-workspace/install/mini_bot_description/share/mini_bot_description/launch/robot_state.launch.py
[0.560s] -- Up-to-date symlink: /home/uocav/ros-workspace/install/mini_bot_description/share/mini_bot_description/rviz/urdf_config.rviz
[0.561s] -- Up-to-date symlink: /home/uocav/ros-workspace/install/mini_bot_description/share/ament_index/resource_index/package_run_dependencies/mini_bot_description
[0.561s] -- Up-to-date symlink: /home/uocav/ros-workspace/install/mini_bot_description/share/ament_index/resource_index/parent_prefix_path/mini_bot_description
[0.561s] -- Up-to-date symlink: /home/uocav/ros-workspace/install/mini_bot_description/share/mini_bot_description/environment/ament_prefix_path.sh
[0.561s] -- Up-to-date symlink: /home/uocav/ros-workspace/install/mini_bot_description/share/mini_bot_description/environment/ament_prefix_path.dsv
[0.561s] -- Up-to-date symlink: /home/uocav/ros-workspace/install/mini_bot_description/share/mini_bot_description/environment/path.sh
[0.561s] -- Up-to-date symlink: /home/uocav/ros-workspace/install/mini_bot_description/share/mini_bot_description/environment/path.dsv
[0.561s] -- Up-to-date symlink: /home/uocav/ros-workspace/install/mini_bot_description/share/mini_bot_description/local_setup.bash
[0.562s] -- Up-to-date symlink: /home/uocav/ros-workspace/install/mini_bot_description/share/mini_bot_description/local_setup.sh
[0.562s] -- Up-to-date symlink: /home/uocav/ros-workspace/install/mini_bot_description/share/mini_bot_description/local_setup.zsh
[0.562s] -- Up-to-date symlink: /home/uocav/ros-workspace/install/mini_bot_description/share/mini_bot_description/local_setup.dsv
[0.562s] -- Symlinking: /home/uocav/ros-workspace/install/mini_bot_description/share/mini_bot_description/package.dsv
[0.574s] -- Up-to-date symlink: /home/uocav/ros-workspace/install/mini_bot_description/share/ament_index/resource_index/packages/mini_bot_description
[0.574s] -- Up-to-date symlink: /home/uocav/ros-workspace/install/mini_bot_description/share/mini_bot_description/cmake/mini_bot_descriptionConfig.cmake
[0.574s] -- Up-to-date symlink: /home/uocav/ros-workspace/install/mini_bot_description/share/mini_bot_description/cmake/mini_bot_descriptionConfig-version.cmake
[0.574s] -- Up-to-date symlink: /home/uocav/ros-workspace/install/mini_bot_description/share/mini_bot_description/package.xml
[0.600s] Invoked command in '/home/uocav/ros-workspace/build/mini_bot_description' returned '0': CMAKE_PREFIX_PATH=${CMAKE_PREFIX_PATH}:/home/uocav/ros-workspace/install/urdf_tutorial_r2d2:/opt/ros/foxy /usr/bin/cmake --install /home/uocav/ros-workspace/build/mini_bot_description
