[0.057s] Invoking command in '/home/uocav/ros-workspace/build/ouster_msgs': CMAKE_PREFIX_PATH=${CMAKE_PREFIX_PATH}:/home/uocav/ros-workspace/install/urdf_tutorial_r2d2:/opt/ros/foxy /usr/bin/cmake /home/uocav/ros-workspace/src/ouster-ros/ouster-msgs -DCMAKE_INSTALL_PREFIX=/home/uocav/ros-workspace/install/ouster_msgs
[0.091s] -- Found ament_cmake: 0.9.12 (/opt/ros/foxy/share/ament_cmake/cmake)
[0.102s] -- Found PythonInterp: /usr/bin/python3 (found suitable version "3.8.10", minimum required is "3") 
[0.102s] -- Using PYTHON_EXECUTABLE: /usr/bin/python3
[0.263s] -- Override CMake install command with custom implementation using symlinks instead of copying resources
[0.269s] -- Found rosidl_default_generators: 1.0.1 (/opt/ros/foxy/share/rosidl_default_generators/cmake)
[0.272s] -- Using all available rosidl_typesupport_c: rosidl_typesupport_fastrtps_c;rosidl_typesupport_introspection_c
[0.275s] -- Found rosidl_adapter: 1.3.1 (/opt/ros/foxy/share/rosidl_adapter/cmake)
[0.404s] -- Using all available rosidl_typesupport_cpp: rosidl_typesupport_fastrtps_cpp;rosidl_typesupport_introspection_cpp
[0.448s] -- Found PythonInterp: /usr/bin/python3 (found version "3.8.10") 
[0.574s] -- Found ament_cmake_ros: 0.9.2 (/opt/ros/foxy/share/ament_cmake_ros/cmake)
[0.665s] -- Using all available rosidl_typesupport_c: rosidl_typesupport_fastrtps_c;rosidl_typesupport_introspection_c
[0.671s] -- Using all available rosidl_typesupport_cpp: rosidl_typesupport_fastrtps_cpp;rosidl_typesupport_introspection_cpp
[0.694s] -- Found PythonInterp: /usr/bin/python3 (found suitable version "3.8.10", minimum required is "3.5") 
[0.694s] -- Found python_cmake_module: 0.8.1 (/opt/ros/foxy/share/python_cmake_module/cmake)
[0.721s] -- Using PYTHON_EXECUTABLE: /usr/bin/python3
[0.721s] -- Using PYTHON_INCLUDE_DIRS: /usr/include/python3.8
[0.721s] -- Using PYTHON_LIBRARIES: /usr/lib/x86_64-linux-gnu/libpython3.8.so
[0.748s] -- Configuring done
[0.773s] -- Generating done
[0.778s] -- Build files have been written to: /home/uocav/ros-workspace/build/ouster_msgs
[0.790s] Invoked command in '/home/uocav/ros-workspace/build/ouster_msgs' returned '0': CMAKE_PREFIX_PATH=${CMAKE_PREFIX_PATH}:/home/uocav/ros-workspace/install/urdf_tutorial_r2d2:/opt/ros/foxy /usr/bin/cmake /home/uocav/ros-workspace/src/ouster-ros/ouster-msgs -DCMAKE_INSTALL_PREFIX=/home/uocav/ros-workspace/install/ouster_msgs
[0.791s] Invoking command in '/home/uocav/ros-workspace/build/ouster_msgs': CMAKE_PREFIX_PATH=${CMAKE_PREFIX_PATH}:/home/uocav/ros-workspace/install/urdf_tutorial_r2d2:/opt/ros/foxy /usr/bin/cmake --build /home/uocav/ros-workspace/build/ouster_msgs -- -j6 -l6
[0.847s] [  9%] Built target ouster_msgs__rosidl_generator_c
[0.872s] [ 12%] Built target ouster_msgs__cpp
[0.902s] [ 22%] Built target ouster_msgs__rosidl_typesupport_introspection_c
[0.920s] [ 32%] Built target ouster_msgs__rosidl_typesupport_introspection_cpp
[0.927s] [ 51%] Built target ouster_msgs__rosidl_typesupport_fastrtps_cpp
[0.928s] [ 51%] Built target ouster_msgs__rosidl_typesupport_c
[0.941s] [ 61%] Built target ouster_msgs__rosidl_typesupport_cpp
[0.968s] [ 70%] Built target ouster_msgs__rosidl_typesupport_fastrtps_c
[0.987s] [ 70%] Built target ouster_msgs
[1.012s] [ 74%] Built target ouster_msgs__py
[1.036s] [ 80%] Built target ouster_msgs__python
[1.069s] [ 87%] Built target ouster_msgs__rosidl_typesupport_introspection_c__pyext
[1.070s] [ 93%] Built target ouster_msgs__rosidl_typesupport_c__pyext
[1.077s] [100%] Built target ouster_msgs__rosidl_typesupport_fastrtps_c__pyext
[1.091s] Invoked command in '/home/uocav/ros-workspace/build/ouster_msgs' returned '0': CMAKE_PREFIX_PATH=${CMAKE_PREFIX_PATH}:/home/uocav/ros-workspace/install/urdf_tutorial_r2d2:/opt/ros/foxy /usr/bin/cmake --build /home/uocav/ros-workspace/build/ouster_msgs -- -j6 -l6
[1.161s] Invoking command in '/home/uocav/ros-workspace/build/ouster_msgs': CMAKE_PREFIX_PATH=${CMAKE_PREFIX_PATH}:/home/uocav/ros-workspace/install/urdf_tutorial_r2d2:/opt/ros/foxy /usr/bin/cmake --install /home/uocav/ros-workspace/build/ouster_msgs
[1.172s] -- Install configuration: "Release"
[1.172s] -- Execute custom install script
[1.172s] -- Up-to-date symlink: /home/uocav/ros-workspace/install/ouster_msgs/share/ament_index/resource_index/rosidl_interfaces/ouster_msgs
[1.172s] -- Up-to-date symlink: /home/uocav/ros-workspace/install/ouster_msgs/include/ouster_msgs/msg/detail/packet_msg__functions.h
[1.172s] -- Up-to-date symlink: /home/uocav/ros-workspace/install/ouster_msgs/include/ouster_msgs/msg/detail/packet_msg__struct.h
[1.172s] -- Up-to-date symlink: /home/uocav/ros-workspace/install/ouster_msgs/include/ouster_msgs/msg/detail/packet_msg__type_support.h
[1.172s] -- Up-to-date symlink: /home/uocav/ros-workspace/install/ouster_msgs/include/ouster_msgs/msg/packet_msg.h
[1.172s] -- Up-to-date symlink: /home/uocav/ros-workspace/install/ouster_msgs/include/ouster_msgs/msg/rosidl_generator_c__visibility_control.h
[1.172s] -- Up-to-date symlink: /home/uocav/ros-workspace/install/ouster_msgs/share/ouster_msgs/environment/library_path.sh
[1.173s] -- Up-to-date symlink: /home/uocav/ros-workspace/install/ouster_msgs/share/ouster_msgs/environment/library_path.dsv
[1.173s] -- Up-to-date symlink: /home/uocav/ros-workspace/install/ouster_msgs/include/ouster_msgs/msg/detail/packet_msg__rosidl_typesupport_fastrtps_c.h
[1.173s] -- Up-to-date symlink: /home/uocav/ros-workspace/install/ouster_msgs/include/ouster_msgs/msg/rosidl_typesupport_fastrtps_c__visibility_control.h
[1.175s] -- Up-to-date symlink: /home/uocav/ros-workspace/install/ouster_msgs/lib/libouster_msgs__rosidl_typesupport_fastrtps_c.so
[1.175s] -- Up-to-date symlink: /home/uocav/ros-workspace/install/ouster_msgs/include/ouster_msgs/msg/detail/packet_msg__rosidl_typesupport_fastrtps_cpp.hpp
[1.175s] -- Up-to-date symlink: /home/uocav/ros-workspace/install/ouster_msgs/include/ouster_msgs/msg/rosidl_typesupport_fastrtps_cpp__visibility_control.h
[1.175s] -- Up-to-date symlink: /home/uocav/ros-workspace/install/ouster_msgs/lib/libouster_msgs__rosidl_typesupport_fastrtps_cpp.so
[1.175s] -- Up-to-date symlink: /home/uocav/ros-workspace/install/ouster_msgs/include/ouster_msgs/msg/detail/packet_msg__rosidl_typesupport_introspection_c.h
[1.175s] -- Up-to-date symlink: /home/uocav/ros-workspace/install/ouster_msgs/include/ouster_msgs/msg/rosidl_typesupport_introspection_c__visibility_control.h
[1.175s] -- Up-to-date symlink: /home/uocav/ros-workspace/install/ouster_msgs/include/ouster_msgs/msg/detail/packet_msg__builder.hpp
[1.175s] -- Up-to-date symlink: /home/uocav/ros-workspace/install/ouster_msgs/include/ouster_msgs/msg/detail/packet_msg__struct.hpp
[1.175s] -- Up-to-date symlink: /home/uocav/ros-workspace/install/ouster_msgs/include/ouster_msgs/msg/detail/packet_msg__traits.hpp
[1.175s] -- Up-to-date symlink: /home/uocav/ros-workspace/install/ouster_msgs/include/ouster_msgs/msg/detail/packet_msg__type_support.hpp
[1.176s] -- Up-to-date symlink: /home/uocav/ros-workspace/install/ouster_msgs/include/ouster_msgs/msg/packet_msg.hpp
[1.176s] -- Up-to-date symlink: /home/uocav/ros-workspace/install/ouster_msgs/include/ouster_msgs/msg/rosidl_generator_cpp__visibility_control.hpp
[1.176s] -- Up-to-date symlink: /home/uocav/ros-workspace/install/ouster_msgs/include/ouster_msgs/msg/detail/packet_msg__rosidl_typesupport_introspection_cpp.hpp
[1.176s] -- Up-to-date symlink: /home/uocav/ros-workspace/install/ouster_msgs/share/ouster_msgs/environment/pythonpath.sh
[1.176s] -- Up-to-date symlink: /home/uocav/ros-workspace/install/ouster_msgs/share/ouster_msgs/environment/pythonpath.dsv
[1.177s] -- Up-to-date symlink: /home/uocav/ros-workspace/install/ouster_msgs/lib/python3.8/site-packages/ouster_msgs/__init__.py
[1.177s] -- Up-to-date symlink: /home/uocav/ros-workspace/install/ouster_msgs/lib/python3.8/site-packages/ouster_msgs/msg/__init__.py
[1.177s] -- Up-to-date symlink: /home/uocav/ros-workspace/install/ouster_msgs/lib/python3.8/site-packages/ouster_msgs/msg/_packet_msg.py
[1.177s] -- Up-to-date symlink: /home/uocav/ros-workspace/install/ouster_msgs/lib/python3.8/site-packages/ouster_msgs/ouster_msgs_s__rosidl_typesupport_fastrtps_c.cpython-38-x86_64-linux-gnu.so
[1.178s] -- Up-to-date symlink: /home/uocav/ros-workspace/install/ouster_msgs/lib/python3.8/site-packages/ouster_msgs/ouster_msgs_s__rosidl_typesupport_introspection_c.cpython-38-x86_64-linux-gnu.so
[1.178s] -- Up-to-date symlink: /home/uocav/ros-workspace/install/ouster_msgs/lib/python3.8/site-packages/ouster_msgs/ouster_msgs_s__rosidl_typesupport_c.cpython-38-x86_64-linux-gnu.so
[1.178s] -- Up-to-date symlink: /home/uocav/ros-workspace/install/ouster_msgs/lib/libouster_msgs__python.so
[1.178s] -- Up-to-date symlink: /home/uocav/ros-workspace/install/ouster_msgs/share/ouster_msgs/msg/PacketMsg.idl
[1.179s] -- Up-to-date symlink: /home/uocav/ros-workspace/install/ouster_msgs/share/ouster_msgs/msg/PacketMsg.msg
[1.179s] -- Up-to-date symlink: /home/uocav/ros-workspace/install/ouster_msgs/share/ament_index/resource_index/package_run_dependencies/ouster_msgs
[1.179s] -- Up-to-date symlink: /home/uocav/ros-workspace/install/ouster_msgs/share/ament_index/resource_index/parent_prefix_path/ouster_msgs
[1.179s] -- Up-to-date symlink: /home/uocav/ros-workspace/install/ouster_msgs/share/ouster_msgs/environment/ament_prefix_path.sh
[1.179s] -- Up-to-date symlink: /home/uocav/ros-workspace/install/ouster_msgs/share/ouster_msgs/environment/ament_prefix_path.dsv
[1.180s] -- Up-to-date symlink: /home/uocav/ros-workspace/install/ouster_msgs/share/ouster_msgs/environment/path.sh
[1.180s] -- Up-to-date symlink: /home/uocav/ros-workspace/install/ouster_msgs/share/ouster_msgs/environment/path.dsv
[1.181s] -- Up-to-date symlink: /home/uocav/ros-workspace/install/ouster_msgs/share/ouster_msgs/local_setup.bash
[1.181s] -- Up-to-date symlink: /home/uocav/ros-workspace/install/ouster_msgs/share/ouster_msgs/local_setup.sh
[1.181s] -- Up-to-date symlink: /home/uocav/ros-workspace/install/ouster_msgs/share/ouster_msgs/local_setup.zsh
[1.182s] -- Up-to-date symlink: /home/uocav/ros-workspace/install/ouster_msgs/share/ouster_msgs/local_setup.dsv
[1.182s] -- Symlinking: /home/uocav/ros-workspace/install/ouster_msgs/share/ouster_msgs/package.dsv
[1.190s] -- Up-to-date symlink: /home/uocav/ros-workspace/install/ouster_msgs/share/ament_index/resource_index/packages/ouster_msgs
[1.191s] -- Up-to-date symlink: /home/uocav/ros-workspace/install/ouster_msgs/share/ouster_msgs/cmake/rosidl_cmake-extras.cmake
[1.191s] -- Up-to-date symlink: /home/uocav/ros-workspace/install/ouster_msgs/share/ouster_msgs/cmake/ament_cmake_export_dependencies-extras.cmake
[1.191s] -- Up-to-date symlink: /home/uocav/ros-workspace/install/ouster_msgs/share/ouster_msgs/cmake/ament_cmake_export_libraries-extras.cmake
[1.191s] -- Up-to-date symlink: /home/uocav/ros-workspace/install/ouster_msgs/share/ouster_msgs/cmake/ament_cmake_export_targets-extras.cmake
[1.191s] -- Up-to-date symlink: /home/uocav/ros-workspace/install/ouster_msgs/share/ouster_msgs/cmake/ament_cmake_export_include_directories-extras.cmake
[1.191s] -- Up-to-date symlink: /home/uocav/ros-workspace/install/ouster_msgs/share/ouster_msgs/cmake/rosidl_cmake_export_typesupport_libraries-extras.cmake
[1.192s] -- Up-to-date symlink: /home/uocav/ros-workspace/install/ouster_msgs/share/ouster_msgs/cmake/rosidl_cmake_export_typesupport_targets-extras.cmake
[1.192s] -- Up-to-date symlink: /home/uocav/ros-workspace/install/ouster_msgs/share/ouster_msgs/cmake/ouster_msgsConfig.cmake
[1.192s] -- Up-to-date symlink: /home/uocav/ros-workspace/install/ouster_msgs/share/ouster_msgs/cmake/ouster_msgsConfig-version.cmake
[1.192s] -- Up-to-date symlink: /home/uocav/ros-workspace/install/ouster_msgs/share/ouster_msgs/package.xml
[1.192s] -- Up-to-date: /home/uocav/ros-workspace/install/ouster_msgs/lib/libouster_msgs__rosidl_generator_c.so
[1.192s] -- Up-to-date: /home/uocav/ros-workspace/install/ouster_msgs/lib/libouster_msgs__rosidl_typesupport_introspection_c.so
[1.192s] -- Up-to-date: /home/uocav/ros-workspace/install/ouster_msgs/lib/libouster_msgs__rosidl_typesupport_c.so
[1.193s] -- Up-to-date: /home/uocav/ros-workspace/install/ouster_msgs/lib/libouster_msgs__rosidl_typesupport_introspection_cpp.so
[1.193s] -- Up-to-date: /home/uocav/ros-workspace/install/ouster_msgs/lib/libouster_msgs__rosidl_typesupport_cpp.so
[1.219s] Compiling '/home/uocav/ros-workspace/install/ouster_msgs/lib/python3.8/site-packages/ouster_msgs/__init__.py'...
[1.223s] -- Up-to-date: /home/uocav/ros-workspace/install/ouster_msgs/share/ouster_msgs/cmake/ouster_msgs__rosidl_generator_cExport.cmake
[1.223s] -- Installing: /home/uocav/ros-workspace/install/ouster_msgs/share/ouster_msgs/cmake/ouster_msgs__rosidl_generator_cExport-release.cmake
[1.223s] -- Up-to-date: /home/uocav/ros-workspace/install/ouster_msgs/share/ouster_msgs/cmake/ouster_msgs__rosidl_typesupport_introspection_cExport.cmake
[1.223s] -- Installing: /home/uocav/ros-workspace/install/ouster_msgs/share/ouster_msgs/cmake/ouster_msgs__rosidl_typesupport_introspection_cExport-release.cmake
[1.223s] -- Up-to-date: /home/uocav/ros-workspace/install/ouster_msgs/share/ouster_msgs/cmake/ouster_msgs__rosidl_typesupport_cExport.cmake
[1.223s] -- Installing: /home/uocav/ros-workspace/install/ouster_msgs/share/ouster_msgs/cmake/ouster_msgs__rosidl_typesupport_cExport-release.cmake
[1.223s] -- Up-to-date: /home/uocav/ros-workspace/install/ouster_msgs/share/ouster_msgs/cmake/ouster_msgs__rosidl_generator_cppExport.cmake
[1.223s] -- Up-to-date: /home/uocav/ros-workspace/install/ouster_msgs/share/ouster_msgs/cmake/ouster_msgs__rosidl_typesupport_introspection_cppExport.cmake
[1.224s] -- Installing: /home/uocav/ros-workspace/install/ouster_msgs/share/ouster_msgs/cmake/ouster_msgs__rosidl_typesupport_introspection_cppExport-release.cmake
[1.224s] -- Up-to-date: /home/uocav/ros-workspace/install/ouster_msgs/share/ouster_msgs/cmake/ouster_msgs__rosidl_typesupport_cppExport.cmake
[1.224s] -- Installing: /home/uocav/ros-workspace/install/ouster_msgs/share/ouster_msgs/cmake/ouster_msgs__rosidl_typesupport_cppExport-release.cmake
[1.239s] Invoked command in '/home/uocav/ros-workspace/build/ouster_msgs' returned '0': CMAKE_PREFIX_PATH=${CMAKE_PREFIX_PATH}:/home/uocav/ros-workspace/install/urdf_tutorial_r2d2:/opt/ros/foxy /usr/bin/cmake --install /home/uocav/ros-workspace/build/ouster_msgs
