-- The C compiler identification is GNU 11.4.0
-- The CXX compiler identification is GNU 11.4.0
-- Detecting C compiler ABI info
-- Detecting C compiler ABI info - done
-- Check for working C compiler: /usr/bin/cc - skipped
-- Detecting C compile features
-- Detecting C compile features - done
-- Detecting CXX compiler ABI info
-- Detecting CXX compiler ABI info - done
-- Check for working CXX compiler: /usr/bin/c++ - skipped
-- Detecting CXX compile features
-- Detecting CXX compile features - done
-- Found ament_cmake: 0.9.12 (/opt/ros/foxy/share/ament_cmake/cmake)
-- Found PythonInterp: /usr/bin/python3 (found suitable version "3.10.12", minimum required is "3") 
-- Using PYTHON_EXECUTABLE: /usr/bin/python3
-- Override CMake install command with custom implementation using symlinks instead of copying resources
-- Found rclcpp: 2.4.3 (/opt/ros/foxy/share/rclcpp/cmake)
-- Using all available rosidl_typesupport_c: rosidl_typesupport_fastrtps_c;rosidl_typesupport_introspection_c
-- Found rosidl_adapter: 1.3.1 (/opt/ros/foxy/share/rosidl_adapter/cmake)
-- Found OpenSSL: /usr/lib/x86_64-linux-gnu/libcrypto.so (found version "3.0.2")  
-- Using all available rosidl_typesupport_cpp: rosidl_typesupport_fastrtps_cpp;rosidl_typesupport_introspection_cpp
-- Found rmw_implementation_cmake: 1.0.4 (/opt/ros/foxy/share/rmw_implementation_cmake/cmake)
-- Using RMW implementation 'rmw_fastrtps_cpp' as default
-- Found nav_msgs: 2.0.5 (/opt/ros/foxy/share/nav_msgs/cmake)
-- Configuring done
-- Generating done
-- Build files have been written to: /home/uocav/ros-workspace/build/navigation
[ 50%] [32mBuilding CXX object CMakeFiles/occupancy_pub.dir/src/occupancy_grid_pub.cpp.o[0m
[100%] [32m[1mLinking CXX executable occupancy_pub[0m
/usr/bin/ld: /opt/ros/foxy/lib/librcl_logging_spdlog.so: undefined reference to `spdlog::details::log_msg::log_msg(spdlog::source_loc, fmt::v6::basic_string_view<char>, spdlog::level::level_enum, fmt::v6::basic_string_view<char>)'
collect2: error: ld returned 1 exit status
make[2]: *** [CMakeFiles/occupancy_pub.dir/build.make:155: occupancy_pub] Error 1
make[1]: *** [CMakeFiles/Makefile2:137: CMakeFiles/occupancy_pub.dir/all] Error 2
make: *** [Makefile:146: all] Error 2
