[0.349s] Invoking command in '/home/jetson/ros-workspace/build/navigation': CMAKE_PREFIX_PATH=${CMAKE_PREFIX_PATH}:/opt/ros/foxy /usr/bin/cmake --build /home/jetson/ros-workspace/build/navigation -- -j6 -l6
[1.208s] [100%] Built target occupancy_pub
[1.384s] Invoked command in '/home/jetson/ros-workspace/build/navigation' returned '0': CMAKE_PREFIX_PATH=${CMAKE_PREFIX_PATH}:/opt/ros/foxy /usr/bin/cmake --build /home/jetson/ros-workspace/build/navigation -- -j6 -l6
[1.839s] Invoking command in '/home/jetson/ros-workspace/build/navigation': CMAKE_PREFIX_PATH=${CMAKE_PREFIX_PATH}:/opt/ros/foxy /usr/bin/cmake --install /home/jetson/ros-workspace/build/navigation
[1.884s] -- Install configuration: "Release"
[1.884s] -- Execute custom install script
[1.885s] -- Up-to-date symlink: /home/jetson/ros-workspace/install/navigation/lib/navigation/occupancy_pub
[1.886s] -- Up-to-date symlink: /home/jetson/ros-workspace/install/navigation/share/ament_index/resource_index/package_run_dependencies/navigation
[1.886s] -- Up-to-date symlink: /home/jetson/ros-workspace/install/navigation/share/ament_index/resource_index/parent_prefix_path/navigation
[1.887s] -- Up-to-date symlink: /home/jetson/ros-workspace/install/navigation/share/navigation/environment/ament_prefix_path.sh
[1.887s] -- Up-to-date symlink: /home/jetson/ros-workspace/install/navigation/share/navigation/environment/ament_prefix_path.dsv
[1.888s] -- Up-to-date symlink: /home/jetson/ros-workspace/install/navigation/share/navigation/environment/path.sh
[1.888s] -- Up-to-date symlink: /home/jetson/ros-workspace/install/navigation/share/navigation/environment/path.dsv
[1.889s] -- Up-to-date symlink: /home/jetson/ros-workspace/install/navigation/share/navigation/local_setup.bash
[1.889s] -- Up-to-date symlink: /home/jetson/ros-workspace/install/navigation/share/navigation/local_setup.sh
[1.890s] -- Up-to-date symlink: /home/jetson/ros-workspace/install/navigation/share/navigation/local_setup.zsh
[1.891s] -- Up-to-date symlink: /home/jetson/ros-workspace/install/navigation/share/navigation/local_setup.dsv
[1.891s] -- Symlinking: /home/jetson/ros-workspace/install/navigation/share/navigation/package.dsv
[1.892s] -- Up-to-date symlink: /home/jetson/ros-workspace/install/navigation/share/ament_index/resource_index/packages/navigation
[1.892s] -- Up-to-date symlink: /home/jetson/ros-workspace/install/navigation/share/navigation/cmake/navigationConfig.cmake
[1.893s] -- Up-to-date symlink: /home/jetson/ros-workspace/install/navigation/share/navigation/cmake/navigationConfig-version.cmake
[1.894s] -- Up-to-date symlink: /home/jetson/ros-workspace/install/navigation/share/navigation/package.xml
[1.999s] Invoked command in '/home/jetson/ros-workspace/build/navigation' returned '0': CMAKE_PREFIX_PATH=${CMAKE_PREFIX_PATH}:/opt/ros/foxy /usr/bin/cmake --install /home/jetson/ros-workspace/build/navigation
