-- Found ament_cmake: 0.9.12 (/opt/ros/foxy/share/ament_cmake/cmake)
-- Using PYTHON_EXECUTABLE: /usr/bin/python3
-- Override CMake install command with custom implementation using symlinks instead of copying resources
-- Found rclcpp: 2.4.3 (/opt/ros/foxy/share/rclcpp/cmake)
-- Using all available rosidl_typesupport_c: rosidl_typesupport_fastrtps_c;rosidl_typesupport_introspection_c
-- Found rosidl_adapter: 1.3.1 (/opt/ros/foxy/share/rosidl_adapter/cmake)
-- Using all available rosidl_typesupport_cpp: rosidl_typesupport_fastrtps_cpp;rosidl_typesupport_introspection_cpp
-- Found rmw_implementation_cmake: 1.0.4 (/opt/ros/foxy/share/rmw_implementation_cmake/cmake)
-- Using RMW implementation 'rmw_fastrtps_cpp' as default
-- Found rclcpp_components: 2.4.3 (/opt/ros/foxy/share/rclcpp_components/cmake)
-- Found rclcpp_lifecycle: 2.4.3 (/opt/ros/foxy/share/rclcpp_lifecycle/cmake)
-- Found sensor_msgs: 2.0.5 (/opt/ros/foxy/share/sensor_msgs/cmake)
-- Found ouster_msgs: 0.1.0 (/home/jetson/ros-workspace/install/ouster_msgs/share/ouster_msgs/cmake)
-- Found ouster_srvs: 0.1.0 (/home/jetson/ros-workspace/install/ouster_srvs/share/ouster_srvs/cmake)
-- Found std_srvs: 2.0.5 (/opt/ros/foxy/share/std_srvs/cmake)
-- Found rosidl_default_generators: 1.0.1 (/opt/ros/foxy/share/rosidl_default_generators/cmake)
-- Found Eigen3: /usr/lib/cmake/eigen3/Eigen3Config.cmake (found version "3.3.7") 
-- Eigen found (include: /usr/include/eigen3, version: 3.3.7)
-- looking for PCL_COMMON
-- Found pcl_conversions: 2.2.1 (/opt/ros/foxy/share/pcl_conversions/cmake)
-- Found tf2_eigen: 0.13.14 (/opt/ros/foxy/share/tf2_eigen/cmake)
-- Found Eigen3: TRUE (found version "3.3.7") 
-- Configuring done
-- Generating done
-- Build files have been written to: /home/jetson/ros-workspace/build/ouster_ros
[34m[1mGenerating build info header[0m
[  5%] Built target os_sensor
[ 17%] Built target os_image
[ 17%] Built target os_replay
[ 23%] Built target os_cloud
[ 23%] Built target ouster_generate_header
[ 58%] Built target ouster_client
[ 64%] Built target ouster_ros_library
[ 73%] Built target os_replay_component
[ 82%] Built target os_sensor_component
[ 91%] Built target os_cloud_component
[100%] Built target os_image_component
-- Install configuration: "Release"
-- Execute custom install script
-- Up-to-date symlink: /home/jetson/ros-workspace/install/ouster_ros/include/ouster/impl/build.h
-- Up-to-date symlink: /home/jetson/ros-workspace/install/ouster_ros/include/ouster/buffered_udp_source.h
-- Up-to-date symlink: /home/jetson/ros-workspace/install/ouster_ros/include/ouster/client.h
-- Up-to-date symlink: /home/jetson/ros-workspace/install/ouster_ros/include/ouster/image_processing.h
-- Up-to-date symlink: /home/jetson/ros-workspace/install/ouster_ros/include/ouster/impl/cartesian.h
-- Up-to-date symlink: /home/jetson/ros-workspace/install/ouster_ros/include/ouster/impl/lidar_scan_impl.h
-- Up-to-date symlink: /home/jetson/ros-workspace/install/ouster_ros/include/ouster/lidar_scan.h
-- Up-to-date symlink: /home/jetson/ros-workspace/install/ouster_ros/include/ouster/sensor_http.h
-- Up-to-date symlink: /home/jetson/ros-workspace/install/ouster_ros/include/ouster/types.h
-- Up-to-date symlink: /home/jetson/ros-workspace/install/ouster_ros/include/ouster/version.h
-- Up-to-date symlink: /home/jetson/ros-workspace/install/ouster_ros/include/optional-lite/nonstd/optional.hpp
-- Up-to-date symlink: /home/jetson/ros-workspace/install/ouster_ros/lib/cmake/OusterSDK/OusterSDKConfig.cmake
-- Up-to-date symlink: /home/jetson/ros-workspace/install/ouster_ros/lib/cmake/OusterSDK/OusterSDKConfigVersion.cmake
-- Up-to-date symlink: /home/jetson/ros-workspace/install/ouster_ros/share/LICENSE
-- Up-to-date symlink: /home/jetson/ros-workspace/install/ouster_ros/share/LICENSE-bin
-- Up-to-date symlink: /home/jetson/ros-workspace/install/ouster_ros/lib/ouster_ros/os_sensor
-- Up-to-date symlink: /home/jetson/ros-workspace/install/ouster_ros/lib/ouster_ros/os_replay
-- Up-to-date symlink: /home/jetson/ros-workspace/install/ouster_ros/lib/ouster_ros/os_cloud
-- Up-to-date symlink: /home/jetson/ros-workspace/install/ouster_ros/lib/ouster_ros/os_image
-- Up-to-date symlink: /home/jetson/ros-workspace/install/ouster_ros/lib/libouster_ros_library.so
-- Up-to-date symlink: /home/jetson/ros-workspace/install/ouster_ros/lib/libos_sensor_component.so
-- Up-to-date symlink: /home/jetson/ros-workspace/install/ouster_ros/lib/libos_replay_component.so
-- Up-to-date symlink: /home/jetson/ros-workspace/install/ouster_ros/lib/libos_cloud_component.so
-- Up-to-date symlink: /home/jetson/ros-workspace/install/ouster_ros/lib/libos_image_component.so
-- Up-to-date symlink: /home/jetson/ros-workspace/install/ouster_ros/include/ouster_ros/include/ouster_ros/os_point.h
-- Up-to-date symlink: /home/jetson/ros-workspace/install/ouster_ros/include/ouster_ros/include/ouster_ros/os_processing_node_base.h
-- Up-to-date symlink: /home/jetson/ros-workspace/install/ouster_ros/include/ouster_ros/include/ouster_ros/os_ros.h
-- Up-to-date symlink: /home/jetson/ros-workspace/install/ouster_ros/include/ouster_ros/include/ouster_ros/os_sensor_node_base.h
-- Up-to-date symlink: /home/jetson/ros-workspace/install/ouster_ros/include/ouster_ros/include/ouster_ros/visibility_control.h
-- Up-to-date symlink: /home/jetson/ros-workspace/install/ouster_ros/include/ouster_ros/include/optional-lite/nonstd/optional.hpp
-- Up-to-date symlink: /home/jetson/ros-workspace/install/ouster_ros/include/ouster_ros/include/ouster/buffered_udp_source.h
-- Up-to-date symlink: /home/jetson/ros-workspace/install/ouster_ros/include/ouster_ros/include/ouster/client.h
-- Up-to-date symlink: /home/jetson/ros-workspace/install/ouster_ros/include/ouster_ros/include/ouster/image_processing.h
-- Up-to-date symlink: /home/jetson/ros-workspace/install/ouster_ros/include/ouster_ros/include/ouster/impl/cartesian.h
-- Up-to-date symlink: /home/jetson/ros-workspace/install/ouster_ros/include/ouster_ros/include/ouster/impl/lidar_scan_impl.h
-- Up-to-date symlink: /home/jetson/ros-workspace/install/ouster_ros/include/ouster_ros/include/ouster/lidar_scan.h
-- Up-to-date symlink: /home/jetson/ros-workspace/install/ouster_ros/include/ouster_ros/include/ouster/sensor_http.h
-- Up-to-date symlink: /home/jetson/ros-workspace/install/ouster_ros/include/ouster_ros/include/ouster/types.h
-- Up-to-date symlink: /home/jetson/ros-workspace/install/ouster_ros/include/ouster_ros/include/ouster/version.h
-- Up-to-date symlink: /home/jetson/ros-workspace/install/ouster_ros/include/ouster_ros/optional-lite/nonstd/optional.hpp
-- Up-to-date symlink: /home/jetson/ros-workspace/install/ouster_ros/share/ouster_ros/LICENSE
-- Up-to-date symlink: /home/jetson/ros-workspace/install/ouster_ros/share/ouster_ros/launch/record.independent.launch.xml
-- Up-to-date symlink: /home/jetson/ros-workspace/install/ouster_ros/share/ouster_ros/launch/record.launch.xml
-- Up-to-date symlink: /home/jetson/ros-workspace/install/ouster_ros/share/ouster_ros/launch/replay.independent.launch.xml
-- Up-to-date symlink: /home/jetson/ros-workspace/install/ouster_ros/share/ouster_ros/launch/replay.launch.xml
-- Up-to-date symlink: /home/jetson/ros-workspace/install/ouster_ros/share/ouster_ros/launch/rviz.launch.py
-- Up-to-date symlink: /home/jetson/ros-workspace/install/ouster_ros/share/ouster_ros/launch/rviz.launch.xml
-- Up-to-date symlink: /home/jetson/ros-workspace/install/ouster_ros/share/ouster_ros/launch/sensor.composite.launch.py
-- Up-to-date symlink: /home/jetson/ros-workspace/install/ouster_ros/share/ouster_ros/launch/sensor.composite.launch.xml
-- Up-to-date symlink: /home/jetson/ros-workspace/install/ouster_ros/share/ouster_ros/launch/sensor.independent.launch.py
-- Up-to-date symlink: /home/jetson/ros-workspace/install/ouster_ros/share/ouster_ros/launch/sensor.independent.launch.xml
-- Up-to-date symlink: /home/jetson/ros-workspace/install/ouster_ros/share/ouster_ros/launch/sensor.launch.xml
-- Up-to-date symlink: /home/jetson/ros-workspace/install/ouster_ros/share/ouster_ros/launch/sensor_mtp.launch.xml
-- Up-to-date symlink: /home/jetson/ros-workspace/install/ouster_ros/share/ouster_ros/config/metadata-qos-override.yaml
-- Up-to-date symlink: /home/jetson/ros-workspace/install/ouster_ros/share/ouster_ros/config/parameters.yaml
-- Up-to-date symlink: /home/jetson/ros-workspace/install/ouster_ros/share/ouster_ros/config/viz.rviz
-- Up-to-date symlink: /home/jetson/ros-workspace/install/ouster_ros/share/ouster_ros/environment/library_path.sh
-- Up-to-date symlink: /home/jetson/ros-workspace/install/ouster_ros/share/ouster_ros/environment/library_path.dsv
-- Up-to-date symlink: /home/jetson/ros-workspace/install/ouster_ros/share/ament_index/resource_index/package_run_dependencies/ouster_ros
-- Up-to-date symlink: /home/jetson/ros-workspace/install/ouster_ros/share/ament_index/resource_index/parent_prefix_path/ouster_ros
-- Up-to-date symlink: /home/jetson/ros-workspace/install/ouster_ros/share/ouster_ros/environment/ament_prefix_path.sh
-- Up-to-date symlink: /home/jetson/ros-workspace/install/ouster_ros/share/ouster_ros/environment/ament_prefix_path.dsv
-- Up-to-date symlink: /home/jetson/ros-workspace/install/ouster_ros/share/ouster_ros/environment/path.sh
-- Up-to-date symlink: /home/jetson/ros-workspace/install/ouster_ros/share/ouster_ros/environment/path.dsv
-- Up-to-date symlink: /home/jetson/ros-workspace/install/ouster_ros/share/ouster_ros/local_setup.bash
-- Up-to-date symlink: /home/jetson/ros-workspace/install/ouster_ros/share/ouster_ros/local_setup.sh
-- Up-to-date symlink: /home/jetson/ros-workspace/install/ouster_ros/share/ouster_ros/local_setup.zsh
-- Up-to-date symlink: /home/jetson/ros-workspace/install/ouster_ros/share/ouster_ros/local_setup.dsv
-- Symlinking: /home/jetson/ros-workspace/install/ouster_ros/share/ouster_ros/package.dsv
-- Up-to-date symlink: /home/jetson/ros-workspace/install/ouster_ros/share/ament_index/resource_index/packages/ouster_ros
-- Up-to-date symlink: /home/jetson/ros-workspace/install/ouster_ros/share/ament_index/resource_index/rclcpp_components/ouster_ros
-- Up-to-date symlink: /home/jetson/ros-workspace/install/ouster_ros/share/ouster_ros/cmake/ament_cmake_export_include_directories-extras.cmake
-- Up-to-date symlink: /home/jetson/ros-workspace/install/ouster_ros/share/ouster_ros/cmake/ament_cmake_export_dependencies-extras.cmake
-- Up-to-date symlink: /home/jetson/ros-workspace/install/ouster_ros/share/ouster_ros/cmake/ament_cmake_export_libraries-extras.cmake
-- Up-to-date symlink: /home/jetson/ros-workspace/install/ouster_ros/share/ouster_ros/cmake/ouster_rosConfig.cmake
-- Up-to-date symlink: /home/jetson/ros-workspace/install/ouster_ros/share/ouster_ros/cmake/ouster_rosConfig-version.cmake
-- Up-to-date symlink: /home/jetson/ros-workspace/install/ouster_ros/share/ouster_ros/package.xml
