[0.067s] Invoking command in '/home/uocav/ros-workspace/build/ouster_msgs': CMAKE_PREFIX_PATH=${CMAKE_PREFIX_PATH}:/home/uocav/ros-workspace/install/urdf_tutorial_r2d2:/opt/ros/foxy /usr/bin/cmake --build /home/uocav/ros-workspace/build/ouster_msgs -- -j6 -l6
[0.143s] [  9%] Built target ouster_msgs__rosidl_generator_c
[0.147s] [ 12%] Built target ouster_msgs__cpp
[0.406s] [ 22%] Built target ouster_msgs__rosidl_typesupport_introspection_c
[0.407s] [ 32%] Built target ouster_msgs__rosidl_typesupport_c
[0.422s] [ 41%] Built target ouster_msgs__rosidl_typesupport_cpp
[0.445s] [ 51%] Built target ouster_msgs__rosidl_typesupport_introspection_cpp
[0.665s] [ 61%] Built target ouster_msgs__rosidl_typesupport_fastrtps_cpp
[0.676s] [ 70%] Built target ouster_msgs__rosidl_typesupport_fastrtps_c
[0.708s] [ 70%] Built target ouster_msgs
[0.835s] [ 74%] Built target ouster_msgs__py
[0.934s] [ 80%] Built target ouster_msgs__python
[0.965s] [ 87%] Built target ouster_msgs__rosidl_typesupport_c__pyext
[0.972s] [100%] Built target ouster_msgs__rosidl_typesupport_fastrtps_c__pyext
[0.972s] [100%] Built target ouster_msgs__rosidl_typesupport_introspection_c__pyext
[1.159s] Invoked command in '/home/uocav/ros-workspace/build/ouster_msgs' returned '0': CMAKE_PREFIX_PATH=${CMAKE_PREFIX_PATH}:/home/uocav/ros-workspace/install/urdf_tutorial_r2d2:/opt/ros/foxy /usr/bin/cmake --build /home/uocav/ros-workspace/build/ouster_msgs -- -j6 -l6
[1.595s] Invoking command in '/home/uocav/ros-workspace/build/ouster_msgs': CMAKE_PREFIX_PATH=${CMAKE_PREFIX_PATH}:/home/uocav/ros-workspace/install/urdf_tutorial_r2d2:/opt/ros/foxy /usr/bin/cmake --install /home/uocav/ros-workspace/build/ouster_msgs
[1.621s] -- Install configuration: "Release"
[1.622s] -- Execute custom install script
[1.622s] -- Up-to-date symlink: /home/uocav/ros-workspace/install/ouster_msgs/share/ament_index/resource_index/rosidl_interfaces/ouster_msgs
[1.622s] -- Up-to-date symlink: /home/uocav/ros-workspace/install/ouster_msgs/include/ouster_msgs/msg/detail/packet_msg__functions.h
[1.622s] -- Up-to-date symlink: /home/uocav/ros-workspace/install/ouster_msgs/include/ouster_msgs/msg/detail/packet_msg__struct.h
[1.622s] -- Up-to-date symlink: /home/uocav/ros-workspace/install/ouster_msgs/include/ouster_msgs/msg/detail/packet_msg__type_support.h
[1.622s] -- Up-to-date symlink: /home/uocav/ros-workspace/install/ouster_msgs/include/ouster_msgs/msg/packet_msg.h
[1.622s] -- Up-to-date symlink: /home/uocav/ros-workspace/install/ouster_msgs/include/ouster_msgs/msg/rosidl_generator_c__visibility_control.h
[1.622s] -- Up-to-date symlink: /home/uocav/ros-workspace/install/ouster_msgs/share/ouster_msgs/environment/library_path.sh
[1.622s] -- Up-to-date symlink: /home/uocav/ros-workspace/install/ouster_msgs/share/ouster_msgs/environment/library_path.dsv
[1.622s] -- Up-to-date symlink: /home/uocav/ros-workspace/install/ouster_msgs/include/ouster_msgs/msg/detail/packet_msg__rosidl_typesupport_fastrtps_c.h
[1.622s] -- Up-to-date symlink: /home/uocav/ros-workspace/install/ouster_msgs/include/ouster_msgs/msg/rosidl_typesupport_fastrtps_c__visibility_control.h
[1.622s] -- Up-to-date symlink: /home/uocav/ros-workspace/install/ouster_msgs/lib/libouster_msgs__rosidl_typesupport_fastrtps_c.so
[1.622s] -- Up-to-date symlink: /home/uocav/ros-workspace/install/ouster_msgs/include/ouster_msgs/msg/detail/packet_msg__rosidl_typesupport_fastrtps_cpp.hpp
[1.622s] -- Up-to-date symlink: /home/uocav/ros-workspace/install/ouster_msgs/include/ouster_msgs/msg/rosidl_typesupport_fastrtps_cpp__visibility_control.h
[1.622s] -- Up-to-date symlink: /home/uocav/ros-workspace/install/ouster_msgs/lib/libouster_msgs__rosidl_typesupport_fastrtps_cpp.so
[1.623s] -- Up-to-date symlink: /home/uocav/ros-workspace/install/ouster_msgs/include/ouster_msgs/msg/detail/packet_msg__rosidl_typesupport_introspection_c.h
[1.623s] -- Up-to-date symlink: /home/uocav/ros-workspace/install/ouster_msgs/include/ouster_msgs/msg/rosidl_typesupport_introspection_c__visibility_control.h
[1.623s] -- Up-to-date symlink: /home/uocav/ros-workspace/install/ouster_msgs/include/ouster_msgs/msg/detail/packet_msg__builder.hpp
[1.625s] -- Up-to-date symlink: /home/uocav/ros-workspace/install/ouster_msgs/include/ouster_msgs/msg/detail/packet_msg__struct.hpp
[1.625s] -- Up-to-date symlink: /home/uocav/ros-workspace/install/ouster_msgs/include/ouster_msgs/msg/detail/packet_msg__traits.hpp
[1.625s] -- Up-to-date symlink: /home/uocav/ros-workspace/install/ouster_msgs/include/ouster_msgs/msg/detail/packet_msg__type_support.hpp
[1.625s] -- Up-to-date symlink: /home/uocav/ros-workspace/install/ouster_msgs/include/ouster_msgs/msg/packet_msg.hpp
[1.625s] -- Up-to-date symlink: /home/uocav/ros-workspace/install/ouster_msgs/include/ouster_msgs/msg/rosidl_generator_cpp__visibility_control.hpp
[1.625s] -- Up-to-date symlink: /home/uocav/ros-workspace/install/ouster_msgs/include/ouster_msgs/msg/detail/packet_msg__rosidl_typesupport_introspection_cpp.hpp
[1.625s] -- Up-to-date symlink: /home/uocav/ros-workspace/install/ouster_msgs/share/ouster_msgs/environment/pythonpath.sh
[1.625s] -- Up-to-date symlink: /home/uocav/ros-workspace/install/ouster_msgs/share/ouster_msgs/environment/pythonpath.dsv
[1.625s] -- Up-to-date symlink: /home/uocav/ros-workspace/install/ouster_msgs/lib/python3.8/site-packages/ouster_msgs/__init__.py
[1.625s] -- Up-to-date symlink: /home/uocav/ros-workspace/install/ouster_msgs/lib/python3.8/site-packages/ouster_msgs/msg/__init__.py
[1.625s] -- Up-to-date symlink: /home/uocav/ros-workspace/install/ouster_msgs/lib/python3.8/site-packages/ouster_msgs/msg/_packet_msg.py
[1.625s] -- Up-to-date symlink: /home/uocav/ros-workspace/install/ouster_msgs/lib/python3.8/site-packages/ouster_msgs/ouster_msgs_s__rosidl_typesupport_fastrtps_c.cpython-38-x86_64-linux-gnu.so
[1.625s] -- Up-to-date symlink: /home/uocav/ros-workspace/install/ouster_msgs/lib/python3.8/site-packages/ouster_msgs/ouster_msgs_s__rosidl_typesupport_introspection_c.cpython-38-x86_64-linux-gnu.so
[1.641s] -- Up-to-date symlink: /home/uocav/ros-workspace/install/ouster_msgs/lib/python3.8/site-packages/ouster_msgs/ouster_msgs_s__rosidl_typesupport_c.cpython-38-x86_64-linux-gnu.so
[1.644s] -- Up-to-date symlink: /home/uocav/ros-workspace/install/ouster_msgs/lib/libouster_msgs__python.so
[1.645s] -- Up-to-date symlink: /home/uocav/ros-workspace/install/ouster_msgs/share/ouster_msgs/msg/PacketMsg.idl
[1.645s] -- Up-to-date symlink: /home/uocav/ros-workspace/install/ouster_msgs/share/ouster_msgs/msg/PacketMsg.msg
[1.661s] -- Up-to-date symlink: /home/uocav/ros-workspace/install/ouster_msgs/share/ament_index/resource_index/package_run_dependencies/ouster_msgs
[1.662s] -- Up-to-date symlink: /home/uocav/ros-workspace/install/ouster_msgs/share/ament_index/resource_index/parent_prefix_path/ouster_msgs
[1.663s] -- Up-to-date symlink: /home/uocav/ros-workspace/install/ouster_msgs/share/ouster_msgs/environment/ament_prefix_path.sh
[1.663s] -- Up-to-date symlink: /home/uocav/ros-workspace/install/ouster_msgs/share/ouster_msgs/environment/ament_prefix_path.dsv
[1.664s] -- Up-to-date symlink: /home/uocav/ros-workspace/install/ouster_msgs/share/ouster_msgs/environment/path.sh
[1.670s] -- Up-to-date symlink: /home/uocav/ros-workspace/install/ouster_msgs/share/ouster_msgs/environment/path.dsv
[1.670s] -- Up-to-date symlink: /home/uocav/ros-workspace/install/ouster_msgs/share/ouster_msgs/local_setup.bash
[1.671s] -- Up-to-date symlink: /home/uocav/ros-workspace/install/ouster_msgs/share/ouster_msgs/local_setup.sh
[1.672s] -- Up-to-date symlink: /home/uocav/ros-workspace/install/ouster_msgs/share/ouster_msgs/local_setup.zsh
[1.672s] -- Up-to-date symlink: /home/uocav/ros-workspace/install/ouster_msgs/share/ouster_msgs/local_setup.dsv
[1.673s] -- Symlinking: /home/uocav/ros-workspace/install/ouster_msgs/share/ouster_msgs/package.dsv
[1.741s] -- Up-to-date symlink: /home/uocav/ros-workspace/install/ouster_msgs/share/ament_index/resource_index/packages/ouster_msgs
[1.742s] -- Up-to-date symlink: /home/uocav/ros-workspace/install/ouster_msgs/share/ouster_msgs/cmake/rosidl_cmake-extras.cmake
[1.742s] -- Up-to-date symlink: /home/uocav/ros-workspace/install/ouster_msgs/share/ouster_msgs/cmake/ament_cmake_export_dependencies-extras.cmake
[1.742s] -- Up-to-date symlink: /home/uocav/ros-workspace/install/ouster_msgs/share/ouster_msgs/cmake/ament_cmake_export_libraries-extras.cmake
[1.742s] -- Up-to-date symlink: /home/uocav/ros-workspace/install/ouster_msgs/share/ouster_msgs/cmake/ament_cmake_export_targets-extras.cmake
[1.742s] -- Up-to-date symlink: /home/uocav/ros-workspace/install/ouster_msgs/share/ouster_msgs/cmake/ament_cmake_export_include_directories-extras.cmake
[1.742s] -- Up-to-date symlink: /home/uocav/ros-workspace/install/ouster_msgs/share/ouster_msgs/cmake/rosidl_cmake_export_typesupport_libraries-extras.cmake
[1.743s] -- Up-to-date symlink: /home/uocav/ros-workspace/install/ouster_msgs/share/ouster_msgs/cmake/rosidl_cmake_export_typesupport_targets-extras.cmake
[1.743s] -- Up-to-date symlink: /home/uocav/ros-workspace/install/ouster_msgs/share/ouster_msgs/cmake/ouster_msgsConfig.cmake
[1.743s] -- Up-to-date symlink: /home/uocav/ros-workspace/install/ouster_msgs/share/ouster_msgs/cmake/ouster_msgsConfig-version.cmake
[1.743s] -- Up-to-date symlink: /home/uocav/ros-workspace/install/ouster_msgs/share/ouster_msgs/package.xml
[1.743s] -- Up-to-date: /home/uocav/ros-workspace/install/ouster_msgs/lib/libouster_msgs__rosidl_generator_c.so
[1.744s] -- Up-to-date: /home/uocav/ros-workspace/install/ouster_msgs/lib/libouster_msgs__rosidl_typesupport_introspection_c.so
[1.744s] -- Up-to-date: /home/uocav/ros-workspace/install/ouster_msgs/lib/libouster_msgs__rosidl_typesupport_c.so
[1.744s] -- Up-to-date: /home/uocav/ros-workspace/install/ouster_msgs/lib/libouster_msgs__rosidl_typesupport_introspection_cpp.so
[1.744s] -- Up-to-date: /home/uocav/ros-workspace/install/ouster_msgs/lib/libouster_msgs__rosidl_typesupport_cpp.so
[1.774s] -- Up-to-date: /home/uocav/ros-workspace/install/ouster_msgs/share/ouster_msgs/cmake/ouster_msgs__rosidl_generator_cExport.cmake
[1.774s] -- Up-to-date: /home/uocav/ros-workspace/install/ouster_msgs/share/ouster_msgs/cmake/ouster_msgs__rosidl_generator_cExport-release.cmake
[1.774s] -- Up-to-date: /home/uocav/ros-workspace/install/ouster_msgs/share/ouster_msgs/cmake/ouster_msgs__rosidl_typesupport_introspection_cExport.cmake
[1.775s] -- Up-to-date: /home/uocav/ros-workspace/install/ouster_msgs/share/ouster_msgs/cmake/ouster_msgs__rosidl_typesupport_introspection_cExport-release.cmake
[1.775s] -- Up-to-date: /home/uocav/ros-workspace/install/ouster_msgs/share/ouster_msgs/cmake/ouster_msgs__rosidl_typesupport_cExport.cmake
[1.775s] -- Up-to-date: /home/uocav/ros-workspace/install/ouster_msgs/share/ouster_msgs/cmake/ouster_msgs__rosidl_typesupport_cExport-release.cmake
[1.775s] -- Up-to-date: /home/uocav/ros-workspace/install/ouster_msgs/share/ouster_msgs/cmake/ouster_msgs__rosidl_generator_cppExport.cmake
[1.775s] -- Up-to-date: /home/uocav/ros-workspace/install/ouster_msgs/share/ouster_msgs/cmake/ouster_msgs__rosidl_typesupport_introspection_cppExport.cmake
[1.775s] -- Up-to-date: /home/uocav/ros-workspace/install/ouster_msgs/share/ouster_msgs/cmake/ouster_msgs__rosidl_typesupport_introspection_cppExport-release.cmake
[1.777s] -- Up-to-date: /home/uocav/ros-workspace/install/ouster_msgs/share/ouster_msgs/cmake/ouster_msgs__rosidl_typesupport_cppExport.cmake
[1.777s] -- Up-to-date: /home/uocav/ros-workspace/install/ouster_msgs/share/ouster_msgs/cmake/ouster_msgs__rosidl_typesupport_cppExport-release.cmake
[1.789s] Invoked command in '/home/uocav/ros-workspace/build/ouster_msgs' returned '0': CMAKE_PREFIX_PATH=${CMAKE_PREFIX_PATH}:/home/uocav/ros-workspace/install/urdf_tutorial_r2d2:/opt/ros/foxy /usr/bin/cmake --install /home/uocav/ros-workspace/build/ouster_msgs
