[0.448s] Invoking command in '/home/jetson/ros-workspace/build/micro_ros_setup': CMAKE_PREFIX_PATH=${CMAKE_PREFIX_PATH}:/opt/ros/foxy /usr/bin/cmake /home/jetson/ros-workspace/src/micro_ros_setup -DCMAKE_BUILD_TYPE=Release -DAMENT_CMAKE_SYMLINK_INSTALL=1 -DCMAKE_INSTALL_PREFIX=/home/jetson/ros-workspace/install/micro_ros_setup
[0.644s] -- Found ament_cmake: 0.9.12 (/opt/ros/foxy/share/ament_cmake/cmake)
[0.736s] -- Using PYTHON_EXECUTABLE: /usr/bin/python3
[1.886s] -- Override CMake install command with custom implementation using symlinks instead of copying resources
[2.015s] -- Found ament_lint_auto: 0.9.8 (/opt/ros/foxy/share/ament_lint_auto/cmake)
[2.556s] -- Added test 'copyright' to check source files copyright and LICENSE
[2.676s] -- Added test 'flake8' to check Python code syntax and style conventions
[2.693s] -- Added test 'lint_cmake' to check CMake code style
[2.704s] -- Added test 'pep257' to check Python code against some of the style conventions in PEP 257
[2.768s] -- Added test 'xmllint' to check XML markup files
[2.787s] -- Configuring done
[2.809s] -- Generating done
[2.818s] -- Build files have been written to: /home/jetson/ros-workspace/build/micro_ros_setup
[2.840s] Invoked command in '/home/jetson/ros-workspace/build/micro_ros_setup' returned '0': CMAKE_PREFIX_PATH=${CMAKE_PREFIX_PATH}:/opt/ros/foxy /usr/bin/cmake /home/jetson/ros-workspace/src/micro_ros_setup -DCMAKE_BUILD_TYPE=Release -DAMENT_CMAKE_SYMLINK_INSTALL=1 -DCMAKE_INSTALL_PREFIX=/home/jetson/ros-workspace/install/micro_ros_setup
[2.865s] Invoking command in '/home/jetson/ros-workspace/build/micro_ros_setup': CMAKE_PREFIX_PATH=${CMAKE_PREFIX_PATH}:/opt/ros/foxy /usr/bin/cmake --build /home/jetson/ros-workspace/build/micro_ros_setup -- -j6 -l6
[4.954s] Invoked command in '/home/jetson/ros-workspace/build/micro_ros_setup' returned '0': CMAKE_PREFIX_PATH=${CMAKE_PREFIX_PATH}:/opt/ros/foxy /usr/bin/cmake --build /home/jetson/ros-workspace/build/micro_ros_setup -- -j6 -l6
[5.252s] Invoking command in '/home/jetson/ros-workspace/build/micro_ros_setup': CMAKE_PREFIX_PATH=${CMAKE_PREFIX_PATH}:/opt/ros/foxy /usr/bin/cmake --install /home/jetson/ros-workspace/build/micro_ros_setup
[5.386s] -- Install configuration: "Release"
[5.390s] -- Execute custom install script
[5.394s] -- Up-to-date symlink: /home/jetson/ros-workspace/install/micro_ros_setup/share/ament_index/resource_index/package_run_dependencies/micro_ros_setup
[5.398s] -- Up-to-date symlink: /home/jetson/ros-workspace/install/micro_ros_setup/share/ament_index/resource_index/parent_prefix_path/micro_ros_setup
[5.402s] -- Up-to-date symlink: /home/jetson/ros-workspace/install/micro_ros_setup/share/micro_ros_setup/environment/ament_prefix_path.sh
[5.407s] -- Up-to-date symlink: /home/jetson/ros-workspace/install/micro_ros_setup/share/micro_ros_setup/environment/ament_prefix_path.dsv
[5.416s] -- Up-to-date symlink: /home/jetson/ros-workspace/install/micro_ros_setup/share/micro_ros_setup/environment/path.sh
[5.430s] -- Up-to-date symlink: /home/jetson/ros-workspace/install/micro_ros_setup/share/micro_ros_setup/environment/path.dsv
[5.432s] -- Up-to-date symlink: /home/jetson/ros-workspace/install/micro_ros_setup/share/micro_ros_setup/local_setup.bash
[5.439s] -- Up-to-date symlink: /home/jetson/ros-workspace/install/micro_ros_setup/share/micro_ros_setup/local_setup.sh
[5.446s] -- Up-to-date symlink: /home/jetson/ros-workspace/install/micro_ros_setup/share/micro_ros_setup/local_setup.zsh
[5.448s] -- Up-to-date symlink: /home/jetson/ros-workspace/install/micro_ros_setup/share/micro_ros_setup/local_setup.dsv
[5.450s] -- Symlinking: /home/jetson/ros-workspace/install/micro_ros_setup/share/micro_ros_setup/package.dsv
[5.530s] -- Up-to-date symlink: /home/jetson/ros-workspace/install/micro_ros_setup/share/ament_index/resource_index/packages/micro_ros_setup
[5.532s] -- Up-to-date symlink: /home/jetson/ros-workspace/install/micro_ros_setup/share/micro_ros_setup/cmake/micro_ros_setupConfig.cmake
[5.533s] -- Up-to-date symlink: /home/jetson/ros-workspace/install/micro_ros_setup/share/micro_ros_setup/cmake/micro_ros_setupConfig-version.cmake
[5.537s] -- Up-to-date symlink: /home/jetson/ros-workspace/install/micro_ros_setup/share/micro_ros_setup/package.xml
[5.539s] -- Up-to-date symlink: /home/jetson/ros-workspace/install/micro_ros_setup/lib/micro_ros_setup/create_ws.sh
[5.540s] -- Up-to-date symlink: /home/jetson/ros-workspace/install/micro_ros_setup/lib/micro_ros_setup/create_agent_ws.sh
[5.548s] -- Up-to-date symlink: /home/jetson/ros-workspace/install/micro_ros_setup/lib/micro_ros_setup/create_firmware_ws.sh
[5.551s] -- Up-to-date symlink: /home/jetson/ros-workspace/install/micro_ros_setup/lib/micro_ros_setup/configure_firmware.sh
[5.554s] -- Up-to-date symlink: /home/jetson/ros-workspace/install/micro_ros_setup/lib/micro_ros_setup/flash_firmware.sh
[5.557s] -- Up-to-date symlink: /home/jetson/ros-workspace/install/micro_ros_setup/lib/micro_ros_setup/reset_firmware.sh
[5.559s] -- Up-to-date symlink: /home/jetson/ros-workspace/install/micro_ros_setup/lib/micro_ros_setup/build_firmware.sh
[5.562s] -- Up-to-date symlink: /home/jetson/ros-workspace/install/micro_ros_setup/lib/micro_ros_setup/build_agent.sh
[5.564s] -- Up-to-date symlink: /home/jetson/ros-workspace/install/micro_ros_setup/lib/micro_ros_setup/yaml_filter.py
[5.565s] -- Up-to-date symlink: /home/jetson/ros-workspace/install/micro_ros_setup/lib/micro_ros_setup/clean_env.sh
[5.567s] -- Up-to-date: /home/jetson/ros-workspace/install/micro_ros_setup/./config
[5.570s] -- Up-to-date: /home/jetson/ros-workspace/install/micro_ros_setup/./config/client_uros_packages.repos
[5.571s] -- Up-to-date: /home/jetson/ros-workspace/install/micro_ros_setup/./config/agent_uros_packages.repos
[5.574s] -- Up-to-date: /home/jetson/ros-workspace/install/micro_ros_setup/./config/host
[5.575s] -- Up-to-date: /home/jetson/ros-workspace/install/micro_ros_setup/./config/host/dev_uros_packages.repos
[5.581s] -- Up-to-date: /home/jetson/ros-workspace/install/micro_ros_setup/./config/host/dev_ros2_packages.txt
[5.582s] -- Up-to-date: /home/jetson/ros-workspace/install/micro_ros_setup/./config/host/client_ros2_packages.txt
[5.582s] -- Up-to-date: /home/jetson/ros-workspace/install/micro_ros_setup/./config/host/generic
[5.583s] -- Up-to-date: /home/jetson/ros-workspace/install/micro_ros_setup/./config/host/generic/package.xml
[5.584s] -- Up-to-date: /home/jetson/ros-workspace/install/micro_ros_setup/./config/host/generic/flash.sh
[5.586s] -- Up-to-date: /home/jetson/ros-workspace/install/micro_ros_setup/./config/host/generic/create.sh
[5.586s] -- Up-to-date: /home/jetson/ros-workspace/install/micro_ros_setup/./config/host/generic/client_host_packages.repos
[5.590s] -- Up-to-date: /home/jetson/ros-workspace/install/micro_ros_setup/./config/host/generic/client-host-colcon.meta
[5.591s] -- Up-to-date: /home/jetson/ros-workspace/install/micro_ros_setup/./config/host/generic/reset.sh
[5.596s] -- Up-to-date: /home/jetson/ros-workspace/install/micro_ros_setup/./config/host/generic/build.sh
[5.597s] -- Up-to-date: /home/jetson/ros-workspace/install/micro_ros_setup/./config/freertos
[5.599s] -- Up-to-date: /home/jetson/ros-workspace/install/micro_ros_setup/./config/freertos/nucleo_f767zi
[5.600s] -- Up-to-date: /home/jetson/ros-workspace/install/micro_ros_setup/./config/freertos/nucleo_f767zi/client_uros_packages.repos
[5.607s] -- Up-to-date: /home/jetson/ros-workspace/install/micro_ros_setup/./config/freertos/nucleo_f767zi/package.xml
[5.608s] -- Up-to-date: /home/jetson/ros-workspace/install/micro_ros_setup/./config/freertos/nucleo_f767zi/configure.sh
[5.609s] -- Up-to-date: /home/jetson/ros-workspace/install/micro_ros_setup/./config/freertos/nucleo_f767zi/flash.sh
[5.610s] -- Up-to-date: /home/jetson/ros-workspace/install/micro_ros_setup/./config/freertos/nucleo_f767zi/create.sh
[5.611s] -- Up-to-date: /home/jetson/ros-workspace/install/micro_ros_setup/./config/freertos/nucleo_f767zi/board.repos
[5.616s] -- Up-to-date: /home/jetson/ros-workspace/install/micro_ros_setup/./config/freertos/nucleo_f767zi/reset.sh
[5.618s] -- Up-to-date: /home/jetson/ros-workspace/install/micro_ros_setup/./config/freertos/nucleo_f767zi/client-colcon.meta
[5.619s] -- Up-to-date: /home/jetson/ros-workspace/install/micro_ros_setup/./config/freertos/nucleo_f767zi/build.sh
[5.625s] -- Up-to-date: /home/jetson/ros-workspace/install/micro_ros_setup/./config/freertos/dev_uros_packages.repos
[5.625s] -- Up-to-date: /home/jetson/ros-workspace/install/micro_ros_setup/./config/freertos/crazyflie21
[5.626s] -- Up-to-date: /home/jetson/ros-workspace/install/micro_ros_setup/./config/freertos/crazyflie21/client_uros_packages.repos
[5.627s] -- Up-to-date: /home/jetson/ros-workspace/install/micro_ros_setup/./config/freertos/crazyflie21/package.xml
[5.628s] -- Up-to-date: /home/jetson/ros-workspace/install/micro_ros_setup/./config/freertos/crazyflie21/configure.sh
[5.628s] -- Up-to-date: /home/jetson/ros-workspace/install/micro_ros_setup/./config/freertos/crazyflie21/flash.sh
[5.629s] -- Up-to-date: /home/jetson/ros-workspace/install/micro_ros_setup/./config/freertos/crazyflie21/create.sh
[5.629s] -- Up-to-date: /home/jetson/ros-workspace/install/micro_ros_setup/./config/freertos/crazyflie21/board.repos
[5.631s] -- Up-to-date: /home/jetson/ros-workspace/install/micro_ros_setup/./config/freertos/crazyflie21/client-colcon.meta
[5.631s] -- Up-to-date: /home/jetson/ros-workspace/install/micro_ros_setup/./config/freertos/crazyflie21/build.sh
[5.640s] -- Up-to-date: /home/jetson/ros-workspace/install/micro_ros_setup/./config/freertos/nucleo_f446ze
[5.641s] -- Up-to-date: /home/jetson/ros-workspace/install/micro_ros_setup/./config/freertos/nucleo_f446ze/client_uros_packages.repos
[5.642s] -- Up-to-date: /home/jetson/ros-workspace/install/micro_ros_setup/./config/freertos/nucleo_f446ze/package.xml
[5.643s] -- Up-to-date: /home/jetson/ros-workspace/install/micro_ros_setup/./config/freertos/nucleo_f446ze/configure.sh
[5.649s] -- Up-to-date: /home/jetson/ros-workspace/install/micro_ros_setup/./config/freertos/nucleo_f446ze/flash.sh
[5.650s] -- Up-to-date: /home/jetson/ros-workspace/install/micro_ros_setup/./config/freertos/nucleo_f446ze/create.sh
[5.651s] -- Up-to-date: /home/jetson/ros-workspace/install/micro_ros_setup/./config/freertos/nucleo_f446ze/board.repos
[5.652s] -- Up-to-date: /home/jetson/ros-workspace/install/micro_ros_setup/./config/freertos/nucleo_f446ze/reset.sh
[5.653s] -- Up-to-date: /home/jetson/ros-workspace/install/micro_ros_setup/./config/freertos/nucleo_f446ze/client-colcon.meta
[5.653s] -- Up-to-date: /home/jetson/ros-workspace/install/micro_ros_setup/./config/freertos/nucleo_f446ze/build.sh
[5.654s] -- Up-to-date: /home/jetson/ros-workspace/install/micro_ros_setup/./config/freertos/nucleo_f446re
[5.668s] -- Up-to-date: /home/jetson/ros-workspace/install/micro_ros_setup/./config/freertos/nucleo_f446re/client_uros_packages.repos
[5.668s] -- Up-to-date: /home/jetson/ros-workspace/install/micro_ros_setup/./config/freertos/nucleo_f446re/package.xml
[5.669s] -- Up-to-date: /home/jetson/ros-workspace/install/micro_ros_setup/./config/freertos/nucleo_f446re/configure.sh
[5.671s] -- Up-to-date: /home/jetson/ros-workspace/install/micro_ros_setup/./config/freertos/nucleo_f446re/flash.sh
[5.672s] -- Up-to-date: /home/jetson/ros-workspace/install/micro_ros_setup/./config/freertos/nucleo_f446re/create.sh
[5.682s] -- Up-to-date: /home/jetson/ros-workspace/install/micro_ros_setup/./config/freertos/nucleo_f446re/board.repos
[5.684s] -- Up-to-date: /home/jetson/ros-workspace/install/micro_ros_setup/./config/freertos/nucleo_f446re/reset.sh
[5.685s] -- Up-to-date: /home/jetson/ros-workspace/install/micro_ros_setup/./config/freertos/nucleo_f446re/client-colcon.meta
[5.687s] -- Up-to-date: /home/jetson/ros-workspace/install/micro_ros_setup/./config/freertos/nucleo_f446re/build.sh
[5.689s] -- Up-to-date: /home/jetson/ros-workspace/install/micro_ros_setup/./config/freertos/list_apps.sh
[5.690s] -- Up-to-date: /home/jetson/ros-workspace/install/micro_ros_setup/./config/freertos/olimex-stm32-e407
[5.692s] -- Up-to-date: /home/jetson/ros-workspace/install/micro_ros_setup/./config/freertos/olimex-stm32-e407/client_uros_packages.repos
[5.693s] -- Up-to-date: /home/jetson/ros-workspace/install/micro_ros_setup/./config/freertos/olimex-stm32-e407/package.xml
[5.701s] -- Up-to-date: /home/jetson/ros-workspace/install/micro_ros_setup/./config/freertos/olimex-stm32-e407/configure.sh
[5.702s] -- Up-to-date: /home/jetson/ros-workspace/install/micro_ros_setup/./config/freertos/olimex-stm32-e407/flash.sh
[5.703s] -- Up-to-date: /home/jetson/ros-workspace/install/micro_ros_setup/./config/freertos/olimex-stm32-e407/create.sh
[5.704s] -- Up-to-date: /home/jetson/ros-workspace/install/micro_ros_setup/./config/freertos/olimex-stm32-e407/board.repos
[5.705s] -- Up-to-date: /home/jetson/ros-workspace/install/micro_ros_setup/./config/freertos/olimex-stm32-e407/reset.sh
[5.706s] -- Up-to-date: /home/jetson/ros-workspace/install/micro_ros_setup/./config/freertos/olimex-stm32-e407/client-colcon.meta
[5.707s] -- Up-to-date: /home/jetson/ros-workspace/install/micro_ros_setup/./config/freertos/olimex-stm32-e407/build.sh
[5.708s] -- Up-to-date: /home/jetson/ros-workspace/install/micro_ros_setup/./config/freertos/dev_ros2_packages.txt
[5.709s] -- Up-to-date: /home/jetson/ros-workspace/install/micro_ros_setup/./config/freertos/nucleo_f746zg
[5.710s] -- Up-to-date: /home/jetson/ros-workspace/install/micro_ros_setup/./config/freertos/nucleo_f746zg/client_uros_packages.repos
[5.713s] -- Up-to-date: /home/jetson/ros-workspace/install/micro_ros_setup/./config/freertos/nucleo_f746zg/package.xml
[5.717s] -- Up-to-date: /home/jetson/ros-workspace/install/micro_ros_setup/./config/freertos/nucleo_f746zg/configure.sh
[5.723s] -- Up-to-date: /home/jetson/ros-workspace/install/micro_ros_setup/./config/freertos/nucleo_f746zg/flash.sh
[5.724s] -- Up-to-date: /home/jetson/ros-workspace/install/micro_ros_setup/./config/freertos/nucleo_f746zg/create.sh
[5.725s] -- Up-to-date: /home/jetson/ros-workspace/install/micro_ros_setup/./config/freertos/nucleo_f746zg/board.repos
[5.726s] -- Up-to-date: /home/jetson/ros-workspace/install/micro_ros_setup/./config/freertos/nucleo_f746zg/reset.sh
[5.730s] -- Up-to-date: /home/jetson/ros-workspace/install/micro_ros_setup/./config/freertos/nucleo_f746zg/client-colcon.meta
[5.733s] -- Up-to-date: /home/jetson/ros-workspace/install/micro_ros_setup/./config/freertos/nucleo_f746zg/build.sh
[5.736s] -- Up-to-date: /home/jetson/ros-workspace/install/micro_ros_setup/./config/freertos/esp32
[5.737s] -- Up-to-date: /home/jetson/ros-workspace/install/micro_ros_setup/./config/freertos/esp32/client_uros_packages.repos
[5.738s] -- Up-to-date: /home/jetson/ros-workspace/install/micro_ros_setup/./config/freertos/esp32/package.xml
[5.740s] -- Up-to-date: /home/jetson/ros-workspace/install/micro_ros_setup/./config/freertos/esp32/configure.sh
[5.742s] -- Up-to-date: /home/jetson/ros-workspace/install/micro_ros_setup/./config/freertos/esp32/flash.sh
[5.743s] -- Up-to-date: /home/jetson/ros-workspace/install/micro_ros_setup/./config/freertos/esp32/create.sh
[5.744s] -- Up-to-date: /home/jetson/ros-workspace/install/micro_ros_setup/./config/freertos/esp32/board.repos
[5.744s] -- Up-to-date: /home/jetson/ros-workspace/install/micro_ros_setup/./config/freertos/esp32/README.md
[5.745s] -- Up-to-date: /home/jetson/ros-workspace/install/micro_ros_setup/./config/freertos/esp32/client-colcon.meta
[5.746s] -- Up-to-date: /home/jetson/ros-workspace/install/micro_ros_setup/./config/freertos/esp32/build.sh
[5.747s] -- Up-to-date: /home/jetson/ros-workspace/install/micro_ros_setup/./config/agent_ros2_packages.txt
[5.747s] -- Up-to-date: /home/jetson/ros-workspace/install/micro_ros_setup/./config/nuttx
[5.748s] -- Up-to-date: /home/jetson/ros-workspace/install/micro_ros_setup/./config/nuttx/dev_uros_packages.repos
[5.751s] -- Up-to-date: /home/jetson/ros-workspace/install/micro_ros_setup/./config/nuttx/dev_ros2_packages.txt
[5.752s] -- Up-to-date: /home/jetson/ros-workspace/install/micro_ros_setup/./config/nuttx/generic
[5.753s] -- Up-to-date: /home/jetson/ros-workspace/install/micro_ros_setup/./config/nuttx/generic/client_uros_packages.repos
[5.753s] -- Up-to-date: /home/jetson/ros-workspace/install/micro_ros_setup/./config/nuttx/generic/package.xml
[5.754s] -- Up-to-date: /home/jetson/ros-workspace/install/micro_ros_setup/./config/nuttx/generic/configure.sh
[5.755s] -- Up-to-date: /home/jetson/ros-workspace/install/micro_ros_setup/./config/nuttx/generic/flash.sh
[5.756s] -- Up-to-date: /home/jetson/ros-workspace/install/micro_ros_setup/./config/nuttx/generic/create.sh
[5.757s] -- Up-to-date: /home/jetson/ros-workspace/install/micro_ros_setup/./config/nuttx/generic/uros_packages.repos
[5.757s] -- Up-to-date: /home/jetson/ros-workspace/install/micro_ros_setup/./config/nuttx/generic/supported_platforms
[5.758s] -- Up-to-date: /home/jetson/ros-workspace/install/micro_ros_setup/./config/nuttx/generic/reset.sh
[5.759s] -- Up-to-date: /home/jetson/ros-workspace/install/micro_ros_setup/./config/nuttx/generic/client-colcon.meta
[5.759s] -- Up-to-date: /home/jetson/ros-workspace/install/micro_ros_setup/./config/nuttx/generic/build.sh
[5.760s] -- Up-to-date: /home/jetson/ros-workspace/install/micro_ros_setup/./config/renesas_ra
[5.761s] -- Up-to-date: /home/jetson/ros-workspace/install/micro_ros_setup/./config/renesas_ra/dev_uros_packages.repos
[5.762s] -- Up-to-date: /home/jetson/ros-workspace/install/micro_ros_setup/./config/renesas_ra/list_apps.sh
[5.762s] -- Up-to-date: /home/jetson/ros-workspace/install/micro_ros_setup/./config/renesas_ra/ra6m5
[5.763s] -- Up-to-date: /home/jetson/ros-workspace/install/micro_ros_setup/./config/renesas_ra/ra6m5/client_uros_packages.repos
[5.764s] -- Up-to-date: /home/jetson/ros-workspace/install/micro_ros_setup/./config/renesas_ra/ra6m5/configure.sh
[5.765s] -- Up-to-date: /home/jetson/ros-workspace/install/micro_ros_setup/./config/renesas_ra/ra6m5/flash.sh
[5.766s] -- Up-to-date: /home/jetson/ros-workspace/install/micro_ros_setup/./config/renesas_ra/ra6m5/create.sh
[5.767s] -- Up-to-date: /home/jetson/ros-workspace/install/micro_ros_setup/./config/renesas_ra/ra6m5/board.repos
[5.767s] -- Up-to-date: /home/jetson/ros-workspace/install/micro_ros_setup/./config/renesas_ra/ra6m5/client-colcon.meta
[5.768s] -- Up-to-date: /home/jetson/ros-workspace/install/micro_ros_setup/./config/renesas_ra/ra6m5/build.sh
[5.769s] -- Up-to-date: /home/jetson/ros-workspace/install/micro_ros_setup/./config/renesas_ra/dev_ros2_packages.txt
[5.770s] -- Up-to-date: /home/jetson/ros-workspace/install/micro_ros_setup/./config/generate_lib
[5.771s] -- Up-to-date: /home/jetson/ros-workspace/install/micro_ros_setup/./config/generate_lib/dev_uros_packages.repos
[5.771s] -- Up-to-date: /home/jetson/ros-workspace/install/micro_ros_setup/./config/generate_lib/dev_ros2_packages.txt
[5.772s] -- Up-to-date: /home/jetson/ros-workspace/install/micro_ros_setup/./config/generate_lib/generic
[5.773s] -- Up-to-date: /home/jetson/ros-workspace/install/micro_ros_setup/./config/generate_lib/generic/client_uros_packages.repos
[5.774s] -- Up-to-date: /home/jetson/ros-workspace/install/micro_ros_setup/./config/generate_lib/generic/package.xml
[5.785s] -- Up-to-date: /home/jetson/ros-workspace/install/micro_ros_setup/./config/generate_lib/generic/flash.sh
[5.786s] -- Up-to-date: /home/jetson/ros-workspace/install/micro_ros_setup/./config/generate_lib/generic/create.sh
[5.786s] -- Up-to-date: /home/jetson/ros-workspace/install/micro_ros_setup/./config/generate_lib/generic/demo_toolchain.cmake
[5.786s] -- Up-to-date: /home/jetson/ros-workspace/install/micro_ros_setup/./config/generate_lib/generic/client-colcon.meta
[5.787s] -- Up-to-date: /home/jetson/ros-workspace/install/micro_ros_setup/./config/generate_lib/generic/build.sh
[5.787s] -- Up-to-date: /home/jetson/ros-workspace/install/micro_ros_setup/./config/zephyr
[5.790s] -- Up-to-date: /home/jetson/ros-workspace/install/micro_ros_setup/./config/zephyr/dev_uros_packages.repos
[5.791s] -- Up-to-date: /home/jetson/ros-workspace/install/micro_ros_setup/./config/zephyr/list_apps.sh
[5.792s] -- Up-to-date: /home/jetson/ros-workspace/install/micro_ros_setup/./config/zephyr/dev_ros2_packages.txt
[5.794s] -- Up-to-date: /home/jetson/ros-workspace/install/micro_ros_setup/./config/zephyr/generic
[5.795s] -- Up-to-date: /home/jetson/ros-workspace/install/micro_ros_setup/./config/zephyr/generic/client_uros_packages.repos
[5.797s] -- Up-to-date: /home/jetson/ros-workspace/install/micro_ros_setup/./config/zephyr/generic/package.xml
[5.797s] -- Up-to-date: /home/jetson/ros-workspace/install/micro_ros_setup/./config/zephyr/generic/configure.sh
[5.798s] -- Up-to-date: /home/jetson/ros-workspace/install/micro_ros_setup/./config/zephyr/generic/flash.sh
[5.799s] -- Up-to-date: /home/jetson/ros-workspace/install/micro_ros_setup/./config/zephyr/generic/create.sh
[5.801s] -- Up-to-date: /home/jetson/ros-workspace/install/micro_ros_setup/./config/zephyr/generic/board.repos
[5.804s] -- Up-to-date: /home/jetson/ros-workspace/install/micro_ros_setup/./config/zephyr/generic/supported_platforms
[5.805s] -- Up-to-date: /home/jetson/ros-workspace/install/micro_ros_setup/./config/zephyr/generic/reset.sh
[5.809s] -- Up-to-date: /home/jetson/ros-workspace/install/micro_ros_setup/./config/zephyr/generic/client-colcon.meta
[5.809s] -- Up-to-date: /home/jetson/ros-workspace/install/micro_ros_setup/./config/zephyr/generic/build.sh
[5.810s] -- Up-to-date: /home/jetson/ros-workspace/install/micro_ros_setup/./config/client_ros2_packages.txt
[5.812s] -- Up-to-date: /home/jetson/ros-workspace/install/micro_ros_setup/./config/utils.sh
[5.813s] -- Up-to-date: /home/jetson/ros-workspace/install/micro_ros_setup/./config/raspbian
[5.816s] -- Up-to-date: /home/jetson/ros-workspace/install/micro_ros_setup/./config/raspbian/dev_uros_packages.repos
[5.830s] -- Up-to-date: /home/jetson/ros-workspace/install/micro_ros_setup/./config/raspbian/dev_ros2_packages.txt
[5.834s] -- Up-to-date: /home/jetson/ros-workspace/install/micro_ros_setup/./config/raspbian/generic
[5.835s] -- Up-to-date: /home/jetson/ros-workspace/install/micro_ros_setup/./config/raspbian/generic/client_uros_packages.repos
[5.837s] -- Up-to-date: /home/jetson/ros-workspace/install/micro_ros_setup/./config/raspbian/generic/configure.sh
[5.839s] -- Up-to-date: /home/jetson/ros-workspace/install/micro_ros_setup/./config/raspbian/generic/flash.sh
[5.840s] -- Up-to-date: /home/jetson/ros-workspace/install/micro_ros_setup/./config/raspbian/generic/create.sh
[5.842s] -- Up-to-date: /home/jetson/ros-workspace/install/micro_ros_setup/./config/raspbian/generic/supported_platforms
[5.846s] -- Up-to-date: /home/jetson/ros-workspace/install/micro_ros_setup/./config/raspbian/generic/client-colcon.meta
[5.848s] -- Up-to-date: /home/jetson/ros-workspace/install/micro_ros_setup/./config/raspbian/generic/build.sh
[5.849s] Invoked command in '/home/jetson/ros-workspace/build/micro_ros_setup' returned '0': CMAKE_PREFIX_PATH=${CMAKE_PREFIX_PATH}:/opt/ros/foxy /usr/bin/cmake --install /home/jetson/ros-workspace/build/micro_ros_setup
