[0.108s] Invoking command in '/home/uocav/ros-workspace/build/navigation': CMAKE_PREFIX_PATH=${CMAKE_PREFIX_PATH}:/home/uocav/ros-workspace/install/urdf_tutorial_r2d2:/opt/ros/foxy /usr/bin/cmake --build /home/uocav/ros-workspace/build/navigation -- -j6 -l6
[0.641s] [100%] Built target occupancy_pub
[0.755s] Invoked command in '/home/uocav/ros-workspace/build/navigation' returned '0': CMAKE_PREFIX_PATH=${CMAKE_PREFIX_PATH}:/home/uocav/ros-workspace/install/urdf_tutorial_r2d2:/opt/ros/foxy /usr/bin/cmake --build /home/uocav/ros-workspace/build/navigation -- -j6 -l6
[1.050s] Invoking command in '/home/uocav/ros-workspace/build/navigation': CMAKE_PREFIX_PATH=${CMAKE_PREFIX_PATH}:/home/uocav/ros-workspace/install/urdf_tutorial_r2d2:/opt/ros/foxy /usr/bin/cmake --install /home/uocav/ros-workspace/build/navigation
[1.087s] -- Install configuration: "Release"
[1.087s] -- Execute custom install script
[1.087s] -- Up-to-date symlink: /home/uocav/ros-workspace/install/navigation/lib/navigation/occupancy_pub
[1.087s] -- Up-to-date symlink: /home/uocav/ros-workspace/install/navigation/share/ament_index/resource_index/package_run_dependencies/navigation
[1.087s] -- Up-to-date symlink: /home/uocav/ros-workspace/install/navigation/share/ament_index/resource_index/parent_prefix_path/navigation
[1.088s] -- Up-to-date symlink: /home/uocav/ros-workspace/install/navigation/share/navigation/environment/ament_prefix_path.sh
[1.088s] -- Up-to-date symlink: /home/uocav/ros-workspace/install/navigation/share/navigation/environment/ament_prefix_path.dsv
[1.088s] -- Up-to-date symlink: /home/uocav/ros-workspace/install/navigation/share/navigation/environment/path.sh
[1.088s] -- Up-to-date symlink: /home/uocav/ros-workspace/install/navigation/share/navigation/environment/path.dsv
[1.088s] -- Up-to-date symlink: /home/uocav/ros-workspace/install/navigation/share/navigation/local_setup.bash
[1.089s] -- Up-to-date symlink: /home/uocav/ros-workspace/install/navigation/share/navigation/local_setup.sh
[1.089s] -- Up-to-date symlink: /home/uocav/ros-workspace/install/navigation/share/navigation/local_setup.zsh
[1.089s] -- Up-to-date symlink: /home/uocav/ros-workspace/install/navigation/share/navigation/local_setup.dsv
[1.089s] -- Symlinking: /home/uocav/ros-workspace/install/navigation/share/navigation/package.dsv
[1.111s] -- Up-to-date symlink: /home/uocav/ros-workspace/install/navigation/share/ament_index/resource_index/packages/navigation
[1.111s] -- Up-to-date symlink: /home/uocav/ros-workspace/install/navigation/share/navigation/cmake/navigationConfig.cmake
[1.111s] -- Up-to-date symlink: /home/uocav/ros-workspace/install/navigation/share/navigation/cmake/navigationConfig-version.cmake
[1.112s] -- Up-to-date symlink: /home/uocav/ros-workspace/install/navigation/share/navigation/package.xml
[1.293s] Invoked command in '/home/uocav/ros-workspace/build/navigation' returned '0': CMAKE_PREFIX_PATH=${CMAKE_PREFIX_PATH}:/home/uocav/ros-workspace/install/urdf_tutorial_r2d2:/opt/ros/foxy /usr/bin/cmake --install /home/uocav/ros-workspace/build/navigation
