[0.339s] Invoking command in '/home/uocav/ros-workspace/build/lio_sam': CMAKE_PREFIX_PATH=${CMAKE_PREFIX_PATH}:/opt/ros/humble:/home/uocav/ros-workspace/install/urdf_tutorial_r2d2:/opt/ros/foxy /usr/bin/cmake --build /home/uocav/ros-workspace/build/lio_sam -- -j6 -l6
[0.408s] [  2%] Built target lio_sam__cpp
[0.413s] [ 10%] Built target lio_sam__rosidl_generator_c
[0.421s] [ 10%] Built target ament_cmake_python_symlink_lio_sam
[0.462s] [ 19%] Built target lio_sam__rosidl_typesupport_cpp
[0.471s] [ 27%] Built target lio_sam__rosidl_typesupport_fastrtps_cpp
[0.481s] [ 36%] Built target lio_sam__rosidl_typesupport_fastrtps_c
[0.504s] [ 44%] Built target lio_sam__rosidl_typesupport_introspection_cpp
[0.513s] [ 53%] Built target lio_sam__rosidl_typesupport_c
[0.526s] [ 61%] Built target lio_sam__rosidl_typesupport_introspection_c
[0.556s] [ 61%] Built target lio_sam
[0.574s] [ 65%] Built target lio_sam_featureExtraction
[0.608s] [ 70%] Built target lio_sam_imuPreintegration
[0.608s] [ 74%] Built target lio_sam_imageProjection
[0.635s] [ 78%] Built target lio_sam_mapOptimization
[0.643s] [ 80%] Built target lio_sam__py
[0.690s] [ 87%] Built target lio_sam__rosidl_generator_py
[0.746s] [ 91%] Built target lio_sam__rosidl_typesupport_fastrtps_c__pyext
[0.754s] [ 95%] Built target lio_sam__rosidl_typesupport_introspection_c__pyext
[0.762s] [100%] Built target lio_sam__rosidl_typesupport_c__pyext
[0.803s] running egg_info
[0.803s] writing lio_sam.egg-info/PKG-INFO
[0.804s] writing dependency_links to lio_sam.egg-info/dependency_links.txt
[0.804s] writing top-level names to lio_sam.egg-info/top_level.txt
[0.807s] reading manifest file 'lio_sam.egg-info/SOURCES.txt'
[0.807s] writing manifest file 'lio_sam.egg-info/SOURCES.txt'
[0.843s] [100%] Built target ament_cmake_python_build_lio_sam_egg
[0.947s] Invoked command in '/home/uocav/ros-workspace/build/lio_sam' returned '0': CMAKE_PREFIX_PATH=${CMAKE_PREFIX_PATH}:/opt/ros/humble:/home/uocav/ros-workspace/install/urdf_tutorial_r2d2:/opt/ros/foxy /usr/bin/cmake --build /home/uocav/ros-workspace/build/lio_sam -- -j6 -l6
[1.022s] Invoking command in '/home/uocav/ros-workspace/build/lio_sam': CMAKE_PREFIX_PATH=${CMAKE_PREFIX_PATH}:/opt/ros/humble:/home/uocav/ros-workspace/install/urdf_tutorial_r2d2:/opt/ros/foxy /usr/bin/cmake --install /home/uocav/ros-workspace/build/lio_sam
[1.033s] -- Install configuration: "Release"
[1.034s] -- Execute custom install script
[1.034s] -- Up-to-date symlink: /home/uocav/ros-workspace/install/lio_sam/share/ament_index/resource_index/rosidl_interfaces/lio_sam
[1.035s] -- Up-to-date symlink: /home/uocav/ros-workspace/install/lio_sam/include/lio_sam/lio_sam/msg/cloud_info.h
[1.035s] -- Up-to-date symlink: /home/uocav/ros-workspace/install/lio_sam/include/lio_sam/lio_sam/msg/detail/cloud_info__functions.h
[1.035s] -- Up-to-date symlink: /home/uocav/ros-workspace/install/lio_sam/include/lio_sam/lio_sam/msg/detail/cloud_info__struct.h
[1.035s] -- Up-to-date symlink: /home/uocav/ros-workspace/install/lio_sam/include/lio_sam/lio_sam/msg/detail/cloud_info__type_support.h
[1.035s] -- Up-to-date symlink: /home/uocav/ros-workspace/install/lio_sam/include/lio_sam/lio_sam/msg/rosidl_generator_c__visibility_control.h
[1.036s] -- Up-to-date symlink: /home/uocav/ros-workspace/install/lio_sam/include/lio_sam/lio_sam/srv/detail/save_map__functions.h
[1.036s] -- Up-to-date symlink: /home/uocav/ros-workspace/install/lio_sam/include/lio_sam/lio_sam/srv/detail/save_map__struct.h
[1.036s] -- Up-to-date symlink: /home/uocav/ros-workspace/install/lio_sam/include/lio_sam/lio_sam/srv/detail/save_map__type_support.h
[1.036s] -- Up-to-date symlink: /home/uocav/ros-workspace/install/lio_sam/include/lio_sam/lio_sam/srv/save_map.h
[1.036s] -- Up-to-date symlink: /home/uocav/ros-workspace/install/lio_sam/share/lio_sam/environment/library_path.sh
[1.037s] -- Up-to-date symlink: /home/uocav/ros-workspace/install/lio_sam/share/lio_sam/environment/library_path.dsv
[1.037s] -- Up-to-date symlink: /home/uocav/ros-workspace/install/lio_sam/include/lio_sam/lio_sam/msg/detail/cloud_info__rosidl_typesupport_fastrtps_c.h
[1.037s] -- Up-to-date symlink: /home/uocav/ros-workspace/install/lio_sam/include/lio_sam/lio_sam/msg/rosidl_typesupport_fastrtps_c__visibility_control.h
[1.038s] -- Up-to-date symlink: /home/uocav/ros-workspace/install/lio_sam/include/lio_sam/lio_sam/srv/detail/save_map__rosidl_typesupport_fastrtps_c.h
[1.038s] -- Up-to-date symlink: /home/uocav/ros-workspace/install/lio_sam/include/lio_sam/lio_sam/msg/detail/cloud_info__rosidl_typesupport_introspection_c.h
[1.038s] -- Up-to-date symlink: /home/uocav/ros-workspace/install/lio_sam/include/lio_sam/lio_sam/msg/rosidl_typesupport_introspection_c__visibility_control.h
[1.038s] -- Up-to-date symlink: /home/uocav/ros-workspace/install/lio_sam/include/lio_sam/lio_sam/srv/detail/save_map__rosidl_typesupport_introspection_c.h
[1.039s] -- Up-to-date symlink: /home/uocav/ros-workspace/install/lio_sam/include/lio_sam/lio_sam/msg/cloud_info.hpp
[1.040s] -- Up-to-date symlink: /home/uocav/ros-workspace/install/lio_sam/include/lio_sam/lio_sam/msg/detail/cloud_info__builder.hpp
[1.040s] -- Up-to-date symlink: /home/uocav/ros-workspace/install/lio_sam/include/lio_sam/lio_sam/msg/detail/cloud_info__struct.hpp
[1.040s] -- Up-to-date symlink: /home/uocav/ros-workspace/install/lio_sam/include/lio_sam/lio_sam/msg/detail/cloud_info__traits.hpp
[1.040s] -- Up-to-date symlink: /home/uocav/ros-workspace/install/lio_sam/include/lio_sam/lio_sam/srv/detail/save_map__builder.hpp
[1.040s] -- Up-to-date symlink: /home/uocav/ros-workspace/install/lio_sam/include/lio_sam/lio_sam/srv/detail/save_map__struct.hpp
[1.040s] -- Up-to-date symlink: /home/uocav/ros-workspace/install/lio_sam/include/lio_sam/lio_sam/srv/detail/save_map__traits.hpp
[1.040s] -- Up-to-date symlink: /home/uocav/ros-workspace/install/lio_sam/include/lio_sam/lio_sam/srv/save_map.hpp
[1.041s] -- Up-to-date symlink: /home/uocav/ros-workspace/install/lio_sam/include/lio_sam/lio_sam/msg/detail/cloud_info__rosidl_typesupport_fastrtps_cpp.hpp
[1.041s] -- Up-to-date symlink: /home/uocav/ros-workspace/install/lio_sam/include/lio_sam/lio_sam/msg/rosidl_typesupport_fastrtps_cpp__visibility_control.h
[1.042s] -- Up-to-date symlink: /home/uocav/ros-workspace/install/lio_sam/include/lio_sam/lio_sam/srv/detail/save_map__rosidl_typesupport_fastrtps_cpp.hpp
[1.042s] -- Up-to-date symlink: /home/uocav/ros-workspace/install/lio_sam/include/lio_sam/lio_sam/msg/detail/cloud_info__rosidl_typesupport_introspection_cpp.hpp
[1.042s] -- Up-to-date symlink: /home/uocav/ros-workspace/install/lio_sam/include/lio_sam/lio_sam/srv/detail/save_map__rosidl_typesupport_introspection_cpp.hpp
[1.042s] -- Up-to-date symlink: /home/uocav/ros-workspace/install/lio_sam/share/lio_sam/environment/pythonpath.sh
[1.043s] -- Up-to-date symlink: /home/uocav/ros-workspace/install/lio_sam/share/lio_sam/environment/pythonpath.dsv
[1.043s] -- Up-to-date symlink: /home/uocav/ros-workspace/install/lio_sam/local/lib/python3.10/dist-packages/lio_sam-1.0.0-py3.10.egg-info/PKG-INFO
[1.043s] -- Up-to-date symlink: /home/uocav/ros-workspace/install/lio_sam/local/lib/python3.10/dist-packages/lio_sam-1.0.0-py3.10.egg-info/SOURCES.txt
[1.043s] -- Up-to-date symlink: /home/uocav/ros-workspace/install/lio_sam/local/lib/python3.10/dist-packages/lio_sam-1.0.0-py3.10.egg-info/dependency_links.txt
[1.044s] -- Up-to-date symlink: /home/uocav/ros-workspace/install/lio_sam/local/lib/python3.10/dist-packages/lio_sam-1.0.0-py3.10.egg-info/top_level.txt
[1.045s] -- Up-to-date symlink: /home/uocav/ros-workspace/install/lio_sam/local/lib/python3.10/dist-packages/lio_sam/__init__.py
[1.045s] -- Up-to-date symlink: /home/uocav/ros-workspace/install/lio_sam/local/lib/python3.10/dist-packages/lio_sam/_lio_sam_s.ep.rosidl_typesupport_c.c
[1.045s] -- Up-to-date symlink: /home/uocav/ros-workspace/install/lio_sam/local/lib/python3.10/dist-packages/lio_sam/_lio_sam_s.ep.rosidl_typesupport_fastrtps_c.c
[1.045s] -- Up-to-date symlink: /home/uocav/ros-workspace/install/lio_sam/local/lib/python3.10/dist-packages/lio_sam/_lio_sam_s.ep.rosidl_typesupport_introspection_c.c
[1.045s] -- Up-to-date symlink: /home/uocav/ros-workspace/install/lio_sam/local/lib/python3.10/dist-packages/lio_sam/liblio_sam__rosidl_generator_py.so
[1.045s] -- Up-to-date symlink: /home/uocav/ros-workspace/install/lio_sam/local/lib/python3.10/dist-packages/lio_sam/lio_sam_s__rosidl_typesupport_c.cpython-310-x86_64-linux-gnu.so
[1.045s] -- Up-to-date symlink: /home/uocav/ros-workspace/install/lio_sam/local/lib/python3.10/dist-packages/lio_sam/lio_sam_s__rosidl_typesupport_fastrtps_c.cpython-310-x86_64-linux-gnu.so
[1.046s] -- Up-to-date symlink: /home/uocav/ros-workspace/install/lio_sam/local/lib/python3.10/dist-packages/lio_sam/lio_sam_s__rosidl_typesupport_introspection_c.cpython-310-x86_64-linux-gnu.so
[1.046s] -- Up-to-date symlink: /home/uocav/ros-workspace/install/lio_sam/local/lib/python3.10/dist-packages/lio_sam/msg/__init__.py
[1.046s] -- Up-to-date symlink: /home/uocav/ros-workspace/install/lio_sam/local/lib/python3.10/dist-packages/lio_sam/msg/_cloud_info.py
[1.046s] -- Up-to-date symlink: /home/uocav/ros-workspace/install/lio_sam/local/lib/python3.10/dist-packages/lio_sam/msg/_cloud_info_s.c
[1.046s] -- Up-to-date symlink: /home/uocav/ros-workspace/install/lio_sam/local/lib/python3.10/dist-packages/lio_sam/srv/__init__.py
[1.046s] -- Up-to-date symlink: /home/uocav/ros-workspace/install/lio_sam/local/lib/python3.10/dist-packages/lio_sam/srv/_save_map.py
[1.047s] -- Up-to-date symlink: /home/uocav/ros-workspace/install/lio_sam/local/lib/python3.10/dist-packages/lio_sam/srv/_save_map_s.c
[1.047s] -- Up-to-date symlink: /home/uocav/ros-workspace/install/lio_sam/local/lib/python3.10/dist-packages/lio_sam/lio_sam_s__rosidl_typesupport_fastrtps_c.cpython-310-x86_64-linux-gnu.so
[1.047s] -- Up-to-date symlink: /home/uocav/ros-workspace/install/lio_sam/local/lib/python3.10/dist-packages/lio_sam/lio_sam_s__rosidl_typesupport_introspection_c.cpython-310-x86_64-linux-gnu.so
[1.048s] -- Up-to-date symlink: /home/uocav/ros-workspace/install/lio_sam/local/lib/python3.10/dist-packages/lio_sam/lio_sam_s__rosidl_typesupport_c.cpython-310-x86_64-linux-gnu.so
[1.048s] -- Up-to-date symlink: /home/uocav/ros-workspace/install/lio_sam/share/lio_sam/msg/CloudInfo.idl
[1.050s] -- Up-to-date symlink: /home/uocav/ros-workspace/install/lio_sam/share/lio_sam/srv/SaveMap.idl
[1.050s] -- Up-to-date symlink: /home/uocav/ros-workspace/install/lio_sam/share/lio_sam/msg/CloudInfo.msg
[1.050s] -- Up-to-date symlink: /home/uocav/ros-workspace/install/lio_sam/share/lio_sam/srv/SaveMap.srv
[1.050s] -- Up-to-date symlink: /home/uocav/ros-workspace/install/lio_sam/share/lio_sam/srv/SaveMap_Request.msg
[1.050s] -- Up-to-date symlink: /home/uocav/ros-workspace/install/lio_sam/share/lio_sam/srv/SaveMap_Response.msg
[1.050s] -- Up-to-date symlink: /home/uocav/ros-workspace/install/lio_sam/share/lio_sam//launch/run.launch.py
[1.050s] -- Up-to-date symlink: /home/uocav/ros-workspace/install/lio_sam/share/lio_sam//config/doc/demo.gif
[1.051s] -- Up-to-date symlink: /home/uocav/ros-workspace/install/lio_sam/share/lio_sam//config/doc/device-boat.png
[1.051s] -- Up-to-date symlink: /home/uocav/ros-workspace/install/lio_sam/share/lio_sam//config/doc/device-hand-2.png
[1.053s] -- Up-to-date symlink: /home/uocav/ros-workspace/install/lio_sam/share/lio_sam//config/doc/device-hand.png
[1.053s] -- Up-to-date symlink: /home/uocav/ros-workspace/install/lio_sam/share/lio_sam//config/doc/device-jackal.png
[1.053s] -- Up-to-date symlink: /home/uocav/ros-workspace/install/lio_sam/share/lio_sam//config/doc/gps-demo.gif
[1.054s] -- Up-to-date symlink: /home/uocav/ros-workspace/install/lio_sam/share/lio_sam//config/doc/imu-debug.gif
[1.054s] -- Up-to-date symlink: /home/uocav/ros-workspace/install/lio_sam/share/lio_sam//config/doc/imu-transform.png
[1.054s] -- Up-to-date symlink: /home/uocav/ros-workspace/install/lio_sam/share/lio_sam//config/doc/kitti-demo.gif
[1.054s] -- Up-to-date symlink: /home/uocav/ros-workspace/install/lio_sam/share/lio_sam//config/doc/kitti-map.png
[1.054s] -- Up-to-date symlink: /home/uocav/ros-workspace/install/lio_sam/share/lio_sam//config/doc/kitti2bag/README.md
[1.054s] -- Up-to-date symlink: /home/uocav/ros-workspace/install/lio_sam/share/lio_sam//config/doc/kitti2bag/kitti2bag.py
[1.054s] -- Up-to-date symlink: /home/uocav/ros-workspace/install/lio_sam/share/lio_sam//config/doc/loop-closure-2.gif
[1.054s] -- Up-to-date symlink: /home/uocav/ros-workspace/install/lio_sam/share/lio_sam//config/doc/loop-closure.gif
[1.054s] -- Up-to-date symlink: /home/uocav/ros-workspace/install/lio_sam/share/lio_sam//config/doc/ouster-demo.gif
[1.054s] -- Up-to-date symlink: /home/uocav/ros-workspace/install/lio_sam/share/lio_sam//config/doc/ouster-device.jpg
[1.054s] -- Up-to-date symlink: /home/uocav/ros-workspace/install/lio_sam/share/lio_sam//config/doc/paper.pdf
[1.054s] -- Up-to-date symlink: /home/uocav/ros-workspace/install/lio_sam/share/lio_sam//config/doc/system.png
[1.054s] -- Up-to-date symlink: /home/uocav/ros-workspace/install/lio_sam/share/lio_sam//config/params.yaml
[1.054s] -- Up-to-date symlink: /home/uocav/ros-workspace/install/lio_sam/share/lio_sam//config/robot.urdf.xacro
[1.054s] -- Up-to-date symlink: /home/uocav/ros-workspace/install/lio_sam/share/lio_sam//config/rviz2.rviz
[1.055s] -- Up-to-date symlink: /home/uocav/ros-workspace/install/lio_sam/lib/lio_sam/lio_sam_imageProjection
[1.055s] -- Up-to-date symlink: /home/uocav/ros-workspace/install/lio_sam/lib/lio_sam/lio_sam_imuPreintegration
[1.055s] -- Up-to-date symlink: /home/uocav/ros-workspace/install/lio_sam/lib/lio_sam/lio_sam_featureExtraction
[1.055s] -- Up-to-date symlink: /home/uocav/ros-workspace/install/lio_sam/lib/lio_sam/lio_sam_mapOptimization
[1.056s] -- Up-to-date symlink: /home/uocav/ros-workspace/install/lio_sam/include/lio_sam/utility.hpp
[1.056s] -- Up-to-date symlink: /home/uocav/ros-workspace/install/lio_sam/share/ament_index/resource_index/package_run_dependencies/lio_sam
[1.056s] -- Up-to-date symlink: /home/uocav/ros-workspace/install/lio_sam/share/ament_index/resource_index/parent_prefix_path/lio_sam
[1.056s] -- Up-to-date symlink: /home/uocav/ros-workspace/install/lio_sam/share/lio_sam/environment/ament_prefix_path.sh
[1.056s] -- Up-to-date symlink: /home/uocav/ros-workspace/install/lio_sam/share/lio_sam/environment/ament_prefix_path.dsv
[1.057s] -- Up-to-date symlink: /home/uocav/ros-workspace/install/lio_sam/share/lio_sam/environment/path.sh
[1.057s] -- Up-to-date symlink: /home/uocav/ros-workspace/install/lio_sam/share/lio_sam/environment/path.dsv
[1.057s] -- Up-to-date symlink: /home/uocav/ros-workspace/install/lio_sam/share/lio_sam/local_setup.bash
[1.057s] -- Up-to-date symlink: /home/uocav/ros-workspace/install/lio_sam/share/lio_sam/local_setup.sh
[1.058s] -- Up-to-date symlink: /home/uocav/ros-workspace/install/lio_sam/share/lio_sam/local_setup.zsh
[1.058s] -- Up-to-date symlink: /home/uocav/ros-workspace/install/lio_sam/share/lio_sam/local_setup.dsv
[1.058s] -- Symlinking: /home/uocav/ros-workspace/install/lio_sam/share/lio_sam/package.dsv
[1.065s] -- Up-to-date symlink: /home/uocav/ros-workspace/install/lio_sam/share/ament_index/resource_index/packages/lio_sam
[1.066s] -- Up-to-date symlink: /home/uocav/ros-workspace/install/lio_sam/share/lio_sam/cmake/rosidl_cmake-extras.cmake
[1.066s] -- Up-to-date symlink: /home/uocav/ros-workspace/install/lio_sam/share/lio_sam/cmake/ament_cmake_export_dependencies-extras.cmake
[1.066s] -- Up-to-date symlink: /home/uocav/ros-workspace/install/lio_sam/share/lio_sam/cmake/ament_cmake_export_include_directories-extras.cmake
[1.067s] -- Up-to-date symlink: /home/uocav/ros-workspace/install/lio_sam/share/lio_sam/cmake/ament_cmake_export_libraries-extras.cmake
[1.067s] -- Up-to-date symlink: /home/uocav/ros-workspace/install/lio_sam/share/lio_sam/cmake/ament_cmake_export_targets-extras.cmake
[1.068s] -- Up-to-date symlink: /home/uocav/ros-workspace/install/lio_sam/share/lio_sam/cmake/rosidl_cmake_export_typesupport_targets-extras.cmake
[1.068s] -- Up-to-date symlink: /home/uocav/ros-workspace/install/lio_sam/share/lio_sam/cmake/rosidl_cmake_export_typesupport_libraries-extras.cmake
[1.068s] -- Up-to-date symlink: /home/uocav/ros-workspace/install/lio_sam/share/lio_sam/cmake/lio_samConfig.cmake
[1.068s] -- Up-to-date symlink: /home/uocav/ros-workspace/install/lio_sam/share/lio_sam/cmake/lio_samConfig-version.cmake
[1.069s] -- Up-to-date symlink: /home/uocav/ros-workspace/install/lio_sam/share/lio_sam/package.xml
[1.069s] -- Up-to-date: /home/uocav/ros-workspace/install/lio_sam/lib/liblio_sam__rosidl_generator_c.so
[1.069s] -- Up-to-date: /home/uocav/ros-workspace/install/lio_sam/lib/liblio_sam__rosidl_typesupport_fastrtps_c.so
[1.070s] -- Up-to-date: /home/uocav/ros-workspace/install/lio_sam/lib/liblio_sam__rosidl_typesupport_introspection_c.so
[1.070s] -- Up-to-date: /home/uocav/ros-workspace/install/lio_sam/lib/liblio_sam__rosidl_typesupport_c.so
[1.070s] -- Up-to-date: /home/uocav/ros-workspace/install/lio_sam/lib/liblio_sam__rosidl_typesupport_fastrtps_cpp.so
[1.070s] -- Up-to-date: /home/uocav/ros-workspace/install/lio_sam/lib/liblio_sam__rosidl_typesupport_introspection_cpp.so
[1.070s] -- Up-to-date: /home/uocav/ros-workspace/install/lio_sam/lib/liblio_sam__rosidl_typesupport_cpp.so
[1.097s] Listing '/home/uocav/ros-workspace/install/lio_sam/local/lib/python3.10/dist-packages/lio_sam'...
[1.097s] Listing '/home/uocav/ros-workspace/install/lio_sam/local/lib/python3.10/dist-packages/lio_sam/msg'...
[1.097s] Listing '/home/uocav/ros-workspace/install/lio_sam/local/lib/python3.10/dist-packages/lio_sam/srv'...
[1.101s] -- Up-to-date: /home/uocav/ros-workspace/install/lio_sam/lib/liblio_sam__rosidl_generator_py.so
[1.101s] -- Up-to-date: /home/uocav/ros-workspace/install/lio_sam/share/lio_sam/cmake/export_lio_sam__rosidl_generator_cExport.cmake
[1.101s] -- Up-to-date: /home/uocav/ros-workspace/install/lio_sam/share/lio_sam/cmake/export_lio_sam__rosidl_generator_cExport-release.cmake
[1.101s] -- Up-to-date: /home/uocav/ros-workspace/install/lio_sam/share/lio_sam/cmake/export_lio_sam__rosidl_typesupport_fastrtps_cExport.cmake
[1.101s] -- Up-to-date: /home/uocav/ros-workspace/install/lio_sam/share/lio_sam/cmake/export_lio_sam__rosidl_typesupport_fastrtps_cExport-release.cmake
[1.101s] -- Up-to-date: /home/uocav/ros-workspace/install/lio_sam/share/lio_sam/cmake/lio_sam__rosidl_typesupport_introspection_cExport.cmake
[1.101s] -- Up-to-date: /home/uocav/ros-workspace/install/lio_sam/share/lio_sam/cmake/lio_sam__rosidl_typesupport_introspection_cExport-release.cmake
[1.102s] -- Up-to-date: /home/uocav/ros-workspace/install/lio_sam/share/lio_sam/cmake/lio_sam__rosidl_typesupport_cExport.cmake
[1.102s] -- Up-to-date: /home/uocav/ros-workspace/install/lio_sam/share/lio_sam/cmake/lio_sam__rosidl_typesupport_cExport-release.cmake
[1.102s] -- Up-to-date: /home/uocav/ros-workspace/install/lio_sam/share/lio_sam/cmake/export_lio_sam__rosidl_generator_cppExport.cmake
[1.102s] -- Up-to-date: /home/uocav/ros-workspace/install/lio_sam/share/lio_sam/cmake/export_lio_sam__rosidl_typesupport_fastrtps_cppExport.cmake
[1.102s] -- Up-to-date: /home/uocav/ros-workspace/install/lio_sam/share/lio_sam/cmake/export_lio_sam__rosidl_typesupport_fastrtps_cppExport-release.cmake
[1.102s] -- Up-to-date: /home/uocav/ros-workspace/install/lio_sam/share/lio_sam/cmake/lio_sam__rosidl_typesupport_introspection_cppExport.cmake
[1.102s] -- Up-to-date: /home/uocav/ros-workspace/install/lio_sam/share/lio_sam/cmake/lio_sam__rosidl_typesupport_introspection_cppExport-release.cmake
[1.102s] -- Up-to-date: /home/uocav/ros-workspace/install/lio_sam/share/lio_sam/cmake/lio_sam__rosidl_typesupport_cppExport.cmake
[1.102s] -- Up-to-date: /home/uocav/ros-workspace/install/lio_sam/share/lio_sam/cmake/lio_sam__rosidl_typesupport_cppExport-release.cmake
[1.102s] -- Up-to-date: /home/uocav/ros-workspace/install/lio_sam/share/lio_sam/cmake/export_lio_sam__rosidl_generator_pyExport.cmake
[1.102s] -- Up-to-date: /home/uocav/ros-workspace/install/lio_sam/share/lio_sam/cmake/export_lio_sam__rosidl_generator_pyExport-release.cmake
[1.104s] Invoked command in '/home/uocav/ros-workspace/build/lio_sam' returned '0': CMAKE_PREFIX_PATH=${CMAKE_PREFIX_PATH}:/opt/ros/humble:/home/uocav/ros-workspace/install/urdf_tutorial_r2d2:/opt/ros/foxy /usr/bin/cmake --install /home/uocav/ros-workspace/build/lio_sam
