-- The C compiler identification is GNU 11.4.0
-- The CXX compiler identification is GNU 11.4.0
-- Detecting C compiler ABI info
-- Detecting C compiler ABI info - done
-- Check for working C compiler: /usr/bin/cc - skipped
-- Detecting C compile features
-- Detecting C compile features - done
-- Detecting CXX compiler ABI info
-- Detecting CXX compiler ABI info - done
-- Check for working CXX compiler: /usr/bin/c++ - skipped
-- Detecting CXX compile features
-- Detecting CXX compile features - done
-- Found ament_cmake: 1.3.5 (/opt/ros/humble/share/ament_cmake/cmake)
-- Found Python3: /usr/bin/python3.10 (found version "3.10.12") found components: Interpreter 
-- Override CMake install command with custom implementation using symlinks instead of copying resources
-- Found rosidl_default_generators: 1.2.0 (/opt/ros/humble/share/rosidl_default_generators/cmake)
-- Using all available rosidl_typesupport_c: rosidl_typesupport_fastrtps_c;rosidl_typesupport_introspection_c
-- Found rosidl_adapter: 3.1.5 (/opt/ros/humble/share/rosidl_adapter/cmake)
-- Using all available rosidl_typesupport_cpp: rosidl_typesupport_fastrtps_cpp;rosidl_typesupport_introspection_cpp
-- Found rclcpp: 16.0.6 (/opt/ros/humble/share/rclcpp/cmake)
-- Found rmw_implementation_cmake: 6.1.1 (/opt/ros/humble/share/rmw_implementation_cmake/cmake)
-- Found rmw_fastrtps_cpp: 6.2.4 (/opt/ros/humble/share/rmw_fastrtps_cpp/cmake)
-- Found OpenSSL: /usr/lib/x86_64-linux-gnu/libcrypto.so (found version "3.0.2")  
-- Found FastRTPS: /opt/ros/humble/include  
-- Using RMW implementation 'rmw_fastrtps_cpp' as default
-- Looking for pthread.h
-- Looking for pthread.h - found
-- Performing Test CMAKE_HAVE_LIBC_PTHREAD
-- Performing Test CMAKE_HAVE_LIBC_PTHREAD - Success
-- Found Threads: TRUE  
-- Found rclpy: 3.3.10 (/opt/ros/humble/share/rclpy/cmake)
-- Found cv_bridge: 3.2.1 (/opt/ros/humble/share/cv_bridge/cmake)
-- Found nav_msgs: 4.2.3 (/opt/ros/humble/share/nav_msgs/cmake)
-- Found visualization_msgs: 4.2.3 (/opt/ros/humble/share/visualization_msgs/cmake)
-- Found pcl_msgs: 1.0.0 (/opt/ros/humble/share/pcl_msgs/cmake)
-- Found tf2: 0.25.4 (/opt/ros/humble/share/tf2/cmake)
-- Found tf2_geometry_msgs: 0.25.4 (/opt/ros/humble/share/tf2_geometry_msgs/cmake)
-- Found eigen3_cmake_module: 0.1.1 (/opt/ros/humble/share/eigen3_cmake_module/cmake)
-- Found Eigen3: TRUE (found version "3.4.0") 
-- Ensuring Eigen3 include directory is part of orocos-kdl CMake target
-- Found tf2_sensor_msgs: 0.25.4 (/opt/ros/humble/share/tf2_sensor_msgs/cmake)
-- Found tf2_eigen: 0.25.4 (/opt/ros/humble/share/tf2_eigen/cmake)
-- Found OpenCV: /usr (found version "4.5.4") 
-- Checking for module 'eigen3'
--   Found eigen3, version 3.4.0
-- Found Eigen: /usr/include/eigen3 (Required is at least version "3.1") 
-- Eigen found (include: /usr/include/eigen3, version: 3.4.0)
-- Found Boost: /usr/include (found suitable version "1.74.0", minimum required is "1.55.0") found components: system filesystem date_time iostreams regex 
-- Checking for module 'flann'
--   Found flann, version 1.9.1
-- Found FLANN: /usr/lib/x86_64-linux-gnu/libflann_cpp.so  
-- The imported target "vtkParseOGLExt" references the file
   "/usr/bin/vtkParseOGLExt-7.1"
but this file does not exist.  Possible reasons include:
* The file was deleted, renamed, or moved to another location.
* An install or uninstall procedure did not complete successfully.
* The installation package was faulty and contained
   "/usr/lib/cmake/vtk-7.1/VTKTargets.cmake"
but not all the files it references.

-- The imported target "vtkRenderingPythonTkWidgets" references the file
   "/usr/lib/x86_64-linux-gnu/libvtkRenderingPythonTkWidgets.so"
but this file does not exist.  Possible reasons include:
* The file was deleted, renamed, or moved to another location.
* An install or uninstall procedure did not complete successfully.
* The installation package was faulty and contained
   "/usr/lib/cmake/vtk-7.1/VTKTargets.cmake"
but not all the files it references.

-- The imported target "vtk" references the file
   "/usr/bin/vtk"
but this file does not exist.  Possible reasons include:
* The file was deleted, renamed, or moved to another location.
* An install or uninstall procedure did not complete successfully.
* The installation package was faulty and contained
   "/usr/lib/cmake/vtk-7.1/VTKTargets.cmake"
but not all the files it references.

-- The imported target "pvtk" references the file
   "/usr/bin/pvtk"
but this file does not exist.  Possible reasons include:
* The file was deleted, renamed, or moved to another location.
* An install or uninstall procedure did not complete successfully.
* The installation package was faulty and contained
   "/usr/lib/cmake/vtk-7.1/VTKTargets.cmake"
but not all the files it references.

-- Checking for module 'libusb-1.0'
--   Found libusb-1.0, version 1.0.25
-- Found USB_10: /usr/lib/x86_64-linux-gnu/libusb-1.0.so  
-- Found OpenNI: /usr/lib/libOpenNI.so  
-- OpenNI found (include: /usr/include/ni, lib: /usr/lib/libOpenNI.so)
-- Found OpenNI2: /usr/lib/x86_64-linux-gnu/libOpenNI2.so  
-- OpenNI2 found (include: /usr/include/openni2, lib: /usr/lib/x86_64-linux-gnu/libOpenNI2.so)
-- Found libusb-1.0: /usr/include  
-- OpenNI found (include: /usr/include/ni, lib: /usr/lib/libOpenNI.so)
-- OpenNI2 found (include: /usr/include/openni2, lib: /usr/lib/x86_64-linux-gnu/libOpenNI2.so)
-- Found Qhull: optimized;/usr/lib/x86_64-linux-gnu/libqhull.so;debug;/usr/lib/x86_64-linux-gnu/libqhull.so  
-- QHULL found (include: /usr/include, lib: optimized;/usr/lib/x86_64-linux-gnu/libqhull.so;debug;/usr/lib/x86_64-linux-gnu/libqhull.so)
-- OpenNI found (include: /usr/include/ni, lib: /usr/lib/libOpenNI.so)
-- looking for PCL_COMMON
-- Found PCL_COMMON: /usr/lib/x86_64-linux-gnu/libpcl_common.so  
-- looking for PCL_KDTREE
-- Found PCL_KDTREE: /usr/lib/x86_64-linux-gnu/libpcl_kdtree.so  
-- looking for PCL_OCTREE
-- Found PCL_OCTREE: /usr/lib/x86_64-linux-gnu/libpcl_octree.so  
-- looking for PCL_SEARCH
-- Found PCL_SEARCH: /usr/lib/x86_64-linux-gnu/libpcl_search.so  
-- looking for PCL_SAMPLE_CONSENSUS
-- Found PCL_SAMPLE_CONSENSUS: /usr/lib/x86_64-linux-gnu/libpcl_sample_consensus.so  
-- looking for PCL_FILTERS
-- Found PCL_FILTERS: /usr/lib/x86_64-linux-gnu/libpcl_filters.so  
-- looking for PCL_2D
-- Found PCL_2D: /usr/include/pcl-1.10  
-- looking for PCL_GEOMETRY
-- Found PCL_GEOMETRY: /usr/include/pcl-1.10  
-- looking for PCL_IO
-- Found PCL_IO: /usr/lib/x86_64-linux-gnu/libpcl_io.so  
-- looking for PCL_FEATURES
-- Found PCL_FEATURES: /usr/lib/x86_64-linux-gnu/libpcl_features.so  
-- looking for PCL_ML
-- Found PCL_ML: /usr/lib/x86_64-linux-gnu/libpcl_ml.so  
-- looking for PCL_SEGMENTATION
-- Found PCL_SEGMENTATION: /usr/lib/x86_64-linux-gnu/libpcl_segmentation.so  
-- looking for PCL_VISUALIZATION
-- Found PCL_VISUALIZATION: /usr/lib/x86_64-linux-gnu/libpcl_visualization.so  
-- looking for PCL_SURFACE
-- Found PCL_SURFACE: /usr/lib/x86_64-linux-gnu/libpcl_surface.so  
-- looking for PCL_REGISTRATION
-- Found PCL_REGISTRATION: /usr/lib/x86_64-linux-gnu/libpcl_registration.so  
-- looking for PCL_KEYPOINTS
-- Found PCL_KEYPOINTS: /usr/lib/x86_64-linux-gnu/libpcl_keypoints.so  
-- looking for PCL_TRACKING
-- Found PCL_TRACKING: /usr/lib/x86_64-linux-gnu/libpcl_tracking.so  
-- looking for PCL_RECOGNITION
-- Found PCL_RECOGNITION: /usr/lib/x86_64-linux-gnu/libpcl_recognition.so  
-- looking for PCL_STEREO
-- Found PCL_STEREO: /usr/lib/x86_64-linux-gnu/libpcl_stereo.so  
-- looking for PCL_APPS
-- Found PCL_APPS: /usr/lib/x86_64-linux-gnu/libpcl_apps.so  
-- looking for PCL_IN_HAND_SCANNER
-- Found PCL_IN_HAND_SCANNER: /usr/include/pcl-1.10  
-- looking for PCL_POINT_CLOUD_EDITOR
-- Found PCL_POINT_CLOUD_EDITOR: /usr/include/pcl-1.10  
-- looking for PCL_OUTOFCORE
-- Found PCL_OUTOFCORE: /usr/lib/x86_64-linux-gnu/libpcl_outofcore.so  
-- looking for PCL_PEOPLE
-- Found PCL_PEOPLE: /usr/lib/x86_64-linux-gnu/libpcl_people.so  
-- Found PCL: pcl_common;pcl_kdtree;pcl_octree;pcl_search;pcl_sample_consensus;pcl_filters;pcl_io;pcl_features;pcl_ml;pcl_segmentation;pcl_visualization;pcl_surface;pcl_registration;pcl_keypoints;pcl_tracking;pcl_recognition;pcl_stereo;pcl_apps;pcl_outofcore;pcl_people;/usr/lib/x86_64-linux-gnu/libboost_system.so;/usr/lib/x86_64-linux-gnu/libboost_filesystem.so;/usr/lib/x86_64-linux-gnu/libboost_date_time.so;/usr/lib/x86_64-linux-gnu/libboost_iostreams.so;/usr/lib/x86_64-linux-gnu/libboost_regex.so;optimized;/usr/lib/x86_64-linux-gnu/libqhull.so;debug;/usr/lib/x86_64-linux-gnu/libqhull.so;/usr/lib/libOpenNI.so;/usr/lib/x86_64-linux-gnu/libOpenNI2.so;vtkChartsCore;vtkCommonColor;vtkCommonCore;vtksys;vtkCommonDataModel;vtkCommonMath;vtkCommonMisc;vtkCommonSystem;vtkCommonTransforms;vtkCommonExecutionModel;vtkFiltersGeneral;vtkCommonComputationalGeometry;vtkFiltersCore;vtkInfovisCore;vtkFiltersExtraction;vtkFiltersStatistics;vtkImagingFourier;vtkImagingCore;vtkalglib;vtkRenderingContext2D;vtkRenderingCore;vtkFiltersGeometry;vtkFiltersSources;vtkRenderingFreeType;/usr/lib/x86_64-linux-gnu/libfreetype.so;/usr/lib/x86_64-linux-gnu/libz.so;vtkFiltersModeling;vtkImagingSources;vtkInteractionStyle;vtkInteractionWidgets;vtkFiltersHybrid;vtkImagingColor;vtkImagingGeneral;vtkImagingHybrid;vtkIOImage;vtkDICOMParser;vtkmetaio;/usr/lib/x86_64-linux-gnu/libjpeg.so;/usr/lib/x86_64-linux-gnu/libpng.so;/usr/lib/x86_64-linux-gnu/libtiff.so;vtkRenderingAnnotation;vtkRenderingVolume;vtkIOXML;vtkIOCore;vtkIOXMLParser;/usr/lib/x86_64-linux-gnu/libexpat.so;vtkIOGeometry;vtkIOLegacy;vtkIOPLY;vtkRenderingLOD;vtkViewsContext2D;vtkViewsCore;vtkRenderingContextOpenGL2;vtkRenderingOpenGL2;FLANN::FLANN  
-- Found Boost: /usr/include (found suitable version "1.74.0", minimum required is "1.65") found components: serialization system filesystem thread program_options date_time timer chrono regex atomic 
-- GTSAM include directory:  /usr/lib/cmake/GTSAM/../../../include
-- Found Eigen: /usr/include/eigen3  
-- Eigen found (include: /usr/include/eigen3, version: 3.4.0)
-- Found OpenMP_C: -fopenmp (found version "4.5") 
-- Found OpenMP_CXX: -fopenmp (found version "4.5") 
-- Found OpenMP: TRUE (found version "4.5")  
-- Found ament_cmake_ros: 0.10.0 (/opt/ros/humble/share/ament_cmake_ros/cmake)
-- Using all available rosidl_typesupport_c: rosidl_typesupport_fastrtps_c;rosidl_typesupport_introspection_c
-- Using all available rosidl_typesupport_cpp: rosidl_typesupport_fastrtps_cpp;rosidl_typesupport_introspection_cpp
-- Found PythonInterp: /usr/bin/python3 (found suitable version "3.10.12", minimum required is "3.6") 
-- Found python_cmake_module: 0.10.0 (/opt/ros/humble/share/python_cmake_module/cmake)
-- Found PythonLibs: /usr/lib/x86_64-linux-gnu/libpython3.10.so (found suitable version "3.10.12", minimum required is "3.5") 
-- Using PYTHON_EXECUTABLE: /usr/bin/python3
-- Using PYTHON_INCLUDE_DIRS: /usr/include/python3.10
-- Using PYTHON_LIBRARIES: /usr/lib/x86_64-linux-gnu/libpython3.10.so
-- Found PythonExtra: .so  
-- Found ament_lint_auto: 0.12.8 (/opt/ros/humble/share/ament_lint_auto/cmake)
-- Added test 'copyright' to check source files copyright and LICENSE
-- Added test 'cppcheck' to perform static code analysis on C / C++ code
-- Configured cppcheck include dirs: /home/uocav/ros-workspace/src/LIO-SAM/include/lio_sam
-- Configured cppcheck exclude dirs and/or files: 
-- Added test 'cpplint' to check C / C++ code against the Google style
-- Configured cpplint exclude dirs and/or files: 
-- Added test 'flake8' to check Python code syntax and style conventions
-- Added test 'lint_cmake' to check CMake code style
-- Added test 'pep257' to check Python code against some of the docstring style conventions in PEP 257
-- Added test 'uncrustify' to check C / C++ code style
-- Configured uncrustify additional arguments: 
-- Added test 'xmllint' to check XML markup files
-- Configuring done
-- Generating done
-- Build files have been written to: /home/uocav/ros-workspace/build/lio_sam
[  2%] [34m[1mGenerating C code for ROS interfaces[0m
[  4%] [34m[1mGenerating C++ code for ROS interfaces[0m
[  4%] Built target ament_cmake_python_symlink_lio_sam
running egg_info
creating lio_sam.egg-info
writing lio_sam.egg-info/PKG-INFO
writing dependency_links to lio_sam.egg-info/dependency_links.txt
writing top-level names to lio_sam.egg-info/top_level.txt
writing manifest file 'lio_sam.egg-info/SOURCES.txt'
reading manifest file 'lio_sam.egg-info/SOURCES.txt'
writing manifest file 'lio_sam.egg-info/SOURCES.txt'
[  4%] Built target ament_cmake_python_build_lio_sam_egg
[  4%] Built target lio_sam__cpp
[  8%] [32mBuilding C object CMakeFiles/lio_sam__rosidl_generator_c.dir/rosidl_generator_c/lio_sam/srv/detail/save_map__functions.c.o[0m
[  8%] [32mBuilding C object CMakeFiles/lio_sam__rosidl_generator_c.dir/rosidl_generator_c/lio_sam/msg/detail/cloud_info__functions.c.o[0m
[ 12%] [34m[1mGenerating C++ type support dispatch for ROS interfaces[0m
[ 12%] [34m[1mGenerating C++ type support for eProsima Fast-RTPS[0m
[ 14%] [34m[1mGenerating C++ introspection for ROS interfaces[0m
[ 17%] [32m[1mLinking C shared library liblio_sam__rosidl_generator_c.so[0m
[ 17%] Built target lio_sam__rosidl_generator_c
[ 19%] [34m[1mGenerating C type support for eProsima Fast-RTPS[0m
[ 21%] [34m[1mGenerating C introspection for ROS interfaces[0m
[ 23%] [34m[1mGenerating C type support dispatch for ROS interfaces[0m
[ 25%] [32mBuilding CXX object CMakeFiles/lio_sam__rosidl_typesupport_cpp.dir/rosidl_typesupport_cpp/lio_sam/msg/cloud_info__type_support.cpp.o[0m
[ 27%] [32mBuilding CXX object CMakeFiles/lio_sam__rosidl_typesupport_introspection_cpp.dir/rosidl_typesupport_introspection_cpp/lio_sam/msg/detail/cloud_info__type_support.cpp.o[0m
[ 29%] [32mBuilding CXX object CMakeFiles/lio_sam__rosidl_typesupport_fastrtps_cpp.dir/rosidl_typesupport_fastrtps_cpp/lio_sam/msg/detail/dds_fastrtps/cloud_info__type_support.cpp.o[0m
[ 31%] [32mBuilding CXX object CMakeFiles/lio_sam__rosidl_typesupport_c.dir/rosidl_typesupport_c/lio_sam/msg/cloud_info__type_support.cpp.o[0m
[ 34%] [32mBuilding CXX object CMakeFiles/lio_sam__rosidl_typesupport_c.dir/rosidl_typesupport_c/lio_sam/srv/save_map__type_support.cpp.o[0m
[ 36%] [32mBuilding C object CMakeFiles/lio_sam__rosidl_typesupport_introspection_c.dir/rosidl_typesupport_introspection_c/lio_sam/msg/detail/cloud_info__type_support.c.o[0m
[ 38%] [32mBuilding CXX object CMakeFiles/lio_sam__rosidl_typesupport_fastrtps_c.dir/rosidl_typesupport_fastrtps_c/lio_sam/msg/detail/cloud_info__type_support_c.cpp.o[0m
[ 40%] [32m[1mLinking CXX shared library liblio_sam__rosidl_typesupport_c.so[0m
[ 42%] [32mBuilding CXX object CMakeFiles/lio_sam__rosidl_typesupport_cpp.dir/rosidl_typesupport_cpp/lio_sam/srv/save_map__type_support.cpp.o[0m
[ 42%] Built target lio_sam__rosidl_typesupport_c
[ 44%] [32mBuilding CXX object CMakeFiles/lio_sam__rosidl_typesupport_fastrtps_c.dir/rosidl_typesupport_fastrtps_c/lio_sam/srv/detail/save_map__type_support_c.cpp.o[0m
[ 46%] [32mBuilding C object CMakeFiles/lio_sam__rosidl_typesupport_introspection_c.dir/rosidl_typesupport_introspection_c/lio_sam/srv/detail/save_map__type_support.c.o[0m
[ 48%] [32m[1mLinking C shared library liblio_sam__rosidl_typesupport_introspection_c.so[0m
[ 48%] Built target lio_sam__rosidl_typesupport_introspection_c
[ 51%] [32mBuilding CXX object CMakeFiles/lio_sam__rosidl_typesupport_fastrtps_cpp.dir/rosidl_typesupport_fastrtps_cpp/lio_sam/srv/detail/dds_fastrtps/save_map__type_support.cpp.o[0m
[ 53%] [32m[1mLinking CXX shared library liblio_sam__rosidl_typesupport_cpp.so[0m
[ 53%] Built target lio_sam__rosidl_typesupport_cpp
[ 55%] [32mBuilding CXX object CMakeFiles/lio_sam_featureExtraction.dir/src/featureExtraction.cpp.o[0m
[ 57%] [32mBuilding CXX object CMakeFiles/lio_sam__rosidl_typesupport_introspection_cpp.dir/rosidl_typesupport_introspection_cpp/lio_sam/srv/detail/save_map__type_support.cpp.o[0m
[ 59%] [32mBuilding CXX object CMakeFiles/lio_sam_imageProjection.dir/src/imageProjection.cpp.o[0m
[ 61%] [32mBuilding CXX object CMakeFiles/lio_sam_imuPreintegration.dir/src/imuPreintegration.cpp.o[0m
[ 63%] [32m[1mLinking CXX shared library liblio_sam__rosidl_typesupport_fastrtps_c.so[0m
[ 63%] Built target lio_sam__rosidl_typesupport_fastrtps_c
[ 65%] [32mBuilding CXX object CMakeFiles/lio_sam_mapOptimization.dir/src/mapOptmization.cpp.o[0m
[ 68%] [32m[1mLinking CXX shared library liblio_sam__rosidl_typesupport_fastrtps_cpp.so[0m
[ 68%] Built target lio_sam__rosidl_typesupport_fastrtps_cpp
[ 70%] [32m[1mLinking CXX shared library liblio_sam__rosidl_typesupport_introspection_cpp.so[0m
[ 70%] Built target lio_sam__rosidl_typesupport_introspection_cpp
[ 70%] Built target lio_sam
[ 72%] [34m[1mGenerating Python code for ROS interfaces[0m
[ 72%] Built target lio_sam__py
[ 74%] [32mBuilding C object CMakeFiles/lio_sam__rosidl_generator_py.dir/rosidl_generator_py/lio_sam/msg/_cloud_info_s.c.o[0m
[ 76%] [32mBuilding C object CMakeFiles/lio_sam__rosidl_generator_py.dir/rosidl_generator_py/lio_sam/srv/_save_map_s.c.o[0m
[ 78%] [32m[1mLinking C shared library rosidl_generator_py/lio_sam/liblio_sam__rosidl_generator_py.so[0m
[ 78%] Built target lio_sam__rosidl_generator_py
[ 80%] [32mBuilding C object CMakeFiles/lio_sam__rosidl_typesupport_introspection_c__pyext.dir/rosidl_generator_py/lio_sam/_lio_sam_s.ep.rosidl_typesupport_introspection_c.c.o[0m
[ 82%] [32mBuilding C object CMakeFiles/lio_sam__rosidl_typesupport_fastrtps_c__pyext.dir/rosidl_generator_py/lio_sam/_lio_sam_s.ep.rosidl_typesupport_fastrtps_c.c.o[0m
[ 85%] [32m[1mLinking C shared library rosidl_generator_py/lio_sam/lio_sam_s__rosidl_typesupport_introspection_c.cpython-310-x86_64-linux-gnu.so[0m
[ 87%] [32m[1mLinking C shared library rosidl_generator_py/lio_sam/lio_sam_s__rosidl_typesupport_fastrtps_c.cpython-310-x86_64-linux-gnu.so[0m
[ 87%] Built target lio_sam__rosidl_typesupport_introspection_c__pyext
[ 87%] Built target lio_sam__rosidl_typesupport_fastrtps_c__pyext
[ 89%] [32mBuilding C object CMakeFiles/lio_sam__rosidl_typesupport_c__pyext.dir/rosidl_generator_py/lio_sam/_lio_sam_s.ep.rosidl_typesupport_c.c.o[0m
[ 91%] [32m[1mLinking C shared library rosidl_generator_py/lio_sam/lio_sam_s__rosidl_typesupport_c.cpython-310-x86_64-linux-gnu.so[0m
[ 91%] Built target lio_sam__rosidl_typesupport_c__pyext
[ 93%] [32m[1mLinking CXX executable lio_sam_featureExtraction[0m
[ 93%] Built target lio_sam_featureExtraction
[ 95%] [32m[1mLinking CXX executable lio_sam_imageProjection[0m
[ 95%] Built target lio_sam_imageProjection
[ 97%] [32m[1mLinking CXX executable lio_sam_imuPreintegration[0m
[ 97%] Built target lio_sam_imuPreintegration
[100%] [32m[1mLinking CXX executable lio_sam_mapOptimization[0m
[100%] Built target lio_sam_mapOptimization
-- Install configuration: "Release"
-- Execute custom install script
-- Symlinking: /home/uocav/ros-workspace/install/lio_sam/share/ament_index/resource_index/rosidl_interfaces/lio_sam
-- Symlinking: /home/uocav/ros-workspace/install/lio_sam/include/lio_sam/lio_sam/msg/cloud_info.h
-- Symlinking: /home/uocav/ros-workspace/install/lio_sam/include/lio_sam/lio_sam/msg/detail/cloud_info__functions.h
-- Symlinking: /home/uocav/ros-workspace/install/lio_sam/include/lio_sam/lio_sam/msg/detail/cloud_info__struct.h
-- Symlinking: /home/uocav/ros-workspace/install/lio_sam/include/lio_sam/lio_sam/msg/detail/cloud_info__type_support.h
-- Symlinking: /home/uocav/ros-workspace/install/lio_sam/include/lio_sam/lio_sam/msg/rosidl_generator_c__visibility_control.h
-- Symlinking: /home/uocav/ros-workspace/install/lio_sam/include/lio_sam/lio_sam/srv/detail/save_map__functions.h
-- Symlinking: /home/uocav/ros-workspace/install/lio_sam/include/lio_sam/lio_sam/srv/detail/save_map__struct.h
-- Symlinking: /home/uocav/ros-workspace/install/lio_sam/include/lio_sam/lio_sam/srv/detail/save_map__type_support.h
-- Symlinking: /home/uocav/ros-workspace/install/lio_sam/include/lio_sam/lio_sam/srv/save_map.h
-- Symlinking: /home/uocav/ros-workspace/install/lio_sam/share/lio_sam/environment/library_path.sh
-- Symlinking: /home/uocav/ros-workspace/install/lio_sam/share/lio_sam/environment/library_path.dsv
-- Symlinking: /home/uocav/ros-workspace/install/lio_sam/include/lio_sam/lio_sam/msg/detail/cloud_info__rosidl_typesupport_fastrtps_c.h
-- Symlinking: /home/uocav/ros-workspace/install/lio_sam/include/lio_sam/lio_sam/msg/rosidl_typesupport_fastrtps_c__visibility_control.h
-- Symlinking: /home/uocav/ros-workspace/install/lio_sam/include/lio_sam/lio_sam/srv/detail/save_map__rosidl_typesupport_fastrtps_c.h
-- Symlinking: /home/uocav/ros-workspace/install/lio_sam/include/lio_sam/lio_sam/msg/detail/cloud_info__rosidl_typesupport_introspection_c.h
-- Symlinking: /home/uocav/ros-workspace/install/lio_sam/include/lio_sam/lio_sam/msg/rosidl_typesupport_introspection_c__visibility_control.h
-- Symlinking: /home/uocav/ros-workspace/install/lio_sam/include/lio_sam/lio_sam/srv/detail/save_map__rosidl_typesupport_introspection_c.h
-- Symlinking: /home/uocav/ros-workspace/install/lio_sam/include/lio_sam/lio_sam/msg/cloud_info.hpp
-- Symlinking: /home/uocav/ros-workspace/install/lio_sam/include/lio_sam/lio_sam/msg/detail/cloud_info__builder.hpp
-- Symlinking: /home/uocav/ros-workspace/install/lio_sam/include/lio_sam/lio_sam/msg/detail/cloud_info__struct.hpp
-- Symlinking: /home/uocav/ros-workspace/install/lio_sam/include/lio_sam/lio_sam/msg/detail/cloud_info__traits.hpp
-- Symlinking: /home/uocav/ros-workspace/install/lio_sam/include/lio_sam/lio_sam/srv/detail/save_map__builder.hpp
-- Symlinking: /home/uocav/ros-workspace/install/lio_sam/include/lio_sam/lio_sam/srv/detail/save_map__struct.hpp
-- Symlinking: /home/uocav/ros-workspace/install/lio_sam/include/lio_sam/lio_sam/srv/detail/save_map__traits.hpp
-- Symlinking: /home/uocav/ros-workspace/install/lio_sam/include/lio_sam/lio_sam/srv/save_map.hpp
-- Symlinking: /home/uocav/ros-workspace/install/lio_sam/include/lio_sam/lio_sam/msg/detail/cloud_info__rosidl_typesupport_fastrtps_cpp.hpp
-- Symlinking: /home/uocav/ros-workspace/install/lio_sam/include/lio_sam/lio_sam/msg/rosidl_typesupport_fastrtps_cpp__visibility_control.h
-- Symlinking: /home/uocav/ros-workspace/install/lio_sam/include/lio_sam/lio_sam/srv/detail/save_map__rosidl_typesupport_fastrtps_cpp.hpp
-- Symlinking: /home/uocav/ros-workspace/install/lio_sam/include/lio_sam/lio_sam/msg/detail/cloud_info__rosidl_typesupport_introspection_cpp.hpp
-- Symlinking: /home/uocav/ros-workspace/install/lio_sam/include/lio_sam/lio_sam/srv/detail/save_map__rosidl_typesupport_introspection_cpp.hpp
-- Symlinking: /home/uocav/ros-workspace/install/lio_sam/share/lio_sam/environment/pythonpath.sh
-- Symlinking: /home/uocav/ros-workspace/install/lio_sam/share/lio_sam/environment/pythonpath.dsv
-- Symlinking: /home/uocav/ros-workspace/install/lio_sam/local/lib/python3.10/dist-packages/lio_sam-1.0.0-py3.10.egg-info/PKG-INFO
-- Symlinking: /home/uocav/ros-workspace/install/lio_sam/local/lib/python3.10/dist-packages/lio_sam-1.0.0-py3.10.egg-info/SOURCES.txt
-- Symlinking: /home/uocav/ros-workspace/install/lio_sam/local/lib/python3.10/dist-packages/lio_sam-1.0.0-py3.10.egg-info/dependency_links.txt
-- Symlinking: /home/uocav/ros-workspace/install/lio_sam/local/lib/python3.10/dist-packages/lio_sam-1.0.0-py3.10.egg-info/top_level.txt
-- Symlinking: /home/uocav/ros-workspace/install/lio_sam/local/lib/python3.10/dist-packages/lio_sam/__init__.py
-- Symlinking: /home/uocav/ros-workspace/install/lio_sam/local/lib/python3.10/dist-packages/lio_sam/_lio_sam_s.ep.rosidl_typesupport_c.c
-- Symlinking: /home/uocav/ros-workspace/install/lio_sam/local/lib/python3.10/dist-packages/lio_sam/_lio_sam_s.ep.rosidl_typesupport_fastrtps_c.c
-- Symlinking: /home/uocav/ros-workspace/install/lio_sam/local/lib/python3.10/dist-packages/lio_sam/_lio_sam_s.ep.rosidl_typesupport_introspection_c.c
-- Symlinking: /home/uocav/ros-workspace/install/lio_sam/local/lib/python3.10/dist-packages/lio_sam/liblio_sam__rosidl_generator_py.so
-- Symlinking: /home/uocav/ros-workspace/install/lio_sam/local/lib/python3.10/dist-packages/lio_sam/lio_sam_s__rosidl_typesupport_c.cpython-310-x86_64-linux-gnu.so
-- Symlinking: /home/uocav/ros-workspace/install/lio_sam/local/lib/python3.10/dist-packages/lio_sam/lio_sam_s__rosidl_typesupport_fastrtps_c.cpython-310-x86_64-linux-gnu.so
-- Symlinking: /home/uocav/ros-workspace/install/lio_sam/local/lib/python3.10/dist-packages/lio_sam/lio_sam_s__rosidl_typesupport_introspection_c.cpython-310-x86_64-linux-gnu.so
-- Symlinking: /home/uocav/ros-workspace/install/lio_sam/local/lib/python3.10/dist-packages/lio_sam/msg/__init__.py
-- Symlinking: /home/uocav/ros-workspace/install/lio_sam/local/lib/python3.10/dist-packages/lio_sam/msg/_cloud_info.py
-- Symlinking: /home/uocav/ros-workspace/install/lio_sam/local/lib/python3.10/dist-packages/lio_sam/msg/_cloud_info_s.c
-- Symlinking: /home/uocav/ros-workspace/install/lio_sam/local/lib/python3.10/dist-packages/lio_sam/srv/__init__.py
-- Symlinking: /home/uocav/ros-workspace/install/lio_sam/local/lib/python3.10/dist-packages/lio_sam/srv/_save_map.py
-- Symlinking: /home/uocav/ros-workspace/install/lio_sam/local/lib/python3.10/dist-packages/lio_sam/srv/_save_map_s.c
-- Up-to-date symlink: /home/uocav/ros-workspace/install/lio_sam/local/lib/python3.10/dist-packages/lio_sam/lio_sam_s__rosidl_typesupport_fastrtps_c.cpython-310-x86_64-linux-gnu.so
-- Up-to-date symlink: /home/uocav/ros-workspace/install/lio_sam/local/lib/python3.10/dist-packages/lio_sam/lio_sam_s__rosidl_typesupport_introspection_c.cpython-310-x86_64-linux-gnu.so
-- Up-to-date symlink: /home/uocav/ros-workspace/install/lio_sam/local/lib/python3.10/dist-packages/lio_sam/lio_sam_s__rosidl_typesupport_c.cpython-310-x86_64-linux-gnu.so
-- Symlinking: /home/uocav/ros-workspace/install/lio_sam/share/lio_sam/msg/CloudInfo.idl
-- Symlinking: /home/uocav/ros-workspace/install/lio_sam/share/lio_sam/srv/SaveMap.idl
-- Symlinking: /home/uocav/ros-workspace/install/lio_sam/share/lio_sam/msg/CloudInfo.msg
-- Symlinking: /home/uocav/ros-workspace/install/lio_sam/share/lio_sam/srv/SaveMap.srv
-- Symlinking: /home/uocav/ros-workspace/install/lio_sam/share/lio_sam/srv/SaveMap_Request.msg
-- Symlinking: /home/uocav/ros-workspace/install/lio_sam/share/lio_sam/srv/SaveMap_Response.msg
-- Symlinking: /home/uocav/ros-workspace/install/lio_sam/share/lio_sam//launch/run.launch.py
-- Symlinking: /home/uocav/ros-workspace/install/lio_sam/share/lio_sam//config/doc/demo.gif
-- Symlinking: /home/uocav/ros-workspace/install/lio_sam/share/lio_sam//config/doc/device-boat.png
-- Symlinking: /home/uocav/ros-workspace/install/lio_sam/share/lio_sam//config/doc/device-hand-2.png
-- Symlinking: /home/uocav/ros-workspace/install/lio_sam/share/lio_sam//config/doc/device-hand.png
-- Symlinking: /home/uocav/ros-workspace/install/lio_sam/share/lio_sam//config/doc/device-jackal.png
-- Symlinking: /home/uocav/ros-workspace/install/lio_sam/share/lio_sam//config/doc/gps-demo.gif
-- Symlinking: /home/uocav/ros-workspace/install/lio_sam/share/lio_sam//config/doc/imu-debug.gif
-- Symlinking: /home/uocav/ros-workspace/install/lio_sam/share/lio_sam//config/doc/imu-transform.png
-- Symlinking: /home/uocav/ros-workspace/install/lio_sam/share/lio_sam//config/doc/kitti-demo.gif
-- Symlinking: /home/uocav/ros-workspace/install/lio_sam/share/lio_sam//config/doc/kitti-map.png
-- Symlinking: /home/uocav/ros-workspace/install/lio_sam/share/lio_sam//config/doc/kitti2bag/README.md
-- Symlinking: /home/uocav/ros-workspace/install/lio_sam/share/lio_sam//config/doc/kitti2bag/kitti2bag.py
-- Symlinking: /home/uocav/ros-workspace/install/lio_sam/share/lio_sam//config/doc/loop-closure-2.gif
-- Symlinking: /home/uocav/ros-workspace/install/lio_sam/share/lio_sam//config/doc/loop-closure.gif
-- Symlinking: /home/uocav/ros-workspace/install/lio_sam/share/lio_sam//config/doc/ouster-demo.gif
-- Symlinking: /home/uocav/ros-workspace/install/lio_sam/share/lio_sam//config/doc/ouster-device.jpg
-- Symlinking: /home/uocav/ros-workspace/install/lio_sam/share/lio_sam//config/doc/paper.pdf
-- Symlinking: /home/uocav/ros-workspace/install/lio_sam/share/lio_sam//config/doc/system.png
-- Symlinking: /home/uocav/ros-workspace/install/lio_sam/share/lio_sam//config/params.yaml
-- Symlinking: /home/uocav/ros-workspace/install/lio_sam/share/lio_sam//config/robot.urdf.xacro
-- Symlinking: /home/uocav/ros-workspace/install/lio_sam/share/lio_sam//config/rviz2.rviz
-- Symlinking: /home/uocav/ros-workspace/install/lio_sam/lib/lio_sam/lio_sam_imageProjection
-- Symlinking: /home/uocav/ros-workspace/install/lio_sam/lib/lio_sam/lio_sam_imuPreintegration
-- Symlinking: /home/uocav/ros-workspace/install/lio_sam/lib/lio_sam/lio_sam_featureExtraction
-- Symlinking: /home/uocav/ros-workspace/install/lio_sam/lib/lio_sam/lio_sam_mapOptimization
-- Symlinking: /home/uocav/ros-workspace/install/lio_sam/include/lio_sam/utility.hpp
-- Symlinking: /home/uocav/ros-workspace/install/lio_sam/share/ament_index/resource_index/package_run_dependencies/lio_sam
-- Symlinking: /home/uocav/ros-workspace/install/lio_sam/share/ament_index/resource_index/parent_prefix_path/lio_sam
-- Symlinking: /home/uocav/ros-workspace/install/lio_sam/share/lio_sam/environment/ament_prefix_path.sh
-- Symlinking: /home/uocav/ros-workspace/install/lio_sam/share/lio_sam/environment/ament_prefix_path.dsv
-- Symlinking: /home/uocav/ros-workspace/install/lio_sam/share/lio_sam/environment/path.sh
-- Symlinking: /home/uocav/ros-workspace/install/lio_sam/share/lio_sam/environment/path.dsv
-- Symlinking: /home/uocav/ros-workspace/install/lio_sam/share/lio_sam/local_setup.bash
-- Symlinking: /home/uocav/ros-workspace/install/lio_sam/share/lio_sam/local_setup.sh
-- Symlinking: /home/uocav/ros-workspace/install/lio_sam/share/lio_sam/local_setup.zsh
-- Symlinking: /home/uocav/ros-workspace/install/lio_sam/share/lio_sam/local_setup.dsv
-- Symlinking: /home/uocav/ros-workspace/install/lio_sam/share/lio_sam/package.dsv
-- Symlinking: /home/uocav/ros-workspace/install/lio_sam/share/ament_index/resource_index/packages/lio_sam
-- Symlinking: /home/uocav/ros-workspace/install/lio_sam/share/lio_sam/cmake/rosidl_cmake-extras.cmake
-- Symlinking: /home/uocav/ros-workspace/install/lio_sam/share/lio_sam/cmake/ament_cmake_export_dependencies-extras.cmake
-- Symlinking: /home/uocav/ros-workspace/install/lio_sam/share/lio_sam/cmake/ament_cmake_export_include_directories-extras.cmake
-- Symlinking: /home/uocav/ros-workspace/install/lio_sam/share/lio_sam/cmake/ament_cmake_export_libraries-extras.cmake
-- Symlinking: /home/uocav/ros-workspace/install/lio_sam/share/lio_sam/cmake/ament_cmake_export_targets-extras.cmake
-- Symlinking: /home/uocav/ros-workspace/install/lio_sam/share/lio_sam/cmake/rosidl_cmake_export_typesupport_targets-extras.cmake
-- Symlinking: /home/uocav/ros-workspace/install/lio_sam/share/lio_sam/cmake/rosidl_cmake_export_typesupport_libraries-extras.cmake
-- Symlinking: /home/uocav/ros-workspace/install/lio_sam/share/lio_sam/cmake/lio_samConfig.cmake
-- Symlinking: /home/uocav/ros-workspace/install/lio_sam/share/lio_sam/cmake/lio_samConfig-version.cmake
-- Symlinking: /home/uocav/ros-workspace/install/lio_sam/share/lio_sam/package.xml
-- Installing: /home/uocav/ros-workspace/install/lio_sam/lib/liblio_sam__rosidl_generator_c.so
-- Set runtime path of "/home/uocav/ros-workspace/install/lio_sam/lib/liblio_sam__rosidl_generator_c.so" to ""
-- Installing: /home/uocav/ros-workspace/install/lio_sam/lib/liblio_sam__rosidl_typesupport_fastrtps_c.so
-- Set runtime path of "/home/uocav/ros-workspace/install/lio_sam/lib/liblio_sam__rosidl_typesupport_fastrtps_c.so" to ""
-- Installing: /home/uocav/ros-workspace/install/lio_sam/lib/liblio_sam__rosidl_typesupport_introspection_c.so
-- Set runtime path of "/home/uocav/ros-workspace/install/lio_sam/lib/liblio_sam__rosidl_typesupport_introspection_c.so" to ""
-- Installing: /home/uocav/ros-workspace/install/lio_sam/lib/liblio_sam__rosidl_typesupport_c.so
-- Set runtime path of "/home/uocav/ros-workspace/install/lio_sam/lib/liblio_sam__rosidl_typesupport_c.so" to ""
-- Installing: /home/uocav/ros-workspace/install/lio_sam/lib/liblio_sam__rosidl_typesupport_fastrtps_cpp.so
-- Set runtime path of "/home/uocav/ros-workspace/install/lio_sam/lib/liblio_sam__rosidl_typesupport_fastrtps_cpp.so" to ""
-- Installing: /home/uocav/ros-workspace/install/lio_sam/lib/liblio_sam__rosidl_typesupport_introspection_cpp.so
-- Set runtime path of "/home/uocav/ros-workspace/install/lio_sam/lib/liblio_sam__rosidl_typesupport_introspection_cpp.so" to ""
-- Installing: /home/uocav/ros-workspace/install/lio_sam/lib/liblio_sam__rosidl_typesupport_cpp.so
-- Set runtime path of "/home/uocav/ros-workspace/install/lio_sam/lib/liblio_sam__rosidl_typesupport_cpp.so" to ""
Listing '/home/uocav/ros-workspace/install/lio_sam/local/lib/python3.10/dist-packages/lio_sam'...
Compiling '/home/uocav/ros-workspace/install/lio_sam/local/lib/python3.10/dist-packages/lio_sam/__init__.py'...
Listing '/home/uocav/ros-workspace/install/lio_sam/local/lib/python3.10/dist-packages/lio_sam/msg'...
Compiling '/home/uocav/ros-workspace/install/lio_sam/local/lib/python3.10/dist-packages/lio_sam/msg/__init__.py'...
Compiling '/home/uocav/ros-workspace/install/lio_sam/local/lib/python3.10/dist-packages/lio_sam/msg/_cloud_info.py'...
Listing '/home/uocav/ros-workspace/install/lio_sam/local/lib/python3.10/dist-packages/lio_sam/srv'...
Compiling '/home/uocav/ros-workspace/install/lio_sam/local/lib/python3.10/dist-packages/lio_sam/srv/__init__.py'...
Compiling '/home/uocav/ros-workspace/install/lio_sam/local/lib/python3.10/dist-packages/lio_sam/srv/_save_map.py'...
-- Installing: /home/uocav/ros-workspace/install/lio_sam/lib/liblio_sam__rosidl_generator_py.so
-- Set runtime path of "/home/uocav/ros-workspace/install/lio_sam/lib/liblio_sam__rosidl_generator_py.so" to ""
-- Installing: /home/uocav/ros-workspace/install/lio_sam/share/lio_sam/cmake/export_lio_sam__rosidl_generator_cExport.cmake
-- Installing: /home/uocav/ros-workspace/install/lio_sam/share/lio_sam/cmake/export_lio_sam__rosidl_generator_cExport-release.cmake
-- Installing: /home/uocav/ros-workspace/install/lio_sam/share/lio_sam/cmake/export_lio_sam__rosidl_typesupport_fastrtps_cExport.cmake
-- Installing: /home/uocav/ros-workspace/install/lio_sam/share/lio_sam/cmake/export_lio_sam__rosidl_typesupport_fastrtps_cExport-release.cmake
-- Installing: /home/uocav/ros-workspace/install/lio_sam/share/lio_sam/cmake/lio_sam__rosidl_typesupport_introspection_cExport.cmake
-- Installing: /home/uocav/ros-workspace/install/lio_sam/share/lio_sam/cmake/lio_sam__rosidl_typesupport_introspection_cExport-release.cmake
-- Installing: /home/uocav/ros-workspace/install/lio_sam/share/lio_sam/cmake/lio_sam__rosidl_typesupport_cExport.cmake
-- Installing: /home/uocav/ros-workspace/install/lio_sam/share/lio_sam/cmake/lio_sam__rosidl_typesupport_cExport-release.cmake
-- Installing: /home/uocav/ros-workspace/install/lio_sam/share/lio_sam/cmake/export_lio_sam__rosidl_generator_cppExport.cmake
-- Installing: /home/uocav/ros-workspace/install/lio_sam/share/lio_sam/cmake/export_lio_sam__rosidl_typesupport_fastrtps_cppExport.cmake
-- Installing: /home/uocav/ros-workspace/install/lio_sam/share/lio_sam/cmake/export_lio_sam__rosidl_typesupport_fastrtps_cppExport-release.cmake
-- Installing: /home/uocav/ros-workspace/install/lio_sam/share/lio_sam/cmake/lio_sam__rosidl_typesupport_introspection_cppExport.cmake
-- Installing: /home/uocav/ros-workspace/install/lio_sam/share/lio_sam/cmake/lio_sam__rosidl_typesupport_introspection_cppExport-release.cmake
-- Installing: /home/uocav/ros-workspace/install/lio_sam/share/lio_sam/cmake/lio_sam__rosidl_typesupport_cppExport.cmake
-- Installing: /home/uocav/ros-workspace/install/lio_sam/share/lio_sam/cmake/lio_sam__rosidl_typesupport_cppExport-release.cmake
-- Installing: /home/uocav/ros-workspace/install/lio_sam/share/lio_sam/cmake/export_lio_sam__rosidl_generator_pyExport.cmake
-- Installing: /home/uocav/ros-workspace/install/lio_sam/share/lio_sam/cmake/export_lio_sam__rosidl_generator_pyExport-release.cmake
