[0.226s] Invoking command in '/home/jetson/ros-workspace/build/ouster_srvs': CMAKE_PREFIX_PATH=/opt/ros/foxy /usr/bin/cmake /home/jetson/ros-workspace/src/ouster-ros/ouster-srvs -DCMAKE_BUILD_TYPE=Release -DAMENT_CMAKE_SYMLINK_INSTALL=1 -DCMAKE_INSTALL_PREFIX=/home/jetson/ros-workspace/install/ouster_srvs
[0.327s] -- Found ament_cmake: 0.9.11 (/opt/ros/foxy/share/ament_cmake/cmake)
[0.406s] -- Found PythonInterp: /usr/bin/python3 (found suitable version "3.8.10", minimum required is "3") 
[0.407s] -- Using PYTHON_EXECUTABLE: /usr/bin/python3
[1.236s] -- Override CMake install command with custom implementation using symlinks instead of copying resources
[1.278s] -- Found rosidl_default_generators: 1.0.1 (/opt/ros/foxy/share/rosidl_default_generators/cmake)
[1.289s] -- Using all available rosidl_typesupport_c: rosidl_typesupport_fastrtps_c;rosidl_typesupport_introspection_c
[1.313s] -- Found rosidl_adapter: 1.3.0 (/opt/ros/foxy/share/rosidl_adapter/cmake)
[1.965s] -- Using all available rosidl_typesupport_cpp: rosidl_typesupport_fastrtps_cpp;rosidl_typesupport_introspection_cpp
[2.206s] -- Found PythonInterp: /usr/bin/python3 (found version "3.8.10") 
[2.864s] -- Found ament_cmake_ros: 0.9.2 (/opt/ros/foxy/share/ament_cmake_ros/cmake)
[3.337s] -- Using all available rosidl_typesupport_c: rosidl_typesupport_fastrtps_c;rosidl_typesupport_introspection_c
[3.379s] -- Using all available rosidl_typesupport_cpp: rosidl_typesupport_fastrtps_cpp;rosidl_typesupport_introspection_cpp
[3.487s] -- Found PythonInterp: /usr/bin/python3 (found suitable version "3.8.10", minimum required is "3.5") 
[3.489s] -- Found python_cmake_module: 0.8.1 (/opt/ros/foxy/share/python_cmake_module/cmake)
[3.598s] -- Using PYTHON_EXECUTABLE: /usr/bin/python3
[3.599s] -- Using PYTHON_INCLUDE_DIRS: /usr/include/python3.8
[3.600s] -- Using PYTHON_LIBRARIES: /usr/lib/aarch64-linux-gnu/libpython3.8.so
[3.771s] -- Configuring done
[4.003s] -- Generating done
[4.031s] -- Build files have been written to: /home/jetson/ros-workspace/build/ouster_srvs
[4.069s] Invoked command in '/home/jetson/ros-workspace/build/ouster_srvs' returned '0': CMAKE_PREFIX_PATH=/opt/ros/foxy /usr/bin/cmake /home/jetson/ros-workspace/src/ouster-ros/ouster-srvs -DCMAKE_BUILD_TYPE=Release -DAMENT_CMAKE_SYMLINK_INSTALL=1 -DCMAKE_INSTALL_PREFIX=/home/jetson/ros-workspace/install/ouster_srvs
[4.074s] Invoking command in '/home/jetson/ros-workspace/build/ouster_srvs': CMAKE_PREFIX_PATH=/opt/ros/foxy /usr/bin/cmake --build /home/jetson/ros-workspace/build/ouster_srvs -- -j4 -l4
[4.505s] [  2%] Built target ouster_srvs__cpp
[4.529s] [  4%] [32mBuilding C object CMakeFiles/ouster_srvs__rosidl_generator_c.dir/rosidl_generator_c/ouster_srvs/srv/detail/get_metadata__functions.c.o[0m
[4.530s] [  6%] [32mBuilding C object CMakeFiles/ouster_srvs__rosidl_generator_c.dir/rosidl_generator_c/ouster_srvs/srv/detail/set_config__functions.c.o[0m
[4.533s] [  8%] [32mBuilding C object CMakeFiles/ouster_srvs__rosidl_generator_c.dir/rosidl_generator_c/ouster_srvs/srv/detail/get_config__functions.c.o[0m
[4.827s] [ 10%] [32mBuilding CXX object CMakeFiles/ouster_srvs__rosidl_typesupport_introspection_cpp.dir/rosidl_typesupport_introspection_cpp/ouster_srvs/srv/detail/get_config__type_support.cpp.o[0m
[6.088s] [ 12%] [32mBuilding CXX object CMakeFiles/ouster_srvs__rosidl_typesupport_introspection_cpp.dir/rosidl_typesupport_introspection_cpp/ouster_srvs/srv/detail/set_config__type_support.cpp.o[0m
[6.133s] [ 14%] [32mBuilding CXX object CMakeFiles/ouster_srvs__rosidl_typesupport_introspection_cpp.dir/rosidl_typesupport_introspection_cpp/ouster_srvs/srv/detail/get_metadata__type_support.cpp.o[0m
[6.185s] [ 17%] [32m[1mLinking C shared library libouster_srvs__rosidl_generator_c.so[0m
[6.677s] [ 19%] Built target ouster_srvs__rosidl_generator_c
[7.013s] [ 21%] [32mBuilding CXX object CMakeFiles/ouster_srvs__rosidl_typesupport_fastrtps_cpp.dir/rosidl_typesupport_fastrtps_cpp/ouster_srvs/srv/detail/dds_fastrtps/get_config__type_support.cpp.o[0m
[9.197s] [ 23%] [32mBuilding C object CMakeFiles/ouster_srvs__rosidl_typesupport_introspection_c.dir/rosidl_typesupport_introspection_c/ouster_srvs/srv/detail/get_config__type_support.c.o[0m
[9.909s] [ 25%] [32mBuilding C object CMakeFiles/ouster_srvs__rosidl_typesupport_introspection_c.dir/rosidl_typesupport_introspection_c/ouster_srvs/srv/detail/set_config__type_support.c.o[0m
[10.226s] [ 27%] [32m[1mLinking CXX shared library libouster_srvs__rosidl_typesupport_introspection_cpp.so[0m
[10.350s] [ 29%] [32mBuilding CXX object CMakeFiles/ouster_srvs__rosidl_typesupport_c.dir/rosidl_typesupport_c/ouster_srvs/srv/get_config__type_support.cpp.o[0m
[10.521s] [ 31%] [32mBuilding C object CMakeFiles/ouster_srvs__rosidl_typesupport_introspection_c.dir/rosidl_typesupport_introspection_c/ouster_srvs/srv/detail/get_metadata__type_support.c.o[0m
[10.774s] [ 34%] Built target ouster_srvs__rosidl_typesupport_introspection_cpp
[10.949s] [ 36%] [32mBuilding CXX object CMakeFiles/ouster_srvs__rosidl_typesupport_c.dir/rosidl_typesupport_c/ouster_srvs/srv/set_config__type_support.cpp.o[0m
[11.051s] [ 38%] [32m[1mLinking C shared library libouster_srvs__rosidl_typesupport_introspection_c.so[0m
[11.125s] [ 40%] [32mBuilding CXX object CMakeFiles/ouster_srvs__rosidl_typesupport_cpp.dir/rosidl_typesupport_cpp/ouster_srvs/srv/get_config__type_support.cpp.o[0m
[11.416s] [ 42%] Built target ouster_srvs__rosidl_typesupport_introspection_c
[11.453s] [ 44%] [32mBuilding CXX object CMakeFiles/ouster_srvs__rosidl_typesupport_c.dir/rosidl_typesupport_c/ouster_srvs/srv/get_metadata__type_support.cpp.o[0m
[11.556s] [ 46%] [32mBuilding CXX object CMakeFiles/ouster_srvs__rosidl_typesupport_cpp.dir/rosidl_typesupport_cpp/ouster_srvs/srv/set_config__type_support.cpp.o[0m
[12.015s] [ 48%] [32m[1mLinking CXX shared library libouster_srvs__rosidl_typesupport_c.so[0m
[12.538s] [ 51%] Built target ouster_srvs__rosidl_typesupport_c
[12.689s] [ 53%] [32mBuilding CXX object CMakeFiles/ouster_srvs__rosidl_typesupport_cpp.dir/rosidl_typesupport_cpp/ouster_srvs/srv/get_metadata__type_support.cpp.o[0m
[13.162s] [ 55%] [32mBuilding CXX object CMakeFiles/ouster_srvs__rosidl_typesupport_fastrtps_cpp.dir/rosidl_typesupport_fastrtps_cpp/ouster_srvs/srv/detail/dds_fastrtps/set_config__type_support.cpp.o[0m
[14.568s] [ 57%] [32mBuilding CXX object CMakeFiles/ouster_srvs__rosidl_typesupport_fastrtps_cpp.dir/rosidl_typesupport_fastrtps_cpp/ouster_srvs/srv/detail/dds_fastrtps/get_metadata__type_support.cpp.o[0m
[16.085s] [ 59%] [32m[1mLinking CXX shared library libouster_srvs__rosidl_typesupport_cpp.so[0m
[16.569s] [ 61%] Built target ouster_srvs__rosidl_typesupport_cpp
[19.130s] [ 63%] [32m[1mLinking CXX shared library libouster_srvs__rosidl_typesupport_fastrtps_cpp.so[0m
[20.031s] [ 65%] Built target ouster_srvs__rosidl_typesupport_fastrtps_cpp
[20.301s] [ 68%] [32mBuilding CXX object CMakeFiles/ouster_srvs__rosidl_typesupport_fastrtps_c.dir/rosidl_typesupport_fastrtps_c/ouster_srvs/srv/detail/get_config__type_support_c.cpp.o[0m
[23.537s] [ 70%] [32mBuilding CXX object CMakeFiles/ouster_srvs__rosidl_typesupport_fastrtps_c.dir/rosidl_typesupport_fastrtps_c/ouster_srvs/srv/detail/get_metadata__type_support_c.cpp.o[0m
[26.876s] [ 72%] [32mBuilding CXX object CMakeFiles/ouster_srvs__rosidl_typesupport_fastrtps_c.dir/rosidl_typesupport_fastrtps_c/ouster_srvs/srv/detail/set_config__type_support_c.cpp.o[0m
[30.027s] [ 74%] [32m[1mLinking CXX shared library libouster_srvs__rosidl_typesupport_fastrtps_c.so[0m
[30.428s] [ 76%] Built target ouster_srvs__rosidl_typesupport_fastrtps_c
[30.542s] [ 76%] Built target ouster_srvs
[30.667s] [ 78%] Built target ouster_srvs__py
[30.817s] [ 80%] [32mBuilding C object CMakeFiles/ouster_srvs__python.dir/rosidl_generator_py/ouster_srvs/srv/_get_config_s.c.o[0m
[31.461s] [ 82%] [32mBuilding C object CMakeFiles/ouster_srvs__python.dir/rosidl_generator_py/ouster_srvs/srv/_get_metadata_s.c.o[0m
[32.133s] [ 85%] [32mBuilding C object CMakeFiles/ouster_srvs__python.dir/rosidl_generator_py/ouster_srvs/srv/_set_config_s.c.o[0m
[32.807s] [ 87%] [32m[1mLinking C shared library rosidl_generator_py/ouster_srvs/libouster_srvs__python.so[0m
[32.999s] [ 87%] Built target ouster_srvs__python
[33.111s] [ 89%] [32mBuilding C object CMakeFiles/ouster_srvs__rosidl_typesupport_c__pyext.dir/rosidl_generator_py/ouster_srvs/_ouster_srvs_s.ep.rosidl_typesupport_c.c.o[0m
[34.050s] [ 91%] [32m[1mLinking C shared library rosidl_generator_py/ouster_srvs/ouster_srvs_s__rosidl_typesupport_c.cpython-38-aarch64-linux-gnu.so[0m
[34.223s] [ 91%] Built target ouster_srvs__rosidl_typesupport_c__pyext
[34.336s] [ 93%] [32mBuilding C object CMakeFiles/ouster_srvs__rosidl_typesupport_introspection_c__pyext.dir/rosidl_generator_py/ouster_srvs/_ouster_srvs_s.ep.rosidl_typesupport_introspection_c.c.o[0m
[35.282s] [ 95%] [32m[1mLinking C shared library rosidl_generator_py/ouster_srvs/ouster_srvs_s__rosidl_typesupport_introspection_c.cpython-38-aarch64-linux-gnu.so[0m
[35.473s] [ 95%] Built target ouster_srvs__rosidl_typesupport_introspection_c__pyext
[35.595s] [ 97%] [32mBuilding C object CMakeFiles/ouster_srvs__rosidl_typesupport_fastrtps_c__pyext.dir/rosidl_generator_py/ouster_srvs/_ouster_srvs_s.ep.rosidl_typesupport_fastrtps_c.c.o[0m
[36.565s] [100%] [32m[1mLinking CXX shared library rosidl_generator_py/ouster_srvs/ouster_srvs_s__rosidl_typesupport_fastrtps_c.cpython-38-aarch64-linux-gnu.so[0m
[36.886s] [100%] Built target ouster_srvs__rosidl_typesupport_fastrtps_c__pyext
[36.945s] Invoked command in '/home/jetson/ros-workspace/build/ouster_srvs' returned '0': CMAKE_PREFIX_PATH=/opt/ros/foxy /usr/bin/cmake --build /home/jetson/ros-workspace/build/ouster_srvs -- -j4 -l4
[37.444s] Invoking command in '/home/jetson/ros-workspace/build/ouster_srvs': CMAKE_PREFIX_PATH=/opt/ros/foxy /usr/bin/cmake --install /home/jetson/ros-workspace/build/ouster_srvs
[37.512s] -- Install configuration: "Release"
[37.515s] -- Execute custom install script
[37.517s] -- Symlinking: /home/jetson/ros-workspace/install/ouster_srvs/share/ament_index/resource_index/rosidl_interfaces/ouster_srvs
[37.568s] -- Symlinking: /home/jetson/ros-workspace/install/ouster_srvs/include/ouster_srvs/msg/rosidl_generator_c__visibility_control.h
[37.620s] -- Symlinking: /home/jetson/ros-workspace/install/ouster_srvs/include/ouster_srvs/srv/detail/get_config__functions.h
[37.669s] -- Symlinking: /home/jetson/ros-workspace/install/ouster_srvs/include/ouster_srvs/srv/detail/get_config__struct.h
[37.718s] -- Symlinking: /home/jetson/ros-workspace/install/ouster_srvs/include/ouster_srvs/srv/detail/get_config__type_support.h
[37.770s] -- Symlinking: /home/jetson/ros-workspace/install/ouster_srvs/include/ouster_srvs/srv/detail/get_metadata__functions.h
[37.821s] -- Symlinking: /home/jetson/ros-workspace/install/ouster_srvs/include/ouster_srvs/srv/detail/get_metadata__struct.h
[37.870s] -- Symlinking: /home/jetson/ros-workspace/install/ouster_srvs/include/ouster_srvs/srv/detail/get_metadata__type_support.h
[37.920s] -- Symlinking: /home/jetson/ros-workspace/install/ouster_srvs/include/ouster_srvs/srv/detail/set_config__functions.h
[37.971s] -- Symlinking: /home/jetson/ros-workspace/install/ouster_srvs/include/ouster_srvs/srv/detail/set_config__struct.h
[38.020s] -- Symlinking: /home/jetson/ros-workspace/install/ouster_srvs/include/ouster_srvs/srv/detail/set_config__type_support.h
[38.071s] -- Symlinking: /home/jetson/ros-workspace/install/ouster_srvs/include/ouster_srvs/srv/get_config.h
[38.120s] -- Symlinking: /home/jetson/ros-workspace/install/ouster_srvs/include/ouster_srvs/srv/get_metadata.h
[38.169s] -- Symlinking: /home/jetson/ros-workspace/install/ouster_srvs/include/ouster_srvs/srv/set_config.h
[38.218s] -- Symlinking: /home/jetson/ros-workspace/install/ouster_srvs/share/ouster_srvs/environment/library_path.sh
[38.265s] -- Symlinking: /home/jetson/ros-workspace/install/ouster_srvs/share/ouster_srvs/environment/library_path.dsv
[38.317s] -- Symlinking: /home/jetson/ros-workspace/install/ouster_srvs/include/ouster_srvs/msg/rosidl_typesupport_fastrtps_c__visibility_control.h
[38.370s] -- Symlinking: /home/jetson/ros-workspace/install/ouster_srvs/include/ouster_srvs/srv/detail/get_config__rosidl_typesupport_fastrtps_c.h
[38.420s] -- Symlinking: /home/jetson/ros-workspace/install/ouster_srvs/include/ouster_srvs/srv/detail/get_metadata__rosidl_typesupport_fastrtps_c.h
[38.467s] -- Symlinking: /home/jetson/ros-workspace/install/ouster_srvs/include/ouster_srvs/srv/detail/set_config__rosidl_typesupport_fastrtps_c.h
[38.515s] -- Symlinking: /home/jetson/ros-workspace/install/ouster_srvs/lib/libouster_srvs__rosidl_typesupport_fastrtps_c.so
[38.567s] -- Symlinking: /home/jetson/ros-workspace/install/ouster_srvs/include/ouster_srvs/msg/rosidl_typesupport_fastrtps_cpp__visibility_control.h
[38.617s] -- Symlinking: /home/jetson/ros-workspace/install/ouster_srvs/include/ouster_srvs/srv/detail/get_config__rosidl_typesupport_fastrtps_cpp.hpp
[38.663s] -- Symlinking: /home/jetson/ros-workspace/install/ouster_srvs/include/ouster_srvs/srv/detail/get_metadata__rosidl_typesupport_fastrtps_cpp.hpp
[38.714s] -- Symlinking: /home/jetson/ros-workspace/install/ouster_srvs/include/ouster_srvs/srv/detail/set_config__rosidl_typesupport_fastrtps_cpp.hpp
[38.762s] -- Symlinking: /home/jetson/ros-workspace/install/ouster_srvs/lib/libouster_srvs__rosidl_typesupport_fastrtps_cpp.so
[38.811s] -- Symlinking: /home/jetson/ros-workspace/install/ouster_srvs/include/ouster_srvs/msg/rosidl_typesupport_introspection_c__visibility_control.h
[38.857s] -- Symlinking: /home/jetson/ros-workspace/install/ouster_srvs/include/ouster_srvs/srv/detail/get_config__rosidl_typesupport_introspection_c.h
[38.902s] -- Symlinking: /home/jetson/ros-workspace/install/ouster_srvs/include/ouster_srvs/srv/detail/get_metadata__rosidl_typesupport_introspection_c.h
[38.947s] -- Symlinking: /home/jetson/ros-workspace/install/ouster_srvs/include/ouster_srvs/srv/detail/set_config__rosidl_typesupport_introspection_c.h
[38.998s] -- Symlinking: /home/jetson/ros-workspace/install/ouster_srvs/include/ouster_srvs/srv/detail/get_config__builder.hpp
[39.042s] -- Symlinking: /home/jetson/ros-workspace/install/ouster_srvs/include/ouster_srvs/srv/detail/get_config__struct.hpp
[39.094s] -- Symlinking: /home/jetson/ros-workspace/install/ouster_srvs/include/ouster_srvs/srv/detail/get_config__traits.hpp
[39.141s] -- Symlinking: /home/jetson/ros-workspace/install/ouster_srvs/include/ouster_srvs/srv/detail/get_metadata__builder.hpp
[39.193s] -- Symlinking: /home/jetson/ros-workspace/install/ouster_srvs/include/ouster_srvs/srv/detail/get_metadata__struct.hpp
[39.236s] -- Symlinking: /home/jetson/ros-workspace/install/ouster_srvs/include/ouster_srvs/srv/detail/get_metadata__traits.hpp
[39.284s] -- Symlinking: /home/jetson/ros-workspace/install/ouster_srvs/include/ouster_srvs/srv/detail/set_config__builder.hpp
[39.328s] -- Symlinking: /home/jetson/ros-workspace/install/ouster_srvs/include/ouster_srvs/srv/detail/set_config__struct.hpp
[39.378s] -- Symlinking: /home/jetson/ros-workspace/install/ouster_srvs/include/ouster_srvs/srv/detail/set_config__traits.hpp
[39.424s] -- Symlinking: /home/jetson/ros-workspace/install/ouster_srvs/include/ouster_srvs/srv/get_config.hpp
[39.473s] -- Symlinking: /home/jetson/ros-workspace/install/ouster_srvs/include/ouster_srvs/srv/get_metadata.hpp
[39.519s] -- Symlinking: /home/jetson/ros-workspace/install/ouster_srvs/include/ouster_srvs/srv/set_config.hpp
[39.567s] -- Symlinking: /home/jetson/ros-workspace/install/ouster_srvs/include/ouster_srvs/srv/detail/get_config__rosidl_typesupport_introspection_cpp.hpp
[39.611s] -- Symlinking: /home/jetson/ros-workspace/install/ouster_srvs/include/ouster_srvs/srv/detail/get_metadata__rosidl_typesupport_introspection_cpp.hpp
[39.657s] -- Symlinking: /home/jetson/ros-workspace/install/ouster_srvs/include/ouster_srvs/srv/detail/set_config__rosidl_typesupport_introspection_cpp.hpp
[39.705s] -- Symlinking: /home/jetson/ros-workspace/install/ouster_srvs/share/ouster_srvs/environment/pythonpath.sh
[39.751s] -- Symlinking: /home/jetson/ros-workspace/install/ouster_srvs/share/ouster_srvs/environment/pythonpath.dsv
[39.797s] -- Symlinking: /home/jetson/ros-workspace/install/ouster_srvs/lib/python3.8/site-packages/ouster_srvs/__init__.py
[39.845s] -- Symlinking: /home/jetson/ros-workspace/install/ouster_srvs/lib/python3.8/site-packages/ouster_srvs/srv/__init__.py
[39.893s] -- Symlinking: /home/jetson/ros-workspace/install/ouster_srvs/lib/python3.8/site-packages/ouster_srvs/srv/_get_config.py
[39.938s] -- Symlinking: /home/jetson/ros-workspace/install/ouster_srvs/lib/python3.8/site-packages/ouster_srvs/srv/_get_metadata.py
[39.985s] -- Symlinking: /home/jetson/ros-workspace/install/ouster_srvs/lib/python3.8/site-packages/ouster_srvs/srv/_set_config.py
[40.035s] -- Symlinking: /home/jetson/ros-workspace/install/ouster_srvs/lib/python3.8/site-packages/ouster_srvs/ouster_srvs_s__rosidl_typesupport_fastrtps_c.cpython-38-aarch64-linux-gnu.so
[40.085s] -- Symlinking: /home/jetson/ros-workspace/install/ouster_srvs/lib/python3.8/site-packages/ouster_srvs/ouster_srvs_s__rosidl_typesupport_introspection_c.cpython-38-aarch64-linux-gnu.so
[40.134s] -- Symlinking: /home/jetson/ros-workspace/install/ouster_srvs/lib/python3.8/site-packages/ouster_srvs/ouster_srvs_s__rosidl_typesupport_c.cpython-38-aarch64-linux-gnu.so
[40.183s] -- Symlinking: /home/jetson/ros-workspace/install/ouster_srvs/lib/libouster_srvs__python.so
[40.231s] -- Symlinking: /home/jetson/ros-workspace/install/ouster_srvs/share/ouster_srvs/srv/GetConfig.idl
[40.283s] -- Symlinking: /home/jetson/ros-workspace/install/ouster_srvs/share/ouster_srvs/srv/SetConfig.idl
[40.330s] -- Symlinking: /home/jetson/ros-workspace/install/ouster_srvs/share/ouster_srvs/srv/GetMetadata.idl
[40.381s] -- Symlinking: /home/jetson/ros-workspace/install/ouster_srvs/share/ouster_srvs/srv/GetConfig.srv
[40.428s] -- Symlinking: /home/jetson/ros-workspace/install/ouster_srvs/share/ouster_srvs/srv/GetConfig_Request.msg
[40.475s] -- Symlinking: /home/jetson/ros-workspace/install/ouster_srvs/share/ouster_srvs/srv/GetConfig_Response.msg
[40.523s] -- Symlinking: /home/jetson/ros-workspace/install/ouster_srvs/share/ouster_srvs/srv/SetConfig.srv
[40.568s] -- Symlinking: /home/jetson/ros-workspace/install/ouster_srvs/share/ouster_srvs/srv/SetConfig_Request.msg
[40.615s] -- Symlinking: /home/jetson/ros-workspace/install/ouster_srvs/share/ouster_srvs/srv/SetConfig_Response.msg
[40.663s] -- Symlinking: /home/jetson/ros-workspace/install/ouster_srvs/share/ouster_srvs/srv/GetMetadata.srv
[40.714s] -- Symlinking: /home/jetson/ros-workspace/install/ouster_srvs/share/ouster_srvs/srv/GetMetadata_Request.msg
[40.763s] -- Symlinking: /home/jetson/ros-workspace/install/ouster_srvs/share/ouster_srvs/srv/GetMetadata_Response.msg
[40.811s] -- Symlinking: /home/jetson/ros-workspace/install/ouster_srvs/share/ament_index/resource_index/package_run_dependencies/ouster_srvs
[40.862s] -- Symlinking: /home/jetson/ros-workspace/install/ouster_srvs/share/ament_index/resource_index/parent_prefix_path/ouster_srvs
[40.907s] -- Symlinking: /home/jetson/ros-workspace/install/ouster_srvs/share/ouster_srvs/environment/ament_prefix_path.sh
[40.955s] -- Symlinking: /home/jetson/ros-workspace/install/ouster_srvs/share/ouster_srvs/environment/ament_prefix_path.dsv
[41.005s] -- Symlinking: /home/jetson/ros-workspace/install/ouster_srvs/share/ouster_srvs/environment/path.sh
[41.053s] -- Symlinking: /home/jetson/ros-workspace/install/ouster_srvs/share/ouster_srvs/environment/path.dsv
[41.104s] -- Symlinking: /home/jetson/ros-workspace/install/ouster_srvs/share/ouster_srvs/local_setup.bash
[41.151s] -- Symlinking: /home/jetson/ros-workspace/install/ouster_srvs/share/ouster_srvs/local_setup.sh
[41.197s] -- Symlinking: /home/jetson/ros-workspace/install/ouster_srvs/share/ouster_srvs/local_setup.zsh
[41.242s] -- Symlinking: /home/jetson/ros-workspace/install/ouster_srvs/share/ouster_srvs/local_setup.dsv
[41.289s] -- Symlinking: /home/jetson/ros-workspace/install/ouster_srvs/share/ouster_srvs/package.dsv
[41.337s] -- Symlinking: /home/jetson/ros-workspace/install/ouster_srvs/share/ament_index/resource_index/packages/ouster_srvs
[41.390s] -- Symlinking: /home/jetson/ros-workspace/install/ouster_srvs/share/ouster_srvs/cmake/rosidl_cmake-extras.cmake
[41.439s] -- Symlinking: /home/jetson/ros-workspace/install/ouster_srvs/share/ouster_srvs/cmake/ament_cmake_export_dependencies-extras.cmake
[41.488s] -- Symlinking: /home/jetson/ros-workspace/install/ouster_srvs/share/ouster_srvs/cmake/ament_cmake_export_libraries-extras.cmake
[41.533s] -- Symlinking: /home/jetson/ros-workspace/install/ouster_srvs/share/ouster_srvs/cmake/ament_cmake_export_targets-extras.cmake
[41.580s] -- Symlinking: /home/jetson/ros-workspace/install/ouster_srvs/share/ouster_srvs/cmake/ament_cmake_export_include_directories-extras.cmake
[41.629s] -- Symlinking: /home/jetson/ros-workspace/install/ouster_srvs/share/ouster_srvs/cmake/rosidl_cmake_export_typesupport_libraries-extras.cmake
[41.675s] -- Symlinking: /home/jetson/ros-workspace/install/ouster_srvs/share/ouster_srvs/cmake/rosidl_cmake_export_typesupport_targets-extras.cmake
[41.729s] -- Symlinking: /home/jetson/ros-workspace/install/ouster_srvs/share/ouster_srvs/cmake/ouster_srvsConfig.cmake
[41.774s] -- Symlinking: /home/jetson/ros-workspace/install/ouster_srvs/share/ouster_srvs/cmake/ouster_srvsConfig-version.cmake
[41.823s] -- Symlinking: /home/jetson/ros-workspace/install/ouster_srvs/share/ouster_srvs/package.xml
[41.871s] -- Installing: /home/jetson/ros-workspace/install/ouster_srvs/lib/libouster_srvs__rosidl_generator_c.so
[41.874s] -- Set runtime path of "/home/jetson/ros-workspace/install/ouster_srvs/lib/libouster_srvs__rosidl_generator_c.so" to ""
[41.875s] -- Installing: /home/jetson/ros-workspace/install/ouster_srvs/lib/libouster_srvs__rosidl_typesupport_introspection_c.so
[41.878s] -- Set runtime path of "/home/jetson/ros-workspace/install/ouster_srvs/lib/libouster_srvs__rosidl_typesupport_introspection_c.so" to ""
[41.880s] -- Installing: /home/jetson/ros-workspace/install/ouster_srvs/lib/libouster_srvs__rosidl_typesupport_c.so
[41.885s] -- Set runtime path of "/home/jetson/ros-workspace/install/ouster_srvs/lib/libouster_srvs__rosidl_typesupport_c.so" to ""
[41.892s] -- Installing: /home/jetson/ros-workspace/install/ouster_srvs/lib/libouster_srvs__rosidl_typesupport_introspection_cpp.so
[41.893s] -- Set runtime path of "/home/jetson/ros-workspace/install/ouster_srvs/lib/libouster_srvs__rosidl_typesupport_introspection_cpp.so" to ""
[41.894s] -- Installing: /home/jetson/ros-workspace/install/ouster_srvs/lib/libouster_srvs__rosidl_typesupport_cpp.so
[41.894s] -- Set runtime path of "/home/jetson/ros-workspace/install/ouster_srvs/lib/libouster_srvs__rosidl_typesupport_cpp.so" to ""
[42.040s] Compiling '/home/jetson/ros-workspace/install/ouster_srvs/lib/python3.8/site-packages/ouster_srvs/__init__.py'...
[42.061s] -- Up-to-date: /home/jetson/ros-workspace/install/ouster_srvs/share/ouster_srvs/cmake/ouster_srvs__rosidl_generator_cExport.cmake
[42.063s] -- Installing: /home/jetson/ros-workspace/install/ouster_srvs/share/ouster_srvs/cmake/ouster_srvs__rosidl_generator_cExport-release.cmake
[42.063s] -- Up-to-date: /home/jetson/ros-workspace/install/ouster_srvs/share/ouster_srvs/cmake/ouster_srvs__rosidl_typesupport_introspection_cExport.cmake
[42.063s] -- Installing: /home/jetson/ros-workspace/install/ouster_srvs/share/ouster_srvs/cmake/ouster_srvs__rosidl_typesupport_introspection_cExport-release.cmake
[42.065s] -- Up-to-date: /home/jetson/ros-workspace/install/ouster_srvs/share/ouster_srvs/cmake/ouster_srvs__rosidl_typesupport_cExport.cmake
[42.065s] -- Installing: /home/jetson/ros-workspace/install/ouster_srvs/share/ouster_srvs/cmake/ouster_srvs__rosidl_typesupport_cExport-release.cmake
[42.067s] -- Up-to-date: /home/jetson/ros-workspace/install/ouster_srvs/share/ouster_srvs/cmake/ouster_srvs__rosidl_generator_cppExport.cmake
[42.070s] -- Up-to-date: /home/jetson/ros-workspace/install/ouster_srvs/share/ouster_srvs/cmake/ouster_srvs__rosidl_typesupport_introspection_cppExport.cmake
[42.070s] -- Installing: /home/jetson/ros-workspace/install/ouster_srvs/share/ouster_srvs/cmake/ouster_srvs__rosidl_typesupport_introspection_cppExport-release.cmake
[42.070s] -- Up-to-date: /home/jetson/ros-workspace/install/ouster_srvs/share/ouster_srvs/cmake/ouster_srvs__rosidl_typesupport_cppExport.cmake
[42.071s] -- Installing: /home/jetson/ros-workspace/install/ouster_srvs/share/ouster_srvs/cmake/ouster_srvs__rosidl_typesupport_cppExport-release.cmake
[42.100s] Invoked command in '/home/jetson/ros-workspace/build/ouster_srvs' returned '0': CMAKE_PREFIX_PATH=/opt/ros/foxy /usr/bin/cmake --install /home/jetson/ros-workspace/build/ouster_srvs
