[0.413s] Invoking command in '/home/jetson/ros-workspace/build/ouster_msgs': CMAKE_PREFIX_PATH=${CMAKE_PREFIX_PATH}:/opt/ros/foxy /usr/bin/cmake /home/jetson/ros-workspace/src/ouster-ros/ouster-msgs -DCMAKE_INSTALL_PREFIX=/home/jetson/ros-workspace/install/ouster_msgs
[0.648s] -- Found ament_cmake: 0.9.12 (/opt/ros/foxy/share/ament_cmake/cmake)
[0.663s] -- Found PythonInterp: /usr/bin/python3 (found suitable version "3.8.10", minimum required is "3") 
[0.664s] -- Using PYTHON_EXECUTABLE: /usr/bin/python3
[1.759s] -- Override CMake install command with custom implementation using symlinks instead of copying resources
[1.817s] -- Found rosidl_default_generators: 1.0.1 (/opt/ros/foxy/share/rosidl_default_generators/cmake)
[1.836s] -- Using all available rosidl_typesupport_c: rosidl_typesupport_fastrtps_c;rosidl_typesupport_introspection_c
[1.861s] -- Found rosidl_adapter: 1.3.1 (/opt/ros/foxy/share/rosidl_adapter/cmake)
[2.701s] -- Using all available rosidl_typesupport_cpp: rosidl_typesupport_fastrtps_cpp;rosidl_typesupport_introspection_cpp
[2.983s] -- Found PythonInterp: /usr/bin/python3 (found version "3.8.10") 
[3.719s] -- Found ament_cmake_ros: 0.9.2 (/opt/ros/foxy/share/ament_cmake_ros/cmake)
[4.321s] -- Using all available rosidl_typesupport_c: rosidl_typesupport_fastrtps_c;rosidl_typesupport_introspection_c
[4.373s] -- Using all available rosidl_typesupport_cpp: rosidl_typesupport_fastrtps_cpp;rosidl_typesupport_introspection_cpp
[4.533s] -- Found PythonInterp: /usr/bin/python3 (found suitable version "3.8.10", minimum required is "3.5") 
[4.537s] -- Found python_cmake_module: 0.8.1 (/opt/ros/foxy/share/python_cmake_module/cmake)
[4.689s] -- Using PYTHON_EXECUTABLE: /usr/bin/python3
[4.689s] -- Using PYTHON_INCLUDE_DIRS: /usr/include/python3.8
[4.690s] -- Using PYTHON_LIBRARIES: /usr/lib/aarch64-linux-gnu/libpython3.8.so
[4.871s] -- Configuring done
[5.119s] -- Generating done
[5.142s] -- Build files have been written to: /home/jetson/ros-workspace/build/ouster_msgs
[5.319s] Invoked command in '/home/jetson/ros-workspace/build/ouster_msgs' returned '0': CMAKE_PREFIX_PATH=${CMAKE_PREFIX_PATH}:/opt/ros/foxy /usr/bin/cmake /home/jetson/ros-workspace/src/ouster-ros/ouster-msgs -DCMAKE_INSTALL_PREFIX=/home/jetson/ros-workspace/install/ouster_msgs
[5.323s] Invoking command in '/home/jetson/ros-workspace/build/ouster_msgs': CMAKE_PREFIX_PATH=${CMAKE_PREFIX_PATH}:/opt/ros/foxy /usr/bin/cmake --build /home/jetson/ros-workspace/build/ouster_msgs -- -j6 -l6
[5.853s] [  3%] Built target ouster_msgs__cpp
[5.922s] [ 12%] Built target ouster_msgs__rosidl_generator_c
[6.235s] [ 32%] Built target ouster_msgs__rosidl_typesupport_cpp
[6.261s] [ 22%] Built target ouster_msgs__rosidl_typesupport_introspection_cpp
[6.282s] [ 41%] Built target ouster_msgs__rosidl_typesupport_introspection_c
[6.291s] [ 51%] Built target ouster_msgs__rosidl_typesupport_c
[6.342s] [ 61%] Built target ouster_msgs__rosidl_typesupport_fastrtps_cpp
[6.554s] [ 70%] Built target ouster_msgs__rosidl_typesupport_fastrtps_c
[6.710s] [ 70%] Built target ouster_msgs
[6.876s] [ 74%] Built target ouster_msgs__py
[7.060s] [ 80%] Built target ouster_msgs__python
[7.303s] [ 87%] Built target ouster_msgs__rosidl_typesupport_fastrtps_c__pyext
[7.398s] [ 93%] Built target ouster_msgs__rosidl_typesupport_introspection_c__pyext
[7.414s] [100%] Built target ouster_msgs__rosidl_typesupport_c__pyext
[7.525s] Invoked command in '/home/jetson/ros-workspace/build/ouster_msgs' returned '0': CMAKE_PREFIX_PATH=${CMAKE_PREFIX_PATH}:/opt/ros/foxy /usr/bin/cmake --build /home/jetson/ros-workspace/build/ouster_msgs -- -j6 -l6
[8.252s] Invoking command in '/home/jetson/ros-workspace/build/ouster_msgs': CMAKE_PREFIX_PATH=${CMAKE_PREFIX_PATH}:/opt/ros/foxy /usr/bin/cmake --install /home/jetson/ros-workspace/build/ouster_msgs
[8.324s] -- Install configuration: "Release"
[8.327s] -- Execute custom install script
[8.330s] -- Up-to-date symlink: /home/jetson/ros-workspace/install/ouster_msgs/share/ament_index/resource_index/rosidl_interfaces/ouster_msgs
[8.335s] -- Up-to-date symlink: /home/jetson/ros-workspace/install/ouster_msgs/include/ouster_msgs/msg/detail/packet_msg__functions.h
[8.336s] -- Up-to-date symlink: /home/jetson/ros-workspace/install/ouster_msgs/include/ouster_msgs/msg/detail/packet_msg__struct.h
[8.337s] -- Up-to-date symlink: /home/jetson/ros-workspace/install/ouster_msgs/include/ouster_msgs/msg/detail/packet_msg__type_support.h
[8.340s] -- Up-to-date symlink: /home/jetson/ros-workspace/install/ouster_msgs/include/ouster_msgs/msg/packet_msg.h
[8.341s] -- Up-to-date symlink: /home/jetson/ros-workspace/install/ouster_msgs/include/ouster_msgs/msg/rosidl_generator_c__visibility_control.h
[8.344s] -- Up-to-date symlink: /home/jetson/ros-workspace/install/ouster_msgs/share/ouster_msgs/environment/library_path.sh
[8.350s] -- Up-to-date symlink: /home/jetson/ros-workspace/install/ouster_msgs/share/ouster_msgs/environment/library_path.dsv
[8.351s] -- Up-to-date symlink: /home/jetson/ros-workspace/install/ouster_msgs/include/ouster_msgs/msg/detail/packet_msg__rosidl_typesupport_fastrtps_c.h
[8.352s] -- Up-to-date symlink: /home/jetson/ros-workspace/install/ouster_msgs/include/ouster_msgs/msg/rosidl_typesupport_fastrtps_c__visibility_control.h
[8.362s] -- Up-to-date symlink: /home/jetson/ros-workspace/install/ouster_msgs/lib/libouster_msgs__rosidl_typesupport_fastrtps_c.so
[8.384s] -- Up-to-date symlink: /home/jetson/ros-workspace/install/ouster_msgs/include/ouster_msgs/msg/detail/packet_msg__rosidl_typesupport_fastrtps_cpp.hpp
[8.393s] -- Up-to-date symlink: /home/jetson/ros-workspace/install/ouster_msgs/include/ouster_msgs/msg/rosidl_typesupport_fastrtps_cpp__visibility_control.h
[8.409s] -- Up-to-date symlink: /home/jetson/ros-workspace/install/ouster_msgs/lib/libouster_msgs__rosidl_typesupport_fastrtps_cpp.so
[8.416s] -- Up-to-date symlink: /home/jetson/ros-workspace/install/ouster_msgs/include/ouster_msgs/msg/detail/packet_msg__rosidl_typesupport_introspection_c.h
[8.417s] -- Up-to-date symlink: /home/jetson/ros-workspace/install/ouster_msgs/include/ouster_msgs/msg/rosidl_typesupport_introspection_c__visibility_control.h
[8.417s] -- Up-to-date symlink: /home/jetson/ros-workspace/install/ouster_msgs/include/ouster_msgs/msg/detail/packet_msg__builder.hpp
[8.418s] -- Up-to-date symlink: /home/jetson/ros-workspace/install/ouster_msgs/include/ouster_msgs/msg/detail/packet_msg__struct.hpp
[8.426s] -- Up-to-date symlink: /home/jetson/ros-workspace/install/ouster_msgs/include/ouster_msgs/msg/detail/packet_msg__traits.hpp
[8.427s] -- Up-to-date symlink: /home/jetson/ros-workspace/install/ouster_msgs/include/ouster_msgs/msg/detail/packet_msg__type_support.hpp
[8.428s] -- Up-to-date symlink: /home/jetson/ros-workspace/install/ouster_msgs/include/ouster_msgs/msg/packet_msg.hpp
[8.428s] -- Up-to-date symlink: /home/jetson/ros-workspace/install/ouster_msgs/include/ouster_msgs/msg/rosidl_generator_cpp__visibility_control.hpp
[8.429s] -- Up-to-date symlink: /home/jetson/ros-workspace/install/ouster_msgs/include/ouster_msgs/msg/detail/packet_msg__rosidl_typesupport_introspection_cpp.hpp
[8.429s] -- Up-to-date symlink: /home/jetson/ros-workspace/install/ouster_msgs/share/ouster_msgs/environment/pythonpath.sh
[8.438s] -- Up-to-date symlink: /home/jetson/ros-workspace/install/ouster_msgs/share/ouster_msgs/environment/pythonpath.dsv
[8.439s] -- Up-to-date symlink: /home/jetson/ros-workspace/install/ouster_msgs/lib/python3.8/site-packages/ouster_msgs/__init__.py
[8.439s] -- Up-to-date symlink: /home/jetson/ros-workspace/install/ouster_msgs/lib/python3.8/site-packages/ouster_msgs/msg/__init__.py
[8.440s] -- Up-to-date symlink: /home/jetson/ros-workspace/install/ouster_msgs/lib/python3.8/site-packages/ouster_msgs/msg/_packet_msg.py
[8.440s] -- Up-to-date symlink: /home/jetson/ros-workspace/install/ouster_msgs/lib/python3.8/site-packages/ouster_msgs/ouster_msgs_s__rosidl_typesupport_fastrtps_c.cpython-38-aarch64-linux-gnu.so
[8.440s] -- Up-to-date symlink: /home/jetson/ros-workspace/install/ouster_msgs/lib/python3.8/site-packages/ouster_msgs/ouster_msgs_s__rosidl_typesupport_introspection_c.cpython-38-aarch64-linux-gnu.so
[8.441s] -- Up-to-date symlink: /home/jetson/ros-workspace/install/ouster_msgs/lib/python3.8/site-packages/ouster_msgs/ouster_msgs_s__rosidl_typesupport_c.cpython-38-aarch64-linux-gnu.so
[8.441s] -- Up-to-date symlink: /home/jetson/ros-workspace/install/ouster_msgs/lib/libouster_msgs__python.so
[8.442s] -- Up-to-date symlink: /home/jetson/ros-workspace/install/ouster_msgs/share/ouster_msgs/msg/PacketMsg.idl
[8.443s] -- Up-to-date symlink: /home/jetson/ros-workspace/install/ouster_msgs/share/ouster_msgs/msg/PacketMsg.msg
[8.443s] -- Up-to-date symlink: /home/jetson/ros-workspace/install/ouster_msgs/share/ament_index/resource_index/package_run_dependencies/ouster_msgs
[8.444s] -- Up-to-date symlink: /home/jetson/ros-workspace/install/ouster_msgs/share/ament_index/resource_index/parent_prefix_path/ouster_msgs
[8.444s] -- Up-to-date symlink: /home/jetson/ros-workspace/install/ouster_msgs/share/ouster_msgs/environment/ament_prefix_path.sh
[8.445s] -- Up-to-date symlink: /home/jetson/ros-workspace/install/ouster_msgs/share/ouster_msgs/environment/ament_prefix_path.dsv
[8.445s] -- Up-to-date symlink: /home/jetson/ros-workspace/install/ouster_msgs/share/ouster_msgs/environment/path.sh
[8.446s] -- Up-to-date symlink: /home/jetson/ros-workspace/install/ouster_msgs/share/ouster_msgs/environment/path.dsv
[8.446s] -- Up-to-date symlink: /home/jetson/ros-workspace/install/ouster_msgs/share/ouster_msgs/local_setup.bash
[8.447s] -- Up-to-date symlink: /home/jetson/ros-workspace/install/ouster_msgs/share/ouster_msgs/local_setup.sh
[8.447s] -- Up-to-date symlink: /home/jetson/ros-workspace/install/ouster_msgs/share/ouster_msgs/local_setup.zsh
[8.447s] -- Up-to-date symlink: /home/jetson/ros-workspace/install/ouster_msgs/share/ouster_msgs/local_setup.dsv
[8.448s] -- Symlinking: /home/jetson/ros-workspace/install/ouster_msgs/share/ouster_msgs/package.dsv
[8.504s] -- Up-to-date symlink: /home/jetson/ros-workspace/install/ouster_msgs/share/ament_index/resource_index/packages/ouster_msgs
[8.507s] -- Up-to-date symlink: /home/jetson/ros-workspace/install/ouster_msgs/share/ouster_msgs/cmake/rosidl_cmake-extras.cmake
[8.508s] -- Up-to-date symlink: /home/jetson/ros-workspace/install/ouster_msgs/share/ouster_msgs/cmake/ament_cmake_export_dependencies-extras.cmake
[8.510s] -- Up-to-date symlink: /home/jetson/ros-workspace/install/ouster_msgs/share/ouster_msgs/cmake/ament_cmake_export_libraries-extras.cmake
[8.511s] -- Up-to-date symlink: /home/jetson/ros-workspace/install/ouster_msgs/share/ouster_msgs/cmake/ament_cmake_export_targets-extras.cmake
[8.514s] -- Up-to-date symlink: /home/jetson/ros-workspace/install/ouster_msgs/share/ouster_msgs/cmake/ament_cmake_export_include_directories-extras.cmake
[8.516s] -- Up-to-date symlink: /home/jetson/ros-workspace/install/ouster_msgs/share/ouster_msgs/cmake/rosidl_cmake_export_typesupport_libraries-extras.cmake
[8.518s] -- Up-to-date symlink: /home/jetson/ros-workspace/install/ouster_msgs/share/ouster_msgs/cmake/rosidl_cmake_export_typesupport_targets-extras.cmake
[8.521s] -- Up-to-date symlink: /home/jetson/ros-workspace/install/ouster_msgs/share/ouster_msgs/cmake/ouster_msgsConfig.cmake
[8.523s] -- Up-to-date symlink: /home/jetson/ros-workspace/install/ouster_msgs/share/ouster_msgs/cmake/ouster_msgsConfig-version.cmake
[8.532s] -- Up-to-date symlink: /home/jetson/ros-workspace/install/ouster_msgs/share/ouster_msgs/package.xml
[8.533s] -- Up-to-date: /home/jetson/ros-workspace/install/ouster_msgs/lib/libouster_msgs__rosidl_generator_c.so
[8.534s] -- Up-to-date: /home/jetson/ros-workspace/install/ouster_msgs/lib/libouster_msgs__rosidl_typesupport_introspection_c.so
[8.535s] -- Up-to-date: /home/jetson/ros-workspace/install/ouster_msgs/lib/libouster_msgs__rosidl_typesupport_c.so
[8.544s] -- Up-to-date: /home/jetson/ros-workspace/install/ouster_msgs/lib/libouster_msgs__rosidl_typesupport_introspection_cpp.so
[8.546s] -- Up-to-date: /home/jetson/ros-workspace/install/ouster_msgs/lib/libouster_msgs__rosidl_typesupport_cpp.so
[8.741s] Compiling '/home/jetson/ros-workspace/install/ouster_msgs/lib/python3.8/site-packages/ouster_msgs/__init__.py'...
[8.756s] -- Up-to-date: /home/jetson/ros-workspace/install/ouster_msgs/share/ouster_msgs/cmake/ouster_msgs__rosidl_generator_cExport.cmake
[8.757s] -- Installing: /home/jetson/ros-workspace/install/ouster_msgs/share/ouster_msgs/cmake/ouster_msgs__rosidl_generator_cExport-release.cmake
[8.758s] -- Up-to-date: /home/jetson/ros-workspace/install/ouster_msgs/share/ouster_msgs/cmake/ouster_msgs__rosidl_typesupport_introspection_cExport.cmake
[8.759s] -- Installing: /home/jetson/ros-workspace/install/ouster_msgs/share/ouster_msgs/cmake/ouster_msgs__rosidl_typesupport_introspection_cExport-release.cmake
[8.761s] -- Up-to-date: /home/jetson/ros-workspace/install/ouster_msgs/share/ouster_msgs/cmake/ouster_msgs__rosidl_typesupport_cExport.cmake
[8.762s] -- Installing: /home/jetson/ros-workspace/install/ouster_msgs/share/ouster_msgs/cmake/ouster_msgs__rosidl_typesupport_cExport-release.cmake
[8.763s] -- Up-to-date: /home/jetson/ros-workspace/install/ouster_msgs/share/ouster_msgs/cmake/ouster_msgs__rosidl_generator_cppExport.cmake
[8.764s] -- Up-to-date: /home/jetson/ros-workspace/install/ouster_msgs/share/ouster_msgs/cmake/ouster_msgs__rosidl_typesupport_introspection_cppExport.cmake
[8.765s] -- Installing: /home/jetson/ros-workspace/install/ouster_msgs/share/ouster_msgs/cmake/ouster_msgs__rosidl_typesupport_introspection_cppExport-release.cmake
[8.768s] -- Up-to-date: /home/jetson/ros-workspace/install/ouster_msgs/share/ouster_msgs/cmake/ouster_msgs__rosidl_typesupport_cppExport.cmake
[8.769s] -- Installing: /home/jetson/ros-workspace/install/ouster_msgs/share/ouster_msgs/cmake/ouster_msgs__rosidl_typesupport_cppExport-release.cmake
[8.795s] Invoked command in '/home/jetson/ros-workspace/build/ouster_msgs' returned '0': CMAKE_PREFIX_PATH=${CMAKE_PREFIX_PATH}:/opt/ros/foxy /usr/bin/cmake --install /home/jetson/ros-workspace/build/ouster_msgs
