[0.160s] Invoking command in '/home/jetson/ros-workspace/build/ouster_ros': CMAKE_PREFIX_PATH=/home/jetson/ros-workspace/install/ouster_srvs:/home/jetson/ros-workspace/install/ouster_msgs:/home/jetson/ros-workspace/install/ros2_esp32:/home/jetson/ros-workspace/install/pointcloud_to_laserscan:/home/jetson/ros-workspace/install/ouster_ros:/home/jetson/ros-workspace/install/navigation:/home/jetson/ros-workspace/install/mini_bot_description:/home/jetson/ros-workspace/install/micro_ros_setup:/home/jetson/ros-workspace/install/urdf_tutorial_r2d2:/opt/ros/foxy LD_LIBRARY_PATH=/home/jetson/ros-workspace/install/ouster_srvs/lib:/home/jetson/ros-workspace/install/ouster_msgs/lib:/home/jetson/ros-workspace/install/pointcloud_to_laserscan/lib:/home/jetson/ros-workspace/install/ouster_ros/lib:/opt/ros/foxy/opt/yaml_cpp_vendor/lib:/opt/ros/foxy/opt/rviz_ogre_vendor/lib:/opt/ros/foxy/lib/aarch64-linux-gnu:/opt/ros/foxy/lib:/usr/local/cuda-11.4/lib64 PYTHONPATH=/home/jetson/ros-workspace/install/ouster_srvs/lib/python3.8/site-packages:/home/jetson/ros-workspace/install/ouster_msgs/lib/python3.8/site-packages:/home/jetson/ros-workspace/install/urdf_tutorial_r2d2/lib/python3.8/site-packages:/opt/ros/foxy/lib/python3.8/site-packages /usr/bin/cmake --build /home/jetson/ros-workspace/build/ouster_ros -- -j6 -l6
[0.640s] [  5%] Built target os_sensor
[0.753s] [34m[1mGenerating build info header[0m
[0.753s] [ 11%] Built target os_cloud
[0.765s] [ 17%] Built target os_replay
[0.795s] [ 23%] Built target os_image
[0.951s] [ 23%] Built target ouster_generate_header
[1.178s] [ 58%] Built target ouster_client
[1.459s] [ 64%] Built target ouster_ros_library
[1.906s] [ 73%] Built target os_replay_component
[1.917s] [ 82%] Built target os_sensor_component
[1.923s] [ 91%] Built target os_cloud_component
[1.961s] [100%] Built target os_image_component
[2.068s] Invoked command in '/home/jetson/ros-workspace/build/ouster_ros' returned '0': CMAKE_PREFIX_PATH=/home/jetson/ros-workspace/install/ouster_srvs:/home/jetson/ros-workspace/install/ouster_msgs:/home/jetson/ros-workspace/install/ros2_esp32:/home/jetson/ros-workspace/install/pointcloud_to_laserscan:/home/jetson/ros-workspace/install/ouster_ros:/home/jetson/ros-workspace/install/navigation:/home/jetson/ros-workspace/install/mini_bot_description:/home/jetson/ros-workspace/install/micro_ros_setup:/home/jetson/ros-workspace/install/urdf_tutorial_r2d2:/opt/ros/foxy LD_LIBRARY_PATH=/home/jetson/ros-workspace/install/ouster_srvs/lib:/home/jetson/ros-workspace/install/ouster_msgs/lib:/home/jetson/ros-workspace/install/pointcloud_to_laserscan/lib:/home/jetson/ros-workspace/install/ouster_ros/lib:/opt/ros/foxy/opt/yaml_cpp_vendor/lib:/opt/ros/foxy/opt/rviz_ogre_vendor/lib:/opt/ros/foxy/lib/aarch64-linux-gnu:/opt/ros/foxy/lib:/usr/local/cuda-11.4/lib64 PYTHONPATH=/home/jetson/ros-workspace/install/ouster_srvs/lib/python3.8/site-packages:/home/jetson/ros-workspace/install/ouster_msgs/lib/python3.8/site-packages:/home/jetson/ros-workspace/install/urdf_tutorial_r2d2/lib/python3.8/site-packages:/opt/ros/foxy/lib/python3.8/site-packages /usr/bin/cmake --build /home/jetson/ros-workspace/build/ouster_ros -- -j6 -l6
[2.581s] Invoking command in '/home/jetson/ros-workspace/build/ouster_ros': CMAKE_PREFIX_PATH=/home/jetson/ros-workspace/install/ouster_srvs:/home/jetson/ros-workspace/install/ouster_msgs:/home/jetson/ros-workspace/install/ros2_esp32:/home/jetson/ros-workspace/install/pointcloud_to_laserscan:/home/jetson/ros-workspace/install/ouster_ros:/home/jetson/ros-workspace/install/navigation:/home/jetson/ros-workspace/install/mini_bot_description:/home/jetson/ros-workspace/install/micro_ros_setup:/home/jetson/ros-workspace/install/urdf_tutorial_r2d2:/opt/ros/foxy LD_LIBRARY_PATH=/home/jetson/ros-workspace/install/ouster_srvs/lib:/home/jetson/ros-workspace/install/ouster_msgs/lib:/home/jetson/ros-workspace/install/pointcloud_to_laserscan/lib:/home/jetson/ros-workspace/install/ouster_ros/lib:/opt/ros/foxy/opt/yaml_cpp_vendor/lib:/opt/ros/foxy/opt/rviz_ogre_vendor/lib:/opt/ros/foxy/lib/aarch64-linux-gnu:/opt/ros/foxy/lib:/usr/local/cuda-11.4/lib64 PYTHONPATH=/home/jetson/ros-workspace/install/ouster_srvs/lib/python3.8/site-packages:/home/jetson/ros-workspace/install/ouster_msgs/lib/python3.8/site-packages:/home/jetson/ros-workspace/install/urdf_tutorial_r2d2/lib/python3.8/site-packages:/opt/ros/foxy/lib/python3.8/site-packages /usr/bin/cmake --install /home/jetson/ros-workspace/build/ouster_ros
[2.654s] -- Install configuration: "Release"
[2.659s] -- Execute custom install script
[2.666s] -- Up-to-date symlink: /home/jetson/ros-workspace/install/ouster_ros/include/ouster/impl/build.h
[2.672s] -- Up-to-date symlink: /home/jetson/ros-workspace/install/ouster_ros/include/ouster/buffered_udp_source.h
[2.674s] -- Up-to-date symlink: /home/jetson/ros-workspace/install/ouster_ros/include/ouster/client.h
[2.676s] -- Up-to-date symlink: /home/jetson/ros-workspace/install/ouster_ros/include/ouster/image_processing.h
[2.678s] -- Up-to-date symlink: /home/jetson/ros-workspace/install/ouster_ros/include/ouster/impl/cartesian.h
[2.680s] -- Up-to-date symlink: /home/jetson/ros-workspace/install/ouster_ros/include/ouster/impl/lidar_scan_impl.h
[2.683s] -- Up-to-date symlink: /home/jetson/ros-workspace/install/ouster_ros/include/ouster/lidar_scan.h
[2.685s] -- Up-to-date symlink: /home/jetson/ros-workspace/install/ouster_ros/include/ouster/sensor_http.h
[2.689s] -- Up-to-date symlink: /home/jetson/ros-workspace/install/ouster_ros/include/ouster/types.h
[2.690s] -- Up-to-date symlink: /home/jetson/ros-workspace/install/ouster_ros/include/ouster/version.h
[2.698s] -- Up-to-date symlink: /home/jetson/ros-workspace/install/ouster_ros/include/optional-lite/nonstd/optional.hpp
[2.705s] -- Up-to-date symlink: /home/jetson/ros-workspace/install/ouster_ros/lib/cmake/OusterSDK/OusterSDKConfig.cmake
[2.709s] -- Up-to-date symlink: /home/jetson/ros-workspace/install/ouster_ros/lib/cmake/OusterSDK/OusterSDKConfigVersion.cmake
[2.712s] -- Up-to-date symlink: /home/jetson/ros-workspace/install/ouster_ros/share/LICENSE
[2.714s] -- Up-to-date symlink: /home/jetson/ros-workspace/install/ouster_ros/share/LICENSE-bin
[2.719s] -- Up-to-date symlink: /home/jetson/ros-workspace/install/ouster_ros/lib/ouster_ros/os_sensor
[2.723s] -- Up-to-date symlink: /home/jetson/ros-workspace/install/ouster_ros/lib/ouster_ros/os_replay
[2.725s] -- Up-to-date symlink: /home/jetson/ros-workspace/install/ouster_ros/lib/ouster_ros/os_cloud
[2.729s] -- Up-to-date symlink: /home/jetson/ros-workspace/install/ouster_ros/lib/ouster_ros/os_image
[2.733s] -- Up-to-date symlink: /home/jetson/ros-workspace/install/ouster_ros/lib/libouster_ros_library.so
[2.735s] -- Up-to-date symlink: /home/jetson/ros-workspace/install/ouster_ros/lib/libos_sensor_component.so
[2.747s] -- Up-to-date symlink: /home/jetson/ros-workspace/install/ouster_ros/lib/libos_replay_component.so
[2.749s] -- Up-to-date symlink: /home/jetson/ros-workspace/install/ouster_ros/lib/libos_cloud_component.so
[2.751s] -- Up-to-date symlink: /home/jetson/ros-workspace/install/ouster_ros/lib/libos_image_component.so
[2.758s] -- Up-to-date symlink: /home/jetson/ros-workspace/install/ouster_ros/include/ouster_ros/include/ouster_ros/os_point.h
[2.760s] -- Up-to-date symlink: /home/jetson/ros-workspace/install/ouster_ros/include/ouster_ros/include/ouster_ros/os_processing_node_base.h
[2.764s] -- Up-to-date symlink: /home/jetson/ros-workspace/install/ouster_ros/include/ouster_ros/include/ouster_ros/os_ros.h
[2.766s] -- Up-to-date symlink: /home/jetson/ros-workspace/install/ouster_ros/include/ouster_ros/include/ouster_ros/os_sensor_node_base.h
[2.768s] -- Up-to-date symlink: /home/jetson/ros-workspace/install/ouster_ros/include/ouster_ros/include/ouster_ros/visibility_control.h
[2.774s] -- Up-to-date symlink: /home/jetson/ros-workspace/install/ouster_ros/include/ouster_ros/include/optional-lite/nonstd/optional.hpp
[2.777s] -- Up-to-date symlink: /home/jetson/ros-workspace/install/ouster_ros/include/ouster_ros/include/ouster/buffered_udp_source.h
[2.779s] -- Up-to-date symlink: /home/jetson/ros-workspace/install/ouster_ros/include/ouster_ros/include/ouster/client.h
[2.780s] -- Up-to-date symlink: /home/jetson/ros-workspace/install/ouster_ros/include/ouster_ros/include/ouster/image_processing.h
[2.787s] -- Up-to-date symlink: /home/jetson/ros-workspace/install/ouster_ros/include/ouster_ros/include/ouster/impl/cartesian.h
[2.791s] -- Up-to-date symlink: /home/jetson/ros-workspace/install/ouster_ros/include/ouster_ros/include/ouster/impl/lidar_scan_impl.h
[2.795s] -- Up-to-date symlink: /home/jetson/ros-workspace/install/ouster_ros/include/ouster_ros/include/ouster/lidar_scan.h
[2.805s] -- Up-to-date symlink: /home/jetson/ros-workspace/install/ouster_ros/include/ouster_ros/include/ouster/sensor_http.h
[2.810s] -- Up-to-date symlink: /home/jetson/ros-workspace/install/ouster_ros/include/ouster_ros/include/ouster/types.h
[2.819s] -- Up-to-date symlink: /home/jetson/ros-workspace/install/ouster_ros/include/ouster_ros/include/ouster/version.h
[2.824s] -- Up-to-date symlink: /home/jetson/ros-workspace/install/ouster_ros/include/ouster_ros/optional-lite/nonstd/optional.hpp
[2.826s] -- Up-to-date symlink: /home/jetson/ros-workspace/install/ouster_ros/share/ouster_ros/LICENSE
[2.831s] -- Up-to-date symlink: /home/jetson/ros-workspace/install/ouster_ros/share/ouster_ros/launch/record.independent.launch.xml
[2.837s] -- Up-to-date symlink: /home/jetson/ros-workspace/install/ouster_ros/share/ouster_ros/launch/record.launch.xml
[2.839s] -- Up-to-date symlink: /home/jetson/ros-workspace/install/ouster_ros/share/ouster_ros/launch/replay.independent.launch.xml
[2.842s] -- Up-to-date symlink: /home/jetson/ros-workspace/install/ouster_ros/share/ouster_ros/launch/replay.launch.xml
[2.845s] -- Up-to-date symlink: /home/jetson/ros-workspace/install/ouster_ros/share/ouster_ros/launch/rviz.launch.py
[2.847s] -- Up-to-date symlink: /home/jetson/ros-workspace/install/ouster_ros/share/ouster_ros/launch/rviz.launch.xml
[2.850s] -- Up-to-date symlink: /home/jetson/ros-workspace/install/ouster_ros/share/ouster_ros/launch/sensor.composite.launch.py
[2.852s] -- Up-to-date symlink: /home/jetson/ros-workspace/install/ouster_ros/share/ouster_ros/launch/sensor.composite.launch.xml
[2.854s] -- Up-to-date symlink: /home/jetson/ros-workspace/install/ouster_ros/share/ouster_ros/launch/sensor.independent.launch.py
[2.857s] -- Up-to-date symlink: /home/jetson/ros-workspace/install/ouster_ros/share/ouster_ros/launch/sensor.independent.launch.xml
[2.858s] -- Up-to-date symlink: /home/jetson/ros-workspace/install/ouster_ros/share/ouster_ros/launch/sensor.launch.xml
[2.861s] -- Up-to-date symlink: /home/jetson/ros-workspace/install/ouster_ros/share/ouster_ros/launch/sensor_mtp.launch.xml
[2.864s] -- Up-to-date symlink: /home/jetson/ros-workspace/install/ouster_ros/share/ouster_ros/config/metadata-qos-override.yaml
[2.868s] -- Up-to-date symlink: /home/jetson/ros-workspace/install/ouster_ros/share/ouster_ros/config/parameters.yaml
[2.869s] -- Up-to-date symlink: /home/jetson/ros-workspace/install/ouster_ros/share/ouster_ros/config/viz.rviz
[2.872s] -- Up-to-date symlink: /home/jetson/ros-workspace/install/ouster_ros/share/ouster_ros/environment/library_path.sh
[2.876s] -- Up-to-date symlink: /home/jetson/ros-workspace/install/ouster_ros/share/ouster_ros/environment/library_path.dsv
[2.879s] -- Up-to-date symlink: /home/jetson/ros-workspace/install/ouster_ros/share/ament_index/resource_index/package_run_dependencies/ouster_ros
[2.882s] -- Up-to-date symlink: /home/jetson/ros-workspace/install/ouster_ros/share/ament_index/resource_index/parent_prefix_path/ouster_ros
[2.884s] -- Up-to-date symlink: /home/jetson/ros-workspace/install/ouster_ros/share/ouster_ros/environment/ament_prefix_path.sh
[2.887s] -- Up-to-date symlink: /home/jetson/ros-workspace/install/ouster_ros/share/ouster_ros/environment/ament_prefix_path.dsv
[2.890s] -- Up-to-date symlink: /home/jetson/ros-workspace/install/ouster_ros/share/ouster_ros/environment/path.sh
[2.898s] -- Up-to-date symlink: /home/jetson/ros-workspace/install/ouster_ros/share/ouster_ros/environment/path.dsv
[2.899s] -- Up-to-date symlink: /home/jetson/ros-workspace/install/ouster_ros/share/ouster_ros/local_setup.bash
[2.899s] -- Up-to-date symlink: /home/jetson/ros-workspace/install/ouster_ros/share/ouster_ros/local_setup.sh
[2.906s] -- Up-to-date symlink: /home/jetson/ros-workspace/install/ouster_ros/share/ouster_ros/local_setup.zsh
[2.907s] -- Up-to-date symlink: /home/jetson/ros-workspace/install/ouster_ros/share/ouster_ros/local_setup.dsv
[2.908s] -- Symlinking: /home/jetson/ros-workspace/install/ouster_ros/share/ouster_ros/package.dsv
[2.976s] -- Up-to-date symlink: /home/jetson/ros-workspace/install/ouster_ros/share/ament_index/resource_index/packages/ouster_ros
[2.979s] -- Up-to-date symlink: /home/jetson/ros-workspace/install/ouster_ros/share/ament_index/resource_index/rclcpp_components/ouster_ros
[2.983s] -- Up-to-date symlink: /home/jetson/ros-workspace/install/ouster_ros/share/ouster_ros/cmake/ament_cmake_export_include_directories-extras.cmake
[2.986s] -- Up-to-date symlink: /home/jetson/ros-workspace/install/ouster_ros/share/ouster_ros/cmake/ament_cmake_export_dependencies-extras.cmake
[2.989s] -- Up-to-date symlink: /home/jetson/ros-workspace/install/ouster_ros/share/ouster_ros/cmake/ament_cmake_export_libraries-extras.cmake
[2.991s] -- Up-to-date symlink: /home/jetson/ros-workspace/install/ouster_ros/share/ouster_ros/cmake/ouster_rosConfig.cmake
[2.997s] -- Up-to-date symlink: /home/jetson/ros-workspace/install/ouster_ros/share/ouster_ros/cmake/ouster_rosConfig-version.cmake
[2.998s] -- Up-to-date symlink: /home/jetson/ros-workspace/install/ouster_ros/share/ouster_ros/package.xml
[3.032s] Invoked command in '/home/jetson/ros-workspace/build/ouster_ros' returned '0': CMAKE_PREFIX_PATH=/home/jetson/ros-workspace/install/ouster_srvs:/home/jetson/ros-workspace/install/ouster_msgs:/home/jetson/ros-workspace/install/ros2_esp32:/home/jetson/ros-workspace/install/pointcloud_to_laserscan:/home/jetson/ros-workspace/install/ouster_ros:/home/jetson/ros-workspace/install/navigation:/home/jetson/ros-workspace/install/mini_bot_description:/home/jetson/ros-workspace/install/micro_ros_setup:/home/jetson/ros-workspace/install/urdf_tutorial_r2d2:/opt/ros/foxy LD_LIBRARY_PATH=/home/jetson/ros-workspace/install/ouster_srvs/lib:/home/jetson/ros-workspace/install/ouster_msgs/lib:/home/jetson/ros-workspace/install/pointcloud_to_laserscan/lib:/home/jetson/ros-workspace/install/ouster_ros/lib:/opt/ros/foxy/opt/yaml_cpp_vendor/lib:/opt/ros/foxy/opt/rviz_ogre_vendor/lib:/opt/ros/foxy/lib/aarch64-linux-gnu:/opt/ros/foxy/lib:/usr/local/cuda-11.4/lib64 PYTHONPATH=/home/jetson/ros-workspace/install/ouster_srvs/lib/python3.8/site-packages:/home/jetson/ros-workspace/install/ouster_msgs/lib/python3.8/site-packages:/home/jetson/ros-workspace/install/urdf_tutorial_r2d2/lib/python3.8/site-packages:/opt/ros/foxy/lib/python3.8/site-packages /usr/bin/cmake --install /home/jetson/ros-workspace/build/ouster_ros
