[34m[1mGenerating build info header[0m
[  5%] Built target os_replay
[ 11%] Built target os_sensor
[ 23%] Built target os_image
[ 23%] Built target os_cloud
[ 23%] Built target ouster_generate_header
[ 58%] Built target ouster_client
[ 61%] [32mBuilding CXX object CMakeFiles/ouster_ros_library.dir/src/os_ros.cpp.o[0m
[ 64%] [32m[1mLinking CXX shared library libouster_ros_library.so[0m
[ 64%] Built target ouster_ros_library
[35m[1mScanning dependencies of target os_image_component[0m
[35m[1mScanning dependencies of target os_cloud_component[0m
[35m[1mScanning dependencies of target os_replay_component[0m
[35m[1mScanning dependencies of target os_sensor_component[0m
[ 67%] [32mBuilding CXX object CMakeFiles/os_replay_component.dir/src/os_replay_node.cpp.o[0m
[ 70%] [32mBuilding CXX object CMakeFiles/os_replay_component.dir/src/os_sensor_node_base.cpp.o[0m
[ 73%] [32mBuilding CXX object CMakeFiles/os_cloud_component.dir/src/os_cloud_node.cpp.o[0m
[ 76%] [32mBuilding CXX object CMakeFiles/os_sensor_component.dir/src/os_sensor_node_base.cpp.o[0m
[ 79%] [32mBuilding CXX object CMakeFiles/os_image_component.dir/src/os_image_node.cpp.o[0m
[ 82%] [32mBuilding CXX object CMakeFiles/os_sensor_component.dir/src/os_sensor_node.cpp.o[0m
[ 85%] [32m[1mLinking CXX shared library libos_replay_component.so[0m
[ 85%] Built target os_replay_component
[ 88%] [32m[1mLinking CXX shared library libos_sensor_component.so[0m
[ 88%] Built target os_sensor_component
[ 91%] [32m[1mLinking CXX shared library libos_image_component.so[0m
[ 94%] Built target os_image_component
[ 97%] [32m[1mLinking CXX shared library libos_cloud_component.so[0m
[100%] Built target os_cloud_component
-- Install configuration: "Release"
-- Execute custom install script
-- Up-to-date symlink: /home/jetson/ros-workspace/install/ouster_ros/include/ouster/impl/build.h
-- Up-to-date symlink: /home/jetson/ros-workspace/install/ouster_ros/include/ouster/buffered_udp_source.h
-- Up-to-date symlink: /home/jetson/ros-workspace/install/ouster_ros/include/ouster/client.h
-- Up-to-date symlink: /home/jetson/ros-workspace/install/ouster_ros/include/ouster/image_processing.h
-- Up-to-date symlink: /home/jetson/ros-workspace/install/ouster_ros/include/ouster/impl/cartesian.h
-- Up-to-date symlink: /home/jetson/ros-workspace/install/ouster_ros/include/ouster/impl/lidar_scan_impl.h
-- Up-to-date symlink: /home/jetson/ros-workspace/install/ouster_ros/include/ouster/lidar_scan.h
-- Up-to-date symlink: /home/jetson/ros-workspace/install/ouster_ros/include/ouster/sensor_http.h
-- Up-to-date symlink: /home/jetson/ros-workspace/install/ouster_ros/include/ouster/types.h
-- Up-to-date symlink: /home/jetson/ros-workspace/install/ouster_ros/include/ouster/version.h
-- Up-to-date symlink: /home/jetson/ros-workspace/install/ouster_ros/include/optional-lite/nonstd/optional.hpp
-- Up-to-date symlink: /home/jetson/ros-workspace/install/ouster_ros/lib/cmake/OusterSDK/OusterSDKConfig.cmake
-- Up-to-date symlink: /home/jetson/ros-workspace/install/ouster_ros/lib/cmake/OusterSDK/OusterSDKConfigVersion.cmake
-- Up-to-date symlink: /home/jetson/ros-workspace/install/ouster_ros/share/LICENSE
-- Up-to-date symlink: /home/jetson/ros-workspace/install/ouster_ros/share/LICENSE-bin
-- Up-to-date symlink: /home/jetson/ros-workspace/install/ouster_ros/lib/ouster_ros/os_sensor
-- Up-to-date symlink: /home/jetson/ros-workspace/install/ouster_ros/lib/ouster_ros/os_replay
-- Up-to-date symlink: /home/jetson/ros-workspace/install/ouster_ros/lib/ouster_ros/os_cloud
-- Up-to-date symlink: /home/jetson/ros-workspace/install/ouster_ros/lib/ouster_ros/os_image
-- Up-to-date symlink: /home/jetson/ros-workspace/install/ouster_ros/lib/libouster_ros_library.so
-- Up-to-date symlink: /home/jetson/ros-workspace/install/ouster_ros/lib/libos_sensor_component.so
-- Up-to-date symlink: /home/jetson/ros-workspace/install/ouster_ros/lib/libos_replay_component.so
-- Up-to-date symlink: /home/jetson/ros-workspace/install/ouster_ros/lib/libos_cloud_component.so
-- Up-to-date symlink: /home/jetson/ros-workspace/install/ouster_ros/lib/libos_image_component.so
-- Up-to-date symlink: /home/jetson/ros-workspace/install/ouster_ros/include/ouster_ros/include/ouster_ros/os_point.h
-- Up-to-date symlink: /home/jetson/ros-workspace/install/ouster_ros/include/ouster_ros/include/ouster_ros/os_processing_node_base.h
-- Up-to-date symlink: /home/jetson/ros-workspace/install/ouster_ros/include/ouster_ros/include/ouster_ros/os_ros.h
-- Up-to-date symlink: /home/jetson/ros-workspace/install/ouster_ros/include/ouster_ros/include/ouster_ros/os_sensor_node_base.h
-- Up-to-date symlink: /home/jetson/ros-workspace/install/ouster_ros/include/ouster_ros/include/ouster_ros/visibility_control.h
-- Up-to-date symlink: /home/jetson/ros-workspace/install/ouster_ros/include/ouster_ros/include/optional-lite/nonstd/optional.hpp
-- Up-to-date symlink: /home/jetson/ros-workspace/install/ouster_ros/include/ouster_ros/include/ouster/buffered_udp_source.h
-- Up-to-date symlink: /home/jetson/ros-workspace/install/ouster_ros/include/ouster_ros/include/ouster/client.h
-- Up-to-date symlink: /home/jetson/ros-workspace/install/ouster_ros/include/ouster_ros/include/ouster/image_processing.h
-- Up-to-date symlink: /home/jetson/ros-workspace/install/ouster_ros/include/ouster_ros/include/ouster/impl/cartesian.h
-- Up-to-date symlink: /home/jetson/ros-workspace/install/ouster_ros/include/ouster_ros/include/ouster/impl/lidar_scan_impl.h
-- Up-to-date symlink: /home/jetson/ros-workspace/install/ouster_ros/include/ouster_ros/include/ouster/lidar_scan.h
-- Up-to-date symlink: /home/jetson/ros-workspace/install/ouster_ros/include/ouster_ros/include/ouster/sensor_http.h
-- Up-to-date symlink: /home/jetson/ros-workspace/install/ouster_ros/include/ouster_ros/include/ouster/types.h
-- Up-to-date symlink: /home/jetson/ros-workspace/install/ouster_ros/include/ouster_ros/include/ouster/version.h
-- Up-to-date symlink: /home/jetson/ros-workspace/install/ouster_ros/include/ouster_ros/optional-lite/nonstd/optional.hpp
-- Up-to-date symlink: /home/jetson/ros-workspace/install/ouster_ros/share/ouster_ros/LICENSE
-- Up-to-date symlink: /home/jetson/ros-workspace/install/ouster_ros/share/ouster_ros/launch/record.independent.launch.xml
-- Up-to-date symlink: /home/jetson/ros-workspace/install/ouster_ros/share/ouster_ros/launch/record.launch.xml
-- Up-to-date symlink: /home/jetson/ros-workspace/install/ouster_ros/share/ouster_ros/launch/replay.independent.launch.xml
-- Up-to-date symlink: /home/jetson/ros-workspace/install/ouster_ros/share/ouster_ros/launch/replay.launch.xml
-- Up-to-date symlink: /home/jetson/ros-workspace/install/ouster_ros/share/ouster_ros/launch/rviz.launch.py
-- Up-to-date symlink: /home/jetson/ros-workspace/install/ouster_ros/share/ouster_ros/launch/rviz.launch.xml
-- Up-to-date symlink: /home/jetson/ros-workspace/install/ouster_ros/share/ouster_ros/launch/sensor.composite.launch.py
-- Up-to-date symlink: /home/jetson/ros-workspace/install/ouster_ros/share/ouster_ros/launch/sensor.composite.launch.xml
-- Up-to-date symlink: /home/jetson/ros-workspace/install/ouster_ros/share/ouster_ros/launch/sensor.independent.launch.py
-- Up-to-date symlink: /home/jetson/ros-workspace/install/ouster_ros/share/ouster_ros/launch/sensor.independent.launch.xml
-- Up-to-date symlink: /home/jetson/ros-workspace/install/ouster_ros/share/ouster_ros/launch/sensor.launch.xml
-- Up-to-date symlink: /home/jetson/ros-workspace/install/ouster_ros/share/ouster_ros/launch/sensor_mtp.launch.xml
-- Up-to-date symlink: /home/jetson/ros-workspace/install/ouster_ros/share/ouster_ros/config/metadata-qos-override.yaml
-- Up-to-date symlink: /home/jetson/ros-workspace/install/ouster_ros/share/ouster_ros/config/parameters.yaml
-- Up-to-date symlink: /home/jetson/ros-workspace/install/ouster_ros/share/ouster_ros/config/viz.rviz
-- Up-to-date symlink: /home/jetson/ros-workspace/install/ouster_ros/share/ouster_ros/environment/library_path.sh
-- Up-to-date symlink: /home/jetson/ros-workspace/install/ouster_ros/share/ouster_ros/environment/library_path.dsv
-- Up-to-date symlink: /home/jetson/ros-workspace/install/ouster_ros/share/ament_index/resource_index/package_run_dependencies/ouster_ros
-- Up-to-date symlink: /home/jetson/ros-workspace/install/ouster_ros/share/ament_index/resource_index/parent_prefix_path/ouster_ros
-- Up-to-date symlink: /home/jetson/ros-workspace/install/ouster_ros/share/ouster_ros/environment/ament_prefix_path.sh
-- Up-to-date symlink: /home/jetson/ros-workspace/install/ouster_ros/share/ouster_ros/environment/ament_prefix_path.dsv
-- Up-to-date symlink: /home/jetson/ros-workspace/install/ouster_ros/share/ouster_ros/environment/path.sh
-- Up-to-date symlink: /home/jetson/ros-workspace/install/ouster_ros/share/ouster_ros/environment/path.dsv
-- Up-to-date symlink: /home/jetson/ros-workspace/install/ouster_ros/share/ouster_ros/local_setup.bash
-- Up-to-date symlink: /home/jetson/ros-workspace/install/ouster_ros/share/ouster_ros/local_setup.sh
-- Up-to-date symlink: /home/jetson/ros-workspace/install/ouster_ros/share/ouster_ros/local_setup.zsh
-- Up-to-date symlink: /home/jetson/ros-workspace/install/ouster_ros/share/ouster_ros/local_setup.dsv
-- Symlinking: /home/jetson/ros-workspace/install/ouster_ros/share/ouster_ros/package.dsv
-- Up-to-date symlink: /home/jetson/ros-workspace/install/ouster_ros/share/ament_index/resource_index/packages/ouster_ros
-- Up-to-date symlink: /home/jetson/ros-workspace/install/ouster_ros/share/ament_index/resource_index/rclcpp_components/ouster_ros
-- Up-to-date symlink: /home/jetson/ros-workspace/install/ouster_ros/share/ouster_ros/cmake/ament_cmake_export_include_directories-extras.cmake
-- Up-to-date symlink: /home/jetson/ros-workspace/install/ouster_ros/share/ouster_ros/cmake/ament_cmake_export_dependencies-extras.cmake
-- Up-to-date symlink: /home/jetson/ros-workspace/install/ouster_ros/share/ouster_ros/cmake/ament_cmake_export_libraries-extras.cmake
-- Up-to-date symlink: /home/jetson/ros-workspace/install/ouster_ros/share/ouster_ros/cmake/ouster_rosConfig.cmake
-- Up-to-date symlink: /home/jetson/ros-workspace/install/ouster_ros/share/ouster_ros/cmake/ouster_rosConfig-version.cmake
-- Up-to-date symlink: /home/jetson/ros-workspace/install/ouster_ros/share/ouster_ros/package.xml
