[34m[1mGenerating build info header[0m
[  5%] Built target os_replay
[ 11%] Built target os_sensor
[ 23%] Built target os_image
[ 23%] Built target os_cloud
[ 23%] Built target ouster_generate_header
[ 58%] Built target ouster_client
[ 61%] [32mBuilding CXX object CMakeFiles/ouster_ros_library.dir/src/os_ros.cpp.o[0m
[ 64%] [32m[1mLinking CXX shared library libouster_ros_library.so[0m
[ 64%] Built target ouster_ros_library
[35m[1mScanning dependencies of target os_image_component[0m
[35m[1mScanning dependencies of target os_cloud_component[0m
[35m[1mScanning dependencies of target os_replay_component[0m
[35m[1mScanning dependencies of target os_sensor_component[0m
[ 67%] [32mBuilding CXX object CMakeFiles/os_replay_component.dir/src/os_replay_node.cpp.o[0m
[ 70%] [32mBuilding CXX object CMakeFiles/os_replay_component.dir/src/os_sensor_node_base.cpp.o[0m
[ 73%] [32mBuilding CXX object CMakeFiles/os_cloud_component.dir/src/os_cloud_node.cpp.o[0m
[ 76%] [32mBuilding CXX object CMakeFiles/os_sensor_component.dir/src/os_sensor_node_base.cpp.o[0m
[ 79%] [32mBuilding CXX object CMakeFiles/os_image_component.dir/src/os_image_node.cpp.o[0m
[ 82%] [32mBuilding CXX object CMakeFiles/os_sensor_component.dir/src/os_sensor_node.cpp.o[0m
In file included from [01m[K/home/jetson/ros-workspace/src/ouster-ros/ouster-ros/include/ouster_ros/os_sensor_node_base.h:10[m[K,
                 from [01m[K/home/jetson/ros-workspace/src/ouster-ros/ouster-ros/src/os_sensor_node_base.cpp:9[m[K:
[01m[K/home/jetson/ros-workspace/src/ouster-ros/ouster-ros/ouster-sdk/ouster_client/include/ouster/types.h:[m[K In constructor ‘[01m[Kouster::sensor::sensor_info::sensor_info()[m[K’:
[01m[K/home/jetson/ros-workspace/src/ouster-ros/ouster-ros/ouster-sdk/ouster_client/include/ouster/types.h:375:8:[m[K [01;35m[Kwarning: [m[K‘[01m[Kouster::sensor::sensor_info::name[m[K’ is deprecated: Will be removed in the next version [[01;35m[K-Wdeprecated-declarations[m[K]
  375 | struct [01;35m[Ksensor_info[m[K {
      |        [01;35m[K^~~~~~~~~~~[m[K
[01m[K/home/jetson/ros-workspace/src/ouster-ros/ouster-ros/ouster-sdk/ouster_client/include/ouster/types.h:377:9:[m[K [01;36m[Knote: [m[Kdeclared here
  377 |         [01;36m[Kname[m[K;               ///< @deprecated Will be removed in the next version
      |         [01;36m[K^~~~[m[K
[01m[K/home/jetson/ros-workspace/src/ouster-ros/ouster-ros/ouster-sdk/ouster_client/include/ouster/types.h:375:8:[m[K [01;35m[Kwarning: [m[K‘[01m[Kouster::sensor::sensor_info::name[m[K’ is deprecated: Will be removed in the next version [[01;35m[K-Wdeprecated-declarations[m[K]
  375 | struct [01;35m[Ksensor_info[m[K {
      |        [01;35m[K^~~~~~~~~~~[m[K
[01m[K/home/jetson/ros-workspace/src/ouster-ros/ouster-ros/ouster-sdk/ouster_client/include/ouster/types.h:377:9:[m[K [01;36m[Knote: [m[Kdeclared here
  377 |         [01;36m[Kname[m[K;               ///< @deprecated Will be removed in the next version
      |         [01;36m[K^~~~[m[K
[01m[K/home/jetson/ros-workspace/src/ouster-ros/ouster-ros/ouster-sdk/ouster_client/include/ouster/types.h:375:8:[m[K [01;35m[Kwarning: [m[K‘[01m[Kouster::sensor::sensor_info::name[m[K’ is deprecated: Will be removed in the next version [[01;35m[K-Wdeprecated-declarations[m[K]
  375 | struct [01;35m[Ksensor_info[m[K {
      |        [01;35m[K^~~~~~~~~~~[m[K
[01m[K/home/jetson/ros-workspace/src/ouster-ros/ouster-ros/ouster-sdk/ouster_client/include/ouster/types.h:377:9:[m[K [01;36m[Knote: [m[Kdeclared here
  377 |         [01;36m[Kname[m[K;               ///< @deprecated Will be removed in the next version
      |         [01;36m[K^~~~[m[K
[01m[K/home/jetson/ros-workspace/src/ouster-ros/ouster-ros/ouster-sdk/ouster_client/include/ouster/types.h:375:8:[m[K [01;35m[Kwarning: [m[K‘[01m[Kouster::sensor::sensor_info::name[m[K’ is deprecated: Will be removed in the next version [[01;35m[K-Wdeprecated-declarations[m[K]
  375 | struct [01;35m[Ksensor_info[m[K {
      |        [01;35m[K^~~~~~~~~~~[m[K
[01m[K/home/jetson/ros-workspace/src/ouster-ros/ouster-ros/ouster-sdk/ouster_client/include/ouster/types.h:377:9:[m[K [01;36m[Knote: [m[Kdeclared here
  377 |         [01;36m[Kname[m[K;               ///< @deprecated Will be removed in the next version
      |         [01;36m[K^~~~[m[K
In file included from [01m[K/home/jetson/ros-workspace/src/ouster-ros/ouster-ros/src/os_sensor_node_base.cpp:9[m[K:
[01m[K/home/jetson/ros-workspace/src/ouster-ros/ouster-ros/include/ouster_ros/os_sensor_node_base.h:[m[K In constructor ‘[01m[Kouster_ros::OusterSensorNodeBase::OusterSensorNodeBase(const string&, const rclcpp::NodeOptions&)[m[K’:
[01m[K/home/jetson/ros-workspace/src/ouster-ros/ouster-ros/include/ouster_ros/os_sensor_node_base.h:24:56:[m[K [01;36m[Knote: [m[Ksynthesized method ‘[01m[Kouster::sensor::sensor_info::sensor_info()[m[K’ first required here
   24 |         : rclcpp_lifecycle::LifecycleNode(name, options[01;36m[K)[m[K {}
      |                                                        [01;36m[K^[m[K
In file included from [01m[K/home/jetson/ros-workspace/src/ouster-ros/ouster-ros/include/ouster_ros/os_sensor_node_base.h:10[m[K,
                 from [01m[K/home/jetson/ros-workspace/src/ouster-ros/ouster-ros/src/os_sensor_node_base.cpp:9[m[K:
[01m[K/home/jetson/ros-workspace/src/ouster-ros/ouster-ros/ouster-sdk/ouster_client/include/ouster/types.h:[m[K In destructor ‘[01m[Kouster::sensor::sensor_info::~sensor_info()[m[K’:
[01m[K/home/jetson/ros-workspace/src/ouster-ros/ouster-ros/ouster-sdk/ouster_client/include/ouster/types.h:375:8:[m[K [01;35m[Kwarning: [m[K‘[01m[Kouster::sensor::sensor_info::name[m[K’ is deprecated: Will be removed in the next version [[01;35m[K-Wdeprecated-declarations[m[K]
  375 | struct [01;35m[Ksensor_info[m[K {
      |        [01;35m[K^~~~~~~~~~~[m[K
[01m[K/home/jetson/ros-workspace/src/ouster-ros/ouster-ros/ouster-sdk/ouster_client/include/ouster/types.h:377:9:[m[K [01;36m[Knote: [m[Kdeclared here
  377 |         [01;36m[Kname[m[K;               ///< @deprecated Will be removed in the next version
      |         [01;36m[K^~~~[m[K
[01m[K/home/jetson/ros-workspace/src/ouster-ros/ouster-ros/ouster-sdk/ouster_client/include/ouster/types.h:375:8:[m[K [01;35m[Kwarning: [m[K‘[01m[Kouster::sensor::sensor_info::name[m[K’ is deprecated: Will be removed in the next version [[01;35m[K-Wdeprecated-declarations[m[K]
  375 | struct [01;35m[Ksensor_info[m[K {
      |        [01;35m[K^~~~~~~~~~~[m[K
[01m[K/home/jetson/ros-workspace/src/ouster-ros/ouster-ros/ouster-sdk/ouster_client/include/ouster/types.h:377:9:[m[K [01;36m[Knote: [m[Kdeclared here
  377 |         [01;36m[Kname[m[K;               ///< @deprecated Will be removed in the next version
      |         [01;36m[K^~~~[m[K
In file included from [01m[K/home/jetson/ros-workspace/src/ouster-ros/ouster-ros/src/os_sensor_node_base.cpp:9[m[K:
[01m[K/home/jetson/ros-workspace/src/ouster-ros/ouster-ros/include/ouster_ros/os_sensor_node_base.h:[m[K In constructor ‘[01m[Kouster_ros::OusterSensorNodeBase::OusterSensorNodeBase(const string&, const rclcpp::NodeOptions&)[m[K’:
[01m[K/home/jetson/ros-workspace/src/ouster-ros/ouster-ros/include/ouster_ros/os_sensor_node_base.h:24:56:[m[K [01;36m[Knote: [m[Ksynthesized method ‘[01m[Kouster::sensor::sensor_info::~sensor_info()[m[K’ first required here
   24 |         : rclcpp_lifecycle::LifecycleNode(name, options[01;36m[K)[m[K {}
      |                                                        [01;36m[K^[m[K
In file included from [01m[K/home/jetson/ros-workspace/src/ouster-ros/ouster-ros/include/ouster_ros/os_sensor_node_base.h:10[m[K,
                 from [01m[K/home/jetson/ros-workspace/src/ouster-ros/ouster-ros/src/os_replay_node.cpp:12[m[K:
[01m[K/home/jetson/ros-workspace/src/ouster-ros/ouster-ros/ouster-sdk/ouster_client/include/ouster/types.h:[m[K In constructor ‘[01m[Kouster::sensor::sensor_info::sensor_info()[m[K’:
[01m[K/home/jetson/ros-workspace/src/ouster-ros/ouster-ros/ouster-sdk/ouster_client/include/ouster/types.h:375:8:[m[K [01;35m[Kwarning: [m[K‘[01m[Kouster::sensor::sensor_info::name[m[K’ is deprecated: Will be removed in the next version [[01;35m[K-Wdeprecated-declarations[m[K]
  375 | struct [01;35m[Ksensor_info[m[K {
      |        [01;35m[K^~~~~~~~~~~[m[K
[01m[K/home/jetson/ros-workspace/src/ouster-ros/ouster-ros/ouster-sdk/ouster_client/include/ouster/types.h:377:9:[m[K [01;36m[Knote: [m[Kdeclared here
  377 |         [01;36m[Kname[m[K;               ///< @deprecated Will be removed in the next version
      |         [01;36m[K^~~~[m[K
[01m[K/home/jetson/ros-workspace/src/ouster-ros/ouster-ros/ouster-sdk/ouster_client/include/ouster/types.h:375:8:[m[K [01;35m[Kwarning: [m[K‘[01m[Kouster::sensor::sensor_info::name[m[K’ is deprecated: Will be removed in the next version [[01;35m[K-Wdeprecated-declarations[m[K]
  375 | struct [01;35m[Ksensor_info[m[K {
      |        [01;35m[K^~~~~~~~~~~[m[K
[01m[K/home/jetson/ros-workspace/src/ouster-ros/ouster-ros/ouster-sdk/ouster_client/include/ouster/types.h:377:9:[m[K [01;36m[Knote: [m[Kdeclared here
  377 |         [01;36m[Kname[m[K;               ///< @deprecated Will be removed in the next version
      |         [01;36m[K^~~~[m[K
[01m[K/home/jetson/ros-workspace/src/ouster-ros/ouster-ros/ouster-sdk/ouster_client/include/ouster/types.h:375:8:[m[K [01;35m[Kwarning: [m[K‘[01m[Kouster::sensor::sensor_info::name[m[K’ is deprecated: Will be removed in the next version [[01;35m[K-Wdeprecated-declarations[m[K]
  375 | struct [01;35m[Ksensor_info[m[K {
      |        [01;35m[K^~~~~~~~~~~[m[K
[01m[K/home/jetson/ros-workspace/src/ouster-ros/ouster-ros/ouster-sdk/ouster_client/include/ouster/types.h:377:9:[m[K [01;36m[Knote: [m[Kdeclared here
  377 |         [01;36m[Kname[m[K;               ///< @deprecated Will be removed in the next version
      |         [01;36m[K^~~~[m[K
[01m[K/home/jetson/ros-workspace/src/ouster-ros/ouster-ros/ouster-sdk/ouster_client/include/ouster/types.h:375:8:[m[K [01;35m[Kwarning: [m[K‘[01m[Kouster::sensor::sensor_info::name[m[K’ is deprecated: Will be removed in the next version [[01;35m[K-Wdeprecated-declarations[m[K]
  375 | struct [01;35m[Ksensor_info[m[K {
      |        [01;35m[K^~~~~~~~~~~[m[K
[01m[K/home/jetson/ros-workspace/src/ouster-ros/ouster-ros/ouster-sdk/ouster_client/include/ouster/types.h:377:9:[m[K [01;36m[Knote: [m[Kdeclared here
  377 |         [01;36m[Kname[m[K;               ///< @deprecated Will be removed in the next version
      |         [01;36m[K^~~~[m[K
In file included from [01m[K/home/jetson/ros-workspace/src/ouster-ros/ouster-ros/src/os_replay_node.cpp:12[m[K:
[01m[K/home/jetson/ros-workspace/src/ouster-ros/ouster-ros/include/ouster_ros/os_sensor_node_base.h:[m[K In constructor ‘[01m[Kouster_ros::OusterSensorNodeBase::OusterSensorNodeBase(const string&, const rclcpp::NodeOptions&)[m[K’:
[01m[K/home/jetson/ros-workspace/src/ouster-ros/ouster-ros/include/ouster_ros/os_sensor_node_base.h:24:56:[m[K [01;36m[Knote: [m[Ksynthesized method ‘[01m[Kouster::sensor::sensor_info::sensor_info()[m[K’ first required here
   24 |         : rclcpp_lifecycle::LifecycleNode(name, options[01;36m[K)[m[K {}
      |                                                        [01;36m[K^[m[K
In file included from [01m[K/home/jetson/ros-workspace/src/ouster-ros/ouster-ros/include/ouster_ros/os_sensor_node_base.h:10[m[K,
                 from [01m[K/home/jetson/ros-workspace/src/ouster-ros/ouster-ros/src/os_replay_node.cpp:12[m[K:
[01m[K/home/jetson/ros-workspace/src/ouster-ros/ouster-ros/ouster-sdk/ouster_client/include/ouster/types.h:[m[K In destructor ‘[01m[Kouster::sensor::sensor_info::~sensor_info()[m[K’:
[01m[K/home/jetson/ros-workspace/src/ouster-ros/ouster-ros/ouster-sdk/ouster_client/include/ouster/types.h:375:8:[m[K [01;35m[Kwarning: [m[K‘[01m[Kouster::sensor::sensor_info::name[m[K’ is deprecated: Will be removed in the next version [[01;35m[K-Wdeprecated-declarations[m[K]
  375 | struct [01;35m[Ksensor_info[m[K {
      |        [01;35m[K^~~~~~~~~~~[m[K
[01m[K/home/jetson/ros-workspace/src/ouster-ros/ouster-ros/ouster-sdk/ouster_client/include/ouster/types.h:377:9:[m[K [01;36m[Knote: [m[Kdeclared here
  377 |         [01;36m[Kname[m[K;               ///< @deprecated Will be removed in the next version
      |         [01;36m[K^~~~[m[K
[01m[K/home/jetson/ros-workspace/src/ouster-ros/ouster-ros/ouster-sdk/ouster_client/include/ouster/types.h:375:8:[m[K [01;35m[Kwarning: [m[K‘[01m[Kouster::sensor::sensor_info::name[m[K’ is deprecated: Will be removed in the next version [[01;35m[K-Wdeprecated-declarations[m[K]
  375 | struct [01;35m[Ksensor_info[m[K {
      |        [01;35m[K^~~~~~~~~~~[m[K
[01m[K/home/jetson/ros-workspace/src/ouster-ros/ouster-ros/ouster-sdk/ouster_client/include/ouster/types.h:377:9:[m[K [01;36m[Knote: [m[Kdeclared here
  377 |         [01;36m[Kname[m[K;               ///< @deprecated Will be removed in the next version
      |         [01;36m[K^~~~[m[K
In file included from [01m[K/home/jetson/ros-workspace/src/ouster-ros/ouster-ros/src/os_replay_node.cpp:12[m[K:
[01m[K/home/jetson/ros-workspace/src/ouster-ros/ouster-ros/include/ouster_ros/os_sensor_node_base.h:[m[K In constructor ‘[01m[Kouster_ros::OusterSensorNodeBase::OusterSensorNodeBase(const string&, const rclcpp::NodeOptions&)[m[K’:
[01m[K/home/jetson/ros-workspace/src/ouster-ros/ouster-ros/include/ouster_ros/os_sensor_node_base.h:24:56:[m[K [01;36m[Knote: [m[Ksynthesized method ‘[01m[Kouster::sensor::sensor_info::~sensor_info()[m[K’ first required here
   24 |         : rclcpp_lifecycle::LifecycleNode(name, options[01;36m[K)[m[K {}
      |                                                        [01;36m[K^[m[K
In file included from [01m[K/home/jetson/ros-workspace/src/ouster-ros/ouster-ros/include/ouster_ros/os_sensor_node_base.h:10[m[K,
                 from [01m[K/home/jetson/ros-workspace/src/ouster-ros/ouster-ros/src/os_sensor_node_base.cpp:9[m[K:
[01m[K/home/jetson/ros-workspace/src/ouster-ros/ouster-ros/ouster-sdk/ouster_client/include/ouster/types.h:[m[K In constructor ‘[01m[Kouster::sensor::sensor_info::sensor_info()[m[K’:
[01m[K/home/jetson/ros-workspace/src/ouster-ros/ouster-ros/ouster-sdk/ouster_client/include/ouster/types.h:375:8:[m[K [01;35m[Kwarning: [m[K‘[01m[Kouster::sensor::sensor_info::name[m[K’ is deprecated: Will be removed in the next version [[01;35m[K-Wdeprecated-declarations[m[K]
  375 | struct [01;35m[Ksensor_info[m[K {
      |        [01;35m[K^~~~~~~~~~~[m[K
[01m[K/home/jetson/ros-workspace/src/ouster-ros/ouster-ros/ouster-sdk/ouster_client/include/ouster/types.h:377:9:[m[K [01;36m[Knote: [m[Kdeclared here
  377 |         [01;36m[Kname[m[K;               ///< @deprecated Will be removed in the next version
      |         [01;36m[K^~~~[m[K
[01m[K/home/jetson/ros-workspace/src/ouster-ros/ouster-ros/ouster-sdk/ouster_client/include/ouster/types.h:375:8:[m[K [01;35m[Kwarning: [m[K‘[01m[Kouster::sensor::sensor_info::name[m[K’ is deprecated: Will be removed in the next version [[01;35m[K-Wdeprecated-declarations[m[K]
  375 | struct [01;35m[Ksensor_info[m[K {
      |        [01;35m[K^~~~~~~~~~~[m[K
[01m[K/home/jetson/ros-workspace/src/ouster-ros/ouster-ros/ouster-sdk/ouster_client/include/ouster/types.h:377:9:[m[K [01;36m[Knote: [m[Kdeclared here
  377 |         [01;36m[Kname[m[K;               ///< @deprecated Will be removed in the next version
      |         [01;36m[K^~~~[m[K
[01m[K/home/jetson/ros-workspace/src/ouster-ros/ouster-ros/ouster-sdk/ouster_client/include/ouster/types.h:375:8:[m[K [01;35m[Kwarning: [m[K‘[01m[Kouster::sensor::sensor_info::name[m[K’ is deprecated: Will be removed in the next version [[01;35m[K-Wdeprecated-declarations[m[K]
  375 | struct [01;35m[Ksensor_info[m[K {
      |        [01;35m[K^~~~~~~~~~~[m[K
[01m[K/home/jetson/ros-workspace/src/ouster-ros/ouster-ros/ouster-sdk/ouster_client/include/ouster/types.h:377:9:[m[K [01;36m[Knote: [m[Kdeclared here
  377 |         [01;36m[Kname[m[K;               ///< @deprecated Will be removed in the next version
      |         [01;36m[K^~~~[m[K
[01m[K/home/jetson/ros-workspace/src/ouster-ros/ouster-ros/ouster-sdk/ouster_client/include/ouster/types.h:375:8:[m[K [01;35m[Kwarning: [m[K‘[01m[Kouster::sensor::sensor_info::name[m[K’ is deprecated: Will be removed in the next version [[01;35m[K-Wdeprecated-declarations[m[K]
  375 | struct [01;35m[Ksensor_info[m[K {
      |        [01;35m[K^~~~~~~~~~~[m[K
[01m[K/home/jetson/ros-workspace/src/ouster-ros/ouster-ros/ouster-sdk/ouster_client/include/ouster/types.h:377:9:[m[K [01;36m[Knote: [m[Kdeclared here
  377 |         [01;36m[Kname[m[K;               ///< @deprecated Will be removed in the next version
      |         [01;36m[K^~~~[m[K
In file included from [01m[K/home/jetson/ros-workspace/src/ouster-ros/ouster-ros/src/os_sensor_node_base.cpp:9[m[K:
[01m[K/home/jetson/ros-workspace/src/ouster-ros/ouster-ros/include/ouster_ros/os_sensor_node_base.h:[m[K In constructor ‘[01m[Kouster_ros::OusterSensorNodeBase::OusterSensorNodeBase(const string&, const rclcpp::NodeOptions&)[m[K’:
[01m[K/home/jetson/ros-workspace/src/ouster-ros/ouster-ros/include/ouster_ros/os_sensor_node_base.h:24:56:[m[K [01;36m[Knote: [m[Ksynthesized method ‘[01m[Kouster::sensor::sensor_info::sensor_info()[m[K’ first required here
   24 |         : rclcpp_lifecycle::LifecycleNode(name, options[01;36m[K)[m[K {}
      |                                                        [01;36m[K^[m[K
In file included from [01m[K/home/jetson/ros-workspace/src/ouster-ros/ouster-ros/include/ouster_ros/os_sensor_node_base.h:10[m[K,
                 from [01m[K/home/jetson/ros-workspace/src/ouster-ros/ouster-ros/src/os_sensor_node_base.cpp:9[m[K:
[01m[K/home/jetson/ros-workspace/src/ouster-ros/ouster-ros/ouster-sdk/ouster_client/include/ouster/types.h:[m[K In destructor ‘[01m[Kouster::sensor::sensor_info::~sensor_info()[m[K’:
[01m[K/home/jetson/ros-workspace/src/ouster-ros/ouster-ros/ouster-sdk/ouster_client/include/ouster/types.h:375:8:[m[K [01;35m[Kwarning: [m[K‘[01m[Kouster::sensor::sensor_info::name[m[K’ is deprecated: Will be removed in the next version [[01;35m[K-Wdeprecated-declarations[m[K]
  375 | struct [01;35m[Ksensor_info[m[K {
      |        [01;35m[K^~~~~~~~~~~[m[K
[01m[K/home/jetson/ros-workspace/src/ouster-ros/ouster-ros/ouster-sdk/ouster_client/include/ouster/types.h:377:9:[m[K [01;36m[Knote: [m[Kdeclared here
  377 |         [01;36m[Kname[m[K;               ///< @deprecated Will be removed in the next version
      |         [01;36m[K^~~~[m[K
[01m[K/home/jetson/ros-workspace/src/ouster-ros/ouster-ros/ouster-sdk/ouster_client/include/ouster/types.h:375:8:[m[K [01;35m[Kwarning: [m[K‘[01m[Kouster::sensor::sensor_info::name[m[K’ is deprecated: Will be removed in the next version [[01;35m[K-Wdeprecated-declarations[m[K]
  375 | struct [01;35m[Ksensor_info[m[K {
      |        [01;35m[K^~~~~~~~~~~[m[K
[01m[K/home/jetson/ros-workspace/src/ouster-ros/ouster-ros/ouster-sdk/ouster_client/include/ouster/types.h:377:9:[m[K [01;36m[Knote: [m[Kdeclared here
  377 |         [01;36m[Kname[m[K;               ///< @deprecated Will be removed in the next version
      |         [01;36m[K^~~~[m[K
In file included from [01m[K/home/jetson/ros-workspace/src/ouster-ros/ouster-ros/src/os_sensor_node_base.cpp:9[m[K:
[01m[K/home/jetson/ros-workspace/src/ouster-ros/ouster-ros/include/ouster_ros/os_sensor_node_base.h:[m[K In constructor ‘[01m[Kouster_ros::OusterSensorNodeBase::OusterSensorNodeBase(const string&, const rclcpp::NodeOptions&)[m[K’:
[01m[K/home/jetson/ros-workspace/src/ouster-ros/ouster-ros/include/ouster_ros/os_sensor_node_base.h:24:56:[m[K [01;36m[Knote: [m[Ksynthesized method ‘[01m[Kouster::sensor::sensor_info::~sensor_info()[m[K’ first required here
   24 |         : rclcpp_lifecycle::LifecycleNode(name, options[01;36m[K)[m[K {}
      |                                                        [01;36m[K^[m[K
In file included from [01m[K/home/jetson/ros-workspace/src/ouster-ros/ouster-ros/ouster-sdk/ouster_client/include/ouster/client.h:15[m[K,
                 from [01m[K/home/jetson/ros-workspace/src/ouster-ros/ouster-ros/include/ouster_ros/os_ros.h:15[m[K,
                 from [01m[K/home/jetson/ros-workspace/src/ouster-ros/ouster-ros/src/os_sensor_node.cpp:12[m[K:
[01m[K/home/jetson/ros-workspace/src/ouster-ros/ouster-ros/ouster-sdk/ouster_client/include/ouster/types.h:[m[K In constructor ‘[01m[Kouster::sensor::sensor_info::sensor_info()[m[K’:
[01m[K/home/jetson/ros-workspace/src/ouster-ros/ouster-ros/ouster-sdk/ouster_client/include/ouster/types.h:375:8:[m[K [01;35m[Kwarning: [m[K‘[01m[Kouster::sensor::sensor_info::name[m[K’ is deprecated: Will be removed in the next version [[01;35m[K-Wdeprecated-declarations[m[K]
  375 | struct [01;35m[Ksensor_info[m[K {
      |        [01;35m[K^~~~~~~~~~~[m[K
[01m[K/home/jetson/ros-workspace/src/ouster-ros/ouster-ros/ouster-sdk/ouster_client/include/ouster/types.h:377:9:[m[K [01;36m[Knote: [m[Kdeclared here
  377 |         [01;36m[Kname[m[K;               ///< @deprecated Will be removed in the next version
      |         [01;36m[K^~~~[m[K
[01m[K/home/jetson/ros-workspace/src/ouster-ros/ouster-ros/ouster-sdk/ouster_client/include/ouster/types.h:375:8:[m[K [01;35m[Kwarning: [m[K‘[01m[Kouster::sensor::sensor_info::name[m[K’ is deprecated: Will be removed in the next version [[01;35m[K-Wdeprecated-declarations[m[K]
  375 | struct [01;35m[Ksensor_info[m[K {
      |        [01;35m[K^~~~~~~~~~~[m[K
[01m[K/home/jetson/ros-workspace/src/ouster-ros/ouster-ros/ouster-sdk/ouster_client/include/ouster/types.h:377:9:[m[K [01;36m[Knote: [m[Kdeclared here
  377 |         [01;36m[Kname[m[K;               ///< @deprecated Will be removed in the next version
      |         [01;36m[K^~~~[m[K
[01m[K/home/jetson/ros-workspace/src/ouster-ros/ouster-ros/ouster-sdk/ouster_client/include/ouster/types.h:375:8:[m[K [01;35m[Kwarning: [m[K‘[01m[Kouster::sensor::sensor_info::name[m[K’ is deprecated: Will be removed in the next version [[01;35m[K-Wdeprecated-declarations[m[K]
  375 | struct [01;35m[Ksensor_info[m[K {
      |        [01;35m[K^~~~~~~~~~~[m[K
[01m[K/home/jetson/ros-workspace/src/ouster-ros/ouster-ros/ouster-sdk/ouster_client/include/ouster/types.h:377:9:[m[K [01;36m[Knote: [m[Kdeclared here
  377 |         [01;36m[Kname[m[K;               ///< @deprecated Will be removed in the next version
      |         [01;36m[K^~~~[m[K
[01m[K/home/jetson/ros-workspace/src/ouster-ros/ouster-ros/ouster-sdk/ouster_client/include/ouster/types.h:375:8:[m[K [01;35m[Kwarning: [m[K‘[01m[Kouster::sensor::sensor_info::name[m[K’ is deprecated: Will be removed in the next version [[01;35m[K-Wdeprecated-declarations[m[K]
  375 | struct [01;35m[Ksensor_info[m[K {
      |        [01;35m[K^~~~~~~~~~~[m[K
[01m[K/home/jetson/ros-workspace/src/ouster-ros/ouster-ros/ouster-sdk/ouster_client/include/ouster/types.h:377:9:[m[K [01;36m[Knote: [m[Kdeclared here
  377 |         [01;36m[Kname[m[K;               ///< @deprecated Will be removed in the next version
      |         [01;36m[K^~~~[m[K
In file included from [01m[K/home/jetson/ros-workspace/src/ouster-ros/ouster-ros/src/os_sensor_node.cpp:28[m[K:
[01m[K/home/jetson/ros-workspace/src/ouster-ros/ouster-ros/include/ouster_ros/os_sensor_node_base.h:[m[K In constructor ‘[01m[Kouster_ros::OusterSensorNodeBase::OusterSensorNodeBase(const string&, const rclcpp::NodeOptions&)[m[K’:
[01m[K/home/jetson/ros-workspace/src/ouster-ros/ouster-ros/include/ouster_ros/os_sensor_node_base.h:24:56:[m[K [01;36m[Knote: [m[Ksynthesized method ‘[01m[Kouster::sensor::sensor_info::sensor_info()[m[K’ first required here
   24 |         : rclcpp_lifecycle::LifecycleNode(name, options[01;36m[K)[m[K {}
      |                                                        [01;36m[K^[m[K
In file included from [01m[K/home/jetson/ros-workspace/src/ouster-ros/ouster-ros/ouster-sdk/ouster_client/include/ouster/client.h:15[m[K,
                 from [01m[K/home/jetson/ros-workspace/src/ouster-ros/ouster-ros/include/ouster_ros/os_ros.h:15[m[K,
                 from [01m[K/home/jetson/ros-workspace/src/ouster-ros/ouster-ros/src/os_sensor_node.cpp:12[m[K:
[01m[K/home/jetson/ros-workspace/src/ouster-ros/ouster-ros/ouster-sdk/ouster_client/include/ouster/types.h:[m[K In destructor ‘[01m[Kouster::sensor::sensor_info::~sensor_info()[m[K’:
[01m[K/home/jetson/ros-workspace/src/ouster-ros/ouster-ros/ouster-sdk/ouster_client/include/ouster/types.h:375:8:[m[K [01;35m[Kwarning: [m[K‘[01m[Kouster::sensor::sensor_info::name[m[K’ is deprecated: Will be removed in the next version [[01;35m[K-Wdeprecated-declarations[m[K]
  375 | struct [01;35m[Ksensor_info[m[K {
      |        [01;35m[K^~~~~~~~~~~[m[K
[01m[K/home/jetson/ros-workspace/src/ouster-ros/ouster-ros/ouster-sdk/ouster_client/include/ouster/types.h:377:9:[m[K [01;36m[Knote: [m[Kdeclared here
  377 |         [01;36m[Kname[m[K;               ///< @deprecated Will be removed in the next version
      |         [01;36m[K^~~~[m[K
[01m[K/home/jetson/ros-workspace/src/ouster-ros/ouster-ros/ouster-sdk/ouster_client/include/ouster/types.h:375:8:[m[K [01;35m[Kwarning: [m[K‘[01m[Kouster::sensor::sensor_info::name[m[K’ is deprecated: Will be removed in the next version [[01;35m[K-Wdeprecated-declarations[m[K]
  375 | struct [01;35m[Ksensor_info[m[K {
      |        [01;35m[K^~~~~~~~~~~[m[K
[01m[K/home/jetson/ros-workspace/src/ouster-ros/ouster-ros/ouster-sdk/ouster_client/include/ouster/types.h:377:9:[m[K [01;36m[Knote: [m[Kdeclared here
  377 |         [01;36m[Kname[m[K;               ///< @deprecated Will be removed in the next version
      |         [01;36m[K^~~~[m[K
In file included from [01m[K/home/jetson/ros-workspace/src/ouster-ros/ouster-ros/src/os_sensor_node.cpp:28[m[K:
[01m[K/home/jetson/ros-workspace/src/ouster-ros/ouster-ros/include/ouster_ros/os_sensor_node_base.h:[m[K In constructor ‘[01m[Kouster_ros::OusterSensorNodeBase::OusterSensorNodeBase(const string&, const rclcpp::NodeOptions&)[m[K’:
[01m[K/home/jetson/ros-workspace/src/ouster-ros/ouster-ros/include/ouster_ros/os_sensor_node_base.h:24:56:[m[K [01;36m[Knote: [m[Ksynthesized method ‘[01m[Kouster::sensor::sensor_info::~sensor_info()[m[K’ first required here
   24 |         : rclcpp_lifecycle::LifecycleNode(name, options[01;36m[K)[m[K {}
      |                                                        [01;36m[K^[m[K
[01m[K/home/jetson/ros-workspace/src/ouster-ros/ouster-ros/src/os_sensor_node.cpp:[m[K In member function ‘[01m[Kvoid ouster_ros::OusterSensor::populate_metadata_defaults(ouster::sensor::sensor_info&, ouster::sensor::lidar_mode)[m[K’:
[01m[K/home/jetson/ros-workspace/src/ouster-ros/ouster-ros/src/os_sensor_node.cpp:632:19:[m[K [01;35m[Kwarning: [m[K‘[01m[Kouster::sensor::sensor_info::name[m[K’ is deprecated: Will be removed in the next version [[01;35m[K-Wdeprecated-declarations[m[K]
  632 |         if (!info.[01;35m[Kname[m[K.size()) info.name = "UNKNOWN";
      |                   [01;35m[K^~~~[m[K
In file included from [01m[K/home/jetson/ros-workspace/src/ouster-ros/ouster-ros/ouster-sdk/ouster_client/include/ouster/client.h:15[m[K,
                 from [01m[K/home/jetson/ros-workspace/src/ouster-ros/ouster-ros/include/ouster_ros/os_ros.h:15[m[K,
                 from [01m[K/home/jetson/ros-workspace/src/ouster-ros/ouster-ros/src/os_sensor_node.cpp:12[m[K:
[01m[K/home/jetson/ros-workspace/src/ouster-ros/ouster-ros/ouster-sdk/ouster_client/include/ouster/types.h:377:9:[m[K [01;36m[Knote: [m[Kdeclared here
  377 |         [01;36m[Kname[m[K;               ///< @deprecated Will be removed in the next version
      |         [01;36m[K^~~~[m[K
[01m[K/home/jetson/ros-workspace/src/ouster-ros/ouster-ros/src/os_sensor_node.cpp:632:19:[m[K [01;35m[Kwarning: [m[K‘[01m[Kouster::sensor::sensor_info::name[m[K’ is deprecated: Will be removed in the next version [[01;35m[K-Wdeprecated-declarations[m[K]
  632 |         if (!info.[01;35m[Kname[m[K.size()) info.name = "UNKNOWN";
      |                   [01;35m[K^~~~[m[K
In file included from [01m[K/home/jetson/ros-workspace/src/ouster-ros/ouster-ros/ouster-sdk/ouster_client/include/ouster/client.h:15[m[K,
                 from [01m[K/home/jetson/ros-workspace/src/ouster-ros/ouster-ros/include/ouster_ros/os_ros.h:15[m[K,
                 from [01m[K/home/jetson/ros-workspace/src/ouster-ros/ouster-ros/src/os_sensor_node.cpp:12[m[K:
[01m[K/home/jetson/ros-workspace/src/ouster-ros/ouster-ros/ouster-sdk/ouster_client/include/ouster/types.h:377:9:[m[K [01;36m[Knote: [m[Kdeclared here
  377 |         [01;36m[Kname[m[K;               ///< @deprecated Will be removed in the next version
      |         [01;36m[K^~~~[m[K
[01m[K/home/jetson/ros-workspace/src/ouster-ros/ouster-ros/src/os_sensor_node.cpp:632:19:[m[K [01;35m[Kwarning: [m[K‘[01m[Kouster::sensor::sensor_info::name[m[K’ is deprecated: Will be removed in the next version [[01;35m[K-Wdeprecated-declarations[m[K]
  632 |         if (!info.[01;35m[Kname[m[K.size()) info.name = "UNKNOWN";
      |                   [01;35m[K^~~~[m[K
In file included from [01m[K/home/jetson/ros-workspace/src/ouster-ros/ouster-ros/ouster-sdk/ouster_client/include/ouster/client.h:15[m[K,
                 from [01m[K/home/jetson/ros-workspace/src/ouster-ros/ouster-ros/include/ouster_ros/os_ros.h:15[m[K,
                 from [01m[K/home/jetson/ros-workspace/src/ouster-ros/ouster-ros/src/os_sensor_node.cpp:12[m[K:
[01m[K/home/jetson/ros-workspace/src/ouster-ros/ouster-ros/ouster-sdk/ouster_client/include/ouster/types.h:377:9:[m[K [01;36m[Knote: [m[Kdeclared here
  377 |         [01;36m[Kname[m[K;               ///< @deprecated Will be removed in the next version
      |         [01;36m[K^~~~[m[K
[01m[K/home/jetson/ros-workspace/src/ouster-ros/ouster-ros/src/os_sensor_node.cpp:632:37:[m[K [01;35m[Kwarning: [m[K‘[01m[Kouster::sensor::sensor_info::name[m[K’ is deprecated: Will be removed in the next version [[01;35m[K-Wdeprecated-declarations[m[K]
  632 |         if (!info.name.size()) info.[01;35m[Kname[m[K = "UNKNOWN";
      |                                     [01;35m[K^~~~[m[K
In file included from [01m[K/home/jetson/ros-workspace/src/ouster-ros/ouster-ros/ouster-sdk/ouster_client/include/ouster/client.h:15[m[K,
                 from [01m[K/home/jetson/ros-workspace/src/ouster-ros/ouster-ros/include/ouster_ros/os_ros.h:15[m[K,
                 from [01m[K/home/jetson/ros-workspace/src/ouster-ros/ouster-ros/src/os_sensor_node.cpp:12[m[K:
[01m[K/home/jetson/ros-workspace/src/ouster-ros/ouster-ros/ouster-sdk/ouster_client/include/ouster/types.h:377:9:[m[K [01;36m[Knote: [m[Kdeclared here
  377 |         [01;36m[Kname[m[K;               ///< @deprecated Will be removed in the next version
      |         [01;36m[K^~~~[m[K
[01m[K/home/jetson/ros-workspace/src/ouster-ros/ouster-ros/src/os_sensor_node.cpp:632:37:[m[K [01;35m[Kwarning: [m[K‘[01m[Kouster::sensor::sensor_info::name[m[K’ is deprecated: Will be removed in the next version [[01;35m[K-Wdeprecated-declarations[m[K]
  632 |         if (!info.name.size()) info.[01;35m[Kname[m[K = "UNKNOWN";
      |                                     [01;35m[K^~~~[m[K
In file included from [01m[K/home/jetson/ros-workspace/src/ouster-ros/ouster-ros/ouster-sdk/ouster_client/include/ouster/client.h:15[m[K,
                 from [01m[K/home/jetson/ros-workspace/src/ouster-ros/ouster-ros/include/ouster_ros/os_ros.h:15[m[K,
                 from [01m[K/home/jetson/ros-workspace/src/ouster-ros/ouster-ros/src/os_sensor_node.cpp:12[m[K:
[01m[K/home/jetson/ros-workspace/src/ouster-ros/ouster-ros/ouster-sdk/ouster_client/include/ouster/types.h:377:9:[m[K [01;36m[Knote: [m[Kdeclared here
  377 |         [01;36m[Kname[m[K;               ///< @deprecated Will be removed in the next version
      |         [01;36m[K^~~~[m[K
[01m[K/home/jetson/ros-workspace/src/ouster-ros/ouster-ros/src/os_sensor_node.cpp:632:37:[m[K [01;35m[Kwarning: [m[K‘[01m[Kouster::sensor::sensor_info::name[m[K’ is deprecated: Will be removed in the next version [[01;35m[K-Wdeprecated-declarations[m[K]
  632 |         if (!info.name.size()) info.[01;35m[Kname[m[K = "UNKNOWN";
      |                                     [01;35m[K^~~~[m[K
In file included from [01m[K/home/jetson/ros-workspace/src/ouster-ros/ouster-ros/ouster-sdk/ouster_client/include/ouster/client.h:15[m[K,
                 from [01m[K/home/jetson/ros-workspace/src/ouster-ros/ouster-ros/include/ouster_ros/os_ros.h:15[m[K,
                 from [01m[K/home/jetson/ros-workspace/src/ouster-ros/ouster-ros/src/os_sensor_node.cpp:12[m[K:
[01m[K/home/jetson/ros-workspace/src/ouster-ros/ouster-ros/ouster-sdk/ouster_client/include/ouster/types.h:377:9:[m[K [01;36m[Knote: [m[Kdeclared here
  377 |         [01;36m[Kname[m[K;               ///< @deprecated Will be removed in the next version
      |         [01;36m[K^~~~[m[K
In file included from [01m[K/home/jetson/ros-workspace/src/ouster-ros/ouster-ros/ouster-sdk/ouster_client/include/ouster/client.h:15[m[K,
                 from [01m[K/home/jetson/ros-workspace/src/ouster-ros/ouster-ros/include/ouster_ros/os_ros.h:15[m[K,
                 from [01m[K/home/jetson/ros-workspace/src/ouster-ros/ouster-ros/src/os_image_node.cpp:17[m[K:
[01m[K/home/jetson/ros-workspace/src/ouster-ros/ouster-ros/ouster-sdk/ouster_client/include/ouster/types.h:[m[K In constructor ‘[01m[Kouster::sensor::sensor_info::sensor_info()[m[K’:
[01m[K/home/jetson/ros-workspace/src/ouster-ros/ouster-ros/ouster-sdk/ouster_client/include/ouster/types.h:375:8:[m[K [01;35m[Kwarning: [m[K‘[01m[Kouster::sensor::sensor_info::name[m[K’ is deprecated: Will be removed in the next version [[01;35m[K-Wdeprecated-declarations[m[K]
  375 | struct [01;35m[Ksensor_info[m[K {
      |        [01;35m[K^~~~~~~~~~~[m[K
[01m[K/home/jetson/ros-workspace/src/ouster-ros/ouster-ros/ouster-sdk/ouster_client/include/ouster/types.h:377:9:[m[K [01;36m[Knote: [m[Kdeclared here
  377 |         [01;36m[Kname[m[K;               ///< @deprecated Will be removed in the next version
      |         [01;36m[K^~~~[m[K
[01m[K/home/jetson/ros-workspace/src/ouster-ros/ouster-ros/ouster-sdk/ouster_client/include/ouster/types.h:375:8:[m[K [01;35m[Kwarning: [m[K‘[01m[Kouster::sensor::sensor_info::name[m[K’ is deprecated: Will be removed in the next version [[01;35m[K-Wdeprecated-declarations[m[K]
  375 | struct [01;35m[Ksensor_info[m[K {
      |        [01;35m[K^~~~~~~~~~~[m[K
[01m[K/home/jetson/ros-workspace/src/ouster-ros/ouster-ros/ouster-sdk/ouster_client/include/ouster/types.h:377:9:[m[K [01;36m[Knote: [m[Kdeclared here
  377 |         [01;36m[Kname[m[K;               ///< @deprecated Will be removed in the next version
      |         [01;36m[K^~~~[m[K
[01m[K/home/jetson/ros-workspace/src/ouster-ros/ouster-ros/ouster-sdk/ouster_client/include/ouster/types.h:375:8:[m[K [01;35m[Kwarning: [m[K‘[01m[Kouster::sensor::sensor_info::name[m[K’ is deprecated: Will be removed in the next version [[01;35m[K-Wdeprecated-declarations[m[K]
  375 | struct [01;35m[Ksensor_info[m[K {
      |        [01;35m[K^~~~~~~~~~~[m[K
[01m[K/home/jetson/ros-workspace/src/ouster-ros/ouster-ros/ouster-sdk/ouster_client/include/ouster/types.h:377:9:[m[K [01;36m[Knote: [m[Kdeclared here
  377 |         [01;36m[Kname[m[K;               ///< @deprecated Will be removed in the next version
      |         [01;36m[K^~~~[m[K
[01m[K/home/jetson/ros-workspace/src/ouster-ros/ouster-ros/ouster-sdk/ouster_client/include/ouster/types.h:375:8:[m[K [01;35m[Kwarning: [m[K‘[01m[Kouster::sensor::sensor_info::name[m[K’ is deprecated: Will be removed in the next version [[01;35m[K-Wdeprecated-declarations[m[K]
  375 | struct [01;35m[Ksensor_info[m[K {
      |        [01;35m[K^~~~~~~~~~~[m[K
[01m[K/home/jetson/ros-workspace/src/ouster-ros/ouster-ros/ouster-sdk/ouster_client/include/ouster/types.h:377:9:[m[K [01;36m[Knote: [m[Kdeclared here
  377 |         [01;36m[Kname[m[K;               ///< @deprecated Will be removed in the next version
      |         [01;36m[K^~~~[m[K
In file included from [01m[K/home/jetson/ros-workspace/src/ouster-ros/ouster-ros/src/os_image_node.cpp:34[m[K:
[01m[K/home/jetson/ros-workspace/src/ouster-ros/ouster-ros/include/ouster_ros/os_processing_node_base.h:[m[K In constructor ‘[01m[Kouster_ros::OusterProcessingNodeBase::OusterProcessingNodeBase(const string&, const rclcpp::NodeOptions&)[m[K’:
[01m[K/home/jetson/ros-workspace/src/ouster-ros/ouster-ros/include/ouster_ros/os_processing_node_base.h:22:37:[m[K [01;36m[Knote: [m[Ksynthesized method ‘[01m[Kouster::sensor::sensor_info::sensor_info()[m[K’ first required here
   22 |         : rclcpp::Node(name, options[01;36m[K)[m[K {}
      |                                     [01;36m[K^[m[K
In file included from [01m[K/home/jetson/ros-workspace/src/ouster-ros/ouster-ros/ouster-sdk/ouster_client/include/ouster/client.h:15[m[K,
                 from [01m[K/home/jetson/ros-workspace/src/ouster-ros/ouster-ros/include/ouster_ros/os_ros.h:15[m[K,
                 from [01m[K/home/jetson/ros-workspace/src/ouster-ros/ouster-ros/src/os_image_node.cpp:17[m[K:
[01m[K/home/jetson/ros-workspace/src/ouster-ros/ouster-ros/ouster-sdk/ouster_client/include/ouster/types.h:[m[K In destructor ‘[01m[Kouster::sensor::sensor_info::~sensor_info()[m[K’:
[01m[K/home/jetson/ros-workspace/src/ouster-ros/ouster-ros/ouster-sdk/ouster_client/include/ouster/types.h:375:8:[m[K [01;35m[Kwarning: [m[K‘[01m[Kouster::sensor::sensor_info::name[m[K’ is deprecated: Will be removed in the next version [[01;35m[K-Wdeprecated-declarations[m[K]
  375 | struct [01;35m[Ksensor_info[m[K {
      |        [01;35m[K^~~~~~~~~~~[m[K
[01m[K/home/jetson/ros-workspace/src/ouster-ros/ouster-ros/ouster-sdk/ouster_client/include/ouster/types.h:377:9:[m[K [01;36m[Knote: [m[Kdeclared here
  377 |         [01;36m[Kname[m[K;               ///< @deprecated Will be removed in the next version
      |         [01;36m[K^~~~[m[K
[01m[K/home/jetson/ros-workspace/src/ouster-ros/ouster-ros/ouster-sdk/ouster_client/include/ouster/types.h:375:8:[m[K [01;35m[Kwarning: [m[K‘[01m[Kouster::sensor::sensor_info::name[m[K’ is deprecated: Will be removed in the next version [[01;35m[K-Wdeprecated-declarations[m[K]
  375 | struct [01;35m[Ksensor_info[m[K {
      |        [01;35m[K^~~~~~~~~~~[m[K
[01m[K/home/jetson/ros-workspace/src/ouster-ros/ouster-ros/ouster-sdk/ouster_client/include/ouster/types.h:377:9:[m[K [01;36m[Knote: [m[Kdeclared here
  377 |         [01;36m[Kname[m[K;               ///< @deprecated Will be removed in the next version
      |         [01;36m[K^~~~[m[K
In file included from [01m[K/home/jetson/ros-workspace/src/ouster-ros/ouster-ros/src/os_image_node.cpp:34[m[K:
[01m[K/home/jetson/ros-workspace/src/ouster-ros/ouster-ros/include/ouster_ros/os_processing_node_base.h:[m[K In constructor ‘[01m[Kouster_ros::OusterProcessingNodeBase::OusterProcessingNodeBase(const string&, const rclcpp::NodeOptions&)[m[K’:
[01m[K/home/jetson/ros-workspace/src/ouster-ros/ouster-ros/include/ouster_ros/os_processing_node_base.h:22:37:[m[K [01;36m[Knote: [m[Ksynthesized method ‘[01m[Kouster::sensor::sensor_info::~sensor_info()[m[K’ first required here
   22 |         : rclcpp::Node(name, options[01;36m[K)[m[K {}
      |                                     [01;36m[K^[m[K
[01m[K/home/jetson/ros-workspace/src/ouster-ros/ouster-ros/src/os_image_node.cpp:[m[K At global scope:
[01m[K/home/jetson/ros-workspace/src/ouster-ros/ouster-ros/src/os_image_node.cpp:60:78:[m[K [01;35m[Kwarning: [m[K‘[01m[Kstd_msgs::msg::String_<std::allocator<void> >::ConstPtr[m[K’ is deprecated [[01;35m[K-Wdeprecated-declarations[m[K]
   60 |     void metadata_handler(const std_msgs::msg::String::ConstPtr& metadata_msg[01;35m[K)[m[K {
      |                                                                              [01;35m[K^[m[K
In file included from [01m[K/opt/ros/foxy/include/std_msgs/msg/string.hpp:7[m[K,
                 from [01m[K/home/jetson/ros-workspace/src/ouster-ros/ouster-ros/include/ouster_ros/os_processing_node_base.h:14[m[K,
                 from [01m[K/home/jetson/ros-workspace/src/ouster-ros/ouster-ros/src/os_image_node.cpp:34[m[K:
[01m[K/opt/ros/foxy/include/std_msgs/msg/detail/string__struct.hpp:104:5:[m[K [01;36m[Knote: [m[Kdeclared here
  104 |     [01;36m[KConstPtr[m[K;
      |     [01;36m[K^~~~~~~~[m[K
In file included from [01m[K/home/jetson/ros-workspace/src/ouster-ros/ouster-ros/ouster-sdk/ouster_client/include/ouster/client.h:15[m[K,
                 from [01m[K/home/jetson/ros-workspace/src/ouster-ros/ouster-ros/include/ouster_ros/os_ros.h:15[m[K,
                 from [01m[K/home/jetson/ros-workspace/src/ouster-ros/ouster-ros/src/os_cloud_node.cpp:12[m[K:
[01m[K/home/jetson/ros-workspace/src/ouster-ros/ouster-ros/ouster-sdk/ouster_client/include/ouster/types.h:[m[K In constructor ‘[01m[Kouster::sensor::sensor_info::sensor_info()[m[K’:
[01m[K/home/jetson/ros-workspace/src/ouster-ros/ouster-ros/ouster-sdk/ouster_client/include/ouster/types.h:375:8:[m[K [01;35m[Kwarning: [m[K‘[01m[Kouster::sensor::sensor_info::name[m[K’ is deprecated: Will be removed in the next version [[01;35m[K-Wdeprecated-declarations[m[K]
  375 | struct [01;35m[Ksensor_info[m[K {
      |        [01;35m[K^~~~~~~~~~~[m[K
[01m[K/home/jetson/ros-workspace/src/ouster-ros/ouster-ros/ouster-sdk/ouster_client/include/ouster/types.h:377:9:[m[K [01;36m[Knote: [m[Kdeclared here
  377 |         [01;36m[Kname[m[K;               ///< @deprecated Will be removed in the next version
      |         [01;36m[K^~~~[m[K
[01m[K/home/jetson/ros-workspace/src/ouster-ros/ouster-ros/ouster-sdk/ouster_client/include/ouster/types.h:375:8:[m[K [01;35m[Kwarning: [m[K‘[01m[Kouster::sensor::sensor_info::name[m[K’ is deprecated: Will be removed in the next version [[01;35m[K-Wdeprecated-declarations[m[K]
  375 | struct [01;35m[Ksensor_info[m[K {
      |        [01;35m[K^~~~~~~~~~~[m[K
[01m[K/home/jetson/ros-workspace/src/ouster-ros/ouster-ros/ouster-sdk/ouster_client/include/ouster/types.h:377:9:[m[K [01;36m[Knote: [m[Kdeclared here
  377 |         [01;36m[Kname[m[K;               ///< @deprecated Will be removed in the next version
      |         [01;36m[K^~~~[m[K
[01m[K/home/jetson/ros-workspace/src/ouster-ros/ouster-ros/ouster-sdk/ouster_client/include/ouster/types.h:375:8:[m[K [01;35m[Kwarning: [m[K‘[01m[Kouster::sensor::sensor_info::name[m[K’ is deprecated: Will be removed in the next version [[01;35m[K-Wdeprecated-declarations[m[K]
  375 | struct [01;35m[Ksensor_info[m[K {
      |        [01;35m[K^~~~~~~~~~~[m[K
[01m[K/home/jetson/ros-workspace/src/ouster-ros/ouster-ros/ouster-sdk/ouster_client/include/ouster/types.h:377:9:[m[K [01;36m[Knote: [m[Kdeclared here
  377 |         [01;36m[Kname[m[K;               ///< @deprecated Will be removed in the next version
      |         [01;36m[K^~~~[m[K
[01m[K/home/jetson/ros-workspace/src/ouster-ros/ouster-ros/ouster-sdk/ouster_client/include/ouster/types.h:375:8:[m[K [01;35m[Kwarning: [m[K‘[01m[Kouster::sensor::sensor_info::name[m[K’ is deprecated: Will be removed in the next version [[01;35m[K-Wdeprecated-declarations[m[K]
  375 | struct [01;35m[Ksensor_info[m[K {
      |        [01;35m[K^~~~~~~~~~~[m[K
[01m[K/home/jetson/ros-workspace/src/ouster-ros/ouster-ros/ouster-sdk/ouster_client/include/ouster/types.h:377:9:[m[K [01;36m[Knote: [m[Kdeclared here
  377 |         [01;36m[Kname[m[K;               ///< @deprecated Will be removed in the next version
      |         [01;36m[K^~~~[m[K
In file included from [01m[K/home/jetson/ros-workspace/src/ouster-ros/ouster-ros/src/os_cloud_node.cpp:27[m[K:
[01m[K/home/jetson/ros-workspace/src/ouster-ros/ouster-ros/include/ouster_ros/os_processing_node_base.h:[m[K In constructor ‘[01m[Kouster_ros::OusterProcessingNodeBase::OusterProcessingNodeBase(const string&, const rclcpp::NodeOptions&)[m[K’:
[01m[K/home/jetson/ros-workspace/src/ouster-ros/ouster-ros/include/ouster_ros/os_processing_node_base.h:22:37:[m[K [01;36m[Knote: [m[Ksynthesized method ‘[01m[Kouster::sensor::sensor_info::sensor_info()[m[K’ first required here
   22 |         : rclcpp::Node(name, options[01;36m[K)[m[K {}
      |                                     [01;36m[K^[m[K
In file included from [01m[K/home/jetson/ros-workspace/src/ouster-ros/ouster-ros/ouster-sdk/ouster_client/include/ouster/client.h:15[m[K,
                 from [01m[K/home/jetson/ros-workspace/src/ouster-ros/ouster-ros/include/ouster_ros/os_ros.h:15[m[K,
                 from [01m[K/home/jetson/ros-workspace/src/ouster-ros/ouster-ros/src/os_cloud_node.cpp:12[m[K:
[01m[K/home/jetson/ros-workspace/src/ouster-ros/ouster-ros/ouster-sdk/ouster_client/include/ouster/types.h:[m[K In destructor ‘[01m[Kouster::sensor::sensor_info::~sensor_info()[m[K’:
[01m[K/home/jetson/ros-workspace/src/ouster-ros/ouster-ros/ouster-sdk/ouster_client/include/ouster/types.h:375:8:[m[K [01;35m[Kwarning: [m[K‘[01m[Kouster::sensor::sensor_info::name[m[K’ is deprecated: Will be removed in the next version [[01;35m[K-Wdeprecated-declarations[m[K]
  375 | struct [01;35m[Ksensor_info[m[K {
      |        [01;35m[K^~~~~~~~~~~[m[K
[01m[K/home/jetson/ros-workspace/src/ouster-ros/ouster-ros/ouster-sdk/ouster_client/include/ouster/types.h:377:9:[m[K [01;36m[Knote: [m[Kdeclared here
  377 |         [01;36m[Kname[m[K;               ///< @deprecated Will be removed in the next version
      |         [01;36m[K^~~~[m[K
[01m[K/home/jetson/ros-workspace/src/ouster-ros/ouster-ros/ouster-sdk/ouster_client/include/ouster/types.h:375:8:[m[K [01;35m[Kwarning: [m[K‘[01m[Kouster::sensor::sensor_info::name[m[K’ is deprecated: Will be removed in the next version [[01;35m[K-Wdeprecated-declarations[m[K]
  375 | struct [01;35m[Ksensor_info[m[K {
      |        [01;35m[K^~~~~~~~~~~[m[K
[01m[K/home/jetson/ros-workspace/src/ouster-ros/ouster-ros/ouster-sdk/ouster_client/include/ouster/types.h:377:9:[m[K [01;36m[Knote: [m[Kdeclared here
  377 |         [01;36m[Kname[m[K;               ///< @deprecated Will be removed in the next version
      |         [01;36m[K^~~~[m[K
In file included from [01m[K/home/jetson/ros-workspace/src/ouster-ros/ouster-ros/src/os_cloud_node.cpp:27[m[K:
[01m[K/home/jetson/ros-workspace/src/ouster-ros/ouster-ros/include/ouster_ros/os_processing_node_base.h:[m[K In constructor ‘[01m[Kouster_ros::OusterProcessingNodeBase::OusterProcessingNodeBase(const string&, const rclcpp::NodeOptions&)[m[K’:
[01m[K/home/jetson/ros-workspace/src/ouster-ros/ouster-ros/include/ouster_ros/os_processing_node_base.h:22:37:[m[K [01;36m[Knote: [m[Ksynthesized method ‘[01m[Kouster::sensor::sensor_info::~sensor_info()[m[K’ first required here
   22 |         : rclcpp::Node(name, options[01;36m[K)[m[K {}
      |                                     [01;36m[K^[m[K
[01m[K/home/jetson/ros-workspace/src/ouster-ros/ouster-ros/src/os_cloud_node.cpp:[m[K At global scope:
[01m[K/home/jetson/ros-workspace/src/ouster-ros/ouster-ros/src/os_cloud_node.cpp:279:69:[m[K [01;35m[Kwarning: [m[K‘[01m[Kouster_msgs::msg::PacketMsg_<std::allocator<void> >::ConstPtr[m[K’ is deprecated [[01;35m[K-Wdeprecated-declarations[m[K]
  279 |     void lidar_handler_sensor_time(const PacketMsg::ConstPtr& packet[01;35m[K)[m[K {
      |                                                                     [01;35m[K^[m[K
In file included from [01m[K/home/jetson/ros-workspace/install/ouster_msgs/include/ouster_msgs/msg/packet_msg.hpp:7[m[K,
                 from [01m[K/home/jetson/ros-workspace/src/ouster-ros/ouster-ros/include/ouster_ros/os_ros.h:27[m[K,
                 from [01m[K/home/jetson/ros-workspace/src/ouster-ros/ouster-ros/src/os_cloud_node.cpp:12[m[K:
[01m[K/home/jetson/ros-workspace/install/ouster_msgs/include/ouster_msgs/msg/detail/packet_msg__struct.hpp:96:5:[m[K [01;36m[Knote: [m[Kdeclared here
   96 |     [01;36m[KConstPtr[m[K;
      |     [01;36m[K^~~~~~~~[m[K
[01m[K/home/jetson/ros-workspace/src/ouster-ros/ouster-ros/src/os_cloud_node.cpp:299:66:[m[K [01;35m[Kwarning: [m[K‘[01m[Kouster_msgs::msg::PacketMsg_<std::allocator<void> >::ConstPtr[m[K’ is deprecated [[01;35m[K-Wdeprecated-declarations[m[K]
  299 |     void lidar_handler_ros_time(const PacketMsg::ConstPtr& packet[01;35m[K)[m[K {
      |                                                                  [01;35m[K^[m[K
In file included from [01m[K/home/jetson/ros-workspace/install/ouster_msgs/include/ouster_msgs/msg/packet_msg.hpp:7[m[K,
                 from [01m[K/home/jetson/ros-workspace/src/ouster-ros/ouster-ros/include/ouster_ros/os_ros.h:27[m[K,
                 from [01m[K/home/jetson/ros-workspace/src/ouster-ros/ouster-ros/src/os_cloud_node.cpp:12[m[K:
[01m[K/home/jetson/ros-workspace/install/ouster_msgs/include/ouster_msgs/msg/detail/packet_msg__struct.hpp:96:5:[m[K [01;36m[Knote: [m[Kdeclared here
   96 |     [01;36m[KConstPtr[m[K;
      |     [01;36m[K^~~~~~~~[m[K
In file included from [01m[K/home/jetson/ros-workspace/src/ouster-ros/ouster-ros/ouster-sdk/ouster_client/include/ouster/client.h:15[m[K,
                 from [01m[K/home/jetson/ros-workspace/src/ouster-ros/ouster-ros/include/ouster_ros/os_ros.h:15[m[K,
                 from [01m[K/home/jetson/ros-workspace/src/ouster-ros/ouster-ros/src/os_cloud_node.cpp:12[m[K:
[01m[K/home/jetson/ros-workspace/src/ouster-ros/ouster-ros/ouster-sdk/ouster_client/include/ouster/types.h:[m[K In copy constructor ‘[01m[Kouster::sensor::packet_format::packet_format(const ouster::sensor::packet_format&)[m[K’:
[01m[K/home/jetson/ros-workspace/src/ouster-ros/ouster-ros/ouster-sdk/ouster_client/include/ouster/types.h:830:7:[m[K [01;35m[Kwarning: [m[K‘[01m[Kouster::sensor::packet_format::encoder_ticks_per_rev[m[K’ is deprecated [[01;35m[K-Wdeprecated-declarations[m[K]
  830 | class [01;35m[Kpacket_format[m[K final {
      |       [01;35m[K^~~~~~~~~~~~~[m[K
[01m[K/home/jetson/ros-workspace/src/ouster-ros/ouster-ros/ouster-sdk/ouster_client/include/ouster/types.h:854:30:[m[K [01;36m[Knote: [m[Kdeclared here
  854 |     [[deprecated]] const int [01;36m[Kencoder_ticks_per_rev[m[K;  ///< @deprecated
      |                              [01;36m[K^~~~~~~~~~~~~~~~~~~~~[m[K
[01m[K/home/jetson/ros-workspace/src/ouster-ros/ouster-ros/ouster-sdk/ouster_client/include/ouster/types.h:830:7:[m[K [01;35m[Kwarning: [m[K‘[01m[Kouster::sensor::packet_format::encoder_ticks_per_rev[m[K’ is deprecated [[01;35m[K-Wdeprecated-declarations[m[K]
  830 | class [01;35m[Kpacket_format[m[K final {
      |       [01;35m[K^~~~~~~~~~~~~[m[K
[01m[K/home/jetson/ros-workspace/src/ouster-ros/ouster-ros/ouster-sdk/ouster_client/include/ouster/types.h:854:30:[m[K [01;36m[Knote: [m[Kdeclared here
  854 |     [[deprecated]] const int [01;36m[Kencoder_ticks_per_rev[m[K;  ///< @deprecated
      |                              [01;36m[K^~~~~~~~~~~~~~~~~~~~~[m[K
[01m[K/home/jetson/ros-workspace/src/ouster-ros/ouster-ros/src/os_cloud_node.cpp:[m[K In member function ‘[01m[Kvoid ouster_ros::OusterCloud::imu_handler(ouster_msgs::msg::PacketMsg_<std::allocator<void> >::ConstSharedPtr)[m[K’:
[01m[K/home/jetson/ros-workspace/src/ouster-ros/ouster-ros/src/os_cloud_node.cpp:317:42:[m[K [01;36m[Knote: [m[Ksynthesized method ‘[01m[Kouster::sensor::packet_format::packet_format(const ouster::sensor::packet_format&)[m[K’ first required here
  317 |         auto pf = sensor::get_format(info[01;36m[K)[m[K;
      |                                          [01;36m[K^[m[K
[ 85%] [32m[1mLinking CXX shared library libos_replay_component.so[0m
[ 85%] Built target os_replay_component
[ 88%] [32m[1mLinking CXX shared library libos_sensor_component.so[0m
[ 88%] Built target os_sensor_component
[ 91%] [32m[1mLinking CXX shared library libos_image_component.so[0m
[ 94%] Built target os_image_component
[ 97%] [32m[1mLinking CXX shared library libos_cloud_component.so[0m
[100%] Built target os_cloud_component
-- Install configuration: "Release"
-- Execute custom install script
-- Up-to-date symlink: /home/jetson/ros-workspace/install/ouster_ros/include/ouster/impl/build.h
-- Up-to-date symlink: /home/jetson/ros-workspace/install/ouster_ros/include/ouster/buffered_udp_source.h
-- Up-to-date symlink: /home/jetson/ros-workspace/install/ouster_ros/include/ouster/client.h
-- Up-to-date symlink: /home/jetson/ros-workspace/install/ouster_ros/include/ouster/image_processing.h
-- Up-to-date symlink: /home/jetson/ros-workspace/install/ouster_ros/include/ouster/impl/cartesian.h
-- Up-to-date symlink: /home/jetson/ros-workspace/install/ouster_ros/include/ouster/impl/lidar_scan_impl.h
-- Up-to-date symlink: /home/jetson/ros-workspace/install/ouster_ros/include/ouster/lidar_scan.h
-- Up-to-date symlink: /home/jetson/ros-workspace/install/ouster_ros/include/ouster/sensor_http.h
-- Up-to-date symlink: /home/jetson/ros-workspace/install/ouster_ros/include/ouster/types.h
-- Up-to-date symlink: /home/jetson/ros-workspace/install/ouster_ros/include/ouster/version.h
-- Up-to-date symlink: /home/jetson/ros-workspace/install/ouster_ros/include/optional-lite/nonstd/optional.hpp
-- Up-to-date symlink: /home/jetson/ros-workspace/install/ouster_ros/lib/cmake/OusterSDK/OusterSDKConfig.cmake
-- Up-to-date symlink: /home/jetson/ros-workspace/install/ouster_ros/lib/cmake/OusterSDK/OusterSDKConfigVersion.cmake
-- Up-to-date symlink: /home/jetson/ros-workspace/install/ouster_ros/share/LICENSE
-- Up-to-date symlink: /home/jetson/ros-workspace/install/ouster_ros/share/LICENSE-bin
-- Up-to-date symlink: /home/jetson/ros-workspace/install/ouster_ros/lib/ouster_ros/os_sensor
-- Up-to-date symlink: /home/jetson/ros-workspace/install/ouster_ros/lib/ouster_ros/os_replay
-- Up-to-date symlink: /home/jetson/ros-workspace/install/ouster_ros/lib/ouster_ros/os_cloud
-- Up-to-date symlink: /home/jetson/ros-workspace/install/ouster_ros/lib/ouster_ros/os_image
-- Up-to-date symlink: /home/jetson/ros-workspace/install/ouster_ros/lib/libouster_ros_library.so
-- Up-to-date symlink: /home/jetson/ros-workspace/install/ouster_ros/lib/libos_sensor_component.so
-- Up-to-date symlink: /home/jetson/ros-workspace/install/ouster_ros/lib/libos_replay_component.so
-- Up-to-date symlink: /home/jetson/ros-workspace/install/ouster_ros/lib/libos_cloud_component.so
-- Up-to-date symlink: /home/jetson/ros-workspace/install/ouster_ros/lib/libos_image_component.so
-- Up-to-date symlink: /home/jetson/ros-workspace/install/ouster_ros/include/ouster_ros/include/ouster_ros/os_point.h
-- Up-to-date symlink: /home/jetson/ros-workspace/install/ouster_ros/include/ouster_ros/include/ouster_ros/os_processing_node_base.h
-- Up-to-date symlink: /home/jetson/ros-workspace/install/ouster_ros/include/ouster_ros/include/ouster_ros/os_ros.h
-- Up-to-date symlink: /home/jetson/ros-workspace/install/ouster_ros/include/ouster_ros/include/ouster_ros/os_sensor_node_base.h
-- Up-to-date symlink: /home/jetson/ros-workspace/install/ouster_ros/include/ouster_ros/include/ouster_ros/visibility_control.h
-- Up-to-date symlink: /home/jetson/ros-workspace/install/ouster_ros/include/ouster_ros/include/optional-lite/nonstd/optional.hpp
-- Up-to-date symlink: /home/jetson/ros-workspace/install/ouster_ros/include/ouster_ros/include/ouster/buffered_udp_source.h
-- Up-to-date symlink: /home/jetson/ros-workspace/install/ouster_ros/include/ouster_ros/include/ouster/client.h
-- Up-to-date symlink: /home/jetson/ros-workspace/install/ouster_ros/include/ouster_ros/include/ouster/image_processing.h
-- Up-to-date symlink: /home/jetson/ros-workspace/install/ouster_ros/include/ouster_ros/include/ouster/impl/cartesian.h
-- Up-to-date symlink: /home/jetson/ros-workspace/install/ouster_ros/include/ouster_ros/include/ouster/impl/lidar_scan_impl.h
-- Up-to-date symlink: /home/jetson/ros-workspace/install/ouster_ros/include/ouster_ros/include/ouster/lidar_scan.h
-- Up-to-date symlink: /home/jetson/ros-workspace/install/ouster_ros/include/ouster_ros/include/ouster/sensor_http.h
-- Up-to-date symlink: /home/jetson/ros-workspace/install/ouster_ros/include/ouster_ros/include/ouster/types.h
-- Up-to-date symlink: /home/jetson/ros-workspace/install/ouster_ros/include/ouster_ros/include/ouster/version.h
-- Up-to-date symlink: /home/jetson/ros-workspace/install/ouster_ros/include/ouster_ros/optional-lite/nonstd/optional.hpp
-- Up-to-date symlink: /home/jetson/ros-workspace/install/ouster_ros/share/ouster_ros/LICENSE
-- Up-to-date symlink: /home/jetson/ros-workspace/install/ouster_ros/share/ouster_ros/launch/record.independent.launch.xml
-- Up-to-date symlink: /home/jetson/ros-workspace/install/ouster_ros/share/ouster_ros/launch/record.launch.xml
-- Up-to-date symlink: /home/jetson/ros-workspace/install/ouster_ros/share/ouster_ros/launch/replay.independent.launch.xml
-- Up-to-date symlink: /home/jetson/ros-workspace/install/ouster_ros/share/ouster_ros/launch/replay.launch.xml
-- Up-to-date symlink: /home/jetson/ros-workspace/install/ouster_ros/share/ouster_ros/launch/rviz.launch.py
-- Up-to-date symlink: /home/jetson/ros-workspace/install/ouster_ros/share/ouster_ros/launch/rviz.launch.xml
-- Up-to-date symlink: /home/jetson/ros-workspace/install/ouster_ros/share/ouster_ros/launch/sensor.composite.launch.py
-- Up-to-date symlink: /home/jetson/ros-workspace/install/ouster_ros/share/ouster_ros/launch/sensor.composite.launch.xml
-- Up-to-date symlink: /home/jetson/ros-workspace/install/ouster_ros/share/ouster_ros/launch/sensor.independent.launch.py
-- Up-to-date symlink: /home/jetson/ros-workspace/install/ouster_ros/share/ouster_ros/launch/sensor.independent.launch.xml
-- Up-to-date symlink: /home/jetson/ros-workspace/install/ouster_ros/share/ouster_ros/launch/sensor.launch.xml
-- Up-to-date symlink: /home/jetson/ros-workspace/install/ouster_ros/share/ouster_ros/launch/sensor_mtp.launch.xml
-- Up-to-date symlink: /home/jetson/ros-workspace/install/ouster_ros/share/ouster_ros/config/metadata-qos-override.yaml
-- Up-to-date symlink: /home/jetson/ros-workspace/install/ouster_ros/share/ouster_ros/config/parameters.yaml
-- Up-to-date symlink: /home/jetson/ros-workspace/install/ouster_ros/share/ouster_ros/config/viz.rviz
-- Up-to-date symlink: /home/jetson/ros-workspace/install/ouster_ros/share/ouster_ros/environment/library_path.sh
-- Up-to-date symlink: /home/jetson/ros-workspace/install/ouster_ros/share/ouster_ros/environment/library_path.dsv
-- Up-to-date symlink: /home/jetson/ros-workspace/install/ouster_ros/share/ament_index/resource_index/package_run_dependencies/ouster_ros
-- Up-to-date symlink: /home/jetson/ros-workspace/install/ouster_ros/share/ament_index/resource_index/parent_prefix_path/ouster_ros
-- Up-to-date symlink: /home/jetson/ros-workspace/install/ouster_ros/share/ouster_ros/environment/ament_prefix_path.sh
-- Up-to-date symlink: /home/jetson/ros-workspace/install/ouster_ros/share/ouster_ros/environment/ament_prefix_path.dsv
-- Up-to-date symlink: /home/jetson/ros-workspace/install/ouster_ros/share/ouster_ros/environment/path.sh
-- Up-to-date symlink: /home/jetson/ros-workspace/install/ouster_ros/share/ouster_ros/environment/path.dsv
-- Up-to-date symlink: /home/jetson/ros-workspace/install/ouster_ros/share/ouster_ros/local_setup.bash
-- Up-to-date symlink: /home/jetson/ros-workspace/install/ouster_ros/share/ouster_ros/local_setup.sh
-- Up-to-date symlink: /home/jetson/ros-workspace/install/ouster_ros/share/ouster_ros/local_setup.zsh
-- Up-to-date symlink: /home/jetson/ros-workspace/install/ouster_ros/share/ouster_ros/local_setup.dsv
-- Symlinking: /home/jetson/ros-workspace/install/ouster_ros/share/ouster_ros/package.dsv
-- Up-to-date symlink: /home/jetson/ros-workspace/install/ouster_ros/share/ament_index/resource_index/packages/ouster_ros
-- Up-to-date symlink: /home/jetson/ros-workspace/install/ouster_ros/share/ament_index/resource_index/rclcpp_components/ouster_ros
-- Up-to-date symlink: /home/jetson/ros-workspace/install/ouster_ros/share/ouster_ros/cmake/ament_cmake_export_include_directories-extras.cmake
-- Up-to-date symlink: /home/jetson/ros-workspace/install/ouster_ros/share/ouster_ros/cmake/ament_cmake_export_dependencies-extras.cmake
-- Up-to-date symlink: /home/jetson/ros-workspace/install/ouster_ros/share/ouster_ros/cmake/ament_cmake_export_libraries-extras.cmake
-- Up-to-date symlink: /home/jetson/ros-workspace/install/ouster_ros/share/ouster_ros/cmake/ouster_rosConfig.cmake
-- Up-to-date symlink: /home/jetson/ros-workspace/install/ouster_ros/share/ouster_ros/cmake/ouster_rosConfig-version.cmake
-- Up-to-date symlink: /home/jetson/ros-workspace/install/ouster_ros/share/ouster_ros/package.xml
