[0.142s] Invoking command in '/home/jetson/ros-workspace/build/ouster_ros': CMAKE_PREFIX_PATH=/home/jetson/ros-workspace/install/ouster_srvs:/home/jetson/ros-workspace/install/ouster_msgs:/home/jetson/ros-workspace/install/ros2_esp32:/home/jetson/ros-workspace/install/pointcloud_to_laserscan:/home/jetson/ros-workspace/install/ouster_ros:/home/jetson/ros-workspace/install/navigation:/home/jetson/ros-workspace/install/micro_ros_setup:/opt/ros/foxy LD_LIBRARY_PATH=/home/jetson/ros-workspace/install/ouster_srvs/lib:/home/jetson/ros-workspace/install/ouster_msgs/lib:/home/jetson/ros-workspace/install/pointcloud_to_laserscan/lib:/home/jetson/ros-workspace/install/ouster_ros/lib:/opt/ros/foxy/opt/yaml_cpp_vendor/lib:/opt/ros/foxy/opt/rviz_ogre_vendor/lib:/opt/ros/foxy/lib/aarch64-linux-gnu:/opt/ros/foxy/lib:/usr/local/cuda-11.4/lib64 /usr/bin/cmake --build /home/jetson/ros-workspace/build/ouster_ros -- -j6 -l6
[0.473s] [34m[1mGenerating build info header[0m
[0.534s] [  5%] Built target os_replay
[0.535s] [ 11%] Built target os_sensor
[0.545s] [ 23%] Built target os_image
[0.546s] [ 23%] Built target os_cloud
[0.640s] [ 23%] Built target ouster_generate_header
[0.815s] [ 58%] Built target ouster_client
[1.024s] [ 61%] [32mBuilding CXX object CMakeFiles/ouster_ros_library.dir/src/os_ros.cpp.o[0m
[51.365s] [ 64%] [32m[1mLinking CXX shared library libouster_ros_library.so[0m
[52.480s] [ 64%] Built target ouster_ros_library
[52.584s] [35m[1mScanning dependencies of target os_image_component[0m
[52.584s] [35m[1mScanning dependencies of target os_cloud_component[0m
[52.591s] [35m[1mScanning dependencies of target os_replay_component[0m
[52.592s] [35m[1mScanning dependencies of target os_sensor_component[0m
[52.998s] [ 67%] [32mBuilding CXX object CMakeFiles/os_replay_component.dir/src/os_replay_node.cpp.o[0m
[53.004s] [ 70%] [32mBuilding CXX object CMakeFiles/os_replay_component.dir/src/os_sensor_node_base.cpp.o[0m
[53.026s] [ 73%] [32mBuilding CXX object CMakeFiles/os_cloud_component.dir/src/os_cloud_node.cpp.o[0m
[53.045s] [ 76%] [32mBuilding CXX object CMakeFiles/os_sensor_component.dir/src/os_sensor_node_base.cpp.o[0m
[53.049s] [ 79%] [32mBuilding CXX object CMakeFiles/os_image_component.dir/src/os_image_node.cpp.o[0m
[53.097s] [ 82%] [32mBuilding CXX object CMakeFiles/os_sensor_component.dir/src/os_sensor_node.cpp.o[0m
[67.058s] In file included from [01m[K/home/jetson/ros-workspace/src/ouster-ros/ouster-ros/include/ouster_ros/os_sensor_node_base.h:10[m[K,
[67.059s]                  from [01m[K/home/jetson/ros-workspace/src/ouster-ros/ouster-ros/src/os_sensor_node_base.cpp:9[m[K:
[67.059s] [01m[K/home/jetson/ros-workspace/src/ouster-ros/ouster-ros/ouster-sdk/ouster_client/include/ouster/types.h:[m[K In constructor ‘[01m[Kouster::sensor::sensor_info::sensor_info()[m[K’:
[67.060s] [01m[K/home/jetson/ros-workspace/src/ouster-ros/ouster-ros/ouster-sdk/ouster_client/include/ouster/types.h:375:8:[m[K [01;35m[Kwarning: [m[K‘[01m[Kouster::sensor::sensor_info::name[m[K’ is deprecated: Will be removed in the next version [[01;35m[K-Wdeprecated-declarations[m[K]
[67.061s]   375 | struct [01;35m[Ksensor_info[m[K {
[67.061s]       |        [01;35m[K^~~~~~~~~~~[m[K
[67.062s] [01m[K/home/jetson/ros-workspace/src/ouster-ros/ouster-ros/ouster-sdk/ouster_client/include/ouster/types.h:377:9:[m[K [01;36m[Knote: [m[Kdeclared here
[67.062s]   377 |         [01;36m[Kname[m[K;               ///< @deprecated Will be removed in the next version
[67.064s]       |         [01;36m[K^~~~[m[K
[67.078s] [01m[K/home/jetson/ros-workspace/src/ouster-ros/ouster-ros/ouster-sdk/ouster_client/include/ouster/types.h:375:8:[m[K [01;35m[Kwarning: [m[K‘[01m[Kouster::sensor::sensor_info::name[m[K’ is deprecated: Will be removed in the next version [[01;35m[K-Wdeprecated-declarations[m[K]
[67.079s]   375 | struct [01;35m[Ksensor_info[m[K {
[67.080s]       |        [01;35m[K^~~~~~~~~~~[m[K
[67.080s] [01m[K/home/jetson/ros-workspace/src/ouster-ros/ouster-ros/ouster-sdk/ouster_client/include/ouster/types.h:377:9:[m[K [01;36m[Knote: [m[Kdeclared here
[67.081s]   377 |         [01;36m[Kname[m[K;               ///< @deprecated Will be removed in the next version
[67.081s]       |         [01;36m[K^~~~[m[K
[67.082s] [01m[K/home/jetson/ros-workspace/src/ouster-ros/ouster-ros/ouster-sdk/ouster_client/include/ouster/types.h:375:8:[m[K [01;35m[Kwarning: [m[K‘[01m[Kouster::sensor::sensor_info::name[m[K’ is deprecated: Will be removed in the next version [[01;35m[K-Wdeprecated-declarations[m[K]
[67.082s]   375 | struct [01;35m[Ksensor_info[m[K {
[67.083s]       |        [01;35m[K^~~~~~~~~~~[m[K
[67.083s] [01m[K/home/jetson/ros-workspace/src/ouster-ros/ouster-ros/ouster-sdk/ouster_client/include/ouster/types.h:377:9:[m[K [01;36m[Knote: [m[Kdeclared here
[67.083s]   377 |         [01;36m[Kname[m[K;               ///< @deprecated Will be removed in the next version
[67.084s]       |         [01;36m[K^~~~[m[K
[67.085s] [01m[K/home/jetson/ros-workspace/src/ouster-ros/ouster-ros/ouster-sdk/ouster_client/include/ouster/types.h:375:8:[m[K [01;35m[Kwarning: [m[K‘[01m[Kouster::sensor::sensor_info::name[m[K’ is deprecated: Will be removed in the next version [[01;35m[K-Wdeprecated-declarations[m[K]
[67.085s]   375 | struct [01;35m[Ksensor_info[m[K {
[67.085s]       |        [01;35m[K^~~~~~~~~~~[m[K
[67.086s] [01m[K/home/jetson/ros-workspace/src/ouster-ros/ouster-ros/ouster-sdk/ouster_client/include/ouster/types.h:377:9:[m[K [01;36m[Knote: [m[Kdeclared here
[67.086s]   377 |         [01;36m[Kname[m[K;               ///< @deprecated Will be removed in the next version
[67.087s]       |         [01;36m[K^~~~[m[K
[67.087s] In file included from [01m[K/home/jetson/ros-workspace/src/ouster-ros/ouster-ros/src/os_sensor_node_base.cpp:9[m[K:
[67.087s] [01m[K/home/jetson/ros-workspace/src/ouster-ros/ouster-ros/include/ouster_ros/os_sensor_node_base.h:[m[K In constructor ‘[01m[Kouster_ros::OusterSensorNodeBase::OusterSensorNodeBase(const string&, const rclcpp::NodeOptions&)[m[K’:
[67.088s] [01m[K/home/jetson/ros-workspace/src/ouster-ros/ouster-ros/include/ouster_ros/os_sensor_node_base.h:24:56:[m[K [01;36m[Knote: [m[Ksynthesized method ‘[01m[Kouster::sensor::sensor_info::sensor_info()[m[K’ first required here
[67.088s]    24 |         : rclcpp_lifecycle::LifecycleNode(name, options[01;36m[K)[m[K {}
[67.089s]       |                                                        [01;36m[K^[m[K
[67.089s] In file included from [01m[K/home/jetson/ros-workspace/src/ouster-ros/ouster-ros/include/ouster_ros/os_sensor_node_base.h:10[m[K,
[67.090s]                  from [01m[K/home/jetson/ros-workspace/src/ouster-ros/ouster-ros/src/os_sensor_node_base.cpp:9[m[K:
[67.090s] [01m[K/home/jetson/ros-workspace/src/ouster-ros/ouster-ros/ouster-sdk/ouster_client/include/ouster/types.h:[m[K In destructor ‘[01m[Kouster::sensor::sensor_info::~sensor_info()[m[K’:
[67.091s] [01m[K/home/jetson/ros-workspace/src/ouster-ros/ouster-ros/ouster-sdk/ouster_client/include/ouster/types.h:375:8:[m[K [01;35m[Kwarning: [m[K‘[01m[Kouster::sensor::sensor_info::name[m[K’ is deprecated: Will be removed in the next version [[01;35m[K-Wdeprecated-declarations[m[K]
[67.091s]   375 | struct [01;35m[Ksensor_info[m[K {
[67.091s]       |        [01;35m[K^~~~~~~~~~~[m[K
[67.092s] [01m[K/home/jetson/ros-workspace/src/ouster-ros/ouster-ros/ouster-sdk/ouster_client/include/ouster/types.h:377:9:[m[K [01;36m[Knote: [m[Kdeclared here
[67.092s]   377 |         [01;36m[Kname[m[K;               ///< @deprecated Will be removed in the next version
[67.093s]       |         [01;36m[K^~~~[m[K
[67.093s] [01m[K/home/jetson/ros-workspace/src/ouster-ros/ouster-ros/ouster-sdk/ouster_client/include/ouster/types.h:375:8:[m[K [01;35m[Kwarning: [m[K‘[01m[Kouster::sensor::sensor_info::name[m[K’ is deprecated: Will be removed in the next version [[01;35m[K-Wdeprecated-declarations[m[K]
[67.094s]   375 | struct [01;35m[Ksensor_info[m[K {
[67.095s]       |        [01;35m[K^~~~~~~~~~~[m[K
[67.096s] [01m[K/home/jetson/ros-workspace/src/ouster-ros/ouster-ros/ouster-sdk/ouster_client/include/ouster/types.h:377:9:[m[K [01;36m[Knote: [m[Kdeclared here
[67.096s]   377 |         [01;36m[Kname[m[K;               ///< @deprecated Will be removed in the next version
[67.097s]       |         [01;36m[K^~~~[m[K
[67.097s] In file included from [01m[K/home/jetson/ros-workspace/src/ouster-ros/ouster-ros/src/os_sensor_node_base.cpp:9[m[K:
[67.098s] [01m[K/home/jetson/ros-workspace/src/ouster-ros/ouster-ros/include/ouster_ros/os_sensor_node_base.h:[m[K In constructor ‘[01m[Kouster_ros::OusterSensorNodeBase::OusterSensorNodeBase(const string&, const rclcpp::NodeOptions&)[m[K’:
[67.098s] [01m[K/home/jetson/ros-workspace/src/ouster-ros/ouster-ros/include/ouster_ros/os_sensor_node_base.h:24:56:[m[K [01;36m[Knote: [m[Ksynthesized method ‘[01m[Kouster::sensor::sensor_info::~sensor_info()[m[K’ first required here
[67.098s]    24 |         : rclcpp_lifecycle::LifecycleNode(name, options[01;36m[K)[m[K {}
[67.099s]       |                                                        [01;36m[K^[m[K
[67.144s] In file included from [01m[K/home/jetson/ros-workspace/src/ouster-ros/ouster-ros/include/ouster_ros/os_sensor_node_base.h:10[m[K,
[67.146s]                  from [01m[K/home/jetson/ros-workspace/src/ouster-ros/ouster-ros/src/os_replay_node.cpp:12[m[K:
[67.147s] [01m[K/home/jetson/ros-workspace/src/ouster-ros/ouster-ros/ouster-sdk/ouster_client/include/ouster/types.h:[m[K In constructor ‘[01m[Kouster::sensor::sensor_info::sensor_info()[m[K’:
[67.147s] [01m[K/home/jetson/ros-workspace/src/ouster-ros/ouster-ros/ouster-sdk/ouster_client/include/ouster/types.h:375:8:[m[K [01;35m[Kwarning: [m[K‘[01m[Kouster::sensor::sensor_info::name[m[K’ is deprecated: Will be removed in the next version [[01;35m[K-Wdeprecated-declarations[m[K]
[67.148s]   375 | struct [01;35m[Ksensor_info[m[K {
[67.149s]       |        [01;35m[K^~~~~~~~~~~[m[K
[67.149s] [01m[K/home/jetson/ros-workspace/src/ouster-ros/ouster-ros/ouster-sdk/ouster_client/include/ouster/types.h:377:9:[m[K [01;36m[Knote: [m[Kdeclared here
[67.150s]   377 |         [01;36m[Kname[m[K;               ///< @deprecated Will be removed in the next version
[67.151s]       |         [01;36m[K^~~~[m[K
[67.151s] [01m[K/home/jetson/ros-workspace/src/ouster-ros/ouster-ros/ouster-sdk/ouster_client/include/ouster/types.h:375:8:[m[K [01;35m[Kwarning: [m[K‘[01m[Kouster::sensor::sensor_info::name[m[K’ is deprecated: Will be removed in the next version [[01;35m[K-Wdeprecated-declarations[m[K]
[67.152s]   375 | struct [01;35m[Ksensor_info[m[K {
[67.152s]       |        [01;35m[K^~~~~~~~~~~[m[K
[67.153s] [01m[K/home/jetson/ros-workspace/src/ouster-ros/ouster-ros/ouster-sdk/ouster_client/include/ouster/types.h:377:9:[m[K [01;36m[Knote: [m[Kdeclared here
[67.153s]   377 |         [01;36m[Kname[m[K;               ///< @deprecated Will be removed in the next version
[67.154s]       |         [01;36m[K^~~~[m[K
[67.154s] [01m[K/home/jetson/ros-workspace/src/ouster-ros/ouster-ros/ouster-sdk/ouster_client/include/ouster/types.h:375:8:[m[K [01;35m[Kwarning: [m[K‘[01m[Kouster::sensor::sensor_info::name[m[K’ is deprecated: Will be removed in the next version [[01;35m[K-Wdeprecated-declarations[m[K]
[67.154s]   375 | struct [01;35m[Ksensor_info[m[K {
[67.155s]       |        [01;35m[K^~~~~~~~~~~[m[K
[67.169s] [01m[K/home/jetson/ros-workspace/src/ouster-ros/ouster-ros/ouster-sdk/ouster_client/include/ouster/types.h:377:9:[m[K [01;36m[Knote: [m[Kdeclared here
[67.170s]   377 |         [01;36m[Kname[m[K;               ///< @deprecated Will be removed in the next version
[67.170s]       |         [01;36m[K^~~~[m[K
[67.171s] [01m[K/home/jetson/ros-workspace/src/ouster-ros/ouster-ros/ouster-sdk/ouster_client/include/ouster/types.h:375:8:[m[K [01;35m[Kwarning: [m[K‘[01m[Kouster::sensor::sensor_info::name[m[K’ is deprecated: Will be removed in the next version [[01;35m[K-Wdeprecated-declarations[m[K]
[67.171s]   375 | struct [01;35m[Ksensor_info[m[K {
[67.172s]       |        [01;35m[K^~~~~~~~~~~[m[K
[67.173s] [01m[K/home/jetson/ros-workspace/src/ouster-ros/ouster-ros/ouster-sdk/ouster_client/include/ouster/types.h:377:9:[m[K [01;36m[Knote: [m[Kdeclared here
[67.173s]   377 |         [01;36m[Kname[m[K;               ///< @deprecated Will be removed in the next version
[67.174s]       |         [01;36m[K^~~~[m[K
[67.174s] In file included from [01m[K/home/jetson/ros-workspace/src/ouster-ros/ouster-ros/src/os_replay_node.cpp:12[m[K:
[67.174s] [01m[K/home/jetson/ros-workspace/src/ouster-ros/ouster-ros/include/ouster_ros/os_sensor_node_base.h:[m[K In constructor ‘[01m[Kouster_ros::OusterSensorNodeBase::OusterSensorNodeBase(const string&, const rclcpp::NodeOptions&)[m[K’:
[67.175s] [01m[K/home/jetson/ros-workspace/src/ouster-ros/ouster-ros/include/ouster_ros/os_sensor_node_base.h:24:56:[m[K [01;36m[Knote: [m[Ksynthesized method ‘[01m[Kouster::sensor::sensor_info::sensor_info()[m[K’ first required here
[67.177s]    24 |         : rclcpp_lifecycle::LifecycleNode(name, options[01;36m[K)[m[K {}
[67.178s]       |                                                        [01;36m[K^[m[K
[67.178s] In file included from [01m[K/home/jetson/ros-workspace/src/ouster-ros/ouster-ros/include/ouster_ros/os_sensor_node_base.h:10[m[K,
[67.190s]                  from [01m[K/home/jetson/ros-workspace/src/ouster-ros/ouster-ros/src/os_replay_node.cpp:12[m[K:
[67.191s] [01m[K/home/jetson/ros-workspace/src/ouster-ros/ouster-ros/ouster-sdk/ouster_client/include/ouster/types.h:[m[K In destructor ‘[01m[Kouster::sensor::sensor_info::~sensor_info()[m[K’:
[67.192s] [01m[K/home/jetson/ros-workspace/src/ouster-ros/ouster-ros/ouster-sdk/ouster_client/include/ouster/types.h:375:8:[m[K [01;35m[Kwarning: [m[K‘[01m[Kouster::sensor::sensor_info::name[m[K’ is deprecated: Will be removed in the next version [[01;35m[K-Wdeprecated-declarations[m[K]
[67.193s]   375 | struct [01;35m[Ksensor_info[m[K {
[67.193s]       |        [01;35m[K^~~~~~~~~~~[m[K
[67.194s] [01m[K/home/jetson/ros-workspace/src/ouster-ros/ouster-ros/ouster-sdk/ouster_client/include/ouster/types.h:377:9:[m[K [01;36m[Knote: [m[Kdeclared here
[67.194s]   377 |         [01;36m[Kname[m[K;               ///< @deprecated Will be removed in the next version
[67.195s]       |         [01;36m[K^~~~[m[K
[67.195s] [01m[K/home/jetson/ros-workspace/src/ouster-ros/ouster-ros/ouster-sdk/ouster_client/include/ouster/types.h:375:8:[m[K [01;35m[Kwarning: [m[K‘[01m[Kouster::sensor::sensor_info::name[m[K’ is deprecated: Will be removed in the next version [[01;35m[K-Wdeprecated-declarations[m[K]
[67.196s]   375 | struct [01;35m[Ksensor_info[m[K {
[67.196s]       |        [01;35m[K^~~~~~~~~~~[m[K
[67.197s] [01m[K/home/jetson/ros-workspace/src/ouster-ros/ouster-ros/ouster-sdk/ouster_client/include/ouster/types.h:377:9:[m[K [01;36m[Knote: [m[Kdeclared here
[67.197s]   377 |         [01;36m[Kname[m[K;               ///< @deprecated Will be removed in the next version
[67.198s]       |         [01;36m[K^~~~[m[K
[67.198s] In file included from [01m[K/home/jetson/ros-workspace/src/ouster-ros/ouster-ros/src/os_replay_node.cpp:12[m[K:
[67.199s] [01m[K/home/jetson/ros-workspace/src/ouster-ros/ouster-ros/include/ouster_ros/os_sensor_node_base.h:[m[K In constructor ‘[01m[Kouster_ros::OusterSensorNodeBase::OusterSensorNodeBase(const string&, const rclcpp::NodeOptions&)[m[K’:
[67.199s] [01m[K/home/jetson/ros-workspace/src/ouster-ros/ouster-ros/include/ouster_ros/os_sensor_node_base.h:24:56:[m[K [01;36m[Knote: [m[Ksynthesized method ‘[01m[Kouster::sensor::sensor_info::~sensor_info()[m[K’ first required here
[67.199s]    24 |         : rclcpp_lifecycle::LifecycleNode(name, options[01;36m[K)[m[K {}
[67.200s]       |                                                        [01;36m[K^[m[K
[69.663s] In file included from [01m[K/home/jetson/ros-workspace/src/ouster-ros/ouster-ros/include/ouster_ros/os_sensor_node_base.h:10[m[K,
[69.664s]                  from [01m[K/home/jetson/ros-workspace/src/ouster-ros/ouster-ros/src/os_sensor_node_base.cpp:9[m[K:
[69.665s] [01m[K/home/jetson/ros-workspace/src/ouster-ros/ouster-ros/ouster-sdk/ouster_client/include/ouster/types.h:[m[K In constructor ‘[01m[Kouster::sensor::sensor_info::sensor_info()[m[K’:
[69.665s] [01m[K/home/jetson/ros-workspace/src/ouster-ros/ouster-ros/ouster-sdk/ouster_client/include/ouster/types.h:375:8:[m[K [01;35m[Kwarning: [m[K‘[01m[Kouster::sensor::sensor_info::name[m[K’ is deprecated: Will be removed in the next version [[01;35m[K-Wdeprecated-declarations[m[K]
[69.666s]   375 | struct [01;35m[Ksensor_info[m[K {
[69.666s]       |        [01;35m[K^~~~~~~~~~~[m[K
[69.666s] [01m[K/home/jetson/ros-workspace/src/ouster-ros/ouster-ros/ouster-sdk/ouster_client/include/ouster/types.h:377:9:[m[K [01;36m[Knote: [m[Kdeclared here
[69.667s]   377 |         [01;36m[Kname[m[K;               ///< @deprecated Will be removed in the next version
[69.667s]       |         [01;36m[K^~~~[m[K
[69.671s] [01m[K/home/jetson/ros-workspace/src/ouster-ros/ouster-ros/ouster-sdk/ouster_client/include/ouster/types.h:375:8:[m[K [01;35m[Kwarning: [m[K‘[01m[Kouster::sensor::sensor_info::name[m[K’ is deprecated: Will be removed in the next version [[01;35m[K-Wdeprecated-declarations[m[K]
[69.672s]   375 | struct [01;35m[Ksensor_info[m[K {
[69.673s]       |        [01;35m[K^~~~~~~~~~~[m[K
[69.673s] [01m[K/home/jetson/ros-workspace/src/ouster-ros/ouster-ros/ouster-sdk/ouster_client/include/ouster/types.h:377:9:[m[K [01;36m[Knote: [m[Kdeclared here
[69.674s]   377 |         [01;36m[Kname[m[K;               ///< @deprecated Will be removed in the next version
[69.674s]       |         [01;36m[K^~~~[m[K
[69.675s] [01m[K/home/jetson/ros-workspace/src/ouster-ros/ouster-ros/ouster-sdk/ouster_client/include/ouster/types.h:375:8:[m[K [01;35m[Kwarning: [m[K‘[01m[Kouster::sensor::sensor_info::name[m[K’ is deprecated: Will be removed in the next version [[01;35m[K-Wdeprecated-declarations[m[K]
[69.675s]   375 | struct [01;35m[Ksensor_info[m[K {
[69.675s]       |        [01;35m[K^~~~~~~~~~~[m[K
[69.676s] [01m[K/home/jetson/ros-workspace/src/ouster-ros/ouster-ros/ouster-sdk/ouster_client/include/ouster/types.h:377:9:[m[K [01;36m[Knote: [m[Kdeclared here
[69.676s]   377 |         [01;36m[Kname[m[K;               ///< @deprecated Will be removed in the next version
[69.677s]       |         [01;36m[K^~~~[m[K
[69.677s] [01m[K/home/jetson/ros-workspace/src/ouster-ros/ouster-ros/ouster-sdk/ouster_client/include/ouster/types.h:375:8:[m[K [01;35m[Kwarning: [m[K‘[01m[Kouster::sensor::sensor_info::name[m[K’ is deprecated: Will be removed in the next version [[01;35m[K-Wdeprecated-declarations[m[K]
[69.678s]   375 | struct [01;35m[Ksensor_info[m[K {
[69.678s]       |        [01;35m[K^~~~~~~~~~~[m[K
[69.679s] [01m[K/home/jetson/ros-workspace/src/ouster-ros/ouster-ros/ouster-sdk/ouster_client/include/ouster/types.h:377:9:[m[K [01;36m[Knote: [m[Kdeclared here
[69.679s]   377 |         [01;36m[Kname[m[K;               ///< @deprecated Will be removed in the next version
[69.679s]       |         [01;36m[K^~~~[m[K
[69.680s] In file included from [01m[K/home/jetson/ros-workspace/src/ouster-ros/ouster-ros/src/os_sensor_node_base.cpp:9[m[K:
[69.681s] [01m[K/home/jetson/ros-workspace/src/ouster-ros/ouster-ros/include/ouster_ros/os_sensor_node_base.h:[m[K In constructor ‘[01m[Kouster_ros::OusterSensorNodeBase::OusterSensorNodeBase(const string&, const rclcpp::NodeOptions&)[m[K’:
[69.681s] [01m[K/home/jetson/ros-workspace/src/ouster-ros/ouster-ros/include/ouster_ros/os_sensor_node_base.h:24:56:[m[K [01;36m[Knote: [m[Ksynthesized method ‘[01m[Kouster::sensor::sensor_info::sensor_info()[m[K’ first required here
[69.681s]    24 |         : rclcpp_lifecycle::LifecycleNode(name, options[01;36m[K)[m[K {}
[69.682s]       |                                                        [01;36m[K^[m[K
[69.682s] In file included from [01m[K/home/jetson/ros-workspace/src/ouster-ros/ouster-ros/include/ouster_ros/os_sensor_node_base.h:10[m[K,
[69.683s]                  from [01m[K/home/jetson/ros-workspace/src/ouster-ros/ouster-ros/src/os_sensor_node_base.cpp:9[m[K:
[69.683s] [01m[K/home/jetson/ros-workspace/src/ouster-ros/ouster-ros/ouster-sdk/ouster_client/include/ouster/types.h:[m[K In destructor ‘[01m[Kouster::sensor::sensor_info::~sensor_info()[m[K’:
[69.694s] [01m[K/home/jetson/ros-workspace/src/ouster-ros/ouster-ros/ouster-sdk/ouster_client/include/ouster/types.h:375:8:[m[K [01;35m[Kwarning: [m[K‘[01m[Kouster::sensor::sensor_info::name[m[K’ is deprecated: Will be removed in the next version [[01;35m[K-Wdeprecated-declarations[m[K]
[69.695s]   375 | struct [01;35m[Ksensor_info[m[K {
[69.695s]       |        [01;35m[K^~~~~~~~~~~[m[K
[69.706s] [01m[K/home/jetson/ros-workspace/src/ouster-ros/ouster-ros/ouster-sdk/ouster_client/include/ouster/types.h:377:9:[m[K [01;36m[Knote: [m[Kdeclared here
[69.707s]   377 |         [01;36m[Kname[m[K;               ///< @deprecated Will be removed in the next version
[69.708s]       |         [01;36m[K^~~~[m[K
[69.708s] [01m[K/home/jetson/ros-workspace/src/ouster-ros/ouster-ros/ouster-sdk/ouster_client/include/ouster/types.h:375:8:[m[K [01;35m[Kwarning: [m[K‘[01m[Kouster::sensor::sensor_info::name[m[K’ is deprecated: Will be removed in the next version [[01;35m[K-Wdeprecated-declarations[m[K]
[69.709s]   375 | struct [01;35m[Ksensor_info[m[K {
[69.709s]       |        [01;35m[K^~~~~~~~~~~[m[K
[69.710s] [01m[K/home/jetson/ros-workspace/src/ouster-ros/ouster-ros/ouster-sdk/ouster_client/include/ouster/types.h:377:9:[m[K [01;36m[Knote: [m[Kdeclared here
[69.710s]   377 |         [01;36m[Kname[m[K;               ///< @deprecated Will be removed in the next version
[69.710s]       |         [01;36m[K^~~~[m[K
[69.711s] In file included from [01m[K/home/jetson/ros-workspace/src/ouster-ros/ouster-ros/src/os_sensor_node_base.cpp:9[m[K:
[69.711s] [01m[K/home/jetson/ros-workspace/src/ouster-ros/ouster-ros/include/ouster_ros/os_sensor_node_base.h:[m[K In constructor ‘[01m[Kouster_ros::OusterSensorNodeBase::OusterSensorNodeBase(const string&, const rclcpp::NodeOptions&)[m[K’:
[69.712s] [01m[K/home/jetson/ros-workspace/src/ouster-ros/ouster-ros/include/ouster_ros/os_sensor_node_base.h:24:56:[m[K [01;36m[Knote: [m[Ksynthesized method ‘[01m[Kouster::sensor::sensor_info::~sensor_info()[m[K’ first required here
[69.712s]    24 |         : rclcpp_lifecycle::LifecycleNode(name, options[01;36m[K)[m[K {}
[69.713s]       |                                                        [01;36m[K^[m[K
[76.562s] In file included from [01m[K/home/jetson/ros-workspace/src/ouster-ros/ouster-ros/ouster-sdk/ouster_client/include/ouster/client.h:15[m[K,
[76.563s]                  from [01m[K/home/jetson/ros-workspace/src/ouster-ros/ouster-ros/include/ouster_ros/os_ros.h:15[m[K,
[76.563s]                  from [01m[K/home/jetson/ros-workspace/src/ouster-ros/ouster-ros/src/os_sensor_node.cpp:12[m[K:
[76.565s] [01m[K/home/jetson/ros-workspace/src/ouster-ros/ouster-ros/ouster-sdk/ouster_client/include/ouster/types.h:[m[K In constructor ‘[01m[Kouster::sensor::sensor_info::sensor_info()[m[K’:
[76.566s] [01m[K/home/jetson/ros-workspace/src/ouster-ros/ouster-ros/ouster-sdk/ouster_client/include/ouster/types.h:375:8:[m[K [01;35m[Kwarning: [m[K‘[01m[Kouster::sensor::sensor_info::name[m[K’ is deprecated: Will be removed in the next version [[01;35m[K-Wdeprecated-declarations[m[K]
[76.569s]   375 | struct [01;35m[Ksensor_info[m[K {
[76.570s]       |        [01;35m[K^~~~~~~~~~~[m[K
[76.570s] [01m[K/home/jetson/ros-workspace/src/ouster-ros/ouster-ros/ouster-sdk/ouster_client/include/ouster/types.h:377:9:[m[K [01;36m[Knote: [m[Kdeclared here
[76.571s]   377 |         [01;36m[Kname[m[K;               ///< @deprecated Will be removed in the next version
[76.572s]       |         [01;36m[K^~~~[m[K
[76.572s] [01m[K/home/jetson/ros-workspace/src/ouster-ros/ouster-ros/ouster-sdk/ouster_client/include/ouster/types.h:375:8:[m[K [01;35m[Kwarning: [m[K‘[01m[Kouster::sensor::sensor_info::name[m[K’ is deprecated: Will be removed in the next version [[01;35m[K-Wdeprecated-declarations[m[K]
[76.573s]   375 | struct [01;35m[Ksensor_info[m[K {
[76.573s]       |        [01;35m[K^~~~~~~~~~~[m[K
[76.574s] [01m[K/home/jetson/ros-workspace/src/ouster-ros/ouster-ros/ouster-sdk/ouster_client/include/ouster/types.h:377:9:[m[K [01;36m[Knote: [m[Kdeclared here
[76.575s]   377 |         [01;36m[Kname[m[K;               ///< @deprecated Will be removed in the next version
[76.575s]       |         [01;36m[K^~~~[m[K
[76.580s] [01m[K/home/jetson/ros-workspace/src/ouster-ros/ouster-ros/ouster-sdk/ouster_client/include/ouster/types.h:375:8:[m[K [01;35m[Kwarning: [m[K‘[01m[Kouster::sensor::sensor_info::name[m[K’ is deprecated: Will be removed in the next version [[01;35m[K-Wdeprecated-declarations[m[K]
[76.580s]   375 | struct [01;35m[Ksensor_info[m[K {
[76.581s]       |        [01;35m[K^~~~~~~~~~~[m[K
[76.582s] [01m[K/home/jetson/ros-workspace/src/ouster-ros/ouster-ros/ouster-sdk/ouster_client/include/ouster/types.h:377:9:[m[K [01;36m[Knote: [m[Kdeclared here
[76.582s]   377 |         [01;36m[Kname[m[K;               ///< @deprecated Will be removed in the next version
[76.583s]       |         [01;36m[K^~~~[m[K
[76.593s] [01m[K/home/jetson/ros-workspace/src/ouster-ros/ouster-ros/ouster-sdk/ouster_client/include/ouster/types.h:375:8:[m[K [01;35m[Kwarning: [m[K‘[01m[Kouster::sensor::sensor_info::name[m[K’ is deprecated: Will be removed in the next version [[01;35m[K-Wdeprecated-declarations[m[K]
[76.594s]   375 | struct [01;35m[Ksensor_info[m[K {
[76.595s]       |        [01;35m[K^~~~~~~~~~~[m[K
[76.595s] [01m[K/home/jetson/ros-workspace/src/ouster-ros/ouster-ros/ouster-sdk/ouster_client/include/ouster/types.h:377:9:[m[K [01;36m[Knote: [m[Kdeclared here
[76.596s]   377 |         [01;36m[Kname[m[K;               ///< @deprecated Will be removed in the next version
[76.597s]       |         [01;36m[K^~~~[m[K
[76.597s] In file included from [01m[K/home/jetson/ros-workspace/src/ouster-ros/ouster-ros/src/os_sensor_node.cpp:28[m[K:
[76.598s] [01m[K/home/jetson/ros-workspace/src/ouster-ros/ouster-ros/include/ouster_ros/os_sensor_node_base.h:[m[K In constructor ‘[01m[Kouster_ros::OusterSensorNodeBase::OusterSensorNodeBase(const string&, const rclcpp::NodeOptions&)[m[K’:
[76.598s] [01m[K/home/jetson/ros-workspace/src/ouster-ros/ouster-ros/include/ouster_ros/os_sensor_node_base.h:24:56:[m[K [01;36m[Knote: [m[Ksynthesized method ‘[01m[Kouster::sensor::sensor_info::sensor_info()[m[K’ first required here
[76.599s]    24 |         : rclcpp_lifecycle::LifecycleNode(name, options[01;36m[K)[m[K {}
[76.600s]       |                                                        [01;36m[K^[m[K
[76.601s] In file included from [01m[K/home/jetson/ros-workspace/src/ouster-ros/ouster-ros/ouster-sdk/ouster_client/include/ouster/client.h:15[m[K,
[76.601s]                  from [01m[K/home/jetson/ros-workspace/src/ouster-ros/ouster-ros/include/ouster_ros/os_ros.h:15[m[K,
[76.602s]                  from [01m[K/home/jetson/ros-workspace/src/ouster-ros/ouster-ros/src/os_sensor_node.cpp:12[m[K:
[76.603s] [01m[K/home/jetson/ros-workspace/src/ouster-ros/ouster-ros/ouster-sdk/ouster_client/include/ouster/types.h:[m[K In destructor ‘[01m[Kouster::sensor::sensor_info::~sensor_info()[m[K’:
[76.604s] [01m[K/home/jetson/ros-workspace/src/ouster-ros/ouster-ros/ouster-sdk/ouster_client/include/ouster/types.h:375:8:[m[K [01;35m[Kwarning: [m[K‘[01m[Kouster::sensor::sensor_info::name[m[K’ is deprecated: Will be removed in the next version [[01;35m[K-Wdeprecated-declarations[m[K]
[76.605s]   375 | struct [01;35m[Ksensor_info[m[K {
[76.606s]       |        [01;35m[K^~~~~~~~~~~[m[K
[76.606s] [01m[K/home/jetson/ros-workspace/src/ouster-ros/ouster-ros/ouster-sdk/ouster_client/include/ouster/types.h:377:9:[m[K [01;36m[Knote: [m[Kdeclared here
[76.607s]   377 |         [01;36m[Kname[m[K;               ///< @deprecated Will be removed in the next version
[76.607s]       |         [01;36m[K^~~~[m[K
[76.608s] [01m[K/home/jetson/ros-workspace/src/ouster-ros/ouster-ros/ouster-sdk/ouster_client/include/ouster/types.h:375:8:[m[K [01;35m[Kwarning: [m[K‘[01m[Kouster::sensor::sensor_info::name[m[K’ is deprecated: Will be removed in the next version [[01;35m[K-Wdeprecated-declarations[m[K]
[76.608s]   375 | struct [01;35m[Ksensor_info[m[K {
[76.609s]       |        [01;35m[K^~~~~~~~~~~[m[K
[76.609s] [01m[K/home/jetson/ros-workspace/src/ouster-ros/ouster-ros/ouster-sdk/ouster_client/include/ouster/types.h:377:9:[m[K [01;36m[Knote: [m[Kdeclared here
[76.610s]   377 |         [01;36m[Kname[m[K;               ///< @deprecated Will be removed in the next version
[76.611s]       |         [01;36m[K^~~~[m[K
[76.611s] In file included from [01m[K/home/jetson/ros-workspace/src/ouster-ros/ouster-ros/src/os_sensor_node.cpp:28[m[K:
[76.612s] [01m[K/home/jetson/ros-workspace/src/ouster-ros/ouster-ros/include/ouster_ros/os_sensor_node_base.h:[m[K In constructor ‘[01m[Kouster_ros::OusterSensorNodeBase::OusterSensorNodeBase(const string&, const rclcpp::NodeOptions&)[m[K’:
[76.613s] [01m[K/home/jetson/ros-workspace/src/ouster-ros/ouster-ros/include/ouster_ros/os_sensor_node_base.h:24:56:[m[K [01;36m[Knote: [m[Ksynthesized method ‘[01m[Kouster::sensor::sensor_info::~sensor_info()[m[K’ first required here
[76.614s]    24 |         : rclcpp_lifecycle::LifecycleNode(name, options[01;36m[K)[m[K {}
[76.615s]       |                                                        [01;36m[K^[m[K
[77.328s] [01m[K/home/jetson/ros-workspace/src/ouster-ros/ouster-ros/src/os_sensor_node.cpp:[m[K In member function ‘[01m[Kvoid ouster_ros::OusterSensor::populate_metadata_defaults(ouster::sensor::sensor_info&, ouster::sensor::lidar_mode)[m[K’:
[77.329s] [01m[K/home/jetson/ros-workspace/src/ouster-ros/ouster-ros/src/os_sensor_node.cpp:632:19:[m[K [01;35m[Kwarning: [m[K‘[01m[Kouster::sensor::sensor_info::name[m[K’ is deprecated: Will be removed in the next version [[01;35m[K-Wdeprecated-declarations[m[K]
[77.329s]   632 |         if (!info.[01;35m[Kname[m[K.size()) info.name = "UNKNOWN";
[77.330s]       |                   [01;35m[K^~~~[m[K
[77.331s] In file included from [01m[K/home/jetson/ros-workspace/src/ouster-ros/ouster-ros/ouster-sdk/ouster_client/include/ouster/client.h:15[m[K,
[77.331s]                  from [01m[K/home/jetson/ros-workspace/src/ouster-ros/ouster-ros/include/ouster_ros/os_ros.h:15[m[K,
[77.335s]                  from [01m[K/home/jetson/ros-workspace/src/ouster-ros/ouster-ros/src/os_sensor_node.cpp:12[m[K:
[77.336s] [01m[K/home/jetson/ros-workspace/src/ouster-ros/ouster-ros/ouster-sdk/ouster_client/include/ouster/types.h:377:9:[m[K [01;36m[Knote: [m[Kdeclared here
[77.337s]   377 |         [01;36m[Kname[m[K;               ///< @deprecated Will be removed in the next version
[77.337s]       |         [01;36m[K^~~~[m[K
[77.338s] [01m[K/home/jetson/ros-workspace/src/ouster-ros/ouster-ros/src/os_sensor_node.cpp:632:19:[m[K [01;35m[Kwarning: [m[K‘[01m[Kouster::sensor::sensor_info::name[m[K’ is deprecated: Will be removed in the next version [[01;35m[K-Wdeprecated-declarations[m[K]
[77.339s]   632 |         if (!info.[01;35m[Kname[m[K.size()) info.name = "UNKNOWN";
[77.340s]       |                   [01;35m[K^~~~[m[K
[77.341s] In file included from [01m[K/home/jetson/ros-workspace/src/ouster-ros/ouster-ros/ouster-sdk/ouster_client/include/ouster/client.h:15[m[K,
[77.341s]                  from [01m[K/home/jetson/ros-workspace/src/ouster-ros/ouster-ros/include/ouster_ros/os_ros.h:15[m[K,
[77.342s]                  from [01m[K/home/jetson/ros-workspace/src/ouster-ros/ouster-ros/src/os_sensor_node.cpp:12[m[K:
[77.342s] [01m[K/home/jetson/ros-workspace/src/ouster-ros/ouster-ros/ouster-sdk/ouster_client/include/ouster/types.h:377:9:[m[K [01;36m[Knote: [m[Kdeclared here
[77.343s]   377 |         [01;36m[Kname[m[K;               ///< @deprecated Will be removed in the next version
[77.344s]       |         [01;36m[K^~~~[m[K
[77.344s] [01m[K/home/jetson/ros-workspace/src/ouster-ros/ouster-ros/src/os_sensor_node.cpp:632:19:[m[K [01;35m[Kwarning: [m[K‘[01m[Kouster::sensor::sensor_info::name[m[K’ is deprecated: Will be removed in the next version [[01;35m[K-Wdeprecated-declarations[m[K]
[77.345s]   632 |         if (!info.[01;35m[Kname[m[K.size()) info.name = "UNKNOWN";
[77.345s]       |                   [01;35m[K^~~~[m[K
[77.346s] In file included from [01m[K/home/jetson/ros-workspace/src/ouster-ros/ouster-ros/ouster-sdk/ouster_client/include/ouster/client.h:15[m[K,
[77.347s]                  from [01m[K/home/jetson/ros-workspace/src/ouster-ros/ouster-ros/include/ouster_ros/os_ros.h:15[m[K,
[77.348s]                  from [01m[K/home/jetson/ros-workspace/src/ouster-ros/ouster-ros/src/os_sensor_node.cpp:12[m[K:
[77.349s] [01m[K/home/jetson/ros-workspace/src/ouster-ros/ouster-ros/ouster-sdk/ouster_client/include/ouster/types.h:377:9:[m[K [01;36m[Knote: [m[Kdeclared here
[77.350s]   377 |         [01;36m[Kname[m[K;               ///< @deprecated Will be removed in the next version
[77.350s]       |         [01;36m[K^~~~[m[K
[77.351s] [01m[K/home/jetson/ros-workspace/src/ouster-ros/ouster-ros/src/os_sensor_node.cpp:632:37:[m[K [01;35m[Kwarning: [m[K‘[01m[Kouster::sensor::sensor_info::name[m[K’ is deprecated: Will be removed in the next version [[01;35m[K-Wdeprecated-declarations[m[K]
[77.351s]   632 |         if (!info.name.size()) info.[01;35m[Kname[m[K = "UNKNOWN";
[77.353s]       |                                     [01;35m[K^~~~[m[K
[77.353s] In file included from [01m[K/home/jetson/ros-workspace/src/ouster-ros/ouster-ros/ouster-sdk/ouster_client/include/ouster/client.h:15[m[K,
[77.354s]                  from [01m[K/home/jetson/ros-workspace/src/ouster-ros/ouster-ros/include/ouster_ros/os_ros.h:15[m[K,
[77.355s]                  from [01m[K/home/jetson/ros-workspace/src/ouster-ros/ouster-ros/src/os_sensor_node.cpp:12[m[K:
[77.356s] [01m[K/home/jetson/ros-workspace/src/ouster-ros/ouster-ros/ouster-sdk/ouster_client/include/ouster/types.h:377:9:[m[K [01;36m[Knote: [m[Kdeclared here
[77.356s]   377 |         [01;36m[Kname[m[K;               ///< @deprecated Will be removed in the next version
[77.357s]       |         [01;36m[K^~~~[m[K
[77.357s] [01m[K/home/jetson/ros-workspace/src/ouster-ros/ouster-ros/src/os_sensor_node.cpp:632:37:[m[K [01;35m[Kwarning: [m[K‘[01m[Kouster::sensor::sensor_info::name[m[K’ is deprecated: Will be removed in the next version [[01;35m[K-Wdeprecated-declarations[m[K]
[77.358s]   632 |         if (!info.name.size()) info.[01;35m[Kname[m[K = "UNKNOWN";
[77.359s]       |                                     [01;35m[K^~~~[m[K
[77.359s] In file included from [01m[K/home/jetson/ros-workspace/src/ouster-ros/ouster-ros/ouster-sdk/ouster_client/include/ouster/client.h:15[m[K,
[77.360s]                  from [01m[K/home/jetson/ros-workspace/src/ouster-ros/ouster-ros/include/ouster_ros/os_ros.h:15[m[K,
[77.360s]                  from [01m[K/home/jetson/ros-workspace/src/ouster-ros/ouster-ros/src/os_sensor_node.cpp:12[m[K:
[77.361s] [01m[K/home/jetson/ros-workspace/src/ouster-ros/ouster-ros/ouster-sdk/ouster_client/include/ouster/types.h:377:9:[m[K [01;36m[Knote: [m[Kdeclared here
[77.362s]   377 |         [01;36m[Kname[m[K;               ///< @deprecated Will be removed in the next version
[77.362s]       |         [01;36m[K^~~~[m[K
[77.364s] [01m[K/home/jetson/ros-workspace/src/ouster-ros/ouster-ros/src/os_sensor_node.cpp:632:37:[m[K [01;35m[Kwarning: [m[K‘[01m[Kouster::sensor::sensor_info::name[m[K’ is deprecated: Will be removed in the next version [[01;35m[K-Wdeprecated-declarations[m[K]
[77.365s]   632 |         if (!info.name.size()) info.[01;35m[Kname[m[K = "UNKNOWN";
[77.366s]       |                                     [01;35m[K^~~~[m[K
[77.367s] In file included from [01m[K/home/jetson/ros-workspace/src/ouster-ros/ouster-ros/ouster-sdk/ouster_client/include/ouster/client.h:15[m[K,
[77.367s]                  from [01m[K/home/jetson/ros-workspace/src/ouster-ros/ouster-ros/include/ouster_ros/os_ros.h:15[m[K,
[77.368s]                  from [01m[K/home/jetson/ros-workspace/src/ouster-ros/ouster-ros/src/os_sensor_node.cpp:12[m[K:
[77.368s] [01m[K/home/jetson/ros-workspace/src/ouster-ros/ouster-ros/ouster-sdk/ouster_client/include/ouster/types.h:377:9:[m[K [01;36m[Knote: [m[Kdeclared here
[77.369s]   377 |         [01;36m[Kname[m[K;               ///< @deprecated Will be removed in the next version
[77.370s]       |         [01;36m[K^~~~[m[K
[87.191s] In file included from [01m[K/home/jetson/ros-workspace/src/ouster-ros/ouster-ros/ouster-sdk/ouster_client/include/ouster/client.h:15[m[K,
[87.192s]                  from [01m[K/home/jetson/ros-workspace/src/ouster-ros/ouster-ros/include/ouster_ros/os_ros.h:15[m[K,
[87.192s]                  from [01m[K/home/jetson/ros-workspace/src/ouster-ros/ouster-ros/src/os_image_node.cpp:17[m[K:
[87.193s] [01m[K/home/jetson/ros-workspace/src/ouster-ros/ouster-ros/ouster-sdk/ouster_client/include/ouster/types.h:[m[K In constructor ‘[01m[Kouster::sensor::sensor_info::sensor_info()[m[K’:
[87.193s] [01m[K/home/jetson/ros-workspace/src/ouster-ros/ouster-ros/ouster-sdk/ouster_client/include/ouster/types.h:375:8:[m[K [01;35m[Kwarning: [m[K‘[01m[Kouster::sensor::sensor_info::name[m[K’ is deprecated: Will be removed in the next version [[01;35m[K-Wdeprecated-declarations[m[K]
[87.194s]   375 | struct [01;35m[Ksensor_info[m[K {
[87.195s]       |        [01;35m[K^~~~~~~~~~~[m[K
[87.195s] [01m[K/home/jetson/ros-workspace/src/ouster-ros/ouster-ros/ouster-sdk/ouster_client/include/ouster/types.h:377:9:[m[K [01;36m[Knote: [m[Kdeclared here
[87.197s]   377 |         [01;36m[Kname[m[K;               ///< @deprecated Will be removed in the next version
[87.197s]       |         [01;36m[K^~~~[m[K
[87.198s] [01m[K/home/jetson/ros-workspace/src/ouster-ros/ouster-ros/ouster-sdk/ouster_client/include/ouster/types.h:375:8:[m[K [01;35m[Kwarning: [m[K‘[01m[Kouster::sensor::sensor_info::name[m[K’ is deprecated: Will be removed in the next version [[01;35m[K-Wdeprecated-declarations[m[K]
[87.198s]   375 | struct [01;35m[Ksensor_info[m[K {
[87.199s]       |        [01;35m[K^~~~~~~~~~~[m[K
[87.199s] [01m[K/home/jetson/ros-workspace/src/ouster-ros/ouster-ros/ouster-sdk/ouster_client/include/ouster/types.h:377:9:[m[K [01;36m[Knote: [m[Kdeclared here
[87.199s]   377 |         [01;36m[Kname[m[K;               ///< @deprecated Will be removed in the next version
[87.200s]       |         [01;36m[K^~~~[m[K
[87.201s] [01m[K/home/jetson/ros-workspace/src/ouster-ros/ouster-ros/ouster-sdk/ouster_client/include/ouster/types.h:375:8:[m[K [01;35m[Kwarning: [m[K‘[01m[Kouster::sensor::sensor_info::name[m[K’ is deprecated: Will be removed in the next version [[01;35m[K-Wdeprecated-declarations[m[K]
[87.201s]   375 | struct [01;35m[Ksensor_info[m[K {
[87.201s]       |        [01;35m[K^~~~~~~~~~~[m[K
[87.202s] [01m[K/home/jetson/ros-workspace/src/ouster-ros/ouster-ros/ouster-sdk/ouster_client/include/ouster/types.h:377:9:[m[K [01;36m[Knote: [m[Kdeclared here
[87.202s]   377 |         [01;36m[Kname[m[K;               ///< @deprecated Will be removed in the next version
[87.203s]       |         [01;36m[K^~~~[m[K
[87.203s] [01m[K/home/jetson/ros-workspace/src/ouster-ros/ouster-ros/ouster-sdk/ouster_client/include/ouster/types.h:375:8:[m[K [01;35m[Kwarning: [m[K‘[01m[Kouster::sensor::sensor_info::name[m[K’ is deprecated: Will be removed in the next version [[01;35m[K-Wdeprecated-declarations[m[K]
[87.204s]   375 | struct [01;35m[Ksensor_info[m[K {
[87.205s]       |        [01;35m[K^~~~~~~~~~~[m[K
[87.205s] [01m[K/home/jetson/ros-workspace/src/ouster-ros/ouster-ros/ouster-sdk/ouster_client/include/ouster/types.h:377:9:[m[K [01;36m[Knote: [m[Kdeclared here
[87.205s]   377 |         [01;36m[Kname[m[K;               ///< @deprecated Will be removed in the next version
[87.206s]       |         [01;36m[K^~~~[m[K
[87.206s] In file included from [01m[K/home/jetson/ros-workspace/src/ouster-ros/ouster-ros/src/os_image_node.cpp:34[m[K:
[87.207s] [01m[K/home/jetson/ros-workspace/src/ouster-ros/ouster-ros/include/ouster_ros/os_processing_node_base.h:[m[K In constructor ‘[01m[Kouster_ros::OusterProcessingNodeBase::OusterProcessingNodeBase(const string&, const rclcpp::NodeOptions&)[m[K’:
[87.207s] [01m[K/home/jetson/ros-workspace/src/ouster-ros/ouster-ros/include/ouster_ros/os_processing_node_base.h:22:37:[m[K [01;36m[Knote: [m[Ksynthesized method ‘[01m[Kouster::sensor::sensor_info::sensor_info()[m[K’ first required here
[87.220s]    22 |         : rclcpp::Node(name, options[01;36m[K)[m[K {}
[87.221s]       |                                     [01;36m[K^[m[K
[87.222s] In file included from [01m[K/home/jetson/ros-workspace/src/ouster-ros/ouster-ros/ouster-sdk/ouster_client/include/ouster/client.h:15[m[K,
[87.223s]                  from [01m[K/home/jetson/ros-workspace/src/ouster-ros/ouster-ros/include/ouster_ros/os_ros.h:15[m[K,
[87.223s]                  from [01m[K/home/jetson/ros-workspace/src/ouster-ros/ouster-ros/src/os_image_node.cpp:17[m[K:
[87.224s] [01m[K/home/jetson/ros-workspace/src/ouster-ros/ouster-ros/ouster-sdk/ouster_client/include/ouster/types.h:[m[K In destructor ‘[01m[Kouster::sensor::sensor_info::~sensor_info()[m[K’:
[87.225s] [01m[K/home/jetson/ros-workspace/src/ouster-ros/ouster-ros/ouster-sdk/ouster_client/include/ouster/types.h:375:8:[m[K [01;35m[Kwarning: [m[K‘[01m[Kouster::sensor::sensor_info::name[m[K’ is deprecated: Will be removed in the next version [[01;35m[K-Wdeprecated-declarations[m[K]
[87.226s]   375 | struct [01;35m[Ksensor_info[m[K {
[87.226s]       |        [01;35m[K^~~~~~~~~~~[m[K
[87.227s] [01m[K/home/jetson/ros-workspace/src/ouster-ros/ouster-ros/ouster-sdk/ouster_client/include/ouster/types.h:377:9:[m[K [01;36m[Knote: [m[Kdeclared here
[87.229s]   377 |         [01;36m[Kname[m[K;               ///< @deprecated Will be removed in the next version
[87.231s]       |         [01;36m[K^~~~[m[K
[87.231s] [01m[K/home/jetson/ros-workspace/src/ouster-ros/ouster-ros/ouster-sdk/ouster_client/include/ouster/types.h:375:8:[m[K [01;35m[Kwarning: [m[K‘[01m[Kouster::sensor::sensor_info::name[m[K’ is deprecated: Will be removed in the next version [[01;35m[K-Wdeprecated-declarations[m[K]
[87.232s]   375 | struct [01;35m[Ksensor_info[m[K {
[87.233s]       |        [01;35m[K^~~~~~~~~~~[m[K
[87.234s] [01m[K/home/jetson/ros-workspace/src/ouster-ros/ouster-ros/ouster-sdk/ouster_client/include/ouster/types.h:377:9:[m[K [01;36m[Knote: [m[Kdeclared here
[87.234s]   377 |         [01;36m[Kname[m[K;               ///< @deprecated Will be removed in the next version
[87.235s]       |         [01;36m[K^~~~[m[K
[87.236s] In file included from [01m[K/home/jetson/ros-workspace/src/ouster-ros/ouster-ros/src/os_image_node.cpp:34[m[K:
[87.237s] [01m[K/home/jetson/ros-workspace/src/ouster-ros/ouster-ros/include/ouster_ros/os_processing_node_base.h:[m[K In constructor ‘[01m[Kouster_ros::OusterProcessingNodeBase::OusterProcessingNodeBase(const string&, const rclcpp::NodeOptions&)[m[K’:
[87.238s] [01m[K/home/jetson/ros-workspace/src/ouster-ros/ouster-ros/include/ouster_ros/os_processing_node_base.h:22:37:[m[K [01;36m[Knote: [m[Ksynthesized method ‘[01m[Kouster::sensor::sensor_info::~sensor_info()[m[K’ first required here
[87.238s]    22 |         : rclcpp::Node(name, options[01;36m[K)[m[K {}
[87.239s]       |                                     [01;36m[K^[m[K
[87.239s] [01m[K/home/jetson/ros-workspace/src/ouster-ros/ouster-ros/src/os_image_node.cpp:[m[K At global scope:
[87.240s] [01m[K/home/jetson/ros-workspace/src/ouster-ros/ouster-ros/src/os_image_node.cpp:60:78:[m[K [01;35m[Kwarning: [m[K‘[01m[Kstd_msgs::msg::String_<std::allocator<void> >::ConstPtr[m[K’ is deprecated [[01;35m[K-Wdeprecated-declarations[m[K]
[87.241s]    60 |     void metadata_handler(const std_msgs::msg::String::ConstPtr& metadata_msg[01;35m[K)[m[K {
[87.241s]       |                                                                              [01;35m[K^[m[K
[87.243s] In file included from [01m[K/opt/ros/foxy/include/std_msgs/msg/string.hpp:7[m[K,
[87.244s]                  from [01m[K/home/jetson/ros-workspace/src/ouster-ros/ouster-ros/include/ouster_ros/os_processing_node_base.h:14[m[K,
[87.244s]                  from [01m[K/home/jetson/ros-workspace/src/ouster-ros/ouster-ros/src/os_image_node.cpp:34[m[K:
[87.246s] [01m[K/opt/ros/foxy/include/std_msgs/msg/detail/string__struct.hpp:104:5:[m[K [01;36m[Knote: [m[Kdeclared here
[87.246s]   104 |     [01;36m[KConstPtr[m[K;
[87.247s]       |     [01;36m[K^~~~~~~~[m[K
[87.474s] In file included from [01m[K/home/jetson/ros-workspace/src/ouster-ros/ouster-ros/ouster-sdk/ouster_client/include/ouster/client.h:15[m[K,
[87.478s]                  from [01m[K/home/jetson/ros-workspace/src/ouster-ros/ouster-ros/include/ouster_ros/os_ros.h:15[m[K,
[87.479s]                  from [01m[K/home/jetson/ros-workspace/src/ouster-ros/ouster-ros/src/os_cloud_node.cpp:12[m[K:
[87.479s] [01m[K/home/jetson/ros-workspace/src/ouster-ros/ouster-ros/ouster-sdk/ouster_client/include/ouster/types.h:[m[K In constructor ‘[01m[Kouster::sensor::sensor_info::sensor_info()[m[K’:
[87.480s] [01m[K/home/jetson/ros-workspace/src/ouster-ros/ouster-ros/ouster-sdk/ouster_client/include/ouster/types.h:375:8:[m[K [01;35m[Kwarning: [m[K‘[01m[Kouster::sensor::sensor_info::name[m[K’ is deprecated: Will be removed in the next version [[01;35m[K-Wdeprecated-declarations[m[K]
[87.481s]   375 | struct [01;35m[Ksensor_info[m[K {
[87.481s]       |        [01;35m[K^~~~~~~~~~~[m[K
[87.482s] [01m[K/home/jetson/ros-workspace/src/ouster-ros/ouster-ros/ouster-sdk/ouster_client/include/ouster/types.h:377:9:[m[K [01;36m[Knote: [m[Kdeclared here
[87.483s]   377 |         [01;36m[Kname[m[K;               ///< @deprecated Will be removed in the next version
[87.484s]       |         [01;36m[K^~~~[m[K
[87.484s] [01m[K/home/jetson/ros-workspace/src/ouster-ros/ouster-ros/ouster-sdk/ouster_client/include/ouster/types.h:375:8:[m[K [01;35m[Kwarning: [m[K‘[01m[Kouster::sensor::sensor_info::name[m[K’ is deprecated: Will be removed in the next version [[01;35m[K-Wdeprecated-declarations[m[K]
[87.488s]   375 | struct [01;35m[Ksensor_info[m[K {
[87.489s]       |        [01;35m[K^~~~~~~~~~~[m[K
[87.490s] [01m[K/home/jetson/ros-workspace/src/ouster-ros/ouster-ros/ouster-sdk/ouster_client/include/ouster/types.h:377:9:[m[K [01;36m[Knote: [m[Kdeclared here
[87.490s]   377 |         [01;36m[Kname[m[K;               ///< @deprecated Will be removed in the next version
[87.491s]       |         [01;36m[K^~~~[m[K
[87.492s] [01m[K/home/jetson/ros-workspace/src/ouster-ros/ouster-ros/ouster-sdk/ouster_client/include/ouster/types.h:375:8:[m[K [01;35m[Kwarning: [m[K‘[01m[Kouster::sensor::sensor_info::name[m[K’ is deprecated: Will be removed in the next version [[01;35m[K-Wdeprecated-declarations[m[K]
[87.492s]   375 | struct [01;35m[Ksensor_info[m[K {
[87.493s]       |        [01;35m[K^~~~~~~~~~~[m[K
[87.494s] [01m[K/home/jetson/ros-workspace/src/ouster-ros/ouster-ros/ouster-sdk/ouster_client/include/ouster/types.h:377:9:[m[K [01;36m[Knote: [m[Kdeclared here
[87.494s]   377 |         [01;36m[Kname[m[K;               ///< @deprecated Will be removed in the next version
[87.495s]       |         [01;36m[K^~~~[m[K
[87.495s] [01m[K/home/jetson/ros-workspace/src/ouster-ros/ouster-ros/ouster-sdk/ouster_client/include/ouster/types.h:375:8:[m[K [01;35m[Kwarning: [m[K‘[01m[Kouster::sensor::sensor_info::name[m[K’ is deprecated: Will be removed in the next version [[01;35m[K-Wdeprecated-declarations[m[K]
[87.495s]   375 | struct [01;35m[Ksensor_info[m[K {
[87.496s]       |        [01;35m[K^~~~~~~~~~~[m[K
[87.497s] [01m[K/home/jetson/ros-workspace/src/ouster-ros/ouster-ros/ouster-sdk/ouster_client/include/ouster/types.h:377:9:[m[K [01;36m[Knote: [m[Kdeclared here
[87.497s]   377 |         [01;36m[Kname[m[K;               ///< @deprecated Will be removed in the next version
[87.498s]       |         [01;36m[K^~~~[m[K
[87.498s] In file included from [01m[K/home/jetson/ros-workspace/src/ouster-ros/ouster-ros/src/os_cloud_node.cpp:27[m[K:
[87.499s] [01m[K/home/jetson/ros-workspace/src/ouster-ros/ouster-ros/include/ouster_ros/os_processing_node_base.h:[m[K In constructor ‘[01m[Kouster_ros::OusterProcessingNodeBase::OusterProcessingNodeBase(const string&, const rclcpp::NodeOptions&)[m[K’:
[87.500s] [01m[K/home/jetson/ros-workspace/src/ouster-ros/ouster-ros/include/ouster_ros/os_processing_node_base.h:22:37:[m[K [01;36m[Knote: [m[Ksynthesized method ‘[01m[Kouster::sensor::sensor_info::sensor_info()[m[K’ first required here
[87.501s]    22 |         : rclcpp::Node(name, options[01;36m[K)[m[K {}
[87.501s]       |                                     [01;36m[K^[m[K
[87.502s] In file included from [01m[K/home/jetson/ros-workspace/src/ouster-ros/ouster-ros/ouster-sdk/ouster_client/include/ouster/client.h:15[m[K,
[87.502s]                  from [01m[K/home/jetson/ros-workspace/src/ouster-ros/ouster-ros/include/ouster_ros/os_ros.h:15[m[K,
[87.509s]                  from [01m[K/home/jetson/ros-workspace/src/ouster-ros/ouster-ros/src/os_cloud_node.cpp:12[m[K:
[87.510s] [01m[K/home/jetson/ros-workspace/src/ouster-ros/ouster-ros/ouster-sdk/ouster_client/include/ouster/types.h:[m[K In destructor ‘[01m[Kouster::sensor::sensor_info::~sensor_info()[m[K’:
[87.510s] [01m[K/home/jetson/ros-workspace/src/ouster-ros/ouster-ros/ouster-sdk/ouster_client/include/ouster/types.h:375:8:[m[K [01;35m[Kwarning: [m[K‘[01m[Kouster::sensor::sensor_info::name[m[K’ is deprecated: Will be removed in the next version [[01;35m[K-Wdeprecated-declarations[m[K]
[87.511s]   375 | struct [01;35m[Ksensor_info[m[K {
[87.511s]       |        [01;35m[K^~~~~~~~~~~[m[K
[87.512s] [01m[K/home/jetson/ros-workspace/src/ouster-ros/ouster-ros/ouster-sdk/ouster_client/include/ouster/types.h:377:9:[m[K [01;36m[Knote: [m[Kdeclared here
[87.513s]   377 |         [01;36m[Kname[m[K;               ///< @deprecated Will be removed in the next version
[87.513s]       |         [01;36m[K^~~~[m[K
[87.523s] [01m[K/home/jetson/ros-workspace/src/ouster-ros/ouster-ros/ouster-sdk/ouster_client/include/ouster/types.h:375:8:[m[K [01;35m[Kwarning: [m[K‘[01m[Kouster::sensor::sensor_info::name[m[K’ is deprecated: Will be removed in the next version [[01;35m[K-Wdeprecated-declarations[m[K]
[87.524s]   375 | struct [01;35m[Ksensor_info[m[K {
[87.524s]       |        [01;35m[K^~~~~~~~~~~[m[K
[87.525s] [01m[K/home/jetson/ros-workspace/src/ouster-ros/ouster-ros/ouster-sdk/ouster_client/include/ouster/types.h:377:9:[m[K [01;36m[Knote: [m[Kdeclared here
[87.526s]   377 |         [01;36m[Kname[m[K;               ///< @deprecated Will be removed in the next version
[87.526s]       |         [01;36m[K^~~~[m[K
[87.527s] In file included from [01m[K/home/jetson/ros-workspace/src/ouster-ros/ouster-ros/src/os_cloud_node.cpp:27[m[K:
[87.527s] [01m[K/home/jetson/ros-workspace/src/ouster-ros/ouster-ros/include/ouster_ros/os_processing_node_base.h:[m[K In constructor ‘[01m[Kouster_ros::OusterProcessingNodeBase::OusterProcessingNodeBase(const string&, const rclcpp::NodeOptions&)[m[K’:
[87.528s] [01m[K/home/jetson/ros-workspace/src/ouster-ros/ouster-ros/include/ouster_ros/os_processing_node_base.h:22:37:[m[K [01;36m[Knote: [m[Ksynthesized method ‘[01m[Kouster::sensor::sensor_info::~sensor_info()[m[K’ first required here
[87.529s]    22 |         : rclcpp::Node(name, options[01;36m[K)[m[K {}
[87.529s]       |                                     [01;36m[K^[m[K
[87.530s] [01m[K/home/jetson/ros-workspace/src/ouster-ros/ouster-ros/src/os_cloud_node.cpp:[m[K At global scope:
[87.530s] [01m[K/home/jetson/ros-workspace/src/ouster-ros/ouster-ros/src/os_cloud_node.cpp:279:69:[m[K [01;35m[Kwarning: [m[K‘[01m[Kouster_msgs::msg::PacketMsg_<std::allocator<void> >::ConstPtr[m[K’ is deprecated [[01;35m[K-Wdeprecated-declarations[m[K]
[87.531s]   279 |     void lidar_handler_sensor_time(const PacketMsg::ConstPtr& packet[01;35m[K)[m[K {
[87.531s]       |                                                                     [01;35m[K^[m[K
[87.532s] In file included from [01m[K/home/jetson/ros-workspace/install/ouster_msgs/include/ouster_msgs/msg/packet_msg.hpp:7[m[K,
[87.533s]                  from [01m[K/home/jetson/ros-workspace/src/ouster-ros/ouster-ros/include/ouster_ros/os_ros.h:27[m[K,
[87.534s]                  from [01m[K/home/jetson/ros-workspace/src/ouster-ros/ouster-ros/src/os_cloud_node.cpp:12[m[K:
[87.535s] [01m[K/home/jetson/ros-workspace/install/ouster_msgs/include/ouster_msgs/msg/detail/packet_msg__struct.hpp:96:5:[m[K [01;36m[Knote: [m[Kdeclared here
[87.535s]    96 |     [01;36m[KConstPtr[m[K;
[87.536s]       |     [01;36m[K^~~~~~~~[m[K
[87.537s] [01m[K/home/jetson/ros-workspace/src/ouster-ros/ouster-ros/src/os_cloud_node.cpp:299:66:[m[K [01;35m[Kwarning: [m[K‘[01m[Kouster_msgs::msg::PacketMsg_<std::allocator<void> >::ConstPtr[m[K’ is deprecated [[01;35m[K-Wdeprecated-declarations[m[K]
[87.537s]   299 |     void lidar_handler_ros_time(const PacketMsg::ConstPtr& packet[01;35m[K)[m[K {
[87.538s]       |                                                                  [01;35m[K^[m[K
[87.538s] In file included from [01m[K/home/jetson/ros-workspace/install/ouster_msgs/include/ouster_msgs/msg/packet_msg.hpp:7[m[K,
[87.539s]                  from [01m[K/home/jetson/ros-workspace/src/ouster-ros/ouster-ros/include/ouster_ros/os_ros.h:27[m[K,
[87.539s]                  from [01m[K/home/jetson/ros-workspace/src/ouster-ros/ouster-ros/src/os_cloud_node.cpp:12[m[K:
[87.540s] [01m[K/home/jetson/ros-workspace/install/ouster_msgs/include/ouster_msgs/msg/detail/packet_msg__struct.hpp:96:5:[m[K [01;36m[Knote: [m[Kdeclared here
[87.540s]    96 |     [01;36m[KConstPtr[m[K;
[87.541s]       |     [01;36m[K^~~~~~~~[m[K
[88.107s] In file included from [01m[K/home/jetson/ros-workspace/src/ouster-ros/ouster-ros/ouster-sdk/ouster_client/include/ouster/client.h:15[m[K,
[88.108s]                  from [01m[K/home/jetson/ros-workspace/src/ouster-ros/ouster-ros/include/ouster_ros/os_ros.h:15[m[K,
[88.109s]                  from [01m[K/home/jetson/ros-workspace/src/ouster-ros/ouster-ros/src/os_cloud_node.cpp:12[m[K:
[88.109s] [01m[K/home/jetson/ros-workspace/src/ouster-ros/ouster-ros/ouster-sdk/ouster_client/include/ouster/types.h:[m[K In copy constructor ‘[01m[Kouster::sensor::packet_format::packet_format(const ouster::sensor::packet_format&)[m[K’:
[88.110s] [01m[K/home/jetson/ros-workspace/src/ouster-ros/ouster-ros/ouster-sdk/ouster_client/include/ouster/types.h:830:7:[m[K [01;35m[Kwarning: [m[K‘[01m[Kouster::sensor::packet_format::encoder_ticks_per_rev[m[K’ is deprecated [[01;35m[K-Wdeprecated-declarations[m[K]
[88.110s]   830 | class [01;35m[Kpacket_format[m[K final {
[88.111s]       |       [01;35m[K^~~~~~~~~~~~~[m[K
[88.111s] [01m[K/home/jetson/ros-workspace/src/ouster-ros/ouster-ros/ouster-sdk/ouster_client/include/ouster/types.h:854:30:[m[K [01;36m[Knote: [m[Kdeclared here
[88.113s]   854 |     [[deprecated]] const int [01;36m[Kencoder_ticks_per_rev[m[K;  ///< @deprecated
[88.113s]       |                              [01;36m[K^~~~~~~~~~~~~~~~~~~~~[m[K
[88.115s] [01m[K/home/jetson/ros-workspace/src/ouster-ros/ouster-ros/ouster-sdk/ouster_client/include/ouster/types.h:830:7:[m[K [01;35m[Kwarning: [m[K‘[01m[Kouster::sensor::packet_format::encoder_ticks_per_rev[m[K’ is deprecated [[01;35m[K-Wdeprecated-declarations[m[K]
[88.118s]   830 | class [01;35m[Kpacket_format[m[K final {
[88.119s]       |       [01;35m[K^~~~~~~~~~~~~[m[K
[88.121s] [01m[K/home/jetson/ros-workspace/src/ouster-ros/ouster-ros/ouster-sdk/ouster_client/include/ouster/types.h:854:30:[m[K [01;36m[Knote: [m[Kdeclared here
[88.122s]   854 |     [[deprecated]] const int [01;36m[Kencoder_ticks_per_rev[m[K;  ///< @deprecated
[88.123s]       |                              [01;36m[K^~~~~~~~~~~~~~~~~~~~~[m[K
[88.123s] [01m[K/home/jetson/ros-workspace/src/ouster-ros/ouster-ros/src/os_cloud_node.cpp:[m[K In member function ‘[01m[Kvoid ouster_ros::OusterCloud::imu_handler(ouster_msgs::msg::PacketMsg_<std::allocator<void> >::ConstSharedPtr)[m[K’:
[88.124s] [01m[K/home/jetson/ros-workspace/src/ouster-ros/ouster-ros/src/os_cloud_node.cpp:317:42:[m[K [01;36m[Knote: [m[Ksynthesized method ‘[01m[Kouster::sensor::packet_format::packet_format(const ouster::sensor::packet_format&)[m[K’ first required here
[88.124s]   317 |         auto pf = sensor::get_format(info[01;36m[K)[m[K;
[88.125s]       |                                          [01;36m[K^[m[K
[89.781s] [ 85%] [32m[1mLinking CXX shared library libos_replay_component.so[0m
[91.016s] [ 85%] Built target os_replay_component
[114.742s] [ 88%] [32m[1mLinking CXX shared library libos_sensor_component.so[0m
[116.010s] [ 88%] Built target os_sensor_component
[132.045s] [ 91%] [32m[1mLinking CXX shared library libos_image_component.so[0m
[133.277s] [ 94%] Built target os_image_component
[141.329s] [ 97%] [32m[1mLinking CXX shared library libos_cloud_component.so[0m
[142.592s] [100%] Built target os_cloud_component
[142.667s] Invoked command in '/home/jetson/ros-workspace/build/ouster_ros' returned '0': CMAKE_PREFIX_PATH=/home/jetson/ros-workspace/install/ouster_srvs:/home/jetson/ros-workspace/install/ouster_msgs:/home/jetson/ros-workspace/install/ros2_esp32:/home/jetson/ros-workspace/install/pointcloud_to_laserscan:/home/jetson/ros-workspace/install/ouster_ros:/home/jetson/ros-workspace/install/navigation:/home/jetson/ros-workspace/install/micro_ros_setup:/opt/ros/foxy LD_LIBRARY_PATH=/home/jetson/ros-workspace/install/ouster_srvs/lib:/home/jetson/ros-workspace/install/ouster_msgs/lib:/home/jetson/ros-workspace/install/pointcloud_to_laserscan/lib:/home/jetson/ros-workspace/install/ouster_ros/lib:/opt/ros/foxy/opt/yaml_cpp_vendor/lib:/opt/ros/foxy/opt/rviz_ogre_vendor/lib:/opt/ros/foxy/lib/aarch64-linux-gnu:/opt/ros/foxy/lib:/usr/local/cuda-11.4/lib64 /usr/bin/cmake --build /home/jetson/ros-workspace/build/ouster_ros -- -j6 -l6
[143.112s] Invoking command in '/home/jetson/ros-workspace/build/ouster_ros': CMAKE_PREFIX_PATH=/home/jetson/ros-workspace/install/ouster_srvs:/home/jetson/ros-workspace/install/ouster_msgs:/home/jetson/ros-workspace/install/ros2_esp32:/home/jetson/ros-workspace/install/pointcloud_to_laserscan:/home/jetson/ros-workspace/install/ouster_ros:/home/jetson/ros-workspace/install/navigation:/home/jetson/ros-workspace/install/micro_ros_setup:/opt/ros/foxy LD_LIBRARY_PATH=/home/jetson/ros-workspace/install/ouster_srvs/lib:/home/jetson/ros-workspace/install/ouster_msgs/lib:/home/jetson/ros-workspace/install/pointcloud_to_laserscan/lib:/home/jetson/ros-workspace/install/ouster_ros/lib:/opt/ros/foxy/opt/yaml_cpp_vendor/lib:/opt/ros/foxy/opt/rviz_ogre_vendor/lib:/opt/ros/foxy/lib/aarch64-linux-gnu:/opt/ros/foxy/lib:/usr/local/cuda-11.4/lib64 /usr/bin/cmake --install /home/jetson/ros-workspace/build/ouster_ros
[143.166s] -- Install configuration: "Release"
[143.171s] -- Execute custom install script
[143.177s] -- Up-to-date symlink: /home/jetson/ros-workspace/install/ouster_ros/include/ouster/impl/build.h
[143.183s] -- Up-to-date symlink: /home/jetson/ros-workspace/install/ouster_ros/include/ouster/buffered_udp_source.h
[143.185s] -- Up-to-date symlink: /home/jetson/ros-workspace/install/ouster_ros/include/ouster/client.h
[143.187s] -- Up-to-date symlink: /home/jetson/ros-workspace/install/ouster_ros/include/ouster/image_processing.h
[143.189s] -- Up-to-date symlink: /home/jetson/ros-workspace/install/ouster_ros/include/ouster/impl/cartesian.h
[143.191s] -- Up-to-date symlink: /home/jetson/ros-workspace/install/ouster_ros/include/ouster/impl/lidar_scan_impl.h
[143.193s] -- Up-to-date symlink: /home/jetson/ros-workspace/install/ouster_ros/include/ouster/lidar_scan.h
[143.195s] -- Up-to-date symlink: /home/jetson/ros-workspace/install/ouster_ros/include/ouster/sensor_http.h
[143.196s] -- Up-to-date symlink: /home/jetson/ros-workspace/install/ouster_ros/include/ouster/types.h
[143.198s] -- Up-to-date symlink: /home/jetson/ros-workspace/install/ouster_ros/include/ouster/version.h
[143.202s] -- Up-to-date symlink: /home/jetson/ros-workspace/install/ouster_ros/include/optional-lite/nonstd/optional.hpp
[143.205s] -- Up-to-date symlink: /home/jetson/ros-workspace/install/ouster_ros/lib/cmake/OusterSDK/OusterSDKConfig.cmake
[143.207s] -- Up-to-date symlink: /home/jetson/ros-workspace/install/ouster_ros/lib/cmake/OusterSDK/OusterSDKConfigVersion.cmake
[143.209s] -- Up-to-date symlink: /home/jetson/ros-workspace/install/ouster_ros/share/LICENSE
[143.211s] -- Up-to-date symlink: /home/jetson/ros-workspace/install/ouster_ros/share/LICENSE-bin
[143.214s] -- Up-to-date symlink: /home/jetson/ros-workspace/install/ouster_ros/lib/ouster_ros/os_sensor
[143.218s] -- Up-to-date symlink: /home/jetson/ros-workspace/install/ouster_ros/lib/ouster_ros/os_replay
[143.221s] -- Up-to-date symlink: /home/jetson/ros-workspace/install/ouster_ros/lib/ouster_ros/os_cloud
[143.224s] -- Up-to-date symlink: /home/jetson/ros-workspace/install/ouster_ros/lib/ouster_ros/os_image
[143.227s] -- Up-to-date symlink: /home/jetson/ros-workspace/install/ouster_ros/lib/libouster_ros_library.so
[143.229s] -- Up-to-date symlink: /home/jetson/ros-workspace/install/ouster_ros/lib/libos_sensor_component.so
[143.231s] -- Up-to-date symlink: /home/jetson/ros-workspace/install/ouster_ros/lib/libos_replay_component.so
[143.234s] -- Up-to-date symlink: /home/jetson/ros-workspace/install/ouster_ros/lib/libos_cloud_component.so
[143.236s] -- Up-to-date symlink: /home/jetson/ros-workspace/install/ouster_ros/lib/libos_image_component.so
[143.241s] -- Up-to-date symlink: /home/jetson/ros-workspace/install/ouster_ros/include/ouster_ros/include/ouster_ros/os_point.h
[143.243s] -- Up-to-date symlink: /home/jetson/ros-workspace/install/ouster_ros/include/ouster_ros/include/ouster_ros/os_processing_node_base.h
[143.245s] -- Up-to-date symlink: /home/jetson/ros-workspace/install/ouster_ros/include/ouster_ros/include/ouster_ros/os_ros.h
[143.246s] -- Up-to-date symlink: /home/jetson/ros-workspace/install/ouster_ros/include/ouster_ros/include/ouster_ros/os_sensor_node_base.h
[143.248s] -- Up-to-date symlink: /home/jetson/ros-workspace/install/ouster_ros/include/ouster_ros/include/ouster_ros/visibility_control.h
[143.254s] -- Up-to-date symlink: /home/jetson/ros-workspace/install/ouster_ros/include/ouster_ros/include/optional-lite/nonstd/optional.hpp
[143.255s] -- Up-to-date symlink: /home/jetson/ros-workspace/install/ouster_ros/include/ouster_ros/include/ouster/buffered_udp_source.h
[143.257s] -- Up-to-date symlink: /home/jetson/ros-workspace/install/ouster_ros/include/ouster_ros/include/ouster/client.h
[143.258s] -- Up-to-date symlink: /home/jetson/ros-workspace/install/ouster_ros/include/ouster_ros/include/ouster/image_processing.h
[143.260s] -- Up-to-date symlink: /home/jetson/ros-workspace/install/ouster_ros/include/ouster_ros/include/ouster/impl/cartesian.h
[143.262s] -- Up-to-date symlink: /home/jetson/ros-workspace/install/ouster_ros/include/ouster_ros/include/ouster/impl/lidar_scan_impl.h
[143.266s] -- Up-to-date symlink: /home/jetson/ros-workspace/install/ouster_ros/include/ouster_ros/include/ouster/lidar_scan.h
[143.267s] -- Up-to-date symlink: /home/jetson/ros-workspace/install/ouster_ros/include/ouster_ros/include/ouster/sensor_http.h
[143.269s] -- Up-to-date symlink: /home/jetson/ros-workspace/install/ouster_ros/include/ouster_ros/include/ouster/types.h
[143.271s] -- Up-to-date symlink: /home/jetson/ros-workspace/install/ouster_ros/include/ouster_ros/include/ouster/version.h
[143.274s] -- Up-to-date symlink: /home/jetson/ros-workspace/install/ouster_ros/include/ouster_ros/optional-lite/nonstd/optional.hpp
[143.277s] -- Up-to-date symlink: /home/jetson/ros-workspace/install/ouster_ros/share/ouster_ros/LICENSE
[143.282s] -- Up-to-date symlink: /home/jetson/ros-workspace/install/ouster_ros/share/ouster_ros/launch/record.independent.launch.xml
[143.284s] -- Up-to-date symlink: /home/jetson/ros-workspace/install/ouster_ros/share/ouster_ros/launch/record.launch.xml
[143.285s] -- Up-to-date symlink: /home/jetson/ros-workspace/install/ouster_ros/share/ouster_ros/launch/replay.independent.launch.xml
[143.287s] -- Up-to-date symlink: /home/jetson/ros-workspace/install/ouster_ros/share/ouster_ros/launch/replay.launch.xml
[143.289s] -- Up-to-date symlink: /home/jetson/ros-workspace/install/ouster_ros/share/ouster_ros/launch/rviz.launch.py
[143.290s] -- Up-to-date symlink: /home/jetson/ros-workspace/install/ouster_ros/share/ouster_ros/launch/rviz.launch.xml
[143.291s] -- Up-to-date symlink: /home/jetson/ros-workspace/install/ouster_ros/share/ouster_ros/launch/sensor.composite.launch.py
[143.293s] -- Up-to-date symlink: /home/jetson/ros-workspace/install/ouster_ros/share/ouster_ros/launch/sensor.composite.launch.xml
[143.295s] -- Up-to-date symlink: /home/jetson/ros-workspace/install/ouster_ros/share/ouster_ros/launch/sensor.independent.launch.py
[143.296s] -- Up-to-date symlink: /home/jetson/ros-workspace/install/ouster_ros/share/ouster_ros/launch/sensor.independent.launch.xml
[143.298s] -- Up-to-date symlink: /home/jetson/ros-workspace/install/ouster_ros/share/ouster_ros/launch/sensor.launch.xml
[143.300s] -- Up-to-date symlink: /home/jetson/ros-workspace/install/ouster_ros/share/ouster_ros/launch/sensor_mtp.launch.xml
[143.303s] -- Up-to-date symlink: /home/jetson/ros-workspace/install/ouster_ros/share/ouster_ros/config/metadata-qos-override.yaml
[143.305s] -- Up-to-date symlink: /home/jetson/ros-workspace/install/ouster_ros/share/ouster_ros/config/parameters.yaml
[143.306s] -- Up-to-date symlink: /home/jetson/ros-workspace/install/ouster_ros/share/ouster_ros/config/viz.rviz
[143.309s] -- Up-to-date symlink: /home/jetson/ros-workspace/install/ouster_ros/share/ouster_ros/environment/library_path.sh
[143.311s] -- Up-to-date symlink: /home/jetson/ros-workspace/install/ouster_ros/share/ouster_ros/environment/library_path.dsv
[143.314s] -- Up-to-date symlink: /home/jetson/ros-workspace/install/ouster_ros/share/ament_index/resource_index/package_run_dependencies/ouster_ros
[143.317s] -- Up-to-date symlink: /home/jetson/ros-workspace/install/ouster_ros/share/ament_index/resource_index/parent_prefix_path/ouster_ros
[143.319s] -- Up-to-date symlink: /home/jetson/ros-workspace/install/ouster_ros/share/ouster_ros/environment/ament_prefix_path.sh
[143.321s] -- Up-to-date symlink: /home/jetson/ros-workspace/install/ouster_ros/share/ouster_ros/environment/ament_prefix_path.dsv
[143.323s] -- Up-to-date symlink: /home/jetson/ros-workspace/install/ouster_ros/share/ouster_ros/environment/path.sh
[143.326s] -- Up-to-date symlink: /home/jetson/ros-workspace/install/ouster_ros/share/ouster_ros/environment/path.dsv
[143.328s] -- Up-to-date symlink: /home/jetson/ros-workspace/install/ouster_ros/share/ouster_ros/local_setup.bash
[143.330s] -- Up-to-date symlink: /home/jetson/ros-workspace/install/ouster_ros/share/ouster_ros/local_setup.sh
[143.332s] -- Up-to-date symlink: /home/jetson/ros-workspace/install/ouster_ros/share/ouster_ros/local_setup.zsh
[143.335s] -- Up-to-date symlink: /home/jetson/ros-workspace/install/ouster_ros/share/ouster_ros/local_setup.dsv
[143.336s] -- Symlinking: /home/jetson/ros-workspace/install/ouster_ros/share/ouster_ros/package.dsv
[143.392s] -- Up-to-date symlink: /home/jetson/ros-workspace/install/ouster_ros/share/ament_index/resource_index/packages/ouster_ros
[143.395s] -- Up-to-date symlink: /home/jetson/ros-workspace/install/ouster_ros/share/ament_index/resource_index/rclcpp_components/ouster_ros
[143.397s] -- Up-to-date symlink: /home/jetson/ros-workspace/install/ouster_ros/share/ouster_ros/cmake/ament_cmake_export_include_directories-extras.cmake
[143.399s] -- Up-to-date symlink: /home/jetson/ros-workspace/install/ouster_ros/share/ouster_ros/cmake/ament_cmake_export_dependencies-extras.cmake
[143.402s] -- Up-to-date symlink: /home/jetson/ros-workspace/install/ouster_ros/share/ouster_ros/cmake/ament_cmake_export_libraries-extras.cmake
[143.404s] -- Up-to-date symlink: /home/jetson/ros-workspace/install/ouster_ros/share/ouster_ros/cmake/ouster_rosConfig.cmake
[143.406s] -- Up-to-date symlink: /home/jetson/ros-workspace/install/ouster_ros/share/ouster_ros/cmake/ouster_rosConfig-version.cmake
[143.408s] -- Up-to-date symlink: /home/jetson/ros-workspace/install/ouster_ros/share/ouster_ros/package.xml
[143.426s] Invoked command in '/home/jetson/ros-workspace/build/ouster_ros' returned '0': CMAKE_PREFIX_PATH=/home/jetson/ros-workspace/install/ouster_srvs:/home/jetson/ros-workspace/install/ouster_msgs:/home/jetson/ros-workspace/install/ros2_esp32:/home/jetson/ros-workspace/install/pointcloud_to_laserscan:/home/jetson/ros-workspace/install/ouster_ros:/home/jetson/ros-workspace/install/navigation:/home/jetson/ros-workspace/install/micro_ros_setup:/opt/ros/foxy LD_LIBRARY_PATH=/home/jetson/ros-workspace/install/ouster_srvs/lib:/home/jetson/ros-workspace/install/ouster_msgs/lib:/home/jetson/ros-workspace/install/pointcloud_to_laserscan/lib:/home/jetson/ros-workspace/install/ouster_ros/lib:/opt/ros/foxy/opt/yaml_cpp_vendor/lib:/opt/ros/foxy/opt/rviz_ogre_vendor/lib:/opt/ros/foxy/lib/aarch64-linux-gnu:/opt/ros/foxy/lib:/usr/local/cuda-11.4/lib64 /usr/bin/cmake --install /home/jetson/ros-workspace/build/ouster_ros
