[0.715s] Invoking command in '/home/jetson/ros-workspace/build/ros2_esp32': CMAKE_PREFIX_PATH=${CMAKE_PREFIX_PATH}:/home/jetson/ros-workspace/install/urdf_tutorial_r2d2:/opt/ros/foxy /usr/bin/cmake --build /home/jetson/ros-workspace/build/ros2_esp32 -- -j6 -l6
[1.335s] [ 50%] Built target string_publisher
[1.340s] [100%] Built target integer_publisher
[2.965s] Invoked command in '/home/jetson/ros-workspace/build/ros2_esp32' returned '0': CMAKE_PREFIX_PATH=${CMAKE_PREFIX_PATH}:/home/jetson/ros-workspace/install/urdf_tutorial_r2d2:/opt/ros/foxy /usr/bin/cmake --build /home/jetson/ros-workspace/build/ros2_esp32 -- -j6 -l6
[3.314s] Invoking command in '/home/jetson/ros-workspace/build/ros2_esp32': CMAKE_PREFIX_PATH=${CMAKE_PREFIX_PATH}:/home/jetson/ros-workspace/install/urdf_tutorial_r2d2:/opt/ros/foxy /usr/bin/cmake --install /home/jetson/ros-workspace/build/ros2_esp32
[3.421s] -- Install configuration: "Release"
[3.421s] -- Execute custom install script
[3.434s] -- Up-to-date symlink: /home/jetson/ros-workspace/install/ros2_esp32/lib/ros2_esp32/integer_publisher
[3.444s] -- Up-to-date symlink: /home/jetson/ros-workspace/install/ros2_esp32/lib/ros2_esp32/string_publisher
[3.456s] -- Up-to-date symlink: /home/jetson/ros-workspace/install/ros2_esp32/share/ament_index/resource_index/package_run_dependencies/ros2_esp32
[3.463s] -- Up-to-date symlink: /home/jetson/ros-workspace/install/ros2_esp32/share/ament_index/resource_index/parent_prefix_path/ros2_esp32
[3.469s] -- Up-to-date symlink: /home/jetson/ros-workspace/install/ros2_esp32/share/ros2_esp32/environment/ament_prefix_path.sh
[3.476s] -- Up-to-date symlink: /home/jetson/ros-workspace/install/ros2_esp32/share/ros2_esp32/environment/ament_prefix_path.dsv
[3.489s] -- Up-to-date symlink: /home/jetson/ros-workspace/install/ros2_esp32/share/ros2_esp32/environment/path.sh
[3.493s] -- Up-to-date symlink: /home/jetson/ros-workspace/install/ros2_esp32/share/ros2_esp32/environment/path.dsv
[3.498s] -- Up-to-date symlink: /home/jetson/ros-workspace/install/ros2_esp32/share/ros2_esp32/local_setup.bash
[3.501s] -- Up-to-date symlink: /home/jetson/ros-workspace/install/ros2_esp32/share/ros2_esp32/local_setup.sh
[3.508s] -- Up-to-date symlink: /home/jetson/ros-workspace/install/ros2_esp32/share/ros2_esp32/local_setup.zsh
[3.509s] -- Up-to-date symlink: /home/jetson/ros-workspace/install/ros2_esp32/share/ros2_esp32/local_setup.dsv
[3.518s] -- Symlinking: /home/jetson/ros-workspace/install/ros2_esp32/share/ros2_esp32/package.dsv
[3.623s] -- Up-to-date symlink: /home/jetson/ros-workspace/install/ros2_esp32/share/ament_index/resource_index/packages/ros2_esp32
[3.632s] -- Up-to-date symlink: /home/jetson/ros-workspace/install/ros2_esp32/share/ros2_esp32/cmake/ros2_esp32Config.cmake
[3.634s] -- Up-to-date symlink: /home/jetson/ros-workspace/install/ros2_esp32/share/ros2_esp32/cmake/ros2_esp32Config-version.cmake
[3.637s] -- Up-to-date symlink: /home/jetson/ros-workspace/install/ros2_esp32/share/ros2_esp32/package.xml
[3.659s] Invoked command in '/home/jetson/ros-workspace/build/ros2_esp32' returned '0': CMAKE_PREFIX_PATH=${CMAKE_PREFIX_PATH}:/home/jetson/ros-workspace/install/urdf_tutorial_r2d2:/opt/ros/foxy /usr/bin/cmake --install /home/jetson/ros-workspace/build/ros2_esp32
