[0.120s] Invoking command in '/home/jetson/ros-workspace/build/sbg_driver': CMAKE_PREFIX_PATH=${CMAKE_PREFIX_PATH}:/opt/ros/foxy /usr/bin/cmake /home/jetson/ros-workspace/src/sbg_ros2_driver -DCMAKE_BUILD_TYPE=Release -DAMENT_CMAKE_SYMLINK_INSTALL=1 -DCMAKE_INSTALL_PREFIX=/home/jetson/ros-workspace/install/sbg_driver
[1.038s] -- The C compiler identification is GNU 9.4.0
[1.852s] -- The CXX compiler identification is GNU 9.4.0
[1.938s] -- Check for working C compiler: /usr/bin/cc
[2.929s] -- Check for working C compiler: /usr/bin/cc -- works
[2.945s] -- Detecting C compiler ABI info
[4.424s] -- Detecting C compiler ABI info - done
[4.749s] -- Detecting C compile features
[4.754s] -- Detecting C compile features - done
[4.829s] -- Check for working CXX compiler: /usr/bin/c++
[6.288s] -- Check for working CXX compiler: /usr/bin/c++ -- works
[6.312s] -- Detecting CXX compiler ABI info
[7.782s] -- Detecting CXX compiler ABI info - done
[7.963s] -- Detecting CXX compile features
[7.967s] -- Detecting CXX compile features - done
[8.042s] -- Found ament_cmake: 0.9.12 (/opt/ros/foxy/share/ament_cmake/cmake)
[8.306s] -- Found PythonInterp: /usr/bin/python3 (found suitable version "3.8.10", minimum required is "3") 
[8.308s] -- Using PYTHON_EXECUTABLE: /usr/bin/python3
[10.127s] -- Override CMake install command with custom implementation using symlinks instead of copying resources
[10.477s] -- Found rclcpp: 2.4.3 (/opt/ros/foxy/share/rclcpp/cmake)
[11.023s] -- Using all available rosidl_typesupport_c: rosidl_typesupport_fastrtps_c;rosidl_typesupport_introspection_c
[11.090s] -- Found rosidl_adapter: 1.3.1 (/opt/ros/foxy/share/rosidl_adapter/cmake)
[11.890s] -- Found OpenSSL: /usr/lib/aarch64-linux-gnu/libcrypto.so (found version "1.1.1f")  
[12.116s] -- Found FastRTPS: /opt/ros/foxy/include  
[12.735s] -- Using all available rosidl_typesupport_cpp: rosidl_typesupport_fastrtps_cpp;rosidl_typesupport_introspection_cpp
[13.188s] -- Found rmw_implementation_cmake: 1.0.4 (/opt/ros/foxy/share/rmw_implementation_cmake/cmake)
[13.199s] -- Using RMW implementation 'rmw_fastrtps_cpp' as default
[13.205s] -- Looking for pthread.h
[13.768s] -- Looking for pthread.h - found
[13.770s] -- Performing Test CMAKE_HAVE_LIBC_PTHREAD
[14.368s] -- Performing Test CMAKE_HAVE_LIBC_PTHREAD - Failed
[14.370s] -- Looking for pthread_create in pthreads
[14.819s] -- Looking for pthread_create in pthreads - not found
[14.820s] -- Looking for pthread_create in pthread
[15.353s] -- Looking for pthread_create in pthread - found
[15.359s] -- Found Threads: TRUE  
[16.370s] -- Found sensor_msgs: 2.0.5 (/opt/ros/foxy/share/sensor_msgs/cmake)
[17.019s] -- Found std_srvs: 2.0.5 (/opt/ros/foxy/share/std_srvs/cmake)
[17.099s] -- Found rosidl_default_generators: 1.0.1 (/opt/ros/foxy/share/rosidl_default_generators/cmake)
[17.191s] -- Found nav_msgs: 2.0.5 (/opt/ros/foxy/share/nav_msgs/cmake)
[17.575s] -- Found tf2_ros: 0.13.14 (/opt/ros/foxy/share/tf2_ros/cmake)
[19.397s] -- Found tf2_geometry_msgs: 0.13.14 (/opt/ros/foxy/share/tf2_geometry_msgs/cmake)
[19.455s] -- Found eigen3_cmake_module: 0.1.1 (/opt/ros/foxy/share/eigen3_cmake_module/cmake)
[19.479s] -- Found Eigen3: TRUE (found version "3.3.7") 
[19.656s] -- Found Boost: /usr/lib/aarch64-linux-gnu/cmake/Boost-1.71.0/BoostConfig.cmake (found version "1.71.0")  
[19.839s] -- Found PythonInterp: /usr/bin/python3 (found version "3.8.10") 
[21.899s] -- Found ament_cmake_ros: 0.9.2 (/opt/ros/foxy/share/ament_cmake_ros/cmake)
[23.504s] -- Using all available rosidl_typesupport_c: rosidl_typesupport_fastrtps_c;rosidl_typesupport_introspection_c
[24.244s] -- Using all available rosidl_typesupport_cpp: rosidl_typesupport_fastrtps_cpp;rosidl_typesupport_introspection_cpp
[24.394s] -- Found PythonInterp: /usr/bin/python3 (found suitable version "3.8.10", minimum required is "3.5") 
[24.408s] -- Found python_cmake_module: 0.8.1 (/opt/ros/foxy/share/python_cmake_module/cmake)
[24.566s] -- Found PythonLibs: /usr/lib/aarch64-linux-gnu/libpython3.8.so (found suitable version "3.8.10", minimum required is "3.5") 
[24.567s] -- Using PYTHON_EXECUTABLE: /usr/bin/python3
[24.568s] -- Using PYTHON_INCLUDE_DIRS: /usr/include/python3.8
[24.568s] -- Using PYTHON_LIBRARIES: /usr/lib/aarch64-linux-gnu/libpython3.8.so
[24.693s] -- Found PythonExtra: .so  
[25.314s] CMake Error at CMakeLists.txt:122 (rosidl_get_typesupport_target):
[25.316s]   Unknown CMake command "rosidl_get_typesupport_target".
[25.316s] 
[25.317s] 
[25.347s] -- Configuring incomplete, errors occurred!
[25.348s] See also "/home/jetson/ros-workspace/build/sbg_driver/CMakeFiles/CMakeOutput.log".
[25.348s] See also "/home/jetson/ros-workspace/build/sbg_driver/CMakeFiles/CMakeError.log".
[25.413s] Invoked command in '/home/jetson/ros-workspace/build/sbg_driver' returned '1': CMAKE_PREFIX_PATH=${CMAKE_PREFIX_PATH}:/opt/ros/foxy /usr/bin/cmake /home/jetson/ros-workspace/src/sbg_ros2_driver -DCMAKE_BUILD_TYPE=Release -DAMENT_CMAKE_SYMLINK_INSTALL=1 -DCMAKE_INSTALL_PREFIX=/home/jetson/ros-workspace/install/sbg_driver
