[0.296s] Invoking command in '/home/jetson/ros-workspace/build/pointcloud_to_laserscan': CMAKE_PREFIX_PATH=${CMAKE_PREFIX_PATH}:/home/jetson/ros-workspace/install/urdf_tutorial_r2d2:/opt/ros/foxy /usr/bin/cmake --build /home/jetson/ros-workspace/build/pointcloud_to_laserscan -- -j6 -l6
[1.327s] [ 20%] Built target laserscan_to_pointcloud_node
[1.339s] [ 40%] Built target pointcloud_to_laserscan_node
[1.441s] [ 80%] Built target pointcloud_to_laserscan
[1.442s] [ 80%] Built target dummy_pointcloud_publisher
[1.444s] [100%] Built target laserscan_to_pointcloud
[1.587s] Invoked command in '/home/jetson/ros-workspace/build/pointcloud_to_laserscan' returned '0': CMAKE_PREFIX_PATH=${CMAKE_PREFIX_PATH}:/home/jetson/ros-workspace/install/urdf_tutorial_r2d2:/opt/ros/foxy /usr/bin/cmake --build /home/jetson/ros-workspace/build/pointcloud_to_laserscan -- -j6 -l6
[1.884s] Invoking command in '/home/jetson/ros-workspace/build/pointcloud_to_laserscan': CMAKE_PREFIX_PATH=${CMAKE_PREFIX_PATH}:/home/jetson/ros-workspace/install/urdf_tutorial_r2d2:/opt/ros/foxy /usr/bin/cmake --install /home/jetson/ros-workspace/build/pointcloud_to_laserscan
[1.948s] -- Install configuration: "Release"
[1.952s] -- Execute custom install script
[1.956s] -- Up-to-date symlink: /home/jetson/ros-workspace/install/pointcloud_to_laserscan/lib/pointcloud_to_laserscan/laserscan_to_pointcloud_node
[1.959s] -- Up-to-date symlink: /home/jetson/ros-workspace/install/pointcloud_to_laserscan/lib/pointcloud_to_laserscan/pointcloud_to_laserscan_node
[1.964s] -- Up-to-date symlink: /home/jetson/ros-workspace/install/pointcloud_to_laserscan/lib/liblaserscan_to_pointcloud.so
[1.968s] -- Up-to-date symlink: /home/jetson/ros-workspace/install/pointcloud_to_laserscan/lib/libpointcloud_to_laserscan.so
[1.971s] -- Up-to-date symlink: /home/jetson/ros-workspace/install/pointcloud_to_laserscan/lib/pointcloud_to_laserscan/dummy_pointcloud_publisher
[1.991s] -- Up-to-date symlink: /home/jetson/ros-workspace/install/pointcloud_to_laserscan/include/include/pointcloud_to_laserscan/laserscan_to_pointcloud_node.hpp
[1.992s] -- Up-to-date symlink: /home/jetson/ros-workspace/install/pointcloud_to_laserscan/include/include/pointcloud_to_laserscan/pointcloud_to_laserscan_node.hpp
[1.992s] -- Up-to-date symlink: /home/jetson/ros-workspace/install/pointcloud_to_laserscan/include/include/pointcloud_to_laserscan/visibility_control.h
[2.011s] -- Up-to-date symlink: /home/jetson/ros-workspace/install/pointcloud_to_laserscan/share/pointcloud_to_laserscan/launch/pcl_to_laser_launch.py
[2.012s] -- Up-to-date symlink: /home/jetson/ros-workspace/install/pointcloud_to_laserscan/share/pointcloud_to_laserscan/launch/sample_laserscan_to_pointcloud_launch.py
[2.013s] -- Up-to-date symlink: /home/jetson/ros-workspace/install/pointcloud_to_laserscan/share/pointcloud_to_laserscan/launch/sample_pointcloud_to_laserscan_launch.py
[2.013s] -- Up-to-date symlink: /home/jetson/ros-workspace/install/pointcloud_to_laserscan/share/ament_index/resource_index/package_run_dependencies/pointcloud_to_laserscan
[2.015s] -- Up-to-date symlink: /home/jetson/ros-workspace/install/pointcloud_to_laserscan/share/ament_index/resource_index/parent_prefix_path/pointcloud_to_laserscan
[2.015s] -- Up-to-date symlink: /home/jetson/ros-workspace/install/pointcloud_to_laserscan/share/pointcloud_to_laserscan/environment/ament_prefix_path.sh
[2.016s] -- Up-to-date symlink: /home/jetson/ros-workspace/install/pointcloud_to_laserscan/share/pointcloud_to_laserscan/environment/ament_prefix_path.dsv
[2.016s] -- Up-to-date symlink: /home/jetson/ros-workspace/install/pointcloud_to_laserscan/share/pointcloud_to_laserscan/environment/path.sh
[2.017s] -- Up-to-date symlink: /home/jetson/ros-workspace/install/pointcloud_to_laserscan/share/pointcloud_to_laserscan/environment/path.dsv
[2.020s] -- Up-to-date symlink: /home/jetson/ros-workspace/install/pointcloud_to_laserscan/share/pointcloud_to_laserscan/local_setup.bash
[2.022s] -- Up-to-date symlink: /home/jetson/ros-workspace/install/pointcloud_to_laserscan/share/pointcloud_to_laserscan/local_setup.sh
[2.025s] -- Up-to-date symlink: /home/jetson/ros-workspace/install/pointcloud_to_laserscan/share/pointcloud_to_laserscan/local_setup.zsh
[2.028s] -- Up-to-date symlink: /home/jetson/ros-workspace/install/pointcloud_to_laserscan/share/pointcloud_to_laserscan/local_setup.dsv
[2.030s] -- Symlinking: /home/jetson/ros-workspace/install/pointcloud_to_laserscan/share/pointcloud_to_laserscan/package.dsv
[2.122s] -- Up-to-date symlink: /home/jetson/ros-workspace/install/pointcloud_to_laserscan/share/ament_index/resource_index/packages/pointcloud_to_laserscan
[2.123s] -- Up-to-date symlink: /home/jetson/ros-workspace/install/pointcloud_to_laserscan/share/ament_index/resource_index/rclcpp_components/pointcloud_to_laserscan
[2.123s] -- Up-to-date symlink: /home/jetson/ros-workspace/install/pointcloud_to_laserscan/share/pointcloud_to_laserscan/cmake/pointcloud_to_laserscanConfig.cmake
[2.124s] -- Up-to-date symlink: /home/jetson/ros-workspace/install/pointcloud_to_laserscan/share/pointcloud_to_laserscan/cmake/pointcloud_to_laserscanConfig-version.cmake
[2.127s] -- Up-to-date symlink: /home/jetson/ros-workspace/install/pointcloud_to_laserscan/share/pointcloud_to_laserscan/package.xml
[2.366s] Invoked command in '/home/jetson/ros-workspace/build/pointcloud_to_laserscan' returned '0': CMAKE_PREFIX_PATH=${CMAKE_PREFIX_PATH}:/home/jetson/ros-workspace/install/urdf_tutorial_r2d2:/opt/ros/foxy /usr/bin/cmake --install /home/jetson/ros-workspace/build/pointcloud_to_laserscan
