[0.531s] Invoking command in '/home/jetson/ros-workspace/build/ouster_srvs': CMAKE_PREFIX_PATH=${CMAKE_PREFIX_PATH}:/home/jetson/ros-workspace/install/urdf_tutorial_r2d2:/opt/ros/foxy /usr/bin/cmake --build /home/jetson/ros-workspace/build/ouster_srvs -- -j6 -l6
[1.421s] [ 10%] Built target ouster_srvs__rosidl_generator_c
[1.453s] [ 12%] Built target ouster_srvs__cpp
[2.043s] [ 23%] Built target ouster_srvs__rosidl_typesupport_c
[2.114s] [ 34%] Built target ouster_srvs__rosidl_typesupport_introspection_c
[2.124s] [ 44%] Built target ouster_srvs__rosidl_typesupport_introspection_cpp
[2.163s] [ 55%] Built target ouster_srvs__rosidl_typesupport_fastrtps_cpp
[2.253s] [ 65%] Built target ouster_srvs__rosidl_typesupport_cpp
[2.611s] [ 76%] Built target ouster_srvs__rosidl_typesupport_fastrtps_c
[2.839s] [ 76%] Built target ouster_srvs
[2.950s] [ 78%] Built target ouster_srvs__py
[3.346s] [ 87%] Built target ouster_srvs__python
[3.736s] [ 91%] Built target ouster_srvs__rosidl_typesupport_fastrtps_c__pyext
[3.764s] [ 95%] Built target ouster_srvs__rosidl_typesupport_c__pyext
[3.774s] [100%] Built target ouster_srvs__rosidl_typesupport_introspection_c__pyext
[5.873s] Invoked command in '/home/jetson/ros-workspace/build/ouster_srvs' returned '0': CMAKE_PREFIX_PATH=${CMAKE_PREFIX_PATH}:/home/jetson/ros-workspace/install/urdf_tutorial_r2d2:/opt/ros/foxy /usr/bin/cmake --build /home/jetson/ros-workspace/build/ouster_srvs -- -j6 -l6
[7.214s] Invoking command in '/home/jetson/ros-workspace/build/ouster_srvs': CMAKE_PREFIX_PATH=${CMAKE_PREFIX_PATH}:/home/jetson/ros-workspace/install/urdf_tutorial_r2d2:/opt/ros/foxy /usr/bin/cmake --install /home/jetson/ros-workspace/build/ouster_srvs
[7.302s] -- Install configuration: "Release"
[7.307s] -- Execute custom install script
[7.311s] -- Up-to-date symlink: /home/jetson/ros-workspace/install/ouster_srvs/share/ament_index/resource_index/rosidl_interfaces/ouster_srvs
[7.317s] -- Up-to-date symlink: /home/jetson/ros-workspace/install/ouster_srvs/include/ouster_srvs/msg/rosidl_generator_c__visibility_control.h
[7.319s] -- Up-to-date symlink: /home/jetson/ros-workspace/install/ouster_srvs/include/ouster_srvs/srv/detail/get_config__functions.h
[7.328s] -- Up-to-date symlink: /home/jetson/ros-workspace/install/ouster_srvs/include/ouster_srvs/srv/detail/get_config__struct.h
[7.330s] -- Up-to-date symlink: /home/jetson/ros-workspace/install/ouster_srvs/include/ouster_srvs/srv/detail/get_config__type_support.h
[7.331s] -- Up-to-date symlink: /home/jetson/ros-workspace/install/ouster_srvs/include/ouster_srvs/srv/detail/get_metadata__functions.h
[7.334s] -- Up-to-date symlink: /home/jetson/ros-workspace/install/ouster_srvs/include/ouster_srvs/srv/detail/get_metadata__struct.h
[7.336s] -- Up-to-date symlink: /home/jetson/ros-workspace/install/ouster_srvs/include/ouster_srvs/srv/detail/get_metadata__type_support.h
[7.338s] -- Up-to-date symlink: /home/jetson/ros-workspace/install/ouster_srvs/include/ouster_srvs/srv/detail/set_config__functions.h
[7.340s] -- Up-to-date symlink: /home/jetson/ros-workspace/install/ouster_srvs/include/ouster_srvs/srv/detail/set_config__struct.h
[7.342s] -- Up-to-date symlink: /home/jetson/ros-workspace/install/ouster_srvs/include/ouster_srvs/srv/detail/set_config__type_support.h
[7.343s] -- Up-to-date symlink: /home/jetson/ros-workspace/install/ouster_srvs/include/ouster_srvs/srv/get_config.h
[7.344s] -- Up-to-date symlink: /home/jetson/ros-workspace/install/ouster_srvs/include/ouster_srvs/srv/get_metadata.h
[7.345s] -- Up-to-date symlink: /home/jetson/ros-workspace/install/ouster_srvs/include/ouster_srvs/srv/set_config.h
[7.347s] -- Up-to-date symlink: /home/jetson/ros-workspace/install/ouster_srvs/share/ouster_srvs/environment/library_path.sh
[7.351s] -- Up-to-date symlink: /home/jetson/ros-workspace/install/ouster_srvs/share/ouster_srvs/environment/library_path.dsv
[7.358s] -- Up-to-date symlink: /home/jetson/ros-workspace/install/ouster_srvs/include/ouster_srvs/msg/rosidl_typesupport_fastrtps_c__visibility_control.h
[7.359s] -- Up-to-date symlink: /home/jetson/ros-workspace/install/ouster_srvs/include/ouster_srvs/srv/detail/get_config__rosidl_typesupport_fastrtps_c.h
[7.362s] -- Up-to-date symlink: /home/jetson/ros-workspace/install/ouster_srvs/include/ouster_srvs/srv/detail/get_metadata__rosidl_typesupport_fastrtps_c.h
[7.364s] -- Up-to-date symlink: /home/jetson/ros-workspace/install/ouster_srvs/include/ouster_srvs/srv/detail/set_config__rosidl_typesupport_fastrtps_c.h
[7.368s] -- Up-to-date symlink: /home/jetson/ros-workspace/install/ouster_srvs/lib/libouster_srvs__rosidl_typesupport_fastrtps_c.so
[7.377s] -- Up-to-date symlink: /home/jetson/ros-workspace/install/ouster_srvs/include/ouster_srvs/msg/rosidl_typesupport_fastrtps_cpp__visibility_control.h
[7.379s] -- Up-to-date symlink: /home/jetson/ros-workspace/install/ouster_srvs/include/ouster_srvs/srv/detail/get_config__rosidl_typesupport_fastrtps_cpp.hpp
[7.381s] -- Up-to-date symlink: /home/jetson/ros-workspace/install/ouster_srvs/include/ouster_srvs/srv/detail/get_metadata__rosidl_typesupport_fastrtps_cpp.hpp
[7.384s] -- Up-to-date symlink: /home/jetson/ros-workspace/install/ouster_srvs/include/ouster_srvs/srv/detail/set_config__rosidl_typesupport_fastrtps_cpp.hpp
[7.388s] -- Up-to-date symlink: /home/jetson/ros-workspace/install/ouster_srvs/lib/libouster_srvs__rosidl_typesupport_fastrtps_cpp.so
[7.394s] -- Up-to-date symlink: /home/jetson/ros-workspace/install/ouster_srvs/include/ouster_srvs/msg/rosidl_typesupport_introspection_c__visibility_control.h
[7.396s] -- Up-to-date symlink: /home/jetson/ros-workspace/install/ouster_srvs/include/ouster_srvs/srv/detail/get_config__rosidl_typesupport_introspection_c.h
[7.398s] -- Up-to-date symlink: /home/jetson/ros-workspace/install/ouster_srvs/include/ouster_srvs/srv/detail/get_metadata__rosidl_typesupport_introspection_c.h
[7.400s] -- Up-to-date symlink: /home/jetson/ros-workspace/install/ouster_srvs/include/ouster_srvs/srv/detail/set_config__rosidl_typesupport_introspection_c.h
[7.407s] -- Up-to-date symlink: /home/jetson/ros-workspace/install/ouster_srvs/include/ouster_srvs/msg/rosidl_generator_cpp__visibility_control.hpp
[7.410s] -- Up-to-date symlink: /home/jetson/ros-workspace/install/ouster_srvs/include/ouster_srvs/srv/detail/get_config__builder.hpp
[7.411s] -- Up-to-date symlink: /home/jetson/ros-workspace/install/ouster_srvs/include/ouster_srvs/srv/detail/get_config__struct.hpp
[7.417s] -- Up-to-date symlink: /home/jetson/ros-workspace/install/ouster_srvs/include/ouster_srvs/srv/detail/get_config__traits.hpp
[7.417s] -- Up-to-date symlink: /home/jetson/ros-workspace/install/ouster_srvs/include/ouster_srvs/srv/detail/get_config__type_support.hpp
[7.418s] -- Up-to-date symlink: /home/jetson/ros-workspace/install/ouster_srvs/include/ouster_srvs/srv/detail/get_metadata__builder.hpp
[7.419s] -- Up-to-date symlink: /home/jetson/ros-workspace/install/ouster_srvs/include/ouster_srvs/srv/detail/get_metadata__struct.hpp
[7.422s] -- Up-to-date symlink: /home/jetson/ros-workspace/install/ouster_srvs/include/ouster_srvs/srv/detail/get_metadata__traits.hpp
[7.426s] -- Up-to-date symlink: /home/jetson/ros-workspace/install/ouster_srvs/include/ouster_srvs/srv/detail/get_metadata__type_support.hpp
[7.427s] -- Up-to-date symlink: /home/jetson/ros-workspace/install/ouster_srvs/include/ouster_srvs/srv/detail/set_config__builder.hpp
[7.428s] -- Up-to-date symlink: /home/jetson/ros-workspace/install/ouster_srvs/include/ouster_srvs/srv/detail/set_config__struct.hpp
[7.434s] -- Up-to-date symlink: /home/jetson/ros-workspace/install/ouster_srvs/include/ouster_srvs/srv/detail/set_config__traits.hpp
[7.435s] -- Up-to-date symlink: /home/jetson/ros-workspace/install/ouster_srvs/include/ouster_srvs/srv/detail/set_config__type_support.hpp
[7.436s] -- Up-to-date symlink: /home/jetson/ros-workspace/install/ouster_srvs/include/ouster_srvs/srv/get_config.hpp
[7.437s] -- Up-to-date symlink: /home/jetson/ros-workspace/install/ouster_srvs/include/ouster_srvs/srv/get_metadata.hpp
[7.439s] -- Up-to-date symlink: /home/jetson/ros-workspace/install/ouster_srvs/include/ouster_srvs/srv/set_config.hpp
[7.449s] -- Up-to-date symlink: /home/jetson/ros-workspace/install/ouster_srvs/include/ouster_srvs/srv/detail/get_config__rosidl_typesupport_introspection_cpp.hpp
[7.451s] -- Up-to-date symlink: /home/jetson/ros-workspace/install/ouster_srvs/include/ouster_srvs/srv/detail/get_metadata__rosidl_typesupport_introspection_cpp.hpp
[7.453s] -- Up-to-date symlink: /home/jetson/ros-workspace/install/ouster_srvs/include/ouster_srvs/srv/detail/set_config__rosidl_typesupport_introspection_cpp.hpp
[7.456s] -- Up-to-date symlink: /home/jetson/ros-workspace/install/ouster_srvs/share/ouster_srvs/environment/pythonpath.sh
[7.458s] -- Up-to-date symlink: /home/jetson/ros-workspace/install/ouster_srvs/share/ouster_srvs/environment/pythonpath.dsv
[7.467s] -- Up-to-date symlink: /home/jetson/ros-workspace/install/ouster_srvs/lib/python3.8/site-packages/ouster_srvs/__init__.py
[7.468s] -- Up-to-date symlink: /home/jetson/ros-workspace/install/ouster_srvs/lib/python3.8/site-packages/ouster_srvs/srv/__init__.py
[7.471s] -- Up-to-date symlink: /home/jetson/ros-workspace/install/ouster_srvs/lib/python3.8/site-packages/ouster_srvs/srv/_get_config.py
[7.473s] -- Up-to-date symlink: /home/jetson/ros-workspace/install/ouster_srvs/lib/python3.8/site-packages/ouster_srvs/srv/_get_metadata.py
[7.476s] -- Up-to-date symlink: /home/jetson/ros-workspace/install/ouster_srvs/lib/python3.8/site-packages/ouster_srvs/srv/_set_config.py
[7.480s] -- Up-to-date symlink: /home/jetson/ros-workspace/install/ouster_srvs/lib/python3.8/site-packages/ouster_srvs/ouster_srvs_s__rosidl_typesupport_fastrtps_c.cpython-38-aarch64-linux-gnu.so
[7.483s] -- Up-to-date symlink: /home/jetson/ros-workspace/install/ouster_srvs/lib/python3.8/site-packages/ouster_srvs/ouster_srvs_s__rosidl_typesupport_introspection_c.cpython-38-aarch64-linux-gnu.so
[7.490s] -- Up-to-date symlink: /home/jetson/ros-workspace/install/ouster_srvs/lib/python3.8/site-packages/ouster_srvs/ouster_srvs_s__rosidl_typesupport_c.cpython-38-aarch64-linux-gnu.so
[7.491s] -- Up-to-date symlink: /home/jetson/ros-workspace/install/ouster_srvs/lib/libouster_srvs__python.so
[7.494s] -- Up-to-date symlink: /home/jetson/ros-workspace/install/ouster_srvs/share/ouster_srvs/srv/GetConfig.idl
[7.498s] -- Up-to-date symlink: /home/jetson/ros-workspace/install/ouster_srvs/share/ouster_srvs/srv/SetConfig.idl
[7.501s] -- Up-to-date symlink: /home/jetson/ros-workspace/install/ouster_srvs/share/ouster_srvs/srv/GetMetadata.idl
[7.504s] -- Up-to-date symlink: /home/jetson/ros-workspace/install/ouster_srvs/share/ouster_srvs/srv/GetConfig.srv
[7.506s] -- Up-to-date symlink: /home/jetson/ros-workspace/install/ouster_srvs/share/ouster_srvs/srv/GetConfig_Request.msg
[7.508s] -- Up-to-date symlink: /home/jetson/ros-workspace/install/ouster_srvs/share/ouster_srvs/srv/GetConfig_Response.msg
[7.514s] -- Up-to-date symlink: /home/jetson/ros-workspace/install/ouster_srvs/share/ouster_srvs/srv/SetConfig.srv
[7.515s] -- Up-to-date symlink: /home/jetson/ros-workspace/install/ouster_srvs/share/ouster_srvs/srv/SetConfig_Request.msg
[7.525s] -- Up-to-date symlink: /home/jetson/ros-workspace/install/ouster_srvs/share/ouster_srvs/srv/SetConfig_Response.msg
[7.528s] -- Up-to-date symlink: /home/jetson/ros-workspace/install/ouster_srvs/share/ouster_srvs/srv/GetMetadata.srv
[7.529s] -- Up-to-date symlink: /home/jetson/ros-workspace/install/ouster_srvs/share/ouster_srvs/srv/GetMetadata_Request.msg
[7.531s] -- Up-to-date symlink: /home/jetson/ros-workspace/install/ouster_srvs/share/ouster_srvs/srv/GetMetadata_Response.msg
[7.533s] -- Up-to-date symlink: /home/jetson/ros-workspace/install/ouster_srvs/share/ament_index/resource_index/package_run_dependencies/ouster_srvs
[7.535s] -- Up-to-date symlink: /home/jetson/ros-workspace/install/ouster_srvs/share/ament_index/resource_index/parent_prefix_path/ouster_srvs
[7.538s] -- Up-to-date symlink: /home/jetson/ros-workspace/install/ouster_srvs/share/ouster_srvs/environment/ament_prefix_path.sh
[7.539s] -- Up-to-date symlink: /home/jetson/ros-workspace/install/ouster_srvs/share/ouster_srvs/environment/ament_prefix_path.dsv
[7.540s] -- Up-to-date symlink: /home/jetson/ros-workspace/install/ouster_srvs/share/ouster_srvs/environment/path.sh
[7.543s] -- Up-to-date symlink: /home/jetson/ros-workspace/install/ouster_srvs/share/ouster_srvs/environment/path.dsv
[7.547s] -- Up-to-date symlink: /home/jetson/ros-workspace/install/ouster_srvs/share/ouster_srvs/local_setup.bash
[7.551s] -- Up-to-date symlink: /home/jetson/ros-workspace/install/ouster_srvs/share/ouster_srvs/local_setup.sh
[7.556s] -- Up-to-date symlink: /home/jetson/ros-workspace/install/ouster_srvs/share/ouster_srvs/local_setup.zsh
[7.559s] -- Up-to-date symlink: /home/jetson/ros-workspace/install/ouster_srvs/share/ouster_srvs/local_setup.dsv
[7.564s] -- Symlinking: /home/jetson/ros-workspace/install/ouster_srvs/share/ouster_srvs/package.dsv
[7.645s] -- Up-to-date symlink: /home/jetson/ros-workspace/install/ouster_srvs/share/ament_index/resource_index/packages/ouster_srvs
[7.650s] -- Up-to-date symlink: /home/jetson/ros-workspace/install/ouster_srvs/share/ouster_srvs/cmake/rosidl_cmake-extras.cmake
[7.656s] -- Up-to-date symlink: /home/jetson/ros-workspace/install/ouster_srvs/share/ouster_srvs/cmake/ament_cmake_export_dependencies-extras.cmake
[7.658s] -- Up-to-date symlink: /home/jetson/ros-workspace/install/ouster_srvs/share/ouster_srvs/cmake/ament_cmake_export_libraries-extras.cmake
[7.660s] -- Up-to-date symlink: /home/jetson/ros-workspace/install/ouster_srvs/share/ouster_srvs/cmake/ament_cmake_export_targets-extras.cmake
[7.661s] -- Up-to-date symlink: /home/jetson/ros-workspace/install/ouster_srvs/share/ouster_srvs/cmake/ament_cmake_export_include_directories-extras.cmake
[7.663s] -- Up-to-date symlink: /home/jetson/ros-workspace/install/ouster_srvs/share/ouster_srvs/cmake/rosidl_cmake_export_typesupport_libraries-extras.cmake
[7.666s] -- Up-to-date symlink: /home/jetson/ros-workspace/install/ouster_srvs/share/ouster_srvs/cmake/rosidl_cmake_export_typesupport_targets-extras.cmake
[7.669s] -- Up-to-date symlink: /home/jetson/ros-workspace/install/ouster_srvs/share/ouster_srvs/cmake/ouster_srvsConfig.cmake
[7.670s] -- Up-to-date symlink: /home/jetson/ros-workspace/install/ouster_srvs/share/ouster_srvs/cmake/ouster_srvsConfig-version.cmake
[7.672s] -- Up-to-date symlink: /home/jetson/ros-workspace/install/ouster_srvs/share/ouster_srvs/package.xml
[7.677s] -- Up-to-date: /home/jetson/ros-workspace/install/ouster_srvs/lib/libouster_srvs__rosidl_generator_c.so
[7.682s] -- Up-to-date: /home/jetson/ros-workspace/install/ouster_srvs/lib/libouster_srvs__rosidl_typesupport_introspection_c.so
[7.685s] -- Up-to-date: /home/jetson/ros-workspace/install/ouster_srvs/lib/libouster_srvs__rosidl_typesupport_c.so
[7.688s] -- Up-to-date: /home/jetson/ros-workspace/install/ouster_srvs/lib/libouster_srvs__rosidl_typesupport_introspection_cpp.so
[7.692s] -- Up-to-date: /home/jetson/ros-workspace/install/ouster_srvs/lib/libouster_srvs__rosidl_typesupport_cpp.so
[7.939s] -- Up-to-date: /home/jetson/ros-workspace/install/ouster_srvs/share/ouster_srvs/cmake/ouster_srvs__rosidl_generator_cExport.cmake
[7.940s] -- Up-to-date: /home/jetson/ros-workspace/install/ouster_srvs/share/ouster_srvs/cmake/ouster_srvs__rosidl_generator_cExport-release.cmake
[7.951s] -- Up-to-date: /home/jetson/ros-workspace/install/ouster_srvs/share/ouster_srvs/cmake/ouster_srvs__rosidl_typesupport_introspection_cExport.cmake
[7.952s] -- Up-to-date: /home/jetson/ros-workspace/install/ouster_srvs/share/ouster_srvs/cmake/ouster_srvs__rosidl_typesupport_introspection_cExport-release.cmake
[7.952s] -- Up-to-date: /home/jetson/ros-workspace/install/ouster_srvs/share/ouster_srvs/cmake/ouster_srvs__rosidl_typesupport_cExport.cmake
[7.953s] -- Up-to-date: /home/jetson/ros-workspace/install/ouster_srvs/share/ouster_srvs/cmake/ouster_srvs__rosidl_typesupport_cExport-release.cmake
[7.953s] -- Up-to-date: /home/jetson/ros-workspace/install/ouster_srvs/share/ouster_srvs/cmake/ouster_srvs__rosidl_generator_cppExport.cmake
[7.954s] -- Up-to-date: /home/jetson/ros-workspace/install/ouster_srvs/share/ouster_srvs/cmake/ouster_srvs__rosidl_typesupport_introspection_cppExport.cmake
[7.955s] -- Up-to-date: /home/jetson/ros-workspace/install/ouster_srvs/share/ouster_srvs/cmake/ouster_srvs__rosidl_typesupport_introspection_cppExport-release.cmake
[7.956s] -- Up-to-date: /home/jetson/ros-workspace/install/ouster_srvs/share/ouster_srvs/cmake/ouster_srvs__rosidl_typesupport_cppExport.cmake
[7.956s] -- Up-to-date: /home/jetson/ros-workspace/install/ouster_srvs/share/ouster_srvs/cmake/ouster_srvs__rosidl_typesupport_cppExport-release.cmake
[7.980s] Invoked command in '/home/jetson/ros-workspace/build/ouster_srvs' returned '0': CMAKE_PREFIX_PATH=${CMAKE_PREFIX_PATH}:/home/jetson/ros-workspace/install/urdf_tutorial_r2d2:/opt/ros/foxy /usr/bin/cmake --install /home/jetson/ros-workspace/build/ouster_srvs
