[0.155s] Invoking command in '/home/jetson/ros-workspace/build/micro_ros_setup': CMAKE_PREFIX_PATH=${CMAKE_PREFIX_PATH}:/opt/ros/foxy /usr/bin/cmake /home/jetson/ros-workspace/src/micro_ros_setup -DCMAKE_INSTALL_PREFIX=/home/jetson/ros-workspace/install/micro_ros_setup
[0.242s] -- Found ament_cmake: 0.9.11 (/opt/ros/foxy/share/ament_cmake/cmake)
[0.356s] -- Using PYTHON_EXECUTABLE: /usr/bin/python3
[1.151s] -- Override CMake install command with custom implementation using symlinks instead of copying resources
[1.190s] -- Found ament_lint_auto: 0.9.8 (/opt/ros/foxy/share/ament_lint_auto/cmake)
[1.501s] -- Added test 'copyright' to check source files copyright and LICENSE
[1.598s] -- Added test 'flake8' to check Python code syntax and style conventions
[1.609s] -- Added test 'lint_cmake' to check CMake code style
[1.618s] -- Added test 'pep257' to check Python code against some of the style conventions in PEP 257
[1.679s] -- Added test 'xmllint' to check XML markup files
[1.692s] -- Configuring done
[1.704s] -- Generating done
[1.711s] -- Build files have been written to: /home/jetson/ros-workspace/build/micro_ros_setup
[1.724s] Invoked command in '/home/jetson/ros-workspace/build/micro_ros_setup' returned '0': CMAKE_PREFIX_PATH=${CMAKE_PREFIX_PATH}:/opt/ros/foxy /usr/bin/cmake /home/jetson/ros-workspace/src/micro_ros_setup -DCMAKE_INSTALL_PREFIX=/home/jetson/ros-workspace/install/micro_ros_setup
[1.733s] Invoking command in '/home/jetson/ros-workspace/build/micro_ros_setup': CMAKE_PREFIX_PATH=${CMAKE_PREFIX_PATH}:/opt/ros/foxy /usr/bin/cmake --build /home/jetson/ros-workspace/build/micro_ros_setup -- -j4 -l4
[1.975s] Invoked command in '/home/jetson/ros-workspace/build/micro_ros_setup' returned '0': CMAKE_PREFIX_PATH=${CMAKE_PREFIX_PATH}:/opt/ros/foxy /usr/bin/cmake --build /home/jetson/ros-workspace/build/micro_ros_setup -- -j4 -l4
[2.174s] Invoking command in '/home/jetson/ros-workspace/build/micro_ros_setup': CMAKE_PREFIX_PATH=${CMAKE_PREFIX_PATH}:/opt/ros/foxy /usr/bin/cmake --install /home/jetson/ros-workspace/build/micro_ros_setup
[2.237s] -- Install configuration: "Release"
[2.242s] -- Execute custom install script
[2.246s] -- Up-to-date symlink: /home/jetson/ros-workspace/install/micro_ros_setup/share/ament_index/resource_index/package_run_dependencies/micro_ros_setup
[2.248s] -- Up-to-date symlink: /home/jetson/ros-workspace/install/micro_ros_setup/share/ament_index/resource_index/parent_prefix_path/micro_ros_setup
[2.251s] -- Up-to-date symlink: /home/jetson/ros-workspace/install/micro_ros_setup/share/micro_ros_setup/environment/ament_prefix_path.sh
[2.254s] -- Up-to-date symlink: /home/jetson/ros-workspace/install/micro_ros_setup/share/micro_ros_setup/environment/ament_prefix_path.dsv
[2.257s] -- Up-to-date symlink: /home/jetson/ros-workspace/install/micro_ros_setup/share/micro_ros_setup/environment/path.sh
[2.259s] -- Up-to-date symlink: /home/jetson/ros-workspace/install/micro_ros_setup/share/micro_ros_setup/environment/path.dsv
[2.262s] -- Up-to-date symlink: /home/jetson/ros-workspace/install/micro_ros_setup/share/micro_ros_setup/local_setup.bash
[2.265s] -- Up-to-date symlink: /home/jetson/ros-workspace/install/micro_ros_setup/share/micro_ros_setup/local_setup.sh
[2.269s] -- Up-to-date symlink: /home/jetson/ros-workspace/install/micro_ros_setup/share/micro_ros_setup/local_setup.zsh
[2.271s] -- Up-to-date symlink: /home/jetson/ros-workspace/install/micro_ros_setup/share/micro_ros_setup/local_setup.dsv
[2.273s] -- Symlinking: /home/jetson/ros-workspace/install/micro_ros_setup/share/micro_ros_setup/package.dsv
[2.322s] -- Up-to-date symlink: /home/jetson/ros-workspace/install/micro_ros_setup/share/ament_index/resource_index/packages/micro_ros_setup
[2.324s] -- Up-to-date symlink: /home/jetson/ros-workspace/install/micro_ros_setup/share/micro_ros_setup/cmake/micro_ros_setupConfig.cmake
[2.325s] -- Up-to-date symlink: /home/jetson/ros-workspace/install/micro_ros_setup/share/micro_ros_setup/cmake/micro_ros_setupConfig-version.cmake
[2.327s] -- Up-to-date symlink: /home/jetson/ros-workspace/install/micro_ros_setup/share/micro_ros_setup/package.xml
[2.328s] -- Up-to-date symlink: /home/jetson/ros-workspace/install/micro_ros_setup/lib/micro_ros_setup/create_ws.sh
[2.330s] -- Up-to-date symlink: /home/jetson/ros-workspace/install/micro_ros_setup/lib/micro_ros_setup/create_agent_ws.sh
[2.331s] -- Up-to-date symlink: /home/jetson/ros-workspace/install/micro_ros_setup/lib/micro_ros_setup/create_firmware_ws.sh
[2.331s] -- Up-to-date symlink: /home/jetson/ros-workspace/install/micro_ros_setup/lib/micro_ros_setup/configure_firmware.sh
[2.334s] -- Up-to-date symlink: /home/jetson/ros-workspace/install/micro_ros_setup/lib/micro_ros_setup/flash_firmware.sh
[2.335s] -- Up-to-date symlink: /home/jetson/ros-workspace/install/micro_ros_setup/lib/micro_ros_setup/reset_firmware.sh
[2.336s] -- Up-to-date symlink: /home/jetson/ros-workspace/install/micro_ros_setup/lib/micro_ros_setup/build_firmware.sh
[2.337s] -- Up-to-date symlink: /home/jetson/ros-workspace/install/micro_ros_setup/lib/micro_ros_setup/build_agent.sh
[2.338s] -- Up-to-date symlink: /home/jetson/ros-workspace/install/micro_ros_setup/lib/micro_ros_setup/yaml_filter.py
[2.339s] -- Up-to-date symlink: /home/jetson/ros-workspace/install/micro_ros_setup/lib/micro_ros_setup/clean_env.sh
[2.342s] -- Up-to-date: /home/jetson/ros-workspace/install/micro_ros_setup/./config
[2.342s] -- Up-to-date: /home/jetson/ros-workspace/install/micro_ros_setup/./config/client_uros_packages.repos
[2.343s] -- Up-to-date: /home/jetson/ros-workspace/install/micro_ros_setup/./config/agent_uros_packages.repos
[2.345s] -- Up-to-date: /home/jetson/ros-workspace/install/micro_ros_setup/./config/host
[2.345s] -- Up-to-date: /home/jetson/ros-workspace/install/micro_ros_setup/./config/host/dev_uros_packages.repos
[2.346s] -- Up-to-date: /home/jetson/ros-workspace/install/micro_ros_setup/./config/host/dev_ros2_packages.txt
[2.347s] -- Up-to-date: /home/jetson/ros-workspace/install/micro_ros_setup/./config/host/client_ros2_packages.txt
[2.348s] -- Up-to-date: /home/jetson/ros-workspace/install/micro_ros_setup/./config/host/generic
[2.348s] -- Up-to-date: /home/jetson/ros-workspace/install/micro_ros_setup/./config/host/generic/package.xml
[2.349s] -- Up-to-date: /home/jetson/ros-workspace/install/micro_ros_setup/./config/host/generic/flash.sh
[2.350s] -- Up-to-date: /home/jetson/ros-workspace/install/micro_ros_setup/./config/host/generic/create.sh
[2.351s] -- Up-to-date: /home/jetson/ros-workspace/install/micro_ros_setup/./config/host/generic/client_host_packages.repos
[2.352s] -- Up-to-date: /home/jetson/ros-workspace/install/micro_ros_setup/./config/host/generic/client-host-colcon.meta
[2.352s] -- Up-to-date: /home/jetson/ros-workspace/install/micro_ros_setup/./config/host/generic/reset.sh
[2.354s] -- Up-to-date: /home/jetson/ros-workspace/install/micro_ros_setup/./config/host/generic/build.sh
[2.354s] -- Up-to-date: /home/jetson/ros-workspace/install/micro_ros_setup/./config/freertos
[2.354s] -- Up-to-date: /home/jetson/ros-workspace/install/micro_ros_setup/./config/freertos/nucleo_f767zi
[2.354s] -- Up-to-date: /home/jetson/ros-workspace/install/micro_ros_setup/./config/freertos/nucleo_f767zi/client_uros_packages.repos
[2.355s] -- Up-to-date: /home/jetson/ros-workspace/install/micro_ros_setup/./config/freertos/nucleo_f767zi/package.xml
[2.360s] -- Up-to-date: /home/jetson/ros-workspace/install/micro_ros_setup/./config/freertos/nucleo_f767zi/configure.sh
[2.368s] -- Up-to-date: /home/jetson/ros-workspace/install/micro_ros_setup/./config/freertos/nucleo_f767zi/flash.sh
[2.369s] -- Up-to-date: /home/jetson/ros-workspace/install/micro_ros_setup/./config/freertos/nucleo_f767zi/create.sh
[2.370s] -- Up-to-date: /home/jetson/ros-workspace/install/micro_ros_setup/./config/freertos/nucleo_f767zi/board.repos
[2.370s] -- Up-to-date: /home/jetson/ros-workspace/install/micro_ros_setup/./config/freertos/nucleo_f767zi/reset.sh
[2.370s] -- Up-to-date: /home/jetson/ros-workspace/install/micro_ros_setup/./config/freertos/nucleo_f767zi/client-colcon.meta
[2.371s] -- Up-to-date: /home/jetson/ros-workspace/install/micro_ros_setup/./config/freertos/nucleo_f767zi/build.sh
[2.371s] -- Up-to-date: /home/jetson/ros-workspace/install/micro_ros_setup/./config/freertos/dev_uros_packages.repos
[2.371s] -- Up-to-date: /home/jetson/ros-workspace/install/micro_ros_setup/./config/freertos/crazyflie21
[2.372s] -- Up-to-date: /home/jetson/ros-workspace/install/micro_ros_setup/./config/freertos/crazyflie21/client_uros_packages.repos
[2.372s] -- Up-to-date: /home/jetson/ros-workspace/install/micro_ros_setup/./config/freertos/crazyflie21/package.xml
[2.372s] -- Up-to-date: /home/jetson/ros-workspace/install/micro_ros_setup/./config/freertos/crazyflie21/configure.sh
[2.373s] -- Up-to-date: /home/jetson/ros-workspace/install/micro_ros_setup/./config/freertos/crazyflie21/flash.sh
[2.373s] -- Up-to-date: /home/jetson/ros-workspace/install/micro_ros_setup/./config/freertos/crazyflie21/create.sh
[2.385s] -- Up-to-date: /home/jetson/ros-workspace/install/micro_ros_setup/./config/freertos/crazyflie21/board.repos
[2.386s] -- Up-to-date: /home/jetson/ros-workspace/install/micro_ros_setup/./config/freertos/crazyflie21/client-colcon.meta
[2.387s] -- Up-to-date: /home/jetson/ros-workspace/install/micro_ros_setup/./config/freertos/crazyflie21/build.sh
[2.387s] -- Up-to-date: /home/jetson/ros-workspace/install/micro_ros_setup/./config/freertos/nucleo_f446ze
[2.387s] -- Up-to-date: /home/jetson/ros-workspace/install/micro_ros_setup/./config/freertos/nucleo_f446ze/client_uros_packages.repos
[2.388s] -- Up-to-date: /home/jetson/ros-workspace/install/micro_ros_setup/./config/freertos/nucleo_f446ze/package.xml
[2.388s] -- Up-to-date: /home/jetson/ros-workspace/install/micro_ros_setup/./config/freertos/nucleo_f446ze/configure.sh
[2.388s] -- Up-to-date: /home/jetson/ros-workspace/install/micro_ros_setup/./config/freertos/nucleo_f446ze/flash.sh
[2.388s] -- Up-to-date: /home/jetson/ros-workspace/install/micro_ros_setup/./config/freertos/nucleo_f446ze/create.sh
[2.389s] -- Up-to-date: /home/jetson/ros-workspace/install/micro_ros_setup/./config/freertos/nucleo_f446ze/board.repos
[2.390s] -- Up-to-date: /home/jetson/ros-workspace/install/micro_ros_setup/./config/freertos/nucleo_f446ze/reset.sh
[2.390s] -- Up-to-date: /home/jetson/ros-workspace/install/micro_ros_setup/./config/freertos/nucleo_f446ze/client-colcon.meta
[2.390s] -- Up-to-date: /home/jetson/ros-workspace/install/micro_ros_setup/./config/freertos/nucleo_f446ze/build.sh
[2.390s] -- Up-to-date: /home/jetson/ros-workspace/install/micro_ros_setup/./config/freertos/nucleo_f446re
[2.391s] -- Up-to-date: /home/jetson/ros-workspace/install/micro_ros_setup/./config/freertos/nucleo_f446re/client_uros_packages.repos
[2.391s] -- Up-to-date: /home/jetson/ros-workspace/install/micro_ros_setup/./config/freertos/nucleo_f446re/package.xml
[2.391s] -- Up-to-date: /home/jetson/ros-workspace/install/micro_ros_setup/./config/freertos/nucleo_f446re/configure.sh
[2.392s] -- Up-to-date: /home/jetson/ros-workspace/install/micro_ros_setup/./config/freertos/nucleo_f446re/flash.sh
[2.392s] -- Up-to-date: /home/jetson/ros-workspace/install/micro_ros_setup/./config/freertos/nucleo_f446re/create.sh
[2.392s] -- Up-to-date: /home/jetson/ros-workspace/install/micro_ros_setup/./config/freertos/nucleo_f446re/board.repos
[2.392s] -- Up-to-date: /home/jetson/ros-workspace/install/micro_ros_setup/./config/freertos/nucleo_f446re/reset.sh
[2.393s] -- Up-to-date: /home/jetson/ros-workspace/install/micro_ros_setup/./config/freertos/nucleo_f446re/client-colcon.meta
[2.393s] -- Up-to-date: /home/jetson/ros-workspace/install/micro_ros_setup/./config/freertos/nucleo_f446re/build.sh
[2.393s] -- Up-to-date: /home/jetson/ros-workspace/install/micro_ros_setup/./config/freertos/list_apps.sh
[2.393s] -- Up-to-date: /home/jetson/ros-workspace/install/micro_ros_setup/./config/freertos/olimex-stm32-e407
[2.394s] -- Up-to-date: /home/jetson/ros-workspace/install/micro_ros_setup/./config/freertos/olimex-stm32-e407/client_uros_packages.repos
[2.394s] -- Up-to-date: /home/jetson/ros-workspace/install/micro_ros_setup/./config/freertos/olimex-stm32-e407/package.xml
[2.394s] -- Up-to-date: /home/jetson/ros-workspace/install/micro_ros_setup/./config/freertos/olimex-stm32-e407/configure.sh
[2.395s] -- Up-to-date: /home/jetson/ros-workspace/install/micro_ros_setup/./config/freertos/olimex-stm32-e407/flash.sh
[2.395s] -- Up-to-date: /home/jetson/ros-workspace/install/micro_ros_setup/./config/freertos/olimex-stm32-e407/create.sh
[2.395s] -- Up-to-date: /home/jetson/ros-workspace/install/micro_ros_setup/./config/freertos/olimex-stm32-e407/board.repos
[2.395s] -- Up-to-date: /home/jetson/ros-workspace/install/micro_ros_setup/./config/freertos/olimex-stm32-e407/reset.sh
[2.396s] -- Up-to-date: /home/jetson/ros-workspace/install/micro_ros_setup/./config/freertos/olimex-stm32-e407/client-colcon.meta
[2.396s] -- Up-to-date: /home/jetson/ros-workspace/install/micro_ros_setup/./config/freertos/olimex-stm32-e407/build.sh
[2.396s] -- Up-to-date: /home/jetson/ros-workspace/install/micro_ros_setup/./config/freertos/dev_ros2_packages.txt
[2.397s] -- Up-to-date: /home/jetson/ros-workspace/install/micro_ros_setup/./config/freertos/nucleo_f746zg
[2.397s] -- Up-to-date: /home/jetson/ros-workspace/install/micro_ros_setup/./config/freertos/nucleo_f746zg/client_uros_packages.repos
[2.397s] -- Up-to-date: /home/jetson/ros-workspace/install/micro_ros_setup/./config/freertos/nucleo_f746zg/package.xml
[2.397s] -- Up-to-date: /home/jetson/ros-workspace/install/micro_ros_setup/./config/freertos/nucleo_f746zg/configure.sh
[2.398s] -- Up-to-date: /home/jetson/ros-workspace/install/micro_ros_setup/./config/freertos/nucleo_f746zg/flash.sh
[2.398s] -- Up-to-date: /home/jetson/ros-workspace/install/micro_ros_setup/./config/freertos/nucleo_f746zg/create.sh
[2.398s] -- Up-to-date: /home/jetson/ros-workspace/install/micro_ros_setup/./config/freertos/nucleo_f746zg/board.repos
[2.398s] -- Up-to-date: /home/jetson/ros-workspace/install/micro_ros_setup/./config/freertos/nucleo_f746zg/reset.sh
[2.399s] -- Up-to-date: /home/jetson/ros-workspace/install/micro_ros_setup/./config/freertos/nucleo_f746zg/client-colcon.meta
[2.417s] -- Up-to-date: /home/jetson/ros-workspace/install/micro_ros_setup/./config/freertos/nucleo_f746zg/build.sh
[2.417s] -- Up-to-date: /home/jetson/ros-workspace/install/micro_ros_setup/./config/freertos/esp32
[2.418s] -- Up-to-date: /home/jetson/ros-workspace/install/micro_ros_setup/./config/freertos/esp32/client_uros_packages.repos
[2.418s] -- Up-to-date: /home/jetson/ros-workspace/install/micro_ros_setup/./config/freertos/esp32/package.xml
[2.418s] -- Up-to-date: /home/jetson/ros-workspace/install/micro_ros_setup/./config/freertos/esp32/configure.sh
[2.418s] -- Up-to-date: /home/jetson/ros-workspace/install/micro_ros_setup/./config/freertos/esp32/flash.sh
[2.419s] -- Up-to-date: /home/jetson/ros-workspace/install/micro_ros_setup/./config/freertos/esp32/create.sh
[2.419s] -- Up-to-date: /home/jetson/ros-workspace/install/micro_ros_setup/./config/freertos/esp32/board.repos
[2.419s] -- Up-to-date: /home/jetson/ros-workspace/install/micro_ros_setup/./config/freertos/esp32/README.md
[2.420s] -- Up-to-date: /home/jetson/ros-workspace/install/micro_ros_setup/./config/freertos/esp32/client-colcon.meta
[2.420s] -- Up-to-date: /home/jetson/ros-workspace/install/micro_ros_setup/./config/freertos/esp32/build.sh
[2.420s] -- Up-to-date: /home/jetson/ros-workspace/install/micro_ros_setup/./config/agent_ros2_packages.txt
[2.420s] -- Up-to-date: /home/jetson/ros-workspace/install/micro_ros_setup/./config/nuttx
[2.421s] -- Up-to-date: /home/jetson/ros-workspace/install/micro_ros_setup/./config/nuttx/dev_uros_packages.repos
[2.421s] -- Up-to-date: /home/jetson/ros-workspace/install/micro_ros_setup/./config/nuttx/dev_ros2_packages.txt
[2.421s] -- Up-to-date: /home/jetson/ros-workspace/install/micro_ros_setup/./config/nuttx/generic
[2.421s] -- Up-to-date: /home/jetson/ros-workspace/install/micro_ros_setup/./config/nuttx/generic/client_uros_packages.repos
[2.422s] -- Up-to-date: /home/jetson/ros-workspace/install/micro_ros_setup/./config/nuttx/generic/package.xml
[2.422s] -- Up-to-date: /home/jetson/ros-workspace/install/micro_ros_setup/./config/nuttx/generic/configure.sh
[2.423s] -- Up-to-date: /home/jetson/ros-workspace/install/micro_ros_setup/./config/nuttx/generic/flash.sh
[2.423s] -- Up-to-date: /home/jetson/ros-workspace/install/micro_ros_setup/./config/nuttx/generic/create.sh
[2.423s] -- Up-to-date: /home/jetson/ros-workspace/install/micro_ros_setup/./config/nuttx/generic/uros_packages.repos
[2.424s] -- Up-to-date: /home/jetson/ros-workspace/install/micro_ros_setup/./config/nuttx/generic/supported_platforms
[2.424s] -- Up-to-date: /home/jetson/ros-workspace/install/micro_ros_setup/./config/nuttx/generic/reset.sh
[2.424s] -- Up-to-date: /home/jetson/ros-workspace/install/micro_ros_setup/./config/nuttx/generic/client-colcon.meta
[2.424s] -- Up-to-date: /home/jetson/ros-workspace/install/micro_ros_setup/./config/nuttx/generic/build.sh
[2.425s] -- Up-to-date: /home/jetson/ros-workspace/install/micro_ros_setup/./config/renesas_ra
[2.425s] -- Up-to-date: /home/jetson/ros-workspace/install/micro_ros_setup/./config/renesas_ra/dev_uros_packages.repos
[2.425s] -- Up-to-date: /home/jetson/ros-workspace/install/micro_ros_setup/./config/renesas_ra/list_apps.sh
[2.425s] -- Up-to-date: /home/jetson/ros-workspace/install/micro_ros_setup/./config/renesas_ra/ra6m5
[2.426s] -- Up-to-date: /home/jetson/ros-workspace/install/micro_ros_setup/./config/renesas_ra/ra6m5/client_uros_packages.repos
[2.426s] -- Up-to-date: /home/jetson/ros-workspace/install/micro_ros_setup/./config/renesas_ra/ra6m5/configure.sh
[2.427s] -- Up-to-date: /home/jetson/ros-workspace/install/micro_ros_setup/./config/renesas_ra/ra6m5/flash.sh
[2.427s] -- Up-to-date: /home/jetson/ros-workspace/install/micro_ros_setup/./config/renesas_ra/ra6m5/create.sh
[2.428s] -- Up-to-date: /home/jetson/ros-workspace/install/micro_ros_setup/./config/renesas_ra/ra6m5/board.repos
[2.428s] -- Up-to-date: /home/jetson/ros-workspace/install/micro_ros_setup/./config/renesas_ra/ra6m5/client-colcon.meta
[2.428s] -- Up-to-date: /home/jetson/ros-workspace/install/micro_ros_setup/./config/renesas_ra/ra6m5/build.sh
[2.428s] -- Up-to-date: /home/jetson/ros-workspace/install/micro_ros_setup/./config/renesas_ra/dev_ros2_packages.txt
[2.441s] -- Up-to-date: /home/jetson/ros-workspace/install/micro_ros_setup/./config/generate_lib
[2.441s] -- Up-to-date: /home/jetson/ros-workspace/install/micro_ros_setup/./config/generate_lib/dev_uros_packages.repos
[2.442s] -- Up-to-date: /home/jetson/ros-workspace/install/micro_ros_setup/./config/generate_lib/dev_ros2_packages.txt
[2.442s] -- Up-to-date: /home/jetson/ros-workspace/install/micro_ros_setup/./config/generate_lib/generic
[2.442s] -- Up-to-date: /home/jetson/ros-workspace/install/micro_ros_setup/./config/generate_lib/generic/client_uros_packages.repos
[2.443s] -- Up-to-date: /home/jetson/ros-workspace/install/micro_ros_setup/./config/generate_lib/generic/package.xml
[2.443s] -- Up-to-date: /home/jetson/ros-workspace/install/micro_ros_setup/./config/generate_lib/generic/flash.sh
[2.443s] -- Up-to-date: /home/jetson/ros-workspace/install/micro_ros_setup/./config/generate_lib/generic/create.sh
[2.444s] -- Up-to-date: /home/jetson/ros-workspace/install/micro_ros_setup/./config/generate_lib/generic/demo_toolchain.cmake
[2.444s] -- Up-to-date: /home/jetson/ros-workspace/install/micro_ros_setup/./config/generate_lib/generic/client-colcon.meta
[2.444s] -- Up-to-date: /home/jetson/ros-workspace/install/micro_ros_setup/./config/generate_lib/generic/build.sh
[2.444s] -- Up-to-date: /home/jetson/ros-workspace/install/micro_ros_setup/./config/zephyr
[2.445s] -- Up-to-date: /home/jetson/ros-workspace/install/micro_ros_setup/./config/zephyr/dev_uros_packages.repos
[2.445s] -- Up-to-date: /home/jetson/ros-workspace/install/micro_ros_setup/./config/zephyr/list_apps.sh
[2.445s] -- Up-to-date: /home/jetson/ros-workspace/install/micro_ros_setup/./config/zephyr/dev_ros2_packages.txt
[2.445s] -- Up-to-date: /home/jetson/ros-workspace/install/micro_ros_setup/./config/zephyr/generic
[2.446s] -- Up-to-date: /home/jetson/ros-workspace/install/micro_ros_setup/./config/zephyr/generic/client_uros_packages.repos
[2.446s] -- Up-to-date: /home/jetson/ros-workspace/install/micro_ros_setup/./config/zephyr/generic/package.xml
[2.446s] -- Up-to-date: /home/jetson/ros-workspace/install/micro_ros_setup/./config/zephyr/generic/configure.sh
[2.446s] -- Up-to-date: /home/jetson/ros-workspace/install/micro_ros_setup/./config/zephyr/generic/flash.sh
[2.447s] -- Up-to-date: /home/jetson/ros-workspace/install/micro_ros_setup/./config/zephyr/generic/create.sh
[2.447s] -- Up-to-date: /home/jetson/ros-workspace/install/micro_ros_setup/./config/zephyr/generic/board.repos
[2.447s] -- Up-to-date: /home/jetson/ros-workspace/install/micro_ros_setup/./config/zephyr/generic/supported_platforms
[2.448s] -- Up-to-date: /home/jetson/ros-workspace/install/micro_ros_setup/./config/zephyr/generic/reset.sh
[2.448s] -- Up-to-date: /home/jetson/ros-workspace/install/micro_ros_setup/./config/zephyr/generic/client-colcon.meta
[2.448s] -- Up-to-date: /home/jetson/ros-workspace/install/micro_ros_setup/./config/zephyr/generic/build.sh
[2.448s] -- Up-to-date: /home/jetson/ros-workspace/install/micro_ros_setup/./config/client_ros2_packages.txt
[2.449s] -- Up-to-date: /home/jetson/ros-workspace/install/micro_ros_setup/./config/utils.sh
[2.449s] -- Up-to-date: /home/jetson/ros-workspace/install/micro_ros_setup/./config/raspbian
[2.449s] -- Up-to-date: /home/jetson/ros-workspace/install/micro_ros_setup/./config/raspbian/dev_uros_packages.repos
[2.449s] -- Up-to-date: /home/jetson/ros-workspace/install/micro_ros_setup/./config/raspbian/dev_ros2_packages.txt
[2.450s] -- Up-to-date: /home/jetson/ros-workspace/install/micro_ros_setup/./config/raspbian/generic
[2.450s] -- Up-to-date: /home/jetson/ros-workspace/install/micro_ros_setup/./config/raspbian/generic/client_uros_packages.repos
[2.450s] -- Up-to-date: /home/jetson/ros-workspace/install/micro_ros_setup/./config/raspbian/generic/configure.sh
[2.451s] -- Up-to-date: /home/jetson/ros-workspace/install/micro_ros_setup/./config/raspbian/generic/flash.sh
[2.451s] -- Up-to-date: /home/jetson/ros-workspace/install/micro_ros_setup/./config/raspbian/generic/create.sh
[2.465s] -- Up-to-date: /home/jetson/ros-workspace/install/micro_ros_setup/./config/raspbian/generic/supported_platforms
[2.465s] -- Up-to-date: /home/jetson/ros-workspace/install/micro_ros_setup/./config/raspbian/generic/client-colcon.meta
[2.466s] -- Up-to-date: /home/jetson/ros-workspace/install/micro_ros_setup/./config/raspbian/generic/build.sh
[2.467s] Invoked command in '/home/jetson/ros-workspace/build/micro_ros_setup' returned '0': CMAKE_PREFIX_PATH=${CMAKE_PREFIX_PATH}:/opt/ros/foxy /usr/bin/cmake --install /home/jetson/ros-workspace/build/micro_ros_setup
