[0.054s] Invoking command in '/home/uocav/ros-workspace/build/sbg_driver': CMAKE_PREFIX_PATH=${CMAKE_PREFIX_PATH}:/home/uocav/ros-workspace/install/urdf_tutorial_r2d2:/opt/ros/foxy /usr/bin/cmake --build /home/uocav/ros-workspace/build/sbg_driver -- -j6 -l6
[0.106s] -- Found ament_cmake: 0.9.12 (/opt/ros/foxy/share/ament_cmake/cmake)
[0.137s] -- Found PythonInterp: /usr/bin/python3 (found suitable version "3.8.10", minimum required is "3") 
[0.137s] -- Using PYTHON_EXECUTABLE: /usr/bin/python3
[0.287s] -- Found rclcpp: 2.4.3 (/opt/ros/foxy/share/rclcpp/cmake)
[0.318s] -- Using all available rosidl_typesupport_c: rosidl_typesupport_fastrtps_c;rosidl_typesupport_introspection_c
[0.336s] -- Found rosidl_adapter: 1.3.1 (/opt/ros/foxy/share/rosidl_adapter/cmake)
[0.456s] -- Using all available rosidl_typesupport_cpp: rosidl_typesupport_fastrtps_cpp;rosidl_typesupport_introspection_cpp
[0.505s] -- Found rmw_implementation_cmake: 1.0.4 (/opt/ros/foxy/share/rmw_implementation_cmake/cmake)
[0.508s] -- Using RMW implementation 'rmw_fastrtps_cpp' as default
[0.644s] -- Found sensor_msgs: 2.0.5 (/opt/ros/foxy/share/sensor_msgs/cmake)
[0.750s] -- Found std_srvs: 2.0.5 (/opt/ros/foxy/share/std_srvs/cmake)
[0.758s] -- Found rosidl_default_generators: 1.0.1 (/opt/ros/foxy/share/rosidl_default_generators/cmake)
[0.767s] -- Found nav_msgs: 2.0.5 (/opt/ros/foxy/share/nav_msgs/cmake)
[0.832s] -- Found rtcm_msgs: 1.1.6 (/opt/ros/foxy/share/rtcm_msgs/cmake)
[0.865s] -- Found tf2_ros: 0.13.14 (/opt/ros/foxy/share/tf2_ros/cmake)
[1.164s] -- Found tf2_geometry_msgs: 0.13.14 (/opt/ros/foxy/share/tf2_geometry_msgs/cmake)
[1.169s] -- Found eigen3_cmake_module: 0.1.1 (/opt/ros/foxy/share/eigen3_cmake_module/cmake)
[1.194s] -- Found nmea_msgs: 2.0.0 (/opt/ros/foxy/share/nmea_msgs/cmake)
[1.261s] -- Found PythonInterp: /usr/bin/python3 (found version "3.8.10") 
[1.564s] -- Found ament_cmake_ros: 0.9.2 (/opt/ros/foxy/share/ament_cmake_ros/cmake)
[1.815s] -- Using all available rosidl_typesupport_c: rosidl_typesupport_fastrtps_c;rosidl_typesupport_introspection_c
[1.918s] -- Using all available rosidl_typesupport_cpp: rosidl_typesupport_fastrtps_cpp;rosidl_typesupport_introspection_cpp
[1.949s] -- Found PythonInterp: /usr/bin/python3 (found suitable version "3.8.10", minimum required is "3.5") 
[1.949s] -- Found python_cmake_module: 0.8.1 (/opt/ros/foxy/share/python_cmake_module/cmake)
[1.982s] -- Using PYTHON_EXECUTABLE: /usr/bin/python3
[1.982s] -- Using PYTHON_INCLUDE_DIRS: /usr/include/python3.8
[1.982s] -- Using PYTHON_LIBRARIES: /usr/lib/x86_64-linux-gnu/libpython3.8.so
[2.056s] -- Configuring done
[2.184s] -- Generating done
[2.187s] -- Build files have been written to: /home/uocav/ros-workspace/build/sbg_driver
[2.231s] [35m[1mScanning dependencies of target sbgECom[0m
[2.240s] [  0%] Built target sbg_driver__cpp
[2.252s] [  9%] Built target sbg_driver__rosidl_generator_c
[2.258s] [  9%] [32mBuilding C object external/sbgECom/CMakeFiles/sbgECom.dir/src/binaryLogs/sbgEComBinaryLogDebug.c.o[0m
[2.258s] [  9%] [32mBuilding C object external/sbgECom/CMakeFiles/sbgECom.dir/src/binaryLogs/sbgEComBinaryLogAirData.c.o[0m
[2.275s] [ 19%] Built target sbg_driver__rosidl_typesupport_introspection_cpp
[2.283s] [ 35%] Built target sbg_driver__rosidl_typesupport_cpp
[2.283s] [ 38%] Built target sbg_driver__rosidl_typesupport_fastrtps_cpp
[2.287s] [ 48%] Built target sbg_driver__rosidl_typesupport_c
[2.293s] [ 48%] [32mBuilding C object external/sbgECom/CMakeFiles/sbgECom.dir/src/binaryLogs/sbgEComBinaryLogDepth.c.o[0m
[2.299s] [ 49%] [32mBuilding C object external/sbgECom/CMakeFiles/sbgECom.dir/src/binaryLogs/sbgEComBinaryLogDiag.c.o[0m
[2.309s] [ 58%] Built target sbg_driver__rosidl_typesupport_introspection_c
[2.310s] [ 58%] [32mBuilding C object external/sbgECom/CMakeFiles/sbgECom.dir/src/binaryLogs/sbgEComBinaryLogDvl.c.o[0m
[2.315s] [ 58%] [32mBuilding C object external/sbgECom/CMakeFiles/sbgECom.dir/src/binaryLogs/sbgEComBinaryLogEkf.c.o[0m
[2.318s] [ 59%] [32mBuilding C object external/sbgECom/CMakeFiles/sbgECom.dir/src/binaryLogs/sbgEComBinaryLogEvent.c.o[0m
[2.333s] [ 69%] Built target sbg_driver__rosidl_typesupport_fastrtps_c
[2.343s] [ 69%] [32mBuilding C object external/sbgECom/CMakeFiles/sbgECom.dir/src/binaryLogs/sbgEComBinaryLogGps.c.o[0m
[2.359s] [ 69%] [32mBuilding C object external/sbgECom/CMakeFiles/sbgECom.dir/src/binaryLogs/sbgEComBinaryLogImu.c.o[0m
[2.364s] [ 70%] [32mBuilding C object external/sbgECom/CMakeFiles/sbgECom.dir/src/binaryLogs/sbgEComBinaryLogImuRaw.c.o[0m
[2.376s] [ 70%] [32mBuilding C object external/sbgECom/CMakeFiles/sbgECom.dir/src/binaryLogs/sbgEComBinaryLogMag.c.o[0m
[2.385s] [ 70%] [32mBuilding C object external/sbgECom/CMakeFiles/sbgECom.dir/src/binaryLogs/sbgEComBinaryLogOdometer.c.o[0m
[2.388s] [ 70%] Built target sbg_driver
[2.407s] [ 71%] [32mBuilding C object external/sbgECom/CMakeFiles/sbgECom.dir/src/binaryLogs/sbgEComBinaryLogShipMotion.c.o[0m
[2.419s] [ 71%] [32mBuilding C object external/sbgECom/CMakeFiles/sbgECom.dir/src/binaryLogs/sbgEComBinaryLogStatus.c.o[0m
[2.438s] [ 71%] [32mBuilding C object external/sbgECom/CMakeFiles/sbgECom.dir/src/binaryLogs/sbgEComBinaryLogUsbl.c.o[0m
[2.440s] [ 72%] [32mBuilding C object external/sbgECom/CMakeFiles/sbgECom.dir/src/binaryLogs/sbgEComBinaryLogUtc.c.o[0m
[2.443s] [ 73%] Built target sbg_driver__py
[2.443s] [ 73%] [32mBuilding C object external/sbgECom/CMakeFiles/sbgECom.dir/src/binaryLogs/sbgEComBinaryLogs.c.o[0m
[2.466s] [ 73%] [32mBuilding C object external/sbgECom/CMakeFiles/sbgECom.dir/src/commands/sbgEComCmd.c.o[0m
[2.472s] [ 74%] [32mBuilding C object external/sbgECom/CMakeFiles/sbgECom.dir/src/commands/sbgEComCmdAdvanced.c.o[0m
[2.493s] [ 83%] Built target sbg_driver__python
[2.498s] [ 83%] [32mBuilding C object external/sbgECom/CMakeFiles/sbgECom.dir/src/commands/sbgEComCmdAirData.c.o[0m
[2.501s] [ 83%] [32mBuilding C object external/sbgECom/CMakeFiles/sbgECom.dir/src/commands/sbgEComCmdDvl.c.o[0m
[2.501s] [ 83%] [32mBuilding C object external/sbgECom/CMakeFiles/sbgECom.dir/src/commands/sbgEComCmdCommon.c.o[0m
[2.521s] [ 84%] [32mBuilding C object external/sbgECom/CMakeFiles/sbgECom.dir/src/commands/sbgEComCmdEthernet.c.o[0m
[2.526s] [ 85%] Built target sbg_driver__rosidl_typesupport_c__pyext
[2.541s] [ 85%] [32mBuilding C object external/sbgECom/CMakeFiles/sbgECom.dir/src/commands/sbgEComCmdEvent.c.o[0m
[2.568s] [ 85%] [32mBuilding C object external/sbgECom/CMakeFiles/sbgECom.dir/src/commands/sbgEComCmdFeatures.c.o[0m
[2.570s] [ 85%] Built target sbg_driver__rosidl_typesupport_fastrtps_c__pyext
[2.572s] [ 86%] [32mBuilding C object external/sbgECom/CMakeFiles/sbgECom.dir/src/commands/sbgEComCmdInfo.c.o[0m
[2.572s] [ 86%] [32mBuilding C object external/sbgECom/CMakeFiles/sbgECom.dir/src/commands/sbgEComCmdGnss.c.o[0m
[2.583s] [ 86%] [32mBuilding C object external/sbgECom/CMakeFiles/sbgECom.dir/src/commands/sbgEComCmdInterface.c.o[0m
[2.612s] [ 87%] Built target sbg_driver__rosidl_typesupport_introspection_c__pyext
[2.622s] [ 88%] [32mBuilding C object external/sbgECom/CMakeFiles/sbgECom.dir/src/commands/sbgEComCmdLicense.c.o[0m
[2.627s] [ 88%] [32mBuilding C object external/sbgECom/CMakeFiles/sbgECom.dir/src/commands/sbgEComCmdOdo.c.o[0m
[2.627s] [ 89%] [32mBuilding C object external/sbgECom/CMakeFiles/sbgECom.dir/src/commands/sbgEComCmdOutput.c.o[0m
[2.630s] [ 89%] [32mBuilding C object external/sbgECom/CMakeFiles/sbgECom.dir/src/commands/sbgEComCmdMag.c.o[0m
[2.658s] [ 89%] [32mBuilding C object external/sbgECom/CMakeFiles/sbgECom.dir/src/commands/sbgEComCmdSensor.c.o[0m
[2.668s] [ 89%] [32mBuilding C object external/sbgECom/CMakeFiles/sbgECom.dir/src/commands/sbgEComCmdSettings.c.o[0m
[2.671s] [ 90%] [32mBuilding C object external/sbgECom/CMakeFiles/sbgECom.dir/src/commands/transfer/sbgEComTransfer.c.o[0m
[2.710s] [ 90%] [32mBuilding C object external/sbgECom/CMakeFiles/sbgECom.dir/src/protocol/sbgEComProtocol.c.o[0m
[2.713s] [ 91%] [32mBuilding C object external/sbgECom/CMakeFiles/sbgECom.dir/src/sbgECom.c.o[0m
[2.713s] [ 91%] [32mBuilding C object external/sbgECom/CMakeFiles/sbgECom.dir/src/sbgEComGetVersion.c.o[0m
[2.723s] [ 91%] [32mBuilding C object external/sbgECom/CMakeFiles/sbgECom.dir/common/crc/sbgCrc.c.o[0m
[2.756s] [ 91%] [32mBuilding C object external/sbgECom/CMakeFiles/sbgECom.dir/common/interfaces/sbgInterface.c.o[0m
[2.759s] [ 92%] [32mBuilding C object external/sbgECom/CMakeFiles/sbgECom.dir/common/interfaces/sbgInterfaceFile.c.o[0m
[2.761s] [ 92%] [32mBuilding C object external/sbgECom/CMakeFiles/sbgECom.dir/common/interfaces/sbgInterfaceSerialUnix.c.o[0m
[2.778s] [ 92%] [32mBuilding C object external/sbgECom/CMakeFiles/sbgECom.dir/common/network/sbgNetwork.c.o[0m
[2.778s] [ 92%] [32mBuilding C object external/sbgECom/CMakeFiles/sbgECom.dir/common/interfaces/sbgInterfaceUdp.c.o[0m
[2.788s] [ 93%] [32mBuilding C object external/sbgECom/CMakeFiles/sbgECom.dir/common/platform/sbgPlatform.c.o[0m
[2.800s] [ 93%] [32mBuilding C object external/sbgECom/CMakeFiles/sbgECom.dir/common/splitBuffer/sbgSplitBuffer.c.o[0m
[2.813s] [ 93%] [32mBuilding C object external/sbgECom/CMakeFiles/sbgECom.dir/common/streamBuffer/sbgStreamBuffer.c.o[0m
[2.814s] [ 94%] [32mBuilding C object external/sbgECom/CMakeFiles/sbgECom.dir/common/swap/sbgSwap.c.o[0m
[2.828s] [ 94%] [32mBuilding C object external/sbgECom/CMakeFiles/sbgECom.dir/common/version/sbgVersion.c.o[0m
[2.882s] [ 94%] [32m[1mLinking C static library /home/uocav/ros-workspace/src/sbg_ros2_driver/external/sbgECom/bin/libsbgECom.a[0m
[2.946s] [ 94%] Built target sbgECom
[2.974s] [35m[1mScanning dependencies of target sbg_device_mag[0m
[2.979s] [35m[1mScanning dependencies of target sbg_device[0m
[3.045s] [ 94%] [32mBuilding CXX object CMakeFiles/sbg_device_mag.dir/src/sbg_device.cpp.o[0m
[3.047s] [ 94%] [32mBuilding CXX object CMakeFiles/sbg_device_mag.dir/src/message_wrapper.cpp.o[0m
[3.048s] [ 95%] [32mBuilding CXX object CMakeFiles/sbg_device_mag.dir/src/config_applier.cpp.o[0m
[3.048s] [ 95%] [32mBuilding CXX object CMakeFiles/sbg_device_mag.dir/src/message_publisher.cpp.o[0m
[3.048s] [ 96%] [32mBuilding CXX object CMakeFiles/sbg_device_mag.dir/src/config_store.cpp.o[0m
[3.055s] [ 97%] [32mBuilding CXX object CMakeFiles/sbg_device.dir/src/config_applier.cpp.o[0m
[3.194s] [01m[K/home/uocav/ros-workspace/src/sbg_ros2_driver/src/message_wrapper.cpp:6:10:[m[K [01;31m[Kfatal error: [m[Ktf2_geometry_msgs/tf2_geometry_msgs.hpp: No such file or directory
[3.194s]     6 | #include [01;31m[K<tf2_geometry_msgs/tf2_geometry_msgs.hpp>[m[K
[3.194s]       |          [01;31m[K^~~~~~~~~~~~~~~~~~~~~~~~~~~~~~~~~~~~~~~~~[m[K
[3.194s] compilation terminated.
[3.197s] make[2]: *** [CMakeFiles/sbg_device_mag.dir/build.make:89: CMakeFiles/sbg_device_mag.dir/src/message_wrapper.cpp.o] Error 1
[3.197s] make[2]: *** Waiting for unfinished jobs....
[3.207s] [ 97%] [32mBuilding CXX object CMakeFiles/sbg_device.dir/src/message_publisher.cpp.o[0m
[4.894s] [ 97%] [32mBuilding CXX object CMakeFiles/sbg_device.dir/src/message_wrapper.cpp.o[0m
[4.937s] [ 98%] [32mBuilding CXX object CMakeFiles/sbg_device.dir/src/config_store.cpp.o[0m
[4.986s] [ 98%] [32mBuilding CXX object CMakeFiles/sbg_device.dir/src/sbg_device.cpp.o[0m
[5.021s] [01m[K/home/uocav/ros-workspace/src/sbg_ros2_driver/src/message_wrapper.cpp:6:10:[m[K [01;31m[Kfatal error: [m[Ktf2_geometry_msgs/tf2_geometry_msgs.hpp: No such file or directory
[5.021s]     6 | #include [01;31m[K<tf2_geometry_msgs/tf2_geometry_msgs.hpp>[m[K
[5.022s]       |          [01;31m[K^~~~~~~~~~~~~~~~~~~~~~~~~~~~~~~~~~~~~~~~~[m[K
[5.022s] compilation terminated.
[5.024s] make[2]: *** [CMakeFiles/sbg_device.dir/build.make:89: CMakeFiles/sbg_device.dir/src/message_wrapper.cpp.o] Error 1
[5.025s] make[2]: *** Waiting for unfinished jobs....
[15.669s] make[1]: *** [CMakeFiles/Makefile2:389: CMakeFiles/sbg_device_mag.dir/all] Error 2
[15.669s] make[1]: *** Waiting for unfinished jobs....
[15.699s] make[1]: *** [CMakeFiles/Makefile2:555: CMakeFiles/sbg_device.dir/all] Error 2
[15.699s] make: *** [Makefile:141: all] Error 2
[15.704s] Invoked command in '/home/uocav/ros-workspace/build/sbg_driver' returned '2': CMAKE_PREFIX_PATH=${CMAKE_PREFIX_PATH}:/home/uocav/ros-workspace/install/urdf_tutorial_r2d2:/opt/ros/foxy /usr/bin/cmake --build /home/uocav/ros-workspace/build/sbg_driver -- -j6 -l6
