[4.634s] Invoking command in '/home/jetson/ros-workspace/build/urdf_tutorial_r2d2': PYTHONPATH=/home/jetson/ros-workspace/build/urdf_tutorial_r2d2/prefix_override:/home/jetson/ros-workspace/install/urdf_tutorial_r2d2/lib/python3.8/site-packages:${PYTHONPATH} /usr/bin/python3 setup.py develop --uninstall --editable --build-directory /home/jetson/ros-workspace/build/urdf_tutorial_r2d2/build
[6.113s] running develop
[6.962s] Removing /home/jetson/ros-workspace/install/urdf_tutorial_r2d2/lib/python3.8/site-packages/urdf-tutorial-r2d2.egg-link (link to .)
[7.241s] Invoked command in '/home/jetson/ros-workspace/build/urdf_tutorial_r2d2' returned '0': PYTHONPATH=/home/jetson/ros-workspace/build/urdf_tutorial_r2d2/prefix_override:/home/jetson/ros-workspace/install/urdf_tutorial_r2d2/lib/python3.8/site-packages:${PYTHONPATH} /usr/bin/python3 setup.py develop --uninstall --editable --build-directory /home/jetson/ros-workspace/build/urdf_tutorial_r2d2/build
[7.262s] Invoking command in '/home/jetson/ros-workspace/src/urdf_tutorial_r2d2': PYTHONPATH=/home/jetson/ros-workspace/build/urdf_tutorial_r2d2/prefix_override:/home/jetson/ros-workspace/install/urdf_tutorial_r2d2/lib/python3.8/site-packages:${PYTHONPATH} /usr/bin/python3 setup.py egg_info --egg-base ../../build/urdf_tutorial_r2d2 build --build-base /home/jetson/ros-workspace/build/urdf_tutorial_r2d2/build install --record /home/jetson/ros-workspace/build/urdf_tutorial_r2d2/install.log --install-scripts $base/lib/urdf_tutorial_r2d2 --single-version-externally-managed
[8.499s] running egg_info
[8.501s] writing ../../build/urdf_tutorial_r2d2/urdf_tutorial_r2d2.egg-info/PKG-INFO
[8.503s] writing dependency_links to ../../build/urdf_tutorial_r2d2/urdf_tutorial_r2d2.egg-info/dependency_links.txt
[8.504s] writing entry points to ../../build/urdf_tutorial_r2d2/urdf_tutorial_r2d2.egg-info/entry_points.txt
[8.505s] writing requirements to ../../build/urdf_tutorial_r2d2/urdf_tutorial_r2d2.egg-info/requires.txt
[8.505s] writing top-level names to ../../build/urdf_tutorial_r2d2/urdf_tutorial_r2d2.egg-info/top_level.txt
[8.713s] reading manifest file '../../build/urdf_tutorial_r2d2/urdf_tutorial_r2d2.egg-info/SOURCES.txt'
[8.718s] writing manifest file '../../build/urdf_tutorial_r2d2/urdf_tutorial_r2d2.egg-info/SOURCES.txt'
[8.720s] running build
[8.720s] running build_py
[8.721s] creating /home/jetson/ros-workspace/build/urdf_tutorial_r2d2/build
[8.721s] creating /home/jetson/ros-workspace/build/urdf_tutorial_r2d2/build/lib
[8.722s] creating /home/jetson/ros-workspace/build/urdf_tutorial_r2d2/build/lib/urdf_tutorial_r2d2
[8.722s] copying urdf_tutorial_r2d2/state_publisher.py -> /home/jetson/ros-workspace/build/urdf_tutorial_r2d2/build/lib/urdf_tutorial_r2d2
[8.723s] copying urdf_tutorial_r2d2/__init__.py -> /home/jetson/ros-workspace/build/urdf_tutorial_r2d2/build/lib/urdf_tutorial_r2d2
[8.724s] running install
[8.728s] running install_lib
[8.733s] creating /home/jetson/ros-workspace/install/urdf_tutorial_r2d2/lib/python3.8/site-packages/urdf_tutorial_r2d2
[8.734s] copying /home/jetson/ros-workspace/build/urdf_tutorial_r2d2/build/lib/urdf_tutorial_r2d2/state_publisher.py -> /home/jetson/ros-workspace/install/urdf_tutorial_r2d2/lib/python3.8/site-packages/urdf_tutorial_r2d2
[8.734s] copying /home/jetson/ros-workspace/build/urdf_tutorial_r2d2/build/lib/urdf_tutorial_r2d2/__init__.py -> /home/jetson/ros-workspace/install/urdf_tutorial_r2d2/lib/python3.8/site-packages/urdf_tutorial_r2d2
[8.737s] byte-compiling /home/jetson/ros-workspace/install/urdf_tutorial_r2d2/lib/python3.8/site-packages/urdf_tutorial_r2d2/state_publisher.py to state_publisher.cpython-38.pyc
[8.747s] byte-compiling /home/jetson/ros-workspace/install/urdf_tutorial_r2d2/lib/python3.8/site-packages/urdf_tutorial_r2d2/__init__.py to __init__.cpython-38.pyc
[8.748s] running install_data
[8.752s] running install_egg_info
[8.761s] Copying ../../build/urdf_tutorial_r2d2/urdf_tutorial_r2d2.egg-info to /home/jetson/ros-workspace/install/urdf_tutorial_r2d2/lib/python3.8/site-packages/urdf_tutorial_r2d2-0.0.0-py3.8.egg-info
[8.767s] running install_scripts
[8.858s] Installing state_publisher script to /home/jetson/ros-workspace/install/urdf_tutorial_r2d2/lib/urdf_tutorial_r2d2
[8.860s] writing list of installed files to '/home/jetson/ros-workspace/build/urdf_tutorial_r2d2/install.log'
[8.986s] Invoked command in '/home/jetson/ros-workspace/src/urdf_tutorial_r2d2' returned '0': PYTHONPATH=/home/jetson/ros-workspace/build/urdf_tutorial_r2d2/prefix_override:/home/jetson/ros-workspace/install/urdf_tutorial_r2d2/lib/python3.8/site-packages:${PYTHONPATH} /usr/bin/python3 setup.py egg_info --egg-base ../../build/urdf_tutorial_r2d2 build --build-base /home/jetson/ros-workspace/build/urdf_tutorial_r2d2/build install --record /home/jetson/ros-workspace/build/urdf_tutorial_r2d2/install.log --install-scripts $base/lib/urdf_tutorial_r2d2 --single-version-externally-managed
