[0.163s] Invoking command in '/home/uocav/ros-workspace/build/ouster_srvs': CMAKE_PREFIX_PATH=${CMAKE_PREFIX_PATH}:/home/uocav/ros-workspace/install/urdf_tutorial_r2d2:/opt/ros/foxy /usr/bin/cmake --build /home/uocav/ros-workspace/build/ouster_srvs -- -j6 -l6
[0.411s] [  2%] Built target ouster_srvs__cpp
[0.438s] [ 12%] Built target ouster_srvs__rosidl_generator_c
[0.708s] [ 23%] Built target ouster_srvs__rosidl_typesupport_fastrtps_cpp
[0.713s] [ 34%] Built target ouster_srvs__rosidl_typesupport_c
[0.717s] [ 44%] Built target ouster_srvs__rosidl_typesupport_introspection_cpp
[0.726s] [ 65%] Built target ouster_srvs__rosidl_typesupport_cpp
[0.727s] [ 65%] Built target ouster_srvs__rosidl_typesupport_introspection_c
[0.920s] [ 76%] Built target ouster_srvs__rosidl_typesupport_fastrtps_c
[0.956s] [ 76%] Built target ouster_srvs
[1.000s] [ 78%] Built target ouster_srvs__py
[1.176s] [ 87%] Built target ouster_srvs__python
[1.313s] [ 91%] Built target ouster_srvs__rosidl_typesupport_fastrtps_c__pyext
[1.313s] [ 95%] Built target ouster_srvs__rosidl_typesupport_introspection_c__pyext
[1.355s] [100%] Built target ouster_srvs__rosidl_typesupport_c__pyext
[1.458s] Invoked command in '/home/uocav/ros-workspace/build/ouster_srvs' returned '0': CMAKE_PREFIX_PATH=${CMAKE_PREFIX_PATH}:/home/uocav/ros-workspace/install/urdf_tutorial_r2d2:/opt/ros/foxy /usr/bin/cmake --build /home/uocav/ros-workspace/build/ouster_srvs -- -j6 -l6
[1.957s] Invoking command in '/home/uocav/ros-workspace/build/ouster_srvs': CMAKE_PREFIX_PATH=${CMAKE_PREFIX_PATH}:/home/uocav/ros-workspace/install/urdf_tutorial_r2d2:/opt/ros/foxy /usr/bin/cmake --install /home/uocav/ros-workspace/build/ouster_srvs
[1.997s] -- Install configuration: "Release"
[1.998s] -- Execute custom install script
[1.998s] -- Up-to-date symlink: /home/uocav/ros-workspace/install/ouster_srvs/share/ament_index/resource_index/rosidl_interfaces/ouster_srvs
[1.998s] -- Up-to-date symlink: /home/uocav/ros-workspace/install/ouster_srvs/include/ouster_srvs/msg/rosidl_generator_c__visibility_control.h
[1.998s] -- Up-to-date symlink: /home/uocav/ros-workspace/install/ouster_srvs/include/ouster_srvs/srv/detail/get_config__functions.h
[1.998s] -- Up-to-date symlink: /home/uocav/ros-workspace/install/ouster_srvs/include/ouster_srvs/srv/detail/get_config__struct.h
[1.998s] -- Up-to-date symlink: /home/uocav/ros-workspace/install/ouster_srvs/include/ouster_srvs/srv/detail/get_config__type_support.h
[1.998s] -- Up-to-date symlink: /home/uocav/ros-workspace/install/ouster_srvs/include/ouster_srvs/srv/detail/get_metadata__functions.h
[1.998s] -- Up-to-date symlink: /home/uocav/ros-workspace/install/ouster_srvs/include/ouster_srvs/srv/detail/get_metadata__struct.h
[1.998s] -- Up-to-date symlink: /home/uocav/ros-workspace/install/ouster_srvs/include/ouster_srvs/srv/detail/get_metadata__type_support.h
[1.998s] -- Up-to-date symlink: /home/uocav/ros-workspace/install/ouster_srvs/include/ouster_srvs/srv/detail/set_config__functions.h
[1.998s] -- Up-to-date symlink: /home/uocav/ros-workspace/install/ouster_srvs/include/ouster_srvs/srv/detail/set_config__struct.h
[1.998s] -- Up-to-date symlink: /home/uocav/ros-workspace/install/ouster_srvs/include/ouster_srvs/srv/detail/set_config__type_support.h
[1.998s] -- Up-to-date symlink: /home/uocav/ros-workspace/install/ouster_srvs/include/ouster_srvs/srv/get_config.h
[1.998s] -- Up-to-date symlink: /home/uocav/ros-workspace/install/ouster_srvs/include/ouster_srvs/srv/get_metadata.h
[1.998s] -- Up-to-date symlink: /home/uocav/ros-workspace/install/ouster_srvs/include/ouster_srvs/srv/set_config.h
[1.999s] -- Up-to-date symlink: /home/uocav/ros-workspace/install/ouster_srvs/share/ouster_srvs/environment/library_path.sh
[1.999s] -- Up-to-date symlink: /home/uocav/ros-workspace/install/ouster_srvs/share/ouster_srvs/environment/library_path.dsv
[1.999s] -- Up-to-date symlink: /home/uocav/ros-workspace/install/ouster_srvs/include/ouster_srvs/msg/rosidl_typesupport_fastrtps_c__visibility_control.h
[1.999s] -- Up-to-date symlink: /home/uocav/ros-workspace/install/ouster_srvs/include/ouster_srvs/srv/detail/get_config__rosidl_typesupport_fastrtps_c.h
[1.999s] -- Up-to-date symlink: /home/uocav/ros-workspace/install/ouster_srvs/include/ouster_srvs/srv/detail/get_metadata__rosidl_typesupport_fastrtps_c.h
[2.000s] -- Up-to-date symlink: /home/uocav/ros-workspace/install/ouster_srvs/include/ouster_srvs/srv/detail/set_config__rosidl_typesupport_fastrtps_c.h
[2.000s] -- Up-to-date symlink: /home/uocav/ros-workspace/install/ouster_srvs/lib/libouster_srvs__rosidl_typesupport_fastrtps_c.so
[2.000s] -- Up-to-date symlink: /home/uocav/ros-workspace/install/ouster_srvs/include/ouster_srvs/msg/rosidl_typesupport_fastrtps_cpp__visibility_control.h
[2.000s] -- Up-to-date symlink: /home/uocav/ros-workspace/install/ouster_srvs/include/ouster_srvs/srv/detail/get_config__rosidl_typesupport_fastrtps_cpp.hpp
[2.000s] -- Up-to-date symlink: /home/uocav/ros-workspace/install/ouster_srvs/include/ouster_srvs/srv/detail/get_metadata__rosidl_typesupport_fastrtps_cpp.hpp
[2.000s] -- Up-to-date symlink: /home/uocav/ros-workspace/install/ouster_srvs/include/ouster_srvs/srv/detail/set_config__rosidl_typesupport_fastrtps_cpp.hpp
[2.000s] -- Up-to-date symlink: /home/uocav/ros-workspace/install/ouster_srvs/lib/libouster_srvs__rosidl_typesupport_fastrtps_cpp.so
[2.000s] -- Up-to-date symlink: /home/uocav/ros-workspace/install/ouster_srvs/include/ouster_srvs/msg/rosidl_typesupport_introspection_c__visibility_control.h
[2.000s] -- Up-to-date symlink: /home/uocav/ros-workspace/install/ouster_srvs/include/ouster_srvs/srv/detail/get_config__rosidl_typesupport_introspection_c.h
[2.000s] -- Up-to-date symlink: /home/uocav/ros-workspace/install/ouster_srvs/include/ouster_srvs/srv/detail/get_metadata__rosidl_typesupport_introspection_c.h
[2.000s] -- Up-to-date symlink: /home/uocav/ros-workspace/install/ouster_srvs/include/ouster_srvs/srv/detail/set_config__rosidl_typesupport_introspection_c.h
[2.000s] -- Up-to-date symlink: /home/uocav/ros-workspace/install/ouster_srvs/include/ouster_srvs/msg/rosidl_generator_cpp__visibility_control.hpp
[2.000s] -- Up-to-date symlink: /home/uocav/ros-workspace/install/ouster_srvs/include/ouster_srvs/srv/detail/get_config__builder.hpp
[2.000s] -- Up-to-date symlink: /home/uocav/ros-workspace/install/ouster_srvs/include/ouster_srvs/srv/detail/get_config__struct.hpp
[2.000s] -- Up-to-date symlink: /home/uocav/ros-workspace/install/ouster_srvs/include/ouster_srvs/srv/detail/get_config__traits.hpp
[2.000s] -- Up-to-date symlink: /home/uocav/ros-workspace/install/ouster_srvs/include/ouster_srvs/srv/detail/get_config__type_support.hpp
[2.000s] -- Up-to-date symlink: /home/uocav/ros-workspace/install/ouster_srvs/include/ouster_srvs/srv/detail/get_metadata__builder.hpp
[2.000s] -- Up-to-date symlink: /home/uocav/ros-workspace/install/ouster_srvs/include/ouster_srvs/srv/detail/get_metadata__struct.hpp
[2.001s] -- Up-to-date symlink: /home/uocav/ros-workspace/install/ouster_srvs/include/ouster_srvs/srv/detail/get_metadata__traits.hpp
[2.001s] -- Up-to-date symlink: /home/uocav/ros-workspace/install/ouster_srvs/include/ouster_srvs/srv/detail/get_metadata__type_support.hpp
[2.001s] -- Up-to-date symlink: /home/uocav/ros-workspace/install/ouster_srvs/include/ouster_srvs/srv/detail/set_config__builder.hpp
[2.001s] -- Up-to-date symlink: /home/uocav/ros-workspace/install/ouster_srvs/include/ouster_srvs/srv/detail/set_config__struct.hpp
[2.001s] -- Up-to-date symlink: /home/uocav/ros-workspace/install/ouster_srvs/include/ouster_srvs/srv/detail/set_config__traits.hpp
[2.001s] -- Up-to-date symlink: /home/uocav/ros-workspace/install/ouster_srvs/include/ouster_srvs/srv/detail/set_config__type_support.hpp
[2.001s] -- Up-to-date symlink: /home/uocav/ros-workspace/install/ouster_srvs/include/ouster_srvs/srv/get_config.hpp
[2.001s] -- Up-to-date symlink: /home/uocav/ros-workspace/install/ouster_srvs/include/ouster_srvs/srv/get_metadata.hpp
[2.001s] -- Up-to-date symlink: /home/uocav/ros-workspace/install/ouster_srvs/include/ouster_srvs/srv/set_config.hpp
[2.001s] -- Up-to-date symlink: /home/uocav/ros-workspace/install/ouster_srvs/include/ouster_srvs/srv/detail/get_config__rosidl_typesupport_introspection_cpp.hpp
[2.001s] -- Up-to-date symlink: /home/uocav/ros-workspace/install/ouster_srvs/include/ouster_srvs/srv/detail/get_metadata__rosidl_typesupport_introspection_cpp.hpp
[2.001s] -- Up-to-date symlink: /home/uocav/ros-workspace/install/ouster_srvs/include/ouster_srvs/srv/detail/set_config__rosidl_typesupport_introspection_cpp.hpp
[2.001s] -- Up-to-date symlink: /home/uocav/ros-workspace/install/ouster_srvs/share/ouster_srvs/environment/pythonpath.sh
[2.001s] -- Up-to-date symlink: /home/uocav/ros-workspace/install/ouster_srvs/share/ouster_srvs/environment/pythonpath.dsv
[2.001s] -- Up-to-date symlink: /home/uocav/ros-workspace/install/ouster_srvs/lib/python3.8/site-packages/ouster_srvs/__init__.py
[2.001s] -- Up-to-date symlink: /home/uocav/ros-workspace/install/ouster_srvs/lib/python3.8/site-packages/ouster_srvs/srv/__init__.py
[2.001s] -- Up-to-date symlink: /home/uocav/ros-workspace/install/ouster_srvs/lib/python3.8/site-packages/ouster_srvs/srv/_get_config.py
[2.001s] -- Up-to-date symlink: /home/uocav/ros-workspace/install/ouster_srvs/lib/python3.8/site-packages/ouster_srvs/srv/_get_metadata.py
[2.002s] -- Up-to-date symlink: /home/uocav/ros-workspace/install/ouster_srvs/lib/python3.8/site-packages/ouster_srvs/srv/_set_config.py
[2.002s] -- Up-to-date symlink: /home/uocav/ros-workspace/install/ouster_srvs/lib/python3.8/site-packages/ouster_srvs/ouster_srvs_s__rosidl_typesupport_fastrtps_c.cpython-38-x86_64-linux-gnu.so
[2.003s] -- Up-to-date symlink: /home/uocav/ros-workspace/install/ouster_srvs/lib/python3.8/site-packages/ouster_srvs/ouster_srvs_s__rosidl_typesupport_introspection_c.cpython-38-x86_64-linux-gnu.so
[2.003s] -- Up-to-date symlink: /home/uocav/ros-workspace/install/ouster_srvs/lib/python3.8/site-packages/ouster_srvs/ouster_srvs_s__rosidl_typesupport_c.cpython-38-x86_64-linux-gnu.so
[2.003s] -- Up-to-date symlink: /home/uocav/ros-workspace/install/ouster_srvs/lib/libouster_srvs__python.so
[2.003s] -- Up-to-date symlink: /home/uocav/ros-workspace/install/ouster_srvs/share/ouster_srvs/srv/GetConfig.idl
[2.003s] -- Up-to-date symlink: /home/uocav/ros-workspace/install/ouster_srvs/share/ouster_srvs/srv/SetConfig.idl
[2.003s] -- Up-to-date symlink: /home/uocav/ros-workspace/install/ouster_srvs/share/ouster_srvs/srv/GetMetadata.idl
[2.003s] -- Up-to-date symlink: /home/uocav/ros-workspace/install/ouster_srvs/share/ouster_srvs/srv/GetConfig.srv
[2.003s] -- Up-to-date symlink: /home/uocav/ros-workspace/install/ouster_srvs/share/ouster_srvs/srv/GetConfig_Request.msg
[2.003s] -- Up-to-date symlink: /home/uocav/ros-workspace/install/ouster_srvs/share/ouster_srvs/srv/GetConfig_Response.msg
[2.003s] -- Up-to-date symlink: /home/uocav/ros-workspace/install/ouster_srvs/share/ouster_srvs/srv/SetConfig.srv
[2.003s] -- Up-to-date symlink: /home/uocav/ros-workspace/install/ouster_srvs/share/ouster_srvs/srv/SetConfig_Request.msg
[2.004s] -- Up-to-date symlink: /home/uocav/ros-workspace/install/ouster_srvs/share/ouster_srvs/srv/SetConfig_Response.msg
[2.004s] -- Up-to-date symlink: /home/uocav/ros-workspace/install/ouster_srvs/share/ouster_srvs/srv/GetMetadata.srv
[2.004s] -- Up-to-date symlink: /home/uocav/ros-workspace/install/ouster_srvs/share/ouster_srvs/srv/GetMetadata_Request.msg
[2.004s] -- Up-to-date symlink: /home/uocav/ros-workspace/install/ouster_srvs/share/ouster_srvs/srv/GetMetadata_Response.msg
[2.004s] -- Up-to-date symlink: /home/uocav/ros-workspace/install/ouster_srvs/share/ament_index/resource_index/package_run_dependencies/ouster_srvs
[2.007s] -- Up-to-date symlink: /home/uocav/ros-workspace/install/ouster_srvs/share/ament_index/resource_index/parent_prefix_path/ouster_srvs
[2.007s] -- Up-to-date symlink: /home/uocav/ros-workspace/install/ouster_srvs/share/ouster_srvs/environment/ament_prefix_path.sh
[2.007s] -- Up-to-date symlink: /home/uocav/ros-workspace/install/ouster_srvs/share/ouster_srvs/environment/ament_prefix_path.dsv
[2.007s] -- Up-to-date symlink: /home/uocav/ros-workspace/install/ouster_srvs/share/ouster_srvs/environment/path.sh
[2.007s] -- Up-to-date symlink: /home/uocav/ros-workspace/install/ouster_srvs/share/ouster_srvs/environment/path.dsv
[2.007s] -- Up-to-date symlink: /home/uocav/ros-workspace/install/ouster_srvs/share/ouster_srvs/local_setup.bash
[2.008s] -- Up-to-date symlink: /home/uocav/ros-workspace/install/ouster_srvs/share/ouster_srvs/local_setup.sh
[2.009s] -- Up-to-date symlink: /home/uocav/ros-workspace/install/ouster_srvs/share/ouster_srvs/local_setup.zsh
[2.009s] -- Up-to-date symlink: /home/uocav/ros-workspace/install/ouster_srvs/share/ouster_srvs/local_setup.dsv
[2.010s] -- Symlinking: /home/uocav/ros-workspace/install/ouster_srvs/share/ouster_srvs/package.dsv
[2.090s] -- Up-to-date symlink: /home/uocav/ros-workspace/install/ouster_srvs/share/ament_index/resource_index/packages/ouster_srvs
[2.091s] -- Up-to-date symlink: /home/uocav/ros-workspace/install/ouster_srvs/share/ouster_srvs/cmake/rosidl_cmake-extras.cmake
[2.092s] -- Up-to-date symlink: /home/uocav/ros-workspace/install/ouster_srvs/share/ouster_srvs/cmake/ament_cmake_export_dependencies-extras.cmake
[2.092s] -- Up-to-date symlink: /home/uocav/ros-workspace/install/ouster_srvs/share/ouster_srvs/cmake/ament_cmake_export_libraries-extras.cmake
[2.101s] -- Up-to-date symlink: /home/uocav/ros-workspace/install/ouster_srvs/share/ouster_srvs/cmake/ament_cmake_export_targets-extras.cmake
[2.106s] -- Up-to-date symlink: /home/uocav/ros-workspace/install/ouster_srvs/share/ouster_srvs/cmake/ament_cmake_export_include_directories-extras.cmake
[2.108s] -- Up-to-date symlink: /home/uocav/ros-workspace/install/ouster_srvs/share/ouster_srvs/cmake/rosidl_cmake_export_typesupport_libraries-extras.cmake
[2.109s] -- Up-to-date symlink: /home/uocav/ros-workspace/install/ouster_srvs/share/ouster_srvs/cmake/rosidl_cmake_export_typesupport_targets-extras.cmake
[2.109s] -- Up-to-date symlink: /home/uocav/ros-workspace/install/ouster_srvs/share/ouster_srvs/cmake/ouster_srvsConfig.cmake
[2.110s] -- Up-to-date symlink: /home/uocav/ros-workspace/install/ouster_srvs/share/ouster_srvs/cmake/ouster_srvsConfig-version.cmake
[2.113s] -- Up-to-date symlink: /home/uocav/ros-workspace/install/ouster_srvs/share/ouster_srvs/package.xml
[2.114s] -- Up-to-date: /home/uocav/ros-workspace/install/ouster_srvs/lib/libouster_srvs__rosidl_generator_c.so
[2.116s] -- Up-to-date: /home/uocav/ros-workspace/install/ouster_srvs/lib/libouster_srvs__rosidl_typesupport_introspection_c.so
[2.117s] -- Up-to-date: /home/uocav/ros-workspace/install/ouster_srvs/lib/libouster_srvs__rosidl_typesupport_c.so
[2.117s] -- Up-to-date: /home/uocav/ros-workspace/install/ouster_srvs/lib/libouster_srvs__rosidl_typesupport_introspection_cpp.so
[2.118s] -- Up-to-date: /home/uocav/ros-workspace/install/ouster_srvs/lib/libouster_srvs__rosidl_typesupport_cpp.so
[2.162s] -- Up-to-date: /home/uocav/ros-workspace/install/ouster_srvs/share/ouster_srvs/cmake/ouster_srvs__rosidl_generator_cExport.cmake
[2.162s] -- Up-to-date: /home/uocav/ros-workspace/install/ouster_srvs/share/ouster_srvs/cmake/ouster_srvs__rosidl_generator_cExport-release.cmake
[2.162s] -- Up-to-date: /home/uocav/ros-workspace/install/ouster_srvs/share/ouster_srvs/cmake/ouster_srvs__rosidl_typesupport_introspection_cExport.cmake
[2.162s] -- Up-to-date: /home/uocav/ros-workspace/install/ouster_srvs/share/ouster_srvs/cmake/ouster_srvs__rosidl_typesupport_introspection_cExport-release.cmake
[2.162s] -- Up-to-date: /home/uocav/ros-workspace/install/ouster_srvs/share/ouster_srvs/cmake/ouster_srvs__rosidl_typesupport_cExport.cmake
[2.162s] -- Up-to-date: /home/uocav/ros-workspace/install/ouster_srvs/share/ouster_srvs/cmake/ouster_srvs__rosidl_typesupport_cExport-release.cmake
[2.162s] -- Up-to-date: /home/uocav/ros-workspace/install/ouster_srvs/share/ouster_srvs/cmake/ouster_srvs__rosidl_generator_cppExport.cmake
[2.163s] -- Up-to-date: /home/uocav/ros-workspace/install/ouster_srvs/share/ouster_srvs/cmake/ouster_srvs__rosidl_typesupport_introspection_cppExport.cmake
[2.163s] -- Up-to-date: /home/uocav/ros-workspace/install/ouster_srvs/share/ouster_srvs/cmake/ouster_srvs__rosidl_typesupport_introspection_cppExport-release.cmake
[2.163s] -- Up-to-date: /home/uocav/ros-workspace/install/ouster_srvs/share/ouster_srvs/cmake/ouster_srvs__rosidl_typesupport_cppExport.cmake
[2.163s] -- Up-to-date: /home/uocav/ros-workspace/install/ouster_srvs/share/ouster_srvs/cmake/ouster_srvs__rosidl_typesupport_cppExport-release.cmake
[2.186s] Invoked command in '/home/uocav/ros-workspace/build/ouster_srvs' returned '0': CMAKE_PREFIX_PATH=${CMAKE_PREFIX_PATH}:/home/uocav/ros-workspace/install/urdf_tutorial_r2d2:/opt/ros/foxy /usr/bin/cmake --install /home/uocav/ros-workspace/build/ouster_srvs
