[0.355s] Invoking command in '/home/jetson/ros-workspace/build/navigation': CMAKE_PREFIX_PATH=${CMAKE_PREFIX_PATH}:/opt/ros/foxy /usr/bin/cmake --build /home/jetson/ros-workspace/build/navigation -- -j6 -l6
[1.264s] [100%] Built target occupancy_pub
[1.431s] Invoked command in '/home/jetson/ros-workspace/build/navigation' returned '0': CMAKE_PREFIX_PATH=${CMAKE_PREFIX_PATH}:/opt/ros/foxy /usr/bin/cmake --build /home/jetson/ros-workspace/build/navigation -- -j6 -l6
[1.937s] Invoking command in '/home/jetson/ros-workspace/build/navigation': CMAKE_PREFIX_PATH=${CMAKE_PREFIX_PATH}:/opt/ros/foxy /usr/bin/cmake --install /home/jetson/ros-workspace/build/navigation
[1.956s] -- Install configuration: "Release"
[1.957s] -- Execute custom install script
[1.957s] -- Up-to-date symlink: /home/jetson/ros-workspace/install/navigation/lib/navigation/occupancy_pub
[1.958s] -- Up-to-date symlink: /home/jetson/ros-workspace/install/navigation/share/ament_index/resource_index/package_run_dependencies/navigation
[1.959s] -- Up-to-date symlink: /home/jetson/ros-workspace/install/navigation/share/ament_index/resource_index/parent_prefix_path/navigation
[1.961s] -- Up-to-date symlink: /home/jetson/ros-workspace/install/navigation/share/navigation/environment/ament_prefix_path.sh
[1.962s] -- Up-to-date symlink: /home/jetson/ros-workspace/install/navigation/share/navigation/environment/ament_prefix_path.dsv
[1.963s] -- Up-to-date symlink: /home/jetson/ros-workspace/install/navigation/share/navigation/environment/path.sh
[1.967s] -- Up-to-date symlink: /home/jetson/ros-workspace/install/navigation/share/navigation/environment/path.dsv
[1.968s] -- Up-to-date symlink: /home/jetson/ros-workspace/install/navigation/share/navigation/local_setup.bash
[1.981s] -- Up-to-date symlink: /home/jetson/ros-workspace/install/navigation/share/navigation/local_setup.sh
[1.981s] -- Up-to-date symlink: /home/jetson/ros-workspace/install/navigation/share/navigation/local_setup.zsh
[1.982s] -- Up-to-date symlink: /home/jetson/ros-workspace/install/navigation/share/navigation/local_setup.dsv
[1.982s] -- Symlinking: /home/jetson/ros-workspace/install/navigation/share/navigation/package.dsv
[1.989s] -- Up-to-date symlink: /home/jetson/ros-workspace/install/navigation/share/ament_index/resource_index/packages/navigation
[1.991s] -- Up-to-date symlink: /home/jetson/ros-workspace/install/navigation/share/navigation/cmake/navigationConfig.cmake
[1.993s] -- Up-to-date symlink: /home/jetson/ros-workspace/install/navigation/share/navigation/cmake/navigationConfig-version.cmake
[1.993s] -- Up-to-date symlink: /home/jetson/ros-workspace/install/navigation/share/navigation/package.xml
[2.053s] Invoked command in '/home/jetson/ros-workspace/build/navigation' returned '0': CMAKE_PREFIX_PATH=${CMAKE_PREFIX_PATH}:/opt/ros/foxy /usr/bin/cmake --install /home/jetson/ros-workspace/build/navigation
