[01m[K/home/jetson/ros-workspace/src/ouster-ros/ouster-ros/ouster-sdk/ouster_client/src/types.cpp:[m[K In function ‘[01m[Kbool ouster::sensor::operator==(const ouster::sensor::sensor_info&, const ouster::sensor::sensor_info&)[m[K’:
[01m[K/home/jetson/ros-workspace/src/ouster-ros/ouster-ros/ouster-sdk/ouster_client/src/types.cpp:156:17:[m[K [01;35m[Kwarning: [m[K‘[01m[Kouster::sensor::sensor_info::name[m[K’ is deprecated: Will be removed in the next version [[01;35m[K-Wdeprecated-declarations[m[K]
  156 |     return (lhs.[01;35m[Kname[m[K == rhs.name && lhs.sn == rhs.sn &&
      |                 [01;35m[K^~~~[m[K
In file included from [01m[K/home/jetson/ros-workspace/src/ouster-ros/ouster-ros/ouster-sdk/ouster_client/src/types.cpp:6[m[K:
[01m[K/home/jetson/ros-workspace/src/ouster-ros/ouster-ros/ouster-sdk/ouster_client/include/ouster/types.h:377:9:[m[K [01;36m[Knote: [m[Kdeclared here
  377 |         [01;36m[Kname[m[K;               ///< @deprecated Will be removed in the next version
      |         [01;36m[K^~~~[m[K
[01m[K/home/jetson/ros-workspace/src/ouster-ros/ouster-ros/ouster-sdk/ouster_client/src/types.cpp:156:17:[m[K [01;35m[Kwarning: [m[K‘[01m[Kouster::sensor::sensor_info::name[m[K’ is deprecated: Will be removed in the next version [[01;35m[K-Wdeprecated-declarations[m[K]
  156 |     return (lhs.[01;35m[Kname[m[K == rhs.name && lhs.sn == rhs.sn &&
      |                 [01;35m[K^~~~[m[K
In file included from [01m[K/home/jetson/ros-workspace/src/ouster-ros/ouster-ros/ouster-sdk/ouster_client/src/types.cpp:6[m[K:
[01m[K/home/jetson/ros-workspace/src/ouster-ros/ouster-ros/ouster-sdk/ouster_client/include/ouster/types.h:377:9:[m[K [01;36m[Knote: [m[Kdeclared here
  377 |         [01;36m[Kname[m[K;               ///< @deprecated Will be removed in the next version
      |         [01;36m[K^~~~[m[K
[01m[K/home/jetson/ros-workspace/src/ouster-ros/ouster-ros/ouster-sdk/ouster_client/src/types.cpp:156:17:[m[K [01;35m[Kwarning: [m[K‘[01m[Kouster::sensor::sensor_info::name[m[K’ is deprecated: Will be removed in the next version [[01;35m[K-Wdeprecated-declarations[m[K]
  156 |     return (lhs.[01;35m[Kname[m[K == rhs.name && lhs.sn == rhs.sn &&
      |                 [01;35m[K^~~~[m[K
In file included from [01m[K/home/jetson/ros-workspace/src/ouster-ros/ouster-ros/ouster-sdk/ouster_client/src/types.cpp:6[m[K:
[01m[K/home/jetson/ros-workspace/src/ouster-ros/ouster-ros/ouster-sdk/ouster_client/include/ouster/types.h:377:9:[m[K [01;36m[Knote: [m[Kdeclared here
  377 |         [01;36m[Kname[m[K;               ///< @deprecated Will be removed in the next version
      |         [01;36m[K^~~~[m[K
[01m[K/home/jetson/ros-workspace/src/ouster-ros/ouster-ros/ouster-sdk/ouster_client/src/types.cpp:156:29:[m[K [01;35m[Kwarning: [m[K‘[01m[Kouster::sensor::sensor_info::name[m[K’ is deprecated: Will be removed in the next version [[01;35m[K-Wdeprecated-declarations[m[K]
  156 |     return (lhs.name == rhs.[01;35m[Kname[m[K && lhs.sn == rhs.sn &&
      |                             [01;35m[K^~~~[m[K
In file included from [01m[K/home/jetson/ros-workspace/src/ouster-ros/ouster-ros/ouster-sdk/ouster_client/src/types.cpp:6[m[K:
[01m[K/home/jetson/ros-workspace/src/ouster-ros/ouster-ros/ouster-sdk/ouster_client/include/ouster/types.h:377:9:[m[K [01;36m[Knote: [m[Kdeclared here
  377 |         [01;36m[Kname[m[K;               ///< @deprecated Will be removed in the next version
      |         [01;36m[K^~~~[m[K
[01m[K/home/jetson/ros-workspace/src/ouster-ros/ouster-ros/ouster-sdk/ouster_client/src/types.cpp:156:29:[m[K [01;35m[Kwarning: [m[K‘[01m[Kouster::sensor::sensor_info::name[m[K’ is deprecated: Will be removed in the next version [[01;35m[K-Wdeprecated-declarations[m[K]
  156 |     return (lhs.name == rhs.[01;35m[Kname[m[K && lhs.sn == rhs.sn &&
      |                             [01;35m[K^~~~[m[K
In file included from [01m[K/home/jetson/ros-workspace/src/ouster-ros/ouster-ros/ouster-sdk/ouster_client/src/types.cpp:6[m[K:
[01m[K/home/jetson/ros-workspace/src/ouster-ros/ouster-ros/ouster-sdk/ouster_client/include/ouster/types.h:377:9:[m[K [01;36m[Knote: [m[Kdeclared here
  377 |         [01;36m[Kname[m[K;               ///< @deprecated Will be removed in the next version
      |         [01;36m[K^~~~[m[K
[01m[K/home/jetson/ros-workspace/src/ouster-ros/ouster-ros/ouster-sdk/ouster_client/src/types.cpp:156:29:[m[K [01;35m[Kwarning: [m[K‘[01m[Kouster::sensor::sensor_info::name[m[K’ is deprecated: Will be removed in the next version [[01;35m[K-Wdeprecated-declarations[m[K]
  156 |     return (lhs.name == rhs.[01;35m[Kname[m[K && lhs.sn == rhs.sn &&
      |                             [01;35m[K^~~~[m[K
In file included from [01m[K/home/jetson/ros-workspace/src/ouster-ros/ouster-ros/ouster-sdk/ouster_client/src/types.cpp:6[m[K:
[01m[K/home/jetson/ros-workspace/src/ouster-ros/ouster-ros/ouster-sdk/ouster_client/include/ouster/types.h:377:9:[m[K [01;36m[Knote: [m[Kdeclared here
  377 |         [01;36m[Kname[m[K;               ///< @deprecated Will be removed in the next version
      |         [01;36m[K^~~~[m[K
[01m[K/home/jetson/ros-workspace/src/ouster-ros/ouster-ros/ouster-sdk/ouster_client/include/ouster/types.h:[m[K In destructor ‘[01m[Kouster::sensor::sensor_info::~sensor_info()[m[K’:
[01m[K/home/jetson/ros-workspace/src/ouster-ros/ouster-ros/ouster-sdk/ouster_client/include/ouster/types.h:375:8:[m[K [01;35m[Kwarning: [m[K‘[01m[Kouster::sensor::sensor_info::name[m[K’ is deprecated: Will be removed in the next version [[01;35m[K-Wdeprecated-declarations[m[K]
  375 | struct [01;35m[Ksensor_info[m[K {
      |        [01;35m[K^~~~~~~~~~~[m[K
[01m[K/home/jetson/ros-workspace/src/ouster-ros/ouster-ros/ouster-sdk/ouster_client/include/ouster/types.h:377:9:[m[K [01;36m[Knote: [m[Kdeclared here
  377 |         [01;36m[Kname[m[K;               ///< @deprecated Will be removed in the next version
      |         [01;36m[K^~~~[m[K
[01m[K/home/jetson/ros-workspace/src/ouster-ros/ouster-ros/ouster-sdk/ouster_client/include/ouster/types.h:375:8:[m[K [01;35m[Kwarning: [m[K‘[01m[Kouster::sensor::sensor_info::name[m[K’ is deprecated: Will be removed in the next version [[01;35m[K-Wdeprecated-declarations[m[K]
  375 | struct [01;35m[Ksensor_info[m[K {
      |        [01;35m[K^~~~~~~~~~~[m[K
[01m[K/home/jetson/ros-workspace/src/ouster-ros/ouster-ros/ouster-sdk/ouster_client/include/ouster/types.h:377:9:[m[K [01;36m[Knote: [m[Kdeclared here
  377 |         [01;36m[Kname[m[K;               ///< @deprecated Will be removed in the next version
      |         [01;36m[K^~~~[m[K
[01m[K/home/jetson/ros-workspace/src/ouster-ros/ouster-ros/ouster-sdk/ouster_client/src/types.cpp:[m[K In function ‘[01m[Kouster::sensor::sensor_info ouster::sensor::default_sensor_info(ouster::sensor::lidar_mode)[m[K’:
[01m[K/home/jetson/ros-workspace/src/ouster-ros/ouster-ros/ouster-sdk/ouster_client/src/types.cpp:281:33:[m[K [01;36m[Knote: [m[Ksynthesized method ‘[01m[Kouster::sensor::sensor_info::~sensor_info()[m[K’ first required here
  281 |                                0[01;36m[K}[m[K;
      |                                 [01;36m[K^[m[K
[01m[K/home/jetson/ros-workspace/src/ouster-ros/ouster-ros/ouster-sdk/ouster_client/src/types.cpp:[m[K In function ‘[01m[Kouster::sensor::sensor_info ouster::sensor::parse_legacy(const string&)[m[K’:
[01m[K/home/jetson/ros-workspace/src/ouster-ros/ouster-ros/ouster-sdk/ouster_client/src/types.cpp:855:10:[m[K [01;35m[Kwarning: [m[K‘[01m[Kouster::sensor::sensor_info::name[m[K’ is deprecated: Will be removed in the next version [[01;35m[K-Wdeprecated-declarations[m[K]
  855 |     info.[01;35m[Kname[m[K = root["hostname"].asString();
      |          [01;35m[K^~~~[m[K
In file included from [01m[K/home/jetson/ros-workspace/src/ouster-ros/ouster-ros/ouster-sdk/ouster_client/src/types.cpp:6[m[K:
[01m[K/home/jetson/ros-workspace/src/ouster-ros/ouster-ros/ouster-sdk/ouster_client/include/ouster/types.h:377:9:[m[K [01;36m[Knote: [m[Kdeclared here
  377 |         [01;36m[Kname[m[K;               ///< @deprecated Will be removed in the next version
      |         [01;36m[K^~~~[m[K
[01m[K/home/jetson/ros-workspace/src/ouster-ros/ouster-ros/ouster-sdk/ouster_client/src/types.cpp:855:10:[m[K [01;35m[Kwarning: [m[K‘[01m[Kouster::sensor::sensor_info::name[m[K’ is deprecated: Will be removed in the next version [[01;35m[K-Wdeprecated-declarations[m[K]
  855 |     info.[01;35m[Kname[m[K = root["hostname"].asString();
      |          [01;35m[K^~~~[m[K
In file included from [01m[K/home/jetson/ros-workspace/src/ouster-ros/ouster-ros/ouster-sdk/ouster_client/src/types.cpp:6[m[K:
[01m[K/home/jetson/ros-workspace/src/ouster-ros/ouster-ros/ouster-sdk/ouster_client/include/ouster/types.h:377:9:[m[K [01;36m[Knote: [m[Kdeclared here
  377 |         [01;36m[Kname[m[K;               ///< @deprecated Will be removed in the next version
      |         [01;36m[K^~~~[m[K
[01m[K/home/jetson/ros-workspace/src/ouster-ros/ouster-ros/ouster-sdk/ouster_client/src/types.cpp:855:10:[m[K [01;35m[Kwarning: [m[K‘[01m[Kouster::sensor::sensor_info::name[m[K’ is deprecated: Will be removed in the next version [[01;35m[K-Wdeprecated-declarations[m[K]
  855 |     info.[01;35m[Kname[m[K = root["hostname"].asString();
      |          [01;35m[K^~~~[m[K
In file included from [01m[K/home/jetson/ros-workspace/src/ouster-ros/ouster-ros/ouster-sdk/ouster_client/src/types.cpp:6[m[K:
[01m[K/home/jetson/ros-workspace/src/ouster-ros/ouster-ros/ouster-sdk/ouster_client/include/ouster/types.h:377:9:[m[K [01;36m[Knote: [m[Kdeclared here
  377 |         [01;36m[Kname[m[K;               ///< @deprecated Will be removed in the next version
      |         [01;36m[K^~~~[m[K
[01m[K/home/jetson/ros-workspace/src/ouster-ros/ouster-ros/ouster-sdk/ouster_client/include/ouster/types.h:[m[K In constructor ‘[01m[Kouster::sensor::sensor_info::sensor_info(ouster::sensor::sensor_info&&)[m[K’:
[01m[K/home/jetson/ros-workspace/src/ouster-ros/ouster-ros/ouster-sdk/ouster_client/include/ouster/types.h:375:8:[m[K [01;35m[Kwarning: [m[K‘[01m[Kouster::sensor::sensor_info::name[m[K’ is deprecated: Will be removed in the next version [[01;35m[K-Wdeprecated-declarations[m[K]
  375 | struct [01;35m[Ksensor_info[m[K {
      |        [01;35m[K^~~~~~~~~~~[m[K
[01m[K/home/jetson/ros-workspace/src/ouster-ros/ouster-ros/ouster-sdk/ouster_client/include/ouster/types.h:377:9:[m[K [01;36m[Knote: [m[Kdeclared here
  377 |         [01;36m[Kname[m[K;               ///< @deprecated Will be removed in the next version
      |         [01;36m[K^~~~[m[K
[01m[K/home/jetson/ros-workspace/src/ouster-ros/ouster-ros/ouster-sdk/ouster_client/include/ouster/types.h:375:8:[m[K [01;35m[Kwarning: [m[K‘[01m[Kouster::sensor::sensor_info::name[m[K’ is deprecated: Will be removed in the next version [[01;35m[K-Wdeprecated-declarations[m[K]
  375 | struct [01;35m[Ksensor_info[m[K {
      |        [01;35m[K^~~~~~~~~~~[m[K
[01m[K/home/jetson/ros-workspace/src/ouster-ros/ouster-ros/ouster-sdk/ouster_client/include/ouster/types.h:377:9:[m[K [01;36m[Knote: [m[Kdeclared here
  377 |         [01;36m[Kname[m[K;               ///< @deprecated Will be removed in the next version
      |         [01;36m[K^~~~[m[K
[01m[K/home/jetson/ros-workspace/src/ouster-ros/ouster-ros/ouster-sdk/ouster_client/include/ouster/types.h:375:8:[m[K [01;35m[Kwarning: [m[K‘[01m[Kouster::sensor::sensor_info::name[m[K’ is deprecated: Will be removed in the next version [[01;35m[K-Wdeprecated-declarations[m[K]
  375 | struct [01;35m[Ksensor_info[m[K {
      |        [01;35m[K^~~~~~~~~~~[m[K
[01m[K/home/jetson/ros-workspace/src/ouster-ros/ouster-ros/ouster-sdk/ouster_client/include/ouster/types.h:377:9:[m[K [01;36m[Knote: [m[Kdeclared here
  377 |         [01;36m[Kname[m[K;               ///< @deprecated Will be removed in the next version
      |         [01;36m[K^~~~[m[K
[01m[K/home/jetson/ros-workspace/src/ouster-ros/ouster-ros/ouster-sdk/ouster_client/include/ouster/types.h:375:8:[m[K [01;35m[Kwarning: [m[K‘[01m[Kouster::sensor::sensor_info::name[m[K’ is deprecated: Will be removed in the next version [[01;35m[K-Wdeprecated-declarations[m[K]
  375 | struct [01;35m[Ksensor_info[m[K {
      |        [01;35m[K^~~~~~~~~~~[m[K
[01m[K/home/jetson/ros-workspace/src/ouster-ros/ouster-ros/ouster-sdk/ouster_client/include/ouster/types.h:377:9:[m[K [01;36m[Knote: [m[Kdeclared here
  377 |         [01;36m[Kname[m[K;               ///< @deprecated Will be removed in the next version
      |         [01;36m[K^~~~[m[K
[01m[K/home/jetson/ros-workspace/src/ouster-ros/ouster-ros/ouster-sdk/ouster_client/src/types.cpp:[m[K In function ‘[01m[Kouster::sensor::sensor_info ouster::sensor::parse_legacy(const string&)[m[K’:
[01m[K/home/jetson/ros-workspace/src/ouster-ros/ouster-ros/ouster-sdk/ouster_client/src/types.cpp:1043:12:[m[K [01;36m[Knote: [m[Ksynthesized method ‘[01m[Kouster::sensor::sensor_info::sensor_info(ouster::sensor::sensor_info&&)[m[K’ first required here
 1043 |     return [01;36m[Kinfo[m[K;
      |            [01;36m[K^~~~[m[K
In file included from [01m[K/home/jetson/ros-workspace/src/ouster-ros/ouster-ros/ouster-sdk/ouster_client/include/ouster/lidar_scan.h:17[m[K,
                 from [01m[K/home/jetson/ros-workspace/src/ouster-ros/ouster-ros/ouster-sdk/ouster_client/src/lidar_scan.cpp:6[m[K:
[01m[K/home/jetson/ros-workspace/src/ouster-ros/ouster-ros/ouster-sdk/ouster_client/include/ouster/types.h:[m[K In copy constructor ‘[01m[Kouster::sensor::packet_format::packet_format(const ouster::sensor::packet_format&)[m[K’:
[01m[K/home/jetson/ros-workspace/src/ouster-ros/ouster-ros/ouster-sdk/ouster_client/include/ouster/types.h:830:7:[m[K [01;35m[Kwarning: [m[K‘[01m[Kouster::sensor::packet_format::encoder_ticks_per_rev[m[K’ is deprecated [[01;35m[K-Wdeprecated-declarations[m[K]
  830 | class [01;35m[Kpacket_format[m[K final {
      |       [01;35m[K^~~~~~~~~~~~~[m[K
[01m[K/home/jetson/ros-workspace/src/ouster-ros/ouster-ros/ouster-sdk/ouster_client/include/ouster/types.h:854:30:[m[K [01;36m[Knote: [m[Kdeclared here
  854 |     [[deprecated]] const int [01;36m[Kencoder_ticks_per_rev[m[K;  ///< @deprecated
      |                              [01;36m[K^~~~~~~~~~~~~~~~~~~~~[m[K
[01m[K/home/jetson/ros-workspace/src/ouster-ros/ouster-ros/ouster-sdk/ouster_client/include/ouster/types.h:830:7:[m[K [01;35m[Kwarning: [m[K‘[01m[Kouster::sensor::packet_format::encoder_ticks_per_rev[m[K’ is deprecated [[01;35m[K-Wdeprecated-declarations[m[K]
  830 | class [01;35m[Kpacket_format[m[K final {
      |       [01;35m[K^~~~~~~~~~~~~[m[K
[01m[K/home/jetson/ros-workspace/src/ouster-ros/ouster-ros/ouster-sdk/ouster_client/include/ouster/types.h:854:30:[m[K [01;36m[Knote: [m[Kdeclared here
  854 |     [[deprecated]] const int [01;36m[Kencoder_ticks_per_rev[m[K;  ///< @deprecated
      |                              [01;36m[K^~~~~~~~~~~~~~~~~~~~~[m[K
[01m[K/home/jetson/ros-workspace/src/ouster-ros/ouster-ros/ouster-sdk/ouster_client/src/lidar_scan.cpp:[m[K In constructor ‘[01m[Kouster::ScanBatcher::ScanBatcher(size_t, const ouster::sensor::packet_format&)[m[K’:
[01m[K/home/jetson/ros-workspace/src/ouster-ros/ouster-ros/ouster-sdk/ouster_client/src/lidar_scan.cpp:404:12:[m[K [01;36m[Knote: [m[Ksynthesized method ‘[01m[Kouster::sensor::packet_format::packet_format(const ouster::sensor::packet_format&)[m[K’ first required here
  404 |       pf(pf[01;36m[K)[m[K {}
      |            [01;36m[K^[m[K
[01m[K/home/jetson/ros-workspace/src/ouster-ros/ouster-ros/ouster-sdk/ouster_client/src/parsing.cpp:[m[K In constructor ‘[01m[Kouster::sensor::packet_format::packet_format(const ouster::sensor::sensor_info&)[m[K’:
[01m[K/home/jetson/ros-workspace/src/ouster-ros/ouster-ros/ouster-sdk/ouster_client/src/parsing.cpp:188:51:[m[K [01;35m[Kwarning: [m[K‘[01m[Kouster::sensor::packet_format::encoder_ticks_per_rev[m[K’ is deprecated [[01;35m[K-Wdeprecated-declarations[m[K]
  188 |       packet_footer_size{impl_->packet_footer_size[01;35m[K}[m[K {
      |                                                   [01;35m[K^[m[K
In file included from [01m[K/home/jetson/ros-workspace/src/ouster-ros/ouster-ros/ouster-sdk/ouster_client/src/parsing.cpp:17[m[K:
[01m[K/home/jetson/ros-workspace/src/ouster-ros/ouster-ros/ouster-sdk/ouster_client/include/ouster/types.h:854:30:[m[K [01;36m[Knote: [m[Kdeclared here
  854 |     [[deprecated]] const int [01;36m[Kencoder_ticks_per_rev[m[K;  ///< @deprecated
      |                              [01;36m[K^~~~~~~~~~~~~~~~~~~~~[m[K
[01m[K/home/jetson/ros-workspace/src/ouster-ros/ouster-ros/ouster-sdk/ouster_client/src/parsing.cpp:188:51:[m[K [01;35m[Kwarning: [m[K‘[01m[Kouster::sensor::packet_format::encoder_ticks_per_rev[m[K’ is deprecated [[01;35m[K-Wdeprecated-declarations[m[K]
  188 |       packet_footer_size{impl_->packet_footer_size[01;35m[K}[m[K {
      |                                                   [01;35m[K^[m[K
In file included from [01m[K/home/jetson/ros-workspace/src/ouster-ros/ouster-ros/ouster-sdk/ouster_client/src/parsing.cpp:17[m[K:
[01m[K/home/jetson/ros-workspace/src/ouster-ros/ouster-ros/ouster-sdk/ouster_client/include/ouster/types.h:854:30:[m[K [01;36m[Knote: [m[Kdeclared here
  854 |     [[deprecated]] const int [01;36m[Kencoder_ticks_per_rev[m[K;  ///< @deprecated
      |                              [01;36m[K^~~~~~~~~~~~~~~~~~~~~[m[K
[01m[K/home/jetson/ros-workspace/src/ouster-ros/ouster-ros/ouster-sdk/ouster_client/src/parsing.cpp:[m[K In member function ‘[01m[Kuint16_t ouster::sensor::packet_format::frame_id(const uint8_t*) const[m[K’:
[01m[K/home/jetson/ros-workspace/src/ouster-ros/ouster-ros/ouster-sdk/ouster_client/src/parsing.cpp:283:50:[m[K [01;35m[Kwarning: [m[K‘[01m[Kuint16_t ouster::sensor::packet_format::col_frame_id(const uint8_t*) const[m[K’ is deprecated: Use frame_id instead [[01;35m[K-Wdeprecated-declarations[m[K]
  283 |         return col_frame_id(nth_col(0, lidar_buf)[01;35m[K)[m[K;
      |                                                  [01;35m[K^[m[K
In file included from [01m[K/home/jetson/ros-workspace/src/ouster-ros/ouster-ros/ouster-sdk/ouster_client/src/parsing.cpp:17[m[K:
[01m[K/home/jetson/ros-workspace/src/ouster-ros/ouster-ros/ouster-sdk/ouster_client/include/ouster/types.h:1007:53:[m[K [01;36m[Knote: [m[Kdeclared here
 1007 |     [[deprecated("Use frame_id instead")]] uint16_t [01;36m[Kcol_frame_id[m[K(
      |                                                     [01;36m[K^~~~~~~~~~~~[m[K
In file included from [01m[K/home/jetson/ros-workspace/src/ouster-ros/ouster-ros/include/ouster_ros/os_processing_node_base.h:10[m[K,
                 from [01m[K/home/jetson/ros-workspace/src/ouster-ros/ouster-ros/src/os_processing_node_base.cpp:9[m[K:
[01m[K/home/jetson/ros-workspace/src/ouster-ros/ouster-ros/ouster-sdk/ouster_client/include/ouster/types.h:[m[K In constructor ‘[01m[Kouster::sensor::sensor_info::sensor_info()[m[K’:
[01m[K/home/jetson/ros-workspace/src/ouster-ros/ouster-ros/ouster-sdk/ouster_client/include/ouster/types.h:375:8:[m[K [01;35m[Kwarning: [m[K‘[01m[Kouster::sensor::sensor_info::name[m[K’ is deprecated: Will be removed in the next version [[01;35m[K-Wdeprecated-declarations[m[K]
  375 | struct [01;35m[Ksensor_info[m[K {
      |        [01;35m[K^~~~~~~~~~~[m[K
[01m[K/home/jetson/ros-workspace/src/ouster-ros/ouster-ros/ouster-sdk/ouster_client/include/ouster/types.h:377:9:[m[K [01;36m[Knote: [m[Kdeclared here
  377 |         [01;36m[Kname[m[K;               ///< @deprecated Will be removed in the next version
      |         [01;36m[K^~~~[m[K
[01m[K/home/jetson/ros-workspace/src/ouster-ros/ouster-ros/ouster-sdk/ouster_client/include/ouster/types.h:375:8:[m[K [01;35m[Kwarning: [m[K‘[01m[Kouster::sensor::sensor_info::name[m[K’ is deprecated: Will be removed in the next version [[01;35m[K-Wdeprecated-declarations[m[K]
  375 | struct [01;35m[Ksensor_info[m[K {
      |        [01;35m[K^~~~~~~~~~~[m[K
[01m[K/home/jetson/ros-workspace/src/ouster-ros/ouster-ros/ouster-sdk/ouster_client/include/ouster/types.h:377:9:[m[K [01;36m[Knote: [m[Kdeclared here
  377 |         [01;36m[Kname[m[K;               ///< @deprecated Will be removed in the next version
      |         [01;36m[K^~~~[m[K
[01m[K/home/jetson/ros-workspace/src/ouster-ros/ouster-ros/ouster-sdk/ouster_client/include/ouster/types.h:375:8:[m[K [01;35m[Kwarning: [m[K‘[01m[Kouster::sensor::sensor_info::name[m[K’ is deprecated: Will be removed in the next version [[01;35m[K-Wdeprecated-declarations[m[K]
  375 | struct [01;35m[Ksensor_info[m[K {
      |        [01;35m[K^~~~~~~~~~~[m[K
[01m[K/home/jetson/ros-workspace/src/ouster-ros/ouster-ros/ouster-sdk/ouster_client/include/ouster/types.h:377:9:[m[K [01;36m[Knote: [m[Kdeclared here
  377 |         [01;36m[Kname[m[K;               ///< @deprecated Will be removed in the next version
      |         [01;36m[K^~~~[m[K
[01m[K/home/jetson/ros-workspace/src/ouster-ros/ouster-ros/ouster-sdk/ouster_client/include/ouster/types.h:375:8:[m[K [01;35m[Kwarning: [m[K‘[01m[Kouster::sensor::sensor_info::name[m[K’ is deprecated: Will be removed in the next version [[01;35m[K-Wdeprecated-declarations[m[K]
  375 | struct [01;35m[Ksensor_info[m[K {
      |        [01;35m[K^~~~~~~~~~~[m[K
[01m[K/home/jetson/ros-workspace/src/ouster-ros/ouster-ros/ouster-sdk/ouster_client/include/ouster/types.h:377:9:[m[K [01;36m[Knote: [m[Kdeclared here
  377 |         [01;36m[Kname[m[K;               ///< @deprecated Will be removed in the next version
      |         [01;36m[K^~~~[m[K
In file included from [01m[K/home/jetson/ros-workspace/src/ouster-ros/ouster-ros/src/os_processing_node_base.cpp:9[m[K:
[01m[K/home/jetson/ros-workspace/src/ouster-ros/ouster-ros/include/ouster_ros/os_processing_node_base.h:[m[K In constructor ‘[01m[Kouster_ros::OusterProcessingNodeBase::OusterProcessingNodeBase(const string&, const rclcpp::NodeOptions&)[m[K’:
[01m[K/home/jetson/ros-workspace/src/ouster-ros/ouster-ros/include/ouster_ros/os_processing_node_base.h:22:37:[m[K [01;36m[Knote: [m[Ksynthesized method ‘[01m[Kouster::sensor::sensor_info::sensor_info()[m[K’ first required here
   22 |         : rclcpp::Node(name, options[01;36m[K)[m[K {}
      |                                     [01;36m[K^[m[K
In file included from [01m[K/home/jetson/ros-workspace/src/ouster-ros/ouster-ros/include/ouster_ros/os_processing_node_base.h:10[m[K,
                 from [01m[K/home/jetson/ros-workspace/src/ouster-ros/ouster-ros/src/os_processing_node_base.cpp:9[m[K:
[01m[K/home/jetson/ros-workspace/src/ouster-ros/ouster-ros/ouster-sdk/ouster_client/include/ouster/types.h:[m[K In destructor ‘[01m[Kouster::sensor::sensor_info::~sensor_info()[m[K’:
[01m[K/home/jetson/ros-workspace/src/ouster-ros/ouster-ros/ouster-sdk/ouster_client/include/ouster/types.h:375:8:[m[K [01;35m[Kwarning: [m[K‘[01m[Kouster::sensor::sensor_info::name[m[K’ is deprecated: Will be removed in the next version [[01;35m[K-Wdeprecated-declarations[m[K]
  375 | struct [01;35m[Ksensor_info[m[K {
      |        [01;35m[K^~~~~~~~~~~[m[K
[01m[K/home/jetson/ros-workspace/src/ouster-ros/ouster-ros/ouster-sdk/ouster_client/include/ouster/types.h:377:9:[m[K [01;36m[Knote: [m[Kdeclared here
  377 |         [01;36m[Kname[m[K;               ///< @deprecated Will be removed in the next version
      |         [01;36m[K^~~~[m[K
[01m[K/home/jetson/ros-workspace/src/ouster-ros/ouster-ros/ouster-sdk/ouster_client/include/ouster/types.h:375:8:[m[K [01;35m[Kwarning: [m[K‘[01m[Kouster::sensor::sensor_info::name[m[K’ is deprecated: Will be removed in the next version [[01;35m[K-Wdeprecated-declarations[m[K]
  375 | struct [01;35m[Ksensor_info[m[K {
      |        [01;35m[K^~~~~~~~~~~[m[K
[01m[K/home/jetson/ros-workspace/src/ouster-ros/ouster-ros/ouster-sdk/ouster_client/include/ouster/types.h:377:9:[m[K [01;36m[Knote: [m[Kdeclared here
  377 |         [01;36m[Kname[m[K;               ///< @deprecated Will be removed in the next version
      |         [01;36m[K^~~~[m[K
In file included from [01m[K/home/jetson/ros-workspace/src/ouster-ros/ouster-ros/src/os_processing_node_base.cpp:9[m[K:
[01m[K/home/jetson/ros-workspace/src/ouster-ros/ouster-ros/include/ouster_ros/os_processing_node_base.h:[m[K In constructor ‘[01m[Kouster_ros::OusterProcessingNodeBase::OusterProcessingNodeBase(const string&, const rclcpp::NodeOptions&)[m[K’:
[01m[K/home/jetson/ros-workspace/src/ouster-ros/ouster-ros/include/ouster_ros/os_processing_node_base.h:22:37:[m[K [01;36m[Knote: [m[Ksynthesized method ‘[01m[Kouster::sensor::sensor_info::~sensor_info()[m[K’ first required here
   22 |         : rclcpp::Node(name, options[01;36m[K)[m[K {}
      |                                     [01;36m[K^[m[K
In file included from [01m[K/home/jetson/ros-workspace/src/ouster-ros/ouster-ros/include/ouster_ros/os_sensor_node_base.h:10[m[K,
                 from [01m[K/home/jetson/ros-workspace/src/ouster-ros/ouster-ros/src/os_sensor_node_base.cpp:9[m[K:
[01m[K/home/jetson/ros-workspace/src/ouster-ros/ouster-ros/ouster-sdk/ouster_client/include/ouster/types.h:[m[K In constructor ‘[01m[Kouster::sensor::sensor_info::sensor_info()[m[K’:
[01m[K/home/jetson/ros-workspace/src/ouster-ros/ouster-ros/ouster-sdk/ouster_client/include/ouster/types.h:375:8:[m[K [01;35m[Kwarning: [m[K‘[01m[Kouster::sensor::sensor_info::name[m[K’ is deprecated: Will be removed in the next version [[01;35m[K-Wdeprecated-declarations[m[K]
  375 | struct [01;35m[Ksensor_info[m[K {
      |        [01;35m[K^~~~~~~~~~~[m[K
[01m[K/home/jetson/ros-workspace/src/ouster-ros/ouster-ros/ouster-sdk/ouster_client/include/ouster/types.h:377:9:[m[K [01;36m[Knote: [m[Kdeclared here
  377 |         [01;36m[Kname[m[K;               ///< @deprecated Will be removed in the next version
      |         [01;36m[K^~~~[m[K
[01m[K/home/jetson/ros-workspace/src/ouster-ros/ouster-ros/ouster-sdk/ouster_client/include/ouster/types.h:375:8:[m[K [01;35m[Kwarning: [m[K‘[01m[Kouster::sensor::sensor_info::name[m[K’ is deprecated: Will be removed in the next version [[01;35m[K-Wdeprecated-declarations[m[K]
  375 | struct [01;35m[Ksensor_info[m[K {
      |        [01;35m[K^~~~~~~~~~~[m[K
[01m[K/home/jetson/ros-workspace/src/ouster-ros/ouster-ros/ouster-sdk/ouster_client/include/ouster/types.h:377:9:[m[K [01;36m[Knote: [m[Kdeclared here
  377 |         [01;36m[Kname[m[K;               ///< @deprecated Will be removed in the next version
      |         [01;36m[K^~~~[m[K
[01m[K/home/jetson/ros-workspace/src/ouster-ros/ouster-ros/ouster-sdk/ouster_client/include/ouster/types.h:375:8:[m[K [01;35m[Kwarning: [m[K‘[01m[Kouster::sensor::sensor_info::name[m[K’ is deprecated: Will be removed in the next version [[01;35m[K-Wdeprecated-declarations[m[K]
  375 | struct [01;35m[Ksensor_info[m[K {
      |        [01;35m[K^~~~~~~~~~~[m[K
[01m[K/home/jetson/ros-workspace/src/ouster-ros/ouster-ros/ouster-sdk/ouster_client/include/ouster/types.h:377:9:[m[K [01;36m[Knote: [m[Kdeclared here
  377 |         [01;36m[Kname[m[K;               ///< @deprecated Will be removed in the next version
      |         [01;36m[K^~~~[m[K
[01m[K/home/jetson/ros-workspace/src/ouster-ros/ouster-ros/ouster-sdk/ouster_client/include/ouster/types.h:375:8:[m[K [01;35m[Kwarning: [m[K‘[01m[Kouster::sensor::sensor_info::name[m[K’ is deprecated: Will be removed in the next version [[01;35m[K-Wdeprecated-declarations[m[K]
  375 | struct [01;35m[Ksensor_info[m[K {
      |        [01;35m[K^~~~~~~~~~~[m[K
[01m[K/home/jetson/ros-workspace/src/ouster-ros/ouster-ros/ouster-sdk/ouster_client/include/ouster/types.h:377:9:[m[K [01;36m[Knote: [m[Kdeclared here
  377 |         [01;36m[Kname[m[K;               ///< @deprecated Will be removed in the next version
      |         [01;36m[K^~~~[m[K
In file included from [01m[K/home/jetson/ros-workspace/src/ouster-ros/ouster-ros/src/os_sensor_node_base.cpp:9[m[K:
[01m[K/home/jetson/ros-workspace/src/ouster-ros/ouster-ros/include/ouster_ros/os_sensor_node_base.h:[m[K In constructor ‘[01m[Kouster_ros::OusterSensorNodeBase::OusterSensorNodeBase(const string&, const rclcpp::NodeOptions&)[m[K’:
[01m[K/home/jetson/ros-workspace/src/ouster-ros/ouster-ros/include/ouster_ros/os_sensor_node_base.h:24:56:[m[K [01;36m[Knote: [m[Ksynthesized method ‘[01m[Kouster::sensor::sensor_info::sensor_info()[m[K’ first required here
   24 |         : rclcpp_lifecycle::LifecycleNode(name, options[01;36m[K)[m[K {}
      |                                                        [01;36m[K^[m[K
In file included from [01m[K/home/jetson/ros-workspace/src/ouster-ros/ouster-ros/include/ouster_ros/os_sensor_node_base.h:10[m[K,
                 from [01m[K/home/jetson/ros-workspace/src/ouster-ros/ouster-ros/src/os_sensor_node_base.cpp:9[m[K:
[01m[K/home/jetson/ros-workspace/src/ouster-ros/ouster-ros/ouster-sdk/ouster_client/include/ouster/types.h:[m[K In destructor ‘[01m[Kouster::sensor::sensor_info::~sensor_info()[m[K’:
[01m[K/home/jetson/ros-workspace/src/ouster-ros/ouster-ros/ouster-sdk/ouster_client/include/ouster/types.h:375:8:[m[K [01;35m[Kwarning: [m[K‘[01m[Kouster::sensor::sensor_info::name[m[K’ is deprecated: Will be removed in the next version [[01;35m[K-Wdeprecated-declarations[m[K]
  375 | struct [01;35m[Ksensor_info[m[K {
      |        [01;35m[K^~~~~~~~~~~[m[K
[01m[K/home/jetson/ros-workspace/src/ouster-ros/ouster-ros/ouster-sdk/ouster_client/include/ouster/types.h:377:9:[m[K [01;36m[Knote: [m[Kdeclared here
  377 |         [01;36m[Kname[m[K;               ///< @deprecated Will be removed in the next version
      |         [01;36m[K^~~~[m[K
[01m[K/home/jetson/ros-workspace/src/ouster-ros/ouster-ros/ouster-sdk/ouster_client/include/ouster/types.h:375:8:[m[K [01;35m[Kwarning: [m[K‘[01m[Kouster::sensor::sensor_info::name[m[K’ is deprecated: Will be removed in the next version [[01;35m[K-Wdeprecated-declarations[m[K]
  375 | struct [01;35m[Ksensor_info[m[K {
      |        [01;35m[K^~~~~~~~~~~[m[K
[01m[K/home/jetson/ros-workspace/src/ouster-ros/ouster-ros/ouster-sdk/ouster_client/include/ouster/types.h:377:9:[m[K [01;36m[Knote: [m[Kdeclared here
  377 |         [01;36m[Kname[m[K;               ///< @deprecated Will be removed in the next version
      |         [01;36m[K^~~~[m[K
In file included from [01m[K/home/jetson/ros-workspace/src/ouster-ros/ouster-ros/src/os_sensor_node_base.cpp:9[m[K:
[01m[K/home/jetson/ros-workspace/src/ouster-ros/ouster-ros/include/ouster_ros/os_sensor_node_base.h:[m[K In constructor ‘[01m[Kouster_ros::OusterSensorNodeBase::OusterSensorNodeBase(const string&, const rclcpp::NodeOptions&)[m[K’:
[01m[K/home/jetson/ros-workspace/src/ouster-ros/ouster-ros/include/ouster_ros/os_sensor_node_base.h:24:56:[m[K [01;36m[Knote: [m[Ksynthesized method ‘[01m[Kouster::sensor::sensor_info::~sensor_info()[m[K’ first required here
   24 |         : rclcpp_lifecycle::LifecycleNode(name, options[01;36m[K)[m[K {}
      |                                                        [01;36m[K^[m[K
In file included from [01m[K/home/jetson/ros-workspace/src/ouster-ros/ouster-ros/include/ouster_ros/os_processing_node_base.h:10[m[K,
                 from [01m[K/home/jetson/ros-workspace/src/ouster-ros/ouster-ros/src/os_processing_node_base.cpp:9[m[K:
[01m[K/home/jetson/ros-workspace/src/ouster-ros/ouster-ros/ouster-sdk/ouster_client/include/ouster/types.h:[m[K In constructor ‘[01m[Kouster::sensor::sensor_info::sensor_info()[m[K’:
[01m[K/home/jetson/ros-workspace/src/ouster-ros/ouster-ros/ouster-sdk/ouster_client/include/ouster/types.h:375:8:[m[K [01;35m[Kwarning: [m[K‘[01m[Kouster::sensor::sensor_info::name[m[K’ is deprecated: Will be removed in the next version [[01;35m[K-Wdeprecated-declarations[m[K]
  375 | struct [01;35m[Ksensor_info[m[K {
      |        [01;35m[K^~~~~~~~~~~[m[K
[01m[K/home/jetson/ros-workspace/src/ouster-ros/ouster-ros/ouster-sdk/ouster_client/include/ouster/types.h:377:9:[m[K [01;36m[Knote: [m[Kdeclared here
  377 |         [01;36m[Kname[m[K;               ///< @deprecated Will be removed in the next version
      |         [01;36m[K^~~~[m[K
[01m[K/home/jetson/ros-workspace/src/ouster-ros/ouster-ros/ouster-sdk/ouster_client/include/ouster/types.h:375:8:[m[K [01;35m[Kwarning: [m[K‘[01m[Kouster::sensor::sensor_info::name[m[K’ is deprecated: Will be removed in the next version [[01;35m[K-Wdeprecated-declarations[m[K]
  375 | struct [01;35m[Ksensor_info[m[K {
      |        [01;35m[K^~~~~~~~~~~[m[K
[01m[K/home/jetson/ros-workspace/src/ouster-ros/ouster-ros/ouster-sdk/ouster_client/include/ouster/types.h:377:9:[m[K [01;36m[Knote: [m[Kdeclared here
  377 |         [01;36m[Kname[m[K;               ///< @deprecated Will be removed in the next version
      |         [01;36m[K^~~~[m[K
[01m[K/home/jetson/ros-workspace/src/ouster-ros/ouster-ros/ouster-sdk/ouster_client/include/ouster/types.h:375:8:[m[K [01;35m[Kwarning: [m[K‘[01m[Kouster::sensor::sensor_info::name[m[K’ is deprecated: Will be removed in the next version [[01;35m[K-Wdeprecated-declarations[m[K]
  375 | struct [01;35m[Ksensor_info[m[K {
      |        [01;35m[K^~~~~~~~~~~[m[K
[01m[K/home/jetson/ros-workspace/src/ouster-ros/ouster-ros/ouster-sdk/ouster_client/include/ouster/types.h:377:9:[m[K [01;36m[Knote: [m[Kdeclared here
  377 |         [01;36m[Kname[m[K;               ///< @deprecated Will be removed in the next version
      |         [01;36m[K^~~~[m[K
[01m[K/home/jetson/ros-workspace/src/ouster-ros/ouster-ros/ouster-sdk/ouster_client/include/ouster/types.h:375:8:[m[K [01;35m[Kwarning: [m[K‘[01m[Kouster::sensor::sensor_info::name[m[K’ is deprecated: Will be removed in the next version [[01;35m[K-Wdeprecated-declarations[m[K]
  375 | struct [01;35m[Ksensor_info[m[K {
      |        [01;35m[K^~~~~~~~~~~[m[K
[01m[K/home/jetson/ros-workspace/src/ouster-ros/ouster-ros/ouster-sdk/ouster_client/include/ouster/types.h:377:9:[m[K [01;36m[Knote: [m[Kdeclared here
  377 |         [01;36m[Kname[m[K;               ///< @deprecated Will be removed in the next version
      |         [01;36m[K^~~~[m[K
In file included from [01m[K/home/jetson/ros-workspace/src/ouster-ros/ouster-ros/src/os_processing_node_base.cpp:9[m[K:
[01m[K/home/jetson/ros-workspace/src/ouster-ros/ouster-ros/include/ouster_ros/os_processing_node_base.h:[m[K In constructor ‘[01m[Kouster_ros::OusterProcessingNodeBase::OusterProcessingNodeBase(const string&, const rclcpp::NodeOptions&)[m[K’:
[01m[K/home/jetson/ros-workspace/src/ouster-ros/ouster-ros/include/ouster_ros/os_processing_node_base.h:22:37:[m[K [01;36m[Knote: [m[Ksynthesized method ‘[01m[Kouster::sensor::sensor_info::sensor_info()[m[K’ first required here
   22 |         : rclcpp::Node(name, options[01;36m[K)[m[K {}
      |                                     [01;36m[K^[m[K
In file included from [01m[K/home/jetson/ros-workspace/src/ouster-ros/ouster-ros/include/ouster_ros/os_processing_node_base.h:10[m[K,
                 from [01m[K/home/jetson/ros-workspace/src/ouster-ros/ouster-ros/src/os_processing_node_base.cpp:9[m[K:
[01m[K/home/jetson/ros-workspace/src/ouster-ros/ouster-ros/ouster-sdk/ouster_client/include/ouster/types.h:[m[K In destructor ‘[01m[Kouster::sensor::sensor_info::~sensor_info()[m[K’:
[01m[K/home/jetson/ros-workspace/src/ouster-ros/ouster-ros/ouster-sdk/ouster_client/include/ouster/types.h:375:8:[m[K [01;35m[Kwarning: [m[K‘[01m[Kouster::sensor::sensor_info::name[m[K’ is deprecated: Will be removed in the next version [[01;35m[K-Wdeprecated-declarations[m[K]
  375 | struct [01;35m[Ksensor_info[m[K {
      |        [01;35m[K^~~~~~~~~~~[m[K
[01m[K/home/jetson/ros-workspace/src/ouster-ros/ouster-ros/ouster-sdk/ouster_client/include/ouster/types.h:377:9:[m[K [01;36m[Knote: [m[Kdeclared here
  377 |         [01;36m[Kname[m[K;               ///< @deprecated Will be removed in the next version
      |         [01;36m[K^~~~[m[K
[01m[K/home/jetson/ros-workspace/src/ouster-ros/ouster-ros/ouster-sdk/ouster_client/include/ouster/types.h:375:8:[m[K [01;35m[Kwarning: [m[K‘[01m[Kouster::sensor::sensor_info::name[m[K’ is deprecated: Will be removed in the next version [[01;35m[K-Wdeprecated-declarations[m[K]
  375 | struct [01;35m[Ksensor_info[m[K {
      |        [01;35m[K^~~~~~~~~~~[m[K
[01m[K/home/jetson/ros-workspace/src/ouster-ros/ouster-ros/ouster-sdk/ouster_client/include/ouster/types.h:377:9:[m[K [01;36m[Knote: [m[Kdeclared here
  377 |         [01;36m[Kname[m[K;               ///< @deprecated Will be removed in the next version
      |         [01;36m[K^~~~[m[K
In file included from [01m[K/home/jetson/ros-workspace/src/ouster-ros/ouster-ros/src/os_processing_node_base.cpp:9[m[K:
[01m[K/home/jetson/ros-workspace/src/ouster-ros/ouster-ros/include/ouster_ros/os_processing_node_base.h:[m[K In constructor ‘[01m[Kouster_ros::OusterProcessingNodeBase::OusterProcessingNodeBase(const string&, const rclcpp::NodeOptions&)[m[K’:
[01m[K/home/jetson/ros-workspace/src/ouster-ros/ouster-ros/include/ouster_ros/os_processing_node_base.h:22:37:[m[K [01;36m[Knote: [m[Ksynthesized method ‘[01m[Kouster::sensor::sensor_info::~sensor_info()[m[K’ first required here
   22 |         : rclcpp::Node(name, options[01;36m[K)[m[K {}
      |                                     [01;36m[K^[m[K
In file included from [01m[K/home/jetson/ros-workspace/src/ouster-ros/ouster-ros/include/ouster_ros/os_sensor_node_base.h:10[m[K,
                 from [01m[K/home/jetson/ros-workspace/src/ouster-ros/ouster-ros/src/os_sensor_node_base.cpp:9[m[K:
[01m[K/home/jetson/ros-workspace/src/ouster-ros/ouster-ros/ouster-sdk/ouster_client/include/ouster/types.h:[m[K In constructor ‘[01m[Kouster::sensor::sensor_info::sensor_info()[m[K’:
[01m[K/home/jetson/ros-workspace/src/ouster-ros/ouster-ros/ouster-sdk/ouster_client/include/ouster/types.h:375:8:[m[K [01;35m[Kwarning: [m[K‘[01m[Kouster::sensor::sensor_info::name[m[K’ is deprecated: Will be removed in the next version [[01;35m[K-Wdeprecated-declarations[m[K]
  375 | struct [01;35m[Ksensor_info[m[K {
      |        [01;35m[K^~~~~~~~~~~[m[K
[01m[K/home/jetson/ros-workspace/src/ouster-ros/ouster-ros/ouster-sdk/ouster_client/include/ouster/types.h:377:9:[m[K [01;36m[Knote: [m[Kdeclared here
  377 |         [01;36m[Kname[m[K;               ///< @deprecated Will be removed in the next version
      |         [01;36m[K^~~~[m[K
[01m[K/home/jetson/ros-workspace/src/ouster-ros/ouster-ros/ouster-sdk/ouster_client/include/ouster/types.h:375:8:[m[K [01;35m[Kwarning: [m[K‘[01m[Kouster::sensor::sensor_info::name[m[K’ is deprecated: Will be removed in the next version [[01;35m[K-Wdeprecated-declarations[m[K]
  375 | struct [01;35m[Ksensor_info[m[K {
      |        [01;35m[K^~~~~~~~~~~[m[K
[01m[K/home/jetson/ros-workspace/src/ouster-ros/ouster-ros/ouster-sdk/ouster_client/include/ouster/types.h:377:9:[m[K [01;36m[Knote: [m[Kdeclared here
  377 |         [01;36m[Kname[m[K;               ///< @deprecated Will be removed in the next version
      |         [01;36m[K^~~~[m[K
[01m[K/home/jetson/ros-workspace/src/ouster-ros/ouster-ros/ouster-sdk/ouster_client/include/ouster/types.h:375:8:[m[K [01;35m[Kwarning: [m[K‘[01m[Kouster::sensor::sensor_info::name[m[K’ is deprecated: Will be removed in the next version [[01;35m[K-Wdeprecated-declarations[m[K]
  375 | struct [01;35m[Ksensor_info[m[K {
      |        [01;35m[K^~~~~~~~~~~[m[K
[01m[K/home/jetson/ros-workspace/src/ouster-ros/ouster-ros/ouster-sdk/ouster_client/include/ouster/types.h:377:9:[m[K [01;36m[Knote: [m[Kdeclared here
  377 |         [01;36m[Kname[m[K;               ///< @deprecated Will be removed in the next version
      |         [01;36m[K^~~~[m[K
[01m[K/home/jetson/ros-workspace/src/ouster-ros/ouster-ros/ouster-sdk/ouster_client/include/ouster/types.h:375:8:[m[K [01;35m[Kwarning: [m[K‘[01m[Kouster::sensor::sensor_info::name[m[K’ is deprecated: Will be removed in the next version [[01;35m[K-Wdeprecated-declarations[m[K]
  375 | struct [01;35m[Ksensor_info[m[K {
      |        [01;35m[K^~~~~~~~~~~[m[K
[01m[K/home/jetson/ros-workspace/src/ouster-ros/ouster-ros/ouster-sdk/ouster_client/include/ouster/types.h:377:9:[m[K [01;36m[Knote: [m[Kdeclared here
  377 |         [01;36m[Kname[m[K;               ///< @deprecated Will be removed in the next version
      |         [01;36m[K^~~~[m[K
In file included from [01m[K/home/jetson/ros-workspace/src/ouster-ros/ouster-ros/src/os_sensor_node_base.cpp:9[m[K:
[01m[K/home/jetson/ros-workspace/src/ouster-ros/ouster-ros/include/ouster_ros/os_sensor_node_base.h:[m[K In constructor ‘[01m[Kouster_ros::OusterSensorNodeBase::OusterSensorNodeBase(const string&, const rclcpp::NodeOptions&)[m[K’:
[01m[K/home/jetson/ros-workspace/src/ouster-ros/ouster-ros/include/ouster_ros/os_sensor_node_base.h:24:56:[m[K [01;36m[Knote: [m[Ksynthesized method ‘[01m[Kouster::sensor::sensor_info::sensor_info()[m[K’ first required here
   24 |         : rclcpp_lifecycle::LifecycleNode(name, options[01;36m[K)[m[K {}
      |                                                        [01;36m[K^[m[K
In file included from [01m[K/home/jetson/ros-workspace/src/ouster-ros/ouster-ros/include/ouster_ros/os_sensor_node_base.h:10[m[K,
                 from [01m[K/home/jetson/ros-workspace/src/ouster-ros/ouster-ros/src/os_sensor_node_base.cpp:9[m[K:
[01m[K/home/jetson/ros-workspace/src/ouster-ros/ouster-ros/ouster-sdk/ouster_client/include/ouster/types.h:[m[K In destructor ‘[01m[Kouster::sensor::sensor_info::~sensor_info()[m[K’:
[01m[K/home/jetson/ros-workspace/src/ouster-ros/ouster-ros/ouster-sdk/ouster_client/include/ouster/types.h:375:8:[m[K [01;35m[Kwarning: [m[K‘[01m[Kouster::sensor::sensor_info::name[m[K’ is deprecated: Will be removed in the next version [[01;35m[K-Wdeprecated-declarations[m[K]
  375 | struct [01;35m[Ksensor_info[m[K {
      |        [01;35m[K^~~~~~~~~~~[m[K
[01m[K/home/jetson/ros-workspace/src/ouster-ros/ouster-ros/ouster-sdk/ouster_client/include/ouster/types.h:377:9:[m[K [01;36m[Knote: [m[Kdeclared here
  377 |         [01;36m[Kname[m[K;               ///< @deprecated Will be removed in the next version
      |         [01;36m[K^~~~[m[K
[01m[K/home/jetson/ros-workspace/src/ouster-ros/ouster-ros/ouster-sdk/ouster_client/include/ouster/types.h:375:8:[m[K [01;35m[Kwarning: [m[K‘[01m[Kouster::sensor::sensor_info::name[m[K’ is deprecated: Will be removed in the next version [[01;35m[K-Wdeprecated-declarations[m[K]
  375 | struct [01;35m[Ksensor_info[m[K {
      |        [01;35m[K^~~~~~~~~~~[m[K
[01m[K/home/jetson/ros-workspace/src/ouster-ros/ouster-ros/ouster-sdk/ouster_client/include/ouster/types.h:377:9:[m[K [01;36m[Knote: [m[Kdeclared here
  377 |         [01;36m[Kname[m[K;               ///< @deprecated Will be removed in the next version
      |         [01;36m[K^~~~[m[K
In file included from [01m[K/home/jetson/ros-workspace/src/ouster-ros/ouster-ros/src/os_sensor_node_base.cpp:9[m[K:
[01m[K/home/jetson/ros-workspace/src/ouster-ros/ouster-ros/include/ouster_ros/os_sensor_node_base.h:[m[K In constructor ‘[01m[Kouster_ros::OusterSensorNodeBase::OusterSensorNodeBase(const string&, const rclcpp::NodeOptions&)[m[K’:
[01m[K/home/jetson/ros-workspace/src/ouster-ros/ouster-ros/include/ouster_ros/os_sensor_node_base.h:24:56:[m[K [01;36m[Knote: [m[Ksynthesized method ‘[01m[Kouster::sensor::sensor_info::~sensor_info()[m[K’ first required here
   24 |         : rclcpp_lifecycle::LifecycleNode(name, options[01;36m[K)[m[K {}
      |                                                        [01;36m[K^[m[K
In file included from [01m[K/home/jetson/ros-workspace/src/ouster-ros/ouster-ros/include/ouster_ros/os_sensor_node_base.h:10[m[K,
                 from [01m[K/home/jetson/ros-workspace/src/ouster-ros/ouster-ros/src/os_replay_node.cpp:12[m[K:
[01m[K/home/jetson/ros-workspace/src/ouster-ros/ouster-ros/ouster-sdk/ouster_client/include/ouster/types.h:[m[K In constructor ‘[01m[Kouster::sensor::sensor_info::sensor_info()[m[K’:
[01m[K/home/jetson/ros-workspace/src/ouster-ros/ouster-ros/ouster-sdk/ouster_client/include/ouster/types.h:375:8:[m[K [01;35m[Kwarning: [m[K‘[01m[Kouster::sensor::sensor_info::name[m[K’ is deprecated: Will be removed in the next version [[01;35m[K-Wdeprecated-declarations[m[K]
  375 | struct [01;35m[Ksensor_info[m[K {
      |        [01;35m[K^~~~~~~~~~~[m[K
[01m[K/home/jetson/ros-workspace/src/ouster-ros/ouster-ros/ouster-sdk/ouster_client/include/ouster/types.h:377:9:[m[K [01;36m[Knote: [m[Kdeclared here
  377 |         [01;36m[Kname[m[K;               ///< @deprecated Will be removed in the next version
      |         [01;36m[K^~~~[m[K
[01m[K/home/jetson/ros-workspace/src/ouster-ros/ouster-ros/ouster-sdk/ouster_client/include/ouster/types.h:375:8:[m[K [01;35m[Kwarning: [m[K‘[01m[Kouster::sensor::sensor_info::name[m[K’ is deprecated: Will be removed in the next version [[01;35m[K-Wdeprecated-declarations[m[K]
  375 | struct [01;35m[Ksensor_info[m[K {
      |        [01;35m[K^~~~~~~~~~~[m[K
[01m[K/home/jetson/ros-workspace/src/ouster-ros/ouster-ros/ouster-sdk/ouster_client/include/ouster/types.h:377:9:[m[K [01;36m[Knote: [m[Kdeclared here
  377 |         [01;36m[Kname[m[K;               ///< @deprecated Will be removed in the next version
      |         [01;36m[K^~~~[m[K
[01m[K/home/jetson/ros-workspace/src/ouster-ros/ouster-ros/ouster-sdk/ouster_client/include/ouster/types.h:375:8:[m[K [01;35m[Kwarning: [m[K‘[01m[Kouster::sensor::sensor_info::name[m[K’ is deprecated: Will be removed in the next version [[01;35m[K-Wdeprecated-declarations[m[K]
  375 | struct [01;35m[Ksensor_info[m[K {
      |        [01;35m[K^~~~~~~~~~~[m[K
[01m[K/home/jetson/ros-workspace/src/ouster-ros/ouster-ros/ouster-sdk/ouster_client/include/ouster/types.h:377:9:[m[K [01;36m[Knote: [m[Kdeclared here
  377 |         [01;36m[Kname[m[K;               ///< @deprecated Will be removed in the next version
      |         [01;36m[K^~~~[m[K
[01m[K/home/jetson/ros-workspace/src/ouster-ros/ouster-ros/ouster-sdk/ouster_client/include/ouster/types.h:375:8:[m[K [01;35m[Kwarning: [m[K‘[01m[Kouster::sensor::sensor_info::name[m[K’ is deprecated: Will be removed in the next version [[01;35m[K-Wdeprecated-declarations[m[K]
  375 | struct [01;35m[Ksensor_info[m[K {
      |        [01;35m[K^~~~~~~~~~~[m[K
[01m[K/home/jetson/ros-workspace/src/ouster-ros/ouster-ros/ouster-sdk/ouster_client/include/ouster/types.h:377:9:[m[K [01;36m[Knote: [m[Kdeclared here
  377 |         [01;36m[Kname[m[K;               ///< @deprecated Will be removed in the next version
      |         [01;36m[K^~~~[m[K
In file included from [01m[K/home/jetson/ros-workspace/src/ouster-ros/ouster-ros/src/os_replay_node.cpp:12[m[K:
[01m[K/home/jetson/ros-workspace/src/ouster-ros/ouster-ros/include/ouster_ros/os_sensor_node_base.h:[m[K In constructor ‘[01m[Kouster_ros::OusterSensorNodeBase::OusterSensorNodeBase(const string&, const rclcpp::NodeOptions&)[m[K’:
[01m[K/home/jetson/ros-workspace/src/ouster-ros/ouster-ros/include/ouster_ros/os_sensor_node_base.h:24:56:[m[K [01;36m[Knote: [m[Ksynthesized method ‘[01m[Kouster::sensor::sensor_info::sensor_info()[m[K’ first required here
   24 |         : rclcpp_lifecycle::LifecycleNode(name, options[01;36m[K)[m[K {}
      |                                                        [01;36m[K^[m[K
In file included from [01m[K/home/jetson/ros-workspace/src/ouster-ros/ouster-ros/include/ouster_ros/os_sensor_node_base.h:10[m[K,
                 from [01m[K/home/jetson/ros-workspace/src/ouster-ros/ouster-ros/src/os_replay_node.cpp:12[m[K:
[01m[K/home/jetson/ros-workspace/src/ouster-ros/ouster-ros/ouster-sdk/ouster_client/include/ouster/types.h:[m[K In destructor ‘[01m[Kouster::sensor::sensor_info::~sensor_info()[m[K’:
[01m[K/home/jetson/ros-workspace/src/ouster-ros/ouster-ros/ouster-sdk/ouster_client/include/ouster/types.h:375:8:[m[K [01;35m[Kwarning: [m[K‘[01m[Kouster::sensor::sensor_info::name[m[K’ is deprecated: Will be removed in the next version [[01;35m[K-Wdeprecated-declarations[m[K]
  375 | struct [01;35m[Ksensor_info[m[K {
      |        [01;35m[K^~~~~~~~~~~[m[K
[01m[K/home/jetson/ros-workspace/src/ouster-ros/ouster-ros/ouster-sdk/ouster_client/include/ouster/types.h:377:9:[m[K [01;36m[Knote: [m[Kdeclared here
  377 |         [01;36m[Kname[m[K;               ///< @deprecated Will be removed in the next version
      |         [01;36m[K^~~~[m[K
[01m[K/home/jetson/ros-workspace/src/ouster-ros/ouster-ros/ouster-sdk/ouster_client/include/ouster/types.h:375:8:[m[K [01;35m[Kwarning: [m[K‘[01m[Kouster::sensor::sensor_info::name[m[K’ is deprecated: Will be removed in the next version [[01;35m[K-Wdeprecated-declarations[m[K]
  375 | struct [01;35m[Ksensor_info[m[K {
      |        [01;35m[K^~~~~~~~~~~[m[K
[01m[K/home/jetson/ros-workspace/src/ouster-ros/ouster-ros/ouster-sdk/ouster_client/include/ouster/types.h:377:9:[m[K [01;36m[Knote: [m[Kdeclared here
  377 |         [01;36m[Kname[m[K;               ///< @deprecated Will be removed in the next version
      |         [01;36m[K^~~~[m[K
In file included from [01m[K/home/jetson/ros-workspace/src/ouster-ros/ouster-ros/src/os_replay_node.cpp:12[m[K:
[01m[K/home/jetson/ros-workspace/src/ouster-ros/ouster-ros/include/ouster_ros/os_sensor_node_base.h:[m[K In constructor ‘[01m[Kouster_ros::OusterSensorNodeBase::OusterSensorNodeBase(const string&, const rclcpp::NodeOptions&)[m[K’:
[01m[K/home/jetson/ros-workspace/src/ouster-ros/ouster-ros/include/ouster_ros/os_sensor_node_base.h:24:56:[m[K [01;36m[Knote: [m[Ksynthesized method ‘[01m[Kouster::sensor::sensor_info::~sensor_info()[m[K’ first required here
   24 |         : rclcpp_lifecycle::LifecycleNode(name, options[01;36m[K)[m[K {}
      |                                                        [01;36m[K^[m[K
In file included from [01m[K/home/jetson/ros-workspace/src/ouster-ros/ouster-ros/ouster-sdk/ouster_client/include/ouster/client.h:15[m[K,
                 from [01m[K/home/jetson/ros-workspace/src/ouster-ros/ouster-ros/include/ouster_ros/os_ros.h:15[m[K,
                 from [01m[K/home/jetson/ros-workspace/src/ouster-ros/ouster-ros/src/os_sensor_node.cpp:12[m[K:
[01m[K/home/jetson/ros-workspace/src/ouster-ros/ouster-ros/ouster-sdk/ouster_client/include/ouster/types.h:[m[K In constructor ‘[01m[Kouster::sensor::sensor_info::sensor_info()[m[K’:
[01m[K/home/jetson/ros-workspace/src/ouster-ros/ouster-ros/ouster-sdk/ouster_client/include/ouster/types.h:375:8:[m[K [01;35m[Kwarning: [m[K‘[01m[Kouster::sensor::sensor_info::name[m[K’ is deprecated: Will be removed in the next version [[01;35m[K-Wdeprecated-declarations[m[K]
  375 | struct [01;35m[Ksensor_info[m[K {
      |        [01;35m[K^~~~~~~~~~~[m[K
[01m[K/home/jetson/ros-workspace/src/ouster-ros/ouster-ros/ouster-sdk/ouster_client/include/ouster/types.h:377:9:[m[K [01;36m[Knote: [m[Kdeclared here
  377 |         [01;36m[Kname[m[K;               ///< @deprecated Will be removed in the next version
      |         [01;36m[K^~~~[m[K
[01m[K/home/jetson/ros-workspace/src/ouster-ros/ouster-ros/ouster-sdk/ouster_client/include/ouster/types.h:375:8:[m[K [01;35m[Kwarning: [m[K‘[01m[Kouster::sensor::sensor_info::name[m[K’ is deprecated: Will be removed in the next version [[01;35m[K-Wdeprecated-declarations[m[K]
  375 | struct [01;35m[Ksensor_info[m[K {
      |        [01;35m[K^~~~~~~~~~~[m[K
[01m[K/home/jetson/ros-workspace/src/ouster-ros/ouster-ros/ouster-sdk/ouster_client/include/ouster/types.h:377:9:[m[K [01;36m[Knote: [m[Kdeclared here
  377 |         [01;36m[Kname[m[K;               ///< @deprecated Will be removed in the next version
      |         [01;36m[K^~~~[m[K
[01m[K/home/jetson/ros-workspace/src/ouster-ros/ouster-ros/ouster-sdk/ouster_client/include/ouster/types.h:375:8:[m[K [01;35m[Kwarning: [m[K‘[01m[Kouster::sensor::sensor_info::name[m[K’ is deprecated: Will be removed in the next version [[01;35m[K-Wdeprecated-declarations[m[K]
  375 | struct [01;35m[Ksensor_info[m[K {
      |        [01;35m[K^~~~~~~~~~~[m[K
[01m[K/home/jetson/ros-workspace/src/ouster-ros/ouster-ros/ouster-sdk/ouster_client/include/ouster/types.h:377:9:[m[K [01;36m[Knote: [m[Kdeclared here
  377 |         [01;36m[Kname[m[K;               ///< @deprecated Will be removed in the next version
      |         [01;36m[K^~~~[m[K
[01m[K/home/jetson/ros-workspace/src/ouster-ros/ouster-ros/ouster-sdk/ouster_client/include/ouster/types.h:375:8:[m[K [01;35m[Kwarning: [m[K‘[01m[Kouster::sensor::sensor_info::name[m[K’ is deprecated: Will be removed in the next version [[01;35m[K-Wdeprecated-declarations[m[K]
  375 | struct [01;35m[Ksensor_info[m[K {
      |        [01;35m[K^~~~~~~~~~~[m[K
[01m[K/home/jetson/ros-workspace/src/ouster-ros/ouster-ros/ouster-sdk/ouster_client/include/ouster/types.h:377:9:[m[K [01;36m[Knote: [m[Kdeclared here
  377 |         [01;36m[Kname[m[K;               ///< @deprecated Will be removed in the next version
      |         [01;36m[K^~~~[m[K
In file included from [01m[K/home/jetson/ros-workspace/src/ouster-ros/ouster-ros/src/os_sensor_node.cpp:28[m[K:
[01m[K/home/jetson/ros-workspace/src/ouster-ros/ouster-ros/include/ouster_ros/os_sensor_node_base.h:[m[K In constructor ‘[01m[Kouster_ros::OusterSensorNodeBase::OusterSensorNodeBase(const string&, const rclcpp::NodeOptions&)[m[K’:
[01m[K/home/jetson/ros-workspace/src/ouster-ros/ouster-ros/include/ouster_ros/os_sensor_node_base.h:24:56:[m[K [01;36m[Knote: [m[Ksynthesized method ‘[01m[Kouster::sensor::sensor_info::sensor_info()[m[K’ first required here
   24 |         : rclcpp_lifecycle::LifecycleNode(name, options[01;36m[K)[m[K {}
      |                                                        [01;36m[K^[m[K
In file included from [01m[K/home/jetson/ros-workspace/src/ouster-ros/ouster-ros/ouster-sdk/ouster_client/include/ouster/client.h:15[m[K,
                 from [01m[K/home/jetson/ros-workspace/src/ouster-ros/ouster-ros/include/ouster_ros/os_ros.h:15[m[K,
                 from [01m[K/home/jetson/ros-workspace/src/ouster-ros/ouster-ros/src/os_sensor_node.cpp:12[m[K:
[01m[K/home/jetson/ros-workspace/src/ouster-ros/ouster-ros/ouster-sdk/ouster_client/include/ouster/types.h:[m[K In destructor ‘[01m[Kouster::sensor::sensor_info::~sensor_info()[m[K’:
[01m[K/home/jetson/ros-workspace/src/ouster-ros/ouster-ros/ouster-sdk/ouster_client/include/ouster/types.h:375:8:[m[K [01;35m[Kwarning: [m[K‘[01m[Kouster::sensor::sensor_info::name[m[K’ is deprecated: Will be removed in the next version [[01;35m[K-Wdeprecated-declarations[m[K]
  375 | struct [01;35m[Ksensor_info[m[K {
      |        [01;35m[K^~~~~~~~~~~[m[K
[01m[K/home/jetson/ros-workspace/src/ouster-ros/ouster-ros/ouster-sdk/ouster_client/include/ouster/types.h:377:9:[m[K [01;36m[Knote: [m[Kdeclared here
  377 |         [01;36m[Kname[m[K;               ///< @deprecated Will be removed in the next version
      |         [01;36m[K^~~~[m[K
[01m[K/home/jetson/ros-workspace/src/ouster-ros/ouster-ros/ouster-sdk/ouster_client/include/ouster/types.h:375:8:[m[K [01;35m[Kwarning: [m[K‘[01m[Kouster::sensor::sensor_info::name[m[K’ is deprecated: Will be removed in the next version [[01;35m[K-Wdeprecated-declarations[m[K]
  375 | struct [01;35m[Ksensor_info[m[K {
      |        [01;35m[K^~~~~~~~~~~[m[K
[01m[K/home/jetson/ros-workspace/src/ouster-ros/ouster-ros/ouster-sdk/ouster_client/include/ouster/types.h:377:9:[m[K [01;36m[Knote: [m[Kdeclared here
  377 |         [01;36m[Kname[m[K;               ///< @deprecated Will be removed in the next version
      |         [01;36m[K^~~~[m[K
In file included from [01m[K/home/jetson/ros-workspace/src/ouster-ros/ouster-ros/src/os_sensor_node.cpp:28[m[K:
[01m[K/home/jetson/ros-workspace/src/ouster-ros/ouster-ros/include/ouster_ros/os_sensor_node_base.h:[m[K In constructor ‘[01m[Kouster_ros::OusterSensorNodeBase::OusterSensorNodeBase(const string&, const rclcpp::NodeOptions&)[m[K’:
[01m[K/home/jetson/ros-workspace/src/ouster-ros/ouster-ros/include/ouster_ros/os_sensor_node_base.h:24:56:[m[K [01;36m[Knote: [m[Ksynthesized method ‘[01m[Kouster::sensor::sensor_info::~sensor_info()[m[K’ first required here
   24 |         : rclcpp_lifecycle::LifecycleNode(name, options[01;36m[K)[m[K {}
      |                                                        [01;36m[K^[m[K
[01m[K/home/jetson/ros-workspace/src/ouster-ros/ouster-ros/src/os_sensor_node.cpp:[m[K In member function ‘[01m[Kvoid ouster_ros::OusterSensor::populate_metadata_defaults(ouster::sensor::sensor_info&, ouster::sensor::lidar_mode)[m[K’:
[01m[K/home/jetson/ros-workspace/src/ouster-ros/ouster-ros/src/os_sensor_node.cpp:632:19:[m[K [01;35m[Kwarning: [m[K‘[01m[Kouster::sensor::sensor_info::name[m[K’ is deprecated: Will be removed in the next version [[01;35m[K-Wdeprecated-declarations[m[K]
  632 |         if (!info.[01;35m[Kname[m[K.size()) info.name = "UNKNOWN";
      |                   [01;35m[K^~~~[m[K
In file included from [01m[K/home/jetson/ros-workspace/src/ouster-ros/ouster-ros/ouster-sdk/ouster_client/include/ouster/client.h:15[m[K,
                 from [01m[K/home/jetson/ros-workspace/src/ouster-ros/ouster-ros/include/ouster_ros/os_ros.h:15[m[K,
                 from [01m[K/home/jetson/ros-workspace/src/ouster-ros/ouster-ros/src/os_sensor_node.cpp:12[m[K:
[01m[K/home/jetson/ros-workspace/src/ouster-ros/ouster-ros/ouster-sdk/ouster_client/include/ouster/types.h:377:9:[m[K [01;36m[Knote: [m[Kdeclared here
  377 |         [01;36m[Kname[m[K;               ///< @deprecated Will be removed in the next version
      |         [01;36m[K^~~~[m[K
[01m[K/home/jetson/ros-workspace/src/ouster-ros/ouster-ros/src/os_sensor_node.cpp:632:19:[m[K [01;35m[Kwarning: [m[K‘[01m[Kouster::sensor::sensor_info::name[m[K’ is deprecated: Will be removed in the next version [[01;35m[K-Wdeprecated-declarations[m[K]
  632 |         if (!info.[01;35m[Kname[m[K.size()) info.name = "UNKNOWN";
      |                   [01;35m[K^~~~[m[K
In file included from [01m[K/home/jetson/ros-workspace/src/ouster-ros/ouster-ros/ouster-sdk/ouster_client/include/ouster/client.h:15[m[K,
                 from [01m[K/home/jetson/ros-workspace/src/ouster-ros/ouster-ros/include/ouster_ros/os_ros.h:15[m[K,
                 from [01m[K/home/jetson/ros-workspace/src/ouster-ros/ouster-ros/src/os_sensor_node.cpp:12[m[K:
[01m[K/home/jetson/ros-workspace/src/ouster-ros/ouster-ros/ouster-sdk/ouster_client/include/ouster/types.h:377:9:[m[K [01;36m[Knote: [m[Kdeclared here
  377 |         [01;36m[Kname[m[K;               ///< @deprecated Will be removed in the next version
      |         [01;36m[K^~~~[m[K
[01m[K/home/jetson/ros-workspace/src/ouster-ros/ouster-ros/src/os_sensor_node.cpp:632:19:[m[K [01;35m[Kwarning: [m[K‘[01m[Kouster::sensor::sensor_info::name[m[K’ is deprecated: Will be removed in the next version [[01;35m[K-Wdeprecated-declarations[m[K]
  632 |         if (!info.[01;35m[Kname[m[K.size()) info.name = "UNKNOWN";
      |                   [01;35m[K^~~~[m[K
In file included from [01m[K/home/jetson/ros-workspace/src/ouster-ros/ouster-ros/ouster-sdk/ouster_client/include/ouster/client.h:15[m[K,
                 from [01m[K/home/jetson/ros-workspace/src/ouster-ros/ouster-ros/include/ouster_ros/os_ros.h:15[m[K,
                 from [01m[K/home/jetson/ros-workspace/src/ouster-ros/ouster-ros/src/os_sensor_node.cpp:12[m[K:
[01m[K/home/jetson/ros-workspace/src/ouster-ros/ouster-ros/ouster-sdk/ouster_client/include/ouster/types.h:377:9:[m[K [01;36m[Knote: [m[Kdeclared here
  377 |         [01;36m[Kname[m[K;               ///< @deprecated Will be removed in the next version
      |         [01;36m[K^~~~[m[K
[01m[K/home/jetson/ros-workspace/src/ouster-ros/ouster-ros/src/os_sensor_node.cpp:632:37:[m[K [01;35m[Kwarning: [m[K‘[01m[Kouster::sensor::sensor_info::name[m[K’ is deprecated: Will be removed in the next version [[01;35m[K-Wdeprecated-declarations[m[K]
  632 |         if (!info.name.size()) info.[01;35m[Kname[m[K = "UNKNOWN";
      |                                     [01;35m[K^~~~[m[K
In file included from [01m[K/home/jetson/ros-workspace/src/ouster-ros/ouster-ros/ouster-sdk/ouster_client/include/ouster/client.h:15[m[K,
                 from [01m[K/home/jetson/ros-workspace/src/ouster-ros/ouster-ros/include/ouster_ros/os_ros.h:15[m[K,
                 from [01m[K/home/jetson/ros-workspace/src/ouster-ros/ouster-ros/src/os_sensor_node.cpp:12[m[K:
[01m[K/home/jetson/ros-workspace/src/ouster-ros/ouster-ros/ouster-sdk/ouster_client/include/ouster/types.h:377:9:[m[K [01;36m[Knote: [m[Kdeclared here
  377 |         [01;36m[Kname[m[K;               ///< @deprecated Will be removed in the next version
      |         [01;36m[K^~~~[m[K
[01m[K/home/jetson/ros-workspace/src/ouster-ros/ouster-ros/src/os_sensor_node.cpp:632:37:[m[K [01;35m[Kwarning: [m[K‘[01m[Kouster::sensor::sensor_info::name[m[K’ is deprecated: Will be removed in the next version [[01;35m[K-Wdeprecated-declarations[m[K]
  632 |         if (!info.name.size()) info.[01;35m[Kname[m[K = "UNKNOWN";
      |                                     [01;35m[K^~~~[m[K
In file included from [01m[K/home/jetson/ros-workspace/src/ouster-ros/ouster-ros/ouster-sdk/ouster_client/include/ouster/client.h:15[m[K,
                 from [01m[K/home/jetson/ros-workspace/src/ouster-ros/ouster-ros/include/ouster_ros/os_ros.h:15[m[K,
                 from [01m[K/home/jetson/ros-workspace/src/ouster-ros/ouster-ros/src/os_sensor_node.cpp:12[m[K:
[01m[K/home/jetson/ros-workspace/src/ouster-ros/ouster-ros/ouster-sdk/ouster_client/include/ouster/types.h:377:9:[m[K [01;36m[Knote: [m[Kdeclared here
  377 |         [01;36m[Kname[m[K;               ///< @deprecated Will be removed in the next version
      |         [01;36m[K^~~~[m[K
[01m[K/home/jetson/ros-workspace/src/ouster-ros/ouster-ros/src/os_sensor_node.cpp:632:37:[m[K [01;35m[Kwarning: [m[K‘[01m[Kouster::sensor::sensor_info::name[m[K’ is deprecated: Will be removed in the next version [[01;35m[K-Wdeprecated-declarations[m[K]
  632 |         if (!info.name.size()) info.[01;35m[Kname[m[K = "UNKNOWN";
      |                                     [01;35m[K^~~~[m[K
In file included from [01m[K/home/jetson/ros-workspace/src/ouster-ros/ouster-ros/ouster-sdk/ouster_client/include/ouster/client.h:15[m[K,
                 from [01m[K/home/jetson/ros-workspace/src/ouster-ros/ouster-ros/include/ouster_ros/os_ros.h:15[m[K,
                 from [01m[K/home/jetson/ros-workspace/src/ouster-ros/ouster-ros/src/os_sensor_node.cpp:12[m[K:
[01m[K/home/jetson/ros-workspace/src/ouster-ros/ouster-ros/ouster-sdk/ouster_client/include/ouster/types.h:377:9:[m[K [01;36m[Knote: [m[Kdeclared here
  377 |         [01;36m[Kname[m[K;               ///< @deprecated Will be removed in the next version
      |         [01;36m[K^~~~[m[K
In file included from [01m[K/home/jetson/ros-workspace/src/ouster-ros/ouster-ros/ouster-sdk/ouster_client/include/ouster/client.h:15[m[K,
                 from [01m[K/home/jetson/ros-workspace/src/ouster-ros/ouster-ros/include/ouster_ros/os_ros.h:15[m[K,
                 from [01m[K/home/jetson/ros-workspace/src/ouster-ros/ouster-ros/src/os_cloud_node.cpp:12[m[K:
[01m[K/home/jetson/ros-workspace/src/ouster-ros/ouster-ros/ouster-sdk/ouster_client/include/ouster/types.h:[m[K In constructor ‘[01m[Kouster::sensor::sensor_info::sensor_info()[m[K’:
[01m[K/home/jetson/ros-workspace/src/ouster-ros/ouster-ros/ouster-sdk/ouster_client/include/ouster/types.h:375:8:[m[K [01;35m[Kwarning: [m[K‘[01m[Kouster::sensor::sensor_info::name[m[K’ is deprecated: Will be removed in the next version [[01;35m[K-Wdeprecated-declarations[m[K]
  375 | struct [01;35m[Ksensor_info[m[K {
      |        [01;35m[K^~~~~~~~~~~[m[K
[01m[K/home/jetson/ros-workspace/src/ouster-ros/ouster-ros/ouster-sdk/ouster_client/include/ouster/types.h:377:9:[m[K [01;36m[Knote: [m[Kdeclared here
  377 |         [01;36m[Kname[m[K;               ///< @deprecated Will be removed in the next version
      |         [01;36m[K^~~~[m[K
[01m[K/home/jetson/ros-workspace/src/ouster-ros/ouster-ros/ouster-sdk/ouster_client/include/ouster/types.h:375:8:[m[K [01;35m[Kwarning: [m[K‘[01m[Kouster::sensor::sensor_info::name[m[K’ is deprecated: Will be removed in the next version [[01;35m[K-Wdeprecated-declarations[m[K]
  375 | struct [01;35m[Ksensor_info[m[K {
      |        [01;35m[K^~~~~~~~~~~[m[K
[01m[K/home/jetson/ros-workspace/src/ouster-ros/ouster-ros/ouster-sdk/ouster_client/include/ouster/types.h:377:9:[m[K [01;36m[Knote: [m[Kdeclared here
  377 |         [01;36m[Kname[m[K;               ///< @deprecated Will be removed in the next version
      |         [01;36m[K^~~~[m[K
[01m[K/home/jetson/ros-workspace/src/ouster-ros/ouster-ros/ouster-sdk/ouster_client/include/ouster/types.h:375:8:[m[K [01;35m[Kwarning: [m[K‘[01m[Kouster::sensor::sensor_info::name[m[K’ is deprecated: Will be removed in the next version [[01;35m[K-Wdeprecated-declarations[m[K]
  375 | struct [01;35m[Ksensor_info[m[K {
      |        [01;35m[K^~~~~~~~~~~[m[K
[01m[K/home/jetson/ros-workspace/src/ouster-ros/ouster-ros/ouster-sdk/ouster_client/include/ouster/types.h:377:9:[m[K [01;36m[Knote: [m[Kdeclared here
  377 |         [01;36m[Kname[m[K;               ///< @deprecated Will be removed in the next version
      |         [01;36m[K^~~~[m[K
[01m[K/home/jetson/ros-workspace/src/ouster-ros/ouster-ros/ouster-sdk/ouster_client/include/ouster/types.h:375:8:[m[K [01;35m[Kwarning: [m[K‘[01m[Kouster::sensor::sensor_info::name[m[K’ is deprecated: Will be removed in the next version [[01;35m[K-Wdeprecated-declarations[m[K]
  375 | struct [01;35m[Ksensor_info[m[K {
      |        [01;35m[K^~~~~~~~~~~[m[K
[01m[K/home/jetson/ros-workspace/src/ouster-ros/ouster-ros/ouster-sdk/ouster_client/include/ouster/types.h:377:9:[m[K [01;36m[Knote: [m[Kdeclared here
  377 |         [01;36m[Kname[m[K;               ///< @deprecated Will be removed in the next version
      |         [01;36m[K^~~~[m[K
In file included from [01m[K/home/jetson/ros-workspace/src/ouster-ros/ouster-ros/src/os_cloud_node.cpp:27[m[K:
[01m[K/home/jetson/ros-workspace/src/ouster-ros/ouster-ros/include/ouster_ros/os_processing_node_base.h:[m[K In constructor ‘[01m[Kouster_ros::OusterProcessingNodeBase::OusterProcessingNodeBase(const string&, const rclcpp::NodeOptions&)[m[K’:
[01m[K/home/jetson/ros-workspace/src/ouster-ros/ouster-ros/include/ouster_ros/os_processing_node_base.h:22:37:[m[K [01;36m[Knote: [m[Ksynthesized method ‘[01m[Kouster::sensor::sensor_info::sensor_info()[m[K’ first required here
   22 |         : rclcpp::Node(name, options[01;36m[K)[m[K {}
      |                                     [01;36m[K^[m[K
In file included from [01m[K/home/jetson/ros-workspace/src/ouster-ros/ouster-ros/ouster-sdk/ouster_client/include/ouster/client.h:15[m[K,
                 from [01m[K/home/jetson/ros-workspace/src/ouster-ros/ouster-ros/include/ouster_ros/os_ros.h:15[m[K,
                 from [01m[K/home/jetson/ros-workspace/src/ouster-ros/ouster-ros/src/os_cloud_node.cpp:12[m[K:
[01m[K/home/jetson/ros-workspace/src/ouster-ros/ouster-ros/ouster-sdk/ouster_client/include/ouster/types.h:[m[K In destructor ‘[01m[Kouster::sensor::sensor_info::~sensor_info()[m[K’:
[01m[K/home/jetson/ros-workspace/src/ouster-ros/ouster-ros/ouster-sdk/ouster_client/include/ouster/types.h:375:8:[m[K [01;35m[Kwarning: [m[K‘[01m[Kouster::sensor::sensor_info::name[m[K’ is deprecated: Will be removed in the next version [[01;35m[K-Wdeprecated-declarations[m[K]
  375 | struct [01;35m[Ksensor_info[m[K {
      |        [01;35m[K^~~~~~~~~~~[m[K
[01m[K/home/jetson/ros-workspace/src/ouster-ros/ouster-ros/ouster-sdk/ouster_client/include/ouster/types.h:377:9:[m[K [01;36m[Knote: [m[Kdeclared here
  377 |         [01;36m[Kname[m[K;               ///< @deprecated Will be removed in the next version
      |         [01;36m[K^~~~[m[K
[01m[K/home/jetson/ros-workspace/src/ouster-ros/ouster-ros/ouster-sdk/ouster_client/include/ouster/types.h:375:8:[m[K [01;35m[Kwarning: [m[K‘[01m[Kouster::sensor::sensor_info::name[m[K’ is deprecated: Will be removed in the next version [[01;35m[K-Wdeprecated-declarations[m[K]
  375 | struct [01;35m[Ksensor_info[m[K {
      |        [01;35m[K^~~~~~~~~~~[m[K
[01m[K/home/jetson/ros-workspace/src/ouster-ros/ouster-ros/ouster-sdk/ouster_client/include/ouster/types.h:377:9:[m[K [01;36m[Knote: [m[Kdeclared here
  377 |         [01;36m[Kname[m[K;               ///< @deprecated Will be removed in the next version
      |         [01;36m[K^~~~[m[K
In file included from [01m[K/home/jetson/ros-workspace/src/ouster-ros/ouster-ros/src/os_cloud_node.cpp:27[m[K:
[01m[K/home/jetson/ros-workspace/src/ouster-ros/ouster-ros/include/ouster_ros/os_processing_node_base.h:[m[K In constructor ‘[01m[Kouster_ros::OusterProcessingNodeBase::OusterProcessingNodeBase(const string&, const rclcpp::NodeOptions&)[m[K’:
[01m[K/home/jetson/ros-workspace/src/ouster-ros/ouster-ros/include/ouster_ros/os_processing_node_base.h:22:37:[m[K [01;36m[Knote: [m[Ksynthesized method ‘[01m[Kouster::sensor::sensor_info::~sensor_info()[m[K’ first required here
   22 |         : rclcpp::Node(name, options[01;36m[K)[m[K {}
      |                                     [01;36m[K^[m[K
[01m[K/home/jetson/ros-workspace/src/ouster-ros/ouster-ros/src/os_cloud_node.cpp:[m[K At global scope:
[01m[K/home/jetson/ros-workspace/src/ouster-ros/ouster-ros/src/os_cloud_node.cpp:279:69:[m[K [01;35m[Kwarning: [m[K‘[01m[Kouster_msgs::msg::PacketMsg_<std::allocator<void> >::ConstPtr[m[K’ is deprecated [[01;35m[K-Wdeprecated-declarations[m[K]
  279 |     void lidar_handler_sensor_time(const PacketMsg::ConstPtr& packet[01;35m[K)[m[K {
      |                                                                     [01;35m[K^[m[K
In file included from [01m[K/home/jetson/ros-workspace/install/ouster_msgs/include/ouster_msgs/msg/packet_msg.hpp:7[m[K,
                 from [01m[K/home/jetson/ros-workspace/src/ouster-ros/ouster-ros/include/ouster_ros/os_ros.h:27[m[K,
                 from [01m[K/home/jetson/ros-workspace/src/ouster-ros/ouster-ros/src/os_cloud_node.cpp:12[m[K:
[01m[K/home/jetson/ros-workspace/install/ouster_msgs/include/ouster_msgs/msg/detail/packet_msg__struct.hpp:96:5:[m[K [01;36m[Knote: [m[Kdeclared here
   96 |     [01;36m[KConstPtr[m[K;
      |     [01;36m[K^~~~~~~~[m[K
[01m[K/home/jetson/ros-workspace/src/ouster-ros/ouster-ros/src/os_cloud_node.cpp:299:66:[m[K [01;35m[Kwarning: [m[K‘[01m[Kouster_msgs::msg::PacketMsg_<std::allocator<void> >::ConstPtr[m[K’ is deprecated [[01;35m[K-Wdeprecated-declarations[m[K]
  299 |     void lidar_handler_ros_time(const PacketMsg::ConstPtr& packet[01;35m[K)[m[K {
      |                                                                  [01;35m[K^[m[K
In file included from [01m[K/home/jetson/ros-workspace/install/ouster_msgs/include/ouster_msgs/msg/packet_msg.hpp:7[m[K,
                 from [01m[K/home/jetson/ros-workspace/src/ouster-ros/ouster-ros/include/ouster_ros/os_ros.h:27[m[K,
                 from [01m[K/home/jetson/ros-workspace/src/ouster-ros/ouster-ros/src/os_cloud_node.cpp:12[m[K:
[01m[K/home/jetson/ros-workspace/install/ouster_msgs/include/ouster_msgs/msg/detail/packet_msg__struct.hpp:96:5:[m[K [01;36m[Knote: [m[Kdeclared here
   96 |     [01;36m[KConstPtr[m[K;
      |     [01;36m[K^~~~~~~~[m[K
In file included from [01m[K/home/jetson/ros-workspace/src/ouster-ros/ouster-ros/ouster-sdk/ouster_client/include/ouster/client.h:15[m[K,
                 from [01m[K/home/jetson/ros-workspace/src/ouster-ros/ouster-ros/include/ouster_ros/os_ros.h:15[m[K,
                 from [01m[K/home/jetson/ros-workspace/src/ouster-ros/ouster-ros/src/os_cloud_node.cpp:12[m[K:
[01m[K/home/jetson/ros-workspace/src/ouster-ros/ouster-ros/ouster-sdk/ouster_client/include/ouster/types.h:[m[K In copy constructor ‘[01m[Kouster::sensor::packet_format::packet_format(const ouster::sensor::packet_format&)[m[K’:
[01m[K/home/jetson/ros-workspace/src/ouster-ros/ouster-ros/ouster-sdk/ouster_client/include/ouster/types.h:830:7:[m[K [01;35m[Kwarning: [m[K‘[01m[Kouster::sensor::packet_format::encoder_ticks_per_rev[m[K’ is deprecated [[01;35m[K-Wdeprecated-declarations[m[K]
  830 | class [01;35m[Kpacket_format[m[K final {
      |       [01;35m[K^~~~~~~~~~~~~[m[K
[01m[K/home/jetson/ros-workspace/src/ouster-ros/ouster-ros/ouster-sdk/ouster_client/include/ouster/types.h:854:30:[m[K [01;36m[Knote: [m[Kdeclared here
  854 |     [[deprecated]] const int [01;36m[Kencoder_ticks_per_rev[m[K;  ///< @deprecated
      |                              [01;36m[K^~~~~~~~~~~~~~~~~~~~~[m[K
[01m[K/home/jetson/ros-workspace/src/ouster-ros/ouster-ros/ouster-sdk/ouster_client/include/ouster/types.h:830:7:[m[K [01;35m[Kwarning: [m[K‘[01m[Kouster::sensor::packet_format::encoder_ticks_per_rev[m[K’ is deprecated [[01;35m[K-Wdeprecated-declarations[m[K]
  830 | class [01;35m[Kpacket_format[m[K final {
      |       [01;35m[K^~~~~~~~~~~~~[m[K
[01m[K/home/jetson/ros-workspace/src/ouster-ros/ouster-ros/ouster-sdk/ouster_client/include/ouster/types.h:854:30:[m[K [01;36m[Knote: [m[Kdeclared here
  854 |     [[deprecated]] const int [01;36m[Kencoder_ticks_per_rev[m[K;  ///< @deprecated
      |                              [01;36m[K^~~~~~~~~~~~~~~~~~~~~[m[K
[01m[K/home/jetson/ros-workspace/src/ouster-ros/ouster-ros/src/os_cloud_node.cpp:[m[K In member function ‘[01m[Kvoid ouster_ros::OusterCloud::imu_handler(ouster_msgs::msg::PacketMsg_<std::allocator<void> >::ConstSharedPtr)[m[K’:
[01m[K/home/jetson/ros-workspace/src/ouster-ros/ouster-ros/src/os_cloud_node.cpp:317:42:[m[K [01;36m[Knote: [m[Ksynthesized method ‘[01m[Kouster::sensor::packet_format::packet_format(const ouster::sensor::packet_format&)[m[K’ first required here
  317 |         auto pf = sensor::get_format(info[01;36m[K)[m[K;
      |                                          [01;36m[K^[m[K
In file included from [01m[K/home/jetson/ros-workspace/src/ouster-ros/ouster-ros/ouster-sdk/ouster_client/include/ouster/client.h:15[m[K,
                 from [01m[K/home/jetson/ros-workspace/src/ouster-ros/ouster-ros/include/ouster_ros/os_ros.h:15[m[K,
                 from [01m[K/home/jetson/ros-workspace/src/ouster-ros/ouster-ros/src/os_image_node.cpp:17[m[K:
[01m[K/home/jetson/ros-workspace/src/ouster-ros/ouster-ros/ouster-sdk/ouster_client/include/ouster/types.h:[m[K In constructor ‘[01m[Kouster::sensor::sensor_info::sensor_info()[m[K’:
[01m[K/home/jetson/ros-workspace/src/ouster-ros/ouster-ros/ouster-sdk/ouster_client/include/ouster/types.h:375:8:[m[K [01;35m[Kwarning: [m[K‘[01m[Kouster::sensor::sensor_info::name[m[K’ is deprecated: Will be removed in the next version [[01;35m[K-Wdeprecated-declarations[m[K]
  375 | struct [01;35m[Ksensor_info[m[K {
      |        [01;35m[K^~~~~~~~~~~[m[K
[01m[K/home/jetson/ros-workspace/src/ouster-ros/ouster-ros/ouster-sdk/ouster_client/include/ouster/types.h:377:9:[m[K [01;36m[Knote: [m[Kdeclared here
  377 |         [01;36m[Kname[m[K;               ///< @deprecated Will be removed in the next version
      |         [01;36m[K^~~~[m[K
[01m[K/home/jetson/ros-workspace/src/ouster-ros/ouster-ros/ouster-sdk/ouster_client/include/ouster/types.h:375:8:[m[K [01;35m[Kwarning: [m[K‘[01m[Kouster::sensor::sensor_info::name[m[K’ is deprecated: Will be removed in the next version [[01;35m[K-Wdeprecated-declarations[m[K]
  375 | struct [01;35m[Ksensor_info[m[K {
      |        [01;35m[K^~~~~~~~~~~[m[K
[01m[K/home/jetson/ros-workspace/src/ouster-ros/ouster-ros/ouster-sdk/ouster_client/include/ouster/types.h:377:9:[m[K [01;36m[Knote: [m[Kdeclared here
  377 |         [01;36m[Kname[m[K;               ///< @deprecated Will be removed in the next version
      |         [01;36m[K^~~~[m[K
[01m[K/home/jetson/ros-workspace/src/ouster-ros/ouster-ros/ouster-sdk/ouster_client/include/ouster/types.h:375:8:[m[K [01;35m[Kwarning: [m[K‘[01m[Kouster::sensor::sensor_info::name[m[K’ is deprecated: Will be removed in the next version [[01;35m[K-Wdeprecated-declarations[m[K]
  375 | struct [01;35m[Ksensor_info[m[K {
      |        [01;35m[K^~~~~~~~~~~[m[K
[01m[K/home/jetson/ros-workspace/src/ouster-ros/ouster-ros/ouster-sdk/ouster_client/include/ouster/types.h:377:9:[m[K [01;36m[Knote: [m[Kdeclared here
  377 |         [01;36m[Kname[m[K;               ///< @deprecated Will be removed in the next version
      |         [01;36m[K^~~~[m[K
[01m[K/home/jetson/ros-workspace/src/ouster-ros/ouster-ros/ouster-sdk/ouster_client/include/ouster/types.h:375:8:[m[K [01;35m[Kwarning: [m[K‘[01m[Kouster::sensor::sensor_info::name[m[K’ is deprecated: Will be removed in the next version [[01;35m[K-Wdeprecated-declarations[m[K]
  375 | struct [01;35m[Ksensor_info[m[K {
      |        [01;35m[K^~~~~~~~~~~[m[K
[01m[K/home/jetson/ros-workspace/src/ouster-ros/ouster-ros/ouster-sdk/ouster_client/include/ouster/types.h:377:9:[m[K [01;36m[Knote: [m[Kdeclared here
  377 |         [01;36m[Kname[m[K;               ///< @deprecated Will be removed in the next version
      |         [01;36m[K^~~~[m[K
In file included from [01m[K/home/jetson/ros-workspace/src/ouster-ros/ouster-ros/src/os_image_node.cpp:34[m[K:
[01m[K/home/jetson/ros-workspace/src/ouster-ros/ouster-ros/include/ouster_ros/os_processing_node_base.h:[m[K In constructor ‘[01m[Kouster_ros::OusterProcessingNodeBase::OusterProcessingNodeBase(const string&, const rclcpp::NodeOptions&)[m[K’:
[01m[K/home/jetson/ros-workspace/src/ouster-ros/ouster-ros/include/ouster_ros/os_processing_node_base.h:22:37:[m[K [01;36m[Knote: [m[Ksynthesized method ‘[01m[Kouster::sensor::sensor_info::sensor_info()[m[K’ first required here
   22 |         : rclcpp::Node(name, options[01;36m[K)[m[K {}
      |                                     [01;36m[K^[m[K
In file included from [01m[K/home/jetson/ros-workspace/src/ouster-ros/ouster-ros/ouster-sdk/ouster_client/include/ouster/client.h:15[m[K,
                 from [01m[K/home/jetson/ros-workspace/src/ouster-ros/ouster-ros/include/ouster_ros/os_ros.h:15[m[K,
                 from [01m[K/home/jetson/ros-workspace/src/ouster-ros/ouster-ros/src/os_image_node.cpp:17[m[K:
[01m[K/home/jetson/ros-workspace/src/ouster-ros/ouster-ros/ouster-sdk/ouster_client/include/ouster/types.h:[m[K In destructor ‘[01m[Kouster::sensor::sensor_info::~sensor_info()[m[K’:
[01m[K/home/jetson/ros-workspace/src/ouster-ros/ouster-ros/ouster-sdk/ouster_client/include/ouster/types.h:375:8:[m[K [01;35m[Kwarning: [m[K‘[01m[Kouster::sensor::sensor_info::name[m[K’ is deprecated: Will be removed in the next version [[01;35m[K-Wdeprecated-declarations[m[K]
  375 | struct [01;35m[Ksensor_info[m[K {
      |        [01;35m[K^~~~~~~~~~~[m[K
[01m[K/home/jetson/ros-workspace/src/ouster-ros/ouster-ros/ouster-sdk/ouster_client/include/ouster/types.h:377:9:[m[K [01;36m[Knote: [m[Kdeclared here
  377 |         [01;36m[Kname[m[K;               ///< @deprecated Will be removed in the next version
      |         [01;36m[K^~~~[m[K
[01m[K/home/jetson/ros-workspace/src/ouster-ros/ouster-ros/ouster-sdk/ouster_client/include/ouster/types.h:375:8:[m[K [01;35m[Kwarning: [m[K‘[01m[Kouster::sensor::sensor_info::name[m[K’ is deprecated: Will be removed in the next version [[01;35m[K-Wdeprecated-declarations[m[K]
  375 | struct [01;35m[Ksensor_info[m[K {
      |        [01;35m[K^~~~~~~~~~~[m[K
[01m[K/home/jetson/ros-workspace/src/ouster-ros/ouster-ros/ouster-sdk/ouster_client/include/ouster/types.h:377:9:[m[K [01;36m[Knote: [m[Kdeclared here
  377 |         [01;36m[Kname[m[K;               ///< @deprecated Will be removed in the next version
      |         [01;36m[K^~~~[m[K
In file included from [01m[K/home/jetson/ros-workspace/src/ouster-ros/ouster-ros/src/os_image_node.cpp:34[m[K:
[01m[K/home/jetson/ros-workspace/src/ouster-ros/ouster-ros/include/ouster_ros/os_processing_node_base.h:[m[K In constructor ‘[01m[Kouster_ros::OusterProcessingNodeBase::OusterProcessingNodeBase(const string&, const rclcpp::NodeOptions&)[m[K’:
[01m[K/home/jetson/ros-workspace/src/ouster-ros/ouster-ros/include/ouster_ros/os_processing_node_base.h:22:37:[m[K [01;36m[Knote: [m[Ksynthesized method ‘[01m[Kouster::sensor::sensor_info::~sensor_info()[m[K’ first required here
   22 |         : rclcpp::Node(name, options[01;36m[K)[m[K {}
      |                                     [01;36m[K^[m[K
[01m[K/home/jetson/ros-workspace/src/ouster-ros/ouster-ros/src/os_image_node.cpp:[m[K At global scope:
[01m[K/home/jetson/ros-workspace/src/ouster-ros/ouster-ros/src/os_image_node.cpp:60:78:[m[K [01;35m[Kwarning: [m[K‘[01m[Kstd_msgs::msg::String_<std::allocator<void> >::ConstPtr[m[K’ is deprecated [[01;35m[K-Wdeprecated-declarations[m[K]
   60 |     void metadata_handler(const std_msgs::msg::String::ConstPtr& metadata_msg[01;35m[K)[m[K {
      |                                                                              [01;35m[K^[m[K
In file included from [01m[K/opt/ros/foxy/include/std_msgs/msg/string.hpp:7[m[K,
                 from [01m[K/home/jetson/ros-workspace/src/ouster-ros/ouster-ros/include/ouster_ros/os_processing_node_base.h:14[m[K,
                 from [01m[K/home/jetson/ros-workspace/src/ouster-ros/ouster-ros/src/os_image_node.cpp:34[m[K:
[01m[K/opt/ros/foxy/include/std_msgs/msg/detail/string__struct.hpp:104:5:[m[K [01;36m[Knote: [m[Kdeclared here
  104 |     [01;36m[KConstPtr[m[K;
      |     [01;36m[K^~~~~~~~[m[K
