[1.138s] DEBUG:colcon:Command line arguments: ['/usr/bin/colcon', 'build']
[1.138s] DEBUG:colcon:Parsed command line arguments: Namespace(allow_overriding=[], ament_cmake_args=None, base_paths=['.'], build_base='build', catkin_cmake_args=None, catkin_skip_building_tests=False, cmake_args=None, cmake_clean_cache=False, cmake_clean_first=False, cmake_force_configure=False, cmake_target=None, cmake_target_skip_unavailable=False, continue_on_error=False, event_handlers=None, executor='parallel', ignore_user_meta=False, install_base='install', log_base=None, log_level=None, main=<bound method BuildVerb.main of <colcon_core.verb.build.BuildVerb object at 0xffff8d6d70d0>>, merge_install=False, metas=['./colcon.meta'], packages_above=None, packages_above_and_dependencies=None, packages_above_depth=None, packages_end=None, packages_ignore=None, packages_ignore_regex=None, packages_select=None, packages_select_build_failed=False, packages_select_by_dep=None, packages_select_regex=None, packages_select_test_failures=False, packages_skip=None, packages_skip_build_finished=False, packages_skip_by_dep=None, packages_skip_regex=None, packages_skip_test_passed=False, packages_skip_up_to=None, packages_start=None, packages_up_to=None, packages_up_to_regex=None, parallel_workers=4, paths=None, symlink_install=False, test_result_base=None, verb_extension=<colcon_core.verb.build.BuildVerb object at 0xffff8d6d70d0>, verb_name='build', verb_parser=<colcon_defaults.argument_parser.defaults.DefaultArgumentsDecorator object at 0xffff8d6d7610>)
[1.235s] Level 1:colcon.colcon_core.package_discovery:discover_packages(colcon_meta) check parameters
[1.235s] Level 1:colcon.colcon_core.package_discovery:discover_packages(recursive) check parameters
[1.235s] Level 1:colcon.colcon_core.package_discovery:discover_packages(ignore) check parameters
[1.235s] Level 1:colcon.colcon_core.package_discovery:discover_packages(path) check parameters
[1.235s] Level 1:colcon.colcon_core.package_discovery:discover_packages(colcon_meta) discover
[1.236s] Level 1:colcon.colcon_core.package_discovery:discover_packages(recursive) discover
[1.236s] INFO:colcon.colcon_core.package_discovery:Crawling recursively for packages in '/home/jetson/ros-workspace'
[1.237s] Level 1:colcon.colcon_core.package_identification:_identify(.) by extensions ['ignore', 'ignore_ament_install']
[1.237s] Level 1:colcon.colcon_core.package_identification:_identify(.) by extension 'ignore'
[1.237s] Level 1:colcon.colcon_core.package_identification:_identify(.) by extension 'ignore_ament_install'
[1.238s] Level 1:colcon.colcon_core.package_identification:_identify(.) by extensions ['colcon_pkg']
[1.238s] Level 1:colcon.colcon_core.package_identification:_identify(.) by extension 'colcon_pkg'
[1.238s] Level 1:colcon.colcon_core.package_identification:_identify(.) by extensions ['colcon_meta']
[1.238s] Level 1:colcon.colcon_core.package_identification:_identify(.) by extension 'colcon_meta'
[1.238s] Level 1:colcon.colcon_core.package_identification:_identify(.) by extensions ['ros']
[1.238s] Level 1:colcon.colcon_core.package_identification:_identify(.) by extension 'ros'
[1.310s] Level 1:colcon.colcon_core.package_identification:_identify(.) by extensions ['cmake', 'python']
[1.311s] Level 1:colcon.colcon_core.package_identification:_identify(.) by extension 'cmake'
[1.311s] Level 1:colcon.colcon_core.package_identification:_identify(.) by extension 'python'
[1.311s] Level 1:colcon.colcon_core.package_identification:_identify(.) by extensions ['python_setup_py']
[1.311s] Level 1:colcon.colcon_core.package_identification:_identify(.) by extension 'python_setup_py'
[1.312s] Level 1:colcon.colcon_core.package_identification:_identify(build) by extensions ['ignore', 'ignore_ament_install']
[1.312s] Level 1:colcon.colcon_core.package_identification:_identify(build) by extension 'ignore'
[1.313s] Level 1:colcon.colcon_core.package_identification:_identify(build) ignored
[1.313s] Level 1:colcon.colcon_core.package_identification:_identify(install) by extensions ['ignore', 'ignore_ament_install']
[1.313s] Level 1:colcon.colcon_core.package_identification:_identify(install) by extension 'ignore'
[1.314s] Level 1:colcon.colcon_core.package_identification:_identify(install) ignored
[1.314s] Level 1:colcon.colcon_core.package_identification:_identify(log) by extensions ['ignore', 'ignore_ament_install']
[1.314s] Level 1:colcon.colcon_core.package_identification:_identify(log) by extension 'ignore'
[1.314s] Level 1:colcon.colcon_core.package_identification:_identify(log) ignored
[1.315s] Level 1:colcon.colcon_core.package_identification:_identify(src) by extensions ['ignore', 'ignore_ament_install']
[1.315s] Level 1:colcon.colcon_core.package_identification:_identify(src) by extension 'ignore'
[1.315s] Level 1:colcon.colcon_core.package_identification:_identify(src) by extension 'ignore_ament_install'
[1.315s] Level 1:colcon.colcon_core.package_identification:_identify(src) by extensions ['colcon_pkg']
[1.316s] Level 1:colcon.colcon_core.package_identification:_identify(src) by extension 'colcon_pkg'
[1.316s] Level 1:colcon.colcon_core.package_identification:_identify(src) by extensions ['colcon_meta']
[1.316s] Level 1:colcon.colcon_core.package_identification:_identify(src) by extension 'colcon_meta'
[1.316s] Level 1:colcon.colcon_core.package_identification:_identify(src) by extensions ['ros']
[1.316s] Level 1:colcon.colcon_core.package_identification:_identify(src) by extension 'ros'
[1.317s] Level 1:colcon.colcon_core.package_identification:_identify(src) by extensions ['cmake', 'python']
[1.317s] Level 1:colcon.colcon_core.package_identification:_identify(src) by extension 'cmake'
[1.317s] Level 1:colcon.colcon_core.package_identification:_identify(src) by extension 'python'
[1.317s] Level 1:colcon.colcon_core.package_identification:_identify(src) by extensions ['python_setup_py']
[1.317s] Level 1:colcon.colcon_core.package_identification:_identify(src) by extension 'python_setup_py'
[1.318s] Level 1:colcon.colcon_core.package_identification:_identify(src/micro_ros_setup) by extensions ['ignore', 'ignore_ament_install']
[1.318s] Level 1:colcon.colcon_core.package_identification:_identify(src/micro_ros_setup) by extension 'ignore'
[1.318s] Level 1:colcon.colcon_core.package_identification:_identify(src/micro_ros_setup) by extension 'ignore_ament_install'
[1.318s] Level 1:colcon.colcon_core.package_identification:_identify(src/micro_ros_setup) by extensions ['colcon_pkg']
[1.318s] Level 1:colcon.colcon_core.package_identification:_identify(src/micro_ros_setup) by extension 'colcon_pkg'
[1.318s] Level 1:colcon.colcon_core.package_identification:_identify(src/micro_ros_setup) by extensions ['colcon_meta']
[1.319s] Level 1:colcon.colcon_core.package_identification:_identify(src/micro_ros_setup) by extension 'colcon_meta'
[1.319s] Level 1:colcon.colcon_core.package_identification:_identify(src/micro_ros_setup) by extensions ['ros']
[1.319s] Level 1:colcon.colcon_core.package_identification:_identify(src/micro_ros_setup) by extension 'ros'
[1.329s] DEBUG:colcon.colcon_core.package_identification:Package 'src/micro_ros_setup' with type 'ros.ament_cmake' and name 'micro_ros_setup'
[1.329s] Level 1:colcon.colcon_core.package_identification:_identify(src/ouster-ros) by extensions ['ignore', 'ignore_ament_install']
[1.330s] Level 1:colcon.colcon_core.package_identification:_identify(src/ouster-ros) by extension 'ignore'
[1.330s] Level 1:colcon.colcon_core.package_identification:_identify(src/ouster-ros) by extension 'ignore_ament_install'
[1.330s] Level 1:colcon.colcon_core.package_identification:_identify(src/ouster-ros) by extensions ['colcon_pkg']
[1.330s] Level 1:colcon.colcon_core.package_identification:_identify(src/ouster-ros) by extension 'colcon_pkg'
[1.331s] Level 1:colcon.colcon_core.package_identification:_identify(src/ouster-ros) by extensions ['colcon_meta']
[1.331s] Level 1:colcon.colcon_core.package_identification:_identify(src/ouster-ros) by extension 'colcon_meta'
[1.331s] Level 1:colcon.colcon_core.package_identification:_identify(src/ouster-ros) by extensions ['ros']
[1.331s] Level 1:colcon.colcon_core.package_identification:_identify(src/ouster-ros) by extension 'ros'
[1.331s] Level 1:colcon.colcon_core.package_identification:_identify(src/ouster-ros) by extensions ['cmake', 'python']
[1.332s] Level 1:colcon.colcon_core.package_identification:_identify(src/ouster-ros) by extension 'cmake'
[1.332s] Level 1:colcon.colcon_core.package_identification:_identify(src/ouster-ros) by extension 'python'
[1.332s] Level 1:colcon.colcon_core.package_identification:_identify(src/ouster-ros) by extensions ['python_setup_py']
[1.332s] Level 1:colcon.colcon_core.package_identification:_identify(src/ouster-ros) by extension 'python_setup_py'
[1.332s] Level 1:colcon.colcon_core.package_identification:_identify(src/ouster-ros/docs) by extensions ['ignore', 'ignore_ament_install']
[1.333s] Level 1:colcon.colcon_core.package_identification:_identify(src/ouster-ros/docs) by extension 'ignore'
[1.333s] Level 1:colcon.colcon_core.package_identification:_identify(src/ouster-ros/docs) by extension 'ignore_ament_install'
[1.333s] Level 1:colcon.colcon_core.package_identification:_identify(src/ouster-ros/docs) by extensions ['colcon_pkg']
[1.333s] Level 1:colcon.colcon_core.package_identification:_identify(src/ouster-ros/docs) by extension 'colcon_pkg'
[1.333s] Level 1:colcon.colcon_core.package_identification:_identify(src/ouster-ros/docs) by extensions ['colcon_meta']
[1.334s] Level 1:colcon.colcon_core.package_identification:_identify(src/ouster-ros/docs) by extension 'colcon_meta'
[1.334s] Level 1:colcon.colcon_core.package_identification:_identify(src/ouster-ros/docs) by extensions ['ros']
[1.334s] Level 1:colcon.colcon_core.package_identification:_identify(src/ouster-ros/docs) by extension 'ros'
[1.334s] Level 1:colcon.colcon_core.package_identification:_identify(src/ouster-ros/docs) by extensions ['cmake', 'python']
[1.335s] Level 1:colcon.colcon_core.package_identification:_identify(src/ouster-ros/docs) by extension 'cmake'
[1.335s] Level 1:colcon.colcon_core.package_identification:_identify(src/ouster-ros/docs) by extension 'python'
[1.335s] Level 1:colcon.colcon_core.package_identification:_identify(src/ouster-ros/docs) by extensions ['python_setup_py']
[1.335s] Level 1:colcon.colcon_core.package_identification:_identify(src/ouster-ros/docs) by extension 'python_setup_py'
[1.336s] Level 1:colcon.colcon_core.package_identification:_identify(src/ouster-ros/docs/images) by extensions ['ignore', 'ignore_ament_install']
[1.336s] Level 1:colcon.colcon_core.package_identification:_identify(src/ouster-ros/docs/images) by extension 'ignore'
[1.336s] Level 1:colcon.colcon_core.package_identification:_identify(src/ouster-ros/docs/images) by extension 'ignore_ament_install'
[1.336s] Level 1:colcon.colcon_core.package_identification:_identify(src/ouster-ros/docs/images) by extensions ['colcon_pkg']
[1.337s] Level 1:colcon.colcon_core.package_identification:_identify(src/ouster-ros/docs/images) by extension 'colcon_pkg'
[1.337s] Level 1:colcon.colcon_core.package_identification:_identify(src/ouster-ros/docs/images) by extensions ['colcon_meta']
[1.337s] Level 1:colcon.colcon_core.package_identification:_identify(src/ouster-ros/docs/images) by extension 'colcon_meta'
[1.337s] Level 1:colcon.colcon_core.package_identification:_identify(src/ouster-ros/docs/images) by extensions ['ros']
[1.337s] Level 1:colcon.colcon_core.package_identification:_identify(src/ouster-ros/docs/images) by extension 'ros'
[1.338s] Level 1:colcon.colcon_core.package_identification:_identify(src/ouster-ros/docs/images) by extensions ['cmake', 'python']
[1.338s] Level 1:colcon.colcon_core.package_identification:_identify(src/ouster-ros/docs/images) by extension 'cmake'
[1.338s] Level 1:colcon.colcon_core.package_identification:_identify(src/ouster-ros/docs/images) by extension 'python'
[1.338s] Level 1:colcon.colcon_core.package_identification:_identify(src/ouster-ros/docs/images) by extensions ['python_setup_py']
[1.338s] Level 1:colcon.colcon_core.package_identification:_identify(src/ouster-ros/docs/images) by extension 'python_setup_py'
[1.339s] Level 1:colcon.colcon_core.package_identification:_identify(src/ouster-ros/ouster-msgs) by extensions ['ignore', 'ignore_ament_install']
[1.339s] Level 1:colcon.colcon_core.package_identification:_identify(src/ouster-ros/ouster-msgs) by extension 'ignore'
[1.339s] Level 1:colcon.colcon_core.package_identification:_identify(src/ouster-ros/ouster-msgs) by extension 'ignore_ament_install'
[1.340s] Level 1:colcon.colcon_core.package_identification:_identify(src/ouster-ros/ouster-msgs) by extensions ['colcon_pkg']
[1.340s] Level 1:colcon.colcon_core.package_identification:_identify(src/ouster-ros/ouster-msgs) by extension 'colcon_pkg'
[1.340s] Level 1:colcon.colcon_core.package_identification:_identify(src/ouster-ros/ouster-msgs) by extensions ['colcon_meta']
[1.340s] Level 1:colcon.colcon_core.package_identification:_identify(src/ouster-ros/ouster-msgs) by extension 'colcon_meta'
[1.340s] Level 1:colcon.colcon_core.package_identification:_identify(src/ouster-ros/ouster-msgs) by extensions ['ros']
[1.340s] Level 1:colcon.colcon_core.package_identification:_identify(src/ouster-ros/ouster-msgs) by extension 'ros'
[1.342s] DEBUG:colcon.colcon_core.package_identification:Package 'src/ouster-ros/ouster-msgs' with type 'ros.ament_cmake' and name 'ouster_msgs'
[1.343s] Level 1:colcon.colcon_core.package_identification:_identify(src/ouster-ros/ouster-ros) by extensions ['ignore', 'ignore_ament_install']
[1.343s] Level 1:colcon.colcon_core.package_identification:_identify(src/ouster-ros/ouster-ros) by extension 'ignore'
[1.343s] Level 1:colcon.colcon_core.package_identification:_identify(src/ouster-ros/ouster-ros) by extension 'ignore_ament_install'
[1.344s] Level 1:colcon.colcon_core.package_identification:_identify(src/ouster-ros/ouster-ros) by extensions ['colcon_pkg']
[1.344s] Level 1:colcon.colcon_core.package_identification:_identify(src/ouster-ros/ouster-ros) by extension 'colcon_pkg'
[1.344s] Level 1:colcon.colcon_core.package_identification:_identify(src/ouster-ros/ouster-ros) by extensions ['colcon_meta']
[1.344s] Level 1:colcon.colcon_core.package_identification:_identify(src/ouster-ros/ouster-ros) by extension 'colcon_meta'
[1.344s] Level 1:colcon.colcon_core.package_identification:_identify(src/ouster-ros/ouster-ros) by extensions ['ros']
[1.344s] Level 1:colcon.colcon_core.package_identification:_identify(src/ouster-ros/ouster-ros) by extension 'ros'
[1.351s] DEBUG:colcon.colcon_core.package_identification:Package 'src/ouster-ros/ouster-ros' with type 'ros.ament_cmake' and name 'ouster_ros'
[1.351s] Level 1:colcon.colcon_core.package_identification:_identify(src/ouster-ros/ouster-srvs) by extensions ['ignore', 'ignore_ament_install']
[1.351s] Level 1:colcon.colcon_core.package_identification:_identify(src/ouster-ros/ouster-srvs) by extension 'ignore'
[1.352s] Level 1:colcon.colcon_core.package_identification:_identify(src/ouster-ros/ouster-srvs) by extension 'ignore_ament_install'
[1.352s] Level 1:colcon.colcon_core.package_identification:_identify(src/ouster-ros/ouster-srvs) by extensions ['colcon_pkg']
[1.352s] Level 1:colcon.colcon_core.package_identification:_identify(src/ouster-ros/ouster-srvs) by extension 'colcon_pkg'
[1.352s] Level 1:colcon.colcon_core.package_identification:_identify(src/ouster-ros/ouster-srvs) by extensions ['colcon_meta']
[1.352s] Level 1:colcon.colcon_core.package_identification:_identify(src/ouster-ros/ouster-srvs) by extension 'colcon_meta'
[1.353s] Level 1:colcon.colcon_core.package_identification:_identify(src/ouster-ros/ouster-srvs) by extensions ['ros']
[1.353s] Level 1:colcon.colcon_core.package_identification:_identify(src/ouster-ros/ouster-srvs) by extension 'ros'
[1.354s] DEBUG:colcon.colcon_core.package_identification:Package 'src/ouster-ros/ouster-srvs' with type 'ros.ament_cmake' and name 'ouster_srvs'
[1.355s] Level 1:colcon.colcon_core.package_identification:_identify(src/pointcloud_to_laser) by extensions ['ignore', 'ignore_ament_install']
[1.355s] Level 1:colcon.colcon_core.package_identification:_identify(src/pointcloud_to_laser) by extension 'ignore'
[1.355s] Level 1:colcon.colcon_core.package_identification:_identify(src/pointcloud_to_laser) by extension 'ignore_ament_install'
[1.356s] Level 1:colcon.colcon_core.package_identification:_identify(src/pointcloud_to_laser) by extensions ['colcon_pkg']
[1.356s] Level 1:colcon.colcon_core.package_identification:_identify(src/pointcloud_to_laser) by extension 'colcon_pkg'
[1.356s] Level 1:colcon.colcon_core.package_identification:_identify(src/pointcloud_to_laser) by extensions ['colcon_meta']
[1.356s] Level 1:colcon.colcon_core.package_identification:_identify(src/pointcloud_to_laser) by extension 'colcon_meta'
[1.356s] Level 1:colcon.colcon_core.package_identification:_identify(src/pointcloud_to_laser) by extensions ['ros']
[1.356s] Level 1:colcon.colcon_core.package_identification:_identify(src/pointcloud_to_laser) by extension 'ros'
[1.361s] DEBUG:colcon.colcon_core.package_identification:Package 'src/pointcloud_to_laser' with type 'ros.ament_cmake' and name 'pointcloud_to_laserscan'
[1.361s] Level 1:colcon.colcon_core.package_discovery:discover_packages(recursive) using defaults
[1.362s] Level 1:colcon.colcon_core.package_discovery:discover_packages(ignore) discover
[1.362s] Level 1:colcon.colcon_core.package_discovery:discover_packages(ignore) using defaults
[1.362s] Level 1:colcon.colcon_core.package_discovery:discover_packages(path) discover
[1.362s] Level 1:colcon.colcon_core.package_discovery:discover_packages(path) using defaults
[1.433s] Level 1:colcon.colcon_core.package_discovery:discover_packages(prefix_path) check parameters
[1.433s] Level 1:colcon.colcon_core.package_discovery:discover_packages(prefix_path) discover
[1.447s] DEBUG:colcon.colcon_installed_package_information.package_discovery:Found 256 installed packages in /opt/ros/foxy
[1.454s] Level 1:colcon.colcon_core.package_discovery:discover_packages(prefix_path) using defaults
[1.709s] Level 5:colcon.colcon_core.verb:set package 'micro_ros_setup' build argument 'cmake_args' from command line to 'None'
[1.709s] Level 5:colcon.colcon_core.verb:set package 'micro_ros_setup' build argument 'cmake_target' from command line to 'None'
[1.709s] Level 5:colcon.colcon_core.verb:set package 'micro_ros_setup' build argument 'cmake_target_skip_unavailable' from command line to 'False'
[1.710s] Level 5:colcon.colcon_core.verb:set package 'micro_ros_setup' build argument 'cmake_clean_cache' from command line to 'False'
[1.710s] Level 5:colcon.colcon_core.verb:set package 'micro_ros_setup' build argument 'cmake_clean_first' from command line to 'False'
[1.710s] Level 5:colcon.colcon_core.verb:set package 'micro_ros_setup' build argument 'cmake_force_configure' from command line to 'False'
[1.710s] Level 5:colcon.colcon_core.verb:set package 'micro_ros_setup' build argument 'ament_cmake_args' from command line to 'None'
[1.710s] Level 5:colcon.colcon_core.verb:set package 'micro_ros_setup' build argument 'catkin_cmake_args' from command line to 'None'
[1.710s] Level 5:colcon.colcon_core.verb:set package 'micro_ros_setup' build argument 'catkin_skip_building_tests' from command line to 'False'
[1.710s] DEBUG:colcon.colcon_core.verb:Building package 'micro_ros_setup' with the following arguments: {'ament_cmake_args': None, 'build_base': '/home/jetson/ros-workspace/build/micro_ros_setup', 'catkin_cmake_args': None, 'catkin_skip_building_tests': False, 'cmake_args': None, 'cmake_clean_cache': False, 'cmake_clean_first': False, 'cmake_force_configure': False, 'cmake_target': None, 'cmake_target_skip_unavailable': False, 'install_base': '/home/jetson/ros-workspace/install/micro_ros_setup', 'merge_install': False, 'path': '/home/jetson/ros-workspace/src/micro_ros_setup', 'symlink_install': False, 'test_result_base': None}
[1.714s] Level 5:colcon.colcon_core.verb:set package 'ouster_msgs' build argument 'cmake_args' from command line to 'None'
[1.714s] Level 5:colcon.colcon_core.verb:set package 'ouster_msgs' build argument 'cmake_target' from command line to 'None'
[1.714s] Level 5:colcon.colcon_core.verb:set package 'ouster_msgs' build argument 'cmake_target_skip_unavailable' from command line to 'False'
[1.714s] Level 5:colcon.colcon_core.verb:set package 'ouster_msgs' build argument 'cmake_clean_cache' from command line to 'False'
[1.714s] Level 5:colcon.colcon_core.verb:set package 'ouster_msgs' build argument 'cmake_clean_first' from command line to 'False'
[1.715s] Level 5:colcon.colcon_core.verb:set package 'ouster_msgs' build argument 'cmake_force_configure' from command line to 'False'
[1.715s] Level 5:colcon.colcon_core.verb:set package 'ouster_msgs' build argument 'ament_cmake_args' from command line to 'None'
[1.715s] Level 5:colcon.colcon_core.verb:set package 'ouster_msgs' build argument 'catkin_cmake_args' from command line to 'None'
[1.715s] Level 5:colcon.colcon_core.verb:set package 'ouster_msgs' build argument 'catkin_skip_building_tests' from command line to 'False'
[1.715s] DEBUG:colcon.colcon_core.verb:Building package 'ouster_msgs' with the following arguments: {'ament_cmake_args': None, 'build_base': '/home/jetson/ros-workspace/build/ouster_msgs', 'catkin_cmake_args': None, 'catkin_skip_building_tests': False, 'cmake_args': None, 'cmake_clean_cache': False, 'cmake_clean_first': False, 'cmake_force_configure': False, 'cmake_target': None, 'cmake_target_skip_unavailable': False, 'install_base': '/home/jetson/ros-workspace/install/ouster_msgs', 'merge_install': False, 'path': '/home/jetson/ros-workspace/src/ouster-ros/ouster-msgs', 'symlink_install': False, 'test_result_base': None}
[1.718s] Level 5:colcon.colcon_core.verb:set package 'ouster_srvs' build argument 'cmake_args' from command line to 'None'
[1.719s] Level 5:colcon.colcon_core.verb:set package 'ouster_srvs' build argument 'cmake_target' from command line to 'None'
[1.719s] Level 5:colcon.colcon_core.verb:set package 'ouster_srvs' build argument 'cmake_target_skip_unavailable' from command line to 'False'
[1.719s] Level 5:colcon.colcon_core.verb:set package 'ouster_srvs' build argument 'cmake_clean_cache' from command line to 'False'
[1.719s] Level 5:colcon.colcon_core.verb:set package 'ouster_srvs' build argument 'cmake_clean_first' from command line to 'False'
[1.719s] Level 5:colcon.colcon_core.verb:set package 'ouster_srvs' build argument 'cmake_force_configure' from command line to 'False'
[1.719s] Level 5:colcon.colcon_core.verb:set package 'ouster_srvs' build argument 'ament_cmake_args' from command line to 'None'
[1.719s] Level 5:colcon.colcon_core.verb:set package 'ouster_srvs' build argument 'catkin_cmake_args' from command line to 'None'
[1.719s] Level 5:colcon.colcon_core.verb:set package 'ouster_srvs' build argument 'catkin_skip_building_tests' from command line to 'False'
[1.719s] DEBUG:colcon.colcon_core.verb:Building package 'ouster_srvs' with the following arguments: {'ament_cmake_args': None, 'build_base': '/home/jetson/ros-workspace/build/ouster_srvs', 'catkin_cmake_args': None, 'catkin_skip_building_tests': False, 'cmake_args': None, 'cmake_clean_cache': False, 'cmake_clean_first': False, 'cmake_force_configure': False, 'cmake_target': None, 'cmake_target_skip_unavailable': False, 'install_base': '/home/jetson/ros-workspace/install/ouster_srvs', 'merge_install': False, 'path': '/home/jetson/ros-workspace/src/ouster-ros/ouster-srvs', 'symlink_install': False, 'test_result_base': None}
[1.723s] Level 5:colcon.colcon_core.verb:set package 'pointcloud_to_laserscan' build argument 'cmake_args' from command line to 'None'
[1.723s] Level 5:colcon.colcon_core.verb:set package 'pointcloud_to_laserscan' build argument 'cmake_target' from command line to 'None'
[1.723s] Level 5:colcon.colcon_core.verb:set package 'pointcloud_to_laserscan' build argument 'cmake_target_skip_unavailable' from command line to 'False'
[1.723s] Level 5:colcon.colcon_core.verb:set package 'pointcloud_to_laserscan' build argument 'cmake_clean_cache' from command line to 'False'
[1.723s] Level 5:colcon.colcon_core.verb:set package 'pointcloud_to_laserscan' build argument 'cmake_clean_first' from command line to 'False'
[1.723s] Level 5:colcon.colcon_core.verb:set package 'pointcloud_to_laserscan' build argument 'cmake_force_configure' from command line to 'False'
[1.724s] Level 5:colcon.colcon_core.verb:set package 'pointcloud_to_laserscan' build argument 'ament_cmake_args' from command line to 'None'
[1.724s] Level 5:colcon.colcon_core.verb:set package 'pointcloud_to_laserscan' build argument 'catkin_cmake_args' from command line to 'None'
[1.724s] Level 5:colcon.colcon_core.verb:set package 'pointcloud_to_laserscan' build argument 'catkin_skip_building_tests' from command line to 'False'
[1.724s] DEBUG:colcon.colcon_core.verb:Building package 'pointcloud_to_laserscan' with the following arguments: {'ament_cmake_args': None, 'build_base': '/home/jetson/ros-workspace/build/pointcloud_to_laserscan', 'catkin_cmake_args': None, 'catkin_skip_building_tests': False, 'cmake_args': None, 'cmake_clean_cache': False, 'cmake_clean_first': False, 'cmake_force_configure': False, 'cmake_target': None, 'cmake_target_skip_unavailable': False, 'install_base': '/home/jetson/ros-workspace/install/pointcloud_to_laserscan', 'merge_install': False, 'path': '/home/jetson/ros-workspace/src/pointcloud_to_laser', 'symlink_install': False, 'test_result_base': None}
[1.727s] Level 5:colcon.colcon_core.verb:set package 'ouster_ros' build argument 'cmake_args' from command line to 'None'
[1.727s] Level 5:colcon.colcon_core.verb:set package 'ouster_ros' build argument 'cmake_target' from command line to 'None'
[1.727s] Level 5:colcon.colcon_core.verb:set package 'ouster_ros' build argument 'cmake_target_skip_unavailable' from command line to 'False'
[1.728s] Level 5:colcon.colcon_core.verb:set package 'ouster_ros' build argument 'cmake_clean_cache' from command line to 'False'
[1.728s] Level 5:colcon.colcon_core.verb:set package 'ouster_ros' build argument 'cmake_clean_first' from command line to 'False'
[1.728s] Level 5:colcon.colcon_core.verb:set package 'ouster_ros' build argument 'cmake_force_configure' from command line to 'False'
[1.728s] Level 5:colcon.colcon_core.verb:set package 'ouster_ros' build argument 'ament_cmake_args' from command line to 'None'
[1.728s] Level 5:colcon.colcon_core.verb:set package 'ouster_ros' build argument 'catkin_cmake_args' from command line to 'None'
[1.728s] Level 5:colcon.colcon_core.verb:set package 'ouster_ros' build argument 'catkin_skip_building_tests' from command line to 'False'
[1.728s] DEBUG:colcon.colcon_core.verb:Building package 'ouster_ros' with the following arguments: {'ament_cmake_args': None, 'build_base': '/home/jetson/ros-workspace/build/ouster_ros', 'catkin_cmake_args': None, 'catkin_skip_building_tests': False, 'cmake_args': None, 'cmake_clean_cache': False, 'cmake_clean_first': False, 'cmake_force_configure': False, 'cmake_target': None, 'cmake_target_skip_unavailable': False, 'install_base': '/home/jetson/ros-workspace/install/ouster_ros', 'merge_install': False, 'path': '/home/jetson/ros-workspace/src/ouster-ros/ouster-ros', 'symlink_install': False, 'test_result_base': None}
[1.730s] INFO:colcon.colcon_core.executor:Executing jobs using 'parallel' executor
[1.743s] DEBUG:colcon.colcon_parallel_executor.executor.parallel:run_until_complete
[1.745s] INFO:colcon.colcon_ros.task.ament_cmake.build:Building ROS package in '/home/jetson/ros-workspace/src/ouster-ros/ouster-msgs' with build type 'ament_cmake'
[1.746s] INFO:colcon.colcon_cmake.task.cmake.build:Building CMake package in '/home/jetson/ros-workspace/src/ouster-ros/ouster-msgs'
[1.761s] INFO:colcon.colcon_core.plugin_system:Skipping extension 'colcon_core.shell.bat': Not used on non-Windows systems
[1.762s] INFO:colcon.colcon_core.shell:Skip shell extension 'powershell' for command environment: Not usable outside of PowerShell
[1.762s] DEBUG:colcon.colcon_core.shell:Skip shell extension 'dsv' for command environment
[1.788s] INFO:colcon.colcon_ros.task.ament_cmake.build:Building ROS package in '/home/jetson/ros-workspace/src/ouster-ros/ouster-srvs' with build type 'ament_cmake'
[1.791s] INFO:colcon.colcon_cmake.task.cmake.build:Building CMake package in '/home/jetson/ros-workspace/src/ouster-ros/ouster-srvs'
[1.800s] INFO:colcon.colcon_core.shell:Skip shell extension 'powershell' for command environment: Not usable outside of PowerShell
[1.801s] DEBUG:colcon.colcon_core.shell:Skip shell extension 'dsv' for command environment
[1.827s] INFO:colcon.colcon_ros.task.ament_cmake.build:Building ROS package in '/home/jetson/ros-workspace/src/micro_ros_setup' with build type 'ament_cmake'
[1.830s] INFO:colcon.colcon_cmake.task.cmake.build:Building CMake package in '/home/jetson/ros-workspace/src/micro_ros_setup'
[1.841s] INFO:colcon.colcon_core.shell:Skip shell extension 'powershell' for command environment: Not usable outside of PowerShell
[1.841s] DEBUG:colcon.colcon_core.shell:Skip shell extension 'dsv' for command environment
[1.868s] INFO:colcon.colcon_ros.task.ament_cmake.build:Building ROS package in '/home/jetson/ros-workspace/src/pointcloud_to_laser' with build type 'ament_cmake'
[1.873s] INFO:colcon.colcon_cmake.task.cmake.build:Building CMake package in '/home/jetson/ros-workspace/src/pointcloud_to_laser'
[1.881s] INFO:colcon.colcon_core.shell:Skip shell extension 'powershell' for command environment: Not usable outside of PowerShell
[1.882s] DEBUG:colcon.colcon_core.shell:Skip shell extension 'dsv' for command environment
[1.941s] DEBUG:colcon.colcon_core.event_handler.log_command:Invoking command in '/home/jetson/ros-workspace/build/ouster_msgs': CMAKE_PREFIX_PATH=${CMAKE_PREFIX_PATH}:/opt/ros/foxy /usr/bin/cmake /home/jetson/ros-workspace/src/ouster-ros/ouster-msgs -DCMAKE_INSTALL_PREFIX=/home/jetson/ros-workspace/install/ouster_msgs
[1.963s] DEBUG:colcon.colcon_core.event_handler.log_command:Invoking command in '/home/jetson/ros-workspace/build/ouster_srvs': CMAKE_PREFIX_PATH=${CMAKE_PREFIX_PATH}:/opt/ros/foxy /usr/bin/cmake /home/jetson/ros-workspace/src/ouster-ros/ouster-srvs -DCMAKE_INSTALL_PREFIX=/home/jetson/ros-workspace/install/ouster_srvs
[1.986s] DEBUG:colcon.colcon_core.event_handler.log_command:Invoking command in '/home/jetson/ros-workspace/build/micro_ros_setup': CMAKE_PREFIX_PATH=${CMAKE_PREFIX_PATH}:/opt/ros/foxy /usr/bin/cmake /home/jetson/ros-workspace/src/micro_ros_setup -DCMAKE_INSTALL_PREFIX=/home/jetson/ros-workspace/install/micro_ros_setup
[2.012s] DEBUG:colcon.colcon_core.event_handler.log_command:Invoking command in '/home/jetson/ros-workspace/build/pointcloud_to_laserscan': CMAKE_PREFIX_PATH=${CMAKE_PREFIX_PATH}:/opt/ros/foxy /usr/bin/cmake /home/jetson/ros-workspace/src/pointcloud_to_laser -DCMAKE_INSTALL_PREFIX=/home/jetson/ros-workspace/install/pointcloud_to_laserscan
[3.555s] DEBUG:colcon.colcon_core.event_handler.log_command:Invoked command in '/home/jetson/ros-workspace/build/micro_ros_setup' returned '0': CMAKE_PREFIX_PATH=${CMAKE_PREFIX_PATH}:/opt/ros/foxy /usr/bin/cmake /home/jetson/ros-workspace/src/micro_ros_setup -DCMAKE_INSTALL_PREFIX=/home/jetson/ros-workspace/install/micro_ros_setup
[3.563s] DEBUG:colcon.colcon_core.event_handler.log_command:Invoking command in '/home/jetson/ros-workspace/build/micro_ros_setup': CMAKE_PREFIX_PATH=${CMAKE_PREFIX_PATH}:/opt/ros/foxy /usr/bin/cmake --build /home/jetson/ros-workspace/build/micro_ros_setup -- -j4 -l4
[3.806s] DEBUG:colcon.colcon_core.event_handler.log_command:Invoked command in '/home/jetson/ros-workspace/build/micro_ros_setup' returned '0': CMAKE_PREFIX_PATH=${CMAKE_PREFIX_PATH}:/opt/ros/foxy /usr/bin/cmake --build /home/jetson/ros-workspace/build/micro_ros_setup -- -j4 -l4
[4.006s] DEBUG:colcon.colcon_core.event_handler.log_command:Invoking command in '/home/jetson/ros-workspace/build/micro_ros_setup': CMAKE_PREFIX_PATH=${CMAKE_PREFIX_PATH}:/opt/ros/foxy /usr/bin/cmake --install /home/jetson/ros-workspace/build/micro_ros_setup
[4.207s] Level 1:colcon.colcon_core.environment:create_environment_scripts_only(micro_ros_setup)
[4.265s] Level 1:colcon.colcon_core.environment:checking '/home/jetson/ros-workspace/install/micro_ros_setup' for CMake module files
[4.268s] Level 1:colcon.colcon_core.environment:checking '/home/jetson/ros-workspace/install/micro_ros_setup' for CMake config files
[4.284s] Level 1:colcon.colcon_core.shell:create_environment_hook('micro_ros_setup', 'cmake_prefix_path')
[4.298s] DEBUG:colcon.colcon_core.event_handler.log_command:Invoked command in '/home/jetson/ros-workspace/build/micro_ros_setup' returned '0': CMAKE_PREFIX_PATH=${CMAKE_PREFIX_PATH}:/opt/ros/foxy /usr/bin/cmake --install /home/jetson/ros-workspace/build/micro_ros_setup
[4.301s] INFO:colcon.colcon_core.shell:Creating environment hook '/home/jetson/ros-workspace/install/micro_ros_setup/share/micro_ros_setup/hook/cmake_prefix_path.ps1'
[4.304s] INFO:colcon.colcon_core.shell:Creating environment descriptor '/home/jetson/ros-workspace/install/micro_ros_setup/share/micro_ros_setup/hook/cmake_prefix_path.dsv'
[4.306s] INFO:colcon.colcon_core.shell:Creating environment hook '/home/jetson/ros-workspace/install/micro_ros_setup/share/micro_ros_setup/hook/cmake_prefix_path.sh'
[4.311s] Level 1:colcon.colcon_core.environment:checking '/home/jetson/ros-workspace/install/micro_ros_setup/lib'
[4.312s] Level 1:colcon.colcon_core.environment:checking '/home/jetson/ros-workspace/install/micro_ros_setup/bin'
[4.312s] Level 1:colcon.colcon_core.environment:checking '/home/jetson/ros-workspace/install/micro_ros_setup/lib/pkgconfig/micro_ros_setup.pc'
[4.313s] Level 1:colcon.colcon_core.environment:checking '/home/jetson/ros-workspace/install/micro_ros_setup/lib/python3.8/site-packages'
[4.314s] Level 1:colcon.colcon_core.environment:checking '/home/jetson/ros-workspace/install/micro_ros_setup/bin'
[4.321s] INFO:colcon.colcon_core.shell:Creating package script '/home/jetson/ros-workspace/install/micro_ros_setup/share/micro_ros_setup/package.ps1'
[4.325s] INFO:colcon.colcon_core.shell:Creating package descriptor '/home/jetson/ros-workspace/install/micro_ros_setup/share/micro_ros_setup/package.dsv'
[4.327s] INFO:colcon.colcon_core.shell:Creating package script '/home/jetson/ros-workspace/install/micro_ros_setup/share/micro_ros_setup/package.sh'
[4.330s] INFO:colcon.colcon_core.shell:Creating package script '/home/jetson/ros-workspace/install/micro_ros_setup/share/micro_ros_setup/package.bash'
[4.333s] INFO:colcon.colcon_core.shell:Creating package script '/home/jetson/ros-workspace/install/micro_ros_setup/share/micro_ros_setup/package.zsh'
[4.336s] Level 1:colcon.colcon_core.environment:create_file_with_runtime_dependencies(/home/jetson/ros-workspace/install/micro_ros_setup/share/colcon-core/packages/micro_ros_setup)
[4.486s] Level 1:colcon.colcon_core.environment:create_environment_scripts_only(micro_ros_setup)
[4.501s] Level 1:colcon.colcon_core.environment:checking '/home/jetson/ros-workspace/install/micro_ros_setup' for CMake module files
[4.509s] Level 1:colcon.colcon_core.environment:checking '/home/jetson/ros-workspace/install/micro_ros_setup' for CMake config files
[4.514s] Level 1:colcon.colcon_core.shell:create_environment_hook('micro_ros_setup', 'cmake_prefix_path')
[4.522s] INFO:colcon.colcon_core.shell:Creating environment hook '/home/jetson/ros-workspace/install/micro_ros_setup/share/micro_ros_setup/hook/cmake_prefix_path.ps1'
[4.526s] INFO:colcon.colcon_core.shell:Creating environment descriptor '/home/jetson/ros-workspace/install/micro_ros_setup/share/micro_ros_setup/hook/cmake_prefix_path.dsv'
[4.527s] INFO:colcon.colcon_core.shell:Creating environment hook '/home/jetson/ros-workspace/install/micro_ros_setup/share/micro_ros_setup/hook/cmake_prefix_path.sh'
[4.530s] Level 1:colcon.colcon_core.environment:checking '/home/jetson/ros-workspace/install/micro_ros_setup/lib'
[4.531s] Level 1:colcon.colcon_core.environment:checking '/home/jetson/ros-workspace/install/micro_ros_setup/bin'
[4.531s] Level 1:colcon.colcon_core.environment:checking '/home/jetson/ros-workspace/install/micro_ros_setup/lib/pkgconfig/micro_ros_setup.pc'
[4.532s] Level 1:colcon.colcon_core.environment:checking '/home/jetson/ros-workspace/install/micro_ros_setup/lib/python3.8/site-packages'
[4.533s] Level 1:colcon.colcon_core.environment:checking '/home/jetson/ros-workspace/install/micro_ros_setup/bin'
[4.539s] INFO:colcon.colcon_core.shell:Creating package script '/home/jetson/ros-workspace/install/micro_ros_setup/share/micro_ros_setup/package.ps1'
[4.541s] INFO:colcon.colcon_core.shell:Creating package descriptor '/home/jetson/ros-workspace/install/micro_ros_setup/share/micro_ros_setup/package.dsv'
[4.545s] INFO:colcon.colcon_core.shell:Creating package script '/home/jetson/ros-workspace/install/micro_ros_setup/share/micro_ros_setup/package.sh'
[4.547s] INFO:colcon.colcon_core.shell:Creating package script '/home/jetson/ros-workspace/install/micro_ros_setup/share/micro_ros_setup/package.bash'
[4.549s] INFO:colcon.colcon_core.shell:Creating package script '/home/jetson/ros-workspace/install/micro_ros_setup/share/micro_ros_setup/package.zsh'
[4.551s] Level 1:colcon.colcon_core.environment:create_file_with_runtime_dependencies(/home/jetson/ros-workspace/install/micro_ros_setup/share/colcon-core/packages/micro_ros_setup)
[5.410s] DEBUG:colcon.colcon_core.event_handler.log_command:Invoked command in '/home/jetson/ros-workspace/build/ouster_msgs' returned '0': CMAKE_PREFIX_PATH=${CMAKE_PREFIX_PATH}:/opt/ros/foxy /usr/bin/cmake /home/jetson/ros-workspace/src/ouster-ros/ouster-msgs -DCMAKE_INSTALL_PREFIX=/home/jetson/ros-workspace/install/ouster_msgs
[5.416s] DEBUG:colcon.colcon_core.event_handler.log_command:Invoking command in '/home/jetson/ros-workspace/build/ouster_msgs': CMAKE_PREFIX_PATH=${CMAKE_PREFIX_PATH}:/opt/ros/foxy /usr/bin/cmake --build /home/jetson/ros-workspace/build/ouster_msgs -- -j4 -l4
[5.440s] DEBUG:colcon.colcon_core.event_handler.log_command:Invoked command in '/home/jetson/ros-workspace/build/ouster_srvs' returned '0': CMAKE_PREFIX_PATH=${CMAKE_PREFIX_PATH}:/opt/ros/foxy /usr/bin/cmake /home/jetson/ros-workspace/src/ouster-ros/ouster-srvs -DCMAKE_INSTALL_PREFIX=/home/jetson/ros-workspace/install/ouster_srvs
[5.444s] DEBUG:colcon.colcon_core.event_handler.log_command:Invoking command in '/home/jetson/ros-workspace/build/ouster_srvs': CMAKE_PREFIX_PATH=${CMAKE_PREFIX_PATH}:/opt/ros/foxy /usr/bin/cmake --build /home/jetson/ros-workspace/build/ouster_srvs -- -j4 -l4
[6.792s] DEBUG:colcon.colcon_core.event_handler.log_command:Invoked command in '/home/jetson/ros-workspace/build/ouster_msgs' returned '0': CMAKE_PREFIX_PATH=${CMAKE_PREFIX_PATH}:/opt/ros/foxy /usr/bin/cmake --build /home/jetson/ros-workspace/build/ouster_msgs -- -j4 -l4
[6.844s] DEBUG:colcon.colcon_core.event_handler.log_command:Invoked command in '/home/jetson/ros-workspace/build/ouster_srvs' returned '0': CMAKE_PREFIX_PATH=${CMAKE_PREFIX_PATH}:/opt/ros/foxy /usr/bin/cmake --build /home/jetson/ros-workspace/build/ouster_srvs -- -j4 -l4
[7.052s] DEBUG:colcon.colcon_core.event_handler.log_command:Invoked command in '/home/jetson/ros-workspace/build/pointcloud_to_laserscan' returned '0': CMAKE_PREFIX_PATH=${CMAKE_PREFIX_PATH}:/opt/ros/foxy /usr/bin/cmake /home/jetson/ros-workspace/src/pointcloud_to_laser -DCMAKE_INSTALL_PREFIX=/home/jetson/ros-workspace/install/pointcloud_to_laserscan
[7.058s] DEBUG:colcon.colcon_core.event_handler.log_command:Invoking command in '/home/jetson/ros-workspace/build/pointcloud_to_laserscan': CMAKE_PREFIX_PATH=${CMAKE_PREFIX_PATH}:/opt/ros/foxy /usr/bin/cmake --build /home/jetson/ros-workspace/build/pointcloud_to_laserscan -- -j4 -l4
[7.090s] DEBUG:colcon.colcon_core.event_handler.log_command:Invoking command in '/home/jetson/ros-workspace/build/ouster_msgs': CMAKE_PREFIX_PATH=${CMAKE_PREFIX_PATH}:/opt/ros/foxy /usr/bin/cmake --install /home/jetson/ros-workspace/build/ouster_msgs
[7.356s] DEBUG:colcon.colcon_core.event_handler.log_command:Invoking command in '/home/jetson/ros-workspace/build/ouster_srvs': CMAKE_PREFIX_PATH=${CMAKE_PREFIX_PATH}:/opt/ros/foxy /usr/bin/cmake --install /home/jetson/ros-workspace/build/ouster_srvs
[7.558s] Level 1:colcon.colcon_core.environment:create_environment_scripts_only(ouster_msgs)
[7.565s] DEBUG:colcon.colcon_core.event_handler.log_command:Invoked command in '/home/jetson/ros-workspace/build/ouster_msgs' returned '0': CMAKE_PREFIX_PATH=${CMAKE_PREFIX_PATH}:/opt/ros/foxy /usr/bin/cmake --install /home/jetson/ros-workspace/build/ouster_msgs
[7.574s] Level 1:colcon.colcon_core.environment:checking '/home/jetson/ros-workspace/install/ouster_msgs' for CMake module files
[7.588s] Level 1:colcon.colcon_core.environment:checking '/home/jetson/ros-workspace/install/ouster_msgs' for CMake config files
[7.597s] Level 1:colcon.colcon_core.shell:create_environment_hook('ouster_msgs', 'cmake_prefix_path')
[7.605s] INFO:colcon.colcon_core.shell:Creating environment hook '/home/jetson/ros-workspace/install/ouster_msgs/share/ouster_msgs/hook/cmake_prefix_path.ps1'
[7.612s] INFO:colcon.colcon_core.shell:Creating environment descriptor '/home/jetson/ros-workspace/install/ouster_msgs/share/ouster_msgs/hook/cmake_prefix_path.dsv'
[7.617s] INFO:colcon.colcon_core.shell:Creating environment hook '/home/jetson/ros-workspace/install/ouster_msgs/share/ouster_msgs/hook/cmake_prefix_path.sh'
[7.622s] Level 1:colcon.colcon_core.environment:checking '/home/jetson/ros-workspace/install/ouster_msgs/lib'
[7.622s] Level 1:colcon.colcon_core.shell:create_environment_hook('ouster_msgs', 'ld_library_path_lib')
[7.628s] INFO:colcon.colcon_core.shell:Creating environment hook '/home/jetson/ros-workspace/install/ouster_msgs/share/ouster_msgs/hook/ld_library_path_lib.ps1'
[7.632s] INFO:colcon.colcon_core.shell:Creating environment descriptor '/home/jetson/ros-workspace/install/ouster_msgs/share/ouster_msgs/hook/ld_library_path_lib.dsv'
[7.634s] INFO:colcon.colcon_core.shell:Creating environment hook '/home/jetson/ros-workspace/install/ouster_msgs/share/ouster_msgs/hook/ld_library_path_lib.sh'
[7.647s] Level 1:colcon.colcon_core.environment:checking '/home/jetson/ros-workspace/install/ouster_msgs/bin'
[7.647s] Level 1:colcon.colcon_core.environment:checking '/home/jetson/ros-workspace/install/ouster_msgs/lib/pkgconfig/ouster_msgs.pc'
[7.648s] Level 1:colcon.colcon_core.environment:checking '/home/jetson/ros-workspace/install/ouster_msgs/lib/python3.8/site-packages'
[7.649s] Level 1:colcon.colcon_core.shell:create_environment_hook('ouster_msgs', 'pythonpath')
[7.654s] INFO:colcon.colcon_core.shell:Creating environment hook '/home/jetson/ros-workspace/install/ouster_msgs/share/ouster_msgs/hook/pythonpath.ps1'
[7.656s] INFO:colcon.colcon_core.shell:Creating environment descriptor '/home/jetson/ros-workspace/install/ouster_msgs/share/ouster_msgs/hook/pythonpath.dsv'
[7.658s] INFO:colcon.colcon_core.shell:Creating environment hook '/home/jetson/ros-workspace/install/ouster_msgs/share/ouster_msgs/hook/pythonpath.sh'
[7.660s] Level 1:colcon.colcon_core.environment:checking '/home/jetson/ros-workspace/install/ouster_msgs/bin'
[7.666s] INFO:colcon.colcon_core.shell:Creating package script '/home/jetson/ros-workspace/install/ouster_msgs/share/ouster_msgs/package.ps1'
[7.670s] INFO:colcon.colcon_core.shell:Creating package descriptor '/home/jetson/ros-workspace/install/ouster_msgs/share/ouster_msgs/package.dsv'
[7.672s] INFO:colcon.colcon_core.shell:Creating package script '/home/jetson/ros-workspace/install/ouster_msgs/share/ouster_msgs/package.sh'
[7.674s] INFO:colcon.colcon_core.shell:Creating package script '/home/jetson/ros-workspace/install/ouster_msgs/share/ouster_msgs/package.bash'
[7.675s] INFO:colcon.colcon_core.shell:Creating package script '/home/jetson/ros-workspace/install/ouster_msgs/share/ouster_msgs/package.zsh'
[7.676s] Level 1:colcon.colcon_core.environment:create_file_with_runtime_dependencies(/home/jetson/ros-workspace/install/ouster_msgs/share/colcon-core/packages/ouster_msgs)
[7.706s] DEBUG:colcon.colcon_core.event_handler.log_command:Invoked command in '/home/jetson/ros-workspace/build/pointcloud_to_laserscan' returned '0': CMAKE_PREFIX_PATH=${CMAKE_PREFIX_PATH}:/opt/ros/foxy /usr/bin/cmake --build /home/jetson/ros-workspace/build/pointcloud_to_laserscan -- -j4 -l4
[7.900s] DEBUG:colcon.colcon_core.event_handler.log_command:Invoking command in '/home/jetson/ros-workspace/build/pointcloud_to_laserscan': CMAKE_PREFIX_PATH=${CMAKE_PREFIX_PATH}:/opt/ros/foxy /usr/bin/cmake --install /home/jetson/ros-workspace/build/pointcloud_to_laserscan
[7.914s] Level 1:colcon.colcon_core.environment:create_environment_scripts_only(ouster_srvs)
[7.915s] DEBUG:colcon.colcon_core.event_handler.log_command:Invoked command in '/home/jetson/ros-workspace/build/ouster_srvs' returned '0': CMAKE_PREFIX_PATH=${CMAKE_PREFIX_PATH}:/opt/ros/foxy /usr/bin/cmake --install /home/jetson/ros-workspace/build/ouster_srvs
[7.929s] Level 1:colcon.colcon_core.environment:checking '/home/jetson/ros-workspace/install/ouster_srvs' for CMake module files
[7.936s] Level 1:colcon.colcon_core.environment:checking '/home/jetson/ros-workspace/install/ouster_srvs' for CMake config files
[7.943s] Level 1:colcon.colcon_core.shell:create_environment_hook('ouster_srvs', 'cmake_prefix_path')
[7.950s] INFO:colcon.colcon_core.shell:Creating environment hook '/home/jetson/ros-workspace/install/ouster_srvs/share/ouster_srvs/hook/cmake_prefix_path.ps1'
[7.955s] INFO:colcon.colcon_core.shell:Creating environment descriptor '/home/jetson/ros-workspace/install/ouster_srvs/share/ouster_srvs/hook/cmake_prefix_path.dsv'
[7.959s] INFO:colcon.colcon_core.shell:Creating environment hook '/home/jetson/ros-workspace/install/ouster_srvs/share/ouster_srvs/hook/cmake_prefix_path.sh'
[7.964s] Level 1:colcon.colcon_core.environment:checking '/home/jetson/ros-workspace/install/ouster_srvs/lib'
[7.965s] Level 1:colcon.colcon_core.shell:create_environment_hook('ouster_srvs', 'ld_library_path_lib')
[7.971s] INFO:colcon.colcon_core.shell:Creating environment hook '/home/jetson/ros-workspace/install/ouster_srvs/share/ouster_srvs/hook/ld_library_path_lib.ps1'
[7.975s] INFO:colcon.colcon_core.shell:Creating environment descriptor '/home/jetson/ros-workspace/install/ouster_srvs/share/ouster_srvs/hook/ld_library_path_lib.dsv'
[7.980s] INFO:colcon.colcon_core.shell:Creating environment hook '/home/jetson/ros-workspace/install/ouster_srvs/share/ouster_srvs/hook/ld_library_path_lib.sh'
[7.981s] Level 1:colcon.colcon_core.environment:checking '/home/jetson/ros-workspace/install/ouster_srvs/bin'
[7.982s] Level 1:colcon.colcon_core.environment:checking '/home/jetson/ros-workspace/install/ouster_srvs/lib/pkgconfig/ouster_srvs.pc'
[7.983s] Level 1:colcon.colcon_core.environment:checking '/home/jetson/ros-workspace/install/ouster_srvs/lib/python3.8/site-packages'
[7.983s] Level 1:colcon.colcon_core.shell:create_environment_hook('ouster_srvs', 'pythonpath')
[7.988s] INFO:colcon.colcon_core.shell:Creating environment hook '/home/jetson/ros-workspace/install/ouster_srvs/share/ouster_srvs/hook/pythonpath.ps1'
[7.990s] INFO:colcon.colcon_core.shell:Creating environment descriptor '/home/jetson/ros-workspace/install/ouster_srvs/share/ouster_srvs/hook/pythonpath.dsv'
[7.991s] INFO:colcon.colcon_core.shell:Creating environment hook '/home/jetson/ros-workspace/install/ouster_srvs/share/ouster_srvs/hook/pythonpath.sh'
[7.993s] Level 1:colcon.colcon_core.environment:checking '/home/jetson/ros-workspace/install/ouster_srvs/bin'
[7.998s] INFO:colcon.colcon_core.shell:Creating package script '/home/jetson/ros-workspace/install/ouster_srvs/share/ouster_srvs/package.ps1'
[8.000s] INFO:colcon.colcon_core.shell:Creating package descriptor '/home/jetson/ros-workspace/install/ouster_srvs/share/ouster_srvs/package.dsv'
[8.003s] INFO:colcon.colcon_core.shell:Creating package script '/home/jetson/ros-workspace/install/ouster_srvs/share/ouster_srvs/package.sh'
[8.007s] INFO:colcon.colcon_core.shell:Creating package script '/home/jetson/ros-workspace/install/ouster_srvs/share/ouster_srvs/package.bash'
[8.008s] INFO:colcon.colcon_core.shell:Creating package script '/home/jetson/ros-workspace/install/ouster_srvs/share/ouster_srvs/package.zsh'
[8.009s] Level 1:colcon.colcon_core.environment:create_file_with_runtime_dependencies(/home/jetson/ros-workspace/install/ouster_srvs/share/colcon-core/packages/ouster_srvs)
[8.041s] Level 1:colcon.colcon_core.environment:create_environment_scripts_only(ouster_msgs)
[8.050s] Level 1:colcon.colcon_core.environment:checking '/home/jetson/ros-workspace/install/ouster_msgs' for CMake module files
[8.053s] Level 1:colcon.colcon_core.environment:checking '/home/jetson/ros-workspace/install/ouster_msgs' for CMake config files
[8.057s] Level 1:colcon.colcon_core.shell:create_environment_hook('ouster_msgs', 'cmake_prefix_path')
[8.062s] INFO:colcon.colcon_core.shell:Creating environment hook '/home/jetson/ros-workspace/install/ouster_msgs/share/ouster_msgs/hook/cmake_prefix_path.ps1'
[8.065s] INFO:colcon.colcon_core.shell:Creating environment descriptor '/home/jetson/ros-workspace/install/ouster_msgs/share/ouster_msgs/hook/cmake_prefix_path.dsv'
[8.067s] INFO:colcon.colcon_core.shell:Creating environment hook '/home/jetson/ros-workspace/install/ouster_msgs/share/ouster_msgs/hook/cmake_prefix_path.sh'
[8.069s] Level 1:colcon.colcon_core.environment:checking '/home/jetson/ros-workspace/install/ouster_msgs/lib'
[8.070s] Level 1:colcon.colcon_core.shell:create_environment_hook('ouster_msgs', 'ld_library_path_lib')
[8.076s] INFO:colcon.colcon_core.shell:Creating environment hook '/home/jetson/ros-workspace/install/ouster_msgs/share/ouster_msgs/hook/ld_library_path_lib.ps1'
[8.078s] INFO:colcon.colcon_core.shell:Creating environment descriptor '/home/jetson/ros-workspace/install/ouster_msgs/share/ouster_msgs/hook/ld_library_path_lib.dsv'
[8.080s] INFO:colcon.colcon_core.shell:Creating environment hook '/home/jetson/ros-workspace/install/ouster_msgs/share/ouster_msgs/hook/ld_library_path_lib.sh'
[8.081s] Level 1:colcon.colcon_core.environment:checking '/home/jetson/ros-workspace/install/ouster_msgs/bin'
[8.082s] Level 1:colcon.colcon_core.environment:checking '/home/jetson/ros-workspace/install/ouster_msgs/lib/pkgconfig/ouster_msgs.pc'
[8.083s] Level 1:colcon.colcon_core.environment:checking '/home/jetson/ros-workspace/install/ouster_msgs/lib/python3.8/site-packages'
[8.083s] Level 1:colcon.colcon_core.shell:create_environment_hook('ouster_msgs', 'pythonpath')
[8.089s] INFO:colcon.colcon_core.shell:Creating environment hook '/home/jetson/ros-workspace/install/ouster_msgs/share/ouster_msgs/hook/pythonpath.ps1'
[8.091s] INFO:colcon.colcon_core.shell:Creating environment descriptor '/home/jetson/ros-workspace/install/ouster_msgs/share/ouster_msgs/hook/pythonpath.dsv'
[8.092s] INFO:colcon.colcon_core.shell:Creating environment hook '/home/jetson/ros-workspace/install/ouster_msgs/share/ouster_msgs/hook/pythonpath.sh'
[8.094s] Level 1:colcon.colcon_core.environment:checking '/home/jetson/ros-workspace/install/ouster_msgs/bin'
[8.100s] INFO:colcon.colcon_core.shell:Creating package script '/home/jetson/ros-workspace/install/ouster_msgs/share/ouster_msgs/package.ps1'
[8.103s] INFO:colcon.colcon_core.shell:Creating package descriptor '/home/jetson/ros-workspace/install/ouster_msgs/share/ouster_msgs/package.dsv'
[8.107s] INFO:colcon.colcon_core.shell:Creating package script '/home/jetson/ros-workspace/install/ouster_msgs/share/ouster_msgs/package.sh'
[8.109s] INFO:colcon.colcon_core.shell:Creating package script '/home/jetson/ros-workspace/install/ouster_msgs/share/ouster_msgs/package.bash'
[8.111s] INFO:colcon.colcon_core.shell:Creating package script '/home/jetson/ros-workspace/install/ouster_msgs/share/ouster_msgs/package.zsh'
[8.113s] Level 1:colcon.colcon_core.environment:create_file_with_runtime_dependencies(/home/jetson/ros-workspace/install/ouster_msgs/share/colcon-core/packages/ouster_msgs)
[8.119s] Level 1:colcon.colcon_core.environment:create_environment_scripts_only(pointcloud_to_laserscan)
[8.129s] Level 1:colcon.colcon_core.environment:checking '/home/jetson/ros-workspace/install/pointcloud_to_laserscan' for CMake module files
[8.130s] DEBUG:colcon.colcon_core.event_handler.log_command:Invoked command in '/home/jetson/ros-workspace/build/pointcloud_to_laserscan' returned '0': CMAKE_PREFIX_PATH=${CMAKE_PREFIX_PATH}:/opt/ros/foxy /usr/bin/cmake --install /home/jetson/ros-workspace/build/pointcloud_to_laserscan
[8.132s] Level 1:colcon.colcon_core.environment:checking '/home/jetson/ros-workspace/install/pointcloud_to_laserscan' for CMake config files
[8.135s] Level 1:colcon.colcon_core.shell:create_environment_hook('pointcloud_to_laserscan', 'cmake_prefix_path')
[8.141s] INFO:colcon.colcon_core.shell:Creating environment hook '/home/jetson/ros-workspace/install/pointcloud_to_laserscan/share/pointcloud_to_laserscan/hook/cmake_prefix_path.ps1'
[8.143s] INFO:colcon.colcon_core.shell:Creating environment descriptor '/home/jetson/ros-workspace/install/pointcloud_to_laserscan/share/pointcloud_to_laserscan/hook/cmake_prefix_path.dsv'
[8.145s] INFO:colcon.colcon_core.shell:Creating environment hook '/home/jetson/ros-workspace/install/pointcloud_to_laserscan/share/pointcloud_to_laserscan/hook/cmake_prefix_path.sh'
[8.147s] Level 1:colcon.colcon_core.environment:checking '/home/jetson/ros-workspace/install/pointcloud_to_laserscan/lib'
[8.148s] Level 1:colcon.colcon_core.shell:create_environment_hook('pointcloud_to_laserscan', 'ld_library_path_lib')
[8.153s] INFO:colcon.colcon_core.shell:Creating environment hook '/home/jetson/ros-workspace/install/pointcloud_to_laserscan/share/pointcloud_to_laserscan/hook/ld_library_path_lib.ps1'
[8.155s] INFO:colcon.colcon_core.shell:Creating environment descriptor '/home/jetson/ros-workspace/install/pointcloud_to_laserscan/share/pointcloud_to_laserscan/hook/ld_library_path_lib.dsv'
[8.157s] INFO:colcon.colcon_core.shell:Creating environment hook '/home/jetson/ros-workspace/install/pointcloud_to_laserscan/share/pointcloud_to_laserscan/hook/ld_library_path_lib.sh'
[8.158s] Level 1:colcon.colcon_core.environment:checking '/home/jetson/ros-workspace/install/pointcloud_to_laserscan/bin'
[8.158s] Level 1:colcon.colcon_core.environment:checking '/home/jetson/ros-workspace/install/pointcloud_to_laserscan/lib/pkgconfig/pointcloud_to_laserscan.pc'
[8.159s] Level 1:colcon.colcon_core.environment:checking '/home/jetson/ros-workspace/install/pointcloud_to_laserscan/lib/python3.8/site-packages'
[8.160s] Level 1:colcon.colcon_core.environment:checking '/home/jetson/ros-workspace/install/pointcloud_to_laserscan/bin'
[8.165s] INFO:colcon.colcon_core.shell:Creating package script '/home/jetson/ros-workspace/install/pointcloud_to_laserscan/share/pointcloud_to_laserscan/package.ps1'
[8.167s] INFO:colcon.colcon_core.shell:Creating package descriptor '/home/jetson/ros-workspace/install/pointcloud_to_laserscan/share/pointcloud_to_laserscan/package.dsv'
[8.169s] INFO:colcon.colcon_core.shell:Creating package script '/home/jetson/ros-workspace/install/pointcloud_to_laserscan/share/pointcloud_to_laserscan/package.sh'
[8.171s] INFO:colcon.colcon_core.shell:Creating package script '/home/jetson/ros-workspace/install/pointcloud_to_laserscan/share/pointcloud_to_laserscan/package.bash'
[8.172s] INFO:colcon.colcon_core.shell:Creating package script '/home/jetson/ros-workspace/install/pointcloud_to_laserscan/share/pointcloud_to_laserscan/package.zsh'
[8.173s] Level 1:colcon.colcon_core.environment:create_file_with_runtime_dependencies(/home/jetson/ros-workspace/install/pointcloud_to_laserscan/share/colcon-core/packages/pointcloud_to_laserscan)
[8.350s] Level 1:colcon.colcon_core.environment:create_environment_scripts_only(pointcloud_to_laserscan)
[8.360s] Level 1:colcon.colcon_core.environment:checking '/home/jetson/ros-workspace/install/pointcloud_to_laserscan' for CMake module files
[8.363s] Level 1:colcon.colcon_core.environment:checking '/home/jetson/ros-workspace/install/pointcloud_to_laserscan' for CMake config files
[8.365s] Level 1:colcon.colcon_core.shell:create_environment_hook('pointcloud_to_laserscan', 'cmake_prefix_path')
[8.370s] INFO:colcon.colcon_core.shell:Creating environment hook '/home/jetson/ros-workspace/install/pointcloud_to_laserscan/share/pointcloud_to_laserscan/hook/cmake_prefix_path.ps1'
[8.374s] INFO:colcon.colcon_core.shell:Creating environment descriptor '/home/jetson/ros-workspace/install/pointcloud_to_laserscan/share/pointcloud_to_laserscan/hook/cmake_prefix_path.dsv'
[8.375s] INFO:colcon.colcon_core.shell:Creating environment hook '/home/jetson/ros-workspace/install/pointcloud_to_laserscan/share/pointcloud_to_laserscan/hook/cmake_prefix_path.sh'
[8.378s] Level 1:colcon.colcon_core.environment:checking '/home/jetson/ros-workspace/install/pointcloud_to_laserscan/lib'
[8.378s] Level 1:colcon.colcon_core.shell:create_environment_hook('pointcloud_to_laserscan', 'ld_library_path_lib')
[8.383s] INFO:colcon.colcon_core.shell:Creating environment hook '/home/jetson/ros-workspace/install/pointcloud_to_laserscan/share/pointcloud_to_laserscan/hook/ld_library_path_lib.ps1'
[8.385s] INFO:colcon.colcon_core.shell:Creating environment descriptor '/home/jetson/ros-workspace/install/pointcloud_to_laserscan/share/pointcloud_to_laserscan/hook/ld_library_path_lib.dsv'
[8.387s] INFO:colcon.colcon_core.shell:Creating environment hook '/home/jetson/ros-workspace/install/pointcloud_to_laserscan/share/pointcloud_to_laserscan/hook/ld_library_path_lib.sh'
[8.388s] Level 1:colcon.colcon_core.environment:checking '/home/jetson/ros-workspace/install/pointcloud_to_laserscan/bin'
[8.388s] Level 1:colcon.colcon_core.environment:checking '/home/jetson/ros-workspace/install/pointcloud_to_laserscan/lib/pkgconfig/pointcloud_to_laserscan.pc'
[8.390s] Level 1:colcon.colcon_core.environment:checking '/home/jetson/ros-workspace/install/pointcloud_to_laserscan/lib/python3.8/site-packages'
[8.390s] Level 1:colcon.colcon_core.environment:checking '/home/jetson/ros-workspace/install/pointcloud_to_laserscan/bin'
[8.396s] INFO:colcon.colcon_core.shell:Creating package script '/home/jetson/ros-workspace/install/pointcloud_to_laserscan/share/pointcloud_to_laserscan/package.ps1'
[8.399s] INFO:colcon.colcon_core.shell:Creating package descriptor '/home/jetson/ros-workspace/install/pointcloud_to_laserscan/share/pointcloud_to_laserscan/package.dsv'
[8.401s] INFO:colcon.colcon_core.shell:Creating package script '/home/jetson/ros-workspace/install/pointcloud_to_laserscan/share/pointcloud_to_laserscan/package.sh'
[8.403s] INFO:colcon.colcon_core.shell:Creating package script '/home/jetson/ros-workspace/install/pointcloud_to_laserscan/share/pointcloud_to_laserscan/package.bash'
[8.404s] INFO:colcon.colcon_core.shell:Creating package script '/home/jetson/ros-workspace/install/pointcloud_to_laserscan/share/pointcloud_to_laserscan/package.zsh'
[8.406s] Level 1:colcon.colcon_core.environment:create_file_with_runtime_dependencies(/home/jetson/ros-workspace/install/pointcloud_to_laserscan/share/colcon-core/packages/pointcloud_to_laserscan)
[8.415s] Level 1:colcon.colcon_core.environment:create_environment_scripts_only(ouster_srvs)
[8.422s] Level 1:colcon.colcon_core.environment:checking '/home/jetson/ros-workspace/install/ouster_srvs' for CMake module files
[8.426s] Level 1:colcon.colcon_core.environment:checking '/home/jetson/ros-workspace/install/ouster_srvs' for CMake config files
[8.431s] Level 1:colcon.colcon_core.shell:create_environment_hook('ouster_srvs', 'cmake_prefix_path')
[8.436s] INFO:colcon.colcon_core.shell:Creating environment hook '/home/jetson/ros-workspace/install/ouster_srvs/share/ouster_srvs/hook/cmake_prefix_path.ps1'
[8.438s] INFO:colcon.colcon_core.shell:Creating environment descriptor '/home/jetson/ros-workspace/install/ouster_srvs/share/ouster_srvs/hook/cmake_prefix_path.dsv'
[8.439s] INFO:colcon.colcon_core.shell:Creating environment hook '/home/jetson/ros-workspace/install/ouster_srvs/share/ouster_srvs/hook/cmake_prefix_path.sh'
[8.442s] Level 1:colcon.colcon_core.environment:checking '/home/jetson/ros-workspace/install/ouster_srvs/lib'
[8.442s] Level 1:colcon.colcon_core.shell:create_environment_hook('ouster_srvs', 'ld_library_path_lib')
[8.448s] INFO:colcon.colcon_core.shell:Creating environment hook '/home/jetson/ros-workspace/install/ouster_srvs/share/ouster_srvs/hook/ld_library_path_lib.ps1'
[8.450s] INFO:colcon.colcon_core.shell:Creating environment descriptor '/home/jetson/ros-workspace/install/ouster_srvs/share/ouster_srvs/hook/ld_library_path_lib.dsv'
[8.451s] INFO:colcon.colcon_core.shell:Creating environment hook '/home/jetson/ros-workspace/install/ouster_srvs/share/ouster_srvs/hook/ld_library_path_lib.sh'
[8.453s] Level 1:colcon.colcon_core.environment:checking '/home/jetson/ros-workspace/install/ouster_srvs/bin'
[8.453s] Level 1:colcon.colcon_core.environment:checking '/home/jetson/ros-workspace/install/ouster_srvs/lib/pkgconfig/ouster_srvs.pc'
[8.454s] Level 1:colcon.colcon_core.environment:checking '/home/jetson/ros-workspace/install/ouster_srvs/lib/python3.8/site-packages'
[8.454s] Level 1:colcon.colcon_core.shell:create_environment_hook('ouster_srvs', 'pythonpath')
[8.459s] INFO:colcon.colcon_core.shell:Creating environment hook '/home/jetson/ros-workspace/install/ouster_srvs/share/ouster_srvs/hook/pythonpath.ps1'
[8.460s] INFO:colcon.colcon_core.shell:Creating environment descriptor '/home/jetson/ros-workspace/install/ouster_srvs/share/ouster_srvs/hook/pythonpath.dsv'
[8.462s] INFO:colcon.colcon_core.shell:Creating environment hook '/home/jetson/ros-workspace/install/ouster_srvs/share/ouster_srvs/hook/pythonpath.sh'
[8.463s] Level 1:colcon.colcon_core.environment:checking '/home/jetson/ros-workspace/install/ouster_srvs/bin'
[8.468s] INFO:colcon.colcon_core.shell:Creating package script '/home/jetson/ros-workspace/install/ouster_srvs/share/ouster_srvs/package.ps1'
[8.471s] INFO:colcon.colcon_core.shell:Creating package descriptor '/home/jetson/ros-workspace/install/ouster_srvs/share/ouster_srvs/package.dsv'
[8.473s] INFO:colcon.colcon_core.shell:Creating package script '/home/jetson/ros-workspace/install/ouster_srvs/share/ouster_srvs/package.sh'
[8.475s] INFO:colcon.colcon_core.shell:Creating package script '/home/jetson/ros-workspace/install/ouster_srvs/share/ouster_srvs/package.bash'
[8.476s] INFO:colcon.colcon_core.shell:Creating package script '/home/jetson/ros-workspace/install/ouster_srvs/share/ouster_srvs/package.zsh'
[8.477s] Level 1:colcon.colcon_core.environment:create_file_with_runtime_dependencies(/home/jetson/ros-workspace/install/ouster_srvs/share/colcon-core/packages/ouster_srvs)
[8.479s] INFO:colcon.colcon_ros.task.ament_cmake.build:Building ROS package in '/home/jetson/ros-workspace/src/ouster-ros/ouster-ros' with build type 'ament_cmake'
[8.479s] INFO:colcon.colcon_cmake.task.cmake.build:Building CMake package in '/home/jetson/ros-workspace/src/ouster-ros/ouster-ros'
[8.484s] INFO:colcon.colcon_core.shell:Skip shell extension 'powershell' for command environment: Not usable outside of PowerShell
[8.484s] DEBUG:colcon.colcon_core.shell:Skip shell extension 'dsv' for command environment
[8.558s] DEBUG:colcon.colcon_core.event_handler.log_command:Invoking command in '/home/jetson/ros-workspace/build/ouster_ros': AMENT_PREFIX_PATH=/home/jetson/ros-workspace/install/ouster_srvs:/home/jetson/ros-workspace/install/ouster_msgs:${AMENT_PREFIX_PATH} CMAKE_PREFIX_PATH=/home/jetson/ros-workspace/install/ouster_srvs:/home/jetson/ros-workspace/install/ouster_msgs:/home/jetson/.local/lib/python3.8/site-packages/ouster:/opt/ros/foxy LD_LIBRARY_PATH=/home/jetson/ros-workspace/install/ouster_srvs/lib:/home/jetson/ros-workspace/install/ouster_msgs/lib:/opt/ros/foxy/opt/yaml_cpp_vendor/lib:/opt/ros/foxy/opt/rviz_ogre_vendor/lib:/opt/ros/foxy/lib/aarch64-linux-gnu:/opt/ros/foxy/lib:/usr/local/cuda-11.4/lib64 PYTHONPATH=/home/jetson/ros-workspace/install/ouster_srvs/lib/python3.8/site-packages:/home/jetson/ros-workspace/install/ouster_msgs/lib/python3.8/site-packages:${PYTHONPATH} /usr/bin/cmake /home/jetson/ros-workspace/src/ouster-ros/ouster-ros -DCMAKE_INSTALL_PREFIX=/home/jetson/ros-workspace/install/ouster_ros
[13.317s] DEBUG:colcon.colcon_core.event_handler.log_command:Invoked command in '/home/jetson/ros-workspace/build/ouster_ros' returned '1': AMENT_PREFIX_PATH=/home/jetson/ros-workspace/install/ouster_srvs:/home/jetson/ros-workspace/install/ouster_msgs:${AMENT_PREFIX_PATH} CMAKE_PREFIX_PATH=/home/jetson/ros-workspace/install/ouster_srvs:/home/jetson/ros-workspace/install/ouster_msgs:/home/jetson/.local/lib/python3.8/site-packages/ouster:/opt/ros/foxy LD_LIBRARY_PATH=/home/jetson/ros-workspace/install/ouster_srvs/lib:/home/jetson/ros-workspace/install/ouster_msgs/lib:/opt/ros/foxy/opt/yaml_cpp_vendor/lib:/opt/ros/foxy/opt/rviz_ogre_vendor/lib:/opt/ros/foxy/lib/aarch64-linux-gnu:/opt/ros/foxy/lib:/usr/local/cuda-11.4/lib64 PYTHONPATH=/home/jetson/ros-workspace/install/ouster_srvs/lib/python3.8/site-packages:/home/jetson/ros-workspace/install/ouster_msgs/lib/python3.8/site-packages:${PYTHONPATH} /usr/bin/cmake /home/jetson/ros-workspace/src/ouster-ros/ouster-ros -DCMAKE_INSTALL_PREFIX=/home/jetson/ros-workspace/install/ouster_ros
[13.392s] Level 1:colcon.colcon_core.environment:create_environment_scripts_only(ouster_ros)
[13.405s] Level 1:colcon.colcon_core.environment:checking '/home/jetson/ros-workspace/install/ouster_ros' for CMake module files
[13.408s] Level 1:colcon.colcon_core.environment:checking '/home/jetson/ros-workspace/install/ouster_ros' for CMake config files
[13.410s] Level 1:colcon.colcon_core.environment:checking '/home/jetson/ros-workspace/install/ouster_ros/bin'
[13.410s] Level 1:colcon.colcon_core.environment:checking '/home/jetson/ros-workspace/install/ouster_ros/lib/pkgconfig/ouster_ros.pc'
[13.411s] Level 1:colcon.colcon_core.environment:checking '/home/jetson/ros-workspace/install/ouster_ros/lib/python3.8/site-packages'
[13.412s] Level 1:colcon.colcon_core.environment:checking '/home/jetson/ros-workspace/install/ouster_ros/bin'
[13.418s] INFO:colcon.colcon_core.shell:Creating package script '/home/jetson/ros-workspace/install/ouster_ros/share/ouster_ros/package.ps1'
[13.421s] INFO:colcon.colcon_core.shell:Creating package descriptor '/home/jetson/ros-workspace/install/ouster_ros/share/ouster_ros/package.dsv'
[13.422s] INFO:colcon.colcon_core.shell:Creating package script '/home/jetson/ros-workspace/install/ouster_ros/share/ouster_ros/package.sh'
[13.423s] INFO:colcon.colcon_core.shell:Creating package script '/home/jetson/ros-workspace/install/ouster_ros/share/ouster_ros/package.bash'
[13.424s] INFO:colcon.colcon_core.shell:Creating package script '/home/jetson/ros-workspace/install/ouster_ros/share/ouster_ros/package.zsh'
[13.426s] Level 1:colcon.colcon_core.environment:create_file_with_runtime_dependencies(/home/jetson/ros-workspace/install/ouster_ros/share/colcon-core/packages/ouster_ros)
[13.438s] DEBUG:colcon.colcon_parallel_executor.executor.parallel:closing loop
[13.438s] DEBUG:colcon.colcon_parallel_executor.executor.parallel:loop closed
[13.441s] DEBUG:colcon.colcon_parallel_executor.executor.parallel:run_until_complete finished with '1'
[13.443s] DEBUG:colcon.colcon_core.event_reactor:joining thread
[13.474s] INFO:colcon.colcon_core.plugin_system:Skipping extension 'colcon_notification.desktop_notification.terminal_notifier': Not used on non-Darwin systems
[13.475s] INFO:colcon.colcon_core.plugin_system:Skipping extension 'colcon_notification.desktop_notification.win32': Not used on non-Windows systems
[13.475s] INFO:colcon.colcon_notification.desktop_notification:Sending desktop notification using 'notify2'
[13.531s] DEBUG:colcon.colcon_core.event_reactor:joined thread
[13.542s] INFO:colcon.colcon_core.shell:Creating prefix script '/home/jetson/ros-workspace/install/local_setup.ps1'
[13.547s] INFO:colcon.colcon_core.shell:Creating prefix util module '/home/jetson/ros-workspace/install/_local_setup_util_ps1.py'
[13.552s] INFO:colcon.colcon_core.shell:Creating prefix chain script '/home/jetson/ros-workspace/install/setup.ps1'
[13.559s] INFO:colcon.colcon_core.shell:Creating prefix script '/home/jetson/ros-workspace/install/local_setup.sh'
[13.562s] INFO:colcon.colcon_core.shell:Creating prefix util module '/home/jetson/ros-workspace/install/_local_setup_util_sh.py'
[13.564s] INFO:colcon.colcon_core.shell:Creating prefix chain script '/home/jetson/ros-workspace/install/setup.sh'
[13.571s] INFO:colcon.colcon_core.shell:Creating prefix script '/home/jetson/ros-workspace/install/local_setup.bash'
[13.574s] INFO:colcon.colcon_core.shell:Creating prefix chain script '/home/jetson/ros-workspace/install/setup.bash'
[13.580s] INFO:colcon.colcon_core.shell:Creating prefix script '/home/jetson/ros-workspace/install/local_setup.zsh'
[13.581s] INFO:colcon.colcon_core.shell:Creating prefix chain script '/home/jetson/ros-workspace/install/setup.zsh'
