[0.426s] Invoking command in '/home/jetson/ros-workspace/build/navigation': CMAKE_PREFIX_PATH=${CMAKE_PREFIX_PATH}:/opt/ros/foxy /usr/bin/cmake /home/jetson/ros-workspace/src/navigation -DCMAKE_BUILD_TYPE=Release -DAMENT_CMAKE_SYMLINK_INSTALL=1 -DCMAKE_INSTALL_PREFIX=/home/jetson/ros-workspace/install/navigation
[0.604s] -- Found ament_cmake: 0.9.12 (/opt/ros/foxy/share/ament_cmake/cmake)
[0.746s] -- Using PYTHON_EXECUTABLE: /usr/bin/python3
[1.834s] -- Override CMake install command with custom implementation using symlinks instead of copying resources
[1.952s] -- Found rclcpp: 2.4.3 (/opt/ros/foxy/share/rclcpp/cmake)
[2.227s] -- Using all available rosidl_typesupport_c: rosidl_typesupport_fastrtps_c;rosidl_typesupport_introspection_c
[2.255s] -- Found rosidl_adapter: 1.3.1 (/opt/ros/foxy/share/rosidl_adapter/cmake)
[3.045s] -- Using all available rosidl_typesupport_cpp: rosidl_typesupport_fastrtps_cpp;rosidl_typesupport_introspection_cpp
[3.375s] -- Found rmw_implementation_cmake: 1.0.4 (/opt/ros/foxy/share/rmw_implementation_cmake/cmake)
[3.383s] -- Using RMW implementation 'rmw_fastrtps_cpp' as default
[4.138s] -- Found nav_msgs: 2.0.5 (/opt/ros/foxy/share/nav_msgs/cmake)
[5.113s] -- Configuring done
[5.194s] -- Generating done
[5.206s] -- Build files have been written to: /home/jetson/ros-workspace/build/navigation
[5.250s] Invoked command in '/home/jetson/ros-workspace/build/navigation' returned '0': CMAKE_PREFIX_PATH=${CMAKE_PREFIX_PATH}:/opt/ros/foxy /usr/bin/cmake /home/jetson/ros-workspace/src/navigation -DCMAKE_BUILD_TYPE=Release -DAMENT_CMAKE_SYMLINK_INSTALL=1 -DCMAKE_INSTALL_PREFIX=/home/jetson/ros-workspace/install/navigation
[5.258s] Invoking command in '/home/jetson/ros-workspace/build/navigation': CMAKE_PREFIX_PATH=${CMAKE_PREFIX_PATH}:/opt/ros/foxy /usr/bin/cmake --build /home/jetson/ros-workspace/build/navigation -- -j6 -l6
[5.794s] [100%] Built target occupancy_pub
[5.892s] Invoked command in '/home/jetson/ros-workspace/build/navigation' returned '0': CMAKE_PREFIX_PATH=${CMAKE_PREFIX_PATH}:/opt/ros/foxy /usr/bin/cmake --build /home/jetson/ros-workspace/build/navigation -- -j6 -l6
[6.184s] Invoking command in '/home/jetson/ros-workspace/build/navigation': CMAKE_PREFIX_PATH=${CMAKE_PREFIX_PATH}:/opt/ros/foxy /usr/bin/cmake --install /home/jetson/ros-workspace/build/navigation
[6.270s] -- Install configuration: "Release"
[6.275s] -- Execute custom install script
[6.280s] -- Up-to-date symlink: /home/jetson/ros-workspace/install/navigation/lib/navigation/occupancy_pub
[6.287s] -- Up-to-date symlink: /home/jetson/ros-workspace/install/navigation/share/ament_index/resource_index/package_run_dependencies/navigation
[6.290s] -- Up-to-date symlink: /home/jetson/ros-workspace/install/navigation/share/ament_index/resource_index/parent_prefix_path/navigation
[6.293s] -- Up-to-date symlink: /home/jetson/ros-workspace/install/navigation/share/navigation/environment/ament_prefix_path.sh
[6.298s] -- Up-to-date symlink: /home/jetson/ros-workspace/install/navigation/share/navigation/environment/ament_prefix_path.dsv
[6.301s] -- Up-to-date symlink: /home/jetson/ros-workspace/install/navigation/share/navigation/environment/path.sh
[6.305s] -- Up-to-date symlink: /home/jetson/ros-workspace/install/navigation/share/navigation/environment/path.dsv
[6.307s] -- Up-to-date symlink: /home/jetson/ros-workspace/install/navigation/share/navigation/local_setup.bash
[6.310s] -- Up-to-date symlink: /home/jetson/ros-workspace/install/navigation/share/navigation/local_setup.sh
[6.313s] -- Up-to-date symlink: /home/jetson/ros-workspace/install/navigation/share/navigation/local_setup.zsh
[6.316s] -- Up-to-date symlink: /home/jetson/ros-workspace/install/navigation/share/navigation/local_setup.dsv
[6.321s] -- Symlinking: /home/jetson/ros-workspace/install/navigation/share/navigation/package.dsv
[6.396s] -- Up-to-date symlink: /home/jetson/ros-workspace/install/navigation/share/ament_index/resource_index/packages/navigation
[6.398s] -- Up-to-date symlink: /home/jetson/ros-workspace/install/navigation/share/navigation/cmake/navigationConfig.cmake
[6.400s] -- Up-to-date symlink: /home/jetson/ros-workspace/install/navigation/share/navigation/cmake/navigationConfig-version.cmake
[6.412s] -- Up-to-date symlink: /home/jetson/ros-workspace/install/navigation/share/navigation/package.xml
[6.503s] Invoked command in '/home/jetson/ros-workspace/build/navigation' returned '0': CMAKE_PREFIX_PATH=${CMAKE_PREFIX_PATH}:/opt/ros/foxy /usr/bin/cmake --install /home/jetson/ros-workspace/build/navigation
