[0.277s] Invoking command in '/home/jetson/ros-workspace/build/ros2_esp32': CMAKE_PREFIX_PATH=${CMAKE_PREFIX_PATH}:/home/jetson/ros-workspace/install/urdf_tutorial_r2d2:/opt/ros/foxy /usr/bin/cmake /home/jetson/ros-workspace/src/ros2_esp32 -DCMAKE_INSTALL_PREFIX=/home/jetson/ros-workspace/install/ros2_esp32
[0.391s] -- Found ament_cmake: 0.9.12 (/opt/ros/foxy/share/ament_cmake/cmake)
[0.559s] -- Using PYTHON_EXECUTABLE: /usr/bin/python3
[1.713s] -- Override CMake install command with custom implementation using symlinks instead of copying resources
[1.777s] -- Found rclcpp: 2.4.3 (/opt/ros/foxy/share/rclcpp/cmake)
[2.046s] -- Using all available rosidl_typesupport_c: rosidl_typesupport_fastrtps_c;rosidl_typesupport_introspection_c
[2.089s] -- Found rosidl_adapter: 1.3.1 (/opt/ros/foxy/share/rosidl_adapter/cmake)
[3.220s] -- Using all available rosidl_typesupport_cpp: rosidl_typesupport_fastrtps_cpp;rosidl_typesupport_introspection_cpp
[3.605s] -- Found rmw_implementation_cmake: 1.0.4 (/opt/ros/foxy/share/rmw_implementation_cmake/cmake)
[3.618s] -- Using RMW implementation 'rmw_fastrtps_cpp' as default
[5.142s] -- Configuring done
[5.238s] -- Generating done
[5.251s] -- Build files have been written to: /home/jetson/ros-workspace/build/ros2_esp32
[5.297s] Invoked command in '/home/jetson/ros-workspace/build/ros2_esp32' returned '0': CMAKE_PREFIX_PATH=${CMAKE_PREFIX_PATH}:/home/jetson/ros-workspace/install/urdf_tutorial_r2d2:/opt/ros/foxy /usr/bin/cmake /home/jetson/ros-workspace/src/ros2_esp32 -DCMAKE_INSTALL_PREFIX=/home/jetson/ros-workspace/install/ros2_esp32
[5.321s] Invoking command in '/home/jetson/ros-workspace/build/ros2_esp32': CMAKE_PREFIX_PATH=${CMAKE_PREFIX_PATH}:/home/jetson/ros-workspace/install/urdf_tutorial_r2d2:/opt/ros/foxy /usr/bin/cmake --build /home/jetson/ros-workspace/build/ros2_esp32 -- -j6 -l6
[5.791s] [ 50%] Built target string_publisher
[5.804s] [100%] Built target integer_publisher
[5.894s] Invoked command in '/home/jetson/ros-workspace/build/ros2_esp32' returned '0': CMAKE_PREFIX_PATH=${CMAKE_PREFIX_PATH}:/home/jetson/ros-workspace/install/urdf_tutorial_r2d2:/opt/ros/foxy /usr/bin/cmake --build /home/jetson/ros-workspace/build/ros2_esp32 -- -j6 -l6
[6.389s] Invoking command in '/home/jetson/ros-workspace/build/ros2_esp32': CMAKE_PREFIX_PATH=${CMAKE_PREFIX_PATH}:/home/jetson/ros-workspace/install/urdf_tutorial_r2d2:/opt/ros/foxy /usr/bin/cmake --install /home/jetson/ros-workspace/build/ros2_esp32
[6.463s] -- Install configuration: "Release"
[6.465s] -- Execute custom install script
[6.470s] -- Up-to-date symlink: /home/jetson/ros-workspace/install/ros2_esp32/lib/ros2_esp32/integer_publisher
[6.473s] -- Up-to-date symlink: /home/jetson/ros-workspace/install/ros2_esp32/lib/ros2_esp32/string_publisher
[6.476s] -- Up-to-date symlink: /home/jetson/ros-workspace/install/ros2_esp32/share/ament_index/resource_index/package_run_dependencies/ros2_esp32
[6.478s] -- Up-to-date symlink: /home/jetson/ros-workspace/install/ros2_esp32/share/ament_index/resource_index/parent_prefix_path/ros2_esp32
[6.483s] -- Up-to-date symlink: /home/jetson/ros-workspace/install/ros2_esp32/share/ros2_esp32/environment/ament_prefix_path.sh
[6.484s] -- Up-to-date symlink: /home/jetson/ros-workspace/install/ros2_esp32/share/ros2_esp32/environment/ament_prefix_path.dsv
[6.487s] -- Up-to-date symlink: /home/jetson/ros-workspace/install/ros2_esp32/share/ros2_esp32/environment/path.sh
[6.489s] -- Up-to-date symlink: /home/jetson/ros-workspace/install/ros2_esp32/share/ros2_esp32/environment/path.dsv
[6.496s] -- Up-to-date symlink: /home/jetson/ros-workspace/install/ros2_esp32/share/ros2_esp32/local_setup.bash
[6.502s] -- Up-to-date symlink: /home/jetson/ros-workspace/install/ros2_esp32/share/ros2_esp32/local_setup.sh
[6.508s] -- Up-to-date symlink: /home/jetson/ros-workspace/install/ros2_esp32/share/ros2_esp32/local_setup.zsh
[6.510s] -- Up-to-date symlink: /home/jetson/ros-workspace/install/ros2_esp32/share/ros2_esp32/local_setup.dsv
[6.512s] -- Symlinking: /home/jetson/ros-workspace/install/ros2_esp32/share/ros2_esp32/package.dsv
[6.598s] -- Up-to-date symlink: /home/jetson/ros-workspace/install/ros2_esp32/share/ament_index/resource_index/packages/ros2_esp32
[6.602s] -- Up-to-date symlink: /home/jetson/ros-workspace/install/ros2_esp32/share/ros2_esp32/cmake/ros2_esp32Config.cmake
[6.604s] -- Up-to-date symlink: /home/jetson/ros-workspace/install/ros2_esp32/share/ros2_esp32/cmake/ros2_esp32Config-version.cmake
[6.610s] -- Up-to-date symlink: /home/jetson/ros-workspace/install/ros2_esp32/share/ros2_esp32/package.xml
[6.625s] Invoked command in '/home/jetson/ros-workspace/build/ros2_esp32' returned '0': CMAKE_PREFIX_PATH=${CMAKE_PREFIX_PATH}:/home/jetson/ros-workspace/install/urdf_tutorial_r2d2:/opt/ros/foxy /usr/bin/cmake --install /home/jetson/ros-workspace/build/ros2_esp32
