[0.039s] Invoking command in '/home/uocav/ros-workspace/build/ouster_ros': CMAKE_PREFIX_PATH=/home/uocav/ros-workspace/install/ouster_srvs:/home/uocav/ros-workspace/install/ouster_msgs:/home/uocav/ros-workspace/install/ros2_esp32:/home/uocav/ros-workspace/install/pointcloud_to_laserscan:/home/uocav/ros-workspace/install/ouster_ros:/home/uocav/ros-workspace/install/navigation:/home/uocav/ros-workspace/install/mini_bot_description:/home/uocav/ros-workspace/install/micro_ros_setup:/home/uocav/ros-workspace/install/urdf_tutorial_r2d2:/opt/ros/foxy LD_LIBRARY_PATH=/home/uocav/ros-workspace/install/ouster_srvs/lib:/home/uocav/ros-workspace/install/ouster_msgs/lib:/home/uocav/ros-workspace/install/pointcloud_to_laserscan/lib:/home/uocav/ros-workspace/install/ouster_ros/lib:/usr/lib/x86_64-linux-gnu/gazebo-11/plugins:/opt/ros/foxy/opt/yaml_cpp_vendor/lib:/opt/ros/foxy/opt/rviz_ogre_vendor/lib:/opt/ros/foxy/lib/x86_64-linux-gnu:/opt/ros/foxy/lib PYTHONPATH=/home/uocav/ros-workspace/install/ouster_srvs/lib/python3.8/site-packages:/home/uocav/ros-workspace/install/ouster_msgs/lib/python3.8/site-packages:/home/uocav/ros-workspace/install/urdf_tutorial_r2d2/lib/python3.8/site-packages:/opt/ros/foxy/lib/python3.8/site-packages /usr/bin/cmake --build /home/uocav/ros-workspace/build/ouster_ros -- -j6 -l6
[0.208s] [  5%] Built target os_sensor
[0.217s] [ 17%] Built target os_cloud
[0.217s] [ 17%] Built target os_image
[0.217s] [34m[1mGenerating build info header[0m
[0.219s] [ 23%] Built target os_replay
[0.247s] [ 23%] Built target ouster_generate_header
[0.351s] [ 58%] Built target ouster_client
[0.393s] [ 64%] Built target ouster_ros_library
[0.531s] [ 82%] Built target os_cloud_component
[0.531s] [ 79%] Built target os_replay_component
[0.534s] [ 91%] Built target os_image_component
[0.535s] [100%] Built target os_sensor_component
[0.550s] Invoked command in '/home/uocav/ros-workspace/build/ouster_ros' returned '0': CMAKE_PREFIX_PATH=/home/uocav/ros-workspace/install/ouster_srvs:/home/uocav/ros-workspace/install/ouster_msgs:/home/uocav/ros-workspace/install/ros2_esp32:/home/uocav/ros-workspace/install/pointcloud_to_laserscan:/home/uocav/ros-workspace/install/ouster_ros:/home/uocav/ros-workspace/install/navigation:/home/uocav/ros-workspace/install/mini_bot_description:/home/uocav/ros-workspace/install/micro_ros_setup:/home/uocav/ros-workspace/install/urdf_tutorial_r2d2:/opt/ros/foxy LD_LIBRARY_PATH=/home/uocav/ros-workspace/install/ouster_srvs/lib:/home/uocav/ros-workspace/install/ouster_msgs/lib:/home/uocav/ros-workspace/install/pointcloud_to_laserscan/lib:/home/uocav/ros-workspace/install/ouster_ros/lib:/usr/lib/x86_64-linux-gnu/gazebo-11/plugins:/opt/ros/foxy/opt/yaml_cpp_vendor/lib:/opt/ros/foxy/opt/rviz_ogre_vendor/lib:/opt/ros/foxy/lib/x86_64-linux-gnu:/opt/ros/foxy/lib PYTHONPATH=/home/uocav/ros-workspace/install/ouster_srvs/lib/python3.8/site-packages:/home/uocav/ros-workspace/install/ouster_msgs/lib/python3.8/site-packages:/home/uocav/ros-workspace/install/urdf_tutorial_r2d2/lib/python3.8/site-packages:/opt/ros/foxy/lib/python3.8/site-packages /usr/bin/cmake --build /home/uocav/ros-workspace/build/ouster_ros -- -j6 -l6
[0.714s] Invoking command in '/home/uocav/ros-workspace/build/ouster_ros': CMAKE_PREFIX_PATH=/home/uocav/ros-workspace/install/ouster_srvs:/home/uocav/ros-workspace/install/ouster_msgs:/home/uocav/ros-workspace/install/ros2_esp32:/home/uocav/ros-workspace/install/pointcloud_to_laserscan:/home/uocav/ros-workspace/install/ouster_ros:/home/uocav/ros-workspace/install/navigation:/home/uocav/ros-workspace/install/mini_bot_description:/home/uocav/ros-workspace/install/micro_ros_setup:/home/uocav/ros-workspace/install/urdf_tutorial_r2d2:/opt/ros/foxy LD_LIBRARY_PATH=/home/uocav/ros-workspace/install/ouster_srvs/lib:/home/uocav/ros-workspace/install/ouster_msgs/lib:/home/uocav/ros-workspace/install/pointcloud_to_laserscan/lib:/home/uocav/ros-workspace/install/ouster_ros/lib:/usr/lib/x86_64-linux-gnu/gazebo-11/plugins:/opt/ros/foxy/opt/yaml_cpp_vendor/lib:/opt/ros/foxy/opt/rviz_ogre_vendor/lib:/opt/ros/foxy/lib/x86_64-linux-gnu:/opt/ros/foxy/lib PYTHONPATH=/home/uocav/ros-workspace/install/ouster_srvs/lib/python3.8/site-packages:/home/uocav/ros-workspace/install/ouster_msgs/lib/python3.8/site-packages:/home/uocav/ros-workspace/install/urdf_tutorial_r2d2/lib/python3.8/site-packages:/opt/ros/foxy/lib/python3.8/site-packages /usr/bin/cmake --install /home/uocav/ros-workspace/build/ouster_ros
[0.724s] -- Install configuration: "Release"
[0.724s] -- Execute custom install script
[0.724s] -- Up-to-date symlink: /home/uocav/ros-workspace/install/ouster_ros/include/ouster/impl/build.h
[0.725s] -- Up-to-date symlink: /home/uocav/ros-workspace/install/ouster_ros/include/ouster/buffered_udp_source.h
[0.725s] -- Up-to-date symlink: /home/uocav/ros-workspace/install/ouster_ros/include/ouster/client.h
[0.725s] -- Up-to-date symlink: /home/uocav/ros-workspace/install/ouster_ros/include/ouster/image_processing.h
[0.725s] -- Up-to-date symlink: /home/uocav/ros-workspace/install/ouster_ros/include/ouster/impl/cartesian.h
[0.725s] -- Up-to-date symlink: /home/uocav/ros-workspace/install/ouster_ros/include/ouster/impl/lidar_scan_impl.h
[0.725s] -- Up-to-date symlink: /home/uocav/ros-workspace/install/ouster_ros/include/ouster/lidar_scan.h
[0.726s] -- Up-to-date symlink: /home/uocav/ros-workspace/install/ouster_ros/include/ouster/sensor_http.h
[0.726s] -- Up-to-date symlink: /home/uocav/ros-workspace/install/ouster_ros/include/ouster/types.h
[0.726s] -- Up-to-date symlink: /home/uocav/ros-workspace/install/ouster_ros/include/ouster/version.h
[0.726s] -- Up-to-date symlink: /home/uocav/ros-workspace/install/ouster_ros/include/optional-lite/nonstd/optional.hpp
[0.726s] -- Up-to-date symlink: /home/uocav/ros-workspace/install/ouster_ros/lib/cmake/OusterSDK/OusterSDKConfig.cmake
[0.726s] -- Up-to-date symlink: /home/uocav/ros-workspace/install/ouster_ros/lib/cmake/OusterSDK/OusterSDKConfigVersion.cmake
[0.727s] -- Up-to-date symlink: /home/uocav/ros-workspace/install/ouster_ros/share/LICENSE
[0.727s] -- Up-to-date symlink: /home/uocav/ros-workspace/install/ouster_ros/share/LICENSE-bin
[0.727s] -- Up-to-date symlink: /home/uocav/ros-workspace/install/ouster_ros/lib/ouster_ros/os_sensor
[0.727s] -- Up-to-date symlink: /home/uocav/ros-workspace/install/ouster_ros/lib/ouster_ros/os_replay
[0.728s] -- Up-to-date symlink: /home/uocav/ros-workspace/install/ouster_ros/lib/ouster_ros/os_cloud
[0.728s] -- Up-to-date symlink: /home/uocav/ros-workspace/install/ouster_ros/lib/ouster_ros/os_image
[0.728s] -- Up-to-date symlink: /home/uocav/ros-workspace/install/ouster_ros/lib/libouster_ros_library.so
[0.729s] -- Up-to-date symlink: /home/uocav/ros-workspace/install/ouster_ros/lib/libos_sensor_component.so
[0.729s] -- Up-to-date symlink: /home/uocav/ros-workspace/install/ouster_ros/lib/libos_replay_component.so
[0.729s] -- Up-to-date symlink: /home/uocav/ros-workspace/install/ouster_ros/lib/libos_cloud_component.so
[0.729s] -- Up-to-date symlink: /home/uocav/ros-workspace/install/ouster_ros/lib/libos_image_component.so
[0.732s] -- Up-to-date symlink: /home/uocav/ros-workspace/install/ouster_ros/include/ouster_ros/include/ouster_ros/os_point.h
[0.732s] -- Up-to-date symlink: /home/uocav/ros-workspace/install/ouster_ros/include/ouster_ros/include/ouster_ros/os_processing_node_base.h
[0.733s] -- Up-to-date symlink: /home/uocav/ros-workspace/install/ouster_ros/include/ouster_ros/include/ouster_ros/os_ros.h
[0.733s] -- Up-to-date symlink: /home/uocav/ros-workspace/install/ouster_ros/include/ouster_ros/include/ouster_ros/os_sensor_node_base.h
[0.733s] -- Up-to-date symlink: /home/uocav/ros-workspace/install/ouster_ros/include/ouster_ros/include/ouster_ros/visibility_control.h
[0.734s] -- Up-to-date symlink: /home/uocav/ros-workspace/install/ouster_ros/include/ouster_ros/include/optional-lite/nonstd/optional.hpp
[0.734s] -- Up-to-date symlink: /home/uocav/ros-workspace/install/ouster_ros/include/ouster_ros/include/ouster/buffered_udp_source.h
[0.735s] -- Up-to-date symlink: /home/uocav/ros-workspace/install/ouster_ros/include/ouster_ros/include/ouster/client.h
[0.735s] -- Up-to-date symlink: /home/uocav/ros-workspace/install/ouster_ros/include/ouster_ros/include/ouster/image_processing.h
[0.735s] -- Up-to-date symlink: /home/uocav/ros-workspace/install/ouster_ros/include/ouster_ros/include/ouster/impl/cartesian.h
[0.735s] -- Up-to-date symlink: /home/uocav/ros-workspace/install/ouster_ros/include/ouster_ros/include/ouster/impl/lidar_scan_impl.h
[0.736s] -- Up-to-date symlink: /home/uocav/ros-workspace/install/ouster_ros/include/ouster_ros/include/ouster/lidar_scan.h
[0.736s] -- Up-to-date symlink: /home/uocav/ros-workspace/install/ouster_ros/include/ouster_ros/include/ouster/sensor_http.h
[0.736s] -- Up-to-date symlink: /home/uocav/ros-workspace/install/ouster_ros/include/ouster_ros/include/ouster/types.h
[0.737s] -- Up-to-date symlink: /home/uocav/ros-workspace/install/ouster_ros/include/ouster_ros/include/ouster/version.h
[0.737s] -- Up-to-date symlink: /home/uocav/ros-workspace/install/ouster_ros/include/ouster_ros/optional-lite/nonstd/optional.hpp
[0.738s] -- Up-to-date symlink: /home/uocav/ros-workspace/install/ouster_ros/share/ouster_ros/LICENSE
[0.739s] -- Up-to-date symlink: /home/uocav/ros-workspace/install/ouster_ros/share/ouster_ros/launch/record.independent.launch.xml
[0.739s] -- Up-to-date symlink: /home/uocav/ros-workspace/install/ouster_ros/share/ouster_ros/launch/record.launch.xml
[0.739s] -- Up-to-date symlink: /home/uocav/ros-workspace/install/ouster_ros/share/ouster_ros/launch/replay.independent.launch.xml
[0.739s] -- Up-to-date symlink: /home/uocav/ros-workspace/install/ouster_ros/share/ouster_ros/launch/replay.launch.xml
[0.740s] -- Up-to-date symlink: /home/uocav/ros-workspace/install/ouster_ros/share/ouster_ros/launch/rviz.launch.py
[0.740s] -- Up-to-date symlink: /home/uocav/ros-workspace/install/ouster_ros/share/ouster_ros/launch/rviz.launch.xml
[0.740s] -- Up-to-date symlink: /home/uocav/ros-workspace/install/ouster_ros/share/ouster_ros/launch/sensor.composite.launch.py
[0.740s] -- Up-to-date symlink: /home/uocav/ros-workspace/install/ouster_ros/share/ouster_ros/launch/sensor.composite.launch.xml
[0.740s] -- Up-to-date symlink: /home/uocav/ros-workspace/install/ouster_ros/share/ouster_ros/launch/sensor.independent.launch.py
[0.740s] -- Up-to-date symlink: /home/uocav/ros-workspace/install/ouster_ros/share/ouster_ros/launch/sensor.independent.launch.xml
[0.740s] -- Up-to-date symlink: /home/uocav/ros-workspace/install/ouster_ros/share/ouster_ros/launch/sensor.launch.xml
[0.741s] -- Up-to-date symlink: /home/uocav/ros-workspace/install/ouster_ros/share/ouster_ros/launch/sensor_mtp.launch.xml
[0.741s] -- Up-to-date symlink: /home/uocav/ros-workspace/install/ouster_ros/share/ouster_ros/config/metadata-qos-override.yaml
[0.741s] -- Up-to-date symlink: /home/uocav/ros-workspace/install/ouster_ros/share/ouster_ros/config/parameters.yaml
[0.741s] -- Up-to-date symlink: /home/uocav/ros-workspace/install/ouster_ros/share/ouster_ros/config/viz.rviz
[0.741s] -- Up-to-date symlink: /home/uocav/ros-workspace/install/ouster_ros/share/ouster_ros/environment/library_path.sh
[0.741s] -- Up-to-date symlink: /home/uocav/ros-workspace/install/ouster_ros/share/ouster_ros/environment/library_path.dsv
[0.741s] -- Up-to-date symlink: /home/uocav/ros-workspace/install/ouster_ros/share/ament_index/resource_index/package_run_dependencies/ouster_ros
[0.742s] -- Up-to-date symlink: /home/uocav/ros-workspace/install/ouster_ros/share/ament_index/resource_index/parent_prefix_path/ouster_ros
[0.742s] -- Up-to-date symlink: /home/uocav/ros-workspace/install/ouster_ros/share/ouster_ros/environment/ament_prefix_path.sh
[0.742s] -- Up-to-date symlink: /home/uocav/ros-workspace/install/ouster_ros/share/ouster_ros/environment/ament_prefix_path.dsv
[0.742s] -- Up-to-date symlink: /home/uocav/ros-workspace/install/ouster_ros/share/ouster_ros/environment/path.sh
[0.742s] -- Up-to-date symlink: /home/uocav/ros-workspace/install/ouster_ros/share/ouster_ros/environment/path.dsv
[0.742s] -- Up-to-date symlink: /home/uocav/ros-workspace/install/ouster_ros/share/ouster_ros/local_setup.bash
[0.743s] -- Up-to-date symlink: /home/uocav/ros-workspace/install/ouster_ros/share/ouster_ros/local_setup.sh
[0.743s] -- Up-to-date symlink: /home/uocav/ros-workspace/install/ouster_ros/share/ouster_ros/local_setup.zsh
[0.743s] -- Up-to-date symlink: /home/uocav/ros-workspace/install/ouster_ros/share/ouster_ros/local_setup.dsv
[0.743s] -- Symlinking: /home/uocav/ros-workspace/install/ouster_ros/share/ouster_ros/package.dsv
[0.771s] -- Up-to-date symlink: /home/uocav/ros-workspace/install/ouster_ros/share/ament_index/resource_index/packages/ouster_ros
[0.773s] -- Up-to-date symlink: /home/uocav/ros-workspace/install/ouster_ros/share/ament_index/resource_index/rclcpp_components/ouster_ros
[0.775s] -- Up-to-date symlink: /home/uocav/ros-workspace/install/ouster_ros/share/ouster_ros/cmake/ament_cmake_export_include_directories-extras.cmake
[0.777s] -- Up-to-date symlink: /home/uocav/ros-workspace/install/ouster_ros/share/ouster_ros/cmake/ament_cmake_export_dependencies-extras.cmake
[0.782s] -- Up-to-date symlink: /home/uocav/ros-workspace/install/ouster_ros/share/ouster_ros/cmake/ament_cmake_export_libraries-extras.cmake
[0.783s] -- Up-to-date symlink: /home/uocav/ros-workspace/install/ouster_ros/share/ouster_ros/cmake/ouster_rosConfig.cmake
[0.785s] -- Up-to-date symlink: /home/uocav/ros-workspace/install/ouster_ros/share/ouster_ros/cmake/ouster_rosConfig-version.cmake
[0.787s] -- Up-to-date symlink: /home/uocav/ros-workspace/install/ouster_ros/share/ouster_ros/package.xml
[0.813s] Invoked command in '/home/uocav/ros-workspace/build/ouster_ros' returned '0': CMAKE_PREFIX_PATH=/home/uocav/ros-workspace/install/ouster_srvs:/home/uocav/ros-workspace/install/ouster_msgs:/home/uocav/ros-workspace/install/ros2_esp32:/home/uocav/ros-workspace/install/pointcloud_to_laserscan:/home/uocav/ros-workspace/install/ouster_ros:/home/uocav/ros-workspace/install/navigation:/home/uocav/ros-workspace/install/mini_bot_description:/home/uocav/ros-workspace/install/micro_ros_setup:/home/uocav/ros-workspace/install/urdf_tutorial_r2d2:/opt/ros/foxy LD_LIBRARY_PATH=/home/uocav/ros-workspace/install/ouster_srvs/lib:/home/uocav/ros-workspace/install/ouster_msgs/lib:/home/uocav/ros-workspace/install/pointcloud_to_laserscan/lib:/home/uocav/ros-workspace/install/ouster_ros/lib:/usr/lib/x86_64-linux-gnu/gazebo-11/plugins:/opt/ros/foxy/opt/yaml_cpp_vendor/lib:/opt/ros/foxy/opt/rviz_ogre_vendor/lib:/opt/ros/foxy/lib/x86_64-linux-gnu:/opt/ros/foxy/lib PYTHONPATH=/home/uocav/ros-workspace/install/ouster_srvs/lib/python3.8/site-packages:/home/uocav/ros-workspace/install/ouster_msgs/lib/python3.8/site-packages:/home/uocav/ros-workspace/install/urdf_tutorial_r2d2/lib/python3.8/site-packages:/opt/ros/foxy/lib/python3.8/site-packages /usr/bin/cmake --install /home/uocav/ros-workspace/build/ouster_ros
