[0.410s] Invoking command in '/home/jetson/ros-workspace/build/ros2_esp32': CMAKE_PREFIX_PATH=${CMAKE_PREFIX_PATH}:/home/jetson/ros-workspace/install/urdf_tutorial_r2d2:/opt/ros/foxy /usr/bin/cmake --build /home/jetson/ros-workspace/build/ros2_esp32 -- -j6 -l6
[0.939s] [ 50%] Built target string_publisher
[0.976s] [100%] Built target integer_publisher
[2.244s] Invoked command in '/home/jetson/ros-workspace/build/ros2_esp32' returned '0': CMAKE_PREFIX_PATH=${CMAKE_PREFIX_PATH}:/home/jetson/ros-workspace/install/urdf_tutorial_r2d2:/opt/ros/foxy /usr/bin/cmake --build /home/jetson/ros-workspace/build/ros2_esp32 -- -j6 -l6
[2.506s] Invoking command in '/home/jetson/ros-workspace/build/ros2_esp32': CMAKE_PREFIX_PATH=${CMAKE_PREFIX_PATH}:/home/jetson/ros-workspace/install/urdf_tutorial_r2d2:/opt/ros/foxy /usr/bin/cmake --install /home/jetson/ros-workspace/build/ros2_esp32
[2.544s] -- Install configuration: "Release"
[2.547s] -- Execute custom install script
[2.554s] -- Up-to-date symlink: /home/jetson/ros-workspace/install/ros2_esp32/lib/ros2_esp32/integer_publisher
[2.558s] -- Up-to-date symlink: /home/jetson/ros-workspace/install/ros2_esp32/lib/ros2_esp32/string_publisher
[2.561s] -- Up-to-date symlink: /home/jetson/ros-workspace/install/ros2_esp32/share/ament_index/resource_index/package_run_dependencies/ros2_esp32
[2.564s] -- Up-to-date symlink: /home/jetson/ros-workspace/install/ros2_esp32/share/ament_index/resource_index/parent_prefix_path/ros2_esp32
[2.566s] -- Up-to-date symlink: /home/jetson/ros-workspace/install/ros2_esp32/share/ros2_esp32/environment/ament_prefix_path.sh
[2.568s] -- Up-to-date symlink: /home/jetson/ros-workspace/install/ros2_esp32/share/ros2_esp32/environment/ament_prefix_path.dsv
[2.571s] -- Up-to-date symlink: /home/jetson/ros-workspace/install/ros2_esp32/share/ros2_esp32/environment/path.sh
[2.574s] -- Up-to-date symlink: /home/jetson/ros-workspace/install/ros2_esp32/share/ros2_esp32/environment/path.dsv
[2.576s] -- Up-to-date symlink: /home/jetson/ros-workspace/install/ros2_esp32/share/ros2_esp32/local_setup.bash
[2.578s] -- Up-to-date symlink: /home/jetson/ros-workspace/install/ros2_esp32/share/ros2_esp32/local_setup.sh
[2.581s] -- Up-to-date symlink: /home/jetson/ros-workspace/install/ros2_esp32/share/ros2_esp32/local_setup.zsh
[2.583s] -- Up-to-date symlink: /home/jetson/ros-workspace/install/ros2_esp32/share/ros2_esp32/local_setup.dsv
[2.585s] -- Symlinking: /home/jetson/ros-workspace/install/ros2_esp32/share/ros2_esp32/package.dsv
[2.654s] -- Up-to-date symlink: /home/jetson/ros-workspace/install/ros2_esp32/share/ament_index/resource_index/packages/ros2_esp32
[2.658s] -- Up-to-date symlink: /home/jetson/ros-workspace/install/ros2_esp32/share/ros2_esp32/cmake/ros2_esp32Config.cmake
[2.660s] -- Up-to-date symlink: /home/jetson/ros-workspace/install/ros2_esp32/share/ros2_esp32/cmake/ros2_esp32Config-version.cmake
[2.662s] -- Up-to-date symlink: /home/jetson/ros-workspace/install/ros2_esp32/share/ros2_esp32/package.xml
[2.691s] Invoked command in '/home/jetson/ros-workspace/build/ros2_esp32' returned '0': CMAKE_PREFIX_PATH=${CMAKE_PREFIX_PATH}:/home/jetson/ros-workspace/install/urdf_tutorial_r2d2:/opt/ros/foxy /usr/bin/cmake --install /home/jetson/ros-workspace/build/ros2_esp32
