[0.083s] Invoking command in '/home/uocav/ros-workspace/build/sbg_driver': CMAKE_PREFIX_PATH=${CMAKE_PREFIX_PATH}:/home/uocav/ros-workspace/install/urdf_tutorial_r2d2:/opt/ros/foxy /usr/bin/cmake /home/uocav/ros-workspace/src/sbg_ros2_driver -DCMAKE_INSTALL_PREFIX=/home/uocav/ros-workspace/install/sbg_driver
[0.113s] -- Found ament_cmake: 0.9.12 (/opt/ros/foxy/share/ament_cmake/cmake)
[0.179s] -- Found PythonInterp: /usr/bin/python3 (found suitable version "3.8.10", minimum required is "3") 
[0.179s] -- Using PYTHON_EXECUTABLE: /usr/bin/python3
[0.437s] -- Found rclcpp: 2.4.3 (/opt/ros/foxy/share/rclcpp/cmake)
[0.488s] -- Using all available rosidl_typesupport_c: rosidl_typesupport_fastrtps_c;rosidl_typesupport_introspection_c
[0.493s] -- Found rosidl_adapter: 1.3.1 (/opt/ros/foxy/share/rosidl_adapter/cmake)
[0.700s] -- Using all available rosidl_typesupport_cpp: rosidl_typesupport_fastrtps_cpp;rosidl_typesupport_introspection_cpp
[0.775s] -- Found rmw_implementation_cmake: 1.0.4 (/opt/ros/foxy/share/rmw_implementation_cmake/cmake)
[0.775s] -- Using RMW implementation 'rmw_fastrtps_cpp' as default
[0.986s] -- Found sensor_msgs: 2.0.5 (/opt/ros/foxy/share/sensor_msgs/cmake)
[1.158s] -- Found std_srvs: 2.0.5 (/opt/ros/foxy/share/std_srvs/cmake)
[1.171s] -- Found rosidl_default_generators: 1.0.1 (/opt/ros/foxy/share/rosidl_default_generators/cmake)
[1.185s] -- Found nav_msgs: 2.0.5 (/opt/ros/foxy/share/nav_msgs/cmake)
[1.292s] -- Found tf2_ros: 0.13.14 (/opt/ros/foxy/share/tf2_ros/cmake)
[1.776s] -- Found tf2_geometry_msgs: 0.13.14 (/opt/ros/foxy/share/tf2_geometry_msgs/cmake)
[1.785s] -- Found eigen3_cmake_module: 0.1.1 (/opt/ros/foxy/share/eigen3_cmake_module/cmake)
[1.876s] -- Found PythonInterp: /usr/bin/python3 (found version "3.8.10") 
[2.359s] -- Found ament_cmake_ros: 0.9.2 (/opt/ros/foxy/share/ament_cmake_ros/cmake)
[2.734s] -- Using all available rosidl_typesupport_c: rosidl_typesupport_fastrtps_c;rosidl_typesupport_introspection_c
[2.904s] -- Using all available rosidl_typesupport_cpp: rosidl_typesupport_fastrtps_cpp;rosidl_typesupport_introspection_cpp
[2.949s] -- Found PythonInterp: /usr/bin/python3 (found suitable version "3.8.10", minimum required is "3.5") 
[2.949s] -- Found python_cmake_module: 0.8.1 (/opt/ros/foxy/share/python_cmake_module/cmake)
[2.993s] -- Using PYTHON_EXECUTABLE: /usr/bin/python3
[2.993s] -- Using PYTHON_INCLUDE_DIRS: /usr/include/python3.8
[2.994s] -- Using PYTHON_LIBRARIES: /usr/lib/x86_64-linux-gnu/libpython3.8.so
[3.092s] CMake Error at CMakeLists.txt:122 (rosidl_get_typesupport_target):
[3.092s]   Unknown CMake command "rosidl_get_typesupport_target".
[3.092s] 
[3.092s] 
[3.096s] -- Configuring incomplete, errors occurred!
[3.096s] See also "/home/uocav/ros-workspace/build/sbg_driver/CMakeFiles/CMakeOutput.log".
[3.096s] See also "/home/uocav/ros-workspace/build/sbg_driver/CMakeFiles/CMakeError.log".
[3.111s] Invoked command in '/home/uocav/ros-workspace/build/sbg_driver' returned '1': CMAKE_PREFIX_PATH=${CMAKE_PREFIX_PATH}:/home/uocav/ros-workspace/install/urdf_tutorial_r2d2:/opt/ros/foxy /usr/bin/cmake /home/uocav/ros-workspace/src/sbg_ros2_driver -DCMAKE_INSTALL_PREFIX=/home/uocav/ros-workspace/install/sbg_driver
