[0.097s] Invoking command in '/home/uocav/ros-workspace/build/ouster_msgs': CMAKE_PREFIX_PATH=${CMAKE_PREFIX_PATH}:/home/uocav/ros-workspace/install/urdf_tutorial_r2d2:/opt/ros/foxy /usr/bin/cmake --build /home/uocav/ros-workspace/build/ouster_msgs -- -j6 -l6
[0.167s] [  3%] [34m[1mGenerating C code for ROS interfaces[0m
[0.167s] [35m[1mScanning dependencies of target ouster_msgs__cpp[0m
[0.189s] [  6%] [34m[1mGenerating C++ code for ROS interfaces[0m
[0.509s] [35m[1mScanning dependencies of target ouster_msgs__rosidl_generator_c[0m
[0.531s] [  6%] Built target ouster_msgs__cpp
[0.535s] [  9%] [32mBuilding C object CMakeFiles/ouster_msgs__rosidl_generator_c.dir/rosidl_generator_c/ouster_msgs/msg/detail/packet_msg__functions.c.o[0m
[0.547s] [ 12%] [34m[1mGenerating C++ type support for eProsima Fast-RTPS[0m
[0.550s] [ 16%] [34m[1mGenerating C++ introspection for ROS interfaces[0m
[0.550s] [ 19%] [34m[1mGenerating C++ type support dispatch for ROS interfaces[0m
[0.767s] [ 22%] [32m[1mLinking C shared library libouster_msgs__rosidl_generator_c.so[0m
[0.826s] [35m[1mScanning dependencies of target ouster_msgs__rosidl_typesupport_cpp[0m
[0.844s] [ 22%] Built target ouster_msgs__rosidl_generator_c
[0.845s] [ 25%] [32mBuilding CXX object CMakeFiles/ouster_msgs__rosidl_typesupport_cpp.dir/rosidl_typesupport_cpp/ouster_msgs/msg/packet_msg__type_support.cpp.o[0m
[0.863s] [ 29%] [34m[1mGenerating C type support dispatch for ROS interfaces[0m
[0.864s] [ 32%] [34m[1mGenerating C introspection for ROS interfaces[0m
[0.883s] [35m[1mScanning dependencies of target ouster_msgs__rosidl_typesupport_introspection_cpp[0m
[0.889s] [35m[1mScanning dependencies of target ouster_msgs__rosidl_typesupport_fastrtps_cpp[0m
[0.907s] [ 35%] [32mBuilding CXX object CMakeFiles/ouster_msgs__rosidl_typesupport_introspection_cpp.dir/rosidl_typesupport_introspection_cpp/ouster_msgs/msg/detail/packet_msg__type_support.cpp.o[0m
[0.915s] [ 38%] [32mBuilding CXX object CMakeFiles/ouster_msgs__rosidl_typesupport_fastrtps_cpp.dir/rosidl_typesupport_fastrtps_cpp/ouster_msgs/msg/detail/dds_fastrtps/packet_msg__type_support.cpp.o[0m
[1.184s] [35m[1mScanning dependencies of target ouster_msgs__rosidl_typesupport_c[0m
[1.199s] [35m[1mScanning dependencies of target ouster_msgs__rosidl_typesupport_introspection_c[0m
[1.206s] [ 41%] [32mBuilding CXX object CMakeFiles/ouster_msgs__rosidl_typesupport_c.dir/rosidl_typesupport_c/ouster_msgs/msg/packet_msg__type_support.cpp.o[0m
[1.225s] [ 45%] [32mBuilding C object CMakeFiles/ouster_msgs__rosidl_typesupport_introspection_c.dir/rosidl_typesupport_introspection_c/ouster_msgs/msg/detail/packet_msg__type_support.c.o[0m
[1.279s] [ 48%] [32m[1mLinking CXX shared library libouster_msgs__rosidl_typesupport_c.so[0m
[1.288s] [ 51%] [32m[1mLinking C shared library libouster_msgs__rosidl_typesupport_introspection_c.so[0m
[1.346s] [ 51%] Built target ouster_msgs__rosidl_typesupport_introspection_c
[1.346s] [ 51%] Built target ouster_msgs__rosidl_typesupport_c
[1.359s] [ 54%] [32m[1mLinking CXX shared library libouster_msgs__rosidl_typesupport_cpp.so[0m
[1.419s] [ 54%] Built target ouster_msgs__rosidl_typesupport_cpp
[1.453s] [ 58%] [32m[1mLinking CXX shared library libouster_msgs__rosidl_typesupport_introspection_cpp.so[0m
[1.570s] [ 58%] Built target ouster_msgs__rosidl_typesupport_introspection_cpp
[1.591s] [ 61%] [32m[1mLinking CXX shared library libouster_msgs__rosidl_typesupport_fastrtps_cpp.so[0m
[1.649s] /usr/bin/ld: cannot find -lOpenSSL::SSL
[1.649s] /usr/bin/ld: cannot find -lOpenSSL::Crypto
[1.649s] /usr/bin/ld: cannot find -lOpenSSL::SSL
[1.649s] /usr/bin/ld: cannot find -lOpenSSL::Crypto
[1.650s] collect2: error: ld returned 1 exit status
[1.652s] make[2]: *** [CMakeFiles/ouster_msgs__rosidl_typesupport_fastrtps_cpp.dir/build.make:108: libouster_msgs__rosidl_typesupport_fastrtps_cpp.so] Error 1
[1.652s] make[1]: *** [CMakeFiles/Makefile2:274: CMakeFiles/ouster_msgs__rosidl_typesupport_fastrtps_cpp.dir/all] Error 2
[1.652s] make: *** [Makefile:141: all] Error 2
