[0.223s] Invoking command in '/home/uocav/ros-workspace/build/sbg_driver': CMAKE_PREFIX_PATH=${CMAKE_PREFIX_PATH}:/home/uocav/ros-workspace/install/urdf_tutorial_r2d2:/opt/ros/foxy /usr/bin/cmake /home/uocav/ros-workspace/src/sbg_ros2_driver -DCMAKE_INSTALL_PREFIX=/home/uocav/ros-workspace/install/sbg_driver
[0.247s] -- Found ament_cmake: 0.9.12 (/opt/ros/foxy/share/ament_cmake/cmake)
[0.278s] -- Using PYTHON_EXECUTABLE: /usr/bin/python3
[0.625s] -- Found rclcpp: 2.4.3 (/opt/ros/foxy/share/rclcpp/cmake)
[0.658s] -- Using all available rosidl_typesupport_c: rosidl_typesupport_fastrtps_c;rosidl_typesupport_introspection_c
[0.659s] -- Found rosidl_adapter: 1.3.1 (/opt/ros/foxy/share/rosidl_adapter/cmake)
[1.013s] -- Using all available rosidl_typesupport_cpp: rosidl_typesupport_fastrtps_cpp;rosidl_typesupport_introspection_cpp
[1.078s] -- Found rmw_implementation_cmake: 1.0.4 (/opt/ros/foxy/share/rmw_implementation_cmake/cmake)
[1.095s] -- Using RMW implementation 'rmw_fastrtps_cpp' as default
[1.527s] -- Found sensor_msgs: 2.0.5 (/opt/ros/foxy/share/sensor_msgs/cmake)
[1.739s] -- Found std_srvs: 2.0.5 (/opt/ros/foxy/share/std_srvs/cmake)
[1.747s] -- Found rosidl_default_generators: 1.0.1 (/opt/ros/foxy/share/rosidl_default_generators/cmake)
[1.756s] -- Found nav_msgs: 2.0.5 (/opt/ros/foxy/share/nav_msgs/cmake)
[2.025s] -- Found tf2_ros: 0.13.14 (/opt/ros/foxy/share/tf2_ros/cmake)
[2.680s] -- Found tf2_geometry_msgs: 0.13.14 (/opt/ros/foxy/share/tf2_geometry_msgs/cmake)
[2.733s] -- Found eigen3_cmake_module: 0.1.1 (/opt/ros/foxy/share/eigen3_cmake_module/cmake)
[2.812s] -- Found PythonInterp: /usr/bin/python3 (found version "3.8.10") 
[3.297s] -- Found ament_cmake_ros: 0.9.2 (/opt/ros/foxy/share/ament_cmake_ros/cmake)
[3.609s] -- Using all available rosidl_typesupport_c: rosidl_typesupport_fastrtps_c;rosidl_typesupport_introspection_c
[3.782s] -- Using all available rosidl_typesupport_cpp: rosidl_typesupport_fastrtps_cpp;rosidl_typesupport_introspection_cpp
[3.814s] -- Found PythonInterp: /usr/bin/python3 (found suitable version "3.8.10", minimum required is "3.5") 
[3.814s] -- Found python_cmake_module: 0.8.1 (/opt/ros/foxy/share/python_cmake_module/cmake)
[3.852s] -- Using PYTHON_EXECUTABLE: /usr/bin/python3
[3.852s] -- Using PYTHON_INCLUDE_DIRS: /usr/include/python3.8
[3.852s] -- Using PYTHON_LIBRARIES: /usr/lib/x86_64-linux-gnu/libpython3.8.so
[3.912s] CMake Error at CMakeLists.txt:122 (rosidl_get_typesupport_target):
[3.912s]   Unknown CMake command "rosidl_get_typesupport_target".
[3.913s] 
[3.913s] 
[3.915s] -- Configuring incomplete, errors occurred!
[3.915s] See also "/home/uocav/ros-workspace/build/sbg_driver/CMakeFiles/CMakeOutput.log".
[3.915s] See also "/home/uocav/ros-workspace/build/sbg_driver/CMakeFiles/CMakeError.log".
[3.924s] Invoked command in '/home/uocav/ros-workspace/build/sbg_driver' returned '1': CMAKE_PREFIX_PATH=${CMAKE_PREFIX_PATH}:/home/uocav/ros-workspace/install/urdf_tutorial_r2d2:/opt/ros/foxy /usr/bin/cmake /home/uocav/ros-workspace/src/sbg_ros2_driver -DCMAKE_INSTALL_PREFIX=/home/uocav/ros-workspace/install/sbg_driver
