[0.217s] Invoking command in '/home/uocav/ros-workspace/build/mini_bot_description': CMAKE_PREFIX_PATH=${CMAKE_PREFIX_PATH}:/opt/ros/humble:/home/uocav/ros-workspace/install/urdf_tutorial_r2d2:/opt/ros/foxy /usr/bin/cmake --build /home/uocav/ros-workspace/build/mini_bot_description -- -j6 -l6
[0.246s] Invoked command in '/home/uocav/ros-workspace/build/mini_bot_description' returned '0': CMAKE_PREFIX_PATH=${CMAKE_PREFIX_PATH}:/opt/ros/humble:/home/uocav/ros-workspace/install/urdf_tutorial_r2d2:/opt/ros/foxy /usr/bin/cmake --build /home/uocav/ros-workspace/build/mini_bot_description -- -j6 -l6
[0.286s] Invoking command in '/home/uocav/ros-workspace/build/mini_bot_description': CMAKE_PREFIX_PATH=${CMAKE_PREFIX_PATH}:/opt/ros/humble:/home/uocav/ros-workspace/install/urdf_tutorial_r2d2:/opt/ros/foxy /usr/bin/cmake --install /home/uocav/ros-workspace/build/mini_bot_description
[0.292s] -- Install configuration: ""
[0.292s] -- Up-to-date: /home/uocav/ros-workspace/install/mini_bot_description/share/mini_bot_description/src
[0.292s] -- Up-to-date: /home/uocav/ros-workspace/install/mini_bot_description/share/mini_bot_description/src/description
[0.292s] -- Up-to-date: /home/uocav/ros-workspace/install/mini_bot_description/share/mini_bot_description/src/description/prototype.urdf
[0.292s] -- Up-to-date: /home/uocav/ros-workspace/install/mini_bot_description/share/mini_bot_description/launch
[0.292s] -- Up-to-date: /home/uocav/ros-workspace/install/mini_bot_description/share/mini_bot_description/launch/display.launch.py
[0.292s] -- Up-to-date: /home/uocav/ros-workspace/install/mini_bot_description/share/mini_bot_description/launch/robot_state.launch.py
[0.292s] -- Up-to-date: /home/uocav/ros-workspace/install/mini_bot_description/share/mini_bot_description/rviz
[0.293s] -- Up-to-date: /home/uocav/ros-workspace/install/mini_bot_description/share/mini_bot_description/rviz/urdf_config.rviz
[0.293s] -- Up-to-date: /home/uocav/ros-workspace/install/mini_bot_description/share/ament_index/resource_index/package_run_dependencies/mini_bot_description
[0.293s] -- Up-to-date: /home/uocav/ros-workspace/install/mini_bot_description/share/ament_index/resource_index/parent_prefix_path/mini_bot_description
[0.293s] -- Up-to-date: /home/uocav/ros-workspace/install/mini_bot_description/share/mini_bot_description/environment/ament_prefix_path.sh
[0.293s] -- Up-to-date: /home/uocav/ros-workspace/install/mini_bot_description/share/mini_bot_description/environment/ament_prefix_path.dsv
[0.293s] -- Up-to-date: /home/uocav/ros-workspace/install/mini_bot_description/share/mini_bot_description/environment/path.sh
[0.293s] -- Up-to-date: /home/uocav/ros-workspace/install/mini_bot_description/share/mini_bot_description/environment/path.dsv
[0.293s] -- Up-to-date: /home/uocav/ros-workspace/install/mini_bot_description/share/mini_bot_description/local_setup.bash
[0.293s] -- Up-to-date: /home/uocav/ros-workspace/install/mini_bot_description/share/mini_bot_description/local_setup.sh
[0.293s] -- Up-to-date: /home/uocav/ros-workspace/install/mini_bot_description/share/mini_bot_description/local_setup.zsh
[0.293s] -- Up-to-date: /home/uocav/ros-workspace/install/mini_bot_description/share/mini_bot_description/local_setup.dsv
[0.293s] -- Installing: /home/uocav/ros-workspace/install/mini_bot_description/share/mini_bot_description/package.dsv
[0.293s] -- Up-to-date: /home/uocav/ros-workspace/install/mini_bot_description/share/ament_index/resource_index/packages/mini_bot_description
[0.293s] -- Up-to-date: /home/uocav/ros-workspace/install/mini_bot_description/share/mini_bot_description/cmake/mini_bot_descriptionConfig.cmake
[0.293s] -- Up-to-date: /home/uocav/ros-workspace/install/mini_bot_description/share/mini_bot_description/cmake/mini_bot_descriptionConfig-version.cmake
[0.293s] -- Up-to-date: /home/uocav/ros-workspace/install/mini_bot_description/share/mini_bot_description/package.xml
[0.294s] Invoked command in '/home/uocav/ros-workspace/build/mini_bot_description' returned '0': CMAKE_PREFIX_PATH=${CMAKE_PREFIX_PATH}:/opt/ros/humble:/home/uocav/ros-workspace/install/urdf_tutorial_r2d2:/opt/ros/foxy /usr/bin/cmake --install /home/uocav/ros-workspace/build/mini_bot_description
