[0.590s] Invoking command in '/home/uocav/ros-workspace/build/urdf_tutorial_r2d2': PYTHONPATH=/home/uocav/ros-workspace/build/urdf_tutorial_r2d2/prefix_override:/home/uocav/ros-workspace/install/urdf_tutorial_r2d2/lib/python3.8/site-packages:${PYTHONPATH} /usr/bin/python3 setup.py develop --uninstall --editable --build-directory /home/uocav/ros-workspace/build/urdf_tutorial_r2d2/build
[0.763s] running develop
[0.902s] Invoked command in '/home/uocav/ros-workspace/build/urdf_tutorial_r2d2' returned '0': PYTHONPATH=/home/uocav/ros-workspace/build/urdf_tutorial_r2d2/prefix_override:/home/uocav/ros-workspace/install/urdf_tutorial_r2d2/lib/python3.8/site-packages:${PYTHONPATH} /usr/bin/python3 setup.py develop --uninstall --editable --build-directory /home/uocav/ros-workspace/build/urdf_tutorial_r2d2/build
[0.902s] Invoking command in '/home/uocav/ros-workspace/src/urdf_tutorial_r2d2': PYTHONPATH=/home/uocav/ros-workspace/build/urdf_tutorial_r2d2/prefix_override:/home/uocav/ros-workspace/install/urdf_tutorial_r2d2/lib/python3.8/site-packages:${PYTHONPATH} /usr/bin/python3 setup.py egg_info --egg-base ../../build/urdf_tutorial_r2d2 build --build-base /home/uocav/ros-workspace/build/urdf_tutorial_r2d2/build install --record /home/uocav/ros-workspace/build/urdf_tutorial_r2d2/install.log --install-scripts $base/lib/urdf_tutorial_r2d2 --single-version-externally-managed
[1.069s] running egg_info
[1.069s] writing ../../build/urdf_tutorial_r2d2/urdf_tutorial_r2d2.egg-info/PKG-INFO
[1.070s] writing dependency_links to ../../build/urdf_tutorial_r2d2/urdf_tutorial_r2d2.egg-info/dependency_links.txt
[1.070s] writing entry points to ../../build/urdf_tutorial_r2d2/urdf_tutorial_r2d2.egg-info/entry_points.txt
[1.070s] writing requirements to ../../build/urdf_tutorial_r2d2/urdf_tutorial_r2d2.egg-info/requires.txt
[1.070s] writing top-level names to ../../build/urdf_tutorial_r2d2/urdf_tutorial_r2d2.egg-info/top_level.txt
[1.098s] reading manifest file '../../build/urdf_tutorial_r2d2/urdf_tutorial_r2d2.egg-info/SOURCES.txt'
[1.099s] writing manifest file '../../build/urdf_tutorial_r2d2/urdf_tutorial_r2d2.egg-info/SOURCES.txt'
[1.099s] running build
[1.099s] running build_py
[1.099s] running install
[1.100s] running install_lib
[1.101s] running install_data
[1.101s] running install_egg_info
[1.103s] removing '/home/uocav/ros-workspace/install/urdf_tutorial_r2d2/lib/python3.8/site-packages/urdf_tutorial_r2d2-0.0.0-py3.8.egg-info' (and everything under it)
[1.103s] Copying ../../build/urdf_tutorial_r2d2/urdf_tutorial_r2d2.egg-info to /home/uocav/ros-workspace/install/urdf_tutorial_r2d2/lib/python3.8/site-packages/urdf_tutorial_r2d2-0.0.0-py3.8.egg-info
[1.103s] running install_scripts
[1.117s] Installing state_publisher script to /home/uocav/ros-workspace/install/urdf_tutorial_r2d2/lib/urdf_tutorial_r2d2
[1.117s] writing list of installed files to '/home/uocav/ros-workspace/build/urdf_tutorial_r2d2/install.log'
[1.148s] Invoked command in '/home/uocav/ros-workspace/src/urdf_tutorial_r2d2' returned '0': PYTHONPATH=/home/uocav/ros-workspace/build/urdf_tutorial_r2d2/prefix_override:/home/uocav/ros-workspace/install/urdf_tutorial_r2d2/lib/python3.8/site-packages:${PYTHONPATH} /usr/bin/python3 setup.py egg_info --egg-base ../../build/urdf_tutorial_r2d2 build --build-base /home/uocav/ros-workspace/build/urdf_tutorial_r2d2/build install --record /home/uocav/ros-workspace/build/urdf_tutorial_r2d2/install.log --install-scripts $base/lib/urdf_tutorial_r2d2 --single-version-externally-managed
