[0.018s] Invoking command in '/home/uocav/ros-workspace/build/pointcloud_to_laserscan': CMAKE_PREFIX_PATH=${CMAKE_PREFIX_PATH}:/home/uocav/ros-workspace/install/urdf_tutorial_r2d2:/opt/ros/foxy /usr/bin/cmake --build /home/uocav/ros-workspace/build/pointcloud_to_laserscan -- -j6 -l6
[1.191s] -- Found ament_cmake: 0.9.12 (/opt/ros/foxy/share/ament_cmake/cmake)
[1.191s] -- Using PYTHON_EXECUTABLE: /usr/bin/python3
[1.191s] -- Override CMake install command with custom implementation using symlinks instead of copying resources
[1.191s] -- Found laser_geometry: 2.2.0 (/opt/ros/foxy/share/laser_geometry/cmake)
[1.191s] -- Found message_filters: 3.2.7 (/opt/ros/foxy/share/message_filters/cmake)
[1.191s] -- Found rclcpp: 2.4.3 (/opt/ros/foxy/share/rclcpp/cmake)
[1.191s] -- Using all available rosidl_typesupport_c: rosidl_typesupport_fastrtps_c;rosidl_typesupport_introspection_c
[1.191s] -- Found rosidl_adapter: 1.3.1 (/opt/ros/foxy/share/rosidl_adapter/cmake)
[1.191s] -- Using all available rosidl_typesupport_cpp: rosidl_typesupport_fastrtps_cpp;rosidl_typesupport_introspection_cpp
[1.191s] -- Found rmw_implementation_cmake: 1.0.4 (/opt/ros/foxy/share/rmw_implementation_cmake/cmake)
[1.191s] -- Using RMW implementation 'rmw_fastrtps_cpp' as default
[1.192s] -- Found rclcpp_components: 2.4.3 (/opt/ros/foxy/share/rclcpp_components/cmake)
[1.192s] -- Found sensor_msgs: 2.0.5 (/opt/ros/foxy/share/sensor_msgs/cmake)
[1.192s] -- Found tf2: 0.13.14 (/opt/ros/foxy/share/tf2/cmake)
[1.192s] -- Found tf2_ros: 0.13.14 (/opt/ros/foxy/share/tf2_ros/cmake)
[1.527s] -- Found tf2_sensor_msgs: 0.13.14 (/opt/ros/foxy/share/tf2_sensor_msgs/cmake)
[1.592s] -- Found ament_lint_auto: 0.9.8 (/opt/ros/foxy/share/ament_lint_auto/cmake)
[1.701s] -- Added test 'cppcheck' to perform static code analysis on C / C++ code
[1.702s] -- Configured cppcheck include dirs: /home/uocav/ros-workspace/src/pointcloud_to_laser/include
[1.702s] -- Configured cppcheck exclude dirs and/or files: 
[1.703s] -- Added test 'cpplint' to check C / C++ code against the Google style
[1.703s] -- Configured cpplint exclude dirs and/or files: 
[1.704s] -- Added test 'flake8' to check Python code syntax and style conventions
[1.705s] -- Added test 'lint_cmake' to check CMake code style
[1.706s] -- Added test 'pep257' to check Python code against some of the style conventions in PEP 257
[1.707s] -- Added test 'uncrustify' to check C / C++ code style
[1.707s] -- Configured uncrustify additional arguments: 
[1.708s] -- Added test 'xmllint' to check XML markup files
[1.716s] -- Configuring done
[1.787s] -- Generating done
[1.790s] -- Build files have been written to: /home/uocav/ros-workspace/build/pointcloud_to_laserscan
[1.879s] [35m[1mScanning dependencies of target pointcloud_to_laserscan_node[0m
[1.897s] [35m[1mScanning dependencies of target laserscan_to_pointcloud_node[0m
[1.958s] [ 20%] Built target laserscan_to_pointcloud
[1.965s] [ 50%] Built target pointcloud_to_laserscan
[1.965s] [ 50%] [32mBuilding CXX object CMakeFiles/pointcloud_to_laserscan_node.dir/rclcpp_components/node_main_pointcloud_to_laserscan_node.cpp.o[0m
[1.965s] [ 70%] Built target dummy_pointcloud_publisher
[1.966s] [ 80%] [32mBuilding CXX object CMakeFiles/laserscan_to_pointcloud_node.dir/rclcpp_components/node_main_laserscan_to_pointcloud_node.cpp.o[0m
[5.263s] [ 90%] [32m[1mLinking CXX executable laserscan_to_pointcloud_node[0m
[5.330s] [100%] [32m[1mLinking CXX executable pointcloud_to_laserscan_node[0m
[5.470s] [100%] Built target laserscan_to_pointcloud_node
[5.490s] [100%] Built target pointcloud_to_laserscan_node
