[1.503s] DEBUG:colcon:Command line arguments: ['/usr/bin/colcon', 'build', '--packages-select', 'ros2_esp32']
[1.504s] DEBUG:colcon:Parsed command line arguments: Namespace(allow_overriding=[], ament_cmake_args=None, base_paths=['.'], build_base='build', catkin_cmake_args=None, catkin_skip_building_tests=False, cmake_args=None, cmake_clean_cache=False, cmake_clean_first=False, cmake_force_configure=False, cmake_target=None, cmake_target_skip_unavailable=False, continue_on_error=False, event_handlers=None, executor='parallel', ignore_user_meta=False, install_base='install', log_base=None, log_level=None, main=<bound method BuildVerb.main of <colcon_core.verb.build.BuildVerb object at 0xffffabfb9550>>, merge_install=False, metas=['./colcon.meta'], packages_above=None, packages_above_and_dependencies=None, packages_above_depth=None, packages_end=None, packages_ignore=None, packages_ignore_regex=None, packages_select=['ros2_esp32'], packages_select_build_failed=False, packages_select_by_dep=None, packages_select_regex=None, packages_select_test_failures=False, packages_skip=None, packages_skip_build_finished=False, packages_skip_by_dep=None, packages_skip_regex=None, packages_skip_test_passed=False, packages_skip_up_to=None, packages_start=None, packages_up_to=None, packages_up_to_regex=None, parallel_workers=6, paths=None, symlink_install=False, test_result_base=None, verb_extension=<colcon_core.verb.build.BuildVerb object at 0xffffabfb9550>, verb_name='build', verb_parser=<colcon_defaults.argument_parser.defaults.DefaultArgumentsDecorator object at 0xffffabfb9a90>)
[1.629s] Level 1:colcon.colcon_core.package_discovery:discover_packages(colcon_meta) check parameters
[1.629s] Level 1:colcon.colcon_core.package_discovery:discover_packages(recursive) check parameters
[1.630s] Level 1:colcon.colcon_core.package_discovery:discover_packages(ignore) check parameters
[1.630s] Level 1:colcon.colcon_core.package_discovery:discover_packages(path) check parameters
[1.630s] Level 1:colcon.colcon_core.package_discovery:discover_packages(colcon_meta) discover
[1.630s] Level 1:colcon.colcon_core.package_discovery:discover_packages(recursive) discover
[1.631s] INFO:colcon.colcon_core.package_discovery:Crawling recursively for packages in '/home/jetson/ros-workspace'
[1.631s] Level 1:colcon.colcon_core.package_identification:_identify(.) by extensions ['ignore', 'ignore_ament_install']
[1.632s] Level 1:colcon.colcon_core.package_identification:_identify(.) by extension 'ignore'
[1.632s] Level 1:colcon.colcon_core.package_identification:_identify(.) by extension 'ignore_ament_install'
[1.632s] Level 1:colcon.colcon_core.package_identification:_identify(.) by extensions ['colcon_pkg']
[1.633s] Level 1:colcon.colcon_core.package_identification:_identify(.) by extension 'colcon_pkg'
[1.633s] Level 1:colcon.colcon_core.package_identification:_identify(.) by extensions ['colcon_meta']
[1.633s] Level 1:colcon.colcon_core.package_identification:_identify(.) by extension 'colcon_meta'
[1.633s] Level 1:colcon.colcon_core.package_identification:_identify(.) by extensions ['ros']
[1.633s] Level 1:colcon.colcon_core.package_identification:_identify(.) by extension 'ros'
[1.726s] Level 1:colcon.colcon_core.package_identification:_identify(.) by extensions ['cmake', 'python']
[1.726s] Level 1:colcon.colcon_core.package_identification:_identify(.) by extension 'cmake'
[1.726s] Level 1:colcon.colcon_core.package_identification:_identify(.) by extension 'python'
[1.727s] Level 1:colcon.colcon_core.package_identification:_identify(.) by extensions ['python_setup_py']
[1.727s] Level 1:colcon.colcon_core.package_identification:_identify(.) by extension 'python_setup_py'
[1.727s] Level 1:colcon.colcon_core.package_identification:_identify(build) by extensions ['ignore', 'ignore_ament_install']
[1.728s] Level 1:colcon.colcon_core.package_identification:_identify(build) by extension 'ignore'
[1.728s] Level 1:colcon.colcon_core.package_identification:_identify(build) ignored
[1.729s] Level 1:colcon.colcon_core.package_identification:_identify(install) by extensions ['ignore', 'ignore_ament_install']
[1.729s] Level 1:colcon.colcon_core.package_identification:_identify(install) by extension 'ignore'
[1.730s] Level 1:colcon.colcon_core.package_identification:_identify(install) ignored
[1.730s] Level 1:colcon.colcon_core.package_identification:_identify(launch) by extensions ['ignore', 'ignore_ament_install']
[1.730s] Level 1:colcon.colcon_core.package_identification:_identify(launch) by extension 'ignore'
[1.731s] Level 1:colcon.colcon_core.package_identification:_identify(launch) by extension 'ignore_ament_install'
[1.731s] Level 1:colcon.colcon_core.package_identification:_identify(launch) by extensions ['colcon_pkg']
[1.731s] Level 1:colcon.colcon_core.package_identification:_identify(launch) by extension 'colcon_pkg'
[1.731s] Level 1:colcon.colcon_core.package_identification:_identify(launch) by extensions ['colcon_meta']
[1.731s] Level 1:colcon.colcon_core.package_identification:_identify(launch) by extension 'colcon_meta'
[1.732s] Level 1:colcon.colcon_core.package_identification:_identify(launch) by extensions ['ros']
[1.732s] Level 1:colcon.colcon_core.package_identification:_identify(launch) by extension 'ros'
[1.732s] Level 1:colcon.colcon_core.package_identification:_identify(launch) by extensions ['cmake', 'python']
[1.732s] Level 1:colcon.colcon_core.package_identification:_identify(launch) by extension 'cmake'
[1.733s] Level 1:colcon.colcon_core.package_identification:_identify(launch) by extension 'python'
[1.733s] Level 1:colcon.colcon_core.package_identification:_identify(launch) by extensions ['python_setup_py']
[1.733s] Level 1:colcon.colcon_core.package_identification:_identify(launch) by extension 'python_setup_py'
[1.734s] Level 1:colcon.colcon_core.package_identification:_identify(log) by extensions ['ignore', 'ignore_ament_install']
[1.734s] Level 1:colcon.colcon_core.package_identification:_identify(log) by extension 'ignore'
[1.734s] Level 1:colcon.colcon_core.package_identification:_identify(log) ignored
[1.735s] Level 1:colcon.colcon_core.package_identification:_identify(src) by extensions ['ignore', 'ignore_ament_install']
[1.735s] Level 1:colcon.colcon_core.package_identification:_identify(src) by extension 'ignore'
[1.735s] Level 1:colcon.colcon_core.package_identification:_identify(src) by extension 'ignore_ament_install'
[1.736s] Level 1:colcon.colcon_core.package_identification:_identify(src) by extensions ['colcon_pkg']
[1.736s] Level 1:colcon.colcon_core.package_identification:_identify(src) by extension 'colcon_pkg'
[1.736s] Level 1:colcon.colcon_core.package_identification:_identify(src) by extensions ['colcon_meta']
[1.736s] Level 1:colcon.colcon_core.package_identification:_identify(src) by extension 'colcon_meta'
[1.737s] Level 1:colcon.colcon_core.package_identification:_identify(src) by extensions ['ros']
[1.737s] Level 1:colcon.colcon_core.package_identification:_identify(src) by extension 'ros'
[1.737s] Level 1:colcon.colcon_core.package_identification:_identify(src) by extensions ['cmake', 'python']
[1.737s] Level 1:colcon.colcon_core.package_identification:_identify(src) by extension 'cmake'
[1.738s] Level 1:colcon.colcon_core.package_identification:_identify(src) by extension 'python'
[1.738s] Level 1:colcon.colcon_core.package_identification:_identify(src) by extensions ['python_setup_py']
[1.738s] Level 1:colcon.colcon_core.package_identification:_identify(src) by extension 'python_setup_py'
[1.739s] Level 1:colcon.colcon_core.package_identification:_identify(src/micro_ros_setup) by extensions ['ignore', 'ignore_ament_install']
[1.739s] Level 1:colcon.colcon_core.package_identification:_identify(src/micro_ros_setup) by extension 'ignore'
[1.739s] Level 1:colcon.colcon_core.package_identification:_identify(src/micro_ros_setup) by extension 'ignore_ament_install'
[1.740s] Level 1:colcon.colcon_core.package_identification:_identify(src/micro_ros_setup) by extensions ['colcon_pkg']
[1.740s] Level 1:colcon.colcon_core.package_identification:_identify(src/micro_ros_setup) by extension 'colcon_pkg'
[1.740s] Level 1:colcon.colcon_core.package_identification:_identify(src/micro_ros_setup) by extensions ['colcon_meta']
[1.740s] Level 1:colcon.colcon_core.package_identification:_identify(src/micro_ros_setup) by extension 'colcon_meta'
[1.740s] Level 1:colcon.colcon_core.package_identification:_identify(src/micro_ros_setup) by extensions ['ros']
[1.741s] Level 1:colcon.colcon_core.package_identification:_identify(src/micro_ros_setup) by extension 'ros'
[1.753s] DEBUG:colcon.colcon_core.package_identification:Package 'src/micro_ros_setup' with type 'ros.ament_cmake' and name 'micro_ros_setup'
[1.754s] Level 1:colcon.colcon_core.package_identification:_identify(src/navigation) by extensions ['ignore', 'ignore_ament_install']
[1.754s] Level 1:colcon.colcon_core.package_identification:_identify(src/navigation) by extension 'ignore'
[1.754s] Level 1:colcon.colcon_core.package_identification:_identify(src/navigation) by extension 'ignore_ament_install'
[1.755s] Level 1:colcon.colcon_core.package_identification:_identify(src/navigation) by extensions ['colcon_pkg']
[1.755s] Level 1:colcon.colcon_core.package_identification:_identify(src/navigation) by extension 'colcon_pkg'
[1.755s] Level 1:colcon.colcon_core.package_identification:_identify(src/navigation) by extensions ['colcon_meta']
[1.755s] Level 1:colcon.colcon_core.package_identification:_identify(src/navigation) by extension 'colcon_meta'
[1.755s] Level 1:colcon.colcon_core.package_identification:_identify(src/navigation) by extensions ['ros']
[1.756s] Level 1:colcon.colcon_core.package_identification:_identify(src/navigation) by extension 'ros'
[1.758s] DEBUG:colcon.colcon_core.package_identification:Package 'src/navigation' with type 'ros.ament_cmake' and name 'navigation'
[1.758s] Level 1:colcon.colcon_core.package_identification:_identify(src/ouster-ros) by extensions ['ignore', 'ignore_ament_install']
[1.759s] Level 1:colcon.colcon_core.package_identification:_identify(src/ouster-ros) by extension 'ignore'
[1.759s] Level 1:colcon.colcon_core.package_identification:_identify(src/ouster-ros) by extension 'ignore_ament_install'
[1.759s] Level 1:colcon.colcon_core.package_identification:_identify(src/ouster-ros) by extensions ['colcon_pkg']
[1.760s] Level 1:colcon.colcon_core.package_identification:_identify(src/ouster-ros) by extension 'colcon_pkg'
[1.760s] Level 1:colcon.colcon_core.package_identification:_identify(src/ouster-ros) by extensions ['colcon_meta']
[1.760s] Level 1:colcon.colcon_core.package_identification:_identify(src/ouster-ros) by extension 'colcon_meta'
[1.760s] Level 1:colcon.colcon_core.package_identification:_identify(src/ouster-ros) by extensions ['ros']
[1.760s] Level 1:colcon.colcon_core.package_identification:_identify(src/ouster-ros) by extension 'ros'
[1.761s] Level 1:colcon.colcon_core.package_identification:_identify(src/ouster-ros) by extensions ['cmake', 'python']
[1.761s] Level 1:colcon.colcon_core.package_identification:_identify(src/ouster-ros) by extension 'cmake'
[1.761s] Level 1:colcon.colcon_core.package_identification:_identify(src/ouster-ros) by extension 'python'
[1.762s] Level 1:colcon.colcon_core.package_identification:_identify(src/ouster-ros) by extensions ['python_setup_py']
[1.762s] Level 1:colcon.colcon_core.package_identification:_identify(src/ouster-ros) by extension 'python_setup_py'
[1.762s] Level 1:colcon.colcon_core.package_identification:_identify(src/ouster-ros/docs) by extensions ['ignore', 'ignore_ament_install']
[1.763s] Level 1:colcon.colcon_core.package_identification:_identify(src/ouster-ros/docs) by extension 'ignore'
[1.763s] Level 1:colcon.colcon_core.package_identification:_identify(src/ouster-ros/docs) by extension 'ignore_ament_install'
[1.763s] Level 1:colcon.colcon_core.package_identification:_identify(src/ouster-ros/docs) by extensions ['colcon_pkg']
[1.763s] Level 1:colcon.colcon_core.package_identification:_identify(src/ouster-ros/docs) by extension 'colcon_pkg'
[1.764s] Level 1:colcon.colcon_core.package_identification:_identify(src/ouster-ros/docs) by extensions ['colcon_meta']
[1.764s] Level 1:colcon.colcon_core.package_identification:_identify(src/ouster-ros/docs) by extension 'colcon_meta'
[1.764s] Level 1:colcon.colcon_core.package_identification:_identify(src/ouster-ros/docs) by extensions ['ros']
[1.764s] Level 1:colcon.colcon_core.package_identification:_identify(src/ouster-ros/docs) by extension 'ros'
[1.765s] Level 1:colcon.colcon_core.package_identification:_identify(src/ouster-ros/docs) by extensions ['cmake', 'python']
[1.765s] Level 1:colcon.colcon_core.package_identification:_identify(src/ouster-ros/docs) by extension 'cmake'
[1.765s] Level 1:colcon.colcon_core.package_identification:_identify(src/ouster-ros/docs) by extension 'python'
[1.765s] Level 1:colcon.colcon_core.package_identification:_identify(src/ouster-ros/docs) by extensions ['python_setup_py']
[1.766s] Level 1:colcon.colcon_core.package_identification:_identify(src/ouster-ros/docs) by extension 'python_setup_py'
[1.766s] Level 1:colcon.colcon_core.package_identification:_identify(src/ouster-ros/docs/images) by extensions ['ignore', 'ignore_ament_install']
[1.767s] Level 1:colcon.colcon_core.package_identification:_identify(src/ouster-ros/docs/images) by extension 'ignore'
[1.767s] Level 1:colcon.colcon_core.package_identification:_identify(src/ouster-ros/docs/images) by extension 'ignore_ament_install'
[1.767s] Level 1:colcon.colcon_core.package_identification:_identify(src/ouster-ros/docs/images) by extensions ['colcon_pkg']
[1.767s] Level 1:colcon.colcon_core.package_identification:_identify(src/ouster-ros/docs/images) by extension 'colcon_pkg'
[1.767s] Level 1:colcon.colcon_core.package_identification:_identify(src/ouster-ros/docs/images) by extensions ['colcon_meta']
[1.768s] Level 1:colcon.colcon_core.package_identification:_identify(src/ouster-ros/docs/images) by extension 'colcon_meta'
[1.768s] Level 1:colcon.colcon_core.package_identification:_identify(src/ouster-ros/docs/images) by extensions ['ros']
[1.768s] Level 1:colcon.colcon_core.package_identification:_identify(src/ouster-ros/docs/images) by extension 'ros'
[1.769s] Level 1:colcon.colcon_core.package_identification:_identify(src/ouster-ros/docs/images) by extensions ['cmake', 'python']
[1.769s] Level 1:colcon.colcon_core.package_identification:_identify(src/ouster-ros/docs/images) by extension 'cmake'
[1.769s] Level 1:colcon.colcon_core.package_identification:_identify(src/ouster-ros/docs/images) by extension 'python'
[1.769s] Level 1:colcon.colcon_core.package_identification:_identify(src/ouster-ros/docs/images) by extensions ['python_setup_py']
[1.769s] Level 1:colcon.colcon_core.package_identification:_identify(src/ouster-ros/docs/images) by extension 'python_setup_py'
[1.770s] Level 1:colcon.colcon_core.package_identification:_identify(src/ouster-ros/ouster-msgs) by extensions ['ignore', 'ignore_ament_install']
[1.770s] Level 1:colcon.colcon_core.package_identification:_identify(src/ouster-ros/ouster-msgs) by extension 'ignore'
[1.770s] Level 1:colcon.colcon_core.package_identification:_identify(src/ouster-ros/ouster-msgs) by extension 'ignore_ament_install'
[1.771s] Level 1:colcon.colcon_core.package_identification:_identify(src/ouster-ros/ouster-msgs) by extensions ['colcon_pkg']
[1.771s] Level 1:colcon.colcon_core.package_identification:_identify(src/ouster-ros/ouster-msgs) by extension 'colcon_pkg'
[1.771s] Level 1:colcon.colcon_core.package_identification:_identify(src/ouster-ros/ouster-msgs) by extensions ['colcon_meta']
[1.771s] Level 1:colcon.colcon_core.package_identification:_identify(src/ouster-ros/ouster-msgs) by extension 'colcon_meta'
[1.772s] Level 1:colcon.colcon_core.package_identification:_identify(src/ouster-ros/ouster-msgs) by extensions ['ros']
[1.772s] Level 1:colcon.colcon_core.package_identification:_identify(src/ouster-ros/ouster-msgs) by extension 'ros'
[1.774s] DEBUG:colcon.colcon_core.package_identification:Package 'src/ouster-ros/ouster-msgs' with type 'ros.ament_cmake' and name 'ouster_msgs'
[1.775s] Level 1:colcon.colcon_core.package_identification:_identify(src/ouster-ros/ouster-ros) by extensions ['ignore', 'ignore_ament_install']
[1.775s] Level 1:colcon.colcon_core.package_identification:_identify(src/ouster-ros/ouster-ros) by extension 'ignore'
[1.775s] Level 1:colcon.colcon_core.package_identification:_identify(src/ouster-ros/ouster-ros) by extension 'ignore_ament_install'
[1.776s] Level 1:colcon.colcon_core.package_identification:_identify(src/ouster-ros/ouster-ros) by extensions ['colcon_pkg']
[1.776s] Level 1:colcon.colcon_core.package_identification:_identify(src/ouster-ros/ouster-ros) by extension 'colcon_pkg'
[1.776s] Level 1:colcon.colcon_core.package_identification:_identify(src/ouster-ros/ouster-ros) by extensions ['colcon_meta']
[1.776s] Level 1:colcon.colcon_core.package_identification:_identify(src/ouster-ros/ouster-ros) by extension 'colcon_meta'
[1.776s] Level 1:colcon.colcon_core.package_identification:_identify(src/ouster-ros/ouster-ros) by extensions ['ros']
[1.777s] Level 1:colcon.colcon_core.package_identification:_identify(src/ouster-ros/ouster-ros) by extension 'ros'
[1.785s] DEBUG:colcon.colcon_core.package_identification:Package 'src/ouster-ros/ouster-ros' with type 'ros.ament_cmake' and name 'ouster_ros'
[1.785s] Level 1:colcon.colcon_core.package_identification:_identify(src/ouster-ros/ouster-srvs) by extensions ['ignore', 'ignore_ament_install']
[1.786s] Level 1:colcon.colcon_core.package_identification:_identify(src/ouster-ros/ouster-srvs) by extension 'ignore'
[1.786s] Level 1:colcon.colcon_core.package_identification:_identify(src/ouster-ros/ouster-srvs) by extension 'ignore_ament_install'
[1.786s] Level 1:colcon.colcon_core.package_identification:_identify(src/ouster-ros/ouster-srvs) by extensions ['colcon_pkg']
[1.786s] Level 1:colcon.colcon_core.package_identification:_identify(src/ouster-ros/ouster-srvs) by extension 'colcon_pkg'
[1.787s] Level 1:colcon.colcon_core.package_identification:_identify(src/ouster-ros/ouster-srvs) by extensions ['colcon_meta']
[1.787s] Level 1:colcon.colcon_core.package_identification:_identify(src/ouster-ros/ouster-srvs) by extension 'colcon_meta'
[1.787s] Level 1:colcon.colcon_core.package_identification:_identify(src/ouster-ros/ouster-srvs) by extensions ['ros']
[1.787s] Level 1:colcon.colcon_core.package_identification:_identify(src/ouster-ros/ouster-srvs) by extension 'ros'
[1.789s] DEBUG:colcon.colcon_core.package_identification:Package 'src/ouster-ros/ouster-srvs' with type 'ros.ament_cmake' and name 'ouster_srvs'
[1.790s] Level 1:colcon.colcon_core.package_identification:_identify(src/pointcloud_to_laser) by extensions ['ignore', 'ignore_ament_install']
[1.790s] Level 1:colcon.colcon_core.package_identification:_identify(src/pointcloud_to_laser) by extension 'ignore'
[1.791s] Level 1:colcon.colcon_core.package_identification:_identify(src/pointcloud_to_laser) by extension 'ignore_ament_install'
[1.791s] Level 1:colcon.colcon_core.package_identification:_identify(src/pointcloud_to_laser) by extensions ['colcon_pkg']
[1.791s] Level 1:colcon.colcon_core.package_identification:_identify(src/pointcloud_to_laser) by extension 'colcon_pkg'
[1.791s] Level 1:colcon.colcon_core.package_identification:_identify(src/pointcloud_to_laser) by extensions ['colcon_meta']
[1.791s] Level 1:colcon.colcon_core.package_identification:_identify(src/pointcloud_to_laser) by extension 'colcon_meta'
[1.792s] Level 1:colcon.colcon_core.package_identification:_identify(src/pointcloud_to_laser) by extensions ['ros']
[1.792s] Level 1:colcon.colcon_core.package_identification:_identify(src/pointcloud_to_laser) by extension 'ros'
[1.798s] DEBUG:colcon.colcon_core.package_identification:Package 'src/pointcloud_to_laser' with type 'ros.ament_cmake' and name 'pointcloud_to_laserscan'
[1.799s] Level 1:colcon.colcon_core.package_identification:_identify(src/ros2_esp32) by extensions ['ignore', 'ignore_ament_install']
[1.799s] Level 1:colcon.colcon_core.package_identification:_identify(src/ros2_esp32) by extension 'ignore'
[1.799s] Level 1:colcon.colcon_core.package_identification:_identify(src/ros2_esp32) by extension 'ignore_ament_install'
[1.800s] Level 1:colcon.colcon_core.package_identification:_identify(src/ros2_esp32) by extensions ['colcon_pkg']
[1.800s] Level 1:colcon.colcon_core.package_identification:_identify(src/ros2_esp32) by extension 'colcon_pkg'
[1.800s] Level 1:colcon.colcon_core.package_identification:_identify(src/ros2_esp32) by extensions ['colcon_meta']
[1.800s] Level 1:colcon.colcon_core.package_identification:_identify(src/ros2_esp32) by extension 'colcon_meta'
[1.801s] Level 1:colcon.colcon_core.package_identification:_identify(src/ros2_esp32) by extensions ['ros']
[1.801s] Level 1:colcon.colcon_core.package_identification:_identify(src/ros2_esp32) by extension 'ros'
[1.803s] DEBUG:colcon.colcon_core.package_identification:Package 'src/ros2_esp32' with type 'ros.ament_cmake' and name 'ros2_esp32'
[1.804s] Level 1:colcon.colcon_core.package_discovery:discover_packages(recursive) using defaults
[1.804s] Level 1:colcon.colcon_core.package_discovery:discover_packages(ignore) discover
[1.804s] Level 1:colcon.colcon_core.package_discovery:discover_packages(ignore) using defaults
[1.804s] Level 1:colcon.colcon_core.package_discovery:discover_packages(path) discover
[1.804s] Level 1:colcon.colcon_core.package_discovery:discover_packages(path) using defaults
[1.898s] INFO:colcon.colcon_core.package_selection:Skipping not selected package 'micro_ros_setup' in 'src/micro_ros_setup'
[1.898s] INFO:colcon.colcon_core.package_selection:Skipping not selected package 'navigation' in 'src/navigation'
[1.899s] INFO:colcon.colcon_core.package_selection:Skipping not selected package 'ouster_msgs' in 'src/ouster-ros/ouster-msgs'
[1.899s] INFO:colcon.colcon_core.package_selection:Skipping not selected package 'ouster_srvs' in 'src/ouster-ros/ouster-srvs'
[1.899s] INFO:colcon.colcon_core.package_selection:Skipping not selected package 'pointcloud_to_laserscan' in 'src/pointcloud_to_laser'
[1.899s] INFO:colcon.colcon_core.package_selection:Skipping not selected package 'ouster_ros' in 'src/ouster-ros/ouster-ros'
[1.902s] Level 1:colcon.colcon_core.package_discovery:discover_packages(prefix_path) check parameters
[1.902s] Level 1:colcon.colcon_core.package_discovery:discover_packages(prefix_path) discover
[1.916s] DEBUG:colcon.colcon_installed_package_information.package_discovery:Found 6 installed packages in /home/jetson/ros-workspace/install
[1.927s] DEBUG:colcon.colcon_installed_package_information.package_discovery:Found 257 installed packages in /opt/ros/foxy
[1.935s] Level 1:colcon.colcon_core.package_discovery:discover_packages(prefix_path) using defaults
[2.267s] Level 5:colcon.colcon_core.verb:set package 'ros2_esp32' build argument 'cmake_args' from command line to 'None'
[2.267s] Level 5:colcon.colcon_core.verb:set package 'ros2_esp32' build argument 'cmake_target' from command line to 'None'
[2.267s] Level 5:colcon.colcon_core.verb:set package 'ros2_esp32' build argument 'cmake_target_skip_unavailable' from command line to 'False'
[2.268s] Level 5:colcon.colcon_core.verb:set package 'ros2_esp32' build argument 'cmake_clean_cache' from command line to 'False'
[2.268s] Level 5:colcon.colcon_core.verb:set package 'ros2_esp32' build argument 'cmake_clean_first' from command line to 'False'
[2.268s] Level 5:colcon.colcon_core.verb:set package 'ros2_esp32' build argument 'cmake_force_configure' from command line to 'False'
[2.268s] Level 5:colcon.colcon_core.verb:set package 'ros2_esp32' build argument 'ament_cmake_args' from command line to 'None'
[2.268s] Level 5:colcon.colcon_core.verb:set package 'ros2_esp32' build argument 'catkin_cmake_args' from command line to 'None'
[2.268s] Level 5:colcon.colcon_core.verb:set package 'ros2_esp32' build argument 'catkin_skip_building_tests' from command line to 'False'
[2.269s] DEBUG:colcon.colcon_core.verb:Building package 'ros2_esp32' with the following arguments: {'ament_cmake_args': None, 'build_base': '/home/jetson/ros-workspace/build/ros2_esp32', 'catkin_cmake_args': None, 'catkin_skip_building_tests': False, 'cmake_args': None, 'cmake_clean_cache': False, 'cmake_clean_first': False, 'cmake_force_configure': False, 'cmake_target': None, 'cmake_target_skip_unavailable': False, 'install_base': '/home/jetson/ros-workspace/install/ros2_esp32', 'merge_install': False, 'path': '/home/jetson/ros-workspace/src/ros2_esp32', 'symlink_install': False, 'test_result_base': None}
[2.272s] INFO:colcon.colcon_core.executor:Executing jobs using 'parallel' executor
[2.289s] DEBUG:colcon.colcon_parallel_executor.executor.parallel:run_until_complete
[2.290s] INFO:colcon.colcon_ros.task.ament_cmake.build:Building ROS package in '/home/jetson/ros-workspace/src/ros2_esp32' with build type 'ament_cmake'
[2.292s] INFO:colcon.colcon_cmake.task.cmake.build:Building CMake package in '/home/jetson/ros-workspace/src/ros2_esp32'
[2.313s] INFO:colcon.colcon_core.plugin_system:Skipping extension 'colcon_core.shell.bat': Not used on non-Windows systems
[2.314s] INFO:colcon.colcon_core.shell:Skip shell extension 'powershell' for command environment: Not usable outside of PowerShell
[2.314s] DEBUG:colcon.colcon_core.shell:Skip shell extension 'dsv' for command environment
[2.398s] DEBUG:colcon.colcon_core.event_handler.log_command:Invoking command in '/home/jetson/ros-workspace/build/ros2_esp32': CMAKE_PREFIX_PATH=${CMAKE_PREFIX_PATH}:/opt/ros/foxy /usr/bin/cmake --build /home/jetson/ros-workspace/build/ros2_esp32 -- -j6 -l6
[18.258s] DEBUG:colcon.colcon_core.event_handler.log_command:Invoked command in '/home/jetson/ros-workspace/build/ros2_esp32' returned '0': CMAKE_PREFIX_PATH=${CMAKE_PREFIX_PATH}:/opt/ros/foxy /usr/bin/cmake --build /home/jetson/ros-workspace/build/ros2_esp32 -- -j6 -l6
[18.514s] DEBUG:colcon.colcon_core.event_handler.log_command:Invoking command in '/home/jetson/ros-workspace/build/ros2_esp32': CMAKE_PREFIX_PATH=${CMAKE_PREFIX_PATH}:/opt/ros/foxy /usr/bin/cmake --install /home/jetson/ros-workspace/build/ros2_esp32
[18.609s] Level 1:colcon.colcon_core.environment:create_environment_scripts_only(ros2_esp32)
[18.615s] DEBUG:colcon.colcon_core.event_handler.log_command:Invoked command in '/home/jetson/ros-workspace/build/ros2_esp32' returned '0': CMAKE_PREFIX_PATH=${CMAKE_PREFIX_PATH}:/opt/ros/foxy /usr/bin/cmake --install /home/jetson/ros-workspace/build/ros2_esp32
[18.649s] Level 1:colcon.colcon_core.environment:checking '/home/jetson/ros-workspace/install/ros2_esp32' for CMake module files
[18.652s] Level 1:colcon.colcon_core.environment:checking '/home/jetson/ros-workspace/install/ros2_esp32' for CMake config files
[18.653s] Level 1:colcon.colcon_core.shell:create_environment_hook('ros2_esp32', 'cmake_prefix_path')
[18.660s] INFO:colcon.colcon_core.shell:Creating environment hook '/home/jetson/ros-workspace/install/ros2_esp32/share/ros2_esp32/hook/cmake_prefix_path.ps1'
[18.664s] INFO:colcon.colcon_core.shell:Creating environment descriptor '/home/jetson/ros-workspace/install/ros2_esp32/share/ros2_esp32/hook/cmake_prefix_path.dsv'
[18.666s] INFO:colcon.colcon_core.shell:Creating environment hook '/home/jetson/ros-workspace/install/ros2_esp32/share/ros2_esp32/hook/cmake_prefix_path.sh'
[18.671s] Level 1:colcon.colcon_core.environment:checking '/home/jetson/ros-workspace/install/ros2_esp32/lib'
[18.672s] Level 1:colcon.colcon_core.environment:checking '/home/jetson/ros-workspace/install/ros2_esp32/bin'
[18.672s] Level 1:colcon.colcon_core.environment:checking '/home/jetson/ros-workspace/install/ros2_esp32/lib/pkgconfig/ros2_esp32.pc'
[18.674s] Level 1:colcon.colcon_core.environment:checking '/home/jetson/ros-workspace/install/ros2_esp32/lib/python3.8/site-packages'
[18.674s] Level 1:colcon.colcon_core.environment:checking '/home/jetson/ros-workspace/install/ros2_esp32/bin'
[18.681s] INFO:colcon.colcon_core.shell:Creating package script '/home/jetson/ros-workspace/install/ros2_esp32/share/ros2_esp32/package.ps1'
[18.685s] INFO:colcon.colcon_core.shell:Creating package descriptor '/home/jetson/ros-workspace/install/ros2_esp32/share/ros2_esp32/package.dsv'
[18.688s] INFO:colcon.colcon_core.shell:Creating package script '/home/jetson/ros-workspace/install/ros2_esp32/share/ros2_esp32/package.sh'
[18.691s] INFO:colcon.colcon_core.shell:Creating package script '/home/jetson/ros-workspace/install/ros2_esp32/share/ros2_esp32/package.bash'
[18.694s] INFO:colcon.colcon_core.shell:Creating package script '/home/jetson/ros-workspace/install/ros2_esp32/share/ros2_esp32/package.zsh'
[18.698s] Level 1:colcon.colcon_core.environment:create_file_with_runtime_dependencies(/home/jetson/ros-workspace/install/ros2_esp32/share/colcon-core/packages/ros2_esp32)
[18.884s] Level 1:colcon.colcon_core.environment:create_environment_scripts_only(ros2_esp32)
[18.896s] Level 1:colcon.colcon_core.environment:checking '/home/jetson/ros-workspace/install/ros2_esp32' for CMake module files
[18.900s] Level 1:colcon.colcon_core.environment:checking '/home/jetson/ros-workspace/install/ros2_esp32' for CMake config files
[18.902s] Level 1:colcon.colcon_core.shell:create_environment_hook('ros2_esp32', 'cmake_prefix_path')
[18.909s] INFO:colcon.colcon_core.shell:Creating environment hook '/home/jetson/ros-workspace/install/ros2_esp32/share/ros2_esp32/hook/cmake_prefix_path.ps1'
[18.912s] INFO:colcon.colcon_core.shell:Creating environment descriptor '/home/jetson/ros-workspace/install/ros2_esp32/share/ros2_esp32/hook/cmake_prefix_path.dsv'
[18.914s] INFO:colcon.colcon_core.shell:Creating environment hook '/home/jetson/ros-workspace/install/ros2_esp32/share/ros2_esp32/hook/cmake_prefix_path.sh'
[18.918s] Level 1:colcon.colcon_core.environment:checking '/home/jetson/ros-workspace/install/ros2_esp32/lib'
[18.918s] Level 1:colcon.colcon_core.environment:checking '/home/jetson/ros-workspace/install/ros2_esp32/bin'
[18.918s] Level 1:colcon.colcon_core.environment:checking '/home/jetson/ros-workspace/install/ros2_esp32/lib/pkgconfig/ros2_esp32.pc'
[18.920s] Level 1:colcon.colcon_core.environment:checking '/home/jetson/ros-workspace/install/ros2_esp32/lib/python3.8/site-packages'
[18.921s] Level 1:colcon.colcon_core.environment:checking '/home/jetson/ros-workspace/install/ros2_esp32/bin'
[18.928s] INFO:colcon.colcon_core.shell:Creating package script '/home/jetson/ros-workspace/install/ros2_esp32/share/ros2_esp32/package.ps1'
[18.931s] INFO:colcon.colcon_core.shell:Creating package descriptor '/home/jetson/ros-workspace/install/ros2_esp32/share/ros2_esp32/package.dsv'
[18.934s] INFO:colcon.colcon_core.shell:Creating package script '/home/jetson/ros-workspace/install/ros2_esp32/share/ros2_esp32/package.sh'
[18.936s] INFO:colcon.colcon_core.shell:Creating package script '/home/jetson/ros-workspace/install/ros2_esp32/share/ros2_esp32/package.bash'
[18.938s] INFO:colcon.colcon_core.shell:Creating package script '/home/jetson/ros-workspace/install/ros2_esp32/share/ros2_esp32/package.zsh'
[18.941s] Level 1:colcon.colcon_core.environment:create_file_with_runtime_dependencies(/home/jetson/ros-workspace/install/ros2_esp32/share/colcon-core/packages/ros2_esp32)
[18.943s] DEBUG:colcon.colcon_parallel_executor.executor.parallel:closing loop
[18.945s] DEBUG:colcon.colcon_parallel_executor.executor.parallel:loop closed
[18.946s] DEBUG:colcon.colcon_parallel_executor.executor.parallel:run_until_complete finished with '0'
[18.946s] DEBUG:colcon.colcon_core.event_reactor:joining thread
[18.977s] INFO:colcon.colcon_core.plugin_system:Skipping extension 'colcon_notification.desktop_notification.terminal_notifier': Not used on non-Darwin systems
[18.978s] INFO:colcon.colcon_core.plugin_system:Skipping extension 'colcon_notification.desktop_notification.win32': Not used on non-Windows systems
[18.978s] INFO:colcon.colcon_notification.desktop_notification:Sending desktop notification using 'notify2'
[19.067s] DEBUG:colcon.colcon_core.event_reactor:joined thread
[19.074s] INFO:colcon.colcon_core.shell:Creating prefix script '/home/jetson/ros-workspace/install/local_setup.ps1'
[19.079s] INFO:colcon.colcon_core.shell:Creating prefix util module '/home/jetson/ros-workspace/install/_local_setup_util_ps1.py'
[19.086s] INFO:colcon.colcon_core.shell:Creating prefix chain script '/home/jetson/ros-workspace/install/setup.ps1'
[19.094s] INFO:colcon.colcon_core.shell:Creating prefix script '/home/jetson/ros-workspace/install/local_setup.sh'
[19.097s] INFO:colcon.colcon_core.shell:Creating prefix util module '/home/jetson/ros-workspace/install/_local_setup_util_sh.py'
[19.100s] INFO:colcon.colcon_core.shell:Creating prefix chain script '/home/jetson/ros-workspace/install/setup.sh'
[19.109s] INFO:colcon.colcon_core.shell:Creating prefix script '/home/jetson/ros-workspace/install/local_setup.bash'
[19.112s] INFO:colcon.colcon_core.shell:Creating prefix chain script '/home/jetson/ros-workspace/install/setup.bash'
[19.120s] INFO:colcon.colcon_core.shell:Creating prefix script '/home/jetson/ros-workspace/install/local_setup.zsh'
[19.123s] INFO:colcon.colcon_core.shell:Creating prefix chain script '/home/jetson/ros-workspace/install/setup.zsh'
