[1.118s] DEBUG:colcon:Command line arguments: ['/usr/bin/colcon', 'build', '--packages-select', 'navigation']
[1.118s] DEBUG:colcon:Parsed command line arguments: Namespace(allow_overriding=[], ament_cmake_args=None, base_paths=['.'], build_base='build', catkin_cmake_args=None, catkin_skip_building_tests=False, cmake_args=None, cmake_clean_cache=False, cmake_clean_first=False, cmake_force_configure=False, cmake_target=None, cmake_target_skip_unavailable=False, continue_on_error=False, event_handlers=None, executor='parallel', ignore_user_meta=False, install_base='install', log_base=None, log_level=None, main=<bound method BuildVerb.main of <colcon_core.verb.build.BuildVerb object at 0xffff8bfea0a0>>, merge_install=False, metas=['./colcon.meta'], packages_above=None, packages_above_and_dependencies=None, packages_above_depth=None, packages_end=None, packages_ignore=None, packages_ignore_regex=None, packages_select=['navigation'], packages_select_build_failed=False, packages_select_by_dep=None, packages_select_regex=None, packages_select_test_failures=False, packages_skip=None, packages_skip_build_finished=False, packages_skip_by_dep=None, packages_skip_regex=None, packages_skip_test_passed=False, packages_skip_up_to=None, packages_start=None, packages_up_to=None, packages_up_to_regex=None, parallel_workers=4, paths=None, symlink_install=False, test_result_base=None, verb_extension=<colcon_core.verb.build.BuildVerb object at 0xffff8bfea0a0>, verb_name='build', verb_parser=<colcon_defaults.argument_parser.defaults.DefaultArgumentsDecorator object at 0xffff8bfea5e0>)
[1.211s] Level 1:colcon.colcon_core.package_discovery:discover_packages(colcon_meta) check parameters
[1.212s] Level 1:colcon.colcon_core.package_discovery:discover_packages(recursive) check parameters
[1.212s] Level 1:colcon.colcon_core.package_discovery:discover_packages(ignore) check parameters
[1.212s] Level 1:colcon.colcon_core.package_discovery:discover_packages(path) check parameters
[1.212s] Level 1:colcon.colcon_core.package_discovery:discover_packages(colcon_meta) discover
[1.213s] Level 1:colcon.colcon_core.package_discovery:discover_packages(recursive) discover
[1.213s] INFO:colcon.colcon_core.package_discovery:Crawling recursively for packages in '/home/jetson/ros-workspace'
[1.213s] Level 1:colcon.colcon_core.package_identification:_identify(.) by extensions ['ignore', 'ignore_ament_install']
[1.214s] Level 1:colcon.colcon_core.package_identification:_identify(.) by extension 'ignore'
[1.214s] Level 1:colcon.colcon_core.package_identification:_identify(.) by extension 'ignore_ament_install'
[1.214s] Level 1:colcon.colcon_core.package_identification:_identify(.) by extensions ['colcon_pkg']
[1.214s] Level 1:colcon.colcon_core.package_identification:_identify(.) by extension 'colcon_pkg'
[1.215s] Level 1:colcon.colcon_core.package_identification:_identify(.) by extensions ['colcon_meta']
[1.215s] Level 1:colcon.colcon_core.package_identification:_identify(.) by extension 'colcon_meta'
[1.215s] Level 1:colcon.colcon_core.package_identification:_identify(.) by extensions ['ros']
[1.215s] Level 1:colcon.colcon_core.package_identification:_identify(.) by extension 'ros'
[1.289s] Level 1:colcon.colcon_core.package_identification:_identify(.) by extensions ['cmake', 'python']
[1.290s] Level 1:colcon.colcon_core.package_identification:_identify(.) by extension 'cmake'
[1.290s] Level 1:colcon.colcon_core.package_identification:_identify(.) by extension 'python'
[1.290s] Level 1:colcon.colcon_core.package_identification:_identify(.) by extensions ['python_setup_py']
[1.290s] Level 1:colcon.colcon_core.package_identification:_identify(.) by extension 'python_setup_py'
[1.291s] Level 1:colcon.colcon_core.package_identification:_identify(build) by extensions ['ignore', 'ignore_ament_install']
[1.291s] Level 1:colcon.colcon_core.package_identification:_identify(build) by extension 'ignore'
[1.291s] Level 1:colcon.colcon_core.package_identification:_identify(build) ignored
[1.292s] Level 1:colcon.colcon_core.package_identification:_identify(install) by extensions ['ignore', 'ignore_ament_install']
[1.292s] Level 1:colcon.colcon_core.package_identification:_identify(install) by extension 'ignore'
[1.292s] Level 1:colcon.colcon_core.package_identification:_identify(install) ignored
[1.293s] Level 1:colcon.colcon_core.package_identification:_identify(launch) by extensions ['ignore', 'ignore_ament_install']
[1.293s] Level 1:colcon.colcon_core.package_identification:_identify(launch) by extension 'ignore'
[1.293s] Level 1:colcon.colcon_core.package_identification:_identify(launch) by extension 'ignore_ament_install'
[1.293s] Level 1:colcon.colcon_core.package_identification:_identify(launch) by extensions ['colcon_pkg']
[1.293s] Level 1:colcon.colcon_core.package_identification:_identify(launch) by extension 'colcon_pkg'
[1.294s] Level 1:colcon.colcon_core.package_identification:_identify(launch) by extensions ['colcon_meta']
[1.294s] Level 1:colcon.colcon_core.package_identification:_identify(launch) by extension 'colcon_meta'
[1.294s] Level 1:colcon.colcon_core.package_identification:_identify(launch) by extensions ['ros']
[1.294s] Level 1:colcon.colcon_core.package_identification:_identify(launch) by extension 'ros'
[1.295s] Level 1:colcon.colcon_core.package_identification:_identify(launch) by extensions ['cmake', 'python']
[1.295s] Level 1:colcon.colcon_core.package_identification:_identify(launch) by extension 'cmake'
[1.295s] Level 1:colcon.colcon_core.package_identification:_identify(launch) by extension 'python'
[1.295s] Level 1:colcon.colcon_core.package_identification:_identify(launch) by extensions ['python_setup_py']
[1.295s] Level 1:colcon.colcon_core.package_identification:_identify(launch) by extension 'python_setup_py'
[1.296s] Level 1:colcon.colcon_core.package_identification:_identify(log) by extensions ['ignore', 'ignore_ament_install']
[1.296s] Level 1:colcon.colcon_core.package_identification:_identify(log) by extension 'ignore'
[1.296s] Level 1:colcon.colcon_core.package_identification:_identify(log) ignored
[1.296s] Level 1:colcon.colcon_core.package_identification:_identify(src) by extensions ['ignore', 'ignore_ament_install']
[1.297s] Level 1:colcon.colcon_core.package_identification:_identify(src) by extension 'ignore'
[1.297s] Level 1:colcon.colcon_core.package_identification:_identify(src) by extension 'ignore_ament_install'
[1.297s] Level 1:colcon.colcon_core.package_identification:_identify(src) by extensions ['colcon_pkg']
[1.297s] Level 1:colcon.colcon_core.package_identification:_identify(src) by extension 'colcon_pkg'
[1.297s] Level 1:colcon.colcon_core.package_identification:_identify(src) by extensions ['colcon_meta']
[1.297s] Level 1:colcon.colcon_core.package_identification:_identify(src) by extension 'colcon_meta'
[1.297s] Level 1:colcon.colcon_core.package_identification:_identify(src) by extensions ['ros']
[1.298s] Level 1:colcon.colcon_core.package_identification:_identify(src) by extension 'ros'
[1.298s] Level 1:colcon.colcon_core.package_identification:_identify(src) by extensions ['cmake', 'python']
[1.298s] Level 1:colcon.colcon_core.package_identification:_identify(src) by extension 'cmake'
[1.298s] Level 1:colcon.colcon_core.package_identification:_identify(src) by extension 'python'
[1.298s] Level 1:colcon.colcon_core.package_identification:_identify(src) by extensions ['python_setup_py']
[1.299s] Level 1:colcon.colcon_core.package_identification:_identify(src) by extension 'python_setup_py'
[1.299s] Level 1:colcon.colcon_core.package_identification:_identify(src/micro_ros_setup) by extensions ['ignore', 'ignore_ament_install']
[1.299s] Level 1:colcon.colcon_core.package_identification:_identify(src/micro_ros_setup) by extension 'ignore'
[1.299s] Level 1:colcon.colcon_core.package_identification:_identify(src/micro_ros_setup) by extension 'ignore_ament_install'
[1.300s] Level 1:colcon.colcon_core.package_identification:_identify(src/micro_ros_setup) by extensions ['colcon_pkg']
[1.300s] Level 1:colcon.colcon_core.package_identification:_identify(src/micro_ros_setup) by extension 'colcon_pkg'
[1.300s] Level 1:colcon.colcon_core.package_identification:_identify(src/micro_ros_setup) by extensions ['colcon_meta']
[1.300s] Level 1:colcon.colcon_core.package_identification:_identify(src/micro_ros_setup) by extension 'colcon_meta'
[1.300s] Level 1:colcon.colcon_core.package_identification:_identify(src/micro_ros_setup) by extensions ['ros']
[1.300s] Level 1:colcon.colcon_core.package_identification:_identify(src/micro_ros_setup) by extension 'ros'
[1.310s] DEBUG:colcon.colcon_core.package_identification:Package 'src/micro_ros_setup' with type 'ros.ament_cmake' and name 'micro_ros_setup'
[1.310s] Level 1:colcon.colcon_core.package_identification:_identify(src/navigation) by extensions ['ignore', 'ignore_ament_install']
[1.311s] Level 1:colcon.colcon_core.package_identification:_identify(src/navigation) by extension 'ignore'
[1.311s] Level 1:colcon.colcon_core.package_identification:_identify(src/navigation) by extension 'ignore_ament_install'
[1.311s] Level 1:colcon.colcon_core.package_identification:_identify(src/navigation) by extensions ['colcon_pkg']
[1.311s] Level 1:colcon.colcon_core.package_identification:_identify(src/navigation) by extension 'colcon_pkg'
[1.311s] Level 1:colcon.colcon_core.package_identification:_identify(src/navigation) by extensions ['colcon_meta']
[1.311s] Level 1:colcon.colcon_core.package_identification:_identify(src/navigation) by extension 'colcon_meta'
[1.312s] Level 1:colcon.colcon_core.package_identification:_identify(src/navigation) by extensions ['ros']
[1.312s] Level 1:colcon.colcon_core.package_identification:_identify(src/navigation) by extension 'ros'
[1.313s] DEBUG:colcon.colcon_core.package_identification:Package 'src/navigation' with type 'ros.ament_cmake' and name 'navigation'
[1.314s] Level 1:colcon.colcon_core.package_identification:_identify(src/ouster-ros) by extensions ['ignore', 'ignore_ament_install']
[1.314s] Level 1:colcon.colcon_core.package_identification:_identify(src/ouster-ros) by extension 'ignore'
[1.314s] Level 1:colcon.colcon_core.package_identification:_identify(src/ouster-ros) by extension 'ignore_ament_install'
[1.314s] Level 1:colcon.colcon_core.package_identification:_identify(src/ouster-ros) by extensions ['colcon_pkg']
[1.315s] Level 1:colcon.colcon_core.package_identification:_identify(src/ouster-ros) by extension 'colcon_pkg'
[1.315s] Level 1:colcon.colcon_core.package_identification:_identify(src/ouster-ros) by extensions ['colcon_meta']
[1.315s] Level 1:colcon.colcon_core.package_identification:_identify(src/ouster-ros) by extension 'colcon_meta'
[1.315s] Level 1:colcon.colcon_core.package_identification:_identify(src/ouster-ros) by extensions ['ros']
[1.315s] Level 1:colcon.colcon_core.package_identification:_identify(src/ouster-ros) by extension 'ros'
[1.315s] Level 1:colcon.colcon_core.package_identification:_identify(src/ouster-ros) by extensions ['cmake', 'python']
[1.316s] Level 1:colcon.colcon_core.package_identification:_identify(src/ouster-ros) by extension 'cmake'
[1.316s] Level 1:colcon.colcon_core.package_identification:_identify(src/ouster-ros) by extension 'python'
[1.316s] Level 1:colcon.colcon_core.package_identification:_identify(src/ouster-ros) by extensions ['python_setup_py']
[1.316s] Level 1:colcon.colcon_core.package_identification:_identify(src/ouster-ros) by extension 'python_setup_py'
[1.316s] Level 1:colcon.colcon_core.package_identification:_identify(src/ouster-ros/docs) by extensions ['ignore', 'ignore_ament_install']
[1.317s] Level 1:colcon.colcon_core.package_identification:_identify(src/ouster-ros/docs) by extension 'ignore'
[1.317s] Level 1:colcon.colcon_core.package_identification:_identify(src/ouster-ros/docs) by extension 'ignore_ament_install'
[1.317s] Level 1:colcon.colcon_core.package_identification:_identify(src/ouster-ros/docs) by extensions ['colcon_pkg']
[1.317s] Level 1:colcon.colcon_core.package_identification:_identify(src/ouster-ros/docs) by extension 'colcon_pkg'
[1.317s] Level 1:colcon.colcon_core.package_identification:_identify(src/ouster-ros/docs) by extensions ['colcon_meta']
[1.317s] Level 1:colcon.colcon_core.package_identification:_identify(src/ouster-ros/docs) by extension 'colcon_meta'
[1.318s] Level 1:colcon.colcon_core.package_identification:_identify(src/ouster-ros/docs) by extensions ['ros']
[1.318s] Level 1:colcon.colcon_core.package_identification:_identify(src/ouster-ros/docs) by extension 'ros'
[1.318s] Level 1:colcon.colcon_core.package_identification:_identify(src/ouster-ros/docs) by extensions ['cmake', 'python']
[1.318s] Level 1:colcon.colcon_core.package_identification:_identify(src/ouster-ros/docs) by extension 'cmake'
[1.318s] Level 1:colcon.colcon_core.package_identification:_identify(src/ouster-ros/docs) by extension 'python'
[1.319s] Level 1:colcon.colcon_core.package_identification:_identify(src/ouster-ros/docs) by extensions ['python_setup_py']
[1.319s] Level 1:colcon.colcon_core.package_identification:_identify(src/ouster-ros/docs) by extension 'python_setup_py'
[1.319s] Level 1:colcon.colcon_core.package_identification:_identify(src/ouster-ros/docs/images) by extensions ['ignore', 'ignore_ament_install']
[1.319s] Level 1:colcon.colcon_core.package_identification:_identify(src/ouster-ros/docs/images) by extension 'ignore'
[1.319s] Level 1:colcon.colcon_core.package_identification:_identify(src/ouster-ros/docs/images) by extension 'ignore_ament_install'
[1.320s] Level 1:colcon.colcon_core.package_identification:_identify(src/ouster-ros/docs/images) by extensions ['colcon_pkg']
[1.320s] Level 1:colcon.colcon_core.package_identification:_identify(src/ouster-ros/docs/images) by extension 'colcon_pkg'
[1.320s] Level 1:colcon.colcon_core.package_identification:_identify(src/ouster-ros/docs/images) by extensions ['colcon_meta']
[1.320s] Level 1:colcon.colcon_core.package_identification:_identify(src/ouster-ros/docs/images) by extension 'colcon_meta'
[1.320s] Level 1:colcon.colcon_core.package_identification:_identify(src/ouster-ros/docs/images) by extensions ['ros']
[1.320s] Level 1:colcon.colcon_core.package_identification:_identify(src/ouster-ros/docs/images) by extension 'ros'
[1.321s] Level 1:colcon.colcon_core.package_identification:_identify(src/ouster-ros/docs/images) by extensions ['cmake', 'python']
[1.321s] Level 1:colcon.colcon_core.package_identification:_identify(src/ouster-ros/docs/images) by extension 'cmake'
[1.321s] Level 1:colcon.colcon_core.package_identification:_identify(src/ouster-ros/docs/images) by extension 'python'
[1.321s] Level 1:colcon.colcon_core.package_identification:_identify(src/ouster-ros/docs/images) by extensions ['python_setup_py']
[1.321s] Level 1:colcon.colcon_core.package_identification:_identify(src/ouster-ros/docs/images) by extension 'python_setup_py'
[1.322s] Level 1:colcon.colcon_core.package_identification:_identify(src/ouster-ros/ouster-msgs) by extensions ['ignore', 'ignore_ament_install']
[1.322s] Level 1:colcon.colcon_core.package_identification:_identify(src/ouster-ros/ouster-msgs) by extension 'ignore'
[1.322s] Level 1:colcon.colcon_core.package_identification:_identify(src/ouster-ros/ouster-msgs) by extension 'ignore_ament_install'
[1.322s] Level 1:colcon.colcon_core.package_identification:_identify(src/ouster-ros/ouster-msgs) by extensions ['colcon_pkg']
[1.322s] Level 1:colcon.colcon_core.package_identification:_identify(src/ouster-ros/ouster-msgs) by extension 'colcon_pkg'
[1.323s] Level 1:colcon.colcon_core.package_identification:_identify(src/ouster-ros/ouster-msgs) by extensions ['colcon_meta']
[1.323s] Level 1:colcon.colcon_core.package_identification:_identify(src/ouster-ros/ouster-msgs) by extension 'colcon_meta'
[1.323s] Level 1:colcon.colcon_core.package_identification:_identify(src/ouster-ros/ouster-msgs) by extensions ['ros']
[1.323s] Level 1:colcon.colcon_core.package_identification:_identify(src/ouster-ros/ouster-msgs) by extension 'ros'
[1.325s] DEBUG:colcon.colcon_core.package_identification:Package 'src/ouster-ros/ouster-msgs' with type 'ros.ament_cmake' and name 'ouster_msgs'
[1.325s] Level 1:colcon.colcon_core.package_identification:_identify(src/ouster-ros/ouster-ros) by extensions ['ignore', 'ignore_ament_install']
[1.325s] Level 1:colcon.colcon_core.package_identification:_identify(src/ouster-ros/ouster-ros) by extension 'ignore'
[1.325s] Level 1:colcon.colcon_core.package_identification:_identify(src/ouster-ros/ouster-ros) by extension 'ignore_ament_install'
[1.326s] Level 1:colcon.colcon_core.package_identification:_identify(src/ouster-ros/ouster-ros) by extensions ['colcon_pkg']
[1.326s] Level 1:colcon.colcon_core.package_identification:_identify(src/ouster-ros/ouster-ros) by extension 'colcon_pkg'
[1.326s] Level 1:colcon.colcon_core.package_identification:_identify(src/ouster-ros/ouster-ros) by extensions ['colcon_meta']
[1.326s] Level 1:colcon.colcon_core.package_identification:_identify(src/ouster-ros/ouster-ros) by extension 'colcon_meta'
[1.326s] Level 1:colcon.colcon_core.package_identification:_identify(src/ouster-ros/ouster-ros) by extensions ['ros']
[1.326s] Level 1:colcon.colcon_core.package_identification:_identify(src/ouster-ros/ouster-ros) by extension 'ros'
[1.332s] DEBUG:colcon.colcon_core.package_identification:Package 'src/ouster-ros/ouster-ros' with type 'ros.ament_cmake' and name 'ouster_ros'
[1.333s] Level 1:colcon.colcon_core.package_identification:_identify(src/ouster-ros/ouster-srvs) by extensions ['ignore', 'ignore_ament_install']
[1.333s] Level 1:colcon.colcon_core.package_identification:_identify(src/ouster-ros/ouster-srvs) by extension 'ignore'
[1.333s] Level 1:colcon.colcon_core.package_identification:_identify(src/ouster-ros/ouster-srvs) by extension 'ignore_ament_install'
[1.333s] Level 1:colcon.colcon_core.package_identification:_identify(src/ouster-ros/ouster-srvs) by extensions ['colcon_pkg']
[1.333s] Level 1:colcon.colcon_core.package_identification:_identify(src/ouster-ros/ouster-srvs) by extension 'colcon_pkg'
[1.334s] Level 1:colcon.colcon_core.package_identification:_identify(src/ouster-ros/ouster-srvs) by extensions ['colcon_meta']
[1.334s] Level 1:colcon.colcon_core.package_identification:_identify(src/ouster-ros/ouster-srvs) by extension 'colcon_meta'
[1.334s] Level 1:colcon.colcon_core.package_identification:_identify(src/ouster-ros/ouster-srvs) by extensions ['ros']
[1.334s] Level 1:colcon.colcon_core.package_identification:_identify(src/ouster-ros/ouster-srvs) by extension 'ros'
[1.336s] DEBUG:colcon.colcon_core.package_identification:Package 'src/ouster-ros/ouster-srvs' with type 'ros.ament_cmake' and name 'ouster_srvs'
[1.336s] Level 1:colcon.colcon_core.package_identification:_identify(src/pointcloud_to_laser) by extensions ['ignore', 'ignore_ament_install']
[1.336s] Level 1:colcon.colcon_core.package_identification:_identify(src/pointcloud_to_laser) by extension 'ignore'
[1.336s] Level 1:colcon.colcon_core.package_identification:_identify(src/pointcloud_to_laser) by extension 'ignore_ament_install'
[1.337s] Level 1:colcon.colcon_core.package_identification:_identify(src/pointcloud_to_laser) by extensions ['colcon_pkg']
[1.337s] Level 1:colcon.colcon_core.package_identification:_identify(src/pointcloud_to_laser) by extension 'colcon_pkg'
[1.337s] Level 1:colcon.colcon_core.package_identification:_identify(src/pointcloud_to_laser) by extensions ['colcon_meta']
[1.337s] Level 1:colcon.colcon_core.package_identification:_identify(src/pointcloud_to_laser) by extension 'colcon_meta'
[1.337s] Level 1:colcon.colcon_core.package_identification:_identify(src/pointcloud_to_laser) by extensions ['ros']
[1.337s] Level 1:colcon.colcon_core.package_identification:_identify(src/pointcloud_to_laser) by extension 'ros'
[1.342s] DEBUG:colcon.colcon_core.package_identification:Package 'src/pointcloud_to_laser' with type 'ros.ament_cmake' and name 'pointcloud_to_laserscan'
[1.342s] Level 1:colcon.colcon_core.package_discovery:discover_packages(recursive) using defaults
[1.343s] Level 1:colcon.colcon_core.package_discovery:discover_packages(ignore) discover
[1.343s] Level 1:colcon.colcon_core.package_discovery:discover_packages(ignore) using defaults
[1.343s] Level 1:colcon.colcon_core.package_discovery:discover_packages(path) discover
[1.343s] Level 1:colcon.colcon_core.package_discovery:discover_packages(path) using defaults
[1.409s] INFO:colcon.colcon_core.package_selection:Skipping not selected package 'micro_ros_setup' in 'src/micro_ros_setup'
[1.410s] INFO:colcon.colcon_core.package_selection:Skipping not selected package 'ouster_msgs' in 'src/ouster-ros/ouster-msgs'
[1.410s] INFO:colcon.colcon_core.package_selection:Skipping not selected package 'ouster_srvs' in 'src/ouster-ros/ouster-srvs'
[1.410s] INFO:colcon.colcon_core.package_selection:Skipping not selected package 'pointcloud_to_laserscan' in 'src/pointcloud_to_laser'
[1.410s] INFO:colcon.colcon_core.package_selection:Skipping not selected package 'ouster_ros' in 'src/ouster-ros/ouster-ros'
[1.412s] Level 1:colcon.colcon_core.package_discovery:discover_packages(prefix_path) check parameters
[1.412s] Level 1:colcon.colcon_core.package_discovery:discover_packages(prefix_path) discover
[1.426s] DEBUG:colcon.colcon_installed_package_information.package_discovery:Found 257 installed packages in /opt/ros/foxy
[1.432s] Level 1:colcon.colcon_core.package_discovery:discover_packages(prefix_path) using defaults
[1.674s] Level 5:colcon.colcon_core.verb:set package 'navigation' build argument 'cmake_args' from command line to 'None'
[1.675s] Level 5:colcon.colcon_core.verb:set package 'navigation' build argument 'cmake_target' from command line to 'None'
[1.675s] Level 5:colcon.colcon_core.verb:set package 'navigation' build argument 'cmake_target_skip_unavailable' from command line to 'False'
[1.675s] Level 5:colcon.colcon_core.verb:set package 'navigation' build argument 'cmake_clean_cache' from command line to 'False'
[1.675s] Level 5:colcon.colcon_core.verb:set package 'navigation' build argument 'cmake_clean_first' from command line to 'False'
[1.675s] Level 5:colcon.colcon_core.verb:set package 'navigation' build argument 'cmake_force_configure' from command line to 'False'
[1.675s] Level 5:colcon.colcon_core.verb:set package 'navigation' build argument 'ament_cmake_args' from command line to 'None'
[1.675s] Level 5:colcon.colcon_core.verb:set package 'navigation' build argument 'catkin_cmake_args' from command line to 'None'
[1.675s] Level 5:colcon.colcon_core.verb:set package 'navigation' build argument 'catkin_skip_building_tests' from command line to 'False'
[1.676s] DEBUG:colcon.colcon_core.verb:Building package 'navigation' with the following arguments: {'ament_cmake_args': None, 'build_base': '/home/jetson/ros-workspace/build/navigation', 'catkin_cmake_args': None, 'catkin_skip_building_tests': False, 'cmake_args': None, 'cmake_clean_cache': False, 'cmake_clean_first': False, 'cmake_force_configure': False, 'cmake_target': None, 'cmake_target_skip_unavailable': False, 'install_base': '/home/jetson/ros-workspace/install/navigation', 'merge_install': False, 'path': '/home/jetson/ros-workspace/src/navigation', 'symlink_install': False, 'test_result_base': None}
[1.678s] INFO:colcon.colcon_core.executor:Executing jobs using 'parallel' executor
[1.692s] DEBUG:colcon.colcon_parallel_executor.executor.parallel:run_until_complete
[1.693s] INFO:colcon.colcon_ros.task.ament_cmake.build:Building ROS package in '/home/jetson/ros-workspace/src/navigation' with build type 'ament_cmake'
[1.694s] INFO:colcon.colcon_cmake.task.cmake.build:Building CMake package in '/home/jetson/ros-workspace/src/navigation'
[1.708s] INFO:colcon.colcon_core.plugin_system:Skipping extension 'colcon_core.shell.bat': Not used on non-Windows systems
[1.709s] INFO:colcon.colcon_core.shell:Skip shell extension 'powershell' for command environment: Not usable outside of PowerShell
[1.709s] DEBUG:colcon.colcon_core.shell:Skip shell extension 'dsv' for command environment
[1.769s] DEBUG:colcon.colcon_core.event_handler.log_command:Invoking command in '/home/jetson/ros-workspace/build/navigation': CMAKE_PREFIX_PATH=${CMAKE_PREFIX_PATH}:/opt/ros/foxy /usr/bin/cmake --build /home/jetson/ros-workspace/build/navigation -- -j4 -l4
[2.081s] DEBUG:colcon.colcon_core.event_handler.log_command:Invoked command in '/home/jetson/ros-workspace/build/navigation' returned '0': CMAKE_PREFIX_PATH=${CMAKE_PREFIX_PATH}:/opt/ros/foxy /usr/bin/cmake --build /home/jetson/ros-workspace/build/navigation -- -j4 -l4
[2.248s] DEBUG:colcon.colcon_core.event_handler.log_command:Invoking command in '/home/jetson/ros-workspace/build/navigation': CMAKE_PREFIX_PATH=${CMAKE_PREFIX_PATH}:/opt/ros/foxy /usr/bin/cmake --install /home/jetson/ros-workspace/build/navigation
[2.913s] Level 1:colcon.colcon_core.environment:create_environment_scripts_only(navigation)
[2.919s] DEBUG:colcon.colcon_core.event_handler.log_command:Invoked command in '/home/jetson/ros-workspace/build/navigation' returned '0': CMAKE_PREFIX_PATH=${CMAKE_PREFIX_PATH}:/opt/ros/foxy /usr/bin/cmake --install /home/jetson/ros-workspace/build/navigation
[2.953s] Level 1:colcon.colcon_core.environment:checking '/home/jetson/ros-workspace/install/navigation' for CMake module files
[2.956s] Level 1:colcon.colcon_core.environment:checking '/home/jetson/ros-workspace/install/navigation' for CMake config files
[2.958s] Level 1:colcon.colcon_core.shell:create_environment_hook('navigation', 'cmake_prefix_path')
[2.963s] INFO:colcon.colcon_core.shell:Creating environment hook '/home/jetson/ros-workspace/install/navigation/share/navigation/hook/cmake_prefix_path.ps1'
[2.966s] INFO:colcon.colcon_core.shell:Creating environment descriptor '/home/jetson/ros-workspace/install/navigation/share/navigation/hook/cmake_prefix_path.dsv'
[2.968s] INFO:colcon.colcon_core.shell:Creating environment hook '/home/jetson/ros-workspace/install/navigation/share/navigation/hook/cmake_prefix_path.sh'
[2.971s] Level 1:colcon.colcon_core.environment:checking '/home/jetson/ros-workspace/install/navigation/lib'
[2.972s] Level 1:colcon.colcon_core.environment:checking '/home/jetson/ros-workspace/install/navigation/bin'
[2.972s] Level 1:colcon.colcon_core.environment:checking '/home/jetson/ros-workspace/install/navigation/lib/pkgconfig/navigation.pc'
[2.973s] Level 1:colcon.colcon_core.environment:checking '/home/jetson/ros-workspace/install/navigation/lib/python3.8/site-packages'
[2.974s] Level 1:colcon.colcon_core.environment:checking '/home/jetson/ros-workspace/install/navigation/bin'
[2.979s] INFO:colcon.colcon_core.shell:Creating package script '/home/jetson/ros-workspace/install/navigation/share/navigation/package.ps1'
[2.982s] INFO:colcon.colcon_core.shell:Creating package descriptor '/home/jetson/ros-workspace/install/navigation/share/navigation/package.dsv'
[2.984s] INFO:colcon.colcon_core.shell:Creating package script '/home/jetson/ros-workspace/install/navigation/share/navigation/package.sh'
[2.987s] INFO:colcon.colcon_core.shell:Creating package script '/home/jetson/ros-workspace/install/navigation/share/navigation/package.bash'
[2.989s] INFO:colcon.colcon_core.shell:Creating package script '/home/jetson/ros-workspace/install/navigation/share/navigation/package.zsh'
[2.991s] Level 1:colcon.colcon_core.environment:create_file_with_runtime_dependencies(/home/jetson/ros-workspace/install/navigation/share/colcon-core/packages/navigation)
[3.105s] Level 1:colcon.colcon_core.environment:create_environment_scripts_only(navigation)
[3.117s] Level 1:colcon.colcon_core.environment:checking '/home/jetson/ros-workspace/install/navigation' for CMake module files
[3.121s] Level 1:colcon.colcon_core.environment:checking '/home/jetson/ros-workspace/install/navigation' for CMake config files
[3.123s] Level 1:colcon.colcon_core.shell:create_environment_hook('navigation', 'cmake_prefix_path')
[3.128s] INFO:colcon.colcon_core.shell:Creating environment hook '/home/jetson/ros-workspace/install/navigation/share/navigation/hook/cmake_prefix_path.ps1'
[3.131s] INFO:colcon.colcon_core.shell:Creating environment descriptor '/home/jetson/ros-workspace/install/navigation/share/navigation/hook/cmake_prefix_path.dsv'
[3.132s] INFO:colcon.colcon_core.shell:Creating environment hook '/home/jetson/ros-workspace/install/navigation/share/navigation/hook/cmake_prefix_path.sh'
[3.135s] Level 1:colcon.colcon_core.environment:checking '/home/jetson/ros-workspace/install/navigation/lib'
[3.136s] Level 1:colcon.colcon_core.environment:checking '/home/jetson/ros-workspace/install/navigation/bin'
[3.136s] Level 1:colcon.colcon_core.environment:checking '/home/jetson/ros-workspace/install/navigation/lib/pkgconfig/navigation.pc'
[3.137s] Level 1:colcon.colcon_core.environment:checking '/home/jetson/ros-workspace/install/navigation/lib/python3.8/site-packages'
[3.138s] Level 1:colcon.colcon_core.environment:checking '/home/jetson/ros-workspace/install/navigation/bin'
[3.145s] INFO:colcon.colcon_core.shell:Creating package script '/home/jetson/ros-workspace/install/navigation/share/navigation/package.ps1'
[3.148s] INFO:colcon.colcon_core.shell:Creating package descriptor '/home/jetson/ros-workspace/install/navigation/share/navigation/package.dsv'
[3.150s] INFO:colcon.colcon_core.shell:Creating package script '/home/jetson/ros-workspace/install/navigation/share/navigation/package.sh'
[3.152s] INFO:colcon.colcon_core.shell:Creating package script '/home/jetson/ros-workspace/install/navigation/share/navigation/package.bash'
[3.153s] INFO:colcon.colcon_core.shell:Creating package script '/home/jetson/ros-workspace/install/navigation/share/navigation/package.zsh'
[3.155s] Level 1:colcon.colcon_core.environment:create_file_with_runtime_dependencies(/home/jetson/ros-workspace/install/navigation/share/colcon-core/packages/navigation)
[3.156s] DEBUG:colcon.colcon_parallel_executor.executor.parallel:closing loop
[3.158s] DEBUG:colcon.colcon_parallel_executor.executor.parallel:loop closed
[3.159s] DEBUG:colcon.colcon_parallel_executor.executor.parallel:run_until_complete finished with '0'
[3.159s] DEBUG:colcon.colcon_core.event_reactor:joining thread
[3.184s] INFO:colcon.colcon_core.plugin_system:Skipping extension 'colcon_notification.desktop_notification.terminal_notifier': Not used on non-Darwin systems
[3.185s] INFO:colcon.colcon_core.plugin_system:Skipping extension 'colcon_notification.desktop_notification.win32': Not used on non-Windows systems
[3.185s] INFO:colcon.colcon_notification.desktop_notification:Sending desktop notification using 'notify2'
[3.263s] DEBUG:colcon.colcon_core.event_reactor:joined thread
[3.269s] INFO:colcon.colcon_core.shell:Creating prefix script '/home/jetson/ros-workspace/install/local_setup.ps1'
[3.273s] INFO:colcon.colcon_core.shell:Creating prefix util module '/home/jetson/ros-workspace/install/_local_setup_util_ps1.py'
[3.279s] INFO:colcon.colcon_core.shell:Creating prefix chain script '/home/jetson/ros-workspace/install/setup.ps1'
[3.284s] INFO:colcon.colcon_core.shell:Creating prefix script '/home/jetson/ros-workspace/install/local_setup.sh'
[3.287s] INFO:colcon.colcon_core.shell:Creating prefix util module '/home/jetson/ros-workspace/install/_local_setup_util_sh.py'
[3.289s] INFO:colcon.colcon_core.shell:Creating prefix chain script '/home/jetson/ros-workspace/install/setup.sh'
[3.295s] INFO:colcon.colcon_core.shell:Creating prefix script '/home/jetson/ros-workspace/install/local_setup.bash'
[3.297s] INFO:colcon.colcon_core.shell:Creating prefix chain script '/home/jetson/ros-workspace/install/setup.bash'
[3.304s] INFO:colcon.colcon_core.shell:Creating prefix script '/home/jetson/ros-workspace/install/local_setup.zsh'
[3.305s] INFO:colcon.colcon_core.shell:Creating prefix chain script '/home/jetson/ros-workspace/install/setup.zsh'
