[0.029s] Invoking command in '/home/uocav/ros-workspace/build/ros2_esp32': CMAKE_PREFIX_PATH=${CMAKE_PREFIX_PATH}:/home/uocav/ros-workspace/install/urdf_tutorial_r2d2:/opt/ros/foxy /usr/bin/cmake /home/uocav/ros-workspace/src/ros2_esp32 -DCMAKE_BUILD_TYPE=Release -DAMENT_CMAKE_SYMLINK_INSTALL=1 -DCMAKE_INSTALL_PREFIX=/home/uocav/ros-workspace/install/ros2_esp32
[0.129s] -- The C compiler identification is GNU 9.4.0
[0.205s] -- The CXX compiler identification is GNU 9.4.0
[0.212s] -- Check for working C compiler: /usr/bin/cc
[0.348s] -- Check for working C compiler: /usr/bin/cc -- works
[0.349s] -- Detecting C compiler ABI info
[0.444s] -- Detecting C compiler ABI info - done
[0.463s] -- Detecting C compile features
[0.463s] -- Detecting C compile features - done
[0.467s] -- Check for working CXX compiler: /usr/bin/c++
[0.618s] -- Check for working CXX compiler: /usr/bin/c++ -- works
[0.620s] -- Detecting CXX compiler ABI info
[0.923s] -- Detecting CXX compiler ABI info - done
[0.940s] -- Detecting CXX compile features
[0.941s] -- Detecting CXX compile features - done
[0.948s] -- Found ament_cmake: 0.9.12 (/opt/ros/foxy/share/ament_cmake/cmake)
[1.004s] -- Found PythonInterp: /usr/bin/python3 (found suitable version "3.8.10", minimum required is "3") 
[1.004s] -- Using PYTHON_EXECUTABLE: /usr/bin/python3
[1.350s] -- Override CMake install command with custom implementation using symlinks instead of copying resources
[1.456s] -- Found rclcpp: 2.4.3 (/opt/ros/foxy/share/rclcpp/cmake)
[1.633s] -- Using all available rosidl_typesupport_c: rosidl_typesupport_fastrtps_c;rosidl_typesupport_introspection_c
[1.658s] -- Found rosidl_adapter: 1.3.1 (/opt/ros/foxy/share/rosidl_adapter/cmake)
[2.154s] -- Found OpenSSL: /usr/lib/x86_64-linux-gnu/libcrypto.so (found version "1.1.1f")  
[2.259s] -- Found FastRTPS: /opt/ros/foxy/include  
[2.502s] -- Using all available rosidl_typesupport_cpp: rosidl_typesupport_fastrtps_cpp;rosidl_typesupport_introspection_cpp
[2.632s] -- Found rmw_implementation_cmake: 1.0.4 (/opt/ros/foxy/share/rmw_implementation_cmake/cmake)
[2.635s] -- Using RMW implementation 'rmw_fastrtps_cpp' as default
[2.636s] -- Looking for pthread.h
[2.858s] -- Looking for pthread.h - found
[2.858s] -- Performing Test CMAKE_HAVE_LIBC_PTHREAD
[3.243s] -- Performing Test CMAKE_HAVE_LIBC_PTHREAD - Failed
[3.244s] -- Looking for pthread_create in pthreads
[3.601s] -- Looking for pthread_create in pthreads - not found
[3.601s] -- Looking for pthread_create in pthread
[4.073s] -- Looking for pthread_create in pthread - found
[4.074s] -- Found Threads: TRUE  
[5.021s] -- Configuring done
[5.052s] -- Generating done
[5.056s] -- Build files have been written to: /home/uocav/ros-workspace/build/ros2_esp32
[5.076s] Invoked command in '/home/uocav/ros-workspace/build/ros2_esp32' returned '0': CMAKE_PREFIX_PATH=${CMAKE_PREFIX_PATH}:/home/uocav/ros-workspace/install/urdf_tutorial_r2d2:/opt/ros/foxy /usr/bin/cmake /home/uocav/ros-workspace/src/ros2_esp32 -DCMAKE_BUILD_TYPE=Release -DAMENT_CMAKE_SYMLINK_INSTALL=1 -DCMAKE_INSTALL_PREFIX=/home/uocav/ros-workspace/install/ros2_esp32
[5.077s] Invoking command in '/home/uocav/ros-workspace/build/ros2_esp32': CMAKE_PREFIX_PATH=${CMAKE_PREFIX_PATH}:/home/uocav/ros-workspace/install/urdf_tutorial_r2d2:/opt/ros/foxy /usr/bin/cmake --build /home/uocav/ros-workspace/build/ros2_esp32 -- -j6 -l6
[5.282s] [35m[1mScanning dependencies of target string_publisher[0m
[5.302s] [35m[1mScanning dependencies of target integer_publisher[0m
[5.438s] [ 25%] [32mBuilding CXX object CMakeFiles/integer_publisher.dir/src/integer_publisher.cpp.o[0m
[5.443s] [ 50%] [32mBuilding CXX object CMakeFiles/string_publisher.dir/src/string_publisher.cpp.o[0m
[11.499s] [ 75%] [32m[1mLinking CXX executable string_publisher[0m
[11.651s] [ 75%] Built target string_publisher
[12.151s] [100%] [32m[1mLinking CXX executable integer_publisher[0m
[12.315s] [100%] Built target integer_publisher
[12.332s] Invoked command in '/home/uocav/ros-workspace/build/ros2_esp32' returned '0': CMAKE_PREFIX_PATH=${CMAKE_PREFIX_PATH}:/home/uocav/ros-workspace/install/urdf_tutorial_r2d2:/opt/ros/foxy /usr/bin/cmake --build /home/uocav/ros-workspace/build/ros2_esp32 -- -j6 -l6
[12.360s] Invoking command in '/home/uocav/ros-workspace/build/ros2_esp32': CMAKE_PREFIX_PATH=${CMAKE_PREFIX_PATH}:/home/uocav/ros-workspace/install/urdf_tutorial_r2d2:/opt/ros/foxy /usr/bin/cmake --install /home/uocav/ros-workspace/build/ros2_esp32
[12.368s] -- Install configuration: "Release"
[12.369s] -- Execute custom install script
[12.369s] -- Symlinking: /home/uocav/ros-workspace/install/ros2_esp32/lib/ros2_esp32/integer_publisher
[12.380s] -- Symlinking: /home/uocav/ros-workspace/install/ros2_esp32/lib/ros2_esp32/string_publisher
[12.392s] -- Symlinking: /home/uocav/ros-workspace/install/ros2_esp32/share/ament_index/resource_index/package_run_dependencies/ros2_esp32
[12.400s] -- Symlinking: /home/uocav/ros-workspace/install/ros2_esp32/share/ament_index/resource_index/parent_prefix_path/ros2_esp32
[12.409s] -- Symlinking: /home/uocav/ros-workspace/install/ros2_esp32/share/ros2_esp32/environment/ament_prefix_path.sh
[12.418s] -- Symlinking: /home/uocav/ros-workspace/install/ros2_esp32/share/ros2_esp32/environment/ament_prefix_path.dsv
[12.426s] -- Symlinking: /home/uocav/ros-workspace/install/ros2_esp32/share/ros2_esp32/environment/path.sh
[12.434s] -- Symlinking: /home/uocav/ros-workspace/install/ros2_esp32/share/ros2_esp32/environment/path.dsv
[12.443s] -- Symlinking: /home/uocav/ros-workspace/install/ros2_esp32/share/ros2_esp32/local_setup.bash
[12.454s] -- Symlinking: /home/uocav/ros-workspace/install/ros2_esp32/share/ros2_esp32/local_setup.sh
[12.462s] -- Symlinking: /home/uocav/ros-workspace/install/ros2_esp32/share/ros2_esp32/local_setup.zsh
[12.472s] -- Symlinking: /home/uocav/ros-workspace/install/ros2_esp32/share/ros2_esp32/local_setup.dsv
[12.480s] -- Symlinking: /home/uocav/ros-workspace/install/ros2_esp32/share/ros2_esp32/package.dsv
[12.492s] -- Symlinking: /home/uocav/ros-workspace/install/ros2_esp32/share/ament_index/resource_index/packages/ros2_esp32
[12.507s] -- Symlinking: /home/uocav/ros-workspace/install/ros2_esp32/share/ros2_esp32/cmake/ros2_esp32Config.cmake
[12.519s] -- Symlinking: /home/uocav/ros-workspace/install/ros2_esp32/share/ros2_esp32/cmake/ros2_esp32Config-version.cmake
[12.528s] -- Symlinking: /home/uocav/ros-workspace/install/ros2_esp32/share/ros2_esp32/package.xml
[12.540s] Invoked command in '/home/uocav/ros-workspace/build/ros2_esp32' returned '0': CMAKE_PREFIX_PATH=${CMAKE_PREFIX_PATH}:/home/uocav/ros-workspace/install/urdf_tutorial_r2d2:/opt/ros/foxy /usr/bin/cmake --install /home/uocav/ros-workspace/build/ros2_esp32
