[0.530s] Invoking command in '/home/jetson/ros-workspace/build/ouster_srvs': CMAKE_PREFIX_PATH=${CMAKE_PREFIX_PATH}:/home/jetson/ros-workspace/install/urdf_tutorial_r2d2:/opt/ros/foxy /usr/bin/cmake --build /home/jetson/ros-workspace/build/ouster_srvs -- -j6 -l6
[1.369s] [  2%] Built target ouster_srvs__cpp
[1.420s] [ 12%] Built target ouster_srvs__rosidl_generator_c
[2.045s] [ 23%] Built target ouster_srvs__rosidl_typesupport_introspection_cpp
[2.132s] [ 34%] Built target ouster_srvs__rosidl_typesupport_cpp
[2.139s] [ 44%] Built target ouster_srvs__rosidl_typesupport_c
[2.243s] [ 55%] Built target ouster_srvs__rosidl_typesupport_fastrtps_cpp
[2.431s] [ 65%] Built target ouster_srvs__rosidl_typesupport_introspection_c
[2.756s] [ 76%] Built target ouster_srvs__rosidl_typesupport_fastrtps_c
[2.937s] [ 76%] Built target ouster_srvs
[3.271s] [ 78%] Built target ouster_srvs__py
[3.549s] [ 87%] Built target ouster_srvs__python
[3.946s] [ 91%] Built target ouster_srvs__rosidl_typesupport_introspection_c__pyext
[3.977s] [ 95%] Built target ouster_srvs__rosidl_typesupport_c__pyext
[4.030s] [100%] Built target ouster_srvs__rosidl_typesupport_fastrtps_c__pyext
[6.075s] Invoked command in '/home/jetson/ros-workspace/build/ouster_srvs' returned '0': CMAKE_PREFIX_PATH=${CMAKE_PREFIX_PATH}:/home/jetson/ros-workspace/install/urdf_tutorial_r2d2:/opt/ros/foxy /usr/bin/cmake --build /home/jetson/ros-workspace/build/ouster_srvs -- -j6 -l6
[7.229s] Invoking command in '/home/jetson/ros-workspace/build/ouster_srvs': CMAKE_PREFIX_PATH=${CMAKE_PREFIX_PATH}:/home/jetson/ros-workspace/install/urdf_tutorial_r2d2:/opt/ros/foxy /usr/bin/cmake --install /home/jetson/ros-workspace/build/ouster_srvs
[7.343s] -- Install configuration: "Release"
[7.354s] -- Execute custom install script
[7.363s] -- Up-to-date symlink: /home/jetson/ros-workspace/install/ouster_srvs/share/ament_index/resource_index/rosidl_interfaces/ouster_srvs
[7.365s] -- Up-to-date symlink: /home/jetson/ros-workspace/install/ouster_srvs/include/ouster_srvs/msg/rosidl_generator_c__visibility_control.h
[7.367s] -- Up-to-date symlink: /home/jetson/ros-workspace/install/ouster_srvs/include/ouster_srvs/srv/detail/get_config__functions.h
[7.370s] -- Up-to-date symlink: /home/jetson/ros-workspace/install/ouster_srvs/include/ouster_srvs/srv/detail/get_config__struct.h
[7.374s] -- Up-to-date symlink: /home/jetson/ros-workspace/install/ouster_srvs/include/ouster_srvs/srv/detail/get_config__type_support.h
[7.377s] -- Up-to-date symlink: /home/jetson/ros-workspace/install/ouster_srvs/include/ouster_srvs/srv/detail/get_metadata__functions.h
[7.378s] -- Up-to-date symlink: /home/jetson/ros-workspace/install/ouster_srvs/include/ouster_srvs/srv/detail/get_metadata__struct.h
[7.382s] -- Up-to-date symlink: /home/jetson/ros-workspace/install/ouster_srvs/include/ouster_srvs/srv/detail/get_metadata__type_support.h
[7.388s] -- Up-to-date symlink: /home/jetson/ros-workspace/install/ouster_srvs/include/ouster_srvs/srv/detail/set_config__functions.h
[7.403s] -- Up-to-date symlink: /home/jetson/ros-workspace/install/ouster_srvs/include/ouster_srvs/srv/detail/set_config__struct.h
[7.406s] -- Up-to-date symlink: /home/jetson/ros-workspace/install/ouster_srvs/include/ouster_srvs/srv/detail/set_config__type_support.h
[7.407s] -- Up-to-date symlink: /home/jetson/ros-workspace/install/ouster_srvs/include/ouster_srvs/srv/get_config.h
[7.408s] -- Up-to-date symlink: /home/jetson/ros-workspace/install/ouster_srvs/include/ouster_srvs/srv/get_metadata.h
[7.411s] -- Up-to-date symlink: /home/jetson/ros-workspace/install/ouster_srvs/include/ouster_srvs/srv/set_config.h
[7.412s] -- Up-to-date symlink: /home/jetson/ros-workspace/install/ouster_srvs/share/ouster_srvs/environment/library_path.sh
[7.413s] -- Up-to-date symlink: /home/jetson/ros-workspace/install/ouster_srvs/share/ouster_srvs/environment/library_path.dsv
[7.414s] -- Up-to-date symlink: /home/jetson/ros-workspace/install/ouster_srvs/include/ouster_srvs/msg/rosidl_typesupport_fastrtps_c__visibility_control.h
[7.416s] -- Up-to-date symlink: /home/jetson/ros-workspace/install/ouster_srvs/include/ouster_srvs/srv/detail/get_config__rosidl_typesupport_fastrtps_c.h
[7.418s] -- Up-to-date symlink: /home/jetson/ros-workspace/install/ouster_srvs/include/ouster_srvs/srv/detail/get_metadata__rosidl_typesupport_fastrtps_c.h
[7.419s] -- Up-to-date symlink: /home/jetson/ros-workspace/install/ouster_srvs/include/ouster_srvs/srv/detail/set_config__rosidl_typesupport_fastrtps_c.h
[7.421s] -- Up-to-date symlink: /home/jetson/ros-workspace/install/ouster_srvs/lib/libouster_srvs__rosidl_typesupport_fastrtps_c.so
[7.424s] -- Up-to-date symlink: /home/jetson/ros-workspace/install/ouster_srvs/include/ouster_srvs/msg/rosidl_typesupport_fastrtps_cpp__visibility_control.h
[7.428s] -- Up-to-date symlink: /home/jetson/ros-workspace/install/ouster_srvs/include/ouster_srvs/srv/detail/get_config__rosidl_typesupport_fastrtps_cpp.hpp
[7.433s] -- Up-to-date symlink: /home/jetson/ros-workspace/install/ouster_srvs/include/ouster_srvs/srv/detail/get_metadata__rosidl_typesupport_fastrtps_cpp.hpp
[7.434s] -- Up-to-date symlink: /home/jetson/ros-workspace/install/ouster_srvs/include/ouster_srvs/srv/detail/set_config__rosidl_typesupport_fastrtps_cpp.hpp
[7.435s] -- Up-to-date symlink: /home/jetson/ros-workspace/install/ouster_srvs/lib/libouster_srvs__rosidl_typesupport_fastrtps_cpp.so
[7.436s] -- Up-to-date symlink: /home/jetson/ros-workspace/install/ouster_srvs/include/ouster_srvs/msg/rosidl_typesupport_introspection_c__visibility_control.h
[7.457s] -- Up-to-date symlink: /home/jetson/ros-workspace/install/ouster_srvs/include/ouster_srvs/srv/detail/get_config__rosidl_typesupport_introspection_c.h
[7.461s] -- Up-to-date symlink: /home/jetson/ros-workspace/install/ouster_srvs/include/ouster_srvs/srv/detail/get_metadata__rosidl_typesupport_introspection_c.h
[7.465s] -- Up-to-date symlink: /home/jetson/ros-workspace/install/ouster_srvs/include/ouster_srvs/srv/detail/set_config__rosidl_typesupport_introspection_c.h
[7.471s] -- Up-to-date symlink: /home/jetson/ros-workspace/install/ouster_srvs/include/ouster_srvs/msg/rosidl_generator_cpp__visibility_control.hpp
[7.489s] -- Up-to-date symlink: /home/jetson/ros-workspace/install/ouster_srvs/include/ouster_srvs/srv/detail/get_config__builder.hpp
[7.493s] -- Up-to-date symlink: /home/jetson/ros-workspace/install/ouster_srvs/include/ouster_srvs/srv/detail/get_config__struct.hpp
[7.495s] -- Up-to-date symlink: /home/jetson/ros-workspace/install/ouster_srvs/include/ouster_srvs/srv/detail/get_config__traits.hpp
[7.497s] -- Up-to-date symlink: /home/jetson/ros-workspace/install/ouster_srvs/include/ouster_srvs/srv/detail/get_config__type_support.hpp
[7.500s] -- Up-to-date symlink: /home/jetson/ros-workspace/install/ouster_srvs/include/ouster_srvs/srv/detail/get_metadata__builder.hpp
[7.502s] -- Up-to-date symlink: /home/jetson/ros-workspace/install/ouster_srvs/include/ouster_srvs/srv/detail/get_metadata__struct.hpp
[7.504s] -- Up-to-date symlink: /home/jetson/ros-workspace/install/ouster_srvs/include/ouster_srvs/srv/detail/get_metadata__traits.hpp
[7.508s] -- Up-to-date symlink: /home/jetson/ros-workspace/install/ouster_srvs/include/ouster_srvs/srv/detail/get_metadata__type_support.hpp
[7.509s] -- Up-to-date symlink: /home/jetson/ros-workspace/install/ouster_srvs/include/ouster_srvs/srv/detail/set_config__builder.hpp
[7.510s] -- Up-to-date symlink: /home/jetson/ros-workspace/install/ouster_srvs/include/ouster_srvs/srv/detail/set_config__struct.hpp
[7.511s] -- Up-to-date symlink: /home/jetson/ros-workspace/install/ouster_srvs/include/ouster_srvs/srv/detail/set_config__traits.hpp
[7.520s] -- Up-to-date symlink: /home/jetson/ros-workspace/install/ouster_srvs/include/ouster_srvs/srv/detail/set_config__type_support.hpp
[7.523s] -- Up-to-date symlink: /home/jetson/ros-workspace/install/ouster_srvs/include/ouster_srvs/srv/get_config.hpp
[7.525s] -- Up-to-date symlink: /home/jetson/ros-workspace/install/ouster_srvs/include/ouster_srvs/srv/get_metadata.hpp
[7.529s] -- Up-to-date symlink: /home/jetson/ros-workspace/install/ouster_srvs/include/ouster_srvs/srv/set_config.hpp
[7.530s] -- Up-to-date symlink: /home/jetson/ros-workspace/install/ouster_srvs/include/ouster_srvs/srv/detail/get_config__rosidl_typesupport_introspection_cpp.hpp
[7.530s] -- Up-to-date symlink: /home/jetson/ros-workspace/install/ouster_srvs/include/ouster_srvs/srv/detail/get_metadata__rosidl_typesupport_introspection_cpp.hpp
[7.531s] -- Up-to-date symlink: /home/jetson/ros-workspace/install/ouster_srvs/include/ouster_srvs/srv/detail/set_config__rosidl_typesupport_introspection_cpp.hpp
[7.532s] -- Up-to-date symlink: /home/jetson/ros-workspace/install/ouster_srvs/share/ouster_srvs/environment/pythonpath.sh
[7.533s] -- Up-to-date symlink: /home/jetson/ros-workspace/install/ouster_srvs/share/ouster_srvs/environment/pythonpath.dsv
[7.533s] -- Up-to-date symlink: /home/jetson/ros-workspace/install/ouster_srvs/lib/python3.8/site-packages/ouster_srvs/__init__.py
[7.534s] -- Up-to-date symlink: /home/jetson/ros-workspace/install/ouster_srvs/lib/python3.8/site-packages/ouster_srvs/srv/__init__.py
[7.534s] -- Up-to-date symlink: /home/jetson/ros-workspace/install/ouster_srvs/lib/python3.8/site-packages/ouster_srvs/srv/_get_config.py
[7.535s] -- Up-to-date symlink: /home/jetson/ros-workspace/install/ouster_srvs/lib/python3.8/site-packages/ouster_srvs/srv/_get_metadata.py
[7.535s] -- Up-to-date symlink: /home/jetson/ros-workspace/install/ouster_srvs/lib/python3.8/site-packages/ouster_srvs/srv/_set_config.py
[7.539s] -- Up-to-date symlink: /home/jetson/ros-workspace/install/ouster_srvs/lib/python3.8/site-packages/ouster_srvs/ouster_srvs_s__rosidl_typesupport_fastrtps_c.cpython-38-aarch64-linux-gnu.so
[7.541s] -- Up-to-date symlink: /home/jetson/ros-workspace/install/ouster_srvs/lib/python3.8/site-packages/ouster_srvs/ouster_srvs_s__rosidl_typesupport_introspection_c.cpython-38-aarch64-linux-gnu.so
[7.541s] -- Up-to-date symlink: /home/jetson/ros-workspace/install/ouster_srvs/lib/python3.8/site-packages/ouster_srvs/ouster_srvs_s__rosidl_typesupport_c.cpython-38-aarch64-linux-gnu.so
[7.542s] -- Up-to-date symlink: /home/jetson/ros-workspace/install/ouster_srvs/lib/libouster_srvs__python.so
[7.543s] -- Up-to-date symlink: /home/jetson/ros-workspace/install/ouster_srvs/share/ouster_srvs/srv/GetConfig.idl
[7.546s] -- Up-to-date symlink: /home/jetson/ros-workspace/install/ouster_srvs/share/ouster_srvs/srv/SetConfig.idl
[7.546s] -- Up-to-date symlink: /home/jetson/ros-workspace/install/ouster_srvs/share/ouster_srvs/srv/GetMetadata.idl
[7.549s] -- Up-to-date symlink: /home/jetson/ros-workspace/install/ouster_srvs/share/ouster_srvs/srv/GetConfig.srv
[7.553s] -- Up-to-date symlink: /home/jetson/ros-workspace/install/ouster_srvs/share/ouster_srvs/srv/GetConfig_Request.msg
[7.554s] -- Up-to-date symlink: /home/jetson/ros-workspace/install/ouster_srvs/share/ouster_srvs/srv/GetConfig_Response.msg
[7.556s] -- Up-to-date symlink: /home/jetson/ros-workspace/install/ouster_srvs/share/ouster_srvs/srv/SetConfig.srv
[7.558s] -- Up-to-date symlink: /home/jetson/ros-workspace/install/ouster_srvs/share/ouster_srvs/srv/SetConfig_Request.msg
[7.573s] -- Up-to-date symlink: /home/jetson/ros-workspace/install/ouster_srvs/share/ouster_srvs/srv/SetConfig_Response.msg
[7.574s] -- Up-to-date symlink: /home/jetson/ros-workspace/install/ouster_srvs/share/ouster_srvs/srv/GetMetadata.srv
[7.575s] -- Up-to-date symlink: /home/jetson/ros-workspace/install/ouster_srvs/share/ouster_srvs/srv/GetMetadata_Request.msg
[7.576s] -- Up-to-date symlink: /home/jetson/ros-workspace/install/ouster_srvs/share/ouster_srvs/srv/GetMetadata_Response.msg
[7.576s] -- Up-to-date symlink: /home/jetson/ros-workspace/install/ouster_srvs/share/ament_index/resource_index/package_run_dependencies/ouster_srvs
[7.592s] -- Up-to-date symlink: /home/jetson/ros-workspace/install/ouster_srvs/share/ament_index/resource_index/parent_prefix_path/ouster_srvs
[7.597s] -- Up-to-date symlink: /home/jetson/ros-workspace/install/ouster_srvs/share/ouster_srvs/environment/ament_prefix_path.sh
[7.620s] -- Up-to-date symlink: /home/jetson/ros-workspace/install/ouster_srvs/share/ouster_srvs/environment/ament_prefix_path.dsv
[7.643s] -- Up-to-date symlink: /home/jetson/ros-workspace/install/ouster_srvs/share/ouster_srvs/environment/path.sh
[7.658s] -- Up-to-date symlink: /home/jetson/ros-workspace/install/ouster_srvs/share/ouster_srvs/environment/path.dsv
[7.660s] -- Up-to-date symlink: /home/jetson/ros-workspace/install/ouster_srvs/share/ouster_srvs/local_setup.bash
[7.660s] -- Up-to-date symlink: /home/jetson/ros-workspace/install/ouster_srvs/share/ouster_srvs/local_setup.sh
[7.661s] -- Up-to-date symlink: /home/jetson/ros-workspace/install/ouster_srvs/share/ouster_srvs/local_setup.zsh
[7.661s] -- Up-to-date symlink: /home/jetson/ros-workspace/install/ouster_srvs/share/ouster_srvs/local_setup.dsv
[7.662s] -- Symlinking: /home/jetson/ros-workspace/install/ouster_srvs/share/ouster_srvs/package.dsv
[7.713s] -- Up-to-date symlink: /home/jetson/ros-workspace/install/ouster_srvs/share/ament_index/resource_index/packages/ouster_srvs
[7.715s] -- Up-to-date symlink: /home/jetson/ros-workspace/install/ouster_srvs/share/ouster_srvs/cmake/rosidl_cmake-extras.cmake
[7.716s] -- Up-to-date symlink: /home/jetson/ros-workspace/install/ouster_srvs/share/ouster_srvs/cmake/ament_cmake_export_dependencies-extras.cmake
[7.718s] -- Up-to-date symlink: /home/jetson/ros-workspace/install/ouster_srvs/share/ouster_srvs/cmake/ament_cmake_export_libraries-extras.cmake
[7.718s] -- Up-to-date symlink: /home/jetson/ros-workspace/install/ouster_srvs/share/ouster_srvs/cmake/ament_cmake_export_targets-extras.cmake
[7.719s] -- Up-to-date symlink: /home/jetson/ros-workspace/install/ouster_srvs/share/ouster_srvs/cmake/ament_cmake_export_include_directories-extras.cmake
[7.728s] -- Up-to-date symlink: /home/jetson/ros-workspace/install/ouster_srvs/share/ouster_srvs/cmake/rosidl_cmake_export_typesupport_libraries-extras.cmake
[7.732s] -- Up-to-date symlink: /home/jetson/ros-workspace/install/ouster_srvs/share/ouster_srvs/cmake/rosidl_cmake_export_typesupport_targets-extras.cmake
[7.739s] -- Up-to-date symlink: /home/jetson/ros-workspace/install/ouster_srvs/share/ouster_srvs/cmake/ouster_srvsConfig.cmake
[7.739s] -- Up-to-date symlink: /home/jetson/ros-workspace/install/ouster_srvs/share/ouster_srvs/cmake/ouster_srvsConfig-version.cmake
[7.740s] -- Up-to-date symlink: /home/jetson/ros-workspace/install/ouster_srvs/share/ouster_srvs/package.xml
[7.747s] -- Up-to-date: /home/jetson/ros-workspace/install/ouster_srvs/lib/libouster_srvs__rosidl_generator_c.so
[7.759s] -- Up-to-date: /home/jetson/ros-workspace/install/ouster_srvs/lib/libouster_srvs__rosidl_typesupport_introspection_c.so
[7.762s] -- Up-to-date: /home/jetson/ros-workspace/install/ouster_srvs/lib/libouster_srvs__rosidl_typesupport_c.so
[7.763s] -- Up-to-date: /home/jetson/ros-workspace/install/ouster_srvs/lib/libouster_srvs__rosidl_typesupport_introspection_cpp.so
[7.764s] -- Up-to-date: /home/jetson/ros-workspace/install/ouster_srvs/lib/libouster_srvs__rosidl_typesupport_cpp.so
[8.016s] -- Up-to-date: /home/jetson/ros-workspace/install/ouster_srvs/share/ouster_srvs/cmake/ouster_srvs__rosidl_generator_cExport.cmake
[8.017s] -- Up-to-date: /home/jetson/ros-workspace/install/ouster_srvs/share/ouster_srvs/cmake/ouster_srvs__rosidl_generator_cExport-release.cmake
[8.026s] -- Up-to-date: /home/jetson/ros-workspace/install/ouster_srvs/share/ouster_srvs/cmake/ouster_srvs__rosidl_typesupport_introspection_cExport.cmake
[8.031s] -- Up-to-date: /home/jetson/ros-workspace/install/ouster_srvs/share/ouster_srvs/cmake/ouster_srvs__rosidl_typesupport_introspection_cExport-release.cmake
[8.034s] -- Up-to-date: /home/jetson/ros-workspace/install/ouster_srvs/share/ouster_srvs/cmake/ouster_srvs__rosidl_typesupport_cExport.cmake
[8.041s] -- Up-to-date: /home/jetson/ros-workspace/install/ouster_srvs/share/ouster_srvs/cmake/ouster_srvs__rosidl_typesupport_cExport-release.cmake
[8.044s] -- Up-to-date: /home/jetson/ros-workspace/install/ouster_srvs/share/ouster_srvs/cmake/ouster_srvs__rosidl_generator_cppExport.cmake
[8.050s] -- Up-to-date: /home/jetson/ros-workspace/install/ouster_srvs/share/ouster_srvs/cmake/ouster_srvs__rosidl_typesupport_introspection_cppExport.cmake
[8.054s] -- Up-to-date: /home/jetson/ros-workspace/install/ouster_srvs/share/ouster_srvs/cmake/ouster_srvs__rosidl_typesupport_introspection_cppExport-release.cmake
[8.065s] -- Up-to-date: /home/jetson/ros-workspace/install/ouster_srvs/share/ouster_srvs/cmake/ouster_srvs__rosidl_typesupport_cppExport.cmake
[8.068s] -- Up-to-date: /home/jetson/ros-workspace/install/ouster_srvs/share/ouster_srvs/cmake/ouster_srvs__rosidl_typesupport_cppExport-release.cmake
[8.093s] Invoked command in '/home/jetson/ros-workspace/build/ouster_srvs' returned '0': CMAKE_PREFIX_PATH=${CMAKE_PREFIX_PATH}:/home/jetson/ros-workspace/install/urdf_tutorial_r2d2:/opt/ros/foxy /usr/bin/cmake --install /home/jetson/ros-workspace/build/ouster_srvs
