[0.044s] Invoking command in '/home/uocav/ros-workspace/build/mini_bot_description': CMAKE_PREFIX_PATH=${CMAKE_PREFIX_PATH}:/home/uocav/ros-workspace/install/urdf_tutorial_r2d2:/opt/ros/foxy /usr/bin/cmake /home/uocav/ros-workspace/src/mini_bot_description -DCMAKE_BUILD_TYPE=RelWithDebInfo -DCMAKE_INSTALL_PREFIX=/home/uocav/ros-workspace/install/mini_bot_description
[0.072s] -- Found ament_cmake: 0.9.12 (/opt/ros/foxy/share/ament_cmake/cmake)
[0.089s] -- Using PYTHON_EXECUTABLE: /usr/bin/python3
[0.264s] -- Override CMake install command with custom implementation using symlinks instead of copying resources
[0.271s] -- Found ament_lint_auto: 0.9.8 (/opt/ros/foxy/share/ament_lint_auto/cmake)
[0.332s] -- Added test 'copyright' to check source files copyright and LICENSE
[0.339s] -- Added test 'flake8' to check Python code syntax and style conventions
[0.339s] -- Added test 'lint_cmake' to check CMake code style
[0.339s] -- Added test 'pep257' to check Python code against some of the style conventions in PEP 257
[0.339s] -- Added test 'xmllint' to check XML markup files
[0.339s] -- Configuring done
[0.339s] -- Generating done
[0.339s] -- Build files have been written to: /home/uocav/ros-workspace/build/mini_bot_description
[0.344s] Invoked command in '/home/uocav/ros-workspace/build/mini_bot_description' returned '0': CMAKE_PREFIX_PATH=${CMAKE_PREFIX_PATH}:/home/uocav/ros-workspace/install/urdf_tutorial_r2d2:/opt/ros/foxy /usr/bin/cmake /home/uocav/ros-workspace/src/mini_bot_description -DCMAKE_BUILD_TYPE=RelWithDebInfo -DCMAKE_INSTALL_PREFIX=/home/uocav/ros-workspace/install/mini_bot_description
[0.344s] Invoking command in '/home/uocav/ros-workspace/build/mini_bot_description': CMAKE_PREFIX_PATH=${CMAKE_PREFIX_PATH}:/home/uocav/ros-workspace/install/urdf_tutorial_r2d2:/opt/ros/foxy /usr/bin/cmake --build /home/uocav/ros-workspace/build/mini_bot_description -- -j6 -l6
[0.379s] Invoked command in '/home/uocav/ros-workspace/build/mini_bot_description' returned '0': CMAKE_PREFIX_PATH=${CMAKE_PREFIX_PATH}:/home/uocav/ros-workspace/install/urdf_tutorial_r2d2:/opt/ros/foxy /usr/bin/cmake --build /home/uocav/ros-workspace/build/mini_bot_description -- -j6 -l6
[0.434s] Invoking command in '/home/uocav/ros-workspace/build/mini_bot_description': CMAKE_PREFIX_PATH=${CMAKE_PREFIX_PATH}:/home/uocav/ros-workspace/install/urdf_tutorial_r2d2:/opt/ros/foxy /usr/bin/cmake --install /home/uocav/ros-workspace/build/mini_bot_description
[0.443s] -- Install configuration: "RelWithDebInfo"
[0.443s] -- Execute custom install script
[0.444s] -- Up-to-date symlink: /home/uocav/ros-workspace/install/mini_bot_description/share/mini_bot_description/src/description/prototype.urdf
[0.444s] -- Up-to-date symlink: /home/uocav/ros-workspace/install/mini_bot_description/share/mini_bot_description/launch/display.launch.py
[0.444s] -- Up-to-date symlink: /home/uocav/ros-workspace/install/mini_bot_description/share/mini_bot_description/launch/robot_state.launch.py
[0.444s] -- Up-to-date symlink: /home/uocav/ros-workspace/install/mini_bot_description/share/mini_bot_description/rviz/urdf_config.rviz
[0.445s] -- Up-to-date symlink: /home/uocav/ros-workspace/install/mini_bot_description/share/ament_index/resource_index/package_run_dependencies/mini_bot_description
[0.445s] -- Up-to-date symlink: /home/uocav/ros-workspace/install/mini_bot_description/share/ament_index/resource_index/parent_prefix_path/mini_bot_description
[0.445s] -- Up-to-date symlink: /home/uocav/ros-workspace/install/mini_bot_description/share/mini_bot_description/environment/ament_prefix_path.sh
[0.445s] -- Up-to-date symlink: /home/uocav/ros-workspace/install/mini_bot_description/share/mini_bot_description/environment/ament_prefix_path.dsv
[0.446s] -- Up-to-date symlink: /home/uocav/ros-workspace/install/mini_bot_description/share/mini_bot_description/environment/path.sh
[0.446s] -- Up-to-date symlink: /home/uocav/ros-workspace/install/mini_bot_description/share/mini_bot_description/environment/path.dsv
[0.446s] -- Up-to-date symlink: /home/uocav/ros-workspace/install/mini_bot_description/share/mini_bot_description/local_setup.bash
[0.446s] -- Up-to-date symlink: /home/uocav/ros-workspace/install/mini_bot_description/share/mini_bot_description/local_setup.sh
[0.446s] -- Up-to-date symlink: /home/uocav/ros-workspace/install/mini_bot_description/share/mini_bot_description/local_setup.zsh
[0.446s] -- Up-to-date symlink: /home/uocav/ros-workspace/install/mini_bot_description/share/mini_bot_description/local_setup.dsv
[0.447s] -- Symlinking: /home/uocav/ros-workspace/install/mini_bot_description/share/mini_bot_description/package.dsv
[0.459s] -- Up-to-date symlink: /home/uocav/ros-workspace/install/mini_bot_description/share/ament_index/resource_index/packages/mini_bot_description
[0.459s] -- Up-to-date symlink: /home/uocav/ros-workspace/install/mini_bot_description/share/mini_bot_description/cmake/mini_bot_descriptionConfig.cmake
[0.460s] -- Up-to-date symlink: /home/uocav/ros-workspace/install/mini_bot_description/share/mini_bot_description/cmake/mini_bot_descriptionConfig-version.cmake
[0.460s] -- Up-to-date symlink: /home/uocav/ros-workspace/install/mini_bot_description/share/mini_bot_description/package.xml
[0.464s] Invoked command in '/home/uocav/ros-workspace/build/mini_bot_description' returned '0': CMAKE_PREFIX_PATH=${CMAKE_PREFIX_PATH}:/home/uocav/ros-workspace/install/urdf_tutorial_r2d2:/opt/ros/foxy /usr/bin/cmake --install /home/uocav/ros-workspace/build/mini_bot_description
