[0.047s] Invoking command in '/home/uocav/ros-workspace/build/fast_lio': /usr/bin/cmake /home/uocav/ros-workspace/FAST_LIO -DCATKIN_INSTALL_INTO_PREFIX_ROOT=0 -DCMAKE_INSTALL_PREFIX=/home/uocav/ros-workspace/install/fast_lio
[0.066s] Current CPU archtecture: x86_64
[0.077s] Processer number:  6
[0.077s] core for MP: 3
[0.097s] -- Configuring incomplete, errors occurred!
[0.097s] See also "/home/uocav/ros-workspace/build/fast_lio/CMakeFiles/CMakeOutput.log".
[0.098s] CMake Error at CMakeLists.txt:45 (find_package):
[0.098s]   By not providing "Findcatkin.cmake" in CMAKE_MODULE_PATH this project has
[0.098s]   asked CMake to find a package configuration file provided by "catkin", but
[0.098s]   CMake did not find one.
[0.098s] 
[0.098s]   Could not find a package configuration file provided by "catkin" with any
[0.098s]   of the following names:
[0.098s] 
[0.098s]     catkinConfig.cmake
[0.099s]     catkin-config.cmake
[0.099s] 
[0.099s]   Add the installation prefix of "catkin" to CMAKE_PREFIX_PATH or set
[0.099s]   "catkin_DIR" to a directory containing one of the above files.  If "catkin"
[0.099s]   provides a separate development package or SDK, be sure it has been
[0.099s]   installed.
[0.099s] 
[0.099s] 
[0.110s] Invoked command in '/home/uocav/ros-workspace/build/fast_lio' returned '1': /usr/bin/cmake /home/uocav/ros-workspace/FAST_LIO -DCATKIN_INSTALL_INTO_PREFIX_ROOT=0 -DCMAKE_INSTALL_PREFIX=/home/uocav/ros-workspace/install/fast_lio
