[0.065s] Invoking command in '/home/uocav/ros-workspace/build/pointcloud_to_laserscan': CMAKE_PREFIX_PATH=${CMAKE_PREFIX_PATH}:/home/uocav/ros-workspace/install/urdf_tutorial_r2d2:/opt/ros/foxy /usr/bin/cmake --build /home/uocav/ros-workspace/build/pointcloud_to_laserscan -- -j6 -l6
[0.268s] [ 20%] Built target laserscan_to_pointcloud
[0.277s] [ 40%] Built target dummy_pointcloud_publisher
[0.286s] [ 60%] Built target laserscan_to_pointcloud_node
[0.288s] [ 80%] Built target pointcloud_to_laserscan_node
[0.293s] [100%] Built target pointcloud_to_laserscan
[0.320s] Invoked command in '/home/uocav/ros-workspace/build/pointcloud_to_laserscan' returned '0': CMAKE_PREFIX_PATH=${CMAKE_PREFIX_PATH}:/home/uocav/ros-workspace/install/urdf_tutorial_r2d2:/opt/ros/foxy /usr/bin/cmake --build /home/uocav/ros-workspace/build/pointcloud_to_laserscan -- -j6 -l6
[0.445s] Invoking command in '/home/uocav/ros-workspace/build/pointcloud_to_laserscan': CMAKE_PREFIX_PATH=${CMAKE_PREFIX_PATH}:/home/uocav/ros-workspace/install/urdf_tutorial_r2d2:/opt/ros/foxy /usr/bin/cmake --install /home/uocav/ros-workspace/build/pointcloud_to_laserscan
[0.474s] -- Install configuration: "Release"
[0.474s] -- Execute custom install script
[0.474s] -- Up-to-date symlink: /home/uocav/ros-workspace/install/pointcloud_to_laserscan/lib/pointcloud_to_laserscan/laserscan_to_pointcloud_node
[0.475s] -- Up-to-date symlink: /home/uocav/ros-workspace/install/pointcloud_to_laserscan/lib/pointcloud_to_laserscan/pointcloud_to_laserscan_node
[0.476s] -- Up-to-date symlink: /home/uocav/ros-workspace/install/pointcloud_to_laserscan/lib/liblaserscan_to_pointcloud.so
[0.476s] -- Up-to-date symlink: /home/uocav/ros-workspace/install/pointcloud_to_laserscan/lib/libpointcloud_to_laserscan.so
[0.476s] -- Up-to-date symlink: /home/uocav/ros-workspace/install/pointcloud_to_laserscan/lib/pointcloud_to_laserscan/dummy_pointcloud_publisher
[0.477s] -- Up-to-date symlink: /home/uocav/ros-workspace/install/pointcloud_to_laserscan/include/include/pointcloud_to_laserscan/laserscan_to_pointcloud_node.hpp
[0.477s] -- Up-to-date symlink: /home/uocav/ros-workspace/install/pointcloud_to_laserscan/include/include/pointcloud_to_laserscan/pointcloud_to_laserscan_node.hpp
[0.477s] -- Up-to-date symlink: /home/uocav/ros-workspace/install/pointcloud_to_laserscan/include/include/pointcloud_to_laserscan/visibility_control.h
[0.478s] -- Up-to-date symlink: /home/uocav/ros-workspace/install/pointcloud_to_laserscan/share/pointcloud_to_laserscan/launch/pcl_to_laser_launch.py
[0.478s] -- Up-to-date symlink: /home/uocav/ros-workspace/install/pointcloud_to_laserscan/share/pointcloud_to_laserscan/launch/sample_laserscan_to_pointcloud_launch.py
[0.478s] -- Up-to-date symlink: /home/uocav/ros-workspace/install/pointcloud_to_laserscan/share/pointcloud_to_laserscan/launch/sample_pointcloud_to_laserscan_launch.py
[0.479s] -- Up-to-date symlink: /home/uocav/ros-workspace/install/pointcloud_to_laserscan/share/ament_index/resource_index/package_run_dependencies/pointcloud_to_laserscan
[0.479s] -- Up-to-date symlink: /home/uocav/ros-workspace/install/pointcloud_to_laserscan/share/ament_index/resource_index/parent_prefix_path/pointcloud_to_laserscan
[0.479s] -- Up-to-date symlink: /home/uocav/ros-workspace/install/pointcloud_to_laserscan/share/pointcloud_to_laserscan/environment/ament_prefix_path.sh
[0.480s] -- Up-to-date symlink: /home/uocav/ros-workspace/install/pointcloud_to_laserscan/share/pointcloud_to_laserscan/environment/ament_prefix_path.dsv
[0.480s] -- Up-to-date symlink: /home/uocav/ros-workspace/install/pointcloud_to_laserscan/share/pointcloud_to_laserscan/environment/path.sh
[0.480s] -- Up-to-date symlink: /home/uocav/ros-workspace/install/pointcloud_to_laserscan/share/pointcloud_to_laserscan/environment/path.dsv
[0.481s] -- Up-to-date symlink: /home/uocav/ros-workspace/install/pointcloud_to_laserscan/share/pointcloud_to_laserscan/local_setup.bash
[0.481s] -- Up-to-date symlink: /home/uocav/ros-workspace/install/pointcloud_to_laserscan/share/pointcloud_to_laserscan/local_setup.sh
[0.481s] -- Up-to-date symlink: /home/uocav/ros-workspace/install/pointcloud_to_laserscan/share/pointcloud_to_laserscan/local_setup.zsh
[0.482s] -- Up-to-date symlink: /home/uocav/ros-workspace/install/pointcloud_to_laserscan/share/pointcloud_to_laserscan/local_setup.dsv
[0.482s] -- Symlinking: /home/uocav/ros-workspace/install/pointcloud_to_laserscan/share/pointcloud_to_laserscan/package.dsv
[0.503s] -- Up-to-date symlink: /home/uocav/ros-workspace/install/pointcloud_to_laserscan/share/ament_index/resource_index/packages/pointcloud_to_laserscan
[0.503s] -- Up-to-date symlink: /home/uocav/ros-workspace/install/pointcloud_to_laserscan/share/ament_index/resource_index/rclcpp_components/pointcloud_to_laserscan
[0.503s] -- Up-to-date symlink: /home/uocav/ros-workspace/install/pointcloud_to_laserscan/share/pointcloud_to_laserscan/cmake/pointcloud_to_laserscanConfig.cmake
[0.503s] -- Up-to-date symlink: /home/uocav/ros-workspace/install/pointcloud_to_laserscan/share/pointcloud_to_laserscan/cmake/pointcloud_to_laserscanConfig-version.cmake
[0.504s] -- Up-to-date symlink: /home/uocav/ros-workspace/install/pointcloud_to_laserscan/share/pointcloud_to_laserscan/package.xml
[0.530s] Invoked command in '/home/uocav/ros-workspace/build/pointcloud_to_laserscan' returned '0': CMAKE_PREFIX_PATH=${CMAKE_PREFIX_PATH}:/home/uocav/ros-workspace/install/urdf_tutorial_r2d2:/opt/ros/foxy /usr/bin/cmake --install /home/uocav/ros-workspace/build/pointcloud_to_laserscan
