[0.254s] Invoking command in '/home/jetson/ros-workspace/build/ros2_esp32': CMAKE_PREFIX_PATH=/opt/ros/foxy /usr/bin/cmake /home/jetson/ros-workspace/src/ros2_esp32 -DCMAKE_INSTALL_PREFIX=/home/jetson/ros-workspace/install/ros2_esp32
[0.899s] -- The C compiler identification is GNU 9.4.0
[1.457s] -- The CXX compiler identification is GNU 9.4.0
[1.461s] -- Check for working C compiler: /usr/bin/cc
[1.903s] -- Check for working C compiler: /usr/bin/cc -- works
[1.908s] -- Detecting C compiler ABI info
[2.365s] -- Detecting C compiler ABI info - done
[2.437s] -- Detecting C compile features
[2.439s] -- Detecting C compile features - done
[2.456s] -- Check for working CXX compiler: /usr/bin/c++
[2.946s] -- Check for working CXX compiler: /usr/bin/c++ -- works
[2.953s] -- Detecting CXX compiler ABI info
[3.450s] -- Detecting CXX compiler ABI info - done
[3.516s] -- Detecting CXX compile features
[3.521s] -- Detecting CXX compile features - done
[3.532s] -- Found ament_cmake: 0.9.12 (/opt/ros/foxy/share/ament_cmake/cmake)
[3.653s] -- Found PythonInterp: /usr/bin/python3 (found suitable version "3.8.10", minimum required is "3") 
[3.654s] -- Using PYTHON_EXECUTABLE: /usr/bin/python3
[4.672s] -- Found rclcpp: 2.4.3 (/opt/ros/foxy/share/rclcpp/cmake)
[4.898s] -- Using all available rosidl_typesupport_c: rosidl_typesupport_fastrtps_c;rosidl_typesupport_introspection_c
[4.930s] -- Found rosidl_adapter: 1.3.1 (/opt/ros/foxy/share/rosidl_adapter/cmake)
[5.425s] -- Found OpenSSL: /usr/lib/aarch64-linux-gnu/libcrypto.so (found version "1.1.1f")  
[5.565s] -- Found FastRTPS: /opt/ros/foxy/include  
[5.953s] -- Using all available rosidl_typesupport_cpp: rosidl_typesupport_fastrtps_cpp;rosidl_typesupport_introspection_cpp
[6.243s] -- Found rmw_implementation_cmake: 1.0.4 (/opt/ros/foxy/share/rmw_implementation_cmake/cmake)
[6.250s] -- Using RMW implementation 'rmw_fastrtps_cpp' as default
[6.255s] -- Looking for pthread.h
[6.733s] -- Looking for pthread.h - found
[6.734s] -- Performing Test CMAKE_HAVE_LIBC_PTHREAD
[7.215s] -- Performing Test CMAKE_HAVE_LIBC_PTHREAD - Failed
[7.219s] -- Looking for pthread_create in pthreads
[7.631s] -- Looking for pthread_create in pthreads - not found
[7.632s] -- Looking for pthread_create in pthread
[8.097s] -- Looking for pthread_create in pthread - found
[8.104s] -- Found Threads: TRUE  
[9.198s] -- Configuring done
[9.264s] -- Generating done
[9.272s] -- Build files have been written to: /home/jetson/ros-workspace/build/ros2_esp32
